-39539626
-39539626
-39539626
-39539626
-39539626
-39539626
-39539626
-39539626
-39539626
-39539626
-39539626
-39539626
-39539626
-39539626
-39539626
-39539626
-39539626
-39539626
-39539626
-39539626
-39539626
-39539626
-39539626
-39539626
-39539626
:1154372516_1
:1154372516_9
-5445204#2
-5445204#2
-5445204#2
-5445204#2
-5445204#2
-5445204#2
-5445204#2
-5445204#2
-5445204#2
:252726232_7
:252726232_7
-5445204#1
-5445204#1
-5445204#1
-5445204#1
-5445204#1
-5445204#1
-5445204#1
-5445204#1
:cluster_1291385694_36814051_6
113939244#2
113939244#2
113939244#2
113939244#2
113939244#2
113939244#2
113939244#2
113939244#2
113939244#2
113939244#2
:335145965_2
:335145965_2
:335145965_2
:335145965_2
-126606716
-126606716
-126606716
-126606716
-126606716
-126606716
-126606716
-126606716
-126606716
-126606716
-126606716
-126606716
-126606716
-126606716
-126606716
-126606716
-126606716
-126606716
-126606716
-126606716
-126606716
-126606716
-126606716
-126606716
-126606716
-126606716
-126606716
-126606716
-126606716
-126606716
-126606716
-126606716
-126606716
-126606716
-126606716
-126606716
-126606716
-126606716
-126606716
-126606716
-126606716
-126606716
-126606716
-126606716
-126606716
-126606716
-126606716
-126606716
-126606716
-126606716
-126606716
-126606716
-126606716
-126606716
-126606716
-126606716
-126606716
-126606716
-126606716
-126606716
-126606716
-126606716
-126606716
-39539626
-39539626
-39539626
-39539626
-39539626
-39539626
-39539626
-39539626
-39539626
-39539626
-39539626
:1154372516_1
-5445204#2
-5445204#2
-5445204#2
-5445204#2
:252726232_7
-5445204#1
-5445204#1
-5445204#1
-5445204#1
:cluster_1291385694_36814051_6
113939244#2
113939244#2
113939244#2
113939244#2
113939244#2
:335145965_2
-126606716
-126606716
-126606716
-126606716
-126606716
-126606716
-126606716
-126606716
-126606716
-126606716
-126606716
-126606716
-126606716
-126606716
-126606716
-126606716
-126606716
-126606716
-126606716
-126606716
-126606716
-126606716
-126606716
:411797709_0
