489,1
489,1
489,2
489,3
489,4
489,5
489,6
489,7
489,8
489,9
489,10
489,11
489,12
489,13
489,14
489,15
489,16
:97_3,17
:97_3,18
-484,19
-484,20
-484,21
-484,22
-484,23
-484,24
-484,25
-484,26
-484,27
-484,28
-484,29
-484,30
-484,31
-484,32
-484,33
-484,34
-484,35
-484,36
-484,37
-484,38
-484,39
-484,40
-484,41
-484,42
-484,43
-484,44
-484,45
-484,46
-484,47
-484,48
-484,49
-484,50
-484,51
-484,52
-484,53
-484,54
-484,55
-484,56
-484,57
-484,58
-484,59
-484,60
-484,61
-484,62
-484,63
-484,64
-484,65
-484,66
-484,67
-484,68
-484,69
-484,70
-484,71
-484,72
-484,73
-484,74
-484,75
-484,76
-484,77
-484,78
-484,79
-484,80
-484,81
-484,82
-484,83
-484,84
-484,85
-484,86
-484,87
-484,88
-484,89
-484,90
-484,91
-484,92
-484,93
-484,94
-484,95
-484,96
-484,97
-484,98
-484,99
-484,100
-484,101
-484,102
-484,103
-484,104
-484,105
-484,106
-484,107
-484,108
-484,109
-484,110
-484,111
-484,112
-484,113
-484,114
-484,115
-484,116
-484,117
-484,118
-484,119
-484,120
-484,121
-484,122
-484,123
-484,124
-484,125
-484,126
-484,127
-484,128
-484,129
-484,130
:388_7,131
:388_7,132
:388_7,133
-455,134
-455,135
-455,136
-455,137
-455,138
-455,139
-455,140
-455,141
-455,142
-455,143
-455,144
-455,145
-455,146
-455,147
-455,148
-455,149
-455,150
-455,151
-455,152
-455,153
-455,154
-455,155
-455,156
-455,157
-455,158
-455,159
-455,160
-455,161
-455,162
-455,163
-455,164
-455,165
-455,166
-455,167
-455,168
-455,169
-455,170
-455,171
-455,172
-455,173
-455,174
-455,175
-455,176
-455,177
-455,178
-455,179
-455,180
-455,181
-455,182
-455,183
-455,184
-455,185
-455,186
-455,187
-455,188
-455,189
-455,190
-455,191
-455,192
-455,193
-455,194
-455,195
-455,196
-455,197
-455,198
-455,199
-455,200
-455,201
-455,202
-455,203
-455,204
-455,205
-455,206
-455,207
-455,208
-455,209
-455,210
-455,211
-455,212
-455,213
-455,214
-455,215
-455,216
-455,217
-455,218
-455,219
-455,220
-455,221
-455,222
-455,223
-455,224
-455,225
-455,226
-455,227
-455,228
-455,229
-455,230
-455,231
-455,232
-455,233
-455,234
-455,235
-455,236
-455,237
-455,238
-455,239
-455,240
-455,241
-455,242
-455,243
-455,244
-455,245
-455,246
-455,247
-455,248
-455,249
-455,250
-455,251
-455,252
-455,253
-455,254
-455,255
-455,256
-455,257
-455,258
-455,259
-455,260
-455,261
-455,262
-455,263
-455,264
-455,265
-455,266
-455,267
-455,268
-455,269
-455,270
-455,271
-455,272
-455,273
-455,274
-455,275
-455,276
-455,277
-455,278
-455,279
-455,280
-455,281
-455,282
-455,283
-455,284
-455,285
-455,286
-455,287
-455,288
-455,289
-455,290
-455,291
-455,292
-455,293
-455,294
-455,295
-455,296
-455,297
-455,298
:337_7,299
:337_10,300
:337_10,301
-368,302
-368,303
-368,304
-368,305
-368,306
-368,307
-368,308
-368,309
-368,310
-368,311
-368,312
-368,313
-368,314
-368,315
-368,316
-368,317
-368,318
-368,319
-368,320
-368,321
-368,322
-368,323
-368,324
-368,325
-368,326
-368,327
-368,328
-368,329
-368,330
-368,331
-368,332
-368,333
-368,334
-368,335
-368,336
-368,337
-368,338
-368,339
-368,340
-368,341
-368,342
-368,343
-368,344
-368,345
-368,346
-368,347
-368,348
-368,349
-368,350
-368,351
-368,352
-368,353
-368,354
-368,355
-368,356
-368,357
-368,358
-368,359
-368,360
-368,361
-368,362
-368,363
-368,364
-368,365
-368,366
-368,367
-368,368
-368,369
-368,370
-368,371
-368,372
-368,373
-368,374
-368,375
-368,376
-368,377
-368,378
-368,379
-368,380
-368,381
-368,382
-368,383
-368,384
-368,385
-368,386
-368,387
-368,388
-368,389
-368,390
-368,391
-368,392
-368,393
-368,394
-368,395
-368,396
-368,397
-368,398
-368,399
-368,400
-368,401
-368,402
-368,403
-368,404
-368,405
-368,406
-368,407
-368,408
-368,409
:73_10,410
:73_10,411
:73_18,412
:73_18,413
-64,414
-64,415
-64,416
-64,417
-64,418
-64,419
-64,420
-64,421
-64,422
-64,423
-64,424
-64,425
-64,426
-64,427
-64,428
-64,429
-64,430
-64,431
-64,432
-64,433
-64,434
-64,435
-64,436
-64,437
-64,438
-64,439
-64,440
-64,441
-64,442
-64,443
-64,444
-64,445
-64,446
-64,447
-64,448
-64,449
-64,450
-64,451
-64,452
-64,453
-64,454
-64,455
-64,456
-64,457
-64,458
-64,459
-64,460
-64,461
-64,462
-64,463
-64,464
-64,465
-64,466
-64,467
-64,468
-64,469
-64,470
-64,471
-64,472
-64,473
:72_1,474
:72_1,475
:72_1,476
:72_1,477
:72_1,478
-63,479
-63,480
-63,481
-63,482
-63,483
-63,484
-63,485
-63,486
-63,487
-63,488
-63,489
-63,490
-63,491
-63,492
-63,493
-63,494
-63,495
-63,496
-63,497
-63,498
-63,499
-63,500
-63,501
-63,502
-63,503
-63,504
-63,505
-63,506
-63,507
-63,508
-63,509
-63,510
-63,511
-63,512
-63,513
-63,514
-63,515
-63,516
-63,517
-63,518
-63,519
-63,520
-63,521
-63,522
-63,523
-63,524
-63,525
-63,526
-63,527
-63,528
-63,529
-62,530
-62,531
-62,532
-62,533
-62,534
-62,535
-62,536
-62,537
-62,538
-62,539
-62,540
-62,541
-62,542
-62,543
-62,544
-62,545
-62,546
-62,547
-62,548
-62,549
-62,550
-62,551
-62,552
-62,553
-62,554
-62,555
-62,556
-62,557
-62,558
-62,559
-62,560
-62,561
-62,562
-62,563
-62,564
-62,565
-62,566
-62,567
-62,568
-62,569
-62,570
-62,571
-62,572
-62,573
-62,574
-62,575
-62,576
-62,577
-62,578
-62,579
-62,580
-62,581
-62,582
-62,583
-62,584
-62,585
-62,586
-62,587
-62,588
-62,589
-62,590
-62,591
-62,592
-62,593
-62,594
-62,595
-62,596
-62,597
-62,598
-62,599
-62,600
-62,601
-62,602
-62,603
-62,604
-62,605
-62,606
-62,607
-62,608
-62,609
-62,610
-62,611
-61,612
-61,613
-61,614
-61,615
-61,616
-61,617
-61,618
-61,619
-61,620
-61,621
-61,622
-61,623
-61,624
-61,625
-61,626
-61,627
-61,628
-61,629
-61,630
-61,631
-61,632
-61,633
-61,634
-61,635
-61,636
-61,637
-61,638
-61,639
-61,640
-61,641
-61,642
-61,643
-61,644
-61,645
-61,646
-61,647
-61,648
-61,649
-61,650
-61,651
-61,652
-61,653
-61,654
-61,655
-61,656
-61,657
-61,658
-61,659
-61,660
-61,661
-61,662
-61,663
-61,664
-61,665
-61,666
-61,667
-61,668
-61,669
-61,670
-61,671
-61,672
-61,673
-61,674
-61,675
-61,676
-61,677
-61,678
-61,679
-61,680
-61,681
-61,682
-61,683
-61,684
-61,685
-61,686
-61,687
-61,688
-61,689
-61,690
-61,691
:69_0,692
-60,693
-60,694
-60,695
-60,696
-60,697
-60,698
-60,699
-60,700
-60,701
-60,702
-60,703
-60,704
-60,705
-60,706
-60,707
-60,708
-60,709
-60,710
-60,711
-60,712
-60,713
-60,714
-60,715
-60,716
-60,717
-60,718
-60,719
-60,720
-60,721
-60,722
-60,723
-60,724
-60,725
-60,726
-60,727
-60,728
-60,729
-60,730
-60,731
-60,732
-60,733
-60,734
-60,735
-60,736
-60,737
-60,738
-60,739
-60,740
-60,741
-60,742
-60,743
-60,744
-60,745
-60,746
-60,747
-60,748
-60,749
-60,750
-60,751
-60,752
-60,753
-60,754
-60,755
-60,756
-60,757
-60,758
-60,759
-60,760
-60,761
-60,762
489,1
489,2
489,3
489,4
489,1
489,1
