-569,1
-569,1
-569,2
-569,3
-569,4
-569,5
-569,6
-569,7
-569,8
-569,9
-569,10
-569,11
-569,12
-569,13
-569,14
-569,15
-569,16
-569,17
-569,18
-569,19
-569,20
-569,21
-569,22
-569,23
-569,24
-569,25
-569,26
-569,27
-569,28
-569,29
-569,30
-569,31
-569,32
-569,33
-569,34
-569,35
-569,36
-569,37
-569,38
-569,39
-569,40
-569,41
-569,42
-569,43
-569,44
-569,45
-569,46
-569,47
-569,48
-569,49
-569,50
-569,51
-569,52
-569,53
-569,54
-569,55
-569,56
-569,57
-569,58
-569,59
-569,60
-569,61
-569,62
-569,63
-569,64
-569,65
-569,66
-569,67
-569,68
-569,69
-569,70
-569,71
-569,72
-569,73
-569,74
-569,75
-569,76
-569,77
-569,78
-569,79
-569,80
-569,81
-569,82
-569,83
-569,84
-569,85
-569,86
-569,87
-569,88
-569,89
-569,90
-569,91
-569,92
-569,93
-569,94
-569,95
-569,96
-569,97
-569,98
-569,99
-569,100
-569,101
-569,102
-569,103
-569,104
-569,105
-569,106
-569,107
-569,108
-569,109
-569,110
-569,111
-569,112
-569,113
-569,114
-569,115
-569,116
-569,117
-569,118
-569,119
-569,120
-569,121
-569,122
-569,123
-569,124
-569,125
-569,126
-569,127
-569,128
-569,129
-569,130
-569,131
-569,132
-569,133
-569,134
-569,135
-569,136
-569,137
-569,138
-569,139
-569,140
-569,141
-569,142
-569,143
:64_3,144
:64_3,145
:64_3,146
:64_3,147
:64_3,148
:64_3,149
:64_3,150
:64_3,151
-56,152
-56,153
-56,154
-56,155
-56,156
-56,157
-56,158
-56,159
-56,160
-56,161
-56,162
-56,163
-56,164
-56,165
-56,166
-56,167
-56,168
-56,169
-56,170
-56,171
-56,172
-56,173
-56,174
-56,175
-56,176
-56,177
-56,178
-56,179
-56,180
-56,181
-56,182
-56,183
-56,184
-56,185
-56,186
-56,187
-56,188
-56,189
-56,190
-56,191
-56,192
-56,193
-56,194
-56,195
-56,196
-56,197
-56,198
-56,199
-56,200
-56,201
-56,202
-56,203
-56,204
-56,205
-56,206
-56,207
-56,208
-56,209
-56,210
-56,211
-56,212
-56,213
-56,214
-56,215
-56,216
-56,217
-56,218
-56,219
-56,220
-56,221
-56,222
-56,223
-56,224
-56,225
-56,226
-56,227
-56,228
-56,229
-56,230
-56,231
-56,232
-56,233
-56,234
-56,235
-56,236
-56,237
-56,238
-56,239
-56,240
-56,241
-56,242
-56,243
-56,244
-56,245
-56,246
-56,247
-56,248
-56,249
-56,250
-56,251
-56,252
-56,253
-56,254
-56,255
-56,256
-56,257
-56,258
-56,259
-56,260
-56,261
-56,262
-56,263
-56,264
-56,265
-56,266
-56,267
-56,268
-56,269
-56,270
-56,271
-56,272
-56,273
-56,274
-56,275
-56,276
-56,277
-56,278
-56,279
-56,280
-56,281
-56,282
-56,283
-56,284
-56,285
-56,286
-56,287
-56,288
-56,289
-56,290
-56,291
-56,292
-56,293
-56,294
-56,295
-56,296
-56,297
-56,298
-56,299
-56,300
-56,301
-56,302
-56,303
-56,304
-56,305
-56,306
-56,307
-56,308
-56,309
-56,310
-56,311
:58_12,312
:58_12,313
:58_12,314
:58_12,315
51,316
51,317
51,318
51,319
51,320
51,321
51,322
51,323
51,324
51,325
51,326
51,327
51,328
51,329
51,330
51,331
51,332
51,333
51,334
51,335
51,336
51,337
51,338
51,339
51,340
51,341
51,342
51,343
51,344
51,345
51,346
51,347
51,348
51,349
51,350
51,351
51,352
51,353
51,354
51,355
51,356
51,357
51,358
51,359
51,360
51,361
51,362
51,363
51,364
51,365
51,366
51,367
51,368
51,369
51,370
51,371
51,372
51,373
51,374
51,375
51,376
51,377
51,378
51,379
51,380
51,381
51,382
51,383
51,384
51,385
51,386
51,387
51,388
51,389
51,390
51,391
51,392
51,393
51,394
51,395
51,396
51,397
51,398
51,399
51,400
51,401
51,402
51,403
51,404
51,405
51,406
51,407
51,408
51,409
51,410
51,411
51,412
51,413
51,414
51,415
51,416
51,417
51,418
51,419
51,420
51,421
51,422
51,423
51,424
51,425
51,426
51,427
51,428
51,429
51,430
51,431
51,432
51,433
51,434
51,435
51,436
51,437
51,438
51,439
51,440
51,441
51,442
51,443
51,444
51,445
51,446
51,447
51,448
51,449
51,450
51,451
51,452
51,453
51,454
51,455
51,456
51,457
51,458
51,459
51,460
51,461
51,462
51,463
51,464
51,465
51,466
51,467
51,468
51,469
51,470
51,471
51,472
51,473
51,474
51,475
:59_7,476
:59_7,477
:59_7,478
:59_7,479
:59_7,480
:59_7,481
-304,482
-304,483
-304,484
-304,485
-304,486
-304,487
-304,488
-304,489
-304,490
-304,491
-304,492
-304,493
-304,494
-304,495
-304,496
-304,497
-304,498
-304,499
-304,500
-304,501
-304,502
-304,503
-304,504
-304,505
-304,506
-304,507
-304,508
-304,509
-304,510
-304,511
-304,512
-304,513
-304,514
-304,515
-304,516
-304,517
-304,518
-304,519
-304,520
-304,521
-304,522
-304,523
-304,524
-304,525
-304,526
-304,527
-304,528
-304,529
-304,530
-304,531
-304,532
-304,533
-304,534
-304,535
-304,536
-304,537
-304,538
-304,539
-304,540
-304,541
-304,542
-304,543
-304,544
-304,545
-304,546
-304,547
-304,548
-304,549
-304,550
-304,551
-304,552
-304,553
-304,554
-304,555
-304,556
-304,557
-304,558
-304,559
-304,560
-304,561
-304,562
-304,563
-304,564
-304,565
-304,566
-304,567
-304,568
-304,569
-304,570
-304,571
-304,572
-304,573
-304,574
-304,575
-304,576
-304,577
-304,578
-304,579
-304,580
-304,581
-304,582
:289_0,583
:289_0,584
:289_0,585
:289_0,586
:289_0,587
:289_0,588
302,589
302,590
302,591
302,592
302,593
302,594
302,595
302,596
302,597
302,598
302,599
302,600
302,601
302,602
302,603
302,604
302,605
302,606
302,607
302,608
302,609
302,610
302,611
302,612
302,613
302,614
302,615
302,616
302,617
302,618
302,619
302,620
302,621
302,622
302,623
302,624
302,625
302,626
302,627
302,628
302,629
302,630
302,631
-192,632
-192,633
-192,634
-192,635
-192,636
-192,637
-192,638
-192,639
-192,640
-192,641
-192,642
-192,643
-192,644
-192,645
-192,646
-192,647
-192,648
-192,649
-192,650
-192,651
-192,652
-192,653
-192,654
-192,655
-192,656
-192,657
-192,658
-192,659
-192,660
-192,661
-192,662
-192,663
-192,664
-192,665
-192,666
-192,667
-192,668
-192,669
-192,670
-192,671
-192,672
-192,673
-192,674
-192,675
-192,676
-192,677
-192,678
-192,679
-192,680
-192,681
-192,682
-192,683
-192,684
-192,685
-192,686
-192,687
-192,688
-192,689
-192,690
-192,691
-192,692
-192,693
-192,694
-192,695
-192,696
-192,697
-192,698
-192,699
-192,700
-192,701
-192,702
-192,703
-192,704
-192,705
-192,706
-192,707
-192,708
-192,709
-192,710
-192,711
-192,712
-192,713
-192,714
-192,715
-192,716
-192,717
-192,718
-192,719
-192,720
-192,721
-192,722
-192,723
-192,724
-192,725
-192,726
-192,727
-192,728
-192,729
-192,730
-192,731
-192,732
-192,733
-192,734
-192,735
-192,736
-192,737
-192,738
-192,739
:68_2,740
:68_2,741
:68_2,742
:68_16,743
:68_16,744
:68_16,745
189,746
189,747
189,748
189,749
189,750
189,751
189,752
189,753
189,754
189,755
189,756
189,757
189,758
189,759
189,760
189,761
189,762
189,763
189,764
189,765
189,766
189,767
189,768
189,769
189,770
189,771
189,772
189,773
189,774
189,775
189,776
189,777
189,778
189,779
189,780
189,781
189,782
189,783
189,784
189,785
189,786
189,787
189,788
189,789
189,790
189,791
189,792
189,793
189,794
189,795
189,796
189,797
189,798
189,799
189,800
189,801
189,802
189,803
189,804
189,805
189,806
189,807
189,808
189,809
189,810
189,811
189,812
189,813
189,814
189,815
189,816
189,817
189,818
189,819
189,820
189,821
189,822
189,823
189,824
189,825
189,826
189,827
189,828
189,829
189,830
189,831
189,832
189,833
189,834
189,835
189,836
189,837
189,838
189,839
189,840
189,841
189,842
189,843
189,844
189,845
189,846
189,847
-569,1
-569,2
-569,3
-569,4
-569,1
-569,1
