-408,1
-408,1
-408,2
-408,3
-408,4
-408,5
-408,6
-408,7
-408,8
-408,9
-408,10
-408,11
-408,12
-408,13
-408,14
-408,15
-408,16
-408,17
-408,18
-408,19
-408,20
-408,21
-408,22
-408,23
-408,24
-408,25
-408,26
-408,27
-408,28
-408,29
-408,30
-408,31
-408,32
-408,33
-408,34
-408,35
-408,36
-408,37
-408,38
-408,39
-408,40
-408,41
-408,42
-408,43
-408,44
-408,45
-408,46
-408,47
-408,48
-408,49
-408,50
-408,51
-408,52
-408,53
-408,54
-408,55
-408,56
-408,57
-408,58
-408,59
-408,60
-408,61
-408,62
-408,63
-408,64
-408,65
-408,66
-408,67
-408,68
-408,69
-408,70
-408,71
-408,72
-408,73
-408,74
-408,75
-408,76
-408,77
-408,78
-408,79
-408,80
-408,81
-408,82
-408,83
-408,84
-408,85
-408,86
-408,87
-408,88
-408,89
-408,90
-408,91
-408,92
-408,93
-408,94
-408,95
-408,96
-408,97
-408,98
-408,99
-408,100
-408,101
-408,102
-408,103
-408,104
-408,105
-408,106
-408,107
-408,108
-408,109
-408,110
-408,111
-408,112
-408,113
-408,114
-408,115
-408,116
-408,117
-408,118
-408,119
-408,120
-408,121
-408,122
-408,123
-408,124
-408,125
-408,126
-408,127
-408,128
-408,129
-408,130
-408,131
-408,132
-408,133
-408,134
-408,135
-408,136
-408,137
-408,138
-408,139
-408,140
-408,141
-408,142
-408,143
-408,144
-408,145
-408,146
-408,147
-408,148
-408,149
-408,150
-408,151
-408,152
-408,153
-408,154
-408,155
-408,156
-408,157
-408,158
-408,159
-408,160
-408,161
-408,162
-408,163
-408,164
-408,165
-408,166
-408,167
-408,168
-408,169
-408,170
-408,171
-408,172
:363_3,173
:363_3,174
:363_3,175
407,176
407,177
407,178
407,179
407,180
407,181
407,182
407,183
407,184
407,185
407,186
407,187
407,188
407,189
407,190
407,191
407,192
407,193
407,194
407,195
407,196
407,197
407,198
407,199
407,200
407,201
407,202
407,203
407,204
407,205
407,206
407,207
407,208
407,209
407,210
407,211
407,212
407,213
:271_6,214
:271_6,215
:271_6,216
:271_6,217
:271_6,218
-279,219
-279,220
-279,221
-279,222
-279,223
-279,224
-279,225
-279,226
-279,227
-279,228
-279,229
-279,230
-279,231
-279,232
-279,233
-279,234
-279,235
-279,236
-279,237
-279,238
-279,239
-279,240
-279,241
-279,242
-279,243
-279,244
-279,245
-279,246
-279,247
-279,248
-279,249
-279,250
-279,251
-279,252
-279,253
-279,254
-279,255
-279,256
-279,257
-279,258
-279,259
-279,260
-279,261
-279,262
-279,263
-279,264
-279,265
-279,266
-279,267
-279,268
-279,269
-279,270
-279,271
-279,272
-279,273
-279,274
-279,275
-279,276
-279,277
-279,278
-279,279
-279,280
:270_10,281
:270_10,282
:270_10,283
:270_18,284
:270_18,285
281,286
281,287
281,288
281,289
281,290
281,291
281,292
281,293
281,294
281,295
281,296
281,297
281,298
281,299
281,300
281,301
281,302
281,303
281,304
281,305
281,306
281,307
281,308
281,309
281,310
281,311
281,312
281,313
281,314
281,315
281,316
281,317
281,318
281,319
281,320
281,321
281,322
281,323
281,324
281,325
281,326
281,327
281,328
281,329
281,330
281,331
281,332
281,333
281,334
281,335
281,336
281,337
281,338
281,339
281,340
281,341
281,342
281,343
281,344
281,345
281,346
281,347
281,348
281,349
281,350
281,351
281,352
281,353
281,354
281,355
:174_0,356
:174_0,357
:174_0,358
:174_0,359
:174_0,360
-160,361
-160,362
-160,363
-160,364
-160,365
-160,366
-160,367
-160,368
-160,369
-160,370
-160,371
-160,372
-160,373
-160,374
-160,375
-160,376
-160,377
-160,378
-160,379
-160,380
-160,381
-160,382
-160,383
-160,384
-160,385
-160,386
-160,387
-160,388
-160,389
-160,390
-160,391
-160,392
-160,393
-160,394
-160,395
-160,396
-160,397
-160,398
-160,399
-160,400
-160,401
-160,402
-160,403
-160,404
-160,405
-160,406
-160,407
-160,408
-160,409
-160,410
-160,411
-160,412
-160,413
-160,414
-160,415
-160,416
-160,417
-160,418
-160,419
-160,420
-160,421
-160,422
-160,423
-160,424
-160,425
-160,426
-160,427
-160,428
-160,429
-160,430
-160,431
-160,432
-160,433
-160,434
-160,435
-160,436
-160,437
-160,438
-160,439
-160,440
-160,441
-160,442
-160,443
-160,444
-160,445
-160,446
-160,447
-160,448
-160,449
-160,450
-160,451
-160,452
-160,453
-160,454
-160,455
-160,456
-160,457
-160,458
-160,459
-160,460
-160,461
-160,462
-160,463
-160,464
-160,465
-160,466
-160,467
-160,468
-160,469
-160,470
-160,471
-160,472
-160,473
-160,474
-160,475
-160,476
-160,477
-160,478
-160,479
-160,480
-160,481
-160,482
-160,483
-160,484
-160,485
-160,486
-160,487
-160,488
-160,489
-160,490
-160,491
-160,492
-160,493
-160,494
-160,495
-160,496
-160,497
-160,498
-160,499
-160,500
-160,501
-160,502
:63_9,503
:63_9,504
:63_9,505
:63_9,506
:63_9,507
-149,508
-149,509
-149,510
-149,511
-149,512
-149,513
-149,514
-149,515
-149,516
-149,517
-149,518
-149,519
-149,520
-149,521
-149,522
-149,523
-149,524
-149,525
-149,526
-149,527
-149,528
-149,529
-149,530
-149,531
-149,532
-149,533
-149,534
-149,535
-149,536
-149,537
-149,538
-149,539
-149,540
-149,541
-149,542
-149,543
-149,544
-149,545
-149,546
-149,547
-149,548
-149,549
-149,550
-149,551
-149,552
-149,553
-149,554
-149,555
-149,556
-149,557
-149,558
-149,559
-149,560
-149,561
-149,562
-149,563
-149,564
-149,565
-149,566
-149,567
-149,568
-149,569
-149,570
-149,571
-149,572
-149,573
-149,574
-149,575
-149,576
-149,577
-149,578
-149,579
-149,580
-149,581
-149,582
-149,583
-149,584
-149,585
-149,586
-149,587
-149,588
-149,589
-149,590
-149,591
-149,592
-149,593
-149,594
-149,595
-149,596
-149,597
-149,598
-149,599
-149,600
-149,601
-149,602
-149,603
-149,604
-149,605
-149,606
-149,607
-149,608
-149,609
-149,610
-149,611
-149,612
-149,613
-149,614
-149,615
-149,616
-149,617
-149,618
-149,619
-149,620
-149,621
-149,622
-149,623
-149,624
-149,625
-149,626
-149,627
-149,628
-149,629
-149,630
-149,631
-149,632
-149,633
-149,634
-149,635
-149,636
-149,637
-149,638
-149,639
-149,640
-149,641
-149,642
-149,643
-149,644
-149,645
-149,646
-149,647
-149,648
-149,649
-149,650
:164_3,651
:164_3,652
:164_3,653
150,654
150,655
150,656
150,657
150,658
150,659
150,660
150,661
150,662
150,663
150,664
150,665
150,666
150,667
150,668
150,669
150,670
150,671
150,672
150,673
150,674
150,675
150,676
150,677
150,678
150,679
150,680
150,681
150,682
150,683
150,684
150,685
150,686
150,687
150,688
150,689
150,690
150,691
150,692
150,693
150,694
150,695
150,696
150,697
150,698
150,699
150,700
150,701
150,702
150,703
150,704
150,705
150,706
150,707
150,708
150,709
150,710
150,711
150,712
150,713
150,714
150,715
150,716
150,717
150,718
150,719
150,720
150,721
150,722
150,723
150,724
150,725
150,726
150,727
:165_3,728
:165_3,729
:165_3,730
:165_3,731
:165_3,732
-187,733
-187,734
-187,735
-187,736
-187,737
-187,738
-187,739
-187,740
-187,741
-187,742
-187,743
-187,744
-187,745
-187,746
-187,747
-187,748
-187,749
-187,750
-187,751
-187,752
-187,753
-187,754
-187,755
-187,756
-187,757
-187,758
-187,759
-187,760
-187,761
-187,762
-187,763
-187,764
-187,765
-187,766
-187,767
-187,768
-187,769
-187,770
-187,771
-187,772
-187,773
-187,774
-187,775
-187,776
-187,777
-187,778
-187,779
-187,780
-187,781
-187,782
-187,783
-187,784
-187,785
-187,786
-187,787
-187,788
-187,789
-187,790
-187,791
-187,792
-187,793
-187,794
-187,795
-187,796
-187,797
-187,798
-187,799
-187,800
-187,801
-187,802
-187,803
-187,804
-187,805
-187,806
-187,807
-187,808
-187,809
-187,810
-187,811
-187,812
-187,813
-187,814
-187,815
-187,816
-187,817
-187,818
-187,819
-187,820
-187,821
-187,822
-187,823
:161_3,824
:161_3,825
:161_3,826
:161_3,827
:161_3,828
-145,829
-145,830
-145,831
-145,832
-145,833
-145,834
-145,835
-145,836
-145,837
-145,838
-145,839
-145,840
-145,841
-145,842
-145,843
-145,844
-145,845
-145,846
-145,847
-145,848
-145,849
-145,850
-145,851
-145,852
-145,853
-145,854
-145,855
-145,856
-145,857
-145,858
-145,859
-145,860
-145,861
-145,862
-145,863
-145,864
-145,865
-145,866
-145,867
-145,868
-145,869
-145,870
-145,871
-145,872
-145,873
-145,874
-145,875
-145,876
-145,877
-145,878
-145,879
-145,880
-145,881
-145,882
-145,883
-145,884
-145,885
-145,886
-145,887
-145,888
-145,889
-145,890
-145,891
-145,892
-145,893
-145,894
:160_9,895
:160_9,896
:160_9,897
:160_9,898
:160_9,899
146,900
146,901
146,902
146,903
146,904
146,905
146,906
146,907
146,908
146,909
146,910
146,911
146,912
146,913
146,914
146,915
146,916
146,917
146,918
146,919
146,920
146,921
146,922
146,923
146,924
146,925
146,926
146,927
146,928
146,929
146,930
146,931
146,932
146,933
146,934
146,935
146,936
146,937
146,938
-625,939
-625,940
-625,941
-625,942
-625,943
-625,944
-625,945
-625,946
-625,947
-625,948
-625,949
-625,950
-625,951
-625,952
-625,953
-625,954
-625,955
-625,956
-625,957
-625,958
-625,959
-625,960
-625,961
-625,962
-625,963
-625,964
-625,965
-625,966
-408,1
-408,2
-408,3
-408,4
-408,1
-408,1
