-166,4
-166,5
-166,6
-166,7
-166,8
-166,9
-166,10
-166,11
-166,12
-166,13
-166,14
-166,15
-166,16
-166,17
-166,18
-166,19
-166,20
-166,21
-166,22
-166,23
-166,24
-166,25
-166,26
-166,27
-166,28
-166,29
-166,30
-166,31
-166,32
-166,33
-166,34
-166,35
-166,36
-166,37
-166,38
-166,39
-166,40
-166,41
-166,42
-166,43
-166,44
-166,45
-166,46
-166,47
-166,48
-166,49
-166,50
-166,51
-166,52
-166,53
-166,54
-166,55
-166,56
-166,57
-166,58
-166,59
-166,60
-166,61
-166,62
-166,63
-166,64
-166,65
-166,66
-166,67
-166,68
-166,69
-166,70
-166,71
-166,72
-166,73
-166,74
-166,75
-166,76
-166,77
-166,78
-166,79
-166,80
-166,81
-166,82
-166,83
-166,84
-166,85
-166,86
-166,87
-166,88
-166,89
-166,90
-166,91
-166,92
-166,93
-166,94
-166,95
-166,96
-166,97
-166,98
-166,99
-166,100
-166,101
-166,102
-166,103
-166,104
-166,105
-166,106
-166,107
-166,108
-166,109
-166,110
-166,111
-166,112
-166,113
-166,114
-166,115
-166,116
-166,117
-166,118
-166,119
-166,120
-166,121
-166,122
-166,123
-166,124
-166,125
-166,126
-166,127
-166,128
-166,129
-166,130
-166,131
-166,132
-166,133
-166,134
-166,135
-166,136
-166,137
-166,138
-166,139
-166,140
-166,141
-166,142
-166,143
-166,144
-166,145
-166,146
-166,147
-166,148
-166,149
-166,150
-166,151
-166,152
-166,153
-166,154
-166,155
-166,156
-166,157
-166,158
-166,159
-166,160
-166,161
-166,162
-166,163
-166,164
-166,165
-166,166
-166,167
-166,168
-166,169
-166,170
-166,171
-166,172
-166,173
-166,174
-166,175
-166,176
-166,177
-166,178
-166,179
-166,180
-166,181
-166,182
-166,183
-166,184
-166,185
-166,186
-166,187
-166,188
-166,189
:178_0,190
:178_0,191
:178_0,192
:178_0,193
164,194
164,195
164,196
164,197
164,198
164,199
164,200
164,201
164,202
164,203
164,204
164,205
164,206
164,207
164,208
164,209
164,210
164,211
164,212
164,213
164,214
164,215
164,216
164,217
164,218
164,219
164,220
164,221
164,222
164,223
164,224
164,225
164,226
164,227
164,228
164,229
164,230
164,231
164,232
164,233
164,234
164,235
164,236
164,237
164,238
164,239
164,240
164,241
164,242
164,243
164,244
164,245
164,246
164,247
164,248
164,249
164,250
164,251
164,252
164,253
164,254
164,255
164,256
164,257
164,258
164,259
164,260
164,261
164,262
164,263
164,264
164,265
164,266
164,267
164,268
164,269
164,270
164,271
164,272
164,273
164,274
164,275
164,276
164,277
164,278
164,279
164,280
164,281
164,282
164,283
164,284
164,285
164,286
164,287
164,288
164,289
164,290
164,291
164,292
164,293
164,294
164,295
164,296
164,297
164,298
164,299
164,300
164,301
164,302
164,303
164,304
164,305
164,306
164,307
164,308
164,309
164,310
164,311
164,312
164,313
164,314
164,315
164,316
164,317
164,318
164,319
164,320
164,321
164,322
164,323
164,324
164,325
164,326
164,327
164,328
164,329
164,330
164,331
164,332
164,333
164,334
164,335
164,336
164,337
164,338
164,339
164,340
164,341
164,342
164,343
164,344
164,345
164,346
164,347
164,348
164,349
164,350
164,351
164,352
164,353
164,354
164,355
164,356
164,357
164,358
164,359
164,360
164,361
164,362
164,363
164,364
164,365
164,366
164,367
164,368
164,369
164,370
164,371
164,372
164,373
164,374
164,375
164,376
164,377
164,378
164,379
164,380
164,381
164,382
164,383
164,384
164,385
164,386
164,387
164,388
164,389
164,390
164,391
164,392
164,393
164,394
164,395
164,396
164,397
164,398
164,399
164,400
164,401
164,402
:179_9,403
:179_9,404
:179_9,405
:179_9,406
:179_9,407
-646,408
-646,409
-646,410
-646,411
-646,412
-646,413
-646,414
-646,415
-646,416
-646,417
-646,418
-646,419
-646,420
-646,421
-646,422
-646,423
-646,424
-646,425
-646,426
-646,427
-646,428
-646,429
-646,430
-646,431
-646,432
-646,433
-646,434
-646,435
-646,436
-646,437
-646,438
-646,439
-646,440
-646,441
-646,442
-646,443
-646,444
-646,445
-646,446
-646,447
-646,448
-646,449
-646,450
-646,451
-646,452
-646,453
-646,454
-646,455
-646,456
-646,457
-646,458
-646,459
-646,460
-646,461
-646,462
-646,463
-646,464
-646,465
-646,466
-646,467
-646,468
-646,469
-646,470
-646,471
-646,472
-646,473
-646,474
-646,475
-646,476
-646,477
-646,478
-646,479
-646,480
-646,481
-646,482
-646,483
-646,484
-646,485
-646,486
-646,487
-646,488
-646,489
-646,490
-646,491
-646,492
-646,493
-646,494
-646,495
-646,496
-646,497
-646,498
-646,499
-646,500
-646,501
-646,502
-646,503
-646,504
-646,505
-646,506
-646,507
-646,508
-646,509
-646,510
-646,511
-646,512
-646,513
:211_3,514
:211_3,515
:211_3,516
:211_3,517
:211_3,518
-204,519
-204,520
-204,521
-204,522
-204,523
-204,524
-204,525
-204,526
-204,527
-204,528
-204,529
-204,530
-204,531
-204,532
-204,533
-204,534
-204,535
-204,536
-204,537
-204,538
-204,539
-204,540
-204,541
-204,542
-204,543
-204,544
-204,545
-204,546
-204,547
-204,548
-204,549
-204,550
-204,551
-204,552
-204,553
-204,554
-204,555
-204,556
-204,557
-204,558
-204,559
-204,560
-204,561
-204,562
-204,563
-204,564
-204,565
-204,566
-204,567
-204,568
-204,569
-204,570
-204,571
-204,572
-204,573
-204,574
-204,575
-204,576
-204,577
-204,578
-204,579
-204,580
-204,581
-204,582
-204,583
-204,584
-204,585
-204,586
-204,587
-204,588
:136_5,589
:136_5,590
:136_5,591
:136_5,592
:136_5,593
-119,594
-119,595
-119,596
-119,597
-119,598
-119,599
-119,600
-119,601
-119,602
-119,603
-119,604
-119,605
-119,606
-119,607
-119,608
-119,609
-119,610
-119,611
-119,612
-119,613
-119,614
-119,615
-119,616
-119,617
-119,618
-119,619
-119,620
-119,621
-119,622
-119,623
-119,624
-119,625
-119,626
-119,627
-119,628
-119,629
-119,630
-119,631
-119,632
-119,633
-119,634
-119,635
-119,636
-119,637
-119,638
-119,639
-119,640
-119,641
-119,642
-119,643
-119,644
-119,645
-119,646
-119,647
-119,648
-119,649
-119,650
-119,651
-119,652
-119,653
-119,654
-119,655
-119,656
-119,657
-119,658
-119,659
-119,660
-119,661
-119,662
-119,663
-119,664
-119,665
-119,666
-119,667
-119,668
-119,669
-119,670
-119,671
-119,672
-119,673
-119,674
-119,675
-119,676
-119,677
-119,678
-119,679
-119,680
-119,681
-119,682
-119,683
-119,684
-119,685
-119,686
-119,687
-119,688
-119,689
-119,690
-119,691
-119,692
-119,693
-119,694
-119,695
-119,696
-119,697
-119,698
-119,699
-119,700
-119,701
-119,702
-119,703
-119,704
-119,705
-119,706
-119,707
-119,708
-119,709
-119,710
-119,711
-119,712
-119,713
-119,714
-119,715
-119,716
-119,717
-119,718
-119,719
-119,720
-119,721
-119,722
-119,723
-119,724
-119,725
-119,726
-119,727
-119,728
-119,729
-119,730
-119,731
-119,732
-119,733
-119,734
-119,735
-119,736
-119,737
-119,738
-119,739
-119,740
-119,741
-119,742
-119,743
-119,744
-119,745
-119,746
-119,747
:47_8,748
:47_8,749
:47_8,750
-39,751
-39,752
-39,753
-39,754
-39,755
-39,756
-39,757
-39,758
-39,759
-39,760
-39,761
-39,762
-39,763
-39,764
-39,765
-39,766
-39,767
-39,768
-39,769
-39,770
-39,771
-39,772
-39,773
-39,774
-39,775
-39,776
-39,777
-39,778
-39,779
-39,780
-39,781
-39,782
-39,783
-39,784
-39,785
-39,786
-39,787
-39,788
-39,789
-39,790
-39,791
-39,792
-39,793
-39,794
-39,795
-39,796
-39,797
-39,798
-39,799
-39,800
-39,801
-39,802
-39,803
-39,804
-39,805
-39,806
-39,807
-39,808
-39,809
-39,810
-39,811
-39,812
-39,813
-39,814
-39,815
-39,816
-39,817
-39,818
-39,819
-39,820
-39,821
-39,822
-39,823
-39,824
-39,825
-39,826
-39,827
-39,828
-39,829
-39,830
-39,831
-39,832
-39,833
-39,834
-39,835
-39,836
-39,837
-39,838
-39,839
-39,840
-39,841
-39,842
-39,843
-39,844
-39,845
-39,846
-39,847
-39,848
-39,849
-39,850
-39,851
-39,852
-39,853
-39,854
-39,855
-39,856
-39,857
-39,858
-39,859
-39,860
-39,861
-39,862
-39,863
-39,864
-39,865
-39,866
-39,867
-39,868
-39,869
-39,870
-39,871
-39,872
-39,873
-39,874
-39,875
-39,876
-39,877
-39,878
-39,879
-39,880
-39,881
-39,882
-39,883
-39,884
-39,885
-39,886
-39,887
-39,888
-39,889
-39,890
-39,891
-39,892
-39,893
-39,894
-39,895
-39,896
-39,897
-39,898
-39,899
-39,900
-39,901
-39,902
-39,903
-39,904
-39,905
-39,906
-39,907
-39,908
-39,909
-39,910
-39,911
-39,912
-39,913
-39,914
-39,915
-39,916
-39,917
-39,918
-39,919
-39,920
-39,921
-39,922
-39,923
-39,924
-39,925
-39,926
-39,927
-39,928
-39,929
-39,930
-39,931
-39,932
-39,933
-39,934
:43_13,935
:43_13,936
:43_13,937
:43_13,938
:43_13,939
38,940
38,941
38,942
38,943
38,944
38,945
38,946
38,947
38,948
38,949
38,950
38,951
38,952
38,953
38,954
38,955
38,956
38,957
38,958
38,959
38,960
38,961
38,962
38,963
38,964
38,965
-166,4
