79,1
79,1
79,2
79,3
79,4
79,5
79,6
79,7
79,8
79,9
79,10
79,11
79,12
79,13
79,14
79,15
79,16
79,17
79,18
79,19
79,20
79,21
79,22
79,23
79,24
79,25
79,26
79,27
79,28
79,29
79,30
79,31
79,32
79,33
79,34
79,35
79,36
79,37
79,38
79,39
79,40
79,41
79,42
79,43
79,44
79,45
79,46
79,47
79,48
79,49
79,50
79,51
79,52
79,53
79,54
79,55
79,56
79,57
79,58
79,59
79,60
79,61
79,62
79,63
79,64
79,65
79,66
79,67
79,68
79,69
79,70
79,71
79,72
79,73
79,74
79,75
79,76
79,77
79,78
79,79
79,80
79,81
79,82
79,83
79,84
79,85
79,86
79,87
79,88
79,89
79,90
79,91
79,92
79,93
79,94
79,95
79,96
79,97
79,98
79,99
79,100
79,101
79,102
79,103
:92_3,104
:92_3,105
:92_3,106
:92_3,107
:92_3,108
:92_3,109
-571,110
-571,111
-571,112
-571,113
-571,114
-571,115
-571,116
-571,117
-571,118
-571,119
-571,120
-571,121
-571,122
-571,123
-571,124
-571,125
-571,126
-571,127
-571,128
-571,129
-571,130
-571,131
-571,132
-571,133
-571,134
-571,135
-571,136
-571,137
-571,138
-571,139
-571,140
-571,141
-571,142
-571,143
-571,144
-571,145
-571,146
-571,147
-571,148
-571,149
-571,150
-571,151
-571,152
-571,153
-571,154
-571,155
-571,156
-571,157
-571,158
-571,159
-571,160
-571,161
-571,162
-571,163
-571,164
-571,165
-571,166
-571,167
-571,168
-571,169
-571,170
-571,171
-571,172
-571,173
-571,174
-571,175
-571,176
-571,177
-571,178
-571,179
-571,180
-571,181
-571,182
-571,183
-571,184
-571,185
-571,186
-571,187
-571,188
-571,189
-571,190
-571,191
-571,192
-571,193
-571,194
-571,195
-571,196
-571,197
-571,198
-571,199
-571,200
-571,201
-571,202
-571,203
-571,204
-571,205
-571,206
-571,207
-571,208
-571,209
-571,210
-571,211
-571,212
-571,213
-571,214
-571,215
-571,216
-571,217
-571,218
-571,219
-571,220
-571,221
-571,222
-571,223
-571,224
-571,225
-571,226
-571,227
-571,228
-571,229
-571,230
-571,231
-571,232
-571,233
-571,234
-571,235
-571,236
-571,237
-571,238
-571,239
-571,240
-571,241
-571,242
-571,243
-571,244
-571,245
-571,246
-571,247
-571,248
-571,249
-571,250
-571,251
-571,252
-571,253
-571,254
-571,255
-571,256
-571,257
-571,258
-571,259
-571,260
-571,261
-571,262
-571,263
-571,264
-571,265
-571,266
-571,267
-571,268
-571,269
-571,270
-571,271
-571,272
-571,273
-571,274
-571,275
-571,276
-571,277
-571,278
-571,279
-571,280
-571,281
-571,282
-571,283
-571,284
-571,285
-571,286
-571,287
-571,288
-571,289
-571,290
-571,291
-571,292
-571,293
-571,294
-571,295
-571,296
-571,297
-571,298
-571,299
-571,300
-571,301
-571,302
-571,303
-571,304
-571,305
-571,306
-571,307
-571,308
-571,309
-571,310
-571,311
:99_7,312
:99_7,313
:99_7,314
:99_7,315
-570,316
-570,317
-570,318
-570,319
-570,320
-570,321
-570,322
-570,323
-570,324
-570,325
-570,326
-570,327
-570,328
-570,329
-570,330
-570,331
-570,332
-570,333
-570,334
-570,335
-570,336
-570,337
-570,338
-570,339
-570,340
-570,341
-570,342
-570,343
-570,344
-570,345
-570,346
-570,347
-570,348
-570,349
-570,350
-570,351
-570,352
-570,353
-570,354
-570,355
-570,356
-570,357
-570,358
-570,359
-570,360
-570,361
-570,362
-570,363
-570,364
-570,365
-570,366
-570,367
-570,368
-570,369
-570,370
-570,371
-570,372
-570,373
-570,374
-570,375
-570,376
-570,377
-570,378
-570,379
-570,380
-570,381
-570,382
-570,383
-570,384
-570,385
-570,386
-570,387
-570,388
-570,389
-570,390
-570,391
-570,392
-570,393
-570,394
-570,395
-570,396
-570,397
-570,398
-570,399
-570,400
-570,401
-570,402
-570,403
-570,404
-570,405
-570,406
-570,407
-570,408
-570,409
-570,410
-570,411
-570,412
-570,413
-570,414
-570,415
-570,416
-570,417
-570,418
-570,419
-570,420
-570,421
-570,422
-570,423
-570,424
-570,425
-570,426
-570,427
-570,428
-570,429
-570,430
-570,431
-570,432
-570,433
-570,434
-570,435
-570,436
-570,437
-570,438
-570,439
-570,440
-570,441
-570,442
-570,443
-570,444
-570,445
-570,446
-570,447
-570,448
-570,449
-570,450
-570,451
-570,452
-570,453
-570,454
-570,455
-570,456
-570,457
-570,458
-570,459
-570,460
-570,461
-570,462
-570,463
-570,464
-570,465
-570,466
-570,467
-570,468
-570,469
-570,470
-570,471
-570,472
-570,473
-570,474
-570,475
-570,476
-570,477
:151_6,478
:151_6,479
:151_6,480
:151_6,481
137,482
137,483
137,484
137,485
137,486
137,487
137,488
137,489
137,490
137,491
137,492
137,493
137,494
137,495
137,496
137,497
137,498
137,499
137,500
137,501
137,502
137,503
137,504
137,505
137,506
137,507
137,508
137,509
137,510
137,511
137,512
137,513
137,514
137,515
137,516
137,517
137,518
137,519
137,520
137,521
137,522
137,523
137,524
137,525
137,526
137,527
137,528
137,529
137,530
137,531
137,532
137,533
137,534
137,535
137,536
137,537
137,538
137,539
137,540
137,541
137,542
137,543
137,544
137,545
137,546
137,547
137,548
137,549
137,550
137,551
137,552
137,553
137,554
137,555
137,556
137,557
137,558
137,559
137,560
137,561
137,562
137,563
137,564
137,565
137,566
137,567
137,568
137,569
137,570
137,571
137,572
137,573
137,574
137,575
137,576
137,577
137,578
137,579
137,580
137,581
137,582
137,583
137,584
137,585
137,586
137,587
137,588
137,589
137,590
137,591
137,592
137,593
137,594
137,595
137,596
137,597
137,598
137,599
:152_14,600
:152_14,601
:152_18,602
:152_18,603
:152_18,604
:152_18,605
442,606
442,607
442,608
442,609
442,610
442,611
442,612
442,613
442,614
442,615
442,616
442,617
442,618
442,619
442,620
442,621
442,622
442,623
442,624
442,625
442,626
442,627
442,628
442,629
442,630
442,631
442,632
442,633
442,634
442,635
442,636
442,637
442,638
442,639
442,640
442,641
442,642
442,643
442,644
442,645
442,646
442,647
442,648
442,649
442,650
442,651
442,652
442,653
442,654
442,655
442,656
442,657
442,658
442,659
442,660
442,661
442,662
442,663
442,664
442,665
442,666
442,667
442,668
442,669
442,670
442,671
442,672
442,673
442,674
442,675
442,676
442,677
442,678
442,679
442,680
442,681
442,682
442,683
442,684
442,685
442,686
442,687
442,688
442,689
442,690
442,691
442,692
442,693
442,694
442,695
442,696
442,697
442,698
442,699
442,700
442,701
:361_6,702
:361_6,703
:361_6,704
478,705
478,706
478,707
478,708
478,709
478,710
478,711
478,712
478,713
478,714
478,715
478,716
478,717
478,718
478,719
478,720
478,721
478,722
478,723
478,724
478,725
478,726
478,727
478,728
478,729
478,730
478,731
478,732
478,733
478,734
478,735
478,736
478,737
478,738
478,739
478,740
478,741
478,742
478,743
478,744
478,745
478,746
478,747
478,748
478,749
478,750
478,751
478,752
478,753
478,754
478,755
478,756
478,757
478,758
478,759
478,760
478,761
478,762
478,763
478,764
478,765
478,766
478,767
478,768
478,769
478,770
478,771
478,772
478,773
478,774
478,775
478,776
478,777
478,778
478,779
478,780
478,781
478,782
478,783
478,784
478,785
478,786
478,787
478,788
478,789
478,790
478,791
478,792
478,793
478,794
478,795
478,796
478,797
478,798
478,799
478,800
478,801
478,802
478,803
478,804
478,805
478,806
478,807
478,808
478,809
478,810
478,811
478,812
:405_1,813
-561,814
-561,815
-561,816
-561,817
-561,818
-561,819
-561,820
-561,821
-561,822
-561,823
-561,824
-561,825
-561,826
-561,827
-561,828
-561,829
-561,830
-561,831
-561,832
-561,833
-561,834
-561,835
-561,836
-561,837
-561,838
-561,839
-561,840
-561,841
-561,842
-561,843
-561,844
-561,845
-561,846
-561,847
-561,848
-561,849
-561,850
-561,851
-561,852
-561,853
-561,854
-561,855
-561,856
-561,857
:200_2,858
:200_2,859
:200_2,860
:200_2,861
:200_2,862
-190,863
-190,864
-190,865
-190,866
-190,867
-190,868
-190,869
-190,870
-190,871
-190,872
-190,873
-190,874
-190,875
-190,876
-190,877
-190,878
-190,879
-190,880
-190,881
-190,882
-190,883
-190,884
-190,885
-190,886
-190,887
-190,888
-190,889
-190,890
-190,891
-190,892
-190,893
-190,894
-190,895
-190,896
-190,897
-190,898
-190,899
-190,900
-190,901
-190,902
-190,903
-190,904
-190,905
-190,906
-190,907
-190,908
-190,909
-190,910
-190,911
-190,912
-190,913
-190,914
-190,915
-190,916
-190,917
-190,918
-190,919
-190,920
-190,921
-190,922
-190,923
-190,924
-190,925
-190,926
-190,927
-190,928
-190,929
:68_14,930
:68_14,931
:68_14,932
:68_14,933
:68_14,934
192,935
192,936
192,937
192,938
192,939
192,940
192,941
192,942
192,943
192,944
192,945
192,946
192,947
192,948
192,949
192,950
192,951
192,952
192,953
192,954
192,955
192,956
192,957
192,958
192,959
192,960
192,961
192,962
192,963
192,964
192,965
192,966
79,1
79,2
79,3
79,4
79,1
79,1
