498,1
498,1
498,2
498,3
498,4
498,5
498,6
498,7
498,8
498,9
498,10
498,11
498,12
498,13
498,14
498,15
498,16
498,17
498,18
498,19
498,20
498,21
498,22
498,23
498,24
498,25
498,26
498,27
498,28
498,29
498,30
498,31
498,32
498,33
498,34
498,35
498,36
498,37
498,38
498,39
498,40
498,41
498,42
498,43
498,44
498,45
498,46
498,47
498,48
498,49
498,50
498,51
498,52
498,53
498,54
498,55
498,56
498,57
498,58
498,59
498,60
498,61
498,62
498,63
498,64
498,65
498,66
498,67
498,68
498,69
498,70
498,71
498,72
498,73
498,74
498,75
498,76
498,77
498,78
498,79
498,80
498,81
498,82
498,83
498,84
498,85
498,86
:171_0,87
:171_0,88
:171_0,89
155,90
155,91
155,92
155,93
155,94
155,95
155,96
155,97
155,98
155,99
155,100
155,101
155,102
155,103
155,104
155,105
155,106
155,107
155,108
155,109
155,110
155,111
155,112
155,113
155,114
155,115
155,116
155,117
155,118
155,119
155,120
155,121
155,122
155,123
155,124
155,125
155,126
155,127
155,128
155,129
155,130
155,131
155,132
155,133
155,134
155,135
155,136
155,137
155,138
155,139
155,140
155,141
155,142
155,143
155,144
155,145
155,146
155,147
155,148
155,149
155,150
155,151
155,152
155,153
155,154
155,155
155,156
155,157
155,158
155,159
155,160
155,161
155,162
155,163
155,164
155,165
155,166
155,167
155,168
155,169
155,170
155,171
155,172
155,173
155,174
155,175
155,176
155,177
155,178
155,179
155,180
155,181
155,182
155,183
155,184
155,185
:46_8,186
:46_8,187
:46_8,188
:46_8,189
:46_8,190
157,191
157,192
157,193
157,194
157,195
157,196
157,197
157,198
157,199
157,200
157,201
157,202
157,203
157,204
157,205
157,206
157,207
157,208
157,209
157,210
157,211
157,212
157,213
157,214
157,215
157,216
157,217
157,218
157,219
157,220
157,221
157,222
157,223
157,224
157,225
157,226
157,227
157,228
157,229
157,230
157,231
157,232
157,233
157,234
157,235
157,236
157,237
157,238
157,239
157,240
157,241
157,242
157,243
157,244
157,245
157,246
157,247
157,248
157,249
157,250
157,251
157,252
157,253
157,254
157,255
157,256
157,257
157,258
157,259
157,260
157,261
157,262
157,263
157,264
157,265
157,266
157,267
157,268
157,269
157,270
157,271
157,272
157,273
157,274
157,275
:173_7,276
:173_7,277
:173_7,278
:173_7,279
:173_7,280
-162,281
-162,282
-162,283
-162,284
-162,285
-162,286
-162,287
-162,288
-162,289
-162,290
-162,291
-162,292
-162,293
-162,294
-162,295
-162,296
-162,297
-162,298
-162,299
-162,300
-162,301
-162,302
-162,303
-162,304
-162,305
-162,306
-162,307
-162,308
-162,309
-162,310
-162,311
-162,312
-162,313
-162,314
-162,315
-162,316
-162,317
-162,318
-162,319
-162,320
-162,321
-162,322
-162,323
-162,324
-162,325
-162,326
-162,327
-162,328
-162,329
-162,330
-162,331
-162,332
-162,333
-162,334
-162,335
-162,336
-162,337
-162,338
-162,339
-162,340
-162,341
-162,342
-162,343
-162,344
-162,345
-162,346
-162,347
-162,348
-162,349
-162,350
-162,351
-162,352
-162,353
-162,354
-162,355
-162,356
-162,357
-162,358
-162,359
-162,360
-162,361
-162,362
-162,363
-162,364
-162,365
-162,366
-162,367
-162,368
-162,369
-162,370
-162,371
-162,372
-162,373
-162,374
-162,375
-162,376
-162,377
-162,378
-162,379
-162,380
-162,381
-162,382
-162,383
-162,384
-162,385
-162,386
-162,387
-162,388
-162,389
-162,390
-162,391
-162,392
-162,393
-162,394
-162,395
-162,396
-162,397
:175_6,398
:175_6,399
:175_6,400
:175_6,401
:175_6,402
163,403
163,404
163,405
163,406
163,407
163,408
163,409
163,410
163,411
163,412
163,413
163,414
163,415
163,416
163,417
163,418
163,419
163,420
163,421
163,422
163,423
163,424
163,425
163,426
163,427
163,428
163,429
163,430
163,431
163,432
163,433
163,434
163,435
163,436
163,437
163,438
163,439
163,440
163,441
163,442
163,443
163,444
163,445
163,446
163,447
163,448
163,449
163,450
163,451
163,452
163,453
163,454
163,455
163,456
163,457
163,458
163,459
163,460
163,461
163,462
163,463
163,464
163,465
163,466
163,467
163,468
163,469
163,470
163,471
163,472
163,473
163,474
163,475
163,476
163,477
163,478
163,479
163,480
163,481
163,482
163,483
163,484
163,485
163,486
163,487
163,488
498,1
498,2
498,3
498,4
498,1
498,1
