127,1
127,1
127,2
127,3
127,4
127,5
127,6
127,7
127,8
127,9
127,10
127,11
127,12
127,13
127,14
127,15
127,16
127,17
127,18
127,19
127,20
127,21
127,22
127,23
127,24
127,25
127,26
127,27
127,28
127,29
127,30
127,31
127,32
127,33
127,34
127,35
127,36
127,37
127,38
127,39
127,40
127,41
127,42
127,43
127,44
127,45
127,46
127,47
127,48
127,49
127,50
127,51
127,52
127,53
127,54
127,55
127,56
127,57
127,58
127,59
127,60
127,61
127,62
127,63
127,64
127,65
127,66
127,67
127,68
127,69
127,70
127,71
127,72
127,73
127,74
127,75
127,76
127,77
127,78
127,79
127,80
127,81
127,82
127,83
127,84
127,85
127,86
127,87
127,88
127,89
127,90
127,91
127,92
127,93
127,94
127,95
127,96
127,97
127,98
127,99
127,100
127,101
127,102
127,103
127,104
127,105
127,106
127,107
127,108
127,109
127,110
127,111
127,112
127,113
127,114
127,115
127,116
127,117
127,118
127,119
127,120
127,121
127,122
127,123
127,124
127,125
127,126
127,127
127,128
127,129
127,130
127,131
127,132
127,133
127,134
127,135
127,136
127,137
:143_1,138
:143_1,139
:143_1,140
:143_1,141
:143_1,142
:143_1,143
-166,144
-166,145
-166,146
-166,147
-166,148
-166,149
-166,150
-166,151
-166,152
-166,153
-166,154
-166,155
-166,156
-166,157
-166,158
-166,159
-166,160
-166,161
-166,162
-166,163
-166,164
-166,165
-166,166
-166,167
-166,168
-166,169
-166,170
-166,171
-166,172
-166,173
-166,174
-166,175
-166,176
-166,177
-166,178
-166,179
-166,180
-166,181
-166,182
-166,183
-166,184
-166,185
-166,186
-166,187
-166,188
-166,189
-166,190
-166,191
-166,192
-166,193
-166,194
-166,195
-166,196
-166,197
-166,198
-166,199
-166,200
-166,201
-166,202
-166,203
-166,204
-166,205
-166,206
-166,207
-166,208
-166,209
-166,210
-166,211
-166,212
-166,213
-166,214
-166,215
-166,216
-166,217
-166,218
-166,219
-166,220
-166,221
-166,222
-166,223
-166,224
-166,225
-166,226
-166,227
-166,228
-166,229
-166,230
-166,231
-166,232
-166,233
-166,234
-166,235
-166,236
-166,237
-166,238
-166,239
-166,240
-166,241
-166,242
-166,243
-166,244
-166,245
-166,246
-166,247
-166,248
-166,249
-166,250
-166,251
-166,252
-166,253
-166,254
-166,255
-166,256
-166,257
-166,258
-166,259
-166,260
-166,261
-166,262
-166,263
-166,264
-166,265
-166,266
-166,267
-166,268
-166,269
-166,270
-166,271
-166,272
-166,273
-166,274
-166,275
-166,276
-166,277
-166,278
-166,279
-166,280
-166,281
-166,282
-166,283
-166,284
-166,285
-166,286
-166,287
-166,288
-166,289
-166,290
-166,291
-166,292
-166,293
-166,294
-166,295
-166,296
-166,297
-166,298
-166,299
-166,300
-166,301
-166,302
-166,303
-166,304
-166,305
-166,306
-166,307
-166,308
-166,309
-166,310
-166,311
-166,312
-166,313
-166,314
-166,315
-166,316
-166,317
-166,318
-166,319
-166,320
-166,321
-166,322
-166,323
-166,324
-166,325
:178_0,326
:178_0,327
:178_0,328
164,329
164,330
164,331
164,332
164,333
164,334
164,335
164,336
164,337
164,338
164,339
164,340
164,341
164,342
164,343
164,344
164,345
164,346
164,347
164,348
164,349
164,350
164,351
164,352
164,353
164,354
164,355
164,356
164,357
164,358
164,359
164,360
164,361
164,362
164,363
164,364
164,365
164,366
164,367
164,368
164,369
164,370
164,371
164,372
164,373
164,374
164,375
164,376
164,377
164,378
164,379
164,380
164,381
164,382
164,383
164,384
164,385
164,386
164,387
164,388
164,389
164,390
164,391
164,392
164,393
164,394
164,395
164,396
164,397
164,398
164,399
164,400
164,401
164,402
164,403
164,404
164,405
164,406
164,407
164,408
164,409
164,410
164,411
164,412
164,413
164,414
164,415
164,416
164,417
164,418
164,419
164,420
164,421
164,422
164,423
164,424
164,425
164,426
164,427
164,428
164,429
164,430
164,431
164,432
164,433
164,434
164,435
164,436
164,437
164,438
164,439
164,440
164,441
164,442
164,443
164,444
164,445
164,446
164,447
164,448
164,449
164,450
164,451
164,452
164,453
164,454
164,455
164,456
164,457
164,458
164,459
164,460
164,461
164,462
164,463
164,464
164,465
164,466
164,467
164,468
164,469
164,470
164,471
164,472
164,473
164,474
164,475
164,476
164,477
164,478
164,479
164,480
164,481
164,482
164,483
164,484
164,485
164,486
164,487
164,488
164,489
164,490
164,491
164,492
164,493
164,494
164,495
164,496
164,497
164,498
164,499
164,500
164,501
164,502
164,503
164,504
164,505
164,506
164,507
164,508
164,509
164,510
164,511
164,512
164,513
164,514
164,515
164,516
164,517
164,518
164,519
164,520
164,521
164,522
164,523
164,524
164,525
164,526
164,527
164,528
164,529
164,530
164,531
164,532
:179_9,533
:179_9,534
:179_9,535
:179_9,536
:179_9,537
-646,538
-646,539
-646,540
-646,541
-646,542
-646,543
-646,544
-646,545
-646,546
-646,547
-646,548
-646,549
-646,550
-646,551
-646,552
-646,553
-646,554
-646,555
-646,556
-646,557
-646,558
-646,559
-646,560
-646,561
-646,562
-646,563
-646,564
-646,565
-646,566
-646,567
-646,568
-646,569
-646,570
-646,571
-646,572
-646,573
-646,574
-646,575
-646,576
-646,577
-646,578
-646,579
-646,580
-646,581
-646,582
-646,583
-646,584
-646,585
-646,586
-646,587
-646,588
-646,589
-646,590
-646,591
-646,592
-646,593
-646,594
-646,595
-646,596
-646,597
-646,598
-646,599
-646,600
-646,601
-646,602
-646,603
-646,604
-646,605
-646,606
-646,607
-646,608
-646,609
-646,610
-646,611
-646,612
-646,613
-646,614
-646,615
-646,616
-646,617
-646,618
-646,619
-646,620
-646,621
-646,622
-646,623
-646,624
-646,625
-646,626
-646,627
-646,628
-646,629
-646,630
-646,631
-646,632
-646,633
-646,634
-646,635
-646,636
-646,637
-646,638
-646,639
-646,640
:211_3,641
:211_3,642
:211_3,643
:211_3,644
:211_3,645
-204,646
-204,647
-204,648
-204,649
-204,650
-204,651
-204,652
-204,653
-204,654
-204,655
-204,656
-204,657
-204,658
-204,659
-204,660
-204,661
-204,662
-204,663
-204,664
-204,665
-204,666
-204,667
-204,668
-204,669
-204,670
-204,671
-204,672
-204,673
-204,674
-204,675
-204,676
-204,677
-204,678
-204,679
-204,680
-204,681
-204,682
-204,683
-204,684
-204,685
-204,686
-204,687
-204,688
-204,689
-204,690
-204,691
-204,692
-204,693
-204,694
-204,695
-204,696
-204,697
-204,698
-204,699
-204,700
-204,701
-204,702
-204,703
-204,704
-204,705
-204,706
-204,707
-204,708
-204,709
-204,710
-204,711
-204,712
-204,713
-204,714
:136_5,715
:136_5,716
:136_5,717
:136_5,718
:136_5,719
-119,720
-119,721
-119,722
-119,723
-119,724
-119,725
-119,726
-119,727
-119,728
-119,729
-119,730
-119,731
-119,732
-119,733
-119,734
-119,735
-119,736
-119,737
-119,738
-119,739
-119,740
-119,741
-119,742
-119,743
-119,744
-119,745
-119,746
-119,747
-119,748
-119,749
-119,750
-119,751
-119,752
-119,753
-119,754
-119,755
-119,756
-119,757
-119,758
-119,759
-119,760
-119,761
-119,762
-119,763
-119,764
-119,765
-119,766
-119,767
-119,768
-119,769
-119,770
-119,771
-119,772
-119,773
-119,774
-119,775
-119,776
-119,777
-119,778
-119,779
-119,780
-119,781
-119,782
-119,783
-119,784
-119,785
-119,786
-119,787
-119,788
-119,789
-119,790
-119,791
-119,792
-119,793
-119,794
-119,795
-119,796
-119,797
-119,798
-119,799
-119,800
-119,801
-119,802
-119,803
-119,804
-119,805
-119,806
-119,807
-119,808
-119,809
-119,810
-119,811
-119,812
-119,813
-119,814
-119,815
-119,816
-119,817
-119,818
-119,819
-119,820
-119,821
-119,822
-119,823
-119,824
-119,825
-119,826
-119,827
-119,828
-119,829
-119,830
-119,831
-119,832
-119,833
-119,834
-119,835
-119,836
-119,837
-119,838
-119,839
-119,840
-119,841
-119,842
-119,843
-119,844
-119,845
-119,846
-119,847
-119,848
-119,849
-119,850
-119,851
-119,852
-119,853
-119,854
-119,855
-119,856
-119,857
-119,858
-119,859
-119,860
-119,861
-119,862
-119,863
-119,864
-119,865
-119,866
-119,867
-119,868
-119,869
-119,870
-119,871
-119,872
:47_9,873
:47_9,874
:47_9,875
:47_9,876
:47_9,877
:47_9,878
117,879
117,880
117,881
117,882
117,883
117,884
117,885
117,886
117,887
117,888
117,889
117,890
117,891
117,892
117,893
117,894
117,895
117,896
117,897
117,898
117,899
117,900
117,901
117,902
117,903
117,904
117,905
117,906
117,907
117,908
117,909
117,910
117,911
117,912
117,913
117,914
117,915
117,916
117,917
117,918
117,919
117,920
117,921
117,922
117,923
117,924
117,925
117,926
117,927
117,928
117,929
117,930
117,931
117,932
117,933
117,934
117,935
117,936
117,937
117,938
117,939
117,940
117,941
117,942
117,943
117,944
117,945
117,946
117,947
117,948
117,949
117,950
117,951
117,952
117,953
117,954
117,955
117,956
117,957
117,958
117,959
117,960
117,961
117,962
117,963
117,964
117,965
117,966
127,1
127,2
127,3
127,4
127,1
127,1
