-359,1
-359,1
-359,2
-359,3
-359,4
-359,5
-359,6
-359,7
-359,8
-359,9
-359,10
-359,11
-359,12
-359,13
-359,14
-359,15
-359,16
-359,17
-359,18
-359,19
-359,20
-359,21
-359,22
-359,23
-359,24
-359,25
-359,26
-359,27
-359,28
-359,29
-359,30
-359,31
-359,32
-359,33
-359,34
-359,35
-359,36
-359,37
-359,38
-359,39
-359,40
-359,41
-359,42
-359,43
-359,44
-359,45
-359,46
-359,47
-359,48
-359,49
-359,50
-359,51
-359,52
-359,53
-359,54
-359,55
-359,56
-359,57
-359,58
-359,59
-359,60
-359,61
-359,62
-359,63
-359,64
-359,65
-359,66
-359,67
-359,68
-359,69
-359,70
-359,71
-359,72
-359,73
-359,74
-359,75
-359,76
-359,77
-359,78
-359,79
-359,80
-359,81
-359,82
-359,83
-359,84
-359,85
-359,86
-359,87
-359,88
-359,89
-359,90
-359,91
-359,92
-359,93
-359,94
-359,95
-359,96
-359,97
-359,98
-359,99
-359,100
-359,101
-359,102
-359,103
-359,104
-359,105
-359,106
-359,107
-359,108
-359,109
-359,110
:145_9,111
:145_9,112
:145_9,113
:145_9,114
:145_9,115
:145_9,116
356,117
356,118
356,119
356,120
356,121
356,122
356,123
356,124
356,125
356,126
356,127
356,128
356,129
356,130
356,131
356,132
356,133
356,134
356,135
356,136
356,137
356,138
356,139
356,140
356,141
356,142
356,143
356,144
356,145
356,146
356,147
356,148
356,149
356,150
356,151
356,152
356,153
356,154
356,155
356,156
356,157
356,158
356,159
356,160
356,161
356,162
356,163
356,164
356,165
356,166
356,167
356,168
356,169
356,170
356,171
356,172
356,173
356,174
356,175
356,176
356,177
356,178
356,179
356,180
356,181
356,182
356,183
356,184
356,185
356,186
356,187
356,188
356,189
356,190
356,191
356,192
356,193
356,194
356,195
356,196
356,197
356,198
356,199
356,200
356,201
356,202
356,203
356,204
356,205
356,206
356,207
356,208
:332_13,209
:332_13,210
:332_13,211
:332_13,212
:332_13,213
:332_13,214
549,215
549,216
549,217
549,218
549,219
549,220
549,221
549,222
549,223
549,224
549,225
549,226
549,227
549,228
549,229
549,230
549,231
549,232
549,233
549,234
549,235
549,236
549,237
549,238
549,239
549,240
549,241
549,242
549,243
549,244
549,245
549,246
549,247
549,248
549,249
549,250
549,251
549,252
549,253
549,254
549,255
549,256
549,257
549,258
549,259
549,260
549,261
549,262
549,263
549,264
549,265
549,266
549,267
549,268
549,269
549,270
549,271
549,272
549,273
549,274
549,275
549,276
549,277
549,278
549,279
549,280
549,281
549,282
549,283
549,284
549,285
549,286
549,287
549,288
549,289
549,290
549,291
549,292
549,293
549,294
549,295
549,296
549,297
549,298
549,299
549,300
549,301
549,302
549,303
549,304
549,305
549,306
549,307
549,308
549,309
549,310
549,311
:444_7,312
:444_7,313
:444_7,314
:444_7,315
:444_7,316
:444_7,317
596,318
596,319
596,320
596,321
596,322
596,323
596,324
596,325
596,326
596,327
596,328
596,329
596,330
596,331
596,332
596,333
596,334
596,335
596,336
596,337
596,338
596,339
596,340
596,341
596,342
596,343
596,344
596,345
596,346
596,347
596,348
596,349
596,350
596,351
596,352
596,353
596,354
596,355
596,356
596,357
596,358
596,359
596,360
596,361
596,362
596,363
596,364
596,365
596,366
596,367
596,368
596,369
596,370
596,371
596,372
596,373
596,374
596,375
596,376
596,377
596,378
596,379
596,380
596,381
596,382
596,383
596,384
596,385
596,386
596,387
596,388
596,389
596,390
596,391
596,392
596,393
596,394
596,395
596,396
596,397
596,398
596,399
596,400
596,401
596,402
596,403
596,404
596,405
596,406
596,407
-294,408
-294,409
-294,410
-294,411
-294,412
-294,413
-294,414
-294,415
-294,416
-294,417
-294,418
-294,419
-294,420
-294,421
-294,422
-294,423
-294,424
-294,425
-294,426
-294,427
-294,428
-294,429
-294,430
-294,431
-294,432
-294,433
-294,434
-294,435
-294,436
-294,437
-294,438
-294,439
-294,440
-294,441
-294,442
-294,443
-294,444
-294,445
-294,446
-294,447
-294,448
-294,449
-294,450
-294,451
-294,452
-294,453
-294,454
-294,455
-294,456
-294,457
-294,458
-294,459
-294,460
-294,461
-294,462
-294,463
-294,464
-294,465
-294,466
-294,467
-294,468
-294,469
-294,470
-294,471
-294,472
-294,473
-294,474
-294,475
-294,476
-294,477
-294,478
-294,479
-294,480
-294,481
-294,482
-294,483
-294,484
-294,485
-294,486
-294,487
-294,488
-294,489
-294,490
-294,491
-294,492
-294,493
-294,494
-294,495
-294,496
-294,497
-294,498
-294,499
-294,500
-359,1
-359,2
-359,3
-359,4
-359,1
-359,1
