14,1
14,1
14,2
14,3
14,4
14,5
14,6
14,7
14,8
14,9
14,10
14,11
14,12
14,13
14,14
14,15
14,16
14,17
14,18
14,19
14,20
14,21
14,22
14,23
14,24
14,25
14,26
14,27
14,28
14,29
14,30
14,31
14,32
14,33
14,34
14,35
14,36
14,37
14,38
14,39
14,40
14,41
14,42
14,43
14,44
14,45
14,46
14,47
14,48
14,49
14,50
14,51
14,52
14,53
14,54
14,55
14,56
14,57
14,58
14,59
14,60
14,61
14,62
14,63
14,64
14,65
14,66
14,67
14,68
14,69
14,70
14,71
14,72
14,73
14,74
14,75
14,76
14,77
14,78
14,79
14,80
14,81
14,82
14,83
14,84
14,85
14,86
14,87
14,88
14,89
14,90
14,91
14,92
14,93
14,94
14,95
14,96
14,97
14,98
14,99
14,100
14,101
14,102
14,103
14,104
14,105
14,106
14,107
:16_4,108
:16_4,109
:16_4,110
:16_4,111
:16_4,112
:16_4,113
-210,114
-210,115
-210,116
-210,117
-210,118
-210,119
-210,120
-210,121
-210,122
-210,123
-210,124
-210,125
-210,126
-210,127
-210,128
-210,129
-210,130
-210,131
-210,132
-210,133
-210,134
-210,135
-210,136
-210,137
-210,138
-210,139
-210,140
-210,141
-210,142
-210,143
-210,144
-210,145
-210,146
-210,147
-210,148
-210,149
-210,150
-210,151
-210,152
-210,153
-210,154
-210,155
-210,156
-210,157
-210,158
-210,159
-210,160
-210,161
-210,162
-210,163
-210,164
-210,165
-210,166
-210,167
-210,168
-210,169
-210,170
-210,171
-210,172
-210,173
-210,174
-210,175
-210,176
-210,177
-210,178
-210,179
-210,180
-210,181
-210,182
-210,183
-210,184
-210,185
-210,186
-210,187
-210,188
-210,189
-210,190
-210,191
-210,192
-210,193
-210,194
-210,195
-210,196
-210,197
-210,198
-210,199
-210,200
-210,201
-210,202
-210,203
-210,204
-210,205
-210,206
-210,207
-210,208
-210,209
-210,210
:29_5,211
:29_5,212
:29_5,213
:29_5,214
:29_5,215
-25,216
-25,217
-25,218
-25,219
-25,220
-25,221
-25,222
-25,223
-25,224
-25,225
-25,226
-25,227
-25,228
-25,229
-25,230
-25,231
-25,232
-25,233
-25,234
-25,235
-25,236
-25,237
-25,238
-25,239
-25,240
-25,241
-25,242
-25,243
-25,244
-25,245
-25,246
-25,247
-25,248
-25,249
-25,250
-25,251
-25,252
-25,253
-25,254
-25,255
-25,256
-25,257
-25,258
-25,259
-25,260
-25,261
-25,262
-25,263
-25,264
-25,265
-25,266
-25,267
-25,268
-25,269
-25,270
-25,271
-25,272
-25,273
-25,274
-25,275
-25,276
-25,277
-25,278
-25,279
-25,280
-25,281
-25,282
-25,283
-25,284
-25,285
-25,286
-25,287
-25,288
-25,289
-25,290
-25,291
-25,292
-25,293
-25,294
-25,295
-25,296
-25,297
-25,298
-25,299
-25,300
-25,301
-25,302
-25,303
-25,304
-25,305
-25,306
-25,307
-25,308
-25,309
-25,310
-25,311
-25,312
-25,313
-25,314
-25,315
-25,316
-25,317
-25,318
-25,319
-25,320
-25,321
-25,322
-25,323
-25,324
-25,325
-25,326
-25,327
-25,328
-25,329
-25,330
-25,331
-25,332
-25,333
-25,334
-25,335
-25,336
-25,337
-25,338
-25,339
-25,340
-25,341
-25,342
-25,343
-25,344
-25,345
-25,346
-25,347
-25,348
-25,349
-25,350
-25,351
-25,352
-25,353
-25,354
-25,355
:24_5,356
:24_5,357
:24_5,358
:24_5,359
:24_5,360
-20,361
-20,362
-20,363
-20,364
-20,365
-20,366
-20,367
-20,368
-20,369
-20,370
-20,371
-20,372
-20,373
-20,374
-20,375
-20,376
-20,377
-20,378
-20,379
-20,380
-20,381
-20,382
-20,383
-20,384
-20,385
-20,386
-20,387
-20,388
-20,389
-20,390
-20,391
-20,392
-20,393
-20,394
-20,395
-20,396
-20,397
-20,398
-20,399
-20,400
-20,401
-20,402
-20,403
-20,404
-20,405
-20,406
-20,407
-20,408
-20,409
-20,410
-20,411
-20,412
-20,413
-20,414
-20,415
-20,416
-20,417
-20,418
-20,419
-20,420
-20,421
-20,422
-20,423
-20,424
-20,425
-20,426
-20,427
-20,428
-20,429
-20,430
-20,431
-20,432
-20,433
-20,434
-20,435
-20,436
-20,437
-20,438
-20,439
-20,440
-20,441
-20,442
-20,443
-20,444
-20,445
-20,446
-20,447
-20,448
-20,449
-20,450
-20,451
-20,452
:23_4,453
:23_4,454
:23_4,455
:23_4,456
:23_4,457
:23_4,458
-19,459
-19,460
-19,461
-19,462
-19,463
-19,464
-19,465
-19,466
-19,467
-19,468
-19,469
-19,470
-19,471
-19,472
-19,473
-19,474
-19,475
-19,476
-19,477
-19,478
-19,479
-19,480
-19,481
-19,482
-19,483
-19,484
-19,485
-19,486
-19,487
-19,488
-19,489
-19,490
-19,491
-19,492
-19,493
-19,494
-19,495
-19,496
-19,497
-19,498
-19,499
-19,500
-19,501
-19,502
-19,503
-19,504
-19,505
-19,506
-19,507
-19,508
-19,509
-19,510
-19,511
-19,512
-19,513
-19,514
-19,515
-19,516
-19,517
-19,518
-19,519
-19,520
-19,521
-19,522
-19,523
-19,524
-19,525
-19,526
-19,527
-19,528
-19,529
-19,530
-19,531
-19,532
-19,533
-19,534
-19,535
-19,536
-19,537
-19,538
-19,539
-19,540
-19,541
-19,542
-19,543
-19,544
-19,545
-19,546
-19,547
-19,548
-19,549
-19,550
-19,551
-19,552
-19,553
-19,554
:22_1,555
:22_1,556
:22_1,557
:22_1,558
:22_1,559
23,560
23,561
23,562
23,563
23,564
23,565
23,566
23,567
23,568
23,569
23,570
23,571
23,572
23,573
23,574
23,575
23,576
23,577
23,578
23,579
23,580
23,581
23,582
23,583
23,584
23,585
23,586
23,587
23,588
23,589
23,590
23,591
23,592
23,593
23,594
23,595
23,596
23,597
23,598
23,599
23,600
23,601
23,602
23,603
23,604
23,605
23,606
23,607
23,608
23,609
23,610
23,611
23,612
23,613
23,614
23,615
23,616
23,617
23,618
23,619
23,620
23,621
23,622
23,623
23,624
23,625
23,626
23,627
23,628
23,629
23,630
23,631
23,632
23,633
23,634
23,635
23,636
23,637
23,638
23,639
23,640
23,641
23,642
23,643
23,644
23,645
23,646
23,647
23,648
23,649
23,650
23,651
23,652
23,653
23,654
23,655
23,656
23,657
23,658
23,659
23,660
23,661
23,662
23,663
23,664
23,665
23,666
23,667
23,668
23,669
23,670
23,671
23,672
23,673
23,674
23,675
23,676
23,677
23,678
23,679
23,680
23,681
23,682
23,683
23,684
23,685
23,686
23,687
23,688
23,689
23,690
23,691
23,692
23,693
23,694
23,695
23,696
23,697
23,698
23,699
23,700
23,701
23,702
23,703
23,704
23,705
23,706
23,707
23,708
23,709
23,710
23,711
23,712
23,713
23,714
23,715
23,716
23,717
23,718
23,719
23,720
23,721
23,722
23,723
23,724
23,725
23,726
23,727
23,728
23,729
23,730
23,731
23,732
23,733
23,734
23,735
23,736
23,737
23,738
23,739
:27_1,740
:27_1,741
:27_1,742
:27_1,743
:27_1,744
87,745
87,746
87,747
87,748
87,749
87,750
87,751
87,752
87,753
87,754
87,755
87,756
87,757
87,758
87,759
87,760
87,761
87,762
87,763
87,764
87,765
87,766
87,767
87,768
87,769
87,770
87,771
87,772
87,773
87,774
87,775
87,776
87,777
87,778
87,779
87,780
87,781
87,782
87,783
87,784
87,785
87,786
87,787
87,788
87,789
87,790
87,791
87,792
87,793
87,794
87,795
87,796
87,797
87,798
87,799
87,800
87,801
87,802
87,803
87,804
87,805
87,806
87,807
87,808
87,809
87,810
87,811
87,812
87,813
87,814
87,815
87,816
87,817
87,818
87,819
87,820
87,821
87,822
87,823
87,824
87,825
87,826
87,827
87,828
87,829
87,830
87,831
87,832
87,833
87,834
87,835
87,836
87,837
87,838
87,839
87,840
87,841
87,842
87,843
87,844
87,845
87,846
87,847
87,848
87,849
87,850
87,851
87,852
87,853
87,854
87,855
87,856
87,857
87,858
87,859
87,860
87,861
87,862
87,863
87,864
87,865
87,866
87,867
87,868
87,869
87,870
87,871
87,872
87,873
87,874
87,875
87,876
87,877
87,878
87,879
87,880
87,881
87,882
87,883
87,884
87,885
87,886
87,887
87,888
87,889
87,890
87,891
87,892
87,893
87,894
87,895
87,896
87,897
87,898
87,899
87,900
87,901
87,902
87,903
87,904
87,905
87,906
87,907
:102_0,908
:102_0,909
:102_0,910
:102_0,911
:102_0,912
-159,913
-159,914
-159,915
-159,916
-159,917
-159,918
-159,919
-159,920
-159,921
-159,922
-159,923
-159,924
-159,925
-159,926
-159,927
-159,928
-159,929
-159,930
-159,931
-159,932
-159,933
-159,934
-159,935
-159,936
-159,937
-159,938
-159,939
-159,940
-159,941
-159,942
-159,943
-159,944
-159,945
-159,946
-159,947
-159,948
-159,949
-159,950
-159,951
-159,952
-159,953
-159,954
-159,955
-159,956
-159,957
-159,958
-159,959
-159,960
-159,961
-159,962
-159,963
-159,964
-159,965
-159,966
14,1
14,2
14,3
14,4
14,1
14,1
