-234,1
-234,1
-234,2
-234,3
-234,4
-234,5
-234,6
-234,7
-234,8
-234,9
-234,10
-234,11
-234,12
-234,13
-234,14
-234,15
-234,16
-234,17
-234,18
-234,19
-234,20
-234,21
-234,22
-234,23
-234,24
-234,25
-234,26
-234,27
-234,28
-234,29
-234,30
-234,31
-234,32
-234,33
-234,34
-234,35
-234,36
-234,37
-234,38
-234,39
-234,40
-234,41
-234,42
-234,43
-234,44
-234,45
-234,46
-234,47
-234,48
-234,49
-234,50
-234,51
-234,52
-234,53
-234,54
-234,55
-234,56
-234,57
-234,58
-234,59
-234,60
-234,61
-234,62
-234,63
-234,64
-234,65
-234,66
-234,67
-234,68
-234,69
-234,70
-234,71
-234,72
-234,73
-234,74
-234,75
-234,76
-234,77
-234,78
-234,79
-234,80
-234,81
-234,82
-234,83
-234,84
-234,85
-234,86
-234,87
-234,88
-234,89
-234,90
-234,91
-234,92
-234,93
-234,94
-234,95
-234,96
-234,97
-234,98
-234,99
-234,100
-234,101
-234,102
-234,103
-234,104
-234,105
-234,106
-234,107
-234,108
-234,109
-234,110
-234,111
-234,112
-234,113
-234,114
-234,115
-234,116
-234,117
-234,118
-234,119
-234,120
-234,121
-234,122
-234,123
-234,124
-234,125
-234,126
-234,127
-234,128
-234,129
-234,130
-234,131
-234,132
-234,133
-234,134
-234,135
-234,136
-234,137
-234,138
-234,139
-234,140
-234,141
-234,142
-234,143
-234,144
-234,145
-234,146
-234,147
-234,148
-234,149
-234,150
-234,151
-234,152
-234,153
-234,154
-234,155
-234,156
-234,157
-234,158
-234,159
-234,160
-234,161
-234,162
-234,163
-234,164
-234,165
-234,166
-234,167
-234,168
-234,169
-234,170
-234,171
-234,172
-234,173
-234,174
-234,175
-234,176
-234,177
-234,178
-234,179
-234,180
-234,181
-234,182
-234,183
-234,184
-234,185
-234,186
-234,187
-234,188
-234,189
-234,190
-234,191
-234,192
-234,193
-234,194
-234,195
-234,196
-234,197
-234,198
-234,199
-234,200
-234,201
-234,202
-234,203
-234,204
-234,205
-234,206
-234,207
-234,208
-234,209
-234,210
-234,211
-234,212
-234,213
-234,214
-234,215
-234,216
-234,217
-234,218
-234,219
-234,220
-234,221
-234,222
-234,223
-234,224
-234,225
-234,226
-234,227
-234,228
-234,229
-234,230
-234,231
-234,232
-234,233
-234,234
-234,235
-234,236
-234,237
-234,238
-234,239
-234,240
-234,241
-234,242
-234,243
-234,244
-234,245
-234,246
-234,247
-234,248
-234,249
-234,250
-234,251
-234,252
:182_9,253
:182_9,254
:182_9,255
:182_9,256
:182_9,257
:182_9,258
-184,259
-184,260
-184,261
-184,262
-184,263
-184,264
-184,265
-184,266
-184,267
-184,268
-184,269
-184,270
-184,271
-184,272
-184,273
-184,274
-184,275
-184,276
-184,277
-184,278
-184,279
-184,280
-184,281
-184,282
-184,283
-184,284
-184,285
-184,286
-184,287
-184,288
-184,289
-184,290
-184,291
-184,292
-184,293
-184,294
-184,295
-184,296
-184,297
-184,298
-184,299
-184,300
-184,301
-184,302
-184,303
-184,304
-184,305
-184,306
-184,307
-184,308
-184,309
-184,310
-184,311
-184,312
-184,313
-184,314
-184,315
-184,316
-184,317
-184,318
-184,319
-184,320
-184,321
-184,322
-184,323
-184,324
-184,325
-184,326
-184,327
-184,328
-184,329
-184,330
-184,331
-184,332
-184,333
-184,334
-184,335
-184,336
-184,337
-184,338
-184,339
-184,340
-184,341
-184,342
-184,343
-184,344
-184,345
-184,346
-184,347
-184,348
-184,349
-184,350
-184,351
-184,352
-184,353
-184,354
-184,355
-184,356
-184,357
-184,358
-184,359
-184,360
-184,361
-184,362
-184,363
-184,364
-184,365
-184,366
-184,367
-184,368
-184,369
-184,370
-184,371
-184,372
-184,373
-184,374
-184,375
-184,376
-184,377
-184,378
-184,379
-184,380
-184,381
-184,382
-184,383
-184,384
-184,385
-184,386
-184,387
-184,388
-184,389
-184,390
-184,391
-184,392
-184,393
-184,394
-184,395
-184,396
-184,397
-184,398
-184,399
-184,400
-184,401
-184,402
-184,403
-184,404
-184,405
-184,406
-184,407
-184,408
-184,409
-184,410
-184,411
-184,412
-184,413
-184,414
-184,415
-184,416
-184,417
-184,418
-184,419
-184,420
-184,421
-184,422
-184,423
-184,424
-184,425
-184,426
-184,427
-184,428
-184,429
-184,430
-184,431
-184,432
-184,433
-184,434
-184,435
-184,436
-184,437
-184,438
-184,439
-184,440
-184,441
-184,442
-184,443
-184,444
-184,445
-184,446
-184,447
-184,448
-184,449
-184,450
-184,451
-184,452
-184,453
-184,454
-184,455
-184,456
-184,457
-184,458
-184,459
-184,460
-184,461
-184,462
-184,463
-184,464
-184,465
-184,466
-184,467
-184,468
-184,469
-184,470
-184,471
-184,472
-184,473
-184,474
-184,475
-184,476
-184,477
-184,478
-184,479
-184,480
-184,481
-184,482
-184,483
-184,484
-184,485
-184,486
-184,487
-184,488
-184,489
-184,490
-184,491
-184,492
-184,493
-184,494
-184,495
-184,496
-184,497
-184,498
-184,499
-184,500
-184,501
-184,502
-184,503
-184,504
-184,505
-184,506
-184,507
:187_9,508
:187_9,509
:187_9,510
:187_9,511
:187_9,512
:187_9,513
:187_9,514
:187_9,515
186,516
186,517
186,518
186,519
186,520
186,521
186,522
186,523
186,524
186,525
186,526
186,527
186,528
186,529
186,530
186,531
186,532
186,533
186,534
186,535
186,536
186,537
186,538
186,539
186,540
186,541
186,542
186,543
186,544
186,545
186,546
186,547
186,548
186,549
186,550
186,551
186,552
186,553
186,554
186,555
186,556
186,557
186,558
186,559
186,560
186,561
186,562
186,563
186,564
186,565
186,566
186,567
186,568
186,569
186,570
186,571
186,572
186,573
186,574
186,575
186,576
186,577
186,578
186,579
186,580
186,581
186,582
186,583
186,584
186,585
186,586
186,587
186,588
186,589
186,590
186,591
186,592
186,593
186,594
186,595
186,596
186,597
186,598
186,599
186,600
186,601
186,602
186,603
186,604
186,605
186,606
186,607
186,608
186,609
186,610
186,611
186,612
186,613
186,614
186,615
186,616
186,617
186,618
186,619
186,620
186,621
186,622
186,623
186,624
186,625
186,626
186,627
186,628
186,629
186,630
186,631
186,632
186,633
186,634
186,635
186,636
186,637
186,638
186,639
186,640
186,641
186,642
186,643
186,644
186,645
186,646
186,647
186,648
186,649
186,650
186,651
186,652
186,653
186,654
186,655
186,656
186,657
186,658
186,659
186,660
186,661
186,662
186,663
186,664
186,665
186,666
186,667
186,668
186,669
186,670
186,671
186,672
186,673
186,674
186,675
186,676
186,677
186,678
186,679
186,680
186,681
186,682
186,683
186,684
186,685
186,686
186,687
186,688
186,689
186,690
186,691
186,692
186,693
186,694
186,695
186,696
186,697
186,698
186,699
186,700
186,701
186,702
186,703
186,704
186,705
186,706
186,707
186,708
186,709
186,710
186,711
186,712
186,713
186,714
186,715
186,716
186,717
186,718
186,719
186,720
186,721
186,722
186,723
186,724
186,725
186,726
186,727
186,728
186,729
186,730
186,731
186,732
186,733
186,734
186,735
186,736
186,737
186,738
186,739
186,740
186,741
186,742
186,743
:198_4,744
:198_4,745
:198_4,746
:198_4,747
:198_4,748
:198_4,749
:198_4,750
-228,751
-228,752
-228,753
-228,754
-228,755
-228,756
-228,757
-228,758
-228,759
-228,760
-228,761
-228,762
-228,763
-228,764
-228,765
-228,766
-228,767
-228,768
-228,769
-228,770
-228,771
-228,772
-228,773
-228,774
-228,775
-228,776
-228,777
-228,778
-228,779
-228,780
-228,781
-228,782
-228,783
-228,784
-228,785
-228,786
-228,787
-228,788
-228,789
-228,790
-228,791
-228,792
-228,793
-228,794
-228,795
-228,796
-228,797
-228,798
-228,799
-228,800
-228,801
-228,802
-228,803
-228,804
-228,805
-228,806
-228,807
-228,808
-228,809
-228,810
-228,811
-228,812
-228,813
-228,814
-228,815
-228,816
-228,817
-228,818
-228,819
-228,820
-228,821
-228,822
-228,823
-228,824
-228,825
-228,826
-228,827
:186_8,828
:186_8,829
:186_8,830
:186_8,831
227,832
227,833
227,834
227,835
227,836
227,837
227,838
227,839
227,840
227,841
227,842
227,843
227,844
227,845
227,846
227,847
227,848
227,849
227,850
227,851
227,852
227,853
227,854
227,855
227,856
227,857
227,858
227,859
227,860
227,861
227,862
227,863
227,864
227,865
227,866
227,867
227,868
227,869
227,870
227,871
227,872
227,873
227,874
227,875
227,876
227,877
227,878
227,879
227,880
227,881
227,882
227,883
227,884
227,885
227,886
227,887
227,888
227,889
227,890
227,891
227,892
227,893
227,894
227,895
227,896
227,897
227,898
227,899
227,900
227,901
227,902
227,903
227,904
227,905
227,906
227,907
227,908
:217_1,909
-211,910
-211,911
-211,912
-211,913
-211,914
-211,915
-211,916
-211,917
-211,918
-211,919
-211,920
-211,921
-211,922
-211,923
-211,924
-211,925
-211,926
-211,927
-211,928
-211,929
-211,930
-211,931
-211,932
-211,933
-211,934
-211,935
-211,936
-211,937
-211,938
-211,939
-211,940
-211,941
-211,942
-211,943
-211,944
-211,945
-211,946
-211,947
-211,948
-211,949
-211,950
-211,951
-211,952
-211,953
-211,954
-211,955
-211,956
-211,957
-211,958
-211,959
-211,960
-211,961
-211,962
-211,963
-211,964
-211,965
-211,966
-234,1
-234,2
-234,3
-234,4
-234,1
-234,1
