663,1
663,1
663,2
663,3
663,4
663,5
663,6
663,7
663,8
663,9
663,10
663,11
663,12
663,13
663,14
663,15
663,16
663,17
663,18
663,19
663,20
663,21
663,22
663,23
663,24
663,25
663,26
663,27
663,28
663,29
663,30
663,31
663,32
663,33
663,34
663,35
663,36
663,37
663,38
663,39
663,40
663,41
663,42
663,43
663,44
663,45
663,46
663,47
663,48
663,49
663,50
663,51
663,52
663,53
663,54
663,55
663,56
663,57
663,58
663,59
663,60
663,61
663,62
663,63
663,64
663,65
663,66
663,67
663,68
663,69
663,70
663,71
663,72
663,73
663,74
663,75
663,76
:234_3,77
:234_3,78
:234_3,79
-361,80
-361,81
-361,82
-361,83
-361,84
-361,85
-361,86
-361,87
-361,88
-361,89
-361,90
-361,91
-361,92
-361,93
-361,94
-361,95
-361,96
-361,97
-361,98
-361,99
-361,100
-361,101
-361,102
-361,103
-361,104
-361,105
-361,106
-361,107
-361,108
-361,109
-361,110
-361,111
-361,112
-361,113
-361,114
-361,115
-361,116
-361,117
-361,118
-361,119
-361,120
-361,121
-361,122
-361,123
-361,124
-361,125
-361,126
-361,127
-361,128
-361,129
-361,130
-361,131
-361,132
-361,133
-361,134
:333_0,135
:333_0,136
:333_0,137
:333_0,138
:333_0,139
360,140
360,141
360,142
360,143
360,144
360,145
360,146
360,147
360,148
360,149
360,150
360,151
360,152
360,153
360,154
360,155
360,156
360,157
360,158
360,159
360,160
360,161
360,162
360,163
360,164
360,165
360,166
360,167
360,168
360,169
360,170
360,171
360,172
360,173
360,174
360,175
360,176
360,177
360,178
360,179
360,180
360,181
360,182
360,183
360,184
360,185
360,186
360,187
360,188
360,189
360,190
360,191
360,192
360,193
360,194
360,195
360,196
-101,197
-101,198
-101,199
-101,200
-101,201
-101,202
-101,203
-101,204
-101,205
-101,206
-101,207
-101,208
-101,209
-101,210
-101,211
-101,212
-101,213
-101,214
-101,215
-101,216
-101,217
-101,218
-101,219
-101,220
-101,221
-101,222
-101,223
-101,224
-101,225
-101,226
-101,227
-101,228
-101,229
-101,230
-101,231
-101,232
-101,233
-101,234
-101,235
-101,236
-101,237
-101,238
-101,239
-101,240
-101,241
-101,242
-101,243
-101,244
-101,245
-101,246
-101,247
-101,248
-101,249
-101,250
-101,251
-101,252
-101,253
-101,254
-101,255
-101,256
-101,257
-101,258
-101,259
-101,260
-101,261
-101,262
-101,263
-101,264
-101,265
-101,266
-101,267
-101,268
-101,269
-101,270
-101,271
-101,272
-101,273
-101,274
-101,275
-101,276
-101,277
-101,278
-101,279
-101,280
-101,281
-101,282
-101,283
-101,284
-101,285
-101,286
-101,287
-101,288
-101,289
-101,290
-101,291
-101,292
-101,293
-101,294
-101,295
-101,296
-101,297
-101,298
-101,299
-101,300
-101,301
-101,302
-101,303
-101,304
-101,305
-101,306
-101,307
-101,308
-101,309
-101,310
-101,311
-101,312
-101,313
-101,314
-101,315
-101,316
-101,317
-101,318
-101,319
-101,320
-101,321
-101,322
-101,323
-101,324
-101,325
-101,326
-101,327
-101,328
-101,329
-101,330
:115_4,331
:115_4,332
:115_4,333
:115_4,334
:115_4,335
102,336
102,337
102,338
102,339
102,340
102,341
102,342
102,343
102,344
102,345
102,346
102,347
102,348
102,349
102,350
102,351
102,352
102,353
102,354
102,355
102,356
102,357
102,358
102,359
102,360
102,361
102,362
102,363
102,364
102,365
102,366
102,367
102,368
102,369
102,370
102,371
102,372
102,373
102,374
102,375
102,376
102,377
102,378
102,379
102,380
102,381
102,382
102,383
102,384
102,385
102,386
102,387
102,388
102,389
102,390
102,391
102,392
102,393
102,394
102,395
102,396
102,397
102,398
102,399
102,400
102,401
102,402
102,403
102,404
102,405
102,406
102,407
102,408
102,409
102,410
102,411
102,412
102,413
102,414
102,415
102,416
102,417
102,418
102,419
102,420
102,421
102,422
102,423
102,424
102,425
102,426
102,427
102,428
102,429
102,430
102,431
102,432
102,433
102,434
102,435
102,436
102,437
102,438
102,439
102,440
102,441
102,442
102,443
102,444
102,445
102,446
102,447
102,448
102,449
102,450
102,451
102,452
102,453
102,454
102,455
102,456
102,457
102,458
102,459
102,460
102,461
102,462
102,463
102,464
102,465
102,466
102,467
102,468
102,469
102,470
102,471
102,472
102,473
102,474
102,475
102,476
102,477
102,478
102,479
102,480
102,481
102,482
102,483
102,484
102,485
102,486
102,487
102,488
102,489
102,490
102,491
102,492
102,493
102,494
102,495
102,496
102,497
102,498
102,499
102,500
102,501
:3_0,502
:3_0,503
:3_0,504
:3_0,505
-2,506
-2,507
-2,508
-2,509
-2,510
-2,511
-2,512
-2,513
-2,514
-2,515
-2,516
-2,517
-2,518
-2,519
-2,520
-2,521
-2,522
-2,523
-2,524
-2,525
-2,526
-2,527
-2,528
-2,529
-2,530
-2,531
-2,532
-2,533
-2,534
-2,535
-2,536
-2,537
-2,538
-2,539
-2,540
-2,541
-2,542
-2,543
-2,544
-2,545
-2,546
-2,547
-2,548
-2,549
-2,550
-2,551
-2,552
-2,553
-2,554
-2,555
-2,556
-2,557
-2,558
-2,559
-2,560
-2,561
-2,562
-2,563
-2,564
-2,565
-2,566
-2,567
-2,568
-2,569
-2,570
-2,571
-2,572
-2,573
-2,574
-2,575
-2,576
-2,577
-2,578
-2,579
-2,580
-2,581
-2,582
-2,583
-2,584
-2,585
-2,586
-2,587
-2,588
-2,589
-2,590
-2,591
-2,592
-2,593
-2,594
-2,595
-2,596
-2,597
-2,598
-2,599
-2,600
-2,601
-2,602
-2,603
-2,604
-2,605
-2,606
-2,607
-2,608
-2,609
-2,610
-2,611
-2,612
-2,613
-2,614
-2,615
-2,616
-2,617
-2,618
:2_1,619
:2_1,620
:2_1,621
:2_1,622
:2_1,623
:2_1,624
-1,625
-1,626
-1,627
-1,628
-1,629
-1,630
-1,631
-1,632
-1,633
-1,634
-1,635
-1,636
-1,637
-1,638
-1,639
-1,640
-1,641
-1,642
-1,643
-1,644
-1,645
-1,646
-1,647
-1,648
-1,649
-1,650
-1,651
-1,652
-1,653
-1,654
-1,655
-1,656
-1,657
-1,658
-1,659
-1,660
-1,661
-1,662
:1_0,663
:1_0,664
:1_0,665
:1_0,666
:1_0,667
:1_0,668
-0,669
-0,670
-0,671
-0,672
-0,673
-0,674
-0,675
-0,676
-0,677
-0,678
-0,679
-0,680
-0,681
-0,682
-0,683
-0,684
-0,685
-0,686
-0,687
-0,688
-0,689
-0,690
-0,691
-0,692
-0,693
-0,694
-0,695
-0,696
-0,697
-0,698
-0,699
-0,700
-0,701
-0,702
-0,703
-0,704
-0,705
-0,706
-0,707
-0,708
-0,709
-0,710
-0,711
-0,712
-0,713
-0,714
-0,715
-0,716
-0,717
-0,718
-0,719
-0,720
-0,721
-0,722
-0,723
-0,724
-0,725
-0,726
-0,727
-0,728
-0,729
-0,730
-0,731
-0,732
-0,733
-0,734
-0,735
-0,736
-0,737
-0,738
-0,739
-0,740
-0,741
-0,742
-0,743
-0,744
-0,745
-0,746
-0,747
-0,748
-0,749
-0,750
-0,751
-0,752
-0,753
-0,754
-0,755
-0,756
-0,757
-0,758
-0,759
-0,760
-0,761
-0,762
-0,763
-0,764
-0,765
-0,766
-0,767
-0,768
-0,769
-0,770
-0,771
-0,772
-0,773
-0,774
-0,775
-0,776
-0,777
-0,778
-0,779
-0,780
-0,781
-0,782
-0,783
-0,784
-0,785
-0,786
-0,787
-0,788
-0,789
-0,790
-0,791
-0,792
-0,793
-0,794
-0,795
-0,796
-0,797
-0,798
-0,799
-0,800
-0,801
-0,802
-0,803
-0,804
-0,805
-0,806
-0,807
:0_0,808
:0_0,809
:0_0,810
:0_0,811
3,812
3,813
3,814
3,815
3,816
3,817
3,818
3,819
3,820
3,821
3,822
3,823
3,824
3,825
3,826
3,827
3,828
3,829
3,830
3,831
3,832
3,833
3,834
3,835
3,836
3,837
3,838
3,839
3,840
3,841
3,842
3,843
3,844
3,845
3,846
3,847
3,848
3,849
3,850
3,851
3,852
3,853
3,854
3,855
3,856
3,857
3,858
3,859
3,860
3,861
3,862
3,863
3,864
3,865
3,866
3,867
3,868
3,869
3,870
3,871
3,872
3,873
3,874
3,875
3,876
3,877
3,878
3,879
3,880
3,881
3,882
3,883
3,884
3,885
3,886
3,887
3,888
3,889
3,890
3,891
3,892
3,893
3,894
3,895
3,896
3,897
3,898
3,899
3,900
3,901
3,902
3,903
3,904
3,905
3,906
3,907
3,908
3,909
3,910
3,911
3,912
3,913
3,914
3,915
3,916
3,917
3,918
3,919
3,920
3,921
3,922
3,923
3,924
3,925
3,926
3,927
3,928
3,929
3,930
3,931
3,932
3,933
3,934
3,935
3,936
3,937
3,938
3,939
3,940
3,941
3,942
3,943
3,944
3,945
3,946
3,947
3,948
3,949
3,950
3,951
3,952
3,953
3,954
3,955
3,956
3,957
3,958
3,959
3,960
3,961
3,962
3,963
3,964
3,965
3,966
663,1
663,2
663,3
663,4
663,1
663,1
