-172,7
-172,8
-172,9
-172,10
-172,11
-172,12
-172,13
-172,14
-172,15
-172,16
-172,17
-172,18
-172,19
-172,20
-172,21
-172,22
-172,23
-172,24
-172,25
-172,26
-172,27
-172,28
-172,29
-172,30
-172,31
-172,32
-172,33
-172,34
-172,35
-172,36
-172,37
-172,38
-172,39
-172,40
-172,41
-172,42
-172,43
-172,44
-172,45
-172,46
-172,47
-172,48
-172,49
-172,50
-172,51
-172,52
-172,53
-172,54
-172,55
-172,56
-172,57
-172,58
-172,59
-172,60
-172,61
-172,62
-172,63
-172,64
-172,65
-172,66
-172,67
-172,68
-172,69
-172,70
-172,71
-172,72
-172,73
-172,74
-172,75
-172,76
-172,77
-172,78
-172,79
-172,80
-172,81
-172,82
-172,83
-172,84
-172,85
-172,86
-172,87
-172,88
-172,89
-172,90
-172,91
-172,92
-172,93
-172,94
-172,95
-172,96
-172,97
-172,98
-172,99
-172,100
-172,101
-172,102
-172,103
-172,104
-172,105
-172,106
-172,107
-172,108
-172,109
-172,110
-172,111
-172,112
-172,113
-172,114
-172,115
-172,116
-172,117
-172,118
-172,119
-172,120
-172,121
-172,122
-172,123
-172,124
-172,125
-172,126
-172,127
-172,128
-172,129
-172,130
-172,131
-172,132
-172,133
-172,134
-172,135
-172,136
-172,137
-172,138
-172,139
-172,140
-172,141
-172,142
-172,143
-172,144
-172,145
-172,146
-172,147
-172,148
-172,149
:181_2,150
:181_2,151
:181_2,152
:181_16,153
:181_16,154
:181_16,155
173,156
173,157
173,158
173,159
173,160
173,161
173,162
173,163
173,164
173,165
173,166
173,167
173,168
173,169
173,170
173,171
173,172
173,173
173,174
173,175
173,176
173,177
173,178
173,179
173,180
173,181
173,182
173,183
173,184
173,185
173,186
173,187
173,188
173,189
173,190
173,191
173,192
173,193
173,194
173,195
173,196
173,197
173,198
173,199
173,200
173,201
173,202
173,203
173,204
173,205
173,206
173,207
173,208
173,209
173,210
173,211
173,212
173,213
173,214
173,215
173,216
173,217
173,218
173,219
173,220
173,221
173,222
173,223
173,224
173,225
173,226
173,227
173,228
173,229
173,230
173,231
173,232
173,233
173,234
173,235
173,236
173,237
173,238
173,239
173,240
173,241
173,242
173,243
173,244
173,245
173,246
173,247
173,248
173,249
173,250
173,251
173,252
173,253
173,254
173,255
173,256
173,257
173,258
173,259
173,260
173,261
173,262
173,263
173,264
173,265
173,266
173,267
173,268
173,269
173,270
173,271
173,272
173,273
173,274
173,275
173,276
173,277
173,278
173,279
173,280
173,281
173,282
173,283
173,284
173,285
173,286
173,287
173,288
173,289
173,290
173,291
173,292
173,293
173,294
173,295
173,296
173,297
173,298
173,299
173,300
173,301
173,302
173,303
173,304
173,305
173,306
173,307
173,308
173,309
173,310
173,311
173,312
173,313
173,314
173,315
173,316
173,317
173,318
173,319
173,320
173,321
173,322
173,323
173,324
173,325
173,326
173,327
173,328
173,329
173,330
173,331
173,332
:186_13,333
:186_13,334
:186_13,335
:186_13,336
:186_13,337
:186_13,338
227,339
227,340
227,341
227,342
227,343
227,344
227,345
227,346
227,347
227,348
227,349
227,350
227,351
227,352
227,353
227,354
227,355
227,356
227,357
227,358
227,359
227,360
227,361
227,362
227,363
227,364
227,365
227,366
227,367
227,368
227,369
227,370
227,371
227,372
227,373
227,374
227,375
227,376
227,377
227,378
227,379
227,380
227,381
227,382
227,383
227,384
227,385
227,386
227,387
227,388
227,389
227,390
227,391
227,392
227,393
227,394
227,395
227,396
227,397
227,398
227,399
227,400
227,401
227,402
227,403
227,404
227,405
227,406
-211,407
-211,408
-211,409
-211,410
-211,411
-211,412
-211,413
-211,414
-211,415
-211,416
-211,417
-211,418
-211,419
-211,420
-211,421
-211,422
-211,423
-211,424
-211,425
-211,426
-211,427
-211,428
-211,429
-211,430
-211,431
-211,432
-211,433
-211,434
-211,435
-211,436
-211,437
-211,438
-211,439
-211,440
-211,441
-211,442
-211,443
-211,444
-211,445
-211,446
-211,447
-211,448
-211,449
-211,450
-211,451
-211,452
-211,453
-211,454
-211,455
-211,456
-211,457
:189_12,458
:189_12,459
:189_12,460
:189_12,461
:189_12,462
-176,463
-176,464
-176,465
-176,466
-176,467
-176,468
-176,469
-176,470
-176,471
-176,472
-176,473
-176,474
-176,475
-176,476
-176,477
-176,478
-176,479
-176,480
-176,481
-176,482
-176,483
-176,484
-176,485
-176,486
-176,487
-176,488
-176,489
-176,490
-176,491
-176,492
-176,493
-176,494
-176,495
-176,496
-176,497
-176,498
-176,499
-176,500
-176,501
-176,502
-176,503
-176,504
-176,505
-176,506
-176,507
-176,508
-176,509
-176,510
-176,511
-176,512
-176,513
-176,514
-176,515
-176,516
-176,517
-176,518
-176,519
-176,520
-176,521
-176,522
-176,523
-176,524
-176,525
-176,526
-176,527
-176,528
-176,529
-176,530
-176,531
-176,532
-176,533
-176,534
-176,535
-176,536
-176,537
-176,538
-176,539
-176,540
-176,541
-176,542
-176,543
-176,544
-176,545
-176,546
-176,547
-176,548
-176,549
-176,550
-176,551
-176,552
-176,553
-176,554
-176,555
-176,556
-176,557
-176,558
-176,559
-176,560
-176,561
-176,562
-176,563
-176,564
-176,565
-176,566
-176,567
-176,568
-176,569
-176,570
-176,571
-176,572
-176,573
-176,574
-176,575
-176,576
-176,577
-176,578
-176,579
-176,580
-176,581
-176,582
-176,583
:13_13,584
:13_17,585
685,586
685,587
685,588
685,589
685,590
685,591
685,592
685,593
685,594
685,595
685,596
685,597
685,598
685,599
685,600
685,601
685,602
685,603
685,604
685,605
685,606
685,607
:373_5,608
684,609
684,610
684,611
684,612
684,613
684,614
684,615
684,616
684,617
684,618
684,619
684,620
684,621
684,622
684,623
684,624
684,625
684,626
684,627
684,628
684,629
684,630
:6_9,631
:6_9,632
:6_9,633
6,634
6,635
6,636
6,637
6,638
6,639
6,640
6,641
6,642
6,643
6,644
6,645
6,646
6,647
6,648
6,649
6,650
6,651
6,652
6,653
6,654
6,655
6,656
6,657
6,658
6,659
6,660
6,661
6,662
6,663
6,664
6,665
6,666
6,667
6,668
6,669
6,670
6,671
6,672
6,673
6,674
6,675
6,676
6,677
6,678
6,679
6,680
6,681
6,682
6,683
6,684
6,685
6,686
6,687
6,688
6,689
6,690
6,691
6,692
6,693
6,694
6,695
6,696
6,697
6,698
6,699
6,700
6,701
6,702
6,703
6,704
6,705
6,706
6,707
6,708
6,709
6,710
6,711
6,712
6,713
6,714
6,715
6,716
6,717
6,718
6,719
6,720
6,721
6,722
6,723
6,724
6,725
6,726
6,727
6,728
6,729
6,730
6,731
6,732
6,733
6,734
6,735
6,736
6,737
6,738
6,739
6,740
6,741
6,742
6,743
6,744
6,745
6,746
6,747
6,748
6,749
6,750
6,751
6,752
6,753
6,754
6,755
6,756
6,757
6,758
6,759
6,760
6,761
6,762
6,763
6,764
6,765
6,766
6,767
6,768
6,769
6,770
6,771
6,772
6,773
6,774
6,775
6,776
6,777
6,778
6,779
6,780
6,781
6,782
6,783
6,784
6,785
6,786
6,787
6,788
6,789
6,790
6,791
6,792
6,793
6,794
6,795
6,796
6,797
6,798
6,799
6,800
6,801
6,802
6,803
6,804
6,805
6,806
6,807
6,808
6,809
6,810
6,811
6,812
6,813
6,814
6,815
6,816
6,817
6,818
6,819
6,820
6,821
6,822
6,823
6,824
6,825
6,826
6,827
6,828
6,829
6,830
6,831
6,832
6,833
6,834
6,835
6,836
6,837
6,838
6,839
6,840
6,841
6,842
6,843
6,844
6,845
6,846
6,847
6,848
6,849
6,850
6,851
6,852
6,853
6,854
6,855
6,856
6,857
6,858
6,859
6,860
6,861
6,862
6,863
6,864
6,865
6,866
6,867
6,868
:8_1,869
7,870
7,871
7,872
7,873
7,874
7,875
7,876
7,877
7,878
7,879
7,880
7,881
7,882
7,883
7,884
7,885
7,886
7,887
7,888
7,889
7,890
7,891
7,892
7,893
7,894
7,895
7,896
7,897
7,898
7,899
7,900
7,901
7,902
7,903
7,904
7,905
7,906
7,907
7,908
7,909
7,910
7,911
7,912
7,913
7,914
7,915
7,916
7,917
7,918
7,919
7,920
7,921
7,922
7,923
7,924
7,925
7,926
7,927
7,928
7,929
7,930
7,931
7,932
7,933
7,934
7,935
7,936
7,937
7,938
7,939
7,940
7,941
7,942
7,943
7,944
7,945
7,946
7,947
7,948
8,949
8,950
8,951
8,952
8,953
8,954
8,955
8,956
8,957
8,958
8,959
8,960
8,961
8,962
8,963
8,964
8,965
