-501,4
-501,5
-501,6
-501,7
-501,8
-501,9
-501,10
-501,11
-501,12
-501,13
-501,14
-501,15
-501,16
-501,17
-501,18
-501,19
-501,20
-501,21
-501,22
-501,23
-501,24
-501,25
-501,26
-501,27
-501,28
-501,29
-501,30
-501,31
-501,32
-501,33
-501,34
-501,35
-501,36
-501,37
-501,38
-501,39
-501,40
-501,41
-501,42
-501,43
-501,44
-501,45
-501,46
-501,47
-501,48
-501,49
-501,50
-501,51
-501,52
-501,53
-501,54
-501,55
-501,56
-501,57
-501,58
-501,59
-501,60
-501,61
:90_3,62
:90_3,63
:90_3,64
-78,65
-78,66
-78,67
-78,68
-78,69
-78,70
-78,71
-78,72
-78,73
-78,74
-78,75
-78,76
-78,77
-78,78
-78,79
-78,80
-78,81
-78,82
-78,83
-78,84
-78,85
-78,86
-78,87
-78,88
-78,89
-78,90
-78,91
-78,92
-78,93
-78,94
-78,95
-78,96
-78,97
-78,98
-78,99
-78,100
-78,101
-78,102
-78,103
-78,104
-78,105
-78,106
-78,107
-78,108
-78,109
-78,110
-78,111
-78,112
-78,113
-78,114
-78,115
-78,116
-78,117
-78,118
-78,119
-78,120
-78,121
-78,122
-78,123
-78,124
-78,125
-78,126
-78,127
-78,128
-78,129
-78,130
-78,131
-78,132
-78,133
-78,134
-78,135
-78,136
-78,137
-78,138
-78,139
-78,140
-78,141
-78,142
-78,143
-78,144
-78,145
-78,146
-78,147
-78,148
-78,149
-78,150
-78,151
:19_13,152
:19_13,153
:19_13,154
:19_13,155
:19_13,156
-16,157
-16,158
-16,159
-16,160
-16,161
-16,162
-16,163
-16,164
-16,165
-16,166
-16,167
-16,168
-16,169
-16,170
-16,171
-16,172
-16,173
-16,174
-16,175
-16,176
-16,177
-16,178
-16,179
-16,180
-16,181
-16,182
-16,183
-16,184
-16,185
-16,186
-16,187
-16,188
-16,189
-16,190
-16,191
-16,192
-16,193
-16,194
-16,195
-16,196
-16,197
-16,198
-16,199
-16,200
-16,201
-16,202
-16,203
-16,204
-16,205
-16,206
-16,207
-16,208
-16,209
-16,210
-16,211
-16,212
-16,213
-15,214
-15,215
-15,216
-15,217
-15,218
-15,219
-15,220
-15,221
-15,222
-15,223
-15,224
-15,225
-15,226
-15,227
-15,228
-15,229
-15,230
-15,231
-15,232
-15,233
-15,234
-15,235
-15,236
-15,237
-15,238
-15,239
-15,240
-15,241
-15,242
-15,243
-15,244
-15,245
-15,246
-15,247
-15,248
-15,249
-15,250
-15,251
-15,252
-15,253
-15,254
-15,255
-15,256
-15,257
-15,258
-15,259
-15,260
-15,261
-15,262
-15,263
-15,264
-15,265
-15,266
-15,267
-15,268
-15,269
-15,270
-15,271
-15,272
-15,273
-15,274
-15,275
-15,276
-15,277
-15,278
-15,279
-15,280
-15,281
-15,282
-15,283
-15,284
-15,285
-15,286
-15,287
-15,288
-15,289
-15,290
-15,291
-15,292
-15,293
-15,294
-15,295
-15,296
-15,297
-15,298
-15,299
-15,300
-15,301
-15,302
-15,303
-15,304
-15,305
-15,306
-15,307
-15,308
-15,309
-15,310
-15,311
-15,312
-15,313
-15,314
-15,315
-15,316
:17_0,317
17,318
17,319
17,320
17,321
17,322
17,323
17,324
17,325
17,326
17,327
17,328
17,329
17,330
17,331
17,332
17,333
17,334
17,335
17,336
17,337
17,338
17,339
17,340
17,341
17,342
17,343
17,344
17,345
17,346
17,347
17,348
17,349
17,350
17,351
17,352
17,353
17,354
17,355
17,356
17,357
17,358
17,359
17,360
17,361
17,362
17,363
17,364
17,365
17,366
17,367
17,368
17,369
17,370
17,371
17,372
17,373
17,374
17,375
17,376
17,377
17,378
17,379
17,380
17,381
17,382
17,383
17,384
17,385
17,386
17,387
17,388
17,389
17,390
17,391
17,392
17,393
17,394
17,395
17,396
17,397
17,398
17,399
17,400
17,401
17,402
17,403
17,404
17,405
17,406
17,407
17,408
17,409
17,410
17,411
17,412
17,413
17,414
:20_4,415
:20_4,416
:20_4,417
:20_4,418
:20_4,419
18,420
18,421
18,422
18,423
18,424
18,425
18,426
18,427
18,428
18,429
18,430
18,431
18,432
18,433
18,434
18,435
18,436
18,437
18,438
18,439
18,440
18,441
18,442
18,443
18,444
18,445
18,446
18,447
18,448
18,449
18,450
18,451
18,452
18,453
18,454
18,455
18,456
18,457
18,458
18,459
18,460
18,461
18,462
18,463
18,464
18,465
18,466
18,467
18,468
18,469
18,470
18,471
18,472
18,473
18,474
18,475
18,476
18,477
18,478
18,479
18,480
18,481
18,482
18,483
18,484
18,485
18,486
18,487
18,488
18,489
18,490
18,491
18,492
18,493
18,494
18,495
18,496
18,497
18,498
18,499
18,500
18,501
18,502
18,503
18,504
18,505
18,506
18,507
18,508
18,509
18,510
18,511
18,512
18,513
18,514
18,515
18,516
18,517
18,518
:21_4,519
:21_4,520
:21_4,521
:21_4,522
:21_4,523
:21_4,524
257,525
257,526
257,527
257,528
257,529
257,530
257,531
257,532
257,533
257,534
257,535
257,536
257,537
257,538
257,539
257,540
257,541
257,542
257,543
257,544
257,545
257,546
257,547
257,548
257,549
257,550
257,551
257,552
257,553
257,554
257,555
257,556
257,557
257,558
257,559
257,560
257,561
257,562
257,563
257,564
257,565
257,566
257,567
257,568
257,569
257,570
257,571
257,572
257,573
257,574
257,575
257,576
257,577
257,578
257,579
257,580
257,581
257,582
257,583
257,584
257,585
257,586
257,587
257,588
257,589
257,590
257,591
257,592
257,593
257,594
257,595
257,596
257,597
257,598
257,599
257,600
257,601
257,602
257,603
257,604
257,605
257,606
257,607
257,608
257,609
257,610
257,611
257,612
257,613
257,614
257,615
257,616
257,617
257,618
257,619
257,620
257,621
257,622
257,623
257,624
257,625
257,626
257,627
257,628
257,629
257,630
257,631
257,632
257,633
257,634
257,635
257,636
257,637
257,638
257,639
257,640
257,641
257,642
257,643
257,644
257,645
257,646
257,647
257,648
257,649
257,650
257,651
257,652
257,653
257,654
257,655
257,656
257,657
257,658
257,659
257,660
257,661
257,662
257,663
257,664
257,665
257,666
257,667
257,668
257,669
257,670
257,671
257,672
257,673
257,674
257,675
257,676
257,677
257,678
257,679
257,680
257,681
257,682
257,683
257,684
257,685
:231_4,686
:231_4,687
:231_4,688
:231_4,689
:231_4,690
-225,691
-225,692
-225,693
-225,694
-225,695
-225,696
-225,697
-225,698
-225,699
-225,700
-225,701
-225,702
-225,703
-225,704
-225,705
-225,706
-225,707
-225,708
-225,709
-225,710
-225,711
-225,712
-225,713
-225,714
-225,715
-225,716
-225,717
-225,718
-225,719
-225,720
-225,721
-225,722
-225,723
-225,724
-225,725
-225,726
-225,727
-225,728
-225,729
-225,730
-225,731
-225,732
-225,733
-225,734
-225,735
-225,736
-225,737
-225,738
-225,739
-225,740
-225,741
-225,742
-225,743
-225,744
-225,745
-225,746
-225,747
-225,748
-225,749
-225,750
-225,751
-225,752
-225,753
-225,754
-225,755
-225,756
-225,757
-225,758
-225,759
-225,760
-225,761
-225,762
-225,763
-225,764
-225,765
-225,766
-225,767
-225,768
-225,769
-225,770
-225,771
-225,772
-225,773
-225,774
-225,775
-225,776
-225,777
-225,778
-225,779
-225,780
-225,781
-225,782
-225,783
-225,784
-225,785
-225,786
-225,787
-225,788
-225,789
-225,790
-225,791
-225,792
-225,793
-225,794
-225,795
-225,796
-225,797
-225,798
-225,799
-225,800
-225,801
-225,802
-225,803
-225,804
-225,805
-225,806
-225,807
-225,808
-225,809
-225,810
-225,811
-225,812
-225,813
-225,814
-225,815
-225,816
-225,817
-225,818
-225,819
-225,820
-225,821
-225,822
-225,823
-225,824
-225,825
-225,826
-225,827
-225,828
:227_1,829
:227_1,830
:227_1,831
:227_1,832
:227_1,833
222,834
222,835
222,836
222,837
222,838
222,839
222,840
222,841
222,842
222,843
222,844
222,845
222,846
222,847
222,848
222,849
222,850
222,851
222,852
222,853
222,854
222,855
222,856
222,857
222,858
222,859
222,860
222,861
222,862
222,863
222,864
222,865
222,866
222,867
222,868
222,869
222,870
222,871
222,872
222,873
222,874
222,875
222,876
222,877
222,878
222,879
222,880
222,881
222,882
222,883
222,884
222,885
222,886
222,887
222,888
222,889
222,890
222,891
222,892
222,893
222,894
222,895
222,896
222,897
222,898
222,899
222,900
222,901
222,902
222,903
222,904
222,905
222,906
222,907
222,908
222,909
222,910
222,911
222,912
222,913
222,914
222,915
222,916
222,917
222,918
222,919
222,920
222,921
222,922
222,923
222,924
222,925
222,926
222,927
222,928
222,929
222,930
222,931
222,932
222,933
222,934
222,935
222,936
222,937
222,938
222,939
222,940
222,941
222,942
222,943
222,944
222,945
222,946
222,947
222,948
222,949
222,950
222,951
222,952
222,953
222,954
222,955
222,956
222,957
222,958
222,959
222,960
222,961
222,962
222,963
222,964
222,965
-501,4
