-414,1
-414,1
-414,2
-414,3
-414,4
-414,5
-414,6
-414,7
-414,8
-414,9
-414,10
-414,11
-414,12
-414,13
-414,14
-414,15
-414,16
-414,17
-414,18
-414,19
-414,20
-414,21
-414,22
-414,23
-414,24
-414,25
-414,26
-414,27
-414,28
-414,29
-414,30
-414,31
-414,32
-414,33
-414,34
-414,35
-414,36
-414,37
-414,38
-414,39
-414,40
-414,41
-414,42
-414,43
-414,44
-414,45
-414,46
-414,47
-414,48
-414,49
-414,50
-414,51
-414,52
-414,53
-414,54
-414,55
-414,56
-414,57
-414,58
-414,59
-414,60
-414,61
-414,62
-414,63
-414,64
-414,65
-414,66
-414,67
-414,68
-414,69
-414,70
-414,71
-414,72
-414,73
-414,74
-414,75
-414,76
-414,77
-414,78
-414,79
-414,80
-414,81
-414,82
-414,83
-414,84
-414,85
-414,86
-414,87
-414,88
-414,89
-414,90
-414,91
-414,92
-414,93
-414,94
-414,95
-414,96
-414,97
-414,98
-414,99
-414,100
-414,101
-414,102
-414,103
-414,104
-414,105
-414,106
-414,107
-414,108
-414,109
-414,110
-414,111
-414,112
-414,113
-414,114
-414,115
-414,116
-414,117
-414,118
-414,119
-414,120
-414,121
-414,122
-414,123
-414,124
-414,125
-414,126
-414,127
-414,128
-414,129
-414,130
-414,131
-414,132
-414,133
-414,134
-414,135
-414,136
-414,137
-414,138
-414,139
-414,140
-414,141
-414,142
-414,143
-414,144
-414,145
-414,146
-414,147
-414,148
-414,149
-414,150
-414,151
-414,152
-414,153
-414,154
-414,155
-414,156
-414,157
-414,158
-414,159
-414,160
-414,161
-414,162
-414,163
-414,164
-414,165
-414,166
-414,167
-414,168
-414,169
-414,170
-414,171
-414,172
-414,173
-414,174
-414,175
-414,1
-414,2
-414,3
-414,4
-414,1
-414,1
