145,1
145,1
145,2
145,3
145,4
145,5
145,6
145,7
145,8
145,9
145,10
145,11
145,12
145,13
145,14
145,15
145,16
145,17
145,18
145,19
145,20
145,21
145,22
145,23
145,24
145,25
145,26
145,27
145,28
145,29
145,30
145,31
145,32
145,33
145,34
145,35
145,36
145,37
145,38
145,39
145,40
145,41
145,42
145,43
145,44
145,45
145,46
145,47
145,48
145,49
145,50
145,51
145,52
145,53
145,54
145,55
145,56
145,57
145,58
145,59
145,60
145,61
145,62
145,63
145,64
145,65
145,66
145,67
145,68
145,69
145,70
145,71
145,72
145,73
:161_1,74
:161_1,75
:161_1,76
:161_1,77
:161_1,78
:161_1,79
187,80
187,81
187,82
187,83
187,84
187,85
187,86
187,87
187,88
187,89
187,90
187,91
187,92
187,93
187,94
187,95
187,96
187,97
187,98
187,99
187,100
187,101
187,102
187,103
187,104
187,105
187,106
187,107
187,108
187,109
187,110
187,111
187,112
187,113
187,114
187,115
187,116
187,117
187,118
187,119
187,120
187,121
187,122
187,123
187,124
187,125
187,126
187,127
187,128
187,129
187,130
187,131
187,132
187,133
187,134
187,135
187,136
187,137
187,138
187,139
187,140
187,141
187,142
187,143
187,144
187,145
187,146
187,147
187,148
187,149
187,150
187,151
187,152
187,153
187,154
187,155
187,156
187,157
187,158
187,159
187,160
187,161
187,162
187,163
187,164
187,165
187,166
187,167
187,168
187,169
187,170
187,171
187,172
187,173
187,174
187,175
187,176
187,177
187,178
187,179
187,180
187,181
187,182
:165_0,183
:165_0,184
:165_0,185
-413,186
-413,187
-413,188
-413,189
-413,190
-413,191
-413,192
-413,193
-413,194
-413,195
-413,196
-413,197
-413,198
-413,199
-413,200
-413,201
-413,202
-413,203
-413,204
-413,205
-413,206
-413,207
-413,208
-413,209
-413,210
-413,211
-413,212
-413,213
-413,214
-413,215
-413,216
-413,217
-413,218
-413,219
-413,220
-413,221
-413,222
-413,223
-413,224
-413,225
-413,226
-413,227
-413,228
-413,229
-413,230
-413,231
-413,232
-413,233
-413,234
-413,235
-413,236
-413,237
-413,238
-413,239
-413,240
-413,241
-413,242
-413,243
-413,244
-413,245
-413,246
-413,247
-413,248
-413,249
-413,250
-413,251
-413,252
-413,253
-413,254
-413,255
-413,256
-413,257
-413,258
-413,259
-413,260
-413,261
-413,262
-413,263
-413,264
-413,265
-413,266
-413,267
-413,268
-413,269
-413,270
-413,271
:365_4,272
:365_4,273
:365_4,274
412,275
412,276
412,277
412,278
412,279
412,280
412,281
412,282
412,283
412,284
412,285
412,286
412,287
412,288
412,289
412,290
412,291
412,292
412,293
412,294
412,295
412,296
412,297
412,298
412,299
412,300
412,301
412,302
412,303
412,304
412,305
412,306
412,307
412,308
412,309
412,310
412,311
412,312
412,313
412,314
412,315
412,316
412,317
412,318
412,319
412,320
412,321
412,322
412,323
412,324
412,325
412,326
412,327
412,328
412,329
412,330
412,331
412,332
412,333
412,334
412,335
412,336
412,337
412,338
412,339
412,340
412,341
412,342
412,343
412,344
412,345
412,346
412,347
412,348
412,349
412,350
412,351
412,352
412,353
412,354
412,355
412,356
412,357
412,358
412,359
412,360
412,361
412,362
412,363
412,364
412,365
412,366
412,367
412,368
412,369
412,370
412,371
412,372
412,373
412,374
412,375
412,376
:193_9,377
:193_9,378
:193_9,379
:193_9,380
:193_9,381
:193_9,382
-180,383
-180,384
-180,385
-180,386
-180,387
-180,388
-180,389
-180,390
-180,391
-180,392
-180,393
-180,394
-180,395
-180,396
-180,397
-180,398
-180,399
-180,400
-180,401
-180,402
-180,403
-180,404
-180,405
-180,406
-180,407
-180,408
-180,409
-180,410
-180,411
-180,412
-180,413
-180,414
-180,415
-180,416
-180,417
-180,418
-180,419
-180,420
-180,421
-180,422
-180,423
-180,424
-180,425
-180,426
-180,427
-180,428
-180,429
-180,430
-180,431
-180,432
-180,433
-180,434
-180,435
-180,436
-180,437
-180,438
-180,439
-180,440
-180,441
-180,442
-180,443
-180,444
-180,445
-180,446
-180,447
-180,448
-180,449
-180,450
-180,451
-180,452
-180,453
-180,454
-180,455
-180,456
-180,457
-180,458
:163_8,459
:163_8,460
:163_8,461
-148,462
-148,463
-148,464
-148,465
-148,466
-148,467
-148,468
-148,469
-148,470
-148,471
-148,472
-148,473
-148,474
-148,475
-148,476
-148,477
-148,478
-148,479
-148,480
-148,481
-148,482
-148,483
-148,484
-148,485
-148,486
-148,487
-148,488
-148,489
-148,490
-148,491
-148,492
-148,493
-148,494
-148,495
-148,496
-148,497
-148,498
-148,499
-148,500
-148,501
-148,502
-148,503
-148,504
-148,505
-148,506
-148,507
-148,508
-148,509
-148,510
-148,511
-148,512
-148,513
-148,514
-148,515
-148,516
-148,517
-148,518
-148,519
-148,520
-148,521
-148,522
-148,523
-148,524
-148,525
-148,526
-148,527
-148,528
-148,529
-148,530
-148,531
-148,532
-148,533
-148,534
-148,535
-148,536
-148,537
-148,538
-148,539
-148,540
-148,541
-148,542
-148,543
-148,544
-148,545
-148,546
-148,547
-148,548
-148,549
-148,550
-148,551
-148,552
-148,553
:160_13,554
:160_13,555
:160_13,556
:160_13,557
:160_13,558
147,559
147,560
147,561
147,562
147,563
147,564
147,565
147,566
147,567
147,568
147,569
147,570
147,571
147,572
147,573
147,574
147,575
147,576
147,577
147,578
147,579
147,580
147,581
147,582
147,583
147,584
147,585
147,586
147,587
147,588
147,589
147,590
147,591
147,592
147,593
147,594
147,595
147,596
147,597
147,598
147,599
147,600
147,601
147,602
147,603
147,604
147,605
147,606
147,607
147,608
147,609
147,610
147,611
147,612
147,613
147,614
147,615
147,616
147,617
147,618
147,619
147,620
147,621
147,622
147,623
147,624
147,625
147,626
:101_6,627
:101_6,628
:101_6,629
:101_6,630
:101_6,631
:101_6,632
-86,633
-86,634
-86,635
-86,636
-86,637
-86,638
-86,639
-86,640
-86,641
-86,642
-86,643
-86,644
-86,645
-86,646
-86,647
-86,648
-86,649
-86,650
-86,651
-86,652
-86,653
-86,654
-86,655
-86,656
-86,657
-86,658
-86,659
-86,660
-86,661
-86,662
-86,663
-86,664
-86,665
-86,666
-86,667
-86,668
-86,669
-86,670
-86,671
-86,672
-86,673
-86,674
-86,675
-86,676
-86,677
-86,678
-86,679
-86,680
-86,681
-86,682
-86,683
-86,684
-86,685
-86,686
-86,687
-86,688
-86,689
-86,690
-86,691
-86,692
-86,693
-86,694
-86,695
-86,696
-86,697
-86,698
-86,699
-86,700
-86,701
-86,702
-86,703
-86,704
-86,705
-86,706
-86,707
-86,708
-86,709
-86,710
-86,711
-86,712
-86,713
-86,714
-86,715
-86,716
-86,717
-86,718
-86,719
-86,720
-86,721
-86,722
-86,723
-86,724
-86,725
-86,726
-86,727
-86,728
:27_13,729
:27_13,730
:27_13,731
:27_13,732
:27_13,733
:27_13,734
88,735
88,736
88,737
88,738
88,739
88,740
88,741
88,742
88,743
88,744
88,745
88,746
88,747
88,748
88,749
88,750
88,751
88,752
88,753
88,754
88,755
88,756
88,757
88,758
88,759
88,760
88,761
88,762
88,763
88,764
88,765
88,766
88,767
88,768
88,769
88,770
88,771
88,772
88,773
88,774
88,775
88,776
88,777
88,778
88,779
88,780
88,781
88,782
88,783
88,784
88,785
88,786
88,787
88,788
88,789
88,790
88,791
88,792
88,793
88,794
88,795
88,796
88,797
88,798
88,799
88,800
88,801
88,802
88,803
88,804
88,805
88,806
88,807
88,808
88,809
88,810
88,811
88,812
88,813
88,814
88,815
88,816
88,817
88,818
88,819
88,820
88,821
88,822
88,823
88,824
88,825
88,826
88,827
:103_6,828
:103_6,829
:103_6,830
:103_6,831
:103_6,832
-206,833
-206,834
-206,835
-206,836
-206,837
-206,838
-206,839
-206,840
-206,841
-206,842
-206,843
-206,844
-206,845
-206,846
-206,847
-206,848
-206,849
-206,850
-206,851
-206,852
-206,853
-206,854
-206,855
-206,856
-206,857
-206,858
-206,859
-206,860
-206,861
-206,862
-206,863
-206,864
-206,865
-206,866
-206,867
-206,868
-206,869
-206,870
-206,871
-206,872
-206,873
-206,874
-206,875
-206,876
-206,877
-206,878
-206,879
-206,880
-206,881
-206,882
-206,883
-206,884
-206,885
-206,886
-206,887
-206,888
-206,889
-206,890
-206,891
-206,892
-206,893
-206,894
-206,895
-206,896
:196_13,897
:196_13,898
:196_13,899
:196_13,900
:196_13,901
:196_13,902
-182,903
-182,904
-182,905
-182,906
-182,907
-182,908
-182,909
-182,910
-182,911
-182,912
-182,913
-182,914
-182,915
-182,916
-182,917
-182,918
-182,919
-182,920
-182,921
-182,922
-182,923
-182,924
-182,925
-182,926
-182,927
-182,928
-182,929
-182,930
-182,931
-182,932
-182,933
-182,934
-182,935
-182,936
-182,937
-182,938
-182,939
-182,940
-182,941
-182,942
-182,943
-182,944
-182,945
-182,946
-182,947
-182,948
-182,949
-182,950
-182,951
-182,952
-182,953
-182,954
-182,955
-182,956
-182,957
-182,958
-182,959
-182,960
-182,961
-182,962
-182,963
-182,964
-182,965
-182,966
145,1
145,2
145,3
145,4
145,1
145,1
