-151,4
-151,5
-151,6
-151,7
-151,8
-151,9
-151,10
-151,11
-151,12
-151,13
-151,14
-151,15
-151,16
-151,17
-151,18
-151,19
-151,20
-151,21
-151,22
-151,23
-151,24
-151,25
-151,26
-151,27
-151,28
-151,29
-151,30
-151,31
-151,32
-151,33
-151,34
-151,35
-151,36
-151,37
-151,38
-151,39
-151,40
-151,41
-151,42
-151,43
-151,44
-151,45
-151,46
-151,47
-151,48
-151,49
-151,50
-151,51
-151,52
-151,53
-151,54
-151,55
-151,56
-151,57
-151,58
:166_5,59
:166_5,60
:166_5,61
:166_5,62
:166_5,63
:166_5,64
154,65
154,66
154,67
154,68
154,69
154,70
154,71
154,72
154,73
154,74
154,75
154,76
154,77
154,78
154,79
154,80
154,81
154,82
154,83
154,84
154,85
154,86
154,87
154,88
154,89
154,90
154,91
154,92
154,93
154,94
154,95
154,96
154,97
154,98
154,99
154,100
154,101
154,102
154,103
154,104
154,105
154,106
154,107
154,108
154,109
154,110
154,111
154,112
154,113
154,114
154,115
154,116
154,117
154,118
154,119
154,120
154,121
154,122
154,123
154,124
154,125
154,126
154,127
154,128
154,129
154,130
154,131
154,132
154,133
154,134
154,135
154,136
154,137
154,138
154,139
154,140
154,141
154,142
154,143
154,144
154,145
154,146
154,147
154,148
154,149
154,150
154,151
154,152
154,153
154,154
154,155
154,156
154,157
154,158
154,159
154,160
154,161
154,162
154,163
154,164
154,165
154,166
154,167
154,168
154,169
154,170
154,171
154,172
154,173
154,174
154,175
154,176
154,177
154,178
154,179
154,180
154,181
154,182
154,183
154,184
154,185
154,186
154,187
154,188
154,189
154,190
154,191
154,192
154,193
154,194
154,195
154,196
154,197
154,198
154,199
154,200
154,201
154,202
154,203
154,204
154,205
154,206
154,207
154,208
154,209
154,210
154,211
154,212
154,213
154,214
154,215
154,216
154,217
154,218
154,219
154,220
154,221
154,222
154,223
154,224
154,225
154,226
154,227
154,228
154,229
154,230
154,231
154,232
154,233
154,234
154,235
154,236
154,237
154,238
154,239
154,240
154,241
154,242
154,243
154,244
154,245
154,246
154,247
154,248
154,249
154,250
154,251
154,252
154,253
154,254
154,255
154,256
154,257
154,258
154,259
154,260
154,261
154,262
154,263
154,264
154,265
154,266
154,267
154,268
154,269
154,270
154,271
154,272
154,273
154,274
154,275
154,276
154,277
154,278
154,279
154,280
154,281
154,282
154,283
154,284
154,285
154,286
154,287
154,288
154,289
154,290
154,291
154,292
154,293
154,294
154,295
154,296
154,297
154,298
154,299
154,300
154,301
154,302
154,303
154,304
154,305
154,306
154,307
154,308
154,309
154,310
154,311
154,312
154,313
154,314
154,315
154,316
154,317
154,318
154,319
154,320
154,321
:170_5,322
:170_5,323
:170_5,324
:170_5,325
:170_5,326
:170_5,327
-196,328
-196,329
-196,330
-196,331
-196,332
-196,333
-196,334
-196,335
-196,336
-196,337
-196,338
-196,339
-196,340
-196,341
-196,342
-196,343
-196,344
-196,345
-196,346
-196,347
-196,348
-196,349
-196,350
-196,351
-196,352
-196,353
-196,354
-196,355
-196,356
-196,357
-196,358
-196,359
-196,360
-196,361
-196,362
-196,363
-196,364
-196,365
-196,366
-196,367
-196,368
-196,369
-196,370
-196,371
-196,372
-196,373
-196,374
-196,375
-196,376
-196,377
-196,378
-196,379
-196,380
-196,381
-196,382
-196,383
-196,384
-196,385
-196,386
-196,387
-196,388
-196,389
-196,390
-196,391
-196,392
-196,393
-196,394
-196,395
-196,396
-196,397
-196,398
-196,399
-196,400
-196,401
-196,402
-196,403
-196,404
-196,405
-196,406
-196,407
-196,408
-196,409
-196,410
-196,411
-196,412
-196,413
-196,414
-196,415
-196,416
-196,417
-196,418
-196,419
-196,420
-196,421
-196,422
-196,423
-196,424
-196,425
-196,426
-196,427
-196,428
-196,429
-196,430
-196,431
-196,432
-196,433
-196,434
-196,435
-196,436
-196,437
-196,438
-196,439
-196,440
-196,441
-196,442
-196,443
-196,444
-196,445
-196,446
-196,447
-196,448
-196,449
-196,450
-196,451
-196,452
-196,453
-196,454
-196,455
-196,456
-196,457
-196,458
-196,459
-196,460
-196,461
-196,462
-196,463
-196,464
-196,465
-196,466
-196,467
-196,468
-196,469
-196,470
-196,471
-196,472
-196,473
-196,474
-196,475
-196,476
-196,477
-196,478
-196,479
-196,480
-196,481
-196,482
-196,483
-196,484
-196,485
-196,486
-196,487
-196,488
-196,489
-196,490
-196,491
-196,492
-196,493
-196,494
-196,495
-196,496
-196,497
-196,498
-196,499
-196,500
-196,501
-196,502
-196,503
-196,504
-196,505
-196,506
-196,507
-196,508
-196,509
-196,510
-196,511
-196,512
-196,513
-196,514
-196,515
-196,516
-196,517
-196,518
-196,519
-196,520
-196,521
-196,522
-196,523
-196,524
-196,525
-196,526
-196,527
-196,528
-196,529
-196,530
-196,531
-196,532
-196,533
-196,534
-196,535
-196,536
-196,537
-196,538
-196,539
-196,540
-196,541
-196,542
-196,543
-196,544
-196,545
-196,546
-196,547
-196,548
-196,549
-196,550
-196,551
-196,552
-196,553
-196,554
-196,555
-196,556
-196,557
-196,558
-196,559
-196,560
-196,561
-196,562
-196,563
-196,564
-196,565
-196,566
-196,567
-196,568
-196,569
-196,570
-196,571
-196,572
-196,573
-196,574
-196,575
-196,576
-196,577
-196,578
-196,579
-196,580
-196,581
-196,582
-196,583
-196,584
-196,585
-196,586
-196,587
-196,588
-196,589
-196,590
-196,591
-196,592
-196,593
-196,594
-196,595
-196,596
-196,597
-196,598
-196,599
-196,600
-196,601
-196,602
-196,603
-196,604
-196,605
-196,606
-196,607
-196,608
-196,609
-196,610
-196,611
-196,612
-196,613
-196,614
-196,615
-196,616
-196,617
-196,618
-196,619
-196,620
-196,621
-196,622
-196,623
-196,624
-196,625
-196,626
-196,627
-196,628
-196,629
-196,630
-196,631
-196,632
-196,633
-196,634
-196,635
-196,636
:35_5,637
:35_5,638
:35_5,639
:35_5,640
:35_5,641
:35_5,642
-29,643
-29,644
-29,645
-29,646
-29,647
-29,648
-29,649
-29,650
-29,651
-29,652
-29,653
-29,654
-29,655
-29,656
-29,657
-29,658
-29,659
-29,660
-29,661
-29,662
-29,663
-29,664
-29,665
-29,666
-29,667
-29,668
-29,669
-29,670
-29,671
-29,672
-29,673
-29,674
-29,675
-29,676
-29,677
-29,678
-29,679
-29,680
-29,681
-29,682
-29,683
-29,684
-29,685
-29,686
-29,687
-29,688
-29,689
-29,690
-29,691
-29,692
-29,693
-29,694
-29,695
-29,696
-29,697
-29,698
-29,699
-29,700
-29,701
-29,702
-29,703
-29,704
-29,705
-29,706
-29,707
-29,708
-29,709
-29,710
-29,711
-29,712
-29,713
-29,714
-29,715
-29,716
-29,717
-29,718
-29,719
-29,720
-29,721
-29,722
-29,723
-29,724
-29,725
-29,726
-29,727
-29,728
-29,729
-29,730
-29,731
-29,732
-29,733
-29,734
-29,735
-29,736
-29,737
-29,738
-29,739
-29,740
-29,741
-29,742
-29,743
-29,744
-29,745
-29,746
-29,747
-29,748
-29,749
-29,750
:34_3,751
:34_3,752
:34_3,753
:34_3,754
30,755
30,756
30,757
30,758
30,759
30,760
30,761
30,762
30,763
30,764
30,765
30,766
30,767
30,768
30,769
30,770
30,771
30,772
30,773
30,774
30,775
30,776
30,777
30,778
30,779
30,780
30,781
30,782
30,783
30,784
30,785
30,786
30,787
30,788
30,789
30,790
30,791
30,792
30,793
30,794
30,795
30,796
30,797
30,798
30,799
30,800
30,801
30,802
30,803
30,804
30,805
30,806
30,807
30,808
30,809
30,810
30,811
30,812
30,813
30,814
30,815
30,816
30,817
30,818
30,819
30,820
30,821
30,822
30,823
30,824
30,825
30,826
30,827
30,828
30,829
30,830
30,831
30,832
30,833
30,834
30,835
30,836
30,837
30,838
30,839
30,840
30,841
30,842
30,843
30,844
30,845
30,846
30,847
30,848
30,849
30,850
:36_3,851
:36_3,852
:36_3,853
:36_3,854
:36_3,855
-268,856
-268,857
-268,858
-268,859
-268,860
-268,861
-268,862
-268,863
-268,864
-268,865
-268,866
-268,867
-268,868
-268,869
-268,870
-268,871
-268,872
-268,873
-268,874
-268,875
-268,876
-268,877
-268,878
-268,879
-268,880
-268,881
-268,882
-268,883
-268,884
-268,885
-268,886
-268,887
-268,888
-268,889
-268,890
-268,891
-268,892
-268,893
-268,894
-268,895
-268,896
-268,897
-268,898
-268,899
-268,900
-268,901
-268,902
-268,903
-268,904
-268,905
-268,906
-268,907
-268,908
-268,909
-268,910
-268,911
-268,912
-268,913
-268,914
-268,915
-268,916
-268,917
-268,918
-268,919
-268,920
-268,921
-268,922
-268,923
-268,924
-268,925
-268,926
-268,927
-268,928
-268,929
-268,930
-268,931
-268,932
-268,933
-268,934
-268,935
:238_9,936
:238_9,937
:238_9,938
:238_9,939
:238_9,940
:238_9,941
-234,942
-234,943
-234,944
-234,945
-234,946
-234,947
-234,948
-234,949
-234,950
-234,951
-234,952
-234,953
-234,954
-234,955
-234,956
-234,957
-234,958
-234,959
-234,960
-234,961
-234,962
-234,963
-234,964
-234,965
-151,4
