412,1
412,1
412,2
412,3
412,4
412,5
412,6
412,7
412,8
412,9
412,10
412,11
412,12
412,13
412,14
412,15
412,16
412,17
412,18
412,19
412,20
412,21
412,22
412,23
412,24
412,25
412,26
412,27
412,28
412,29
412,30
412,31
412,32
412,33
412,34
412,35
412,36
412,37
412,38
412,39
412,40
412,41
412,42
412,43
412,44
412,45
412,46
412,47
412,48
412,49
412,50
412,51
412,52
412,53
412,54
412,55
412,56
412,57
412,58
412,59
412,60
412,61
412,62
412,63
412,64
412,65
412,66
412,67
412,68
412,69
412,70
412,71
412,72
412,73
412,74
412,75
412,76
412,77
412,78
412,79
412,80
412,81
412,82
412,83
412,84
412,85
412,86
412,87
412,88
412,89
412,90
:193_9,91
:193_9,92
:193_9,93
:193_9,94
:193_9,95
-180,96
-180,97
-180,98
-180,99
-180,100
-180,101
-180,102
-180,103
-180,104
-180,105
-180,106
-180,107
-180,108
-180,109
-180,110
-180,111
-180,112
-180,113
-180,114
-180,115
-180,116
-180,117
-180,118
-180,119
-180,120
-180,121
-180,122
-180,123
-180,124
-180,125
-180,126
-180,127
-180,128
-180,129
-180,130
-180,131
-180,132
-180,133
-180,134
-180,135
-180,136
-180,137
-180,138
-180,139
-180,140
-180,141
-180,142
-180,143
-180,144
-180,145
-180,146
-180,147
-180,148
-180,149
-180,150
-180,151
-180,152
-180,153
-180,154
-180,155
-180,156
-180,157
-180,158
-180,159
-180,160
-180,161
-180,162
-180,163
:163_8,164
:163_8,165
:163_8,166
-148,167
-148,168
-148,169
-148,170
-148,171
-148,172
-148,173
-148,174
-148,175
-148,176
-148,177
-148,178
-148,179
-148,180
-148,181
-148,182
-148,183
-148,184
-148,185
-148,186
-148,187
-148,188
-148,189
-148,190
-148,191
-148,192
-148,193
-148,194
-148,195
-148,196
-148,197
-148,198
-148,199
-148,200
-148,201
-148,202
-148,203
-148,204
-148,205
-148,206
-148,207
-148,208
-148,209
-148,210
-148,211
-148,212
-148,213
-148,214
-148,215
-148,216
-148,217
-148,218
-148,219
-148,220
-148,221
-148,222
-148,223
-148,224
-148,225
-148,226
-148,227
-148,228
-148,229
-148,230
-148,231
-148,232
-148,233
-148,234
-148,235
-148,236
-148,237
-148,238
-148,239
-148,240
-148,241
-148,242
-148,243
-148,244
-148,245
-148,246
-148,247
-148,248
412,1
412,2
412,3
412,4
412,1
412,1
