-188,1
-188,1
-188,2
-188,3
-188,4
-188,5
-188,6
-188,7
-188,8
-188,9
-188,10
-188,11
-188,12
-188,13
-188,14
-188,15
-188,16
-188,17
-188,18
-188,19
-188,20
-188,21
-188,22
-188,23
-188,24
-188,25
-188,26
-188,27
-188,28
-188,29
-188,30
-188,31
-188,32
-188,33
-188,34
-188,35
-188,36
-188,37
-188,38
-188,39
-188,40
-188,41
-188,42
-188,43
-188,44
-188,45
-188,46
-188,47
-188,48
-188,49
-188,50
-188,51
-188,52
-188,53
-188,54
-188,55
-188,56
-188,57
-188,58
-188,59
-188,60
-188,61
-188,62
-188,63
-188,64
-188,65
-188,66
-188,67
-188,68
-188,69
-188,70
-188,71
-188,72
-188,73
-188,74
-188,75
-188,76
-188,77
-188,78
-188,79
-188,80
-188,81
-188,82
-188,83
-188,84
-188,85
-188,86
-188,87
:161_7,88
:161_7,89
:161_7,90
:161_7,91
:161_7,92
:161_7,93
-145,94
-145,95
-145,96
-145,97
-145,98
-145,99
-145,100
-145,101
-145,102
-145,103
-145,104
-145,105
-145,106
-145,107
-145,108
-145,109
-145,110
-145,111
-145,112
-145,113
-145,114
-145,115
-145,116
-145,117
-145,118
-145,119
-145,120
-145,121
-145,122
-145,123
-145,124
-145,125
-145,126
-145,127
-145,128
-145,129
-145,130
-145,131
-145,132
-145,133
-145,134
-145,135
-145,136
-145,137
-145,138
-145,139
-145,140
-145,141
-145,142
-145,143
-145,144
-145,145
-145,146
-145,147
-145,148
-145,149
-145,150
-145,151
-145,152
-145,153
-145,154
-145,155
-145,156
-145,157
-145,158
-145,159
-145,160
-145,161
-145,162
-145,163
-145,164
-145,165
-145,166
-145,167
-145,168
-145,169
-145,170
:160_9,171
:160_9,172
:160_9,173
:160_9,174
:160_9,175
:160_9,176
146,177
146,178
146,179
146,180
146,181
146,182
146,183
146,184
146,185
146,186
146,187
146,188
146,189
146,190
146,191
146,192
146,193
146,194
146,195
146,196
146,197
146,198
146,199
146,200
146,201
146,202
146,203
146,204
146,205
146,206
146,207
146,208
146,209
146,210
146,211
146,212
146,213
146,214
146,215
146,216
146,217
146,218
146,219
146,220
146,221
:162_1,222
-625,223
-625,224
-625,225
-625,226
-625,227
-625,228
-625,229
-625,230
-625,231
-625,232
-625,233
-625,234
-625,235
-625,236
-625,237
-625,238
-625,239
-625,240
-625,241
-625,242
-625,243
-625,244
-625,245
-625,246
-625,247
-625,248
-625,249
-625,250
-625,251
-625,252
-625,253
-625,254
-625,255
-625,256
-625,257
-625,258
-625,259
-625,260
-625,261
-625,262
-625,263
-625,264
-625,265
-625,266
-625,267
-625,268
-625,269
-625,270
-625,271
-625,272
-625,273
-625,274
:367_7,275
:367_7,276
:367_7,277
:367_7,278
:367_7,279
:367_7,280
-415,281
-415,282
-415,283
-415,284
-415,285
-415,286
-415,287
-415,288
-415,289
-415,290
-415,291
-415,292
-415,293
-415,294
-415,295
-415,296
-415,297
-415,298
-415,299
-415,300
-415,301
-415,302
-415,303
-415,304
-415,305
-415,306
-415,307
-415,308
-415,309
-415,310
-415,311
-415,312
-415,313
-415,314
-415,315
-415,316
-415,317
-415,318
-415,319
-415,320
-415,321
-415,322
-415,323
-415,324
-415,325
-415,326
-415,327
-415,328
-415,329
-415,330
-415,331
-415,332
-415,333
-415,334
-415,335
-415,336
-415,337
-415,338
-415,339
-415,340
-415,341
-415,342
-415,343
-415,344
-415,345
-415,346
-415,347
-415,348
-415,349
-415,350
-415,351
-415,352
-415,353
-415,354
-415,355
-415,356
-415,357
-415,358
-415,359
-415,360
-415,361
-415,362
-415,363
-415,364
-415,365
-415,366
-415,367
-415,368
-415,369
-415,370
-415,371
-415,372
-415,373
-415,374
-415,375
:26_7,376
:26_7,377
:26_7,378
:26_7,379
:26_7,380
:26_7,381
-167,382
-167,383
-167,384
-167,385
-167,386
-167,387
-167,388
-167,389
-167,390
-167,391
-167,392
-167,393
-167,394
-167,395
-167,396
-167,397
-167,398
-167,399
-167,400
-167,401
-167,402
-167,403
-167,404
-167,405
-167,406
-167,407
-167,408
-167,409
-167,410
-167,411
-167,412
-167,413
-167,414
-167,415
-167,416
-167,417
-167,418
-167,419
-167,420
-167,421
-167,422
-167,423
-167,424
-167,425
-167,426
-167,427
-167,428
-167,429
-167,430
-167,431
-167,432
-167,433
-167,434
-167,435
-167,436
-167,437
-167,438
-167,439
-167,440
-167,441
-167,442
-167,443
-167,444
-167,445
-167,446
-167,447
-167,448
-167,449
-167,450
-167,451
-167,452
-167,453
-167,454
-167,455
-167,456
-167,457
-167,458
-167,459
-167,460
-167,461
:178_5,462
:178_5,463
:178_5,464
:178_5,465
:178_5,466
:178_5,467
:178_5,468
164,469
164,470
164,471
164,472
164,473
164,474
164,475
164,476
164,477
164,478
164,479
164,480
164,481
164,482
164,483
164,484
164,485
164,486
164,487
164,488
164,489
164,490
164,491
164,492
164,493
164,494
164,495
164,496
164,497
164,498
164,499
164,500
164,501
164,502
164,503
164,504
164,505
164,506
164,507
164,508
164,509
164,510
164,511
164,512
164,513
164,514
164,515
164,516
164,517
164,518
164,519
164,520
164,521
164,522
164,523
164,524
164,525
164,526
164,527
164,528
164,529
164,530
164,531
164,532
164,533
164,534
164,535
164,536
164,537
164,538
164,539
164,540
164,541
164,542
164,543
164,544
164,545
164,546
164,547
164,548
164,549
164,550
164,551
164,552
164,553
164,554
164,555
164,556
164,557
164,558
164,559
164,560
164,561
164,562
164,563
164,564
164,565
164,566
164,567
164,568
164,569
164,570
164,571
164,572
164,573
164,574
164,575
164,576
164,577
164,578
164,579
164,580
164,581
164,582
164,583
164,584
164,585
164,586
164,587
164,588
164,589
164,590
164,591
164,592
164,593
164,594
164,595
164,596
164,597
164,598
164,599
164,600
164,601
164,602
164,603
164,604
164,605
164,606
164,607
164,608
164,609
164,610
164,611
164,612
164,613
164,614
164,615
164,616
164,617
164,618
164,619
164,620
164,621
164,622
164,623
164,624
164,625
164,626
164,627
164,628
164,629
164,630
164,631
164,632
164,633
164,634
164,635
164,636
164,637
164,638
164,639
164,640
164,641
164,642
164,643
164,644
164,645
164,646
164,647
164,648
164,649
164,650
164,651
164,652
164,653
164,654
164,655
164,656
164,657
164,658
164,659
164,660
164,661
164,662
164,663
164,664
164,665
164,666
164,667
164,668
164,669
164,670
164,671
164,672
164,673
164,674
164,675
164,676
164,677
164,678
164,679
164,680
164,681
164,682
164,683
164,684
164,685
164,686
164,687
164,688
164,689
164,690
164,691
164,692
164,693
164,694
164,695
164,696
164,697
164,698
164,699
164,700
164,701
164,702
:179_9,703
:179_9,704
:179_9,705
:179_9,706
:179_9,707
:179_9,708
-646,709
-646,710
-646,711
-646,712
-646,713
-646,714
-646,715
-646,716
-646,717
-646,718
-646,719
-646,720
-646,721
-646,722
-646,723
-646,724
-646,725
-646,726
-646,727
-646,728
-646,729
-646,730
-646,731
-646,732
-646,733
-646,734
-646,735
-646,736
-646,737
-646,738
-646,739
-646,740
-646,741
-646,742
-646,743
-646,744
-646,745
-646,746
-646,747
-646,748
-646,749
-646,750
-646,751
-646,752
-646,753
-646,754
-646,755
-646,756
-646,757
-646,758
-646,759
-646,760
-646,761
-646,762
-646,763
-646,764
-646,765
-646,766
-646,767
-646,768
-646,769
-646,770
-646,771
-646,772
-646,773
-646,774
-646,775
-646,776
-646,777
-646,778
-646,779
-646,780
-646,781
-646,782
-646,783
-646,784
-646,785
-646,786
-646,787
-646,788
-646,789
-646,790
-646,791
-646,792
-646,793
-646,794
-646,795
-646,796
-646,797
-646,798
-646,799
-646,800
-646,801
-646,802
-646,803
-646,804
-646,805
-646,806
-646,807
-646,808
-646,809
-646,810
-646,811
-646,812
-646,813
-646,814
-646,815
-646,816
-646,817
-646,818
-646,819
-646,820
-646,821
-646,822
-646,823
-646,824
-646,825
-646,826
:211_3,827
:211_3,828
:211_3,829
:211_3,830
:211_3,831
:211_3,832
-204,833
-204,834
-204,835
-204,836
-204,837
-204,838
-204,839
-204,840
-204,841
-204,842
-204,843
-204,844
-204,845
-204,846
-204,847
-204,848
-204,849
-204,850
-204,851
-204,852
-204,853
-204,854
-204,855
-204,856
-204,857
-204,858
-204,859
-204,860
-204,861
-204,862
-204,863
-204,864
-204,865
-204,866
-204,867
-204,868
-204,869
-204,870
-204,871
-204,872
-204,873
-204,874
-204,875
-204,876
-204,877
-204,878
-204,879
-204,880
-204,881
-204,882
-204,883
-204,884
-204,885
-204,886
-204,887
-204,888
-204,889
-204,890
-204,891
-204,892
-204,893
-204,894
-204,895
-204,896
-204,897
-204,898
-204,899
-204,900
-204,901
-204,902
-204,903
-204,904
-204,905
-204,906
-204,907
-204,908
-204,909
-204,910
:136_5,911
:136_5,912
:136_5,913
:136_5,914
:136_5,915
:136_5,916
-119,917
-119,918
-119,919
-119,920
-119,921
-119,922
-119,923
-119,924
-119,925
-119,926
-119,927
-119,928
-119,929
-119,930
-119,931
-119,932
-119,933
-119,934
-119,935
-119,936
-119,937
-119,938
-119,939
-119,940
-119,941
-119,942
-119,943
-119,944
-119,945
-119,946
-119,947
-119,948
-119,949
-119,950
-119,951
-119,952
-119,953
-119,954
-119,955
-119,956
-119,957
-119,958
-119,959
-119,960
-119,961
-119,962
-119,963
-119,964
-119,965
-119,966
-188,1
-188,2
-188,3
-188,4
-188,1
-188,1
