-99,1
-99,1
-99,2
-99,3
-99,4
-99,5
-99,6
-99,7
-99,8
-99,9
-99,10
-99,11
-99,12
-99,13
-99,14
-99,15
-99,16
-99,17
-99,18
-99,19
-99,20
-99,21
-99,22
-99,23
-99,24
-99,25
-99,26
-99,27
-99,28
-99,29
-99,30
-99,31
-99,32
-99,33
-99,34
-99,35
-99,36
-99,37
-99,38
-99,39
-99,40
-99,41
-99,42
-99,43
-99,44
-99,45
-99,46
-99,47
-99,48
-99,49
-99,50
-99,51
-99,52
-99,53
-99,54
-99,55
-99,56
-99,57
-99,58
-99,59
-99,60
-99,61
-99,62
-99,63
-99,64
-99,65
-99,66
-99,67
-99,68
-99,69
-99,70
-99,71
-99,72
-99,73
-99,74
-99,75
-99,76
-99,77
-99,78
-99,79
-99,80
-99,81
-99,82
-99,83
-99,84
-99,85
-99,86
-99,87
-99,88
-99,89
-99,90
-99,91
-99,92
-99,93
-99,94
-99,95
-99,96
-99,97
-99,98
-99,99
-99,100
-99,101
-99,102
-99,103
-99,104
-99,105
-99,106
-99,107
-99,108
-99,109
-99,110
-99,111
-99,112
-99,113
-99,114
-99,115
-99,116
-99,117
-99,118
-99,119
-99,120
-99,121
-99,122
-99,123
-99,124
-99,125
-99,126
-99,127
-99,128
-99,129
-99,130
-99,131
-99,132
:115_1,133
:115_1,134
:115_9,135
:115_9,136
:115_9,137
101,138
101,139
101,140
101,141
101,142
101,143
101,144
101,145
101,146
101,147
101,148
101,149
101,150
101,151
101,152
101,153
101,154
101,155
101,156
101,157
101,158
101,159
101,160
101,161
101,162
101,163
101,164
101,165
101,166
101,167
101,168
101,169
101,170
101,171
101,172
101,173
101,174
101,175
101,176
101,177
101,178
101,179
101,180
101,181
101,182
101,183
101,184
101,185
101,186
101,187
101,188
101,189
101,190
101,191
101,192
101,193
101,194
101,195
101,196
101,197
101,198
101,199
101,200
101,201
101,202
101,203
101,204
101,205
101,206
101,207
101,208
101,209
101,210
101,211
101,212
101,213
101,214
101,215
101,216
101,217
101,218
101,219
101,220
101,221
101,222
101,223
101,224
101,225
101,226
101,227
101,228
101,229
101,230
101,231
101,232
101,233
101,234
101,235
101,236
101,237
101,238
101,239
101,240
101,241
101,242
101,243
101,244
101,245
101,246
101,247
101,248
101,249
101,250
101,251
101,252
101,253
101,254
101,255
101,256
101,257
101,258
101,259
101,260
101,261
101,262
101,263
101,264
101,265
101,266
101,267
101,268
101,269
101,270
101,271
-360,272
-360,273
-360,274
-360,275
-360,276
-360,277
-360,278
-360,279
-360,280
-360,281
-360,282
-360,283
-360,284
-360,285
-360,286
-360,287
-360,288
-360,289
-360,290
-360,291
-360,292
-360,293
-360,294
-360,295
-360,296
-360,297
-360,298
-360,299
-360,300
-360,301
-360,302
-360,303
-360,304
-360,305
-360,306
-360,307
-360,308
-360,309
-360,310
-360,311
-360,312
-360,313
-360,314
-360,315
-360,316
-360,317
-360,318
-360,319
-360,320
-360,321
-360,322
-360,323
-360,324
-360,325
-360,326
-360,327
-360,328
-360,329
:333_7,330
:333_7,331
:333_7,332
:333_7,333
361,334
361,335
361,336
361,337
361,338
361,339
361,340
361,341
361,342
361,343
361,344
361,345
361,346
361,347
361,348
361,349
361,350
361,351
361,352
361,353
361,354
361,355
361,356
361,357
361,358
361,359
361,360
361,361
361,362
361,363
361,364
361,365
361,366
361,367
361,368
361,369
361,370
361,371
361,372
361,373
361,374
361,375
361,376
361,377
361,378
361,379
361,380
361,381
361,382
361,383
361,384
361,385
361,386
361,387
361,388
361,389
:234_0,390
:234_0,391
:234_0,392
:234_0,393
:234_0,394
-230,395
-230,396
-230,397
-230,398
-230,399
-230,400
-230,401
-230,402
-230,403
-230,404
-230,405
-230,406
-230,407
-230,408
-230,409
-230,410
-230,411
-230,412
-230,413
-230,414
-230,415
-230,416
-230,417
-230,418
-230,419
-230,420
-230,421
-230,422
-230,423
-230,424
-230,425
-230,426
-230,427
-230,428
-230,429
-230,430
-230,431
-230,432
-230,433
-230,434
-230,435
-230,436
-230,437
-230,438
-230,439
-230,440
-230,441
-230,442
-230,443
-230,444
-230,445
-230,446
-230,447
:113_13,448
:113_13,449
:113_13,450
:113_13,451
:113_13,452
-96,453
-96,454
-96,455
-96,456
-96,457
-96,458
-96,459
-96,460
-96,461
-96,462
-96,463
-96,464
-96,465
-96,466
-96,467
-96,468
-96,469
-96,470
-96,471
-96,472
-96,473
-96,474
-96,475
-96,476
-96,477
-96,478
-96,479
-96,480
-96,481
-96,482
-96,483
-96,484
-96,485
-96,486
-96,487
-96,488
-96,489
-96,490
-96,491
-96,492
-96,493
-96,494
-96,495
-96,496
-96,497
-96,498
-96,499
-96,500
-96,501
-96,502
-96,503
-96,504
-96,505
-96,506
-96,507
-96,508
:112_1,509
:112_1,510
:112_1,511
:112_1,512
:112_1,513
-95,514
-95,515
-95,516
-95,517
-95,518
-95,519
-95,520
-95,521
-95,522
-95,523
-95,524
-95,525
-95,526
-95,527
-95,528
-95,529
-95,530
-95,531
-95,532
-95,533
-95,534
-95,535
-95,536
-95,537
-95,538
-95,539
-95,540
-95,541
-95,542
-95,543
-95,544
-95,545
-95,546
-95,547
-95,548
-95,549
-95,550
-95,551
-95,552
-95,553
-95,554
-95,555
:111_0,556
:111_0,557
:111_0,558
98,559
98,560
98,561
98,562
98,563
98,564
98,565
98,566
98,567
98,568
98,569
98,570
98,571
98,572
98,573
98,574
98,575
98,576
98,577
98,578
98,579
98,580
98,581
98,582
98,583
98,584
98,585
98,586
98,587
98,588
98,589
98,590
98,591
98,592
98,593
98,594
98,595
98,596
98,597
98,598
98,599
98,600
98,601
98,602
98,603
98,604
98,605
98,606
98,607
98,608
98,609
98,610
98,611
98,612
98,613
98,614
98,615
98,616
98,617
98,618
98,619
98,620
98,621
98,622
98,623
98,624
98,625
98,626
98,627
98,628
98,629
98,630
98,631
98,632
98,633
98,634
98,635
98,636
98,637
98,638
98,639
98,640
98,641
98,642
98,643
98,644
98,645
98,646
98,647
98,648
98,649
98,650
98,651
98,652
98,653
98,654
98,655
98,656
98,657
98,658
98,659
98,660
98,661
98,662
98,663
98,664
98,665
98,666
98,667
98,668
98,669
98,670
98,671
98,672
98,673
98,674
98,675
98,676
98,677
98,678
98,679
98,680
98,681
98,682
98,683
98,684
98,685
98,686
98,687
98,688
98,689
98,690
98,691
98,692
98,693
98,694
98,695
98,696
98,697
98,698
98,699
98,700
98,701
98,702
98,703
98,704
98,705
98,706
98,707
98,708
98,709
:56_4,710
:56_4,711
:56_4,712
308,713
308,714
308,715
308,716
308,717
308,718
308,719
308,720
308,721
308,722
308,723
308,724
308,725
308,726
308,727
308,728
308,729
308,730
308,731
308,732
308,733
308,734
308,735
308,736
308,737
308,738
308,739
308,740
308,741
308,742
308,743
308,744
308,745
308,746
308,747
308,748
308,749
308,750
308,751
:291_7,752
:291_7,753
:291_7,754
:291_7,755
-305,756
-305,757
-305,758
-305,759
-305,760
-305,761
-305,762
-305,763
-305,764
-305,765
-305,766
-305,767
-305,768
-305,769
-305,770
-305,771
-305,772
-305,773
-305,774
-305,775
-305,776
-305,777
-305,778
-305,779
-305,780
-305,781
-305,782
-305,783
-305,784
-305,785
-305,786
-305,787
-305,788
-305,789
-305,790
-305,791
-305,792
-305,793
-305,794
-305,795
-305,796
-305,797
-305,798
-305,799
-305,800
-305,801
-305,802
-305,803
-305,804
-305,805
-305,806
-305,807
-305,808
-305,809
-305,810
-305,811
-305,812
-99,1
-99,2
-99,3
-99,4
-99,1
-99,1
