-292,4
-292,5
-292,6
-292,7
-292,8
-292,9
-292,10
-292,11
-292,12
-292,13
-292,14
-292,15
-292,16
-292,17
-292,18
-292,19
-292,20
-292,21
-292,22
-292,23
-292,24
-292,25
-292,26
-292,27
-292,28
-292,29
-292,30
-292,31
-292,32
-292,33
-292,34
-292,35
-292,36
-292,37
-292,38
-292,39
-292,40
-292,41
-292,42
-292,43
-292,44
-292,45
-292,46
-292,47
-292,48
-292,49
-292,50
-292,51
-292,52
-292,53
-292,54
-292,55
-292,56
-292,57
-292,58
:122_5,59
:122_5,60
:122_5,61
:122_5,62
:122_5,63
:122_5,64
-106,65
-106,66
-106,67
-106,68
-106,69
-106,70
-106,71
-106,72
-106,73
-106,74
-106,75
-106,76
-106,77
-106,78
-106,79
-106,80
-106,81
-106,82
-106,83
-106,84
-106,85
-106,86
-106,87
-106,88
-106,89
-106,90
-106,91
-106,92
-106,93
-106,94
-106,95
-106,96
-106,97
-106,98
-106,99
-106,100
-106,101
-106,102
-106,103
-106,104
-106,105
-106,106
-106,107
-106,108
-106,109
-106,110
-106,111
-106,112
-106,113
-106,114
-106,115
-106,116
-106,117
-106,118
-106,119
-106,120
-106,121
-106,122
-106,123
-106,124
-106,125
-106,126
-106,127
-106,128
-106,129
-106,130
-106,131
-106,132
-106,133
-106,134
-106,135
-106,136
:119_5,137
:119_5,138
:119_5,139
:119_5,140
:119_5,141
:119_5,142
105,143
105,144
105,145
105,146
105,147
105,148
105,149
105,150
105,151
105,152
105,153
105,154
105,155
105,156
105,157
105,158
105,159
105,160
105,161
105,162
105,163
105,164
105,165
105,166
105,167
105,168
105,169
105,170
105,171
105,172
105,173
105,174
105,175
105,176
105,177
105,178
105,179
105,180
105,181
105,182
105,183
105,184
105,185
105,186
105,187
105,188
105,189
105,190
105,191
105,192
105,193
105,194
105,195
105,196
105,197
105,198
105,199
105,200
105,201
105,202
105,203
105,204
105,205
105,206
105,207
105,208
105,209
105,210
105,211
105,212
105,213
105,214
105,215
105,216
105,217
105,218
105,219
105,220
105,221
105,222
105,223
:121_3,224
:121_3,225
:121_3,226
:121_3,227
:121_3,228
:121_3,229
432,230
432,231
432,232
432,233
432,234
432,235
432,236
432,237
432,238
432,239
432,240
432,241
432,242
432,243
432,244
432,245
432,246
432,247
432,248
432,249
432,250
432,251
432,252
432,253
432,254
432,255
432,256
432,257
432,258
432,259
432,260
432,261
432,262
432,263
432,264
432,265
432,266
432,267
432,268
432,269
432,270
432,271
432,272
432,273
432,274
432,275
432,276
432,277
432,278
432,279
432,280
432,281
432,282
432,283
432,284
432,285
432,286
432,287
432,288
432,289
432,290
432,291
432,292
432,293
432,294
432,295
432,296
432,297
432,298
432,299
432,300
432,301
432,302
432,303
:376_3,304
:376_3,305
:376_3,306
:376_3,307
:376_3,308
587,309
587,310
587,311
587,312
587,313
587,314
587,315
587,316
587,317
587,318
587,319
587,320
587,321
587,322
587,323
587,324
587,325
587,326
587,327
587,328
587,329
587,330
587,331
587,332
587,333
587,334
587,335
587,336
587,337
587,338
587,339
587,340
587,341
587,342
587,343
587,344
587,345
587,346
587,347
587,348
587,349
587,350
587,351
587,352
587,353
587,354
587,355
587,356
587,357
587,358
587,359
587,360
587,361
587,362
587,363
587,364
587,365
587,366
587,367
587,368
587,369
587,370
587,371
587,372
587,373
587,374
587,375
587,376
587,377
587,378
587,379
587,380
587,381
587,382
587,383
587,384
587,385
587,386
587,387
587,388
587,389
587,390
587,391
587,392
:225_3,393
:225_3,394
:225_3,395
:225_3,396
:225_3,397
:225_3,398
-219,399
-219,400
-219,401
-219,402
-219,403
-219,404
-219,405
-219,406
-219,407
-219,408
-219,409
-219,410
-219,411
-219,412
-219,413
-219,414
-219,415
-219,416
-219,417
-219,418
-219,419
-219,420
-219,421
-219,422
-219,423
-219,424
-219,425
-219,426
-219,427
-219,428
-219,429
-219,430
-219,431
-219,432
-219,433
-219,434
-219,435
-219,436
-219,437
-219,438
-219,439
-219,440
-219,441
-219,442
-219,443
-219,444
-219,445
-219,446
-219,447
-219,448
-219,449
-219,450
-219,451
-219,452
-219,453
-219,454
-219,455
-219,456
-219,457
-219,458
-219,459
-219,460
-219,461
-219,462
-219,463
-219,464
-219,465
-219,466
-219,467
-219,468
-219,469
-219,470
-219,471
-219,472
-219,473
-219,474
-219,475
-219,476
-219,477
-219,478
-219,479
-219,480
-219,481
-219,482
-219,483
-219,484
-219,485
-219,486
-219,487
-219,488
-219,489
-219,490
:221_9,491
:221_9,492
:221_9,493
:221_9,494
:221_9,495
:221_9,496
221,497
221,498
221,499
221,500
221,501
221,502
221,503
221,504
221,505
221,506
221,507
221,508
221,509
221,510
221,511
221,512
221,513
221,514
221,515
221,516
221,517
221,518
221,519
221,520
221,521
221,522
221,523
221,524
221,525
221,526
221,527
221,528
221,529
221,530
221,531
221,532
221,533
221,534
221,535
221,536
221,537
221,538
221,539
221,540
221,541
221,542
221,543
221,544
221,545
221,546
221,547
221,548
221,549
221,550
221,551
221,552
221,553
221,554
221,555
221,556
221,557
221,558
221,559
221,560
221,561
221,562
221,563
221,564
221,565
221,566
221,567
221,568
221,569
221,570
221,571
221,572
221,573
221,574
221,575
221,576
221,577
221,578
221,579
221,580
221,581
221,582
221,583
221,584
221,585
221,586
221,587
:226_7,588
:226_7,589
:226_7,590
:226_7,591
:226_7,592
:226_7,593
316,594
316,595
316,596
316,597
316,598
316,599
316,600
316,601
316,602
316,603
316,604
316,605
316,606
316,607
316,608
316,609
316,610
316,611
316,612
316,613
316,614
316,615
316,616
316,617
316,618
316,619
316,620
316,621
316,622
316,623
316,624
316,625
316,626
316,627
316,628
316,629
316,630
316,631
316,632
316,633
316,634
316,635
316,636
316,637
316,638
316,639
316,640
316,641
316,642
316,643
316,644
316,645
316,646
316,647
316,648
316,649
316,650
316,651
316,652
316,653
316,654
316,655
316,656
316,657
316,658
316,659
316,660
316,661
316,662
316,663
316,664
316,665
316,666
316,667
316,668
316,669
316,670
316,671
316,672
316,673
316,674
316,675
316,676
316,677
316,678
316,679
316,680
316,681
316,682
316,683
316,684
316,685
316,686
-47,687
-47,688
-47,689
-47,690
-47,691
-47,692
-47,693
-47,694
-47,695
-47,696
-47,697
-47,698
-47,699
-47,700
-47,701
-47,702
-47,703
-47,704
-47,705
-47,706
-47,707
-47,708
-47,709
-47,710
-47,711
-47,712
-47,713
-47,714
-47,715
-47,716
-47,717
-47,718
-47,719
-47,720
-47,721
-47,722
-47,723
-47,724
-47,725
-47,726
-47,727
-47,728
-47,729
-47,730
-47,731
-47,732
-47,733
-47,734
-47,735
-47,736
-47,737
-47,738
-47,739
-47,740
-47,741
-47,742
-47,743
-47,744
-47,745
-47,746
-47,747
-47,748
-47,749
-47,750
-47,751
-47,752
-47,753
-47,754
-47,755
-47,756
-47,757
-47,758
-47,759
-47,760
-47,761
-47,762
-47,763
-47,764
-47,765
-47,766
-47,767
-47,768
-47,769
-47,770
-47,771
:52_5,772
:52_5,773
:52_5,774
:52_5,775
:52_5,776
:52_5,777
:52_5,778
46,779
46,780
46,781
46,782
46,783
46,784
46,785
46,786
46,787
46,788
46,789
46,790
46,791
46,792
46,793
46,794
46,795
46,796
46,797
46,798
46,799
46,800
46,801
46,802
46,803
46,804
46,805
46,806
46,807
46,808
46,809
46,810
46,811
46,812
46,813
46,814
46,815
46,816
46,817
46,818
46,819
46,820
46,821
46,822
46,823
46,824
46,825
46,826
46,827
46,828
46,829
46,830
46,831
46,832
46,833
46,834
46,835
46,836
46,837
46,838
46,839
46,840
46,841
46,842
46,843
46,844
46,845
46,846
46,847
46,848
46,849
46,850
46,851
46,852
46,853
46,854
46,855
46,856
46,857
46,858
46,859
46,860
46,861
46,862
46,863
46,864
46,865
46,866
46,867
46,868
46,869
46,870
46,871
46,872
46,873
46,874
46,875
46,876
46,877
46,878
46,879
46,880
46,881
46,882
46,883
46,884
46,885
46,886
46,887
46,888
46,889
46,890
46,891
46,892
46,893
46,894
46,895
46,896
46,897
46,898
46,899
46,900
46,901
:54_4,902
:54_4,903
:54_4,904
:54_4,905
:54_4,906
:54_4,907
310,908
310,909
310,910
310,911
310,912
310,913
310,914
310,915
310,916
310,917
310,918
310,919
310,920
310,921
310,922
310,923
310,924
310,925
310,926
310,927
310,928
310,929
310,930
310,931
310,932
310,933
310,934
310,935
310,936
310,937
310,938
310,939
310,940
310,941
310,942
310,943
310,944
310,945
310,946
310,947
310,948
310,949
310,950
310,951
310,952
310,953
310,954
310,955
310,956
310,957
310,958
310,959
310,960
310,961
310,962
310,963
310,964
310,965
-292,4
