452,1
452,1
452,2
452,3
452,4
452,5
452,6
452,7
452,8
452,9
452,10
452,11
452,12
452,13
452,14
452,15
452,16
452,17
452,18
452,19
452,20
452,21
452,22
452,23
452,24
452,25
452,26
452,27
452,28
452,29
452,30
452,31
452,32
452,33
452,34
452,35
452,36
452,37
452,38
452,39
452,40
452,41
452,42
452,43
452,44
452,45
452,46
452,47
452,48
452,49
452,50
452,51
452,52
452,53
452,54
452,55
452,56
452,57
452,58
452,59
452,60
452,61
452,62
452,63
452,64
452,65
452,66
452,67
452,68
452,69
452,70
452,71
452,72
452,73
452,74
452,75
452,76
452,77
452,78
452,79
452,80
452,81
452,82
452,83
452,84
452,85
452,86
452,87
452,88
452,89
452,90
452,91
452,92
452,93
452,94
452,95
452,96
452,97
452,98
452,99
452,100
452,101
452,102
452,103
452,104
452,105
452,106
452,107
452,108
452,109
452,110
452,111
452,112
452,113
452,114
452,115
452,116
452,117
452,118
452,119
452,120
452,121
452,122
452,123
452,124
452,125
452,126
452,127
452,128
452,129
452,130
452,131
452,132
452,133
452,134
452,135
452,136
452,137
452,138
452,139
452,140
452,141
452,142
452,143
452,144
452,145
452,146
452,147
452,148
452,149
452,150
:103_0,151
:103_0,152
:103_0,153
:103_0,154
-88,155
-88,156
-88,157
-88,158
-88,159
-88,160
-88,161
-88,162
-88,163
-88,164
-88,165
-88,166
-88,167
-88,168
-88,169
-88,170
-88,171
-88,172
-88,173
-88,174
-88,175
-88,176
-88,177
-88,178
-88,179
-88,180
-88,181
-88,182
-88,183
-88,184
-88,185
-88,186
-88,187
-88,188
-88,189
-88,190
-88,191
-88,192
-88,193
-88,194
-88,195
-88,196
-88,197
-88,198
-88,199
-88,200
-88,201
-88,202
-88,203
-88,204
-88,205
-88,206
-88,207
-88,208
-88,209
-88,210
-88,211
-88,212
-88,213
-88,214
-88,215
-88,216
-88,217
-88,218
-88,219
-88,220
-88,221
-88,222
-88,223
-88,224
-88,225
-88,226
-88,227
-88,228
-88,229
-88,230
-88,231
-88,232
-88,233
-88,234
-88,235
-88,236
-88,237
-88,238
-88,239
:27_5,240
:27_5,241
:27_5,242
:27_5,243
:27_5,244
:27_5,245
86,246
86,247
86,248
86,249
86,250
86,251
86,252
86,253
86,254
86,255
86,256
86,257
86,258
86,259
86,260
86,261
86,262
86,263
86,264
86,265
86,266
86,267
86,268
86,269
86,270
86,271
86,272
86,273
86,274
86,275
86,276
86,277
86,278
86,279
86,280
86,281
86,282
86,283
86,284
86,285
86,286
86,287
86,288
86,289
86,290
86,291
86,292
86,293
86,294
86,295
86,296
86,297
86,298
86,299
86,300
86,301
86,302
86,303
86,304
86,305
86,306
86,307
86,308
86,309
86,310
86,311
86,312
86,313
86,314
86,315
86,316
86,317
86,318
86,319
86,320
86,321
86,322
86,323
86,324
86,325
86,326
86,327
86,328
86,329
86,330
86,331
86,332
86,333
:101_4,334
:101_4,335
:101_4,336
:101_4,337
:101_4,338
:101_4,339
-147,340
-147,341
-147,342
-147,343
-147,344
-147,345
-147,346
-147,347
-147,348
-147,349
-147,350
-147,351
-147,352
-147,353
-147,354
-147,355
-147,356
-147,357
-147,358
-147,359
-147,360
-147,361
-147,362
-147,363
-147,364
-147,365
-147,366
-147,367
-147,368
-147,369
-147,370
-147,371
-147,372
-147,373
-147,374
-147,375
-147,376
-147,377
-147,378
-147,379
-147,380
-147,381
-147,382
-147,383
-147,384
-147,385
-147,386
-147,387
-147,388
-147,389
-147,390
-147,391
-147,392
-147,393
-147,394
-147,395
-147,396
-147,397
-147,398
-147,399
-147,400
-147,401
:160_4,402
:160_4,403
:160_4,404
:160_4,405
146,406
146,407
146,408
146,409
146,410
146,411
146,412
146,413
146,414
146,415
146,416
146,417
146,418
146,419
146,420
146,421
146,422
146,423
146,424
146,425
146,426
146,427
146,428
146,429
146,430
146,431
146,432
146,433
146,434
146,435
146,436
146,437
146,438
146,439
146,440
146,441
146,442
146,443
146,444
146,445
146,446
-625,447
-625,448
-625,449
-625,450
-625,451
-625,452
-625,453
-625,454
-625,455
-625,456
-625,457
-625,458
-625,459
-625,460
-625,461
-625,462
-625,463
-625,464
-625,465
-625,466
-625,467
-625,468
-625,469
-625,470
-625,471
-625,472
-625,473
-625,474
-625,475
-625,476
-625,477
-625,478
-625,479
-625,480
-625,481
-625,482
-625,483
-625,484
-625,485
-625,486
-625,487
-625,488
-625,489
-625,490
-625,491
-625,492
-625,493
:367_7,494
:367_7,495
:367_7,496
:367_7,497
:367_7,498
-415,499
-415,500
-415,501
-415,502
-415,503
-415,504
-415,505
-415,506
-415,507
-415,508
-415,509
-415,510
-415,511
-415,512
-415,513
-415,514
-415,515
-415,516
-415,517
-415,518
-415,519
-415,520
-415,521
-415,522
-415,523
-415,524
-415,525
-415,526
-415,527
-415,528
-415,529
-415,530
-415,531
-415,532
-415,533
-415,534
-415,535
-415,536
-415,537
-415,538
-415,539
-415,540
-415,541
-415,542
-415,543
-415,544
-415,545
-415,546
-415,547
-415,548
-415,549
-415,550
-415,551
-415,552
-415,553
-415,554
-415,555
-415,556
-415,557
-415,558
-415,559
-415,560
-415,561
-415,562
-415,563
-415,564
-415,565
-415,566
-415,567
-415,568
-415,569
-415,570
-415,571
-415,572
-415,573
-415,574
-415,575
-415,576
-415,577
-415,578
-415,579
-415,580
-415,581
-415,582
-415,583
-415,584
:26_7,585
:26_7,586
:26_7,587
:26_7,588
:26_7,589
-167,590
-167,591
-167,592
-167,593
-167,594
-167,595
-167,596
-167,597
-167,598
-167,599
-167,600
-167,601
-167,602
-167,603
-167,604
-167,605
-167,606
-167,607
-167,608
-167,609
-167,610
-167,611
-167,612
-167,613
-167,614
-167,615
-167,616
-167,617
-167,618
-167,619
-167,620
-167,621
-167,622
-167,623
-167,624
-167,625
-167,626
-167,627
-167,628
-167,629
-167,630
-167,631
-167,632
-167,633
-167,634
-167,635
-167,636
-167,637
-167,638
-167,639
-167,640
-167,641
-167,642
-167,643
-167,644
-167,645
-167,646
-167,647
-167,648
-167,649
-167,650
-167,651
-167,652
-167,653
-167,654
-167,655
-167,656
-167,657
-167,658
-167,659
-167,660
-167,661
-167,662
:178_5,663
:178_5,664
:178_5,665
:178_5,666
:178_5,667
:178_5,668
164,669
164,670
164,671
164,672
164,673
164,674
164,675
164,676
164,677
164,678
164,679
164,680
164,681
164,682
164,683
164,684
164,685
164,686
164,687
164,688
164,689
164,690
164,691
164,692
164,693
164,694
164,695
164,696
164,697
164,698
164,699
164,700
164,701
164,702
164,703
164,704
164,705
164,706
164,707
164,708
164,709
164,710
164,711
164,712
164,713
164,714
164,715
164,716
164,717
164,718
164,719
164,720
164,721
164,722
164,723
164,724
164,725
164,726
164,727
164,728
164,729
164,730
164,731
164,732
164,733
164,734
164,735
164,736
164,737
164,738
164,739
164,740
164,741
164,742
164,743
164,744
164,745
164,746
164,747
164,748
164,749
164,750
164,751
164,752
164,753
164,754
164,755
164,756
164,757
164,758
164,759
164,760
164,761
164,762
164,763
164,764
164,765
164,766
164,767
164,768
164,769
164,770
164,771
164,772
164,773
164,774
164,775
164,776
164,777
164,778
164,779
164,780
164,781
164,782
164,783
164,784
164,785
164,786
164,787
164,788
164,789
164,790
164,791
164,792
164,793
164,794
164,795
164,796
164,797
164,798
164,799
164,800
164,801
164,802
164,803
164,804
164,805
164,806
164,807
164,808
164,809
164,810
164,811
164,812
164,813
164,814
164,815
164,816
164,817
164,818
164,819
164,820
164,821
164,822
164,823
164,824
164,825
164,826
164,827
164,828
164,829
164,830
164,831
164,832
164,833
164,834
164,835
164,836
164,837
164,838
164,839
164,840
164,841
164,842
164,843
164,844
164,845
164,846
164,847
164,848
164,849
164,850
164,851
164,852
164,853
164,854
164,855
164,856
164,857
164,858
164,859
164,860
164,861
164,862
164,863
164,864
164,865
164,866
164,867
164,868
164,869
164,870
164,871
164,872
164,873
164,874
164,875
164,876
164,877
164,878
164,879
:179_9,880
:179_9,881
:179_9,882
:179_9,883
:179_9,884
-646,885
-646,886
-646,887
-646,888
-646,889
-646,890
-646,891
-646,892
-646,893
-646,894
-646,895
-646,896
-646,897
-646,898
-646,899
-646,900
-646,901
-646,902
-646,903
-646,904
-646,905
-646,906
-646,907
-646,908
-646,909
-646,910
-646,911
-646,912
-646,913
-646,914
-646,915
-646,916
-646,917
-646,918
-646,919
-646,920
-646,921
-646,922
-646,923
-646,924
-646,925
-646,926
-646,927
-646,928
-646,929
-646,930
-646,931
-646,932
-646,933
-646,934
-646,935
-646,936
-646,937
-646,938
-646,939
-646,940
-646,941
-646,942
-646,943
-646,944
-646,945
-646,946
-646,947
-646,948
-646,949
-646,950
-646,951
-646,952
-646,953
-646,954
-646,955
-646,956
-646,957
-646,958
-646,959
-646,960
-646,961
-646,962
-646,963
-646,964
-646,965
-646,966
452,1
452,2
452,3
452,4
452,1
452,1
