-37,1
-37,1
-37,2
-37,3
-37,4
-37,5
-37,6
-37,7
-37,8
-37,9
-37,10
-37,11
-37,12
-37,13
-37,14
-37,15
-37,16
-37,17
-37,18
-37,19
-37,20
-37,21
-37,22
-37,23
-37,24
-37,25
-37,26
-37,27
-37,28
-37,29
-37,30
-37,31
-37,32
-37,33
-37,34
-37,35
-37,36
-37,37
-37,38
-37,39
-37,40
-37,41
-37,42
-37,43
-37,44
-37,45
-37,46
-37,47
-37,48
-37,49
-37,50
-37,51
-37,52
-37,53
-37,54
-37,55
-37,56
-37,57
-37,58
-37,59
-37,60
-37,61
-37,62
-37,63
-37,64
-37,65
-37,66
-37,67
-37,68
-37,69
-37,70
-37,71
-37,72
-37,73
-37,74
-37,75
-37,76
-37,77
-37,78
-37,79
-37,80
-37,81
-37,82
-37,83
-37,84
-37,85
-37,86
-37,87
-37,88
-37,89
-37,90
-37,91
-37,92
-37,93
-37,94
-37,95
-37,96
-37,97
-37,98
-37,99
-37,100
-37,101
-37,102
-37,103
-37,104
-37,105
-37,106
-37,107
-37,108
:43_9,109
:43_9,110
:43_9,111
:43_9,112
36,113
36,114
36,115
36,116
36,117
36,118
36,119
36,120
36,121
36,122
36,123
36,124
36,125
36,126
36,127
36,128
36,129
36,130
36,131
36,132
36,133
36,134
36,135
36,136
36,137
36,138
36,139
36,140
36,141
36,142
36,143
36,144
36,145
36,146
36,147
36,148
36,149
36,150
36,151
36,152
36,153
36,154
36,155
36,156
36,157
36,158
36,159
36,160
36,161
36,162
36,163
36,164
36,165
36,166
36,167
36,168
36,169
36,170
36,171
36,172
36,173
36,174
36,175
36,176
36,177
36,178
36,179
36,180
36,181
36,182
36,183
36,184
36,185
36,186
36,187
36,188
36,189
36,190
36,191
36,192
36,193
36,194
36,195
36,196
36,197
36,198
36,199
36,200
36,201
36,202
36,203
36,204
36,205
36,206
36,207
36,208
36,209
36,210
36,211
36,212
36,213
36,214
36,215
36,216
36,217
36,218
36,219
36,220
36,221
36,222
36,223
36,224
36,225
36,226
36,227
36,228
36,229
36,230
36,231
36,232
36,233
36,234
36,235
36,236
:44_3,237
:44_3,238
:44_3,239
:44_3,240
-42,241
-42,242
-42,243
-42,244
-42,245
-42,246
-42,247
-42,248
-42,249
-42,250
-42,251
-42,252
-42,253
-42,254
-42,255
-42,256
-42,257
-42,258
-42,259
-42,260
-42,261
-42,262
-42,263
-42,264
-42,265
-42,266
-42,267
-42,268
-42,269
-42,270
-42,271
-42,272
-42,273
-42,274
-42,275
-42,276
-42,277
-42,278
-42,279
-42,280
-42,281
-42,282
-42,283
-42,284
-42,285
-42,286
-42,287
-42,288
-42,289
-42,290
-42,291
-42,292
-42,293
-42,294
-42,295
-42,296
-42,297
-42,298
-42,299
-42,300
-42,301
-42,302
-42,303
-42,304
-42,305
-42,306
-42,307
-42,308
-42,309
-42,310
-42,311
-42,312
-42,313
-42,314
-42,315
-42,316
-42,317
-42,318
-42,319
-42,320
-42,321
-42,322
-42,323
-42,324
-42,325
-42,326
-42,327
-42,328
-42,329
-42,330
-42,331
-42,332
-42,333
-42,334
-42,335
-42,336
-42,337
-42,338
-42,339
-42,340
-42,341
-42,342
-42,343
-42,344
-42,345
-42,346
-42,347
:48_9,348
:48_9,349
:48_9,350
:48_9,351
:48_9,352
41,353
41,354
41,355
41,356
41,357
41,358
41,359
41,360
41,361
41,362
41,363
41,364
41,365
41,366
41,367
41,368
41,369
41,370
41,371
41,372
41,373
41,374
41,375
41,376
41,377
41,378
41,379
41,380
41,381
41,382
41,383
41,384
41,385
41,386
41,387
41,388
41,389
41,390
41,391
41,392
41,393
41,394
41,395
41,396
41,397
41,398
41,399
41,400
41,401
41,402
41,403
41,404
41,405
41,406
41,407
41,408
41,409
41,410
41,411
41,412
41,413
41,414
41,415
41,416
41,417
41,418
41,419
41,420
41,421
41,422
41,423
41,424
41,425
41,426
41,427
41,428
41,429
41,430
41,431
41,432
41,433
41,434
41,435
41,436
41,437
41,438
41,439
41,440
41,441
41,442
41,443
41,444
41,445
41,446
41,447
41,448
41,449
41,450
41,451
41,452
41,453
41,454
41,455
41,456
41,457
41,458
41,459
41,460
41,461
41,462
41,463
41,464
41,465
41,466
41,467
41,468
41,469
41,470
41,471
41,472
41,473
41,474
41,475
41,476
41,477
41,478
41,479
41,480
41,481
41,482
41,483
41,484
41,485
41,486
41,487
41,488
41,489
41,490
41,491
41,492
41,493
41,494
41,495
41,496
41,497
41,498
41,499
41,500
41,501
41,502
41,503
41,504
41,505
41,506
41,507
41,508
41,509
41,510
41,511
41,512
41,513
41,514
41,515
41,516
41,517
41,518
41,519
41,520
41,521
41,522
41,523
41,524
41,525
41,526
41,527
41,528
41,529
41,530
41,531
41,532
41,533
41,534
41,535
41,536
41,537
41,538
41,539
41,540
41,541
41,542
41,543
41,544
41,545
41,546
41,547
41,548
41,549
41,550
41,551
41,552
41,553
41,554
41,555
41,556
41,557
41,558
41,559
41,560
41,561
41,562
41,563
41,564
41,565
41,566
41,567
41,568
41,569
41,570
41,571
41,572
41,573
41,574
41,575
41,576
41,577
41,578
41,579
41,580
41,581
41,582
41,583
41,584
41,585
41,586
41,587
41,588
41,589
41,590
41,591
41,592
41,593
41,594
41,595
41,596
41,597
41,598
41,599
41,600
41,601
41,602
41,603
41,604
41,605
41,606
41,607
41,608
41,609
41,610
41,611
41,612
41,613
41,614
41,615
41,616
41,617
41,618
41,619
41,620
41,621
41,622
41,623
41,624
41,625
41,626
41,627
41,628
41,629
41,630
41,631
41,632
41,633
41,634
41,635
41,636
41,637
41,638
41,639
41,640
41,641
41,642
41,643
41,644
41,645
41,646
41,647
41,648
41,649
41,650
41,651
41,652
41,653
41,654
41,655
41,656
41,657
41,658
41,659
41,660
41,661
41,662
41,663
41,664
41,665
41,666
41,667
41,668
41,669
41,670
41,671
41,672
41,673
41,674
41,675
41,676
41,677
41,678
41,679
41,680
41,681
41,682
41,683
41,684
41,685
41,686
41,687
41,688
41,689
41,690
41,691
41,692
41,693
41,694
41,695
41,696
41,697
41,698
41,699
41,700
41,701
41,702
41,703
41,704
41,705
41,706
41,707
41,708
41,709
41,710
41,711
41,712
41,713
41,714
41,715
41,716
41,717
41,718
41,719
41,720
41,721
41,722
41,723
41,724
41,725
41,726
41,727
41,728
:6_4,729
:6_4,730
:6_4,731
:6_4,732
6,733
6,734
6,735
6,736
6,737
6,738
6,739
6,740
6,741
6,742
6,743
6,744
6,745
6,746
6,747
6,748
6,749
6,750
6,751
6,752
6,753
6,754
6,755
6,756
6,757
6,758
6,759
6,760
6,761
6,762
6,763
6,764
6,765
6,766
6,767
6,768
6,769
6,770
6,771
6,772
6,773
6,774
6,775
6,776
6,777
6,778
6,779
6,780
6,781
6,782
6,783
6,784
6,785
6,786
6,787
6,788
6,789
6,790
6,791
6,792
6,793
6,794
6,795
6,796
6,797
6,798
6,799
6,800
6,801
6,802
6,803
6,804
6,805
6,806
6,807
6,808
6,809
6,810
6,811
6,812
6,813
6,814
6,815
6,816
6,817
6,818
6,819
6,820
6,821
6,822
6,823
6,824
6,825
6,826
6,827
6,828
6,829
6,830
6,831
6,832
6,833
6,834
6,835
6,836
6,837
6,838
6,839
6,840
6,841
6,842
6,843
6,844
6,845
6,846
6,847
6,848
6,849
6,850
6,851
6,852
6,853
6,854
6,855
6,856
6,857
6,858
6,859
6,860
6,861
6,862
6,863
6,864
6,865
6,866
6,867
6,868
6,869
6,870
6,871
6,872
6,873
6,874
6,875
6,876
6,877
6,878
6,879
6,880
6,881
6,882
6,883
6,884
6,885
6,886
6,887
6,888
6,889
6,890
6,891
6,892
6,893
6,894
6,895
6,896
6,897
6,898
6,899
6,900
6,901
6,902
6,903
6,904
6,905
6,906
6,907
6,908
6,909
6,910
6,911
6,912
:8_1,913
7,914
7,915
7,916
7,917
7,918
7,919
7,920
7,921
7,922
7,923
7,924
7,925
7,926
7,927
7,928
7,929
7,930
7,931
7,932
7,933
7,934
7,935
7,936
7,937
7,938
7,939
7,940
7,941
7,942
7,943
7,944
7,945
7,946
7,947
7,948
7,949
7,950
7,951
7,952
7,953
7,954
7,955
7,956
7,957
7,958
7,959
7,960
7,961
7,962
7,963
7,964
7,965
7,966
-37,1
-37,2
-37,3
-37,4
-37,1
-37,1
