-103,1
-103,1
-103,1
-103,2
-103,3
-103,4
-103,5
-103,6
-103,7
-103,8
-103,9
-103,10
-103,11
-103,12
-103,13
-103,14
-103,15
-103,16
-103,17
-103,18
-103,19
-103,20
-103,21
-103,22
-103,23
-103,24
-103,25
-103,26
-103,27
-103,28
-103,29
-103,30
-103,31
-103,32
-103,33
-103,34
-103,35
-103,36
-103,37
-103,38
-103,39
-103,40
-103,41
-103,42
-103,43
-103,44
-103,45
-103,46
-103,47
-103,48
-103,49
-103,50
-103,51
-103,52
-103,53
-103,54
-103,55
-103,56
-103,57
-103,58
-103,59
-103,60
-103,61
-103,62
-103,63
-103,64
-103,65
-103,66
-103,67
-103,68
-103,69
-103,70
-103,71
-103,72
-103,73
-103,74
-103,75
-103,76
-103,77
-103,78
-103,79
-103,80
-103,81
-103,82
-103,83
-103,84
-103,85
-103,86
-103,87
-103,88
-103,89
-103,90
-103,91
-103,92
-103,93
-103,94
-103,95
-103,96
-103,97
-103,98
-103,99
-103,100
-103,101
-103,102
-103,103
-103,104
-103,105
-103,106
-103,107
-103,108
-103,109
-103,110
-103,111
-103,112
-103,113
-103,114
-103,115
-103,116
-103,117
-103,118
-103,119
-103,120
-103,121
-103,122
-103,123
-103,124
-103,125
-103,126
:119_1,127
:119_1,128
:119_1,129
:119_1,130
:119_1,131
104,132
104,133
104,134
104,135
104,136
104,137
104,138
104,139
104,140
104,141
104,142
104,143
104,144
104,145
104,146
104,147
104,148
104,149
104,150
104,151
104,152
104,153
104,154
104,155
104,156
104,157
104,158
104,159
104,160
104,161
104,162
104,163
104,164
104,165
104,166
104,167
104,168
104,169
104,170
104,171
104,172
104,173
104,174
104,175
104,176
104,177
104,178
104,179
104,180
104,181
104,182
104,183
104,184
104,185
104,186
104,187
104,188
104,189
104,190
104,191
104,192
104,193
104,194
104,195
104,196
104,197
104,198
104,199
104,200
104,201
104,202
104,203
104,204
104,205
104,206
104,207
104,208
104,209
104,210
104,211
104,212
104,213
104,214
104,215
104,216
104,217
104,218
104,219
104,220
104,221
104,222
104,223
104,224
104,225
104,226
104,227
104,228
104,229
:87_1,230
:87_1,231
:87_1,232
:87_1,233
:87_1,234
-75,235
-75,236
-75,237
-75,238
-75,239
-75,240
-75,241
-75,242
-75,243
-75,244
-75,245
-75,246
-75,247
-75,248
-75,249
-75,250
-75,251
-75,252
-75,253
-75,254
-75,255
-75,256
-75,257
-75,258
-75,259
-75,260
-75,261
-75,262
-75,263
-75,264
-75,265
-75,266
-75,267
-75,268
-75,269
-75,270
-75,271
-75,272
-75,273
-75,274
-75,275
-75,276
-75,277
-75,278
-75,279
-75,280
-75,281
-75,282
-75,283
-75,284
-75,285
-75,286
-75,287
-75,288
-75,289
-75,290
-75,291
-75,292
-75,293
-75,294
-75,295
-75,296
-75,297
-75,298
-75,299
-75,300
-75,301
-75,302
-75,303
-75,304
-75,305
-75,306
-75,307
-75,308
-75,309
-75,310
-75,311
-75,312
-75,313
-75,314
-75,315
-75,316
-75,317
-75,318
-75,319
-75,320
-75,321
-75,322
-75,323
-75,324
-75,325
-75,326
-75,327
-75,328
-75,329
-75,330
-75,331
-75,332
-75,333
-75,334
-75,335
-75,336
-75,337
-75,338
-75,339
-75,340
-75,341
-75,342
-75,343
-75,344
-75,345
-75,346
-75,347
-75,348
-75,349
-75,350
-75,351
-75,352
-75,353
-75,354
-75,355
-75,356
-75,357
-75,358
-75,359
-75,360
-75,361
-75,362
:85_1,363
:85_1,364
:85_1,365
:85_1,366
:85_1,367
73,368
73,369
73,370
73,371
73,372
73,373
73,374
73,375
73,376
73,377
73,378
73,379
73,380
73,381
73,382
73,383
73,384
73,385
73,386
73,387
73,388
73,389
73,390
73,391
73,392
73,393
73,394
73,395
73,396
73,397
73,398
73,399
73,400
73,401
73,402
73,403
73,404
73,405
73,406
73,407
73,408
73,409
73,410
73,411
73,412
73,413
73,414
73,415
73,416
73,417
73,418
73,419
73,420
73,421
73,422
73,423
73,424
73,425
73,426
73,427
73,428
73,429
73,430
73,431
73,432
73,433
73,434
73,435
73,436
73,437
73,438
73,439
73,440
73,441
73,442
73,443
73,444
73,445
73,446
73,447
73,448
73,449
:86_0,450
:86_0,451
:86_0,452
:86_0,453
:86_0,454
130,455
130,456
130,457
130,458
130,459
130,460
130,461
130,462
130,463
130,464
130,465
130,466
130,467
130,468
130,469
130,470
130,471
130,472
130,473
130,474
130,475
130,476
130,477
130,478
130,479
130,480
130,481
130,482
130,483
130,484
130,485
130,486
130,487
-93,488
-93,489
-93,490
-93,491
-93,492
-93,493
-93,494
-93,495
-93,496
-93,497
-93,498
-93,499
-93,500
-93,501
-93,502
-93,503
-93,504
-93,505
-93,506
-93,507
-93,508
-93,509
-93,510
-93,511
-93,512
-93,513
-93,514
-93,515
-93,516
-93,517
-93,518
-93,519
-93,520
-93,521
-93,522
-93,523
-93,524
-93,525
-93,526
-93,527
-93,528
-93,529
-93,530
-93,531
-93,532
-93,533
-93,534
-93,535
-93,536
-93,537
-93,538
-93,539
-93,540
-93,541
-93,542
-93,543
-93,544
:105_0,545
:105_0,546
:105_0,547
:105_0,548
:105_0,549
-89,550
-89,551
-89,552
-89,553
-89,554
-89,555
-89,556
-89,557
-89,558
-89,559
-89,560
-89,561
-89,562
-89,563
-89,564
-89,565
-89,566
-89,567
-89,568
-89,569
-89,570
-89,571
-89,572
-89,573
-89,574
-89,575
-89,576
-89,577
-89,578
-89,579
-89,580
-89,581
-89,582
-89,583
-89,584
-89,585
-89,586
-89,587
-89,588
-89,589
-89,590
-89,591
-89,592
-89,593
-89,594
-89,595
-89,596
-89,597
-89,598
-89,599
-89,600
-89,601
-89,602
-89,603
-89,604
-89,605
-89,606
-89,607
-89,608
-89,609
-89,610
-89,611
-89,612
-89,613
-89,614
-89,615
-89,616
-89,617
-89,618
-89,619
-89,620
-89,621
-89,622
-89,623
-89,624
-89,625
-89,626
-89,627
:104_5,628
:104_5,629
:104_5,630
:104_5,631
:104_5,632
90,633
90,634
90,635
90,636
90,637
90,638
90,639
90,640
90,641
90,642
90,643
90,644
90,645
90,646
90,647
90,648
90,649
90,650
90,651
90,652
90,653
90,654
90,655
90,656
90,657
90,658
90,659
90,660
90,661
90,662
90,663
90,664
90,665
90,666
90,667
90,668
90,669
90,670
90,671
90,672
90,673
90,674
90,675
90,676
90,677
90,678
90,679
90,680
90,681
90,682
90,683
90,684
90,685
90,686
90,687
90,688
90,689
90,690
90,691
90,692
90,693
90,694
90,695
90,696
90,697
90,698
90,699
90,700
90,701
90,702
90,703
90,704
90,705
90,706
90,707
90,708
90,709
90,710
90,711
90,712
90,713
90,714
90,715
90,716
90,717
90,718
90,719
90,720
90,721
90,722
90,723
90,724
90,725
90,726
90,727
90,728
90,729
90,730
90,731
90,732
90,733
90,734
90,735
90,736
90,737
90,738
90,739
90,740
90,741
90,742
90,743
90,744
90,745
90,746
90,747
90,748
90,749
90,750
90,751
90,752
90,753
90,754
90,755
90,756
90,757
90,758
90,759
90,760
90,761
90,762
90,763
90,764
90,765
90,766
90,767
90,768
90,769
90,770
90,771
90,772
90,773
90,774
90,775
90,776
90,777
:106_0,778
:106_0,779
:106_0,780
:106_0,781
:106_0,782
-325,783
-325,784
-325,785
-325,786
-325,787
-325,788
-325,789
-325,790
-325,791
-325,792
-325,793
-325,794
-325,795
-325,796
-325,797
-325,798
-325,799
-325,800
-325,801
-325,802
-325,803
-325,804
-325,805
-325,806
-325,807
-325,808
-325,809
-325,810
-325,811
-325,812
-325,813
-325,814
-325,815
-325,816
-325,817
-325,818
-325,819
-325,820
-325,821
-325,822
-325,823
-325,824
-325,825
-325,826
-325,827
-325,828
-325,829
-325,830
-325,831
-325,832
-325,833
-325,834
-325,835
-325,836
-325,837
-325,838
-325,839
-325,840
-325,841
-325,842
-325,843
-325,844
-325,845
-325,846
-325,847
-325,848
-325,849
-325,850
-325,851
-325,852
-325,853
-325,854
-325,855
-325,856
-325,857
-325,858
-325,859
-325,860
-325,861
-325,862
-325,863
-325,864
-325,865
-325,866
-325,867
-325,868
-325,869
:246_1,870
:246_1,871
:246_1,872
:246_1,873
:246_1,874
-245,875
-245,876
-245,877
-245,878
-245,879
-245,880
-245,881
-245,882
-245,883
-245,884
-245,885
-245,886
-245,887
-245,888
-245,889
-245,890
-245,891
-245,892
-245,893
-245,894
-245,895
-245,896
-245,897
-245,898
-245,899
-245,900
-245,901
-245,902
-245,903
-245,904
-245,905
-245,906
-245,907
-245,908
-245,909
-245,910
-245,911
-245,912
-245,913
-245,914
-245,915
-245,916
-245,917
-245,918
-245,919
-245,920
-245,921
:215_5,922
:215_5,923
:215_5,924
:215_5,925
:215_5,926
-244,927
-244,928
-244,929
-244,930
-244,931
-244,932
-244,933
-244,934
-244,935
-244,936
-244,937
-244,938
-244,939
-244,940
-244,941
-244,942
-244,943
-244,944
-244,945
-244,946
-244,947
-244,948
-244,949
-244,950
-244,951
-244,952
-244,953
-244,954
-244,955
-244,956
-244,957
-244,958
-244,959
-244,960
-244,961
-244,962
-244,963
-244,964
-244,965
-244,966
-103,1
-103,2
-103,3
-103,4
-103,1
-103,1
