557,4
557,5
557,6
557,7
557,8
557,9
557,10
557,11
557,12
557,13
557,14
557,15
557,16
557,17
557,18
557,19
557,20
557,21
557,22
557,23
557,24
557,25
557,26
557,27
557,28
557,29
557,30
557,31
557,32
557,33
557,34
557,35
557,36
:428_1,37
:428_1,38
:428_1,39
:428_9,40
:428_9,41
:428_9,42
558,43
558,44
558,45
558,46
558,47
558,48
558,49
558,50
558,51
558,52
558,53
558,54
558,55
558,56
558,57
558,58
558,59
558,60
558,61
558,62
558,63
558,64
558,65
558,66
558,67
558,68
558,69
558,70
558,71
558,72
558,73
558,74
558,75
558,76
558,77
558,78
558,79
558,80
558,81
558,82
558,83
558,84
558,85
558,86
558,87
558,88
558,89
558,90
558,91
558,92
558,93
558,94
558,95
558,96
558,97
558,98
558,99
558,100
558,101
558,102
558,103
558,104
558,105
558,106
558,107
558,108
558,109
558,110
558,111
558,112
558,113
558,114
558,115
558,116
558,117
558,118
558,119
558,120
558,121
558,122
558,123
558,124
558,125
558,126
558,127
558,128
558,129
558,130
558,131
558,132
558,133
558,134
:218_6,135
:218_6,136
:218_6,137
:218_6,138
:218_6,139
-212,140
-212,141
-212,142
-212,143
-212,144
-212,145
-212,146
-212,147
-212,148
-212,149
-212,150
-212,151
-212,152
-212,153
-212,154
-212,155
-212,156
-212,157
-212,158
-212,159
-212,160
-212,161
-212,162
-212,163
-212,164
-212,165
-212,166
-212,167
-212,168
-212,169
-212,170
-212,171
-212,172
-212,173
-212,174
-212,175
-212,176
-212,177
-212,178
-212,179
-212,180
-212,181
-212,182
-212,183
-212,184
-212,185
-212,186
-212,187
-212,188
-212,189
-212,190
-212,191
-212,192
-212,193
:189_1,194
:189_1,195
:189_1,196
:189_1,197
:189_1,198
:189_1,199
-176,200
-176,201
-176,202
-176,203
-176,204
-176,205
-176,206
-176,207
-176,208
-176,209
-176,210
-176,211
-176,212
-176,213
-176,214
-176,215
-176,216
-176,217
-176,218
-176,219
-176,220
-176,221
-176,222
-176,223
-176,224
-176,225
-176,226
-176,227
-176,228
-176,229
-176,230
-176,231
-176,232
-176,233
-176,234
-176,235
-176,236
-176,237
-176,238
-176,239
-176,240
-176,241
-176,242
-176,243
-176,244
-176,245
-176,246
-176,247
-176,248
-176,249
-176,250
-176,251
-176,252
-176,253
-176,254
-176,255
-176,256
-176,257
-176,258
-176,259
-176,260
-176,261
-176,262
-176,263
-176,264
-176,265
-176,266
-176,267
-176,268
-176,269
-176,270
-176,271
-176,272
-176,273
-176,274
-176,275
-176,276
-176,277
-176,278
-176,279
-176,280
-176,281
-176,282
-176,283
-176,284
-176,285
-176,286
-176,287
-176,288
-176,289
-176,290
-176,291
-176,292
-176,293
-176,294
-176,295
-176,296
-176,297
-176,298
-176,299
-176,300
-176,301
-176,302
-176,303
-176,304
-176,305
-176,306
-176,307
-176,308
-176,309
-176,310
-176,311
-176,312
-176,313
-176,314
-176,315
-176,316
-176,317
-176,318
-176,319
:13_13,320
:13_13,321
:13_17,322
685,323
685,324
685,325
685,326
685,327
685,328
685,329
685,330
685,331
685,332
685,333
685,334
685,335
685,336
685,337
685,338
685,339
685,340
685,341
685,342
685,343
:373_5,344
:373_5,345
684,346
684,347
684,348
684,349
684,350
684,351
684,352
684,353
684,354
684,355
684,356
684,357
684,358
684,359
684,360
684,361
684,362
684,363
684,364
684,365
684,366
:6_9,367
:6_9,368
:6_9,369
6,370
6,371
6,372
6,373
6,374
6,375
6,376
6,377
6,378
6,379
6,380
6,381
6,382
6,383
6,384
6,385
6,386
6,387
6,388
6,389
6,390
6,391
6,392
6,393
6,394
6,395
6,396
6,397
6,398
6,399
6,400
6,401
6,402
6,403
6,404
6,405
6,406
6,407
6,408
6,409
6,410
6,411
6,412
6,413
6,414
6,415
6,416
6,417
6,418
6,419
6,420
6,421
6,422
6,423
6,424
6,425
6,426
6,427
6,428
6,429
6,430
6,431
6,432
6,433
6,434
6,435
6,436
6,437
6,438
6,439
6,440
6,441
6,442
6,443
6,444
6,445
6,446
6,447
6,448
6,449
6,450
6,451
6,452
6,453
6,454
6,455
6,456
6,457
6,458
6,459
6,460
6,461
6,462
6,463
6,464
6,465
6,466
6,467
6,468
6,469
6,470
6,471
6,472
6,473
6,474
6,475
6,476
6,477
6,478
6,479
6,480
6,481
6,482
6,483
6,484
6,485
6,486
6,487
6,488
6,489
6,490
6,491
6,492
6,493
6,494
6,495
6,496
6,497
6,498
6,499
6,500
6,501
6,502
6,503
6,504
6,505
6,506
6,507
6,508
6,509
6,510
6,511
6,512
6,513
6,514
6,515
6,516
6,517
6,518
6,519
6,520
6,521
6,522
6,523
6,524
6,525
6,526
6,527
6,528
6,529
6,530
6,531
6,532
6,533
6,534
6,535
6,536
6,537
6,538
6,539
6,540
6,541
6,542
6,543
6,544
6,545
6,546
6,547
6,548
6,549
6,550
6,551
6,552
6,553
6,554
6,555
6,556
6,557
6,558
6,559
6,560
6,561
6,562
6,563
6,564
6,565
6,566
6,567
6,568
6,569
6,570
6,571
6,572
6,573
6,574
6,575
6,576
6,577
6,578
6,579
6,580
6,581
6,582
6,583
6,584
6,585
6,586
6,587
6,588
6,589
6,590
6,591
6,592
6,593
6,594
6,595
6,596
6,597
6,598
6,599
6,600
6,601
6,602
:8_1,603
7,604
7,605
7,606
7,607
7,608
7,609
7,610
7,611
7,612
7,613
7,614
7,615
7,616
7,617
7,618
7,619
7,620
7,621
7,622
7,623
7,624
7,625
7,626
7,627
7,628
7,629
7,630
7,631
7,632
7,633
7,634
7,635
7,636
7,637
7,638
7,639
7,640
7,641
7,642
7,643
7,644
7,645
7,646
7,647
7,648
7,649
7,650
7,651
7,652
7,653
7,654
7,655
7,656
7,657
7,658
7,659
7,660
7,661
7,662
7,663
7,664
7,665
7,666
7,667
7,668
7,669
7,670
7,671
7,672
7,673
7,674
7,675
7,676
7,677
7,678
7,679
7,680
7,681
7,682
8,683
8,684
8,685
8,686
8,687
8,688
8,689
8,690
8,691
8,692
8,693
8,694
8,695
8,696
8,697
8,698
8,699
8,700
8,701
8,702
8,703
8,704
8,705
8,706
8,707
8,708
8,709
8,710
8,711
8,712
8,713
8,714
8,715
8,716
8,717
8,718
8,719
8,720
8,721
8,722
8,723
8,724
8,725
8,726
8,727
8,728
8,729
8,730
8,731
8,732
8,733
8,734
8,735
8,736
8,737
8,738
8,739
8,740
8,741
8,742
8,743
8,744
8,745
8,746
8,747
8,748
8,749
8,750
8,751
8,752
9,753
9,754
9,755
9,756
9,757
9,758
9,759
9,760
9,761
9,762
9,763
9,764
9,765
9,766
9,767
9,768
9,769
9,770
9,771
9,772
9,773
9,774
9,775
9,776
9,777
9,778
9,779
9,780
9,781
9,782
9,783
9,784
9,785
9,786
9,787
9,788
9,789
9,790
9,791
9,792
9,793
9,794
9,795
9,796
9,797
9,798
9,799
9,800
9,801
9,802
9,803
9,804
9,805
9,806
9,807
9,808
9,809
9,810
9,811
9,812
9,813
9,814
9,815
9,816
9,817
9,818
9,819
9,820
9,821
9,822
10,823
10,824
10,825
10,826
10,827
10,828
10,829
10,830
10,831
10,832
10,833
10,834
10,835
10,836
10,837
10,838
10,839
10,840
10,841
10,842
10,843
10,844
10,845
10,846
10,847
10,848
10,849
10,850
10,851
10,852
10,853
10,854
10,855
10,856
10,857
10,858
10,859
10,860
10,861
10,862
10,863
10,864
10,865
10,866
10,867
10,868
10,869
10,870
10,871
10,872
10,873
10,874
10,875
10,876
10,877
10,878
10,879
10,880
10,881
10,882
10,883
10,884
10,885
10,886
10,887
10,888
10,889
10,890
10,891
10,892
10,893
10,894
10,895
:12_1,896
11,897
11,898
11,899
11,900
11,901
11,902
11,903
11,904
11,905
11,906
11,907
11,908
11,909
11,910
11,911
11,912
11,913
11,914
11,915
11,916
11,917
11,918
11,919
11,920
11,921
11,922
11,923
11,924
11,925
11,926
11,927
11,928
11,929
11,930
11,931
11,932
11,933
11,934
11,935
11,936
11,937
11,938
11,939
11,940
11,941
11,942
11,943
11,944
11,945
11,946
11,947
11,948
11,949
11,950
11,951
11,952
11,953
11,954
11,955
11,956
11,957
11,958
11,959
11,960
11,961
11,962
11,963
11,964
11,965
557,4
