511,1
511,1
511,1
511,2
511,3
511,4
511,5
511,6
511,7
511,8
511,9
511,10
511,11
511,12
511,13
511,14
511,15
511,16
511,17
511,18
511,19
511,20
511,21
511,22
511,23
511,24
511,25
511,26
511,27
511,28
511,29
511,30
511,31
511,32
511,33
511,34
511,35
511,36
511,37
511,38
511,39
511,40
511,41
511,42
511,43
511,44
511,45
511,46
511,47
511,48
511,49
511,50
511,51
511,52
511,53
511,54
511,55
511,56
511,57
511,58
511,59
511,60
511,61
511,62
511,63
511,64
511,65
511,66
511,67
511,68
511,69
511,70
511,71
511,72
511,73
511,74
511,75
:247_7,76
:247_7,77
:247_7,78
:247_7,79
:247_7,80
:247_7,81
-246,82
-246,83
-246,84
-246,85
-246,86
-246,87
-246,88
-246,89
-246,90
-246,91
-246,92
-246,93
-246,94
-246,95
-246,96
-246,97
-246,98
-246,99
-246,100
-246,101
-246,102
-246,103
-246,104
-246,105
-246,106
-246,107
-246,108
-246,109
-246,110
-246,111
-246,112
-246,113
-246,114
-246,115
-246,116
-246,117
-246,118
-246,119
-246,120
-246,121
-246,122
-246,123
-246,124
-246,125
-246,126
-246,127
-246,128
-246,129
-246,130
-246,131
-246,132
-246,133
-246,134
-246,135
-246,136
-246,137
-246,138
-246,139
-246,140
-246,141
:197_4,142
:197_4,143
:197_4,144
:197_4,145
:197_4,146
:197_4,147
-183,148
-183,149
-183,150
-183,151
-183,152
-183,153
-183,154
-183,155
-183,156
-183,157
-183,158
-183,159
-183,160
-183,161
-183,162
-183,163
-183,164
-183,165
-183,166
-183,167
-183,168
-183,169
-183,170
-183,171
-183,172
-183,173
-183,174
-183,175
-183,176
-183,177
-183,178
-183,179
-183,180
-183,181
-183,182
-183,183
-183,184
-183,185
-183,186
-183,187
-183,188
-183,189
-183,190
-183,191
-183,192
-183,193
-183,194
-183,195
-183,196
-183,197
-183,198
-183,199
-183,200
-183,201
-183,202
-183,203
-183,204
-183,205
-183,206
-183,207
-183,208
-183,209
-183,210
-183,211
-183,212
-183,213
-183,214
-183,215
-183,216
-183,217
-183,218
-183,219
-183,220
-183,221
-183,222
-183,223
-183,224
-183,225
-183,226
-183,227
-183,228
-183,229
-183,230
-183,231
-183,232
-183,233
-183,234
-183,235
-183,236
-183,237
-183,238
-183,239
-183,240
-183,241
-183,242
-183,243
:194_0,244
:194_0,245
:194_0,246
:194_0,247
:194_0,248
182,249
182,250
182,251
182,252
182,253
182,254
182,255
182,256
182,257
182,258
182,259
182,260
182,261
182,262
182,263
182,264
182,265
182,266
182,267
182,268
182,269
182,270
182,271
182,272
182,273
182,274
182,275
182,276
182,277
182,278
182,279
182,280
182,281
182,282
182,283
182,284
182,285
182,286
182,287
182,288
182,289
182,290
182,291
182,292
182,293
182,294
182,295
182,296
182,297
182,298
182,299
182,300
182,301
182,302
182,303
182,304
182,305
182,306
182,307
182,308
182,309
182,310
182,311
182,312
182,313
182,314
182,315
:196_4,316
:196_4,317
:196_4,318
-508,319
-508,320
-508,321
-508,322
-508,323
-508,324
-508,325
-508,326
-508,327
-508,328
-508,329
-508,330
-508,331
-508,332
-508,333
-508,334
-508,335
-508,336
-508,337
-508,338
-508,339
-508,340
-508,341
-508,342
-508,343
-508,344
-508,345
-508,346
-508,347
-508,348
-508,349
-508,350
-508,351
-508,352
-508,353
-508,354
-508,355
-508,356
-508,357
-508,358
-508,359
-508,360
-508,361
-508,362
-508,363
-508,364
-508,365
-508,366
-508,367
-508,368
-508,369
-508,370
-508,371
-508,372
-508,373
-508,374
-508,375
-508,376
-508,377
-508,378
-508,379
-508,380
-508,381
-508,382
-508,383
-508,384
-508,385
-508,386
-508,387
-508,388
-508,389
-508,390
-508,391
-508,392
-508,393
-508,394
-508,395
-508,396
-508,397
-508,398
-508,399
-508,400
-508,401
-508,402
-508,403
-508,404
-508,405
-508,406
-508,407
-508,408
-508,409
-508,410
-508,411
-508,412
-508,413
-508,414
-508,415
-508,416
-508,417
-508,418
-508,419
-508,420
-508,421
-508,422
-508,423
-508,424
-508,425
-508,426
-526,427
-526,428
-526,429
-526,430
-526,431
-526,432
-526,433
-526,434
-526,435
-526,436
-526,437
-526,438
-526,439
-526,440
-526,441
-526,442
-526,443
-526,444
-526,445
-526,446
-526,447
-526,448
-526,449
-526,450
-526,451
-526,452
-526,453
-526,454
-526,455
-526,456
-526,457
-526,458
-526,459
-526,460
-526,461
-526,462
-526,463
-526,464
511,1
511,2
511,3
511,4
511,1
511,1
