-75,1
-75,1
-75,1
-75,2
-75,3
-75,4
-75,5
-75,6
-75,7
-75,8
-75,9
-75,10
-75,11
-75,12
-75,13
-75,14
-75,15
-75,16
-75,17
-75,18
-75,19
-75,20
-75,21
-75,22
-75,23
-75,24
-75,25
-75,26
-75,27
-75,28
-75,29
-75,30
-75,31
-75,32
-75,33
-75,34
-75,35
-75,36
-75,37
-75,38
-75,39
-75,40
-75,41
-75,42
-75,43
-75,44
-75,45
-75,46
-75,47
-75,48
-75,49
-75,50
-75,51
-75,52
-75,53
-75,54
-75,55
-75,56
-75,57
-75,58
-75,59
-75,60
-75,61
-75,62
-75,63
-75,64
-75,65
-75,66
-75,67
-75,68
-75,69
-75,70
-75,71
-75,72
-75,73
-75,74
-75,75
-75,76
-75,77
-75,78
-75,79
-75,80
-75,81
-75,82
-75,83
-75,84
-75,85
-75,86
-75,87
-75,88
-75,89
-75,90
-75,91
-75,92
-75,93
-75,94
-75,95
-75,96
-75,97
-75,98
-75,99
-75,100
-75,101
-75,102
-75,103
-75,104
-75,105
-75,106
-75,107
-75,108
-75,109
-75,110
-75,111
-75,112
-75,113
-75,114
-75,115
-75,116
-75,117
-75,118
-75,119
-75,120
-75,121
-75,122
-75,123
-75,124
-75,125
-75,126
-75,127
-75,128
-75,129
-75,130
-75,131
-75,132
-75,133
-75,134
-75,135
-75,136
-75,137
-75,138
-75,139
-75,140
-75,141
-75,142
-75,143
:85_1,144
:85_1,145
:85_1,146
:85_1,147
:85_1,148
:85_1,149
73,150
73,151
73,152
73,153
73,154
73,155
73,156
73,157
73,158
73,159
73,160
73,161
73,162
73,163
73,164
73,165
73,166
73,167
73,168
73,169
73,170
73,171
73,172
73,173
73,174
73,175
73,176
73,177
73,178
73,179
73,180
73,181
73,182
73,183
73,184
73,185
73,186
73,187
73,188
73,189
73,190
73,191
73,192
73,193
73,194
73,195
73,196
73,197
73,198
73,199
73,200
73,201
73,202
73,203
73,204
73,205
73,206
73,207
73,208
73,209
73,210
73,211
73,212
73,213
73,214
73,215
73,216
73,217
73,218
73,219
73,220
73,221
73,222
73,223
73,224
73,225
73,226
73,227
73,228
73,229
73,230
73,231
73,232
73,233
73,234
73,235
73,236
73,237
73,238
73,239
73,240
73,241
73,242
:86_0,243
:86_0,244
:86_0,245
:86_0,246
:86_0,247
130,248
130,249
130,250
130,251
130,252
130,253
130,254
130,255
130,256
130,257
130,258
130,259
130,260
130,261
130,262
130,263
130,264
130,265
130,266
130,267
130,268
130,269
130,270
130,271
130,272
130,273
130,274
130,275
130,276
130,277
130,278
130,279
130,280
130,281
130,282
130,283
130,284
130,285
130,286
-93,287
-93,288
-93,289
-93,290
-93,291
-93,292
-93,293
-93,294
-93,295
-93,296
-93,297
-93,298
-93,299
-93,300
-93,301
-93,302
-93,303
-93,304
-93,305
-93,306
-93,307
-93,308
-93,309
-93,310
-93,311
-93,312
-93,313
-93,314
-93,315
-93,316
-93,317
-93,318
-93,319
-93,320
-93,321
-93,322
-93,323
-93,324
-93,325
-93,326
-93,327
-93,328
-93,329
-93,330
-93,331
-93,332
-93,333
-93,334
-93,335
-93,336
-93,337
-93,338
-93,339
-93,340
-93,341
-93,342
-93,343
-93,344
-93,345
-93,346
-93,347
-93,348
-93,349
-93,350
:105_0,351
:105_0,352
:105_0,353
:105_0,354
:105_0,355
-89,356
-89,357
-89,358
-89,359
-89,360
-89,361
-89,362
-89,363
-89,364
-89,365
-89,366
-89,367
-89,368
-89,369
-89,370
-89,371
-89,372
-89,373
-89,374
-89,375
-89,376
-89,377
-89,378
-89,379
-89,380
-89,381
-89,382
-89,383
-89,384
-89,385
-89,386
-89,387
-89,388
-89,389
-89,390
-89,391
-89,392
-89,393
-89,394
-89,395
-89,396
-89,397
-89,398
-89,399
-89,400
-89,401
-89,402
-89,403
-89,404
-89,405
-89,406
-89,407
-89,408
-89,409
-89,410
-89,411
-89,412
-89,413
-89,414
-89,415
-89,416
-89,417
-89,418
-89,419
-89,420
-89,421
-89,422
-89,423
-89,424
-89,425
-89,426
-89,427
-89,428
-89,429
-89,430
-89,431
-89,432
-89,433
-89,434
-89,435
-89,436
-89,437
-89,438
-89,439
-89,440
-89,441
-89,442
-89,443
-89,444
:104_5,445
:104_5,446
:104_5,447
:104_5,448
:104_5,449
90,450
90,451
90,452
90,453
90,454
90,455
90,456
90,457
90,458
90,459
90,460
90,461
90,462
90,463
90,464
90,465
90,466
90,467
90,468
90,469
90,470
90,471
90,472
90,473
90,474
90,475
90,476
90,477
90,478
90,479
90,480
90,481
90,482
90,483
90,484
90,485
90,486
90,487
90,488
90,489
90,490
90,491
90,492
90,493
90,494
90,495
90,496
90,497
90,498
90,499
90,500
90,501
90,502
90,503
90,504
90,505
90,506
90,507
90,508
90,509
90,510
90,511
90,512
90,513
90,514
90,515
90,516
90,517
90,518
90,519
90,520
90,521
90,522
90,523
90,524
90,525
90,526
90,527
90,528
90,529
90,530
90,531
90,532
90,533
90,534
90,535
90,536
90,537
90,538
90,539
90,540
90,541
90,542
90,543
90,544
90,545
90,546
90,547
90,548
90,549
90,550
90,551
90,552
90,553
90,554
90,555
90,556
90,557
90,558
90,559
90,560
90,561
90,562
90,563
90,564
90,565
90,566
90,567
90,568
90,569
90,570
90,571
90,572
90,573
90,574
90,575
90,576
90,577
90,578
90,579
90,580
90,581
90,582
90,583
90,584
90,585
90,586
90,587
90,588
90,589
90,590
90,591
90,592
90,593
90,594
90,595
90,596
90,597
90,598
90,599
90,600
90,601
90,602
90,603
90,604
90,605
90,606
90,607
90,608
90,609
90,610
90,611
90,612
90,613
90,614
90,615
:106_0,616
:106_0,617
:106_0,618
:106_0,619
:106_0,620
-325,621
-325,622
-325,623
-325,624
-325,625
-325,626
-325,627
-325,628
-325,629
-325,630
-325,631
-325,632
-325,633
-325,634
-325,635
-325,636
-325,637
-325,638
-325,639
-325,640
-325,641
-325,642
-325,643
-325,644
-325,645
-325,646
-325,647
-325,648
-325,649
-325,650
-325,651
-325,652
-325,653
-325,654
-325,655
-325,656
-325,657
-325,658
-325,659
-325,660
-325,661
-325,662
-325,663
-325,664
-325,665
-325,666
-325,667
-325,668
-325,669
-325,670
-325,671
-325,672
-325,673
-325,674
-325,675
-325,676
-325,677
-325,678
-325,679
-325,680
-325,681
-325,682
-325,683
-325,684
-325,685
-325,686
-325,687
-325,688
-325,689
-325,690
-325,691
-325,692
-325,693
-325,694
-325,695
-325,696
-325,697
-325,698
-325,699
-325,700
-325,701
-325,702
-325,703
-325,704
-325,705
-325,706
-325,707
-325,708
-325,709
-325,710
-325,711
-325,712
-325,713
-325,714
-325,715
-325,716
-325,717
-325,718
:246_1,719
:246_1,720
:246_1,721
:246_1,722
:246_1,723
:246_1,724
-245,725
-245,726
-245,727
-245,728
-245,729
-245,730
-245,731
-245,732
-245,733
-245,734
-245,735
-245,736
-245,737
-245,738
-245,739
-245,740
-245,741
-245,742
-245,743
-245,744
-245,745
-245,746
-245,747
-245,748
-245,749
-245,750
-245,751
-245,752
-245,753
-245,754
-245,755
-245,756
-245,757
-245,758
-245,759
-245,760
-245,761
-245,762
-245,763
-245,764
-245,765
-245,766
-245,767
-245,768
-245,769
-245,770
-245,771
-245,772
-245,773
-245,774
-245,775
-245,776
-245,777
:215_5,778
:215_5,779
:215_5,780
:215_5,781
:215_5,782
:215_5,783
-244,784
-244,785
-244,786
-244,787
-244,788
-244,789
-244,790
-244,791
-244,792
-244,793
-244,794
-244,795
-244,796
-244,797
-244,798
-244,799
-244,800
-244,801
-244,802
-244,803
-244,804
-244,805
-244,806
-244,807
-244,808
-244,809
-244,810
-244,811
-244,812
-244,813
-244,814
-244,815
-244,816
-244,817
-244,818
-244,819
-244,820
-244,821
-244,822
-244,823
-244,824
-244,825
-244,826
-244,827
-244,828
-244,829
-244,830
-244,831
-244,832
-244,833
-244,834
-244,835
-244,836
-244,837
-244,838
-244,839
-244,840
-244,841
-244,842
-244,843
-244,844
-244,845
-244,846
-244,847
-244,848
-244,849
-244,850
-244,851
-244,852
-244,853
-244,854
-244,855
-244,856
-244,857
-244,858
-244,859
-244,860
-244,861
-244,862
-244,863
-244,864
-244,865
-244,866
-244,867
-244,868
-244,869
-244,870
-244,871
-244,872
-244,873
-244,874
-244,875
-244,876
-244,877
-244,878
-244,879
-244,880
-244,881
-244,882
-244,883
-244,884
-244,885
-244,886
-244,887
-244,888
-244,889
-244,890
-244,891
-244,892
-244,893
-244,894
-244,895
-244,896
-244,897
-244,898
-244,899
-244,900
-244,901
-244,902
-244,903
-244,904
-244,905
-244,906
-244,907
-244,908
-244,909
-244,910
-244,911
-244,912
-244,913
-244,914
-244,915
-244,916
-244,917
-244,918
-244,919
-244,920
-244,921
-244,922
-244,923
-244,924
-244,925
-244,926
-244,927
-244,928
-244,929
-244,930
-244,931
-244,932
-244,933
-244,934
-244,935
-244,936
-244,937
-244,938
-244,939
-244,940
-244,941
-244,942
-244,943
-244,944
-244,945
-244,946
-244,947
-244,948
-244,949
-244,950
-244,951
-244,952
-244,953
-244,954
-244,955
-244,956
-244,957
-244,958
-244,959
:179_5,960
:179_5,961
:179_5,962
:179_5,963
:179_5,964
-243,965
-243,966
-75,1
-75,2
-75,3
-75,4
-75,1
-75,1
