-444,1
-444,1
-444,1
-444,2
-444,3
-444,4
-444,5
-444,6
-444,7
-444,8
-444,9
-444,10
-444,11
-444,12
-444,13
-444,14
-444,15
-444,16
-444,17
-444,18
-444,19
-444,20
-444,21
-444,22
-444,23
-444,24
-444,25
-444,26
-444,27
-444,28
-444,29
-444,30
-444,31
-444,32
-444,33
-444,34
-444,35
-444,36
-444,37
-444,38
-444,39
-444,40
-444,41
-444,42
-444,43
-444,44
-444,45
-444,46
-444,47
-444,48
-444,49
-444,50
-444,51
-444,52
-444,53
-444,54
-444,55
-444,56
-444,57
-444,58
:383_9,59
:383_9,60
:383_9,61
:383_9,62
:383_9,63
443,64
443,65
443,66
443,67
443,68
443,69
443,70
443,71
443,72
443,73
443,74
443,75
443,76
443,77
443,78
443,79
443,80
443,81
443,82
443,83
443,84
443,85
443,86
443,87
443,88
443,89
443,90
443,91
443,92
443,93
443,94
443,95
443,96
443,97
443,98
443,99
443,100
443,101
443,102
443,103
443,104
443,105
443,106
443,107
443,108
443,109
443,110
443,111
443,112
443,113
443,114
443,115
443,116
443,117
443,118
443,119
443,120
443,121
443,122
443,123
443,124
443,125
443,126
443,127
443,128
443,129
443,130
443,131
443,132
443,133
443,134
443,135
443,136
443,137
443,138
443,139
443,140
443,141
443,142
443,143
443,144
443,145
443,146
443,147
443,148
443,149
443,150
443,151
443,152
443,153
443,154
443,155
443,156
443,157
443,158
443,159
443,160
443,161
443,162
443,163
443,164
443,165
443,166
443,167
443,168
443,169
443,170
443,171
443,172
443,173
443,174
443,175
443,176
443,177
443,178
443,179
443,180
443,181
443,182
443,183
443,184
443,185
443,186
443,187
443,188
443,189
443,190
443,191
443,192
443,193
443,194
:78_6,195
:78_6,196
:78_6,197
:78_6,198
68,199
68,200
68,201
68,202
68,203
68,204
68,205
68,206
68,207
68,208
68,209
68,210
68,211
68,212
68,213
68,214
68,215
68,216
68,217
68,218
68,219
68,220
68,221
68,222
68,223
68,224
68,225
68,226
68,227
68,228
68,229
68,230
68,231
68,232
68,233
68,234
68,235
68,236
68,237
68,238
68,239
68,240
68,241
68,242
68,243
68,244
68,245
68,246
68,247
68,248
68,249
68,250
68,251
68,252
68,253
68,254
68,255
68,256
68,257
68,258
68,259
68,260
68,261
68,262
68,263
68,264
68,265
68,266
68,267
68,268
68,269
68,270
68,271
68,272
68,273
68,274
68,275
68,276
68,277
68,278
68,279
68,280
68,281
68,282
68,283
68,284
68,285
68,286
68,287
68,288
68,289
68,290
68,291
68,292
68,293
68,294
68,295
68,296
68,297
68,298
68,299
68,300
68,301
68,302
68,303
68,304
68,305
68,306
68,307
68,308
68,309
68,310
68,311
68,312
68,313
68,314
68,315
68,316
68,317
68,318
68,319
68,320
68,321
68,322
68,323
68,324
68,325
68,326
68,327
68,328
:79_3,329
:79_3,330
:79_3,331
358,332
358,333
358,334
358,335
358,336
358,337
358,338
358,339
358,340
358,341
358,342
358,343
358,344
358,345
358,346
358,347
358,348
358,349
358,350
358,351
358,352
358,353
358,354
358,355
358,356
358,357
358,358
358,359
358,360
358,361
358,362
358,363
358,364
358,365
358,366
358,367
358,368
358,369
358,370
358,371
358,372
358,373
358,374
358,375
358,376
358,377
358,378
358,379
358,380
358,381
:230_12,382
:230_12,383
:230_12,384
374,385
374,386
374,387
374,388
374,389
374,390
374,391
374,392
374,393
374,394
374,395
374,396
374,397
374,398
374,399
374,400
374,401
374,402
374,403
374,404
374,405
374,406
374,407
374,408
374,409
374,410
374,411
374,412
374,413
374,414
374,415
374,416
374,417
374,418
374,419
374,420
374,421
374,422
374,423
374,424
374,425
374,426
374,427
374,428
374,429
374,430
374,431
374,432
374,433
374,434
374,435
374,436
374,437
374,438
374,439
374,440
374,441
374,442
374,443
374,444
374,445
:340_0,446
375,447
375,448
375,449
375,450
375,451
375,452
375,453
375,454
375,455
375,456
375,457
375,458
375,459
375,460
375,461
375,462
375,463
375,464
375,465
375,466
375,467
375,468
375,469
375,470
375,471
375,472
375,473
375,474
375,475
375,476
375,477
375,478
375,479
375,480
375,481
375,482
375,483
375,484
375,485
375,486
375,487
375,488
375,489
375,490
375,491
375,492
375,493
375,494
375,495
375,496
375,497
375,498
375,499
375,500
375,501
375,502
375,503
375,504
375,505
375,506
375,507
375,508
375,509
375,510
375,511
375,512
375,513
375,514
375,515
375,516
375,517
375,518
375,519
375,520
375,521
375,522
375,523
375,524
375,525
375,526
375,527
375,528
375,529
375,530
375,531
375,532
:15_1,533
:15_1,534
:15_1,535
:15_1,536
:15_1,537
-13,538
-13,539
-13,540
-13,541
-13,542
-13,543
-13,544
-13,545
-13,546
-13,547
-13,548
-13,549
-13,550
-13,551
-13,552
-13,553
-13,554
-13,555
-13,556
-13,557
-13,558
-13,559
-13,560
-13,561
-13,562
-13,563
-13,564
-13,565
-13,566
-13,567
-13,568
-13,569
-13,570
-13,571
-13,572
-13,573
-13,574
-13,575
-13,576
-13,577
-13,578
-13,579
-13,580
-13,581
-13,582
-13,583
-13,584
-13,585
-13,586
-13,587
-13,588
-13,589
-13,590
-13,591
-13,592
-13,593
-13,594
-13,595
-13,596
-13,597
-13,598
-13,599
-13,600
-13,601
-13,602
-13,603
-13,604
-13,605
-13,606
-13,607
-13,608
-13,609
-13,610
-13,611
-13,612
-13,613
-13,614
-13,615
-13,616
-13,617
-444,1
-444,2
-444,3
-444,4
-444,1
