156,4
156,5
156,6
156,7
156,8
156,9
156,10
156,11
156,12
156,13
156,14
156,15
156,16
156,17
156,18
156,19
156,20
156,21
156,22
156,23
156,24
156,25
156,26
156,27
156,28
156,29
156,30
156,31
156,32
156,33
156,34
156,35
156,36
156,37
156,38
156,39
156,40
156,41
156,42
156,43
156,44
156,45
156,46
156,47
156,48
156,49
156,50
156,51
156,52
156,53
156,54
156,55
156,56
156,57
156,58
156,59
156,60
156,61
156,62
156,63
156,64
156,65
156,66
156,67
156,68
156,69
156,70
156,71
156,72
156,73
156,74
156,75
156,76
156,77
156,78
156,79
156,80
156,81
156,82
:172_0,83
:172_0,84
:172_0,85
295,86
295,87
295,88
295,89
295,90
295,91
295,92
295,93
295,94
295,95
295,96
295,97
295,98
295,99
295,100
295,101
295,102
295,103
295,104
295,105
295,106
295,107
295,108
295,109
295,110
295,111
295,112
295,113
295,114
295,115
295,116
295,117
295,118
295,119
295,120
295,121
295,122
295,123
295,124
295,125
295,126
295,127
295,128
295,129
295,130
295,131
295,132
295,133
295,134
295,135
295,136
295,137
295,138
295,139
295,140
295,141
295,142
295,143
295,144
295,145
295,146
295,147
295,148
295,149
295,150
295,151
295,152
295,153
295,154
295,155
295,156
295,157
295,158
295,159
295,160
295,161
295,162
295,163
295,164
295,165
295,166
295,167
295,168
295,169
295,170
295,171
295,172
295,173
295,174
295,175
295,176
295,177
295,178
295,179
295,180
295,181
295,182
295,183
295,184
295,185
295,186
295,187
295,188
295,189
295,190
295,191
295,192
295,193
295,194
295,195
295,196
295,197
295,198
295,199
295,200
295,201
295,202
295,203
295,204
295,205
295,206
295,207
295,208
295,209
295,210
295,211
295,212
295,213
295,214
295,215
295,216
295,217
295,218
295,219
295,220
295,221
295,222
295,223
295,224
295,225
295,226
295,227
295,228
295,229
295,230
295,231
295,232
295,233
295,234
295,235
295,236
295,237
295,238
295,239
295,240
295,241
295,242
295,243
295,244
295,245
295,246
295,247
295,248
295,249
295,250
295,251
295,252
295,253
295,254
295,255
295,256
295,257
295,258
295,259
295,260
295,261
295,262
295,263
295,264
295,265
295,266
295,267
295,268
295,269
295,270
295,271
295,272
295,273
295,274
295,275
295,276
295,277
295,278
295,279
295,280
295,281
295,282
295,283
295,284
295,285
295,286
295,287
295,288
295,289
295,290
295,291
295,292
295,293
295,294
295,295
295,296
295,297
295,298
295,299
295,300
295,301
295,302
295,303
295,304
295,305
295,306
295,307
295,308
295,309
295,310
295,311
295,312
295,313
295,314
295,315
295,316
295,317
295,318
295,319
295,320
295,321
295,322
295,323
295,324
295,325
295,326
295,327
295,328
295,329
295,330
295,331
295,332
:216_0,333
:216_0,334
:216_0,335
:216_0,336
:216_0,337
:216_0,338
-209,339
-209,340
-209,341
-209,342
-209,343
-209,344
-209,345
-209,346
-209,347
-209,348
-209,349
-209,350
-209,351
-209,352
-209,353
-209,354
-209,355
-209,356
-209,357
-209,358
-209,359
-209,360
-209,361
-209,362
-209,363
-209,364
-209,365
-209,366
-209,367
-209,368
-209,369
-209,370
-209,371
-209,372
-209,373
-209,374
-209,375
-209,376
-209,377
-209,378
-209,379
-209,380
-209,381
-209,382
-209,383
-209,384
-209,385
-209,386
-209,387
-209,388
-209,389
-209,390
-209,391
-209,392
-209,393
-209,394
-209,395
-209,396
-209,397
-209,398
-209,399
-209,400
-209,401
-209,402
-209,403
-209,404
:45_2,405
:45_2,406
:45_25,407
:45_25,408
:45_25,409
:45_25,410
:45_25,411
:45_25,412
:45_25,413
:45_25,414
:45_25,415
:45_25,416
208,417
208,418
208,419
208,420
208,421
208,422
208,423
208,424
208,425
208,426
208,427
208,428
208,429
208,430
208,431
208,432
208,433
208,434
208,435
208,436
208,437
208,438
208,439
208,440
208,441
208,442
208,443
208,444
208,445
208,446
208,447
208,448
208,449
208,450
208,451
208,452
208,453
208,454
208,455
208,456
208,457
208,458
208,459
208,460
208,461
208,462
208,463
208,464
208,465
208,466
208,467
208,468
208,469
208,470
208,471
208,472
208,473
208,474
208,475
208,476
208,477
208,478
208,479
208,480
208,481
208,482
208,483
208,484
208,485
208,486
208,487
208,488
208,489
208,490
208,491
208,492
208,493
208,494
208,495
208,496
208,497
208,498
208,499
208,500
208,501
208,502
208,503
208,504
208,505
208,506
208,507
208,508
208,509
208,510
208,511
208,512
208,513
208,514
208,515
208,516
208,517
208,518
208,519
208,520
208,521
208,522
208,523
208,524
208,525
208,526
208,527
208,528
208,529
208,530
208,531
208,532
208,533
208,534
208,535
208,536
208,537
208,538
208,539
208,540
208,541
208,542
208,543
208,544
208,545
208,546
208,547
208,548
208,549
208,550
208,551
208,552
208,553
208,554
208,555
208,556
208,557
208,558
208,559
208,560
208,561
208,562
208,563
208,564
208,565
208,566
208,567
208,568
208,569
208,570
208,571
208,572
208,573
208,574
208,575
208,576
208,577
208,578
208,579
208,580
208,581
208,582
208,583
208,584
208,585
208,586
208,587
208,588
208,589
208,590
208,591
208,592
208,593
:215_1,594
:215_1,595
:215_1,596
:215_1,597
:215_1,598
:215_1,599
401,600
401,601
401,602
401,603
401,604
401,605
401,606
401,607
401,608
401,609
401,610
401,611
401,612
401,613
401,614
401,615
401,616
401,617
401,618
401,619
401,620
401,621
401,622
401,623
401,624
401,625
401,626
401,627
401,628
401,629
401,630
401,631
401,632
401,633
401,634
401,635
401,636
401,637
401,638
401,639
401,640
401,641
401,642
401,643
401,644
401,645
401,646
401,647
401,648
401,649
401,650
401,651
401,652
401,653
401,654
401,655
401,656
401,657
401,658
401,659
401,660
401,661
401,662
401,663
401,664
401,665
401,666
401,667
401,668
401,669
401,670
401,671
401,672
401,673
401,674
401,675
401,676
401,677
401,678
401,679
401,680
401,681
401,682
401,683
401,684
401,685
401,686
401,687
401,688
401,689
401,690
401,691
401,692
401,693
401,694
401,695
401,696
401,697
401,698
401,699
401,700
401,701
401,702
401,703
401,704
401,705
401,706
401,707
401,708
401,709
401,710
401,711
401,712
401,713
401,714
401,715
401,716
401,717
401,718
401,719
401,720
401,721
401,722
401,723
401,724
401,725
401,726
401,727
401,728
401,729
401,730
401,731
401,732
401,733
401,734
401,735
401,736
401,737
401,738
401,739
401,740
401,741
401,742
401,743
401,744
401,745
401,746
401,747
401,748
401,749
401,750
401,751
401,752
401,753
401,754
401,755
401,756
401,757
401,758
401,759
401,760
401,761
401,762
401,763
401,764
401,765
401,766
401,767
401,768
401,769
401,770
401,771
401,772
401,773
401,774
401,775
401,776
401,777
401,778
401,779
401,780
401,781
401,782
401,783
401,784
401,785
401,786
:143_13,787
:143_13,788
:143_13,789
:143_13,790
:143_13,791
406,792
406,793
406,794
406,795
406,796
406,797
406,798
406,799
406,800
406,801
406,802
406,803
406,804
406,805
406,806
406,807
406,808
406,809
406,810
406,811
406,812
406,813
406,814
406,815
406,816
406,817
406,818
406,819
406,820
406,821
406,822
406,823
406,824
406,825
406,826
406,827
406,828
406,829
406,830
406,831
406,832
406,833
406,834
406,835
406,836
406,837
406,838
406,839
406,840
406,841
406,842
406,843
406,844
406,845
406,846
406,847
406,848
406,849
406,850
406,851
406,852
406,853
406,854
406,855
406,856
406,857
406,858
406,859
406,860
406,861
406,862
406,863
406,864
406,865
406,866
406,867
406,868
406,869
406,870
406,871
406,872
406,873
406,874
406,875
406,876
406,877
406,878
406,879
406,880
406,881
406,882
406,883
406,884
406,885
406,886
406,887
406,888
406,889
406,890
406,891
406,892
406,893
406,894
406,895
406,896
406,897
406,898
406,899
406,900
406,901
406,902
406,903
406,904
406,905
406,906
406,907
406,908
406,909
406,910
406,911
406,912
406,913
406,914
406,915
406,916
406,917
406,918
406,919
406,920
406,921
406,922
406,923
406,924
406,925
406,926
406,927
406,928
406,929
406,930
406,931
406,932
406,933
406,934
406,935
406,936
406,937
406,938
406,939
406,940
406,941
406,942
406,943
406,944
406,945
406,946
406,947
406,948
406,949
406,950
406,951
406,952
406,953
406,954
406,955
406,956
406,957
406,958
406,959
406,960
406,961
406,962
406,963
406,964
406,965
156,4
