-322,1
-322,1
-322,1
-322,2
-322,3
-322,4
-322,5
-322,6
-322,7
-322,8
-322,9
-322,10
-322,11
-322,12
-322,13
-322,14
-322,15
-322,16
-322,17
-322,18
-322,19
-322,20
-322,21
-322,22
-322,23
-322,24
-322,25
-322,26
-322,27
-322,28
-322,29
-322,30
-322,31
-322,32
-322,33
-322,34
-322,35
-322,36
-322,37
-322,38
-322,39
-322,40
-322,41
-322,42
-322,43
-322,44
-322,45
-322,46
-322,47
-322,48
-322,49
-322,50
-322,51
-322,52
-322,53
-322,54
-322,55
-322,56
-322,57
-322,58
-322,59
-322,60
-322,61
-322,62
-322,63
-322,64
-322,65
-322,66
-322,67
-322,68
-322,69
-322,70
-322,71
-322,72
-322,73
-322,74
-322,75
-322,76
-322,77
-322,78
-322,79
-322,80
-322,81
-322,82
-322,83
-322,84
-322,85
-322,86
-322,87
-322,88
-322,89
-322,90
-322,91
-322,92
-322,93
-322,94
-322,95
-322,96
-322,97
-322,98
-322,99
-322,100
-322,101
-322,102
-322,103
-322,104
-322,105
-322,106
-322,107
-322,108
-322,109
-322,110
-322,111
-322,112
-322,113
-322,114
-322,115
-322,116
-322,117
-322,118
-322,119
-322,120
-322,121
-322,122
-322,123
-322,124
-322,125
-322,126
-322,127
-322,128
-322,129
-322,130
-322,131
-322,132
-322,133
:50_5,134
:50_5,135
:50_5,136
:50_5,137
:50_5,138
:50_5,139
:50_5,140
:50_5,141
-430,142
-430,143
-430,144
-430,145
-430,146
-430,147
-430,148
-430,149
-430,150
-430,151
-430,152
-430,153
-430,154
-430,155
-430,156
-430,157
-430,158
-430,159
-430,160
-430,161
-430,162
-430,163
-430,164
-430,165
-430,166
-430,167
-430,168
-430,169
-430,170
-430,171
-430,172
-430,173
-430,174
-430,175
-430,176
-430,177
-430,178
-430,179
-430,180
-430,181
-430,182
-430,183
-430,184
-430,185
-430,186
-430,187
-430,188
-430,189
-430,190
-430,191
-430,192
-430,193
-430,194
-430,195
-430,196
-430,197
-430,198
-430,199
-430,200
-430,201
-430,202
-430,203
-430,204
-430,205
-430,206
-430,207
-430,208
-430,209
-430,210
-430,211
-430,212
-430,213
-430,214
-430,215
-430,216
-430,217
-430,218
-430,219
-430,220
-430,221
-430,222
-430,223
-430,224
-430,225
-430,226
-430,227
-430,228
-430,229
-430,230
-430,231
-430,232
-430,233
-430,234
-430,235
-430,236
-430,237
-430,238
-430,239
-430,240
-430,241
-430,242
-430,243
-430,244
-430,245
-430,246
-430,247
-430,248
-430,249
-430,250
-430,251
-430,252
-430,253
-430,254
-430,255
-430,256
-430,257
-430,258
-430,259
-430,260
-430,261
-430,262
-430,263
-430,264
-430,265
-430,266
-430,267
-430,268
-430,269
-430,270
-430,271
-430,272
-430,273
-430,274
-430,275
-430,276
-430,277
-430,278
-430,279
-430,280
-430,281
-430,282
-430,283
-430,284
-430,285
-430,286
-430,287
-430,288
-430,289
-430,290
-430,291
-430,292
-430,293
-430,294
-430,295
-430,296
-430,297
-430,298
-430,299
-430,300
-430,301
-430,302
-430,303
-430,304
-430,305
-430,306
-430,307
-430,308
-430,309
-430,310
-430,311
-430,312
-430,313
-430,314
-430,315
-430,316
-430,317
-430,318
-430,319
-430,320
-430,321
-430,322
-430,323
-430,324
-430,325
-430,326
-430,327
-430,328
-430,329
-430,330
-430,331
-430,332
-430,333
-430,334
-430,335
-430,336
-430,337
-430,338
-430,339
-430,340
-430,341
-430,342
-430,343
-430,344
-430,345
-430,346
-430,347
-430,348
:375_3,349
:375_3,350
:375_3,351
:375_3,352
:375_3,353
-679,354
-679,355
-679,356
-679,357
-679,358
-679,359
-679,360
-679,361
-679,362
-679,363
-679,364
-679,365
-679,366
-679,367
-679,368
-679,369
-679,370
-679,371
-679,372
-679,373
-679,374
-679,375
-679,376
-679,377
-679,378
-679,379
-679,380
-679,381
-679,382
-679,383
-679,384
-679,385
-679,386
-679,387
-679,388
-679,389
-679,390
-679,391
-679,392
-679,393
-679,394
-679,395
-679,396
-679,397
-679,398
-679,399
-679,400
-679,401
-679,402
-679,403
-679,404
-679,405
-679,406
-679,407
-679,408
-679,409
-679,410
-679,411
-679,412
-679,413
-679,414
-679,415
-679,416
-679,417
-679,418
-679,419
-679,420
-679,421
-679,422
-679,423
-679,424
-679,425
-679,426
:396_7,427
:396_7,428
:396_7,429
:396_7,430
:396_7,431
-464,432
-464,433
-464,434
-464,435
-464,436
-464,437
-464,438
-464,439
-464,440
-464,441
-464,442
-464,443
-464,444
-464,445
-464,446
-464,447
-464,448
-464,449
-464,450
-464,451
-464,452
-464,453
-464,454
-464,455
-464,456
-464,457
-464,458
-464,459
-464,460
-464,461
-464,462
-464,463
-464,464
-464,465
-464,466
-464,467
-464,468
-464,469
-464,470
-464,471
-464,472
-464,473
-464,474
-464,475
-464,476
-464,477
-464,478
-464,479
-464,480
-464,481
-464,482
-464,483
-464,484
-464,485
-464,486
-464,487
-464,488
-464,489
-464,490
-464,491
-464,492
-464,493
-464,494
-464,495
-464,496
-464,497
-464,498
-464,499
-464,500
-464,501
-464,502
-464,503
-464,504
-464,505
-464,506
-464,507
-464,508
-464,509
-464,510
-464,511
-464,512
-464,513
-464,514
-464,515
-464,516
-464,517
-464,518
-464,519
-464,520
-464,521
-464,522
-464,523
-464,524
-464,525
-464,526
-464,527
-464,528
-464,529
-464,530
-464,531
-464,532
-464,533
-464,534
-175,535
-175,536
-175,537
-175,538
-175,539
-175,540
-175,541
-175,542
-175,543
-175,544
-175,545
-175,546
-175,547
-175,548
-175,549
-175,550
-175,551
-175,552
-175,553
-175,554
-175,555
-175,556
-175,557
-175,558
-175,559
-175,560
-175,561
-175,562
-175,563
-175,564
-175,565
-175,566
-175,567
-175,568
-175,569
-175,570
-175,571
-175,572
-175,573
-175,574
-175,575
-175,576
-175,577
-175,578
-175,579
-175,580
-175,581
-175,582
-175,583
-175,584
-175,585
-175,586
-175,587
-175,588
-175,589
-175,590
-175,591
-175,592
-175,593
-175,594
-175,595
-175,596
-175,597
-175,598
-175,599
-175,600
-175,601
-175,602
-175,603
-175,604
-175,605
-175,606
-175,607
:13_5,608
:13_5,609
:13_15,610
:13_15,611
:13_15,612
:13_15,613
177,614
177,615
177,616
177,617
177,618
177,619
177,620
177,621
177,622
177,623
177,624
177,625
177,626
177,627
177,628
177,629
177,630
177,631
177,632
177,633
177,634
177,635
177,636
177,637
177,638
177,639
177,640
177,641
177,642
177,643
177,644
177,645
177,646
177,647
177,648
177,649
177,650
177,651
177,652
177,653
177,654
177,655
177,656
177,657
177,658
177,659
177,660
177,661
177,662
177,663
177,664
177,665
177,666
177,667
177,668
177,669
177,670
177,671
177,672
177,673
177,674
177,675
177,676
177,677
177,678
177,679
177,680
177,681
177,682
177,683
177,684
177,685
177,686
177,687
177,688
177,689
177,690
177,691
177,692
177,693
177,694
177,695
177,696
177,697
177,698
177,699
177,700
177,701
177,702
177,703
177,704
177,705
177,706
177,707
177,708
177,709
177,710
177,711
177,712
177,713
177,714
177,715
177,716
177,717
177,718
177,719
177,720
177,721
177,722
177,723
177,724
177,725
177,726
177,727
177,728
177,729
177,730
177,731
177,732
177,733
177,734
177,735
177,736
177,737
177,738
177,739
177,740
177,741
177,742
177,743
177,744
177,745
177,746
177,747
177,748
177,749
177,750
177,751
177,752
177,753
177,754
177,755
177,756
177,757
177,758
177,759
177,760
177,761
177,762
177,763
177,764
177,765
177,766
177,767
:190_1,768
:190_1,769
:190_1,770
:190_1,771
:190_1,772
:190_1,773
178,774
178,775
178,776
178,777
178,778
178,779
178,780
178,781
178,782
178,783
178,784
178,785
178,786
178,787
178,788
178,789
178,790
178,791
178,792
178,793
178,794
178,795
178,796
178,797
178,798
178,799
178,800
178,801
178,802
178,803
178,804
178,805
178,806
178,807
178,808
178,809
178,810
178,811
178,812
178,813
178,814
178,815
178,816
178,817
178,818
178,819
178,820
178,821
178,822
178,823
178,824
178,825
178,826
178,827
178,828
178,829
178,830
178,831
178,832
178,833
178,834
178,835
178,836
178,837
178,838
178,839
178,840
178,841
178,842
178,843
178,844
178,845
178,846
178,847
178,848
178,849
178,850
178,851
178,852
178,853
178,854
178,855
178,856
178,857
178,858
178,859
178,860
178,861
178,862
178,863
178,864
178,865
178,866
178,867
178,868
178,869
178,870
178,871
178,872
178,873
178,874
178,875
178,876
178,877
178,878
178,879
178,880
178,881
178,882
178,883
178,884
178,885
178,886
178,887
178,888
178,889
178,890
178,891
178,892
178,893
178,894
178,895
178,896
178,897
178,898
178,899
178,900
178,901
178,902
178,903
178,904
178,905
178,906
178,907
178,908
178,909
178,910
178,911
178,912
178,913
178,914
178,915
178,916
178,917
178,918
178,919
178,920
178,921
178,922
178,923
178,924
178,925
178,926
178,927
178,928
178,929
178,930
178,931
178,932
178,933
178,934
178,935
178,936
178,937
178,938
178,939
178,940
178,941
178,942
178,943
178,944
178,945
178,946
178,947
178,948
178,949
178,950
178,951
178,952
178,953
178,954
178,955
178,956
178,957
178,958
178,959
178,960
178,961
178,962
178,963
178,964
178,965
178,966
-322,1
-322,2
-322,3
-322,4
-322,1
