117,7
117,8
117,9
117,10
117,11
117,12
117,13
117,14
117,15
117,16
117,17
117,18
117,19
117,20
117,21
117,22
117,23
117,24
117,25
117,26
117,27
117,28
117,29
117,30
117,31
117,32
117,33
117,34
117,35
117,36
117,37
117,38
117,39
117,40
117,41
117,42
117,43
117,44
117,45
117,46
117,47
117,48
117,49
117,50
117,51
117,52
117,53
117,54
117,55
117,56
117,57
117,58
117,59
117,60
117,61
117,62
117,63
117,64
117,65
117,66
117,67
117,68
117,69
117,70
117,71
117,72
117,73
117,74
117,75
117,76
117,77
117,78
117,79
117,80
117,81
117,82
117,83
117,84
117,85
117,86
117,87
117,88
117,89
117,90
117,91
117,92
117,93
117,94
117,95
117,96
117,97
117,98
117,99
117,100
117,101
117,102
117,103
117,104
117,105
117,106
117,107
117,108
117,109
117,110
117,111
117,112
117,113
117,114
117,115
117,116
117,117
117,118
117,119
117,120
117,121
117,122
117,123
117,124
117,125
117,126
117,127
117,128
117,129
117,130
117,131
117,132
117,133
117,134
117,135
117,136
:134_7,137
:134_7,138
:134_7,139
:134_7,140
:134_7,141
:134_7,142
-322,143
-322,144
-322,145
-322,146
-322,147
-322,148
-322,149
-322,150
-322,151
-322,152
-322,153
-322,154
-322,155
-322,156
-322,157
-322,158
-322,159
-322,160
-322,161
-322,162
-322,163
-322,164
-322,165
-322,166
-322,167
-322,168
-322,169
-322,170
-322,171
-322,172
-322,173
-322,174
-322,175
-322,176
-322,177
-322,178
-322,179
-322,180
-322,181
-322,182
-322,183
-322,184
-322,185
-322,186
-322,187
-322,188
-322,189
-322,190
-322,191
-322,192
-322,193
-322,194
-322,195
-322,196
-322,197
-322,198
-322,199
-322,200
-322,201
-322,202
-322,203
-322,204
-322,205
-322,206
-322,207
-322,208
-322,209
-322,210
-322,211
-322,212
-322,213
-322,214
-322,215
-322,216
-322,217
-322,218
-322,219
-322,220
-322,221
-322,222
-322,223
-322,224
-322,225
-322,226
-322,227
-322,228
-322,229
-322,230
-322,231
-322,232
-322,233
-322,234
-322,235
-322,236
-322,237
-322,238
-322,239
-322,240
-322,241
-322,242
-322,243
-322,244
-322,245
-322,246
-322,247
-322,248
-322,249
-322,250
-322,251
-322,252
-322,253
-322,254
-322,255
-322,256
-322,257
-322,258
-322,259
-322,260
-322,261
-322,262
-322,263
-322,264
-322,265
-322,266
-322,267
-322,268
-322,269
-322,270
-322,271
-322,272
-322,273
-322,274
-322,275
-322,276
-322,277
-322,278
-322,279
-322,280
-322,281
:50_5,282
:50_5,283
:50_5,284
:50_5,285
:50_5,286
:50_5,287
:50_5,288
:50_5,289
:50_5,290
-430,291
-430,292
-430,293
-430,294
-430,295
-430,296
-430,297
-430,298
-430,299
-430,300
-430,301
-430,302
-430,303
-430,304
-430,305
-430,306
-430,307
-430,308
-430,309
-430,310
-430,311
-430,312
-430,313
-430,314
-430,315
-430,316
-430,317
-430,318
-430,319
-430,320
-430,321
-430,322
-430,323
-430,324
-430,325
-430,326
-430,327
-430,328
-430,329
-430,330
-430,331
-430,332
-430,333
-430,334
-430,335
-430,336
-430,337
-430,338
-430,339
-430,340
-430,341
-430,342
-430,343
-430,344
-430,345
-430,346
-430,347
-430,348
-430,349
-430,350
-430,351
-430,352
-430,353
-430,354
-430,355
-430,356
-430,357
-430,358
-430,359
-430,360
-430,361
-430,362
-430,363
-430,364
-430,365
-430,366
-430,367
-430,368
-430,369
-430,370
-430,371
-430,372
-430,373
-430,374
-430,375
-430,376
-430,377
-430,378
-430,379
-430,380
-430,381
-430,382
-430,383
-430,384
-430,385
-430,386
-430,387
-430,388
-430,389
-430,390
-430,391
-430,392
-430,393
-430,394
-430,395
-430,396
-430,397
-430,398
-430,399
-430,400
-430,401
-430,402
-430,403
-430,404
-430,405
-430,406
-430,407
-430,408
-430,409
-430,410
-430,411
-430,412
-430,413
-430,414
-430,415
-430,416
-430,417
-430,418
-430,419
-430,420
-430,421
-430,422
-430,423
-430,424
-430,425
-430,426
-430,427
-430,428
-430,429
-430,430
-430,431
-430,432
-430,433
-430,434
-430,435
-430,436
-430,437
-430,438
-430,439
-430,440
-430,441
-430,442
-430,443
-430,444
-430,445
-430,446
-430,447
-430,448
-430,449
-430,450
-430,451
-430,452
-430,453
-430,454
-430,455
-430,456
-430,457
-430,458
-430,459
-430,460
-430,461
-430,462
-430,463
-430,464
-430,465
-430,466
-430,467
-430,468
-430,469
-430,470
-430,471
-430,472
-430,473
-430,474
-430,475
-430,476
-430,477
-430,478
-430,479
-430,480
-430,481
-430,482
-430,483
-430,484
-430,485
-430,486
-430,487
-430,488
-430,489
-430,490
-430,491
-430,492
-430,493
-430,494
-430,495
-430,496
-430,497
-430,498
-430,499
-430,500
-430,501
-430,502
-430,503
:375_3,504
:375_3,505
:375_3,506
:375_3,507
:375_3,508
:375_3,509
-679,510
-679,511
-679,512
-679,513
-679,514
-679,515
-679,516
-679,517
-679,518
-679,519
-679,520
-679,521
-679,522
-679,523
-679,524
-679,525
-679,526
-679,527
-679,528
-679,529
-679,530
-679,531
-679,532
-679,533
-679,534
-679,535
-679,536
-679,537
-679,538
-679,539
-679,540
-679,541
-679,542
-679,543
-679,544
-679,545
-679,546
-679,547
-679,548
-679,549
-679,550
-679,551
-679,552
-679,553
-679,554
-679,555
-679,556
-679,557
-679,558
-679,559
-679,560
-679,561
-679,562
-679,563
-679,564
-679,565
-679,566
-679,567
-679,568
-679,569
-679,570
-679,571
-679,572
-679,573
-679,574
-679,575
-679,576
-679,577
-679,578
-679,579
-679,580
-679,581
-679,582
-679,583
-679,584
:396_7,585
:396_7,586
:396_7,587
:396_7,588
:396_7,589
:396_7,590
-464,591
-464,592
-464,593
-464,594
-464,595
-464,596
-464,597
-464,598
-464,599
-464,600
-464,601
-464,602
-464,603
-464,604
-464,605
-464,606
-464,607
-464,608
-464,609
-464,610
-464,611
-464,612
-464,613
-464,614
-464,615
-464,616
-464,617
-464,618
-464,619
-464,620
-464,621
-464,622
-464,623
-464,624
-464,625
-464,626
-464,627
-464,628
-464,629
-464,630
-464,631
-464,632
-464,633
-464,634
-464,635
-464,636
-464,637
-464,638
-464,639
-464,640
-464,641
-464,642
-464,643
-464,644
-464,645
-464,646
-464,647
-464,648
-464,649
-464,650
-464,651
-464,652
-464,653
-464,654
-464,655
-464,656
-464,657
-464,658
-464,659
-464,660
-464,661
-464,662
-464,663
-464,664
-464,665
-464,666
-464,667
-464,668
-464,669
-464,670
-464,671
-464,672
-464,673
-464,674
-464,675
-464,676
-464,677
-464,678
-464,679
-464,680
-464,681
-464,682
-464,683
-464,684
-464,685
-464,686
-464,687
-464,688
-464,689
-464,690
-464,691
-464,692
-464,693
-464,694
-464,695
-464,696
:188_0,697
-175,698
-175,699
-175,700
-175,701
-175,702
-175,703
-175,704
-175,705
-175,706
-175,707
-175,708
-175,709
-175,710
-175,711
-175,712
-175,713
-175,714
-175,715
-175,716
-175,717
-175,718
-175,719
-175,720
-175,721
-175,722
-175,723
-175,724
-175,725
-175,726
-175,727
-175,728
-175,729
-175,730
-175,731
-175,732
-175,733
-175,734
-175,735
-175,736
-175,737
-175,738
-175,739
-175,740
-175,741
-175,742
-175,743
-175,744
-175,745
-175,746
-175,747
-175,748
-175,749
-175,750
-175,751
-175,752
-175,753
-175,754
-175,755
-175,756
-175,757
-175,758
-175,759
-175,760
-175,761
-175,762
-175,763
-175,764
-175,765
-175,766
-175,767
-175,768
-175,769
-175,770
-175,771
:13_3,772
:13_3,773
685,774
685,775
685,776
685,777
685,778
685,779
685,780
685,781
685,782
685,783
685,784
685,785
685,786
685,787
685,788
685,789
685,790
685,791
685,792
685,793
:373_5,794
:373_5,795
684,796
684,797
684,798
684,799
684,800
684,801
684,802
684,803
684,804
684,805
684,806
684,807
684,808
684,809
684,810
684,811
684,812
684,813
684,814
684,815
684,816
684,817
684,818
:6_9,819
:6_9,820
:6_9,821
:6_9,822
6,823
6,824
6,825
6,826
6,827
6,828
6,829
6,830
6,831
6,832
6,833
6,834
6,835
6,836
6,837
6,838
6,839
6,840
6,841
6,842
6,843
6,844
6,845
6,846
6,847
6,848
6,849
6,850
6,851
6,852
6,853
6,854
6,855
6,856
6,857
6,858
6,859
6,860
6,861
6,862
6,863
6,864
6,865
6,866
6,867
6,868
6,869
6,870
6,871
6,872
6,873
6,874
6,875
6,876
6,877
6,878
6,879
6,880
6,881
6,882
6,883
6,884
6,885
6,886
6,887
6,888
6,889
6,890
6,891
6,892
6,893
6,894
6,895
6,896
6,897
6,898
6,899
6,900
6,901
6,902
6,903
6,904
6,905
6,906
6,907
6,908
6,909
6,910
6,911
6,912
6,913
6,914
6,915
6,916
6,917
6,918
6,919
6,920
6,921
6,922
6,923
6,924
6,925
6,926
6,927
6,928
6,929
6,930
6,931
6,932
6,933
6,934
6,935
6,936
6,937
6,938
6,939
6,940
6,941
6,942
6,943
6,944
6,945
6,946
6,947
6,948
6,949
6,950
6,951
6,952
6,953
6,954
6,955
6,956
6,957
6,958
6,959
6,960
6,961
6,962
6,963
6,964
6,965
