38,8
38,9
38,10
38,11
38,12
38,13
38,14
38,15
38,16
38,17
38,18
38,19
38,20
38,21
38,22
38,23
38,24
38,25
38,26
38,27
38,28
38,29
38,30
38,31
38,32
38,33
38,34
38,35
38,36
38,37
38,38
38,39
38,40
38,41
38,42
38,43
38,44
38,45
38,46
38,47
38,48
38,49
38,50
38,51
38,52
38,53
38,54
38,55
38,56
38,57
38,58
38,59
38,60
38,61
38,62
38,63
38,64
38,65
38,66
38,67
38,68
38,69
38,70
38,71
38,72
38,73
38,74
38,75
38,76
38,77
38,78
38,79
38,80
38,81
38,82
38,83
38,84
38,85
38,86
38,87
38,88
38,89
38,90
38,91
38,92
38,93
38,94
38,95
38,96
38,97
38,98
38,99
38,100
38,101
38,102
38,103
38,104
38,105
38,106
38,107
38,108
38,109
38,110
38,111
38,112
38,113
38,114
38,115
38,116
38,117
38,118
38,119
38,120
38,121
38,122
38,123
38,124
38,125
38,126
38,127
38,128
38,129
38,130
38,131
38,132
38,133
38,134
38,135
38,136
38,137
38,138
38,139
38,140
38,141
38,142
38,143
38,144
38,145
38,146
38,147
38,148
38,149
38,150
38,151
38,152
38,153
38,154
38,155
38,156
38,157
38,158
38,159
38,160
38,161
38,162
38,163
38,164
38,165
38,166
38,167
38,168
38,169
38,170
38,171
38,172
38,173
38,174
38,175
38,176
38,177
38,178
38,179
38,180
38,181
38,182
38,183
38,184
38,185
38,186
38,187
38,188
38,189
38,190
38,191
38,192
38,193
38,194
38,195
38,196
38,197
38,198
38,199
38,200
38,201
38,202
38,203
38,204
38,205
38,206
38,207
38,208
38,209
38,210
38,211
38,212
38,213
38,214
38,215
38,216
38,217
38,218
38,219
38,220
38,221
38,222
38,223
38,224
38,225
38,226
38,227
38,228
38,229
38,230
38,231
38,232
38,233
38,234
38,235
38,236
38,237
38,238
38,239
38,240
38,241
38,242
38,243
38,244
38,245
38,246
38,247
38,248
38,249
38,250
38,251
38,252
38,253
38,254
38,255
38,256
38,257
38,258
38,259
38,260
38,261
38,262
38,263
38,264
38,265
38,266
38,267
38,268
38,269
38,270
38,271
38,272
38,273
38,274
38,275
38,276
38,277
38,278
38,279
38,280
38,281
38,282
38,283
38,284
38,285
38,286
38,287
38,288
38,289
38,290
38,291
38,292
38,293
38,294
38,295
38,296
38,297
38,298
38,299
38,300
38,301
38,302
38,303
38,304
38,305
38,306
38,307
38,308
38,309
38,310
38,311
38,312
38,313
38,314
38,315
38,316
38,317
38,318
38,319
38,320
38,321
38,322
38,323
38,324
38,325
38,326
38,327
38,328
38,329
38,330
38,331
38,332
38,333
38,334
38,335
38,336
38,337
38,338
38,339
38,340
38,341
38,342
38,343
38,344
38,345
38,346
38,347
38,348
38,349
38,350
38,351
38,352
38,353
38,354
38,355
38,356
38,357
38,358
38,359
38,360
38,361
38,362
38,363
38,364
38,365
38,366
38,367
38,368
38,369
38,370
38,371
38,372
38,373
38,374
38,375
38,376
38,377
38,378
38,379
38,380
38,381
38,382
38,383
38,384
38,385
38,386
38,387
38,388
:46_14,389
:46_14,390
:46_18,391
:46_18,392
:46_18,393
:46_18,394
:46_18,395
:46_18,396
158,397
158,398
158,399
158,400
158,401
158,402
158,403
158,404
158,405
158,406
158,407
158,408
158,409
158,410
158,411
158,412
158,413
158,414
158,415
158,416
158,417
158,418
158,419
158,420
158,421
158,422
158,423
158,424
158,425
158,426
158,427
158,428
158,429
158,430
158,431
158,432
158,433
158,434
158,435
158,436
158,437
158,438
158,439
158,440
158,441
158,442
158,443
158,444
158,445
158,446
158,447
158,448
158,449
158,450
158,451
158,452
158,453
158,454
158,455
158,456
158,457
158,458
158,459
158,460
158,461
158,462
158,463
158,464
158,465
158,466
158,467
158,468
158,469
158,470
158,471
158,472
158,473
158,474
158,475
158,476
158,477
158,478
158,479
158,480
158,481
158,482
158,483
158,484
158,485
158,486
158,487
158,488
158,489
158,490
158,491
158,492
158,493
158,494
158,495
158,496
158,497
158,498
158,499
158,500
158,501
158,502
158,503
158,504
158,505
158,506
158,507
158,508
158,509
158,510
158,511
158,512
158,513
158,514
158,515
158,516
158,517
158,518
158,519
158,520
158,521
:57_7,522
:57_7,523
:57_7,524
:57_7,525
:57_7,526
:57_7,527
-49,528
-49,529
-49,530
-49,531
-49,532
-49,533
-49,534
-49,535
-49,536
-49,537
-49,538
-49,539
-49,540
-49,541
-49,542
-49,543
-49,544
-49,545
-49,546
-49,547
-49,548
-49,549
-49,550
-49,551
-49,552
-49,553
-49,554
-49,555
-49,556
-49,557
-49,558
-49,559
-49,560
-49,561
-49,562
-49,563
-49,564
-49,565
-49,566
-49,567
-49,568
-49,569
-49,570
-49,571
-49,572
-49,573
-49,574
-49,575
-49,576
-49,577
-49,578
-49,579
-49,580
-49,581
-49,582
-49,583
-49,584
-49,585
-49,586
-49,587
-49,588
-49,589
-49,590
-49,591
-49,592
-49,593
-49,594
-49,595
-49,596
-49,597
-49,598
-49,599
-49,600
-49,601
-49,602
-49,603
-49,604
-49,605
-49,606
-49,607
-49,608
-49,609
-49,610
-49,611
-49,612
-49,613
-49,614
-49,615
-49,616
-49,617
-49,618
-49,619
-49,620
-49,621
-49,622
-49,623
-49,624
-49,625
-49,626
-49,627
-49,628
-49,629
-49,630
-49,631
-49,632
-49,633
-49,634
-49,635
-49,636
-49,637
-49,638
-49,639
-49,640
-49,641
-49,642
-49,643
-49,644
-49,645
-49,646
-49,647
-49,648
-49,649
-49,650
-49,651
-49,652
-49,653
-49,654
-49,655
-49,656
-49,657
-49,658
-49,659
-49,660
-49,661
-49,662
-49,663
-49,664
-49,665
-49,666
-49,667
-49,668
-49,669
-49,670
-49,671
-49,672
-49,673
-49,674
-49,675
-49,676
-49,677
-49,678
-49,679
-49,680
-49,681
-49,682
-49,683
-49,684
-49,685
-49,686
-49,687
-49,688
-49,689
-49,690
-49,691
-49,692
-49,693
-49,694
-49,695
-49,696
-49,697
-49,698
-49,699
-49,700
-49,701
-49,702
-49,703
-49,704
-49,705
-49,706
-49,707
-49,708
-49,709
-49,710
-49,711
-49,712
-49,713
-49,714
-49,715
-49,716
-49,717
-49,718
-49,719
-49,720
-49,721
-49,722
-49,723
-49,724
-49,725
-49,726
-49,727
-49,728
-49,729
-49,730
-49,731
-49,732
-49,733
-49,734
-49,735
-49,736
-49,737
-49,738
-49,739
-49,740
-49,741
-49,742
-49,743
-49,744
-49,745
-49,746
-49,747
-49,748
-49,749
-49,750
-49,751
-49,752
-49,753
-49,754
-49,755
-49,756
-49,757
-49,758
-49,759
-49,760
-49,761
-49,762
-49,763
-49,764
-49,765
-49,766
-49,767
-49,768
-49,769
-49,770
-49,771
:5_15,772
:5_15,773
:5_15,774
:5_15,775
:5_15,776
:5_15,777
:5_15,778
:5_15,779
:5_15,780
-4,781
-4,782
-4,783
-4,784
-4,785
-4,786
-4,787
-4,788
-4,789
-4,790
-4,791
-4,792
-4,793
-4,794
-4,795
-4,796
-4,797
-4,798
-4,799
-4,800
-4,801
-4,802
-4,803
-4,804
-4,805
-4,806
-4,807
-4,808
-4,809
-4,810
-4,811
-4,812
-4,813
-4,814
-4,815
-4,816
-4,817
-4,818
-4,819
-4,820
-4,821
-4,822
-4,823
-4,824
-4,825
-4,826
-4,827
-4,828
-4,829
-4,830
-4,831
-4,832
-4,833
-4,834
-4,835
-4,836
-4,837
-4,838
-4,839
-4,840
-4,841
-4,842
-4,843
-4,844
-4,845
-4,846
-4,847
-4,848
-4,849
-4,850
-4,851
-4,852
-4,853
-4,854
-4,855
-4,856
-4,857
-4,858
-4,859
-4,860
-4,861
-4,862
-4,863
-4,864
-4,865
-4,866
-4,867
-4,868
-4,869
-4,870
-4,871
-4,872
-4,873
-4,874
-4,875
-4,876
-4,877
-4,878
-4,879
-4,880
-4,881
-4,882
-4,883
-4,884
-4,885
-4,886
-4,887
-4,888
-4,889
-4,890
-4,891
-4,892
-4,893
-4,894
-4,895
-4,896
-4,897
-4,898
-4,899
-4,900
-4,901
-4,902
-4,903
-4,904
-4,905
-4,906
-4,907
-4,908
-4,909
-4,910
-4,911
-4,912
-4,913
-4,914
-4,915
-4,916
-4,917
-4,918
-4,919
-4,920
-4,921
-4,922
-4,923
-4,924
-4,925
-4,926
-4,927
-4,928
-4,929
-4,930
-4,931
-4,932
-4,933
-4,934
-4,935
-4,936
-4,937
-4,938
-4,939
-4,940
-4,941
-4,942
-4,943
-4,944
-4,945
-4,946
-4,947
-4,948
-4,949
-4,950
-4,951
-4,952
-4,953
-4,954
-4,955
-4,956
-4,957
-4,958
-4,959
-4,960
-4,961
-4,962
-4,963
-4,964
-4,965
