-157,7
-157,8
-157,9
-157,10
-157,11
-157,12
-157,13
-157,14
-157,15
-157,16
-157,17
-157,18
-157,19
-157,20
-157,21
-157,22
-157,23
-157,24
-157,25
-157,26
-157,27
-157,28
-157,29
-157,30
-157,31
-157,32
-157,33
-157,34
-157,35
-157,36
-157,37
-157,38
-157,39
-157,40
-157,41
-157,42
-157,43
-157,44
-157,45
-157,46
-157,47
-157,48
-157,49
-157,50
-157,51
-157,52
-157,53
-157,54
-157,55
-157,56
-157,57
-157,58
-157,59
-157,60
-157,61
-157,62
-157,63
-157,64
-157,65
-157,66
-157,67
-157,68
-157,69
-157,70
-157,71
-157,72
-157,73
-157,74
-157,75
-157,76
-157,77
-157,78
-157,79
-157,80
-157,81
-157,82
-157,83
-157,84
-157,85
-157,86
-157,87
-157,88
-157,89
-157,90
-157,91
-157,92
-157,93
:46_4,94
:46_4,95
:46_4,96
:46_4,97
158,98
158,99
158,100
158,101
158,102
158,103
158,104
158,105
158,106
158,107
158,108
158,109
158,110
158,111
158,112
158,113
158,114
158,115
158,116
158,117
158,118
158,119
158,120
158,121
158,122
158,123
158,124
158,125
158,126
158,127
158,128
158,129
158,130
158,131
158,132
158,133
158,134
158,135
158,136
158,137
158,138
158,139
158,140
158,141
158,142
158,143
158,144
158,145
158,146
158,147
158,148
158,149
158,150
158,151
158,152
158,153
158,154
158,155
158,156
158,157
158,158
158,159
158,160
158,161
158,162
158,163
158,164
158,165
158,166
158,167
158,168
158,169
158,170
158,171
158,172
158,173
158,174
158,175
158,176
158,177
158,178
158,179
158,180
158,181
158,182
158,183
158,184
158,185
158,186
158,187
158,188
158,189
158,190
158,191
158,192
158,193
158,194
158,195
158,196
158,197
158,198
158,199
158,200
158,201
158,202
158,203
158,204
158,205
158,206
158,207
158,208
158,209
158,210
158,211
158,212
158,213
158,214
158,215
158,216
158,217
158,218
:57_7,219
:57_7,220
:57_7,221
:57_7,222
:57_7,223
:57_7,224
-49,225
-49,226
-49,227
-49,228
-49,229
-49,230
-49,231
-49,232
-49,233
-49,234
-49,235
-49,236
-49,237
-49,238
-49,239
-49,240
-49,241
-49,242
-49,243
-49,244
-49,245
-49,246
-49,247
-49,248
-49,249
-49,250
-49,251
-49,252
-49,253
-49,254
-49,255
-49,256
-49,257
-49,258
-49,259
-49,260
-49,261
-49,262
-49,263
-49,264
-49,265
-49,266
-49,267
-49,268
-49,269
-49,270
-49,271
-49,272
-49,273
-49,274
-49,275
-49,276
-49,277
-49,278
-49,279
-49,280
-49,281
-49,282
-49,283
-49,284
-49,285
-49,286
-49,287
-49,288
-49,289
-49,290
-49,291
-49,292
-49,293
-49,294
-49,295
-49,296
-49,297
-49,298
-49,299
-49,300
-49,301
-49,302
-49,303
-49,304
-49,305
-49,306
-49,307
-49,308
-49,309
-49,310
-49,311
-49,312
-49,313
-49,314
-49,315
-49,316
-49,317
-49,318
-49,319
-49,320
-49,321
-49,322
-49,323
-49,324
-49,325
-49,326
-49,327
-49,328
-49,329
-49,330
-49,331
-49,332
-49,333
-49,334
-49,335
-49,336
-49,337
-49,338
-49,339
-49,340
-49,341
-49,342
-49,343
-49,344
-49,345
-49,346
-49,347
-49,348
-49,349
-49,350
-49,351
-49,352
-49,353
-49,354
-49,355
-49,356
-49,357
-49,358
-49,359
-49,360
-49,361
-49,362
-49,363
-49,364
-49,365
-49,366
-49,367
-49,368
-49,369
-49,370
-49,371
-49,372
-49,373
-49,374
-49,375
-49,376
-49,377
-49,378
-49,379
-49,380
-49,381
-49,382
-49,383
-49,384
-49,385
-49,386
-49,387
-49,388
-49,389
-49,390
-49,391
-49,392
-49,393
-49,394
-49,395
-49,396
-49,397
-49,398
-49,399
-49,400
-49,401
-49,402
-49,403
-49,404
-49,405
-49,406
-49,407
-49,408
-49,409
-49,410
-49,411
-49,412
-49,413
-49,414
-49,415
-49,416
-49,417
-49,418
-49,419
-49,420
-49,421
-49,422
-49,423
-49,424
-49,425
-49,426
-49,427
-49,428
-49,429
-49,430
-49,431
-49,432
-49,433
-49,434
-49,435
-49,436
-49,437
-49,438
-49,439
-49,440
-49,441
-49,442
-49,443
-49,444
-49,445
-49,446
-49,447
-49,448
-49,449
-49,450
-49,451
-49,452
-49,453
-49,454
-49,455
-49,456
-49,457
-49,458
-49,459
-49,460
:5_15,461
:5_15,462
:5_15,463
:5_15,464
:5_15,465
:5_15,466
:5_15,467
:5_15,468
:5_15,469
-4,470
-4,471
-4,472
-4,473
-4,474
-4,475
-4,476
-4,477
-4,478
-4,479
-4,480
-4,481
-4,482
-4,483
-4,484
-4,485
-4,486
-4,487
-4,488
-4,489
-4,490
-4,491
-4,492
-4,493
-4,494
-4,495
-4,496
-4,497
-4,498
-4,499
-4,500
-4,501
-4,502
-4,503
-4,504
-4,505
-4,506
-4,507
-4,508
-4,509
-4,510
-4,511
-4,512
-4,513
-4,514
-4,515
-4,516
-4,517
-4,518
-4,519
-4,520
-4,521
-4,522
-4,523
-4,524
-4,525
-4,526
-4,527
-4,528
-4,529
-4,530
-4,531
-4,532
-4,533
-4,534
-4,535
-4,536
-4,537
-4,538
-4,539
-4,540
-4,541
-4,542
-4,543
-4,544
-4,545
-4,546
-4,547
-4,548
-4,549
-4,550
-4,551
-4,552
-4,553
-4,554
-4,555
-4,556
-4,557
-4,558
-4,559
-4,560
-4,561
-4,562
-4,563
-4,564
-4,565
-4,566
-4,567
-4,568
-4,569
-4,570
-4,571
-4,572
-4,573
-4,574
-4,575
-4,576
-4,577
-4,578
-4,579
-4,580
-4,581
-4,582
-4,583
-4,584
-4,585
-4,586
-4,587
-4,588
-4,589
-4,590
-4,591
-4,592
-4,593
-4,594
-4,595
-4,596
-4,597
-4,598
-4,599
-4,600
-4,601
-4,602
-4,603
-4,604
-4,605
-4,606
-4,607
-4,608
-4,609
-4,610
-4,611
-4,612
-4,613
-4,614
-4,615
-4,616
-4,617
-4,618
-4,619
-4,620
-4,621
-4,622
-4,623
-4,624
-4,625
-4,626
-4,627
-4,628
-4,629
-4,630
-4,631
-4,632
-4,633
-4,634
-4,635
-4,636
-4,637
-4,638
-4,639
-4,640
-4,641
-4,642
-4,643
-4,644
-4,645
-4,646
-4,647
-4,648
-4,649
-4,650
-4,651
-4,652
-4,653
-4,654
-4,655
-4,656
-4,657
-4,658
-4,659
-4,660
-4,661
-4,662
-4,663
-4,664
-4,665
-4,666
-4,667
-4,668
-4,669
-4,670
-4,671
-4,672
-4,673
-4,674
-4,675
-4,676
-4,677
-4,678
-4,679
-4,680
-4,681
-4,682
-4,683
-4,684
-4,685
-4,686
-4,687
-4,688
-4,689
-4,690
-4,691
-4,692
-4,693
-4,694
-4,695
-4,696
-4,697
-4,698
-4,699
-4,700
-4,701
-4,702
-4,703
-4,704
-4,705
-4,706
-4,707
-4,708
-4,709
-4,710
-4,711
-4,712
-4,713
-4,714
-4,715
-4,716
-4,717
-4,718
-4,719
-4,720
-4,721
-4,722
-4,723
-4,724
-4,725
-4,726
-4,727
-4,728
-4,729
-4,730
-4,731
-4,732
-4,733
-4,734
-4,735
-4,736
-4,737
-4,738
-4,739
-4,740
-4,741
-4,742
-4,743
-4,744
-4,745
-4,746
-4,747
-4,748
-4,749
-4,750
-4,751
-4,752
-4,753
-4,754
-4,755
-4,756
-4,757
-4,758
-4,759
-4,760
-4,761
-4,762
-4,763
-4,764
-4,765
-4,766
-4,767
-4,768
-4,769
-4,770
-4,771
-4,772
-4,773
-4,774
-4,775
-4,776
-4,777
-4,778
-4,779
-4,780
-4,781
-4,782
-4,783
-4,784
-4,785
-4,786
-4,787
-4,788
-4,789
-4,790
-4,791
-4,792
-4,793
-4,794
-4,795
-4,796
-4,797
-4,798
-4,799
-4,800
-4,801
-4,802
-4,803
-4,804
-4,805
-4,806
-4,807
-4,808
-4,809
-4,810
-4,811
-4,812
-4,813
-4,814
-4,815
-4,816
-4,817
-4,818
-4,819
-4,820
-4,821
-4,822
-4,823
-4,824
-4,825
-4,826
-4,827
-4,828
-4,829
-4,830
-4,831
-4,832
-4,833
-4,834
-4,835
-4,836
-4,837
-4,838
-4,839
-4,840
-4,841
-4,842
-4,843
-4,844
-4,845
-4,846
-4,847
-4,848
-4,849
-4,850
-4,851
-4,852
-4,853
-4,854
-4,855
-4,856
-4,857
-4,858
-4,859
-4,860
-4,861
-4,862
-4,863
-4,864
-4,865
-4,866
-4,867
:0_9,868
:0_9,869
:0_9,870
:0_9,871
:0_9,872
:0_9,873
0,874
0,875
0,876
0,877
0,878
0,879
0,880
0,881
0,882
0,883
0,884
0,885
0,886
0,887
0,888
0,889
0,890
0,891
0,892
0,893
0,894
0,895
0,896
0,897
0,898
0,899
0,900
0,901
0,902
0,903
0,904
0,905
0,906
0,907
0,908
0,909
0,910
0,911
0,912
0,913
0,914
0,915
0,916
0,917
0,918
0,919
0,920
0,921
0,922
0,923
0,924
0,925
0,926
0,927
0,928
0,929
0,930
0,931
0,932
0,933
0,934
0,935
0,936
0,937
0,938
0,939
0,940
0,941
0,942
0,943
0,944
0,945
0,946
0,947
0,948
0,949
0,950
0,951
0,952
0,953
0,954
0,955
0,956
0,957
0,958
0,959
0,960
0,961
0,962
0,963
0,964
0,965
