-669,4
-669,5
-669,6
-669,7
-669,8
-669,9
-669,10
-669,11
-669,12
-669,13
-669,14
-669,15
-669,16
-669,17
-669,18
-669,19
-669,20
-669,21
-669,22
-669,23
-669,24
-669,25
-669,26
-669,27
-669,28
-669,29
-669,30
-669,31
-669,32
-669,33
-669,34
-669,35
-669,36
-669,37
-669,38
-669,39
-669,40
-669,41
-669,42
-669,43
-669,44
-669,45
-669,46
-669,47
-669,48
-669,49
-669,50
-669,51
-669,52
-669,53
-669,54
-669,55
-669,56
-669,57
-669,58
-669,59
-669,60
-669,61
-669,62
-669,63
-669,64
-669,65
-669,66
-669,67
-669,68
-669,69
-669,70
-669,71
-669,72
-669,73
-669,74
-669,75
-669,76
-669,77
-669,78
-669,79
-669,80
-669,81
-669,82
-669,83
-669,84
-669,85
-669,86
-669,87
-669,88
-669,89
-669,90
-669,91
-669,92
-669,93
-669,94
-669,95
-669,96
-669,97
-669,98
-669,99
-669,100
-669,101
-669,102
-669,103
-669,104
-669,105
-669,106
-669,107
-669,108
-669,109
-669,110
-669,111
-669,112
-669,113
-669,114
-669,115
-669,116
-669,117
-669,118
-669,119
-669,120
-669,121
-669,122
-669,123
-669,124
-669,125
-669,126
-669,127
-669,128
-669,129
-669,130
-669,131
-669,132
-669,133
-669,134
-669,135
-669,136
-669,137
-669,138
-669,139
-669,140
-669,141
-669,142
-669,143
-669,144
-669,145
-669,146
-669,147
-669,148
-669,149
-669,150
-669,151
-669,152
-669,153
-669,154
-669,155
-669,156
-669,157
-669,158
-669,159
-669,160
-669,161
-669,162
-669,163
-669,164
-669,165
-669,166
-669,167
-669,168
-669,169
-669,170
-669,171
-669,172
-669,173
-669,174
-669,175
-669,176
-669,177
-669,178
-669,179
-669,180
-669,181
-669,182
-669,183
-669,184
-669,185
-669,186
-669,187
-669,188
-669,189
-669,190
-669,191
-669,192
-669,193
-669,194
-669,195
-669,196
-669,197
-669,198
-669,199
-669,200
-669,201
-669,202
-669,203
-669,204
-669,205
-669,206
-669,207
-669,208
-669,209
-669,210
-669,211
-669,212
-669,213
-669,214
-669,215
-669,216
-669,217
-669,218
-669,219
-669,220
-669,221
-649,222
-649,223
-649,224
-649,225
-649,226
-649,227
-649,228
-649,229
-649,230
-649,231
-649,232
-649,233
-649,234
-649,235
-649,236
-649,237
-649,238
-649,239
-649,240
-649,241
-649,242
-649,243
-649,244
-649,245
-649,246
-649,247
-649,248
-649,249
-649,250
-649,251
-649,252
-649,253
-649,254
-649,255
-649,256
-649,257
-649,258
-649,259
-649,260
-649,261
-649,262
-649,263
-649,264
-649,265
-649,266
-649,267
-649,268
-649,269
-649,270
-649,271
-649,272
-649,273
-649,274
-649,275
-649,276
-649,277
-649,278
-649,279
-649,280
-649,281
-649,282
-649,283
-649,284
-649,285
-649,286
-649,287
-649,288
-649,289
-649,290
-649,291
-649,292
-649,293
-649,294
-649,295
-649,296
-649,297
-649,298
-649,299
-649,300
-649,301
-649,302
-649,303
-649,304
-649,305
-649,306
-649,307
-649,308
-649,309
-649,310
-649,311
-649,312
-649,313
-649,314
-649,315
-649,316
-649,317
-649,318
-649,319
-649,320
-649,321
-649,322
-649,323
-649,324
-649,325
-649,326
-649,327
-649,328
-649,329
-649,330
-649,331
-649,332
-649,333
-649,334
-649,335
-649,336
-649,337
-649,338
-649,339
-649,340
-649,341
-649,342
-649,343
-649,344
-250,345
-250,346
-250,347
-250,348
-250,349
-250,350
-250,351
-250,352
-250,353
-250,354
-250,355
-250,356
-250,357
-250,358
-250,359
-250,360
-250,361
-250,362
-250,363
-250,364
-250,365
-250,366
-250,367
-250,368
-250,369
-250,370
-250,371
-250,372
-250,373
-250,374
-250,375
-250,376
-250,377
-250,378
-250,379
-250,380
-250,381
-250,382
-250,383
-250,384
-250,385
-250,386
-250,387
-250,388
-250,389
-250,390
-250,391
-250,392
-250,393
-250,394
-250,395
-250,396
-250,397
-250,398
-250,399
-250,400
-250,401
-250,402
-250,403
-250,404
-250,405
-250,406
-250,407
-250,408
-250,409
-250,410
-250,411
-250,412
-250,413
-250,414
-250,415
-250,416
-250,417
-250,418
-250,419
-250,420
-250,421
-250,422
-250,423
-250,424
-250,425
-250,426
-250,427
-250,428
-250,429
-250,430
-250,431
-250,432
-250,433
-250,434
-250,435
-250,436
-250,437
-250,438
-250,439
-250,440
-250,441
:249_8,442
:249_8,443
:249_8,444
:249_8,445
248,446
248,447
248,448
248,449
248,450
248,451
248,452
248,453
248,454
248,455
248,456
248,457
248,458
248,459
248,460
248,461
248,462
248,463
248,464
248,465
248,466
248,467
248,468
248,469
248,470
248,471
248,472
248,473
248,474
248,475
248,476
248,477
248,478
248,479
248,480
248,481
248,482
248,483
248,484
248,485
248,486
248,487
248,488
248,489
248,490
248,491
248,492
248,493
248,494
248,495
248,496
248,497
248,498
248,499
248,500
248,501
248,502
248,503
248,504
248,505
248,506
248,507
248,508
248,509
248,510
248,511
248,512
248,513
248,514
248,515
248,516
248,517
248,518
248,519
248,520
248,521
248,522
248,523
248,524
248,525
248,526
248,527
248,528
248,529
248,530
248,531
248,532
248,533
248,534
248,535
248,536
248,537
248,538
248,539
248,540
248,541
248,542
248,543
248,544
248,545
248,546
-382,547
-382,548
-382,549
-382,550
-382,551
-382,552
-382,553
-382,554
-382,555
-382,556
-382,557
-382,558
-382,559
-382,560
-382,561
-382,562
-382,563
-382,564
-382,565
-382,566
-382,567
-382,568
-382,569
-382,570
-382,571
-382,572
-382,573
-382,574
-382,575
-382,576
-382,577
-382,578
-382,579
-382,580
-382,581
-382,582
-382,583
-382,584
-382,585
-382,586
-382,587
-382,588
-382,589
-382,590
-382,591
-382,592
-382,593
-382,594
-382,595
-382,596
-382,597
-382,598
-382,599
-382,600
-382,601
-382,602
-382,603
-382,604
-382,605
-382,606
-382,607
-382,608
-382,609
-382,610
-382,611
-382,612
-382,613
-382,614
-382,615
-382,616
-382,617
-382,618
-382,619
-382,620
-382,621
-382,622
-382,623
-382,624
-382,625
-382,626
-382,627
-382,628
-382,629
-382,630
-382,631
-382,632
-382,633
-382,634
-382,635
-382,636
-382,637
-382,638
-382,639
-382,640
:241_6,641
:241_6,642
:241_6,643
:241_6,644
:241_6,645
:241_6,646
-238,647
-238,648
-238,649
-238,650
-238,651
-238,652
-238,653
-238,654
-238,655
-238,656
-238,657
-238,658
-238,659
-238,660
-238,661
-238,662
-238,663
-238,664
-238,665
-238,666
-238,667
-238,668
-238,669
-238,670
-238,671
-238,672
-238,673
-238,674
-238,675
-238,676
-238,677
-238,678
-238,679
-238,680
-238,681
-238,682
-238,683
-238,684
-238,685
-238,686
-238,687
-238,688
-238,689
-238,690
-238,691
-238,692
-238,693
-238,694
-238,695
-238,696
-238,697
-238,698
-238,699
-238,700
-238,701
-238,702
-238,703
-238,704
-238,705
-238,706
-238,707
-238,708
-238,709
-238,710
-238,711
-238,712
-238,713
-238,714
-238,715
-238,716
-238,717
-238,718
-238,719
-238,720
-238,721
-238,722
-238,723
-238,724
-238,725
-238,726
-238,727
-238,728
:239_7,729
:239_7,730
:239_7,731
:239_7,732
:239_7,733
:239_7,734
236,735
236,736
236,737
236,738
236,739
236,740
236,741
236,742
236,743
236,744
236,745
236,746
236,747
236,748
236,749
236,750
236,751
236,752
236,753
236,754
236,755
236,756
236,757
236,758
236,759
236,760
236,761
236,762
236,763
236,764
236,765
236,766
236,767
236,768
236,769
236,770
236,771
236,772
236,773
236,774
236,775
236,776
236,777
236,778
236,779
236,780
236,781
236,782
236,783
236,784
236,785
236,786
236,787
236,788
236,789
236,790
236,791
236,792
236,793
236,794
236,795
236,796
236,797
236,798
236,799
236,800
236,801
236,802
236,803
236,804
236,805
236,806
236,807
236,808
236,809
236,810
236,811
236,812
236,813
236,814
236,815
236,816
236,817
236,818
236,819
236,820
236,821
236,822
236,823
236,824
236,825
236,826
236,827
236,828
236,829
236,830
236,831
236,832
236,833
236,834
236,835
236,836
236,837
236,838
236,839
236,840
236,841
236,842
236,843
236,844
236,845
236,846
236,847
236,848
236,849
236,850
236,851
236,852
236,853
236,854
236,855
236,856
236,857
236,858
236,859
236,860
236,861
236,862
236,863
236,864
236,865
236,866
236,867
236,868
236,869
236,870
236,871
236,872
236,873
236,874
236,875
236,876
236,877
236,878
236,879
236,880
236,881
236,882
236,883
236,884
236,885
236,886
236,887
236,888
236,889
236,890
236,891
236,892
236,893
236,894
236,895
236,896
236,897
236,898
236,899
236,900
236,901
:240_3,902
:240_3,903
:240_3,904
:240_3,905
:240_3,906
:240_3,907
:240_3,908
:240_3,909
237,910
237,911
237,912
237,913
237,914
237,915
237,916
237,917
237,918
237,919
237,920
237,921
237,922
237,923
237,924
237,925
237,926
237,927
237,928
237,929
237,930
237,931
237,932
237,933
237,934
237,935
237,936
237,937
237,938
237,939
237,940
237,941
237,942
237,943
237,944
237,945
237,946
237,947
237,948
237,949
237,950
237,951
237,952
237,953
237,954
237,955
237,956
237,957
237,958
237,959
237,960
237,961
237,962
237,963
237,964
237,965
-669,4
