609,1
609,1
609,1
609,2
609,3
609,4
609,5
609,6
609,7
609,8
609,9
609,10
609,11
609,12
609,13
609,14
609,15
609,16
609,17
609,18
609,19
609,20
609,21
609,22
609,23
609,24
609,25
609,26
609,27
609,28
609,29
609,30
609,31
609,32
609,33
609,34
609,35
609,36
609,37
609,38
609,39
609,40
609,41
609,42
609,43
609,44
609,45
609,46
609,47
609,48
609,49
609,50
609,51
609,52
609,53
609,54
609,55
609,56
609,57
609,58
609,59
609,60
609,61
609,62
609,63
609,64
609,65
609,66
609,67
609,68
609,69
609,70
609,71
609,72
609,73
609,74
609,75
609,76
609,77
609,78
609,79
609,80
609,81
609,82
609,83
609,84
609,85
609,86
609,87
609,88
609,89
609,90
609,91
609,92
609,93
609,94
609,95
609,96
609,97
609,98
609,99
609,100
609,101
609,102
609,103
609,104
609,105
609,106
609,107
609,108
609,109
609,110
609,111
609,112
609,113
609,114
609,115
609,116
609,117
609,118
609,119
609,120
609,121
609,122
609,123
609,124
609,125
609,126
609,127
609,128
609,129
609,130
609,131
609,132
609,133
609,134
609,135
609,136
609,137
609,138
609,139
609,140
609,141
609,142
:438_7,143
:438_7,144
:438_7,145
:438_7,146
:438_7,147
:438_7,148
:438_7,149
-537,150
-537,151
-537,152
-537,153
-537,154
-537,155
-537,156
-537,157
-537,158
-537,159
-537,160
-537,161
-537,162
-537,163
-537,164
-537,165
-537,166
-537,167
-537,168
-537,169
-537,170
-537,171
-537,172
-537,173
-537,174
-537,175
-537,176
-537,177
-537,178
-537,179
-537,180
-537,181
-537,182
-537,183
-537,184
-537,185
-537,186
-537,187
-537,188
-537,189
-537,190
-537,191
-537,192
-537,193
-537,194
-537,195
-537,196
-537,197
-537,198
-537,199
-537,200
-537,201
-537,202
-537,203
-537,204
-537,205
-537,206
-537,207
-537,208
-537,209
-537,210
-537,211
-537,212
-537,213
-537,214
-537,215
-537,216
-537,217
-537,218
-537,219
-537,220
-537,221
-537,222
-537,223
-537,224
-537,225
-537,226
-537,227
-537,228
-537,229
-537,230
-537,231
-537,232
-537,233
-537,234
-537,235
-537,236
-537,237
-537,238
-537,239
-537,240
-537,241
-537,242
-537,243
-537,244
-537,245
-537,246
-537,247
-537,248
-537,249
-537,250
-537,251
-537,252
-537,253
-537,254
-537,255
-537,256
-537,257
-537,258
-537,259
-537,260
-537,261
-537,262
-537,263
-537,264
-537,265
-537,266
-537,267
-537,268
-537,269
-537,270
-537,271
-537,272
-537,273
-537,274
-537,275
-537,276
-537,277
-537,278
-537,279
-537,280
-537,281
-537,282
-537,283
-537,284
-537,285
-537,286
-537,287
-537,288
-537,289
-537,290
-537,291
-537,292
-537,293
-537,294
-537,295
-537,296
-537,297
-537,298
-537,299
-537,300
-537,301
-537,302
-537,303
-537,304
-537,305
-537,306
-537,307
-537,308
-537,309
-537,310
-537,311
-537,312
-537,313
-537,314
-537,315
-537,316
-537,317
-537,318
-537,319
-537,320
-537,321
-537,322
-537,323
-537,324
-537,325
-537,326
-537,327
-537,328
-537,329
-537,330
-537,331
-537,332
-537,333
-537,334
-537,335
-537,336
-537,337
-537,338
-537,339
-537,340
-537,341
-537,342
-537,343
-537,344
-537,345
-537,346
-537,347
-537,348
-537,349
-537,350
-537,351
-537,352
-537,353
-537,354
-537,355
-537,356
-537,357
-537,358
-537,359
-537,360
-537,361
-537,362
-537,363
-537,364
-537,365
-537,366
-537,367
-537,368
-537,369
-537,370
-537,371
-537,372
-537,373
:403_3,374
:403_3,375
:403_3,376
:403_3,377
:403_3,378
:403_3,379
:403_3,380
:403_3,381
-536,382
-536,383
-536,384
-536,385
-536,386
-536,387
-536,388
-536,389
-536,390
-536,391
-536,392
-536,393
-536,394
-536,395
-536,396
-536,397
-536,398
-536,399
-536,400
-536,401
-536,402
-536,403
-536,404
-536,405
-536,406
-536,407
-536,408
-536,409
-536,410
-536,411
-536,412
-536,413
-536,414
-536,415
-536,416
-536,417
-536,418
-536,419
-536,420
-536,421
-536,422
-536,423
-536,424
-536,425
-536,426
-536,427
-536,428
-536,429
-536,430
-536,431
-536,432
-536,433
-536,434
-536,435
-536,436
-536,437
-536,438
-536,439
-536,440
-536,441
-536,442
-536,443
-536,444
-536,445
-536,446
-536,447
-536,448
-536,449
-536,450
-536,451
-536,452
-536,453
-536,454
-536,455
-536,456
-536,457
-536,458
-536,459
-536,460
-536,461
-536,462
-536,463
-536,464
-536,465
-536,466
-536,467
-536,468
-536,469
-536,470
-536,471
-536,472
-536,473
-536,474
-536,475
-536,476
-536,477
-536,478
-536,479
-536,480
-536,481
-536,482
-536,483
-536,484
-536,485
-536,486
-536,487
-536,488
-536,489
-536,490
-536,491
-536,492
-536,493
-536,494
-536,495
-536,496
-536,497
-536,498
-536,499
-536,500
-536,501
-536,502
-536,503
-536,504
-536,505
-536,506
-536,507
-536,508
-536,509
-536,510
-536,511
-536,512
-536,513
-536,514
-536,515
-536,516
-536,517
-536,518
-536,519
-536,520
-536,521
-536,522
-536,523
-536,524
-536,525
-536,526
-536,527
-536,528
-536,529
-536,530
-536,531
-536,532
-536,533
-536,534
-536,535
-536,536
-536,537
-536,538
-536,539
-536,540
-536,541
-536,542
-536,543
-536,544
-536,545
-536,546
-536,547
-536,548
-536,549
-536,550
-536,551
-536,552
-536,553
-536,554
-536,555
-536,556
-536,557
-536,558
-536,559
-536,560
-536,561
-536,562
-536,563
-536,564
-536,565
-536,566
-536,567
-536,568
-536,569
-536,570
-536,571
-536,572
-536,573
-536,574
-536,575
-536,576
-536,577
-536,578
-536,579
-536,580
-536,581
-536,582
-536,583
-536,584
-536,585
-536,586
-536,587
-536,588
-536,589
-536,590
-536,591
-536,592
-536,593
-536,594
-536,595
-536,596
-536,597
-536,598
-536,599
-536,600
-536,601
-536,602
-536,603
-536,604
-536,605
-536,606
-536,607
-536,608
-536,609
-536,610
-536,611
-536,612
-536,613
-536,614
-536,615
-536,616
-536,617
-536,618
-536,619
-536,620
-536,621
-536,622
-536,623
-536,624
-536,625
-536,626
-536,627
-536,628
-536,629
-536,630
-536,631
-536,632
-536,633
-536,634
-536,635
-536,636
-536,637
-536,638
-536,639
-536,640
-536,641
-536,642
-536,643
-536,644
-536,645
-536,646
-536,647
-536,648
-536,649
-536,650
-536,651
-536,652
-536,653
-536,654
-536,655
-536,656
-536,657
-536,658
-536,659
-536,660
-536,661
-536,662
-536,663
-536,664
-536,665
-536,666
-536,667
-536,668
-536,669
-536,670
-536,671
-536,672
-536,673
-536,674
-536,675
-536,676
-536,677
-536,678
-536,679
-536,680
-536,681
-536,682
-536,683
-536,684
-536,685
-536,686
-536,687
-536,688
-536,689
-536,690
-536,691
-536,692
-536,693
-536,694
-536,695
-536,696
-536,697
-536,698
-536,699
-536,700
-536,701
-536,702
-536,703
-536,704
-536,705
609,1
609,2
609,3
609,4
609,1
