-349,1
-349,1
-349,1
-349,2
-349,3
-349,4
-349,5
-349,6
-349,7
-349,8
-349,9
-349,10
-349,11
-349,12
-349,13
-349,14
-349,15
-349,16
-349,17
-349,18
-349,19
-349,20
-349,21
-349,22
-349,23
-349,24
-349,25
-349,26
-349,27
-349,28
-349,29
-349,30
-349,31
-349,32
-349,33
-349,34
-349,35
-349,36
-349,37
-349,38
-349,39
-349,40
-349,41
-349,42
-349,43
-349,44
-348,45
-348,46
-348,47
-348,48
-348,49
-348,50
-348,51
-348,52
-348,53
-348,54
-348,55
-348,56
-348,57
-348,58
-348,59
-348,60
-348,61
-348,62
-348,63
-348,64
-348,65
-348,66
-348,67
-348,68
-348,69
-348,70
-348,71
-348,72
-348,73
-348,74
-348,75
-348,76
-348,77
-348,78
-348,79
-348,80
-348,81
-348,82
-348,83
-348,84
-348,85
-348,86
-348,87
-348,88
-348,89
-348,90
-348,91
-348,92
-348,93
-348,94
-348,95
-348,96
-348,97
-348,98
-348,99
-348,100
-348,101
-348,102
-348,103
-348,104
-348,105
-348,106
-348,107
-348,108
-348,109
-348,110
-348,111
-348,112
-348,113
-348,114
-348,115
-348,116
-348,117
-348,118
-348,119
-348,120
-348,121
-348,122
-348,123
-348,124
-347,125
-347,126
-347,127
-347,128
-347,129
-347,130
-347,131
-347,132
-347,133
-347,134
-347,135
-347,136
-347,137
-347,138
-347,139
-347,140
-347,141
-347,142
-347,143
-347,144
-347,145
-347,146
-347,147
-347,148
-347,149
-347,150
-347,151
-347,152
-347,153
-347,154
-347,155
-347,156
-347,157
-347,158
-347,159
-347,160
-347,161
-347,162
-347,163
-347,164
-347,165
-347,166
-347,167
-347,168
-347,169
-347,170
-347,171
-347,172
-347,173
-347,174
-347,175
-347,176
-347,177
-347,178
-347,179
-347,180
-347,181
-347,182
-347,183
-347,184
-347,185
-347,186
-347,187
-347,188
-347,189
-347,190
-347,191
-347,192
-347,193
-347,194
-347,195
-347,196
-347,197
-347,198
-347,199
-347,200
-347,201
-347,202
-347,203
-346,204
-346,205
-346,206
-346,207
-346,208
-346,209
-346,210
-346,211
-346,212
-346,213
-346,214
-346,215
-346,216
-346,217
-346,218
-346,219
-346,220
-346,221
-346,222
-346,223
-346,224
-346,225
-346,226
-346,227
-346,228
-346,229
-346,230
-346,231
-346,232
-346,233
-346,234
-346,235
-346,236
-346,237
-346,238
-346,239
-346,240
-346,241
-346,242
-346,243
-346,244
-346,245
-346,246
-346,247
-346,248
-346,249
-346,250
-346,251
-346,252
-346,253
-346,254
-346,255
-346,256
-346,257
-346,258
-346,259
-346,260
-346,261
-346,262
-346,263
-346,264
-346,265
-346,266
-346,267
-346,268
-346,269
-346,270
-346,271
-346,272
-346,273
-346,274
-346,275
-346,276
-346,277
-346,278
-346,279
-346,280
-346,281
-346,282
-346,283
-346,284
-346,285
-346,286
-345,287
-345,288
-345,289
-345,290
-345,291
-345,292
-345,293
-345,294
-345,295
-345,296
-345,297
-345,298
-345,299
-345,300
-345,301
-345,302
-345,303
-345,304
-345,305
-345,306
-345,307
-345,308
-345,309
-345,310
-345,311
-345,312
-345,313
-345,314
-345,315
-345,316
-345,317
-345,318
-345,319
-345,320
-345,321
-345,322
-345,323
-345,324
-345,325
-345,326
-345,327
-345,328
-345,329
-345,330
-345,331
-345,332
-345,333
-345,334
-345,335
-345,336
-345,337
-345,338
-345,339
-345,340
-345,341
-345,342
-345,343
-345,344
-345,345
-345,346
-345,347
-345,348
-345,349
-345,350
-345,351
-345,352
-345,353
-345,354
-345,355
-345,356
-345,357
-345,358
-345,359
-345,360
-345,361
-345,362
-345,363
:320_1,364
-344,365
-344,366
-344,367
-344,368
-344,369
-344,370
-344,371
-344,372
-344,373
-344,374
-344,375
-344,376
-344,377
-344,378
-344,379
-344,380
-344,381
-344,382
-344,383
-344,384
-344,385
-344,386
-344,387
-344,388
-344,389
-344,390
-344,391
-344,392
-344,393
-344,394
-344,395
-344,396
-344,397
-344,398
-344,399
-344,400
-344,401
-344,402
-344,403
-344,404
-344,405
-344,406
-344,407
-344,408
-344,409
-344,410
-344,411
-344,412
-344,413
-344,414
-344,415
-344,416
-344,417
-344,418
-344,419
-344,420
-344,421
-344,422
-344,423
-344,424
-344,425
-344,426
-344,427
-344,428
-344,429
-344,430
-344,431
-344,432
-344,433
-344,434
-344,435
-344,436
-344,437
-344,438
-344,439
-344,440
-344,441
-344,442
-344,443
-344,444
-344,445
:319_1,446
-343,447
-343,448
-343,449
-343,450
-343,451
-343,452
-343,453
-343,454
-343,455
-343,456
-343,457
-343,458
-343,459
-343,460
-343,461
-343,462
-343,463
-343,464
-343,465
-343,466
-343,467
-343,468
-343,469
-343,470
-343,471
-343,472
-343,473
-343,474
-343,475
-343,476
-343,477
-343,478
-343,479
-343,480
-343,481
-343,482
-343,483
-343,484
-343,485
-343,486
-343,487
-343,488
-343,489
-343,490
-343,491
-343,492
-343,493
-343,494
-343,495
-343,496
-343,497
-343,498
-343,499
-343,500
-343,501
-343,502
-343,503
-343,504
-343,505
-343,506
-343,507
-343,508
-343,509
-343,510
-343,511
-343,512
-343,513
-343,514
-343,515
-343,516
-343,517
-343,518
-343,519
-343,520
-343,521
-343,522
-343,523
-343,524
-343,525
-343,526
-343,527
-342,528
-342,529
-342,530
-342,531
-342,532
-342,533
-342,534
-342,535
-342,536
-342,537
-342,538
-342,539
-342,540
-342,541
-342,542
-342,543
-342,544
-342,545
-342,546
-342,547
-342,548
-342,549
-342,550
-342,551
-342,552
-342,553
-342,554
-342,555
-342,556
-342,557
-342,558
-342,559
-342,560
-342,561
-342,562
-342,563
-342,564
-342,565
-342,566
-342,567
-342,568
-342,569
-342,570
-342,571
-342,572
-342,573
-342,574
-342,575
-342,576
-342,577
-342,578
-342,579
-342,580
-342,581
-342,582
-342,583
-342,584
-342,585
-342,586
-342,587
-342,588
-342,589
-342,590
-342,591
-342,592
-342,593
-342,594
-342,595
-342,596
-342,597
:317_1,598
-341,599
-341,600
-341,601
-341,602
-341,603
-341,604
-341,605
-341,606
-341,607
-341,608
-341,609
-341,610
-341,611
-341,612
-341,613
-341,614
-341,615
-341,616
-341,617
-341,618
-341,619
-341,620
-341,621
-341,622
-341,623
-341,624
-341,625
-341,626
-341,627
-341,628
-341,629
-341,630
-341,631
-341,632
-341,633
-341,634
-341,635
-341,636
-341,637
-341,638
-341,639
-341,640
-341,641
-341,642
-341,643
-341,644
-341,645
-341,646
-341,647
-341,648
-341,649
-341,650
-341,651
-341,652
-341,653
-341,654
-341,655
-341,656
-341,657
-341,658
-341,659
-341,660
-341,661
-341,662
-341,663
-341,664
-341,665
-341,666
-341,667
-341,668
-341,669
-341,670
-341,671
-341,672
-341,673
-341,674
-340,675
-340,676
-340,677
-340,678
-340,679
-340,680
-340,681
-340,682
-340,683
-340,684
-340,685
-340,686
-340,687
-340,688
-340,689
-340,690
-340,691
-340,692
-340,693
-340,694
-340,695
-340,696
-340,697
-340,698
-340,699
-340,700
-340,701
-340,702
-340,703
-340,704
-340,705
-340,706
-340,707
-340,708
-340,709
-340,710
-340,711
-340,712
-340,713
-340,714
-340,715
:315_13,716
:315_13,717
:315_13,718
:315_13,719
:315_13,720
:315_13,721
-339,722
-339,723
-339,724
-339,725
-339,726
-339,727
-339,728
-339,729
-339,730
-339,731
-339,732
-339,733
-339,734
-339,735
-339,736
-339,737
-339,738
-339,739
-339,740
-339,741
-339,742
-339,743
-339,744
-339,745
-339,746
-339,747
-339,748
-339,749
-339,750
-339,751
-339,752
-339,753
-339,754
-339,755
-339,756
-339,757
-339,758
-339,759
-339,760
-339,761
-339,762
-339,763
-339,764
-339,765
-339,766
-339,767
-339,768
-339,769
-339,770
-339,771
-339,772
-339,773
-339,774
-339,775
-339,776
-339,777
-339,778
-339,779
-339,780
-339,781
-339,782
-339,783
-339,784
-339,785
-339,786
-339,787
-339,788
-339,789
-339,790
-339,791
-339,792
-339,793
-339,794
-339,795
-339,796
-339,797
-339,798
-339,799
-339,800
-339,801
-339,802
-339,803
-339,804
-339,805
-339,806
-339,807
-339,808
-339,809
-339,810
-339,811
-339,812
-339,813
-339,814
-339,815
-339,816
-339,817
-339,818
-339,819
-339,820
-339,821
-339,822
-338,823
-338,824
-338,825
-338,826
-338,827
-338,828
-338,829
-338,830
-338,831
-338,832
-338,833
-338,834
-338,835
-338,836
-338,837
-338,838
-338,839
-338,840
-338,841
-338,842
-338,843
-338,844
-338,845
-338,846
-338,847
-338,848
-338,849
-338,850
-338,851
-338,852
-338,853
-338,854
-338,855
-338,856
-338,857
-338,858
-338,859
-338,860
-338,861
-338,862
-338,863
-338,864
-338,865
-338,866
-338,867
-338,868
-338,869
-338,870
-338,871
-338,872
-338,873
-338,874
-338,875
-338,876
-338,877
-338,878
-338,879
-338,880
-338,881
-338,882
-338,883
-338,884
-338,885
:313_13,886
:313_13,887
:313_13,888
:313_13,889
:313_13,890
:313_13,891
-337,892
-337,893
-337,894
-337,895
-337,896
-337,897
-337,898
-337,899
-337,900
-337,901
-337,902
-337,903
-337,904
-337,905
-337,906
-337,907
-337,908
-337,909
-337,910
-337,911
-337,912
-337,913
-337,914
-337,915
-337,916
-337,917
-337,918
-337,919
-337,920
-337,921
-337,922
-337,923
-337,924
-337,925
-337,926
-337,927
-337,928
-337,929
-337,930
-337,931
-337,932
-337,933
-337,934
-337,935
-337,936
-337,937
-337,938
-337,939
-337,940
-337,941
-337,942
-337,943
-337,944
-337,945
-337,946
-337,947
-337,948
-337,949
-337,950
-337,951
-337,952
-337,953
-337,954
-337,955
-337,956
-337,957
-337,958
-337,959
-337,960
-337,961
-337,962
-337,963
-337,964
-337,965
-337,966
-349,1
-349,2
-349,3
-349,4
-349,1
