463,1
463,1
463,1
463,2
463,3
463,4
463,5
463,6
463,7
463,8
463,9
463,10
463,11
463,12
463,13
463,14
463,15
463,16
463,17
463,18
463,19
463,20
463,21
463,22
463,23
463,24
463,25
463,26
463,27
463,28
463,29
463,30
463,31
463,32
463,33
463,34
463,35
463,36
463,37
463,38
463,39
463,40
463,41
463,42
463,43
463,44
463,45
463,46
463,47
463,48
463,49
463,50
463,51
463,52
463,53
463,54
463,55
463,56
463,57
463,58
463,59
463,60
463,61
463,62
463,63
463,64
463,65
463,66
463,67
463,68
463,69
:371_3,70
:371_3,71
:371_3,72
-422,73
-422,74
-422,75
-422,76
-422,77
-422,78
-422,79
-422,80
-422,81
-422,82
-422,83
-422,84
-422,85
-422,86
-422,87
-422,88
-422,89
-422,90
-422,91
-422,92
-422,93
-422,94
-422,95
-422,96
-422,97
-422,98
-422,99
-422,100
-422,101
-422,102
-422,103
-422,104
-422,105
-422,106
-422,107
-422,108
-422,109
-422,110
-422,111
-422,112
-422,113
-422,114
-422,115
-422,116
-422,117
-422,118
-422,119
-422,120
-422,121
-422,122
-422,123
-422,124
-422,125
-422,126
-422,127
-422,128
-422,129
-422,130
-422,131
-422,132
-422,133
-422,134
-422,135
-422,136
-422,137
-422,138
-422,139
-422,140
-422,141
-422,142
-422,143
-422,144
-422,145
-422,146
-422,147
-422,148
-422,149
-422,150
-422,151
-422,152
-422,153
-422,154
-422,155
-422,156
-422,157
-422,158
-422,159
-422,160
-422,161
-422,162
-422,163
-422,164
-422,165
-422,166
-422,167
-422,168
-422,169
-422,170
-422,171
-422,172
-422,173
-422,174
-422,175
-422,176
-422,177
-422,178
-422,179
-422,180
-422,181
-422,182
-422,183
-422,184
-422,185
-422,186
-422,187
-422,188
-422,189
-422,190
-422,191
-422,192
-422,193
-422,194
-422,195
-422,196
-422,197
-422,198
-422,199
-422,200
:339_14,201
:339_14,202
:339_14,203
:339_14,204
:339_14,205
:339_14,206
-371,207
-371,208
-371,209
-371,210
-371,211
-371,212
-371,213
-371,214
-371,215
-371,216
-371,217
-371,218
-371,219
-371,220
-371,221
-371,222
-371,223
-371,224
-371,225
-371,226
-371,227
-371,228
-371,229
-371,230
-371,231
-371,232
-371,233
-371,234
-371,235
-371,236
-371,237
-371,238
-371,239
-371,240
-371,241
-371,242
-371,243
-371,244
-371,245
-371,246
-371,247
-371,248
-371,249
-371,250
-371,251
-371,252
-371,253
-371,254
-371,255
-371,256
-371,257
-371,258
-371,259
-371,260
-371,261
-371,262
-371,263
-371,264
-371,265
-371,266
-371,267
-371,268
-371,269
-371,270
-371,271
-371,272
-371,273
-371,274
-371,275
-371,276
-371,277
-371,278
-371,279
-371,280
-371,281
-371,282
-371,283
-371,284
-371,285
-371,286
-371,287
-371,288
-371,289
-371,290
-371,291
-371,292
-371,293
-371,294
-371,295
-371,296
-371,297
-371,298
-371,299
-371,300
-371,301
-371,302
-371,303
-371,304
-371,305
-371,306
-371,307
-371,308
-371,309
-371,310
-371,311
-371,312
-371,313
:170_8,314
:170_8,315
:170_8,316
:170_8,317
-154,318
-154,319
-154,320
-154,321
-154,322
-154,323
-154,324
-154,325
-154,326
-154,327
-154,328
-154,329
-154,330
-154,331
-154,332
-154,333
-154,334
-154,335
-154,336
-154,337
-154,338
-154,339
-154,340
-154,341
-154,342
-154,343
-154,344
-154,345
-154,346
-154,347
-154,348
-154,349
-154,350
-154,351
-154,352
-154,353
-154,354
-154,355
-154,356
-154,357
-154,358
-154,359
-154,360
-154,361
-154,362
-154,363
-154,364
-154,365
-154,366
-154,367
-154,368
-154,369
-154,370
-154,371
-154,372
-154,373
-154,374
-154,375
-154,376
-154,377
-154,378
-154,379
-154,380
-154,381
-154,382
-154,383
-154,384
-154,385
-154,386
-154,387
-154,388
-154,389
-154,390
-154,391
-154,392
-154,393
-154,394
-154,395
-154,396
-154,397
-154,398
-154,399
-154,400
-154,401
-154,402
-154,403
-154,404
-154,405
-154,406
-154,407
-154,408
-154,409
-154,410
-154,411
-154,412
-154,413
-154,414
-154,415
-154,416
-154,417
-154,418
-154,419
-154,420
-154,421
-154,422
-154,423
-154,424
-154,425
-154,426
-154,427
-154,428
-154,429
-154,430
-154,431
-154,432
-154,433
-154,434
-154,435
-154,436
-154,437
-154,438
-154,439
-154,440
-154,441
-154,442
-154,443
-154,444
-154,445
-154,446
-154,447
-154,448
-154,449
-154,450
-154,451
-154,452
-154,453
-154,454
-154,455
-154,456
-154,457
-154,458
-154,459
-154,460
-154,461
-154,462
-154,463
-154,464
-154,465
-154,466
-154,467
-154,468
-154,469
-154,470
-154,471
-154,472
-154,473
-154,474
-154,475
-154,476
-154,477
-154,478
-154,479
-154,480
-154,481
-154,482
-154,483
-154,484
-154,485
-154,486
-154,487
-154,488
-154,489
-154,490
-154,491
-154,492
-154,493
-154,494
-154,495
-154,496
-154,497
-154,498
-154,499
-154,500
-154,501
-154,502
-154,503
-154,504
-154,505
-154,506
-154,507
-154,508
-154,509
-154,510
-154,511
-154,512
-154,513
-154,514
-154,515
-154,516
-154,517
-154,518
-154,519
-154,520
-154,521
-154,522
-154,523
-154,524
-154,525
-154,526
-154,527
-154,528
-154,529
-154,530
-154,531
-154,532
-154,533
-154,534
-154,535
-154,536
-154,537
-154,538
-154,539
-154,540
-154,541
-154,542
-154,543
-154,544
-154,545
-154,546
-154,547
-154,548
-154,549
-154,550
:166_13,551
:166_13,552
:166_13,553
:166_13,554
:166_13,555
:166_13,556
151,557
151,558
151,559
151,560
151,561
151,562
151,563
151,564
151,565
151,566
151,567
151,568
151,569
151,570
151,571
151,572
151,573
151,574
151,575
151,576
151,577
151,578
151,579
151,580
151,581
151,582
151,583
151,584
151,585
151,586
151,587
151,588
151,589
151,590
151,591
151,592
151,593
151,594
151,595
151,596
151,597
151,598
151,599
151,600
151,601
151,602
151,603
151,604
151,605
151,606
151,607
151,608
151,609
151,610
:167_6,611
:167_6,612
:167_6,613
:167_6,614
:167_6,615
-458,616
-458,617
-458,618
-458,619
-458,620
-458,621
-458,622
-458,623
-458,624
-458,625
-458,626
-458,627
-458,628
-458,629
-458,630
-458,631
-458,632
-458,633
-458,634
-458,635
-458,636
-458,637
-458,638
-458,639
-458,640
-458,641
-458,642
-458,643
-458,644
-458,645
-458,646
-458,647
-458,648
-458,649
-458,650
-458,651
-458,652
-458,653
-458,654
-458,655
-458,656
-458,657
-458,658
-458,659
-458,660
-458,661
-458,662
-458,663
-458,664
-458,665
-458,666
-458,667
-458,668
-458,669
-458,670
-458,671
-458,672
-458,673
-458,674
-458,675
-458,676
-458,677
-458,678
-458,679
-458,680
-458,681
-458,682
-458,683
-458,684
-458,685
-458,686
-458,687
-458,688
-458,689
-458,690
-458,691
-458,692
-458,693
-458,694
-458,695
-458,696
-458,697
:391_0,698
:391_0,699
:391_0,700
:391_0,701
:391_0,702
:391_0,703
460,704
460,705
460,706
460,707
460,708
460,709
460,710
460,711
460,712
460,713
460,714
460,715
460,716
460,717
460,718
460,719
460,720
460,721
460,722
460,723
460,724
460,725
460,726
460,727
460,728
460,729
460,730
460,731
460,732
460,733
460,734
460,735
460,736
460,737
460,738
460,739
460,740
460,741
460,742
460,743
460,744
460,745
460,746
460,747
460,748
460,749
460,750
460,751
460,752
460,753
460,754
460,755
460,756
460,757
460,758
460,759
460,760
460,761
460,762
460,763
460,764
460,765
460,766
460,767
460,768
460,769
460,770
:76_1,771
:76_1,772
:76_1,773
:76_1,774
:76_1,775
:76_1,776
-66,777
-66,778
-66,779
-66,780
-66,781
-66,782
-66,783
-66,784
-66,785
-66,786
-66,787
-66,788
-66,789
-66,790
-66,791
-66,792
-66,793
-66,794
-66,795
-66,796
-66,797
-66,798
-66,799
-66,800
-66,801
-66,802
-66,803
-66,804
-66,805
-66,806
-66,807
-66,808
-66,809
-66,810
-66,811
-66,812
-66,813
-66,814
-66,815
-66,816
-66,817
-66,818
-66,819
-66,820
-66,821
-66,822
-66,823
-66,824
-66,825
-66,826
-66,827
-66,828
-66,829
-66,830
-66,831
-66,832
-66,833
-66,834
-66,835
-66,836
-66,837
-66,838
-66,839
-66,840
-66,841
-66,842
-66,843
-66,844
-66,845
-66,846
-66,847
-66,848
-66,849
-66,850
-66,851
-66,852
-66,853
-66,854
-66,855
-66,856
-66,857
-66,858
-66,859
-66,860
-66,861
-66,862
-66,863
-66,864
-66,865
-66,866
-66,867
-66,868
-66,869
-66,870
-66,871
-66,872
-66,873
-66,874
-66,875
-66,876
-66,877
-66,878
-66,879
-66,880
-66,881
-66,882
-66,883
-66,884
-66,885
-66,886
-66,887
-66,888
-66,889
-66,890
-66,891
-66,892
:74_1,893
:74_1,894
:74_1,895
:74_1,896
:74_1,897
67,898
67,899
67,900
67,901
67,902
67,903
67,904
67,905
67,906
67,907
67,908
67,909
67,910
67,911
67,912
67,913
67,914
67,915
67,916
67,917
67,918
67,919
67,920
67,921
67,922
67,923
67,924
67,925
67,926
67,927
67,928
67,929
67,930
67,931
67,932
67,933
67,934
67,935
67,936
67,937
67,938
67,939
67,940
67,941
67,942
67,943
67,944
67,945
67,946
67,947
67,948
67,949
67,950
67,951
67,952
67,953
67,954
67,955
67,956
67,957
67,958
67,959
67,960
67,961
67,962
67,963
67,964
67,965
67,966
463,1
463,2
463,3
463,4
463,1
