358,1
358,1
358,1
358,2
358,3
358,4
358,5
358,6
358,7
358,8
358,9
358,10
358,11
358,12
358,13
358,14
358,15
358,16
358,17
358,18
358,19
358,20
358,21
358,22
358,23
358,24
358,25
358,26
358,27
358,28
358,29
358,30
358,31
358,32
358,33
358,34
358,35
358,36
358,37
358,38
358,39
358,40
358,41
358,42
358,43
358,44
358,45
358,46
358,47
358,48
358,49
358,50
358,51
358,52
358,53
358,54
358,55
358,56
:230_12,57
:230_12,58
:230_12,59
374,60
374,61
374,62
374,63
374,64
374,65
374,66
374,67
374,68
374,69
374,70
374,71
374,72
374,73
374,74
374,75
374,76
374,77
374,78
374,79
374,80
374,81
374,82
374,83
374,84
374,85
374,86
374,87
374,88
374,89
374,90
374,91
374,92
374,93
374,94
374,95
374,96
374,97
374,98
374,99
374,100
374,101
374,102
374,103
374,104
374,105
374,106
374,107
374,108
374,109
374,110
374,111
374,112
374,113
374,114
374,115
374,116
374,117
374,118
374,119
374,120
374,121
374,122
374,123
374,124
374,125
374,126
374,127
374,128
374,129
358,1
358,2
358,3
358,1
