26,1
26,1
26,1
26,2
26,3
26,4
26,5
26,6
26,7
26,8
26,9
26,10
26,11
26,12
26,13
26,14
26,15
26,16
26,17
26,18
26,19
26,20
26,21
26,22
26,23
26,24
26,25
26,26
26,27
26,28
26,29
26,30
26,31
26,32
26,33
26,34
26,35
26,36
26,37
26,38
26,39
26,40
26,41
26,42
26,43
26,44
26,45
26,46
26,47
26,48
26,49
26,50
26,51
26,52
26,53
26,54
26,55
26,56
26,57
26,58
26,59
26,60
26,61
26,62
26,63
26,64
26,65
26,66
26,67
26,68
26,69
26,70
26,71
26,72
26,73
26,74
26,75
26,76
26,77
26,78
26,79
26,80
:31_9,81
:31_9,82
:31_9,83
:31_9,84
:31_9,85
320,86
320,87
320,88
320,89
320,90
320,91
320,92
320,93
320,94
320,95
320,96
320,97
320,98
320,99
320,100
320,101
320,102
320,103
320,104
320,105
320,106
320,107
320,108
320,109
320,110
320,111
320,112
320,113
320,114
320,115
320,116
320,117
320,118
320,119
320,120
320,121
320,122
320,123
320,124
320,125
320,126
320,127
320,128
320,129
320,130
320,131
320,132
320,133
320,134
320,135
320,136
320,137
320,138
320,139
320,140
320,141
320,142
320,143
320,144
320,145
320,146
320,147
320,148
320,149
320,150
320,151
320,152
320,153
320,154
320,155
320,156
320,157
320,158
320,159
320,160
320,161
320,162
320,163
320,164
320,165
320,166
320,167
320,168
320,169
320,170
320,171
320,172
320,173
320,174
320,175
320,176
320,177
320,178
320,179
320,180
320,181
320,182
320,183
320,184
320,185
320,186
320,187
320,188
320,189
320,190
320,191
320,192
320,193
320,194
320,195
320,196
320,197
320,198
320,199
320,200
320,201
320,202
320,203
320,204
320,205
320,206
320,207
320,208
320,209
320,210
320,211
320,212
320,213
320,214
320,215
320,216
320,217
320,218
320,219
320,220
320,221
320,222
320,223
320,224
320,225
320,226
320,227
320,228
320,229
320,230
320,231
320,232
320,233
320,234
320,235
320,236
320,237
320,238
320,239
320,240
320,241
320,242
320,243
320,244
320,245
320,246
320,247
320,248
320,249
320,250
320,251
320,252
320,253
320,254
320,255
320,256
:300_7,257
:300_7,258
:300_7,259
:300_7,260
556,261
556,262
556,263
556,264
556,265
556,266
556,267
556,268
556,269
556,270
556,271
556,272
556,273
556,274
556,275
556,276
556,277
556,278
556,279
556,280
556,281
556,282
556,283
556,284
556,285
556,286
556,287
556,288
556,289
556,290
556,291
556,292
556,293
556,294
556,295
556,296
556,297
556,298
556,299
556,300
556,301
556,302
556,303
556,304
556,305
556,306
556,307
556,308
556,309
556,310
556,311
556,312
556,313
556,314
556,315
556,316
556,317
556,318
556,319
556,320
556,321
556,322
556,323
556,324
556,325
556,326
556,327
556,328
556,329
556,330
556,331
556,332
556,333
556,334
:184_7,335
:184_7,336
:184_7,337
:184_7,338
-171,339
-171,340
-171,341
-171,342
-171,343
-171,344
-171,345
-171,346
-171,347
-171,348
-171,349
-171,350
-171,351
-171,352
-171,353
-171,354
-171,355
-171,356
-171,357
-171,358
-171,359
-171,360
-171,361
-171,362
-171,363
-171,364
-171,365
-171,366
-171,367
-171,368
-171,369
-171,370
-171,371
-171,372
-171,373
-171,374
-171,375
-171,376
-171,377
-171,378
-171,379
-171,380
-171,381
-171,382
-171,383
-171,384
-171,385
-171,386
-171,387
-171,388
-171,389
-171,390
-171,391
-171,392
-171,393
-171,394
-171,395
-171,396
-171,397
-171,398
-171,399
-171,400
-171,401
-171,402
-171,403
-171,404
-171,405
-171,406
-171,407
-171,408
-171,409
-171,410
-171,411
-171,412
-171,413
-171,414
-171,415
-171,416
-171,417
-171,418
-171,419
-171,420
-171,421
-171,422
-171,423
-171,424
-171,425
-171,426
-171,427
-171,428
-171,429
-171,430
-171,431
-171,432
-171,433
-171,434
-171,435
-171,436
-171,437
-170,438
-170,439
-170,440
-170,441
-170,442
-170,443
-170,444
-170,445
-170,446
-170,447
-170,448
-170,449
-170,450
-170,451
-170,452
-170,453
-170,454
-170,455
-170,456
-170,457
-170,458
-170,459
-170,460
-170,461
-170,462
-170,463
-170,464
-170,465
-170,466
-170,467
-170,468
-170,469
-170,470
-170,471
-170,472
-170,473
-170,474
-170,475
-170,476
-170,477
-170,478
-170,479
-170,480
-170,481
-170,482
-170,483
-170,484
-170,485
-170,486
-170,487
-170,488
-170,489
-170,490
-170,491
-170,492
-170,493
-170,494
-170,495
-170,496
-170,497
-170,498
-170,499
-170,500
-170,501
-170,502
-170,503
-170,504
-170,505
-170,506
-170,507
-170,508
-170,509
-170,510
-170,511
-170,512
-170,513
-170,514
-170,515
-170,516
-170,517
-170,518
-170,519
-170,520
-170,521
-170,522
-170,523
-170,524
-170,525
-170,526
-170,527
-170,528
-170,529
-170,530
-170,531
-170,532
-170,533
-170,534
-170,535
-170,536
-170,537
-170,538
-170,539
-170,540
-170,541
-170,542
-170,543
-170,544
-170,545
-170,546
-170,547
-170,548
-170,549
:180_6,550
:180_6,551
:180_6,552
169,553
169,554
169,555
169,556
169,557
169,558
169,559
169,560
169,561
169,562
169,563
169,564
169,565
169,566
169,567
169,568
169,569
169,570
169,571
169,572
169,573
169,574
169,575
169,576
169,577
169,578
169,579
169,580
169,581
169,582
169,583
169,584
169,585
169,586
169,587
169,588
169,589
169,590
169,591
169,592
169,593
169,594
169,595
169,596
169,597
169,598
169,599
169,600
169,601
169,602
169,603
169,604
169,605
169,606
169,607
169,608
169,609
169,610
169,611
169,612
169,613
169,614
169,615
169,616
169,617
169,618
169,619
169,620
169,621
169,622
169,623
169,624
169,625
169,626
169,627
169,628
169,629
169,630
169,631
169,632
169,633
169,634
169,635
169,636
169,637
169,638
169,639
169,640
169,641
169,642
169,643
169,644
169,645
169,646
169,647
169,648
169,649
169,650
169,651
169,652
169,653
169,654
169,655
169,656
169,657
169,658
169,659
169,660
169,661
169,662
169,663
169,664
169,665
169,666
169,667
169,668
169,669
169,670
169,671
169,672
169,673
169,674
169,675
169,676
169,677
169,678
169,679
169,680
26,1
26,2
26,3
26,1
