-300,1
-300,1
-300,1
-300,2
-300,3
-300,4
-300,5
-300,6
-300,7
-300,8
-300,9
-300,10
-300,11
-300,12
-300,13
-300,14
-300,15
-300,16
-300,17
-300,18
-300,19
-300,20
-300,21
-300,22
-300,23
-300,24
-300,25
-300,26
-300,27
-300,28
-300,29
-300,30
-300,31
-300,32
-300,33
-300,34
-300,35
-300,36
-300,37
-300,38
-300,39
-300,40
-300,41
-300,42
-300,43
-300,44
-300,45
-300,46
-300,47
-300,48
-300,49
-300,50
-300,51
-300,52
-300,53
-300,54
-300,55
-300,56
-300,57
-300,58
-300,59
-300,60
-300,61
-300,62
-300,63
-300,64
-300,65
-300,66
-300,67
-300,68
-300,69
-300,70
-300,71
-300,72
-300,73
-300,74
-300,75
-300,76
-300,77
-300,78
-300,79
-300,80
-300,81
-300,82
-300,83
-300,84
-300,85
-300,86
-300,87
-300,88
-300,89
-300,90
-300,91
-300,92
-300,93
-300,94
-300,95
-300,96
-300,97
-300,98
-300,99
-300,100
-300,101
-300,102
-300,103
-300,104
-300,105
-300,106
-300,107
-300,108
-300,109
-300,110
-300,111
-300,112
:285_5,113
:285_5,114
:285_5,115
:285_5,116
:285_5,117
:285_5,118
298,119
298,120
298,121
298,122
298,123
298,124
298,125
298,126
298,127
298,128
298,129
298,130
298,131
298,132
298,133
298,134
298,135
298,136
298,137
298,138
298,139
298,140
298,141
298,142
298,143
298,144
298,145
298,146
298,147
298,148
298,149
298,150
298,151
298,152
298,153
298,154
298,155
298,156
298,157
298,158
298,159
298,160
298,161
298,162
298,163
298,164
298,165
298,166
298,167
298,168
298,169
298,170
298,171
298,172
298,173
298,174
298,175
298,176
298,177
298,178
298,179
298,180
298,181
298,182
:286_9,183
:286_9,184
:286_9,185
:286_9,186
:286_9,187
477,188
477,189
477,190
477,191
477,192
477,193
477,194
477,195
477,196
477,197
477,198
477,199
477,200
477,201
477,202
477,203
477,204
477,205
477,206
477,207
477,208
477,209
477,210
477,211
477,212
477,213
477,214
477,215
477,216
477,217
477,218
477,219
477,220
477,221
477,222
477,223
477,224
477,225
477,226
477,227
477,228
477,229
477,230
477,231
477,232
477,233
477,234
477,235
477,236
477,237
477,238
477,239
477,240
477,241
477,242
477,243
477,244
477,245
477,246
477,247
477,248
477,249
477,250
477,251
477,252
477,253
477,254
477,255
477,256
477,257
477,258
477,259
477,260
477,261
477,262
477,263
477,264
477,265
477,266
:158_9,267
:158_9,268
:158_9,269
:158_9,270
:158_9,271
:158_9,272
-143,273
-143,274
-143,275
-143,276
-143,277
-143,278
-143,279
-143,280
-143,281
-143,282
-143,283
-143,284
-143,285
-143,286
-143,287
-143,288
-143,289
-143,290
-143,291
-143,292
-143,293
-143,294
-143,295
-143,296
-143,297
-143,298
-143,299
-143,300
-143,301
-143,302
-143,303
-143,304
-143,305
-143,306
-143,307
-143,308
-143,309
-143,310
-143,311
-143,312
-143,313
-143,314
-143,315
-143,316
-143,317
-143,318
-143,319
-143,320
-143,321
-143,322
-143,323
-143,324
-143,325
-143,326
-143,327
-143,328
-143,329
-143,330
-143,331
-143,332
-143,333
-143,334
-143,335
-143,336
:135_3,337
:135_3,338
:135_3,339
-118,340
-118,341
-118,342
-118,343
-118,344
-118,345
-118,346
-118,347
-118,348
-118,349
-118,350
-118,351
-118,352
-118,353
-118,354
-118,355
-118,356
-118,357
-118,358
-118,359
-118,360
-118,361
-118,362
-118,363
-118,364
-118,365
-118,366
-118,367
-118,368
-118,369
-118,370
-118,371
-118,372
-118,373
-118,374
-118,375
-118,376
-118,377
-118,378
-118,379
-118,380
-118,381
-118,382
-118,383
-118,384
-118,385
-118,386
-118,387
-118,388
-118,389
-118,390
-118,391
-118,392
-118,393
-118,394
-118,395
-118,396
-118,397
-118,398
-118,399
-118,400
-118,401
-118,402
-118,403
-118,404
-118,405
-118,406
-118,407
-118,408
-118,409
-118,410
-118,411
-118,412
-118,413
-118,414
-118,415
-118,416
-118,417
-118,418
-118,419
-118,420
-118,421
-118,422
-118,423
-118,424
-118,425
-118,426
-118,427
-118,428
-118,429
-118,430
-118,431
-118,432
-118,433
-118,434
-118,435
-118,436
-118,437
-118,438
-118,439
-118,440
-118,441
-118,442
-118,443
-118,444
-118,445
-118,446
-118,447
-118,448
-118,449
-118,450
-118,451
-118,452
-118,453
-118,454
-118,455
-118,456
-118,457
-118,458
-118,459
-118,460
-118,461
-118,462
-118,463
-118,464
-118,465
-118,466
-118,467
-118,468
-118,469
-118,470
-118,471
-118,472
-118,473
-118,474
-118,475
-118,476
-118,477
-118,478
-118,479
-118,480
-118,481
-118,482
-118,483
-118,484
-118,485
-118,486
-118,487
-118,488
-118,489
-118,490
-118,491
-118,492
-118,493
-118,494
-118,495
-118,496
-118,497
-118,498
-118,499
-118,500
-118,501
-118,502
-118,503
-118,504
-118,505
-118,506
-118,507
-118,508
-118,509
-118,510
-118,511
-118,512
-118,513
-118,514
-118,515
:47_14,516
:47_14,517
:47_14,518
:47_14,519
:47_14,520
117,521
117,522
117,523
117,524
117,525
117,526
117,527
117,528
117,529
117,530
117,531
117,532
117,533
117,534
117,535
117,536
117,537
117,538
117,539
117,540
117,541
117,542
117,543
117,544
117,545
117,546
117,547
117,548
117,549
117,550
117,551
117,552
117,553
117,554
117,555
117,556
117,557
117,558
117,559
117,560
117,561
117,562
117,563
117,564
117,565
117,566
117,567
117,568
117,569
117,570
117,571
117,572
117,573
117,574
117,575
117,576
117,577
117,578
117,579
117,580
117,581
117,582
117,583
117,584
117,585
117,586
117,587
117,588
117,589
117,590
117,591
117,592
117,593
117,594
117,595
117,596
117,597
117,598
117,599
117,600
117,601
117,602
117,603
117,604
117,605
117,606
117,607
117,608
117,609
117,610
117,611
117,612
117,613
117,614
117,615
117,616
117,617
117,618
117,619
117,620
117,621
117,622
117,623
117,624
117,625
117,626
117,627
117,628
117,629
117,630
117,631
117,632
117,633
:134_7,634
:134_7,635
:134_7,636
:134_7,637
:134_7,638
-322,639
-322,640
-322,641
-322,642
-322,643
-322,644
-322,645
-322,646
-322,647
-322,648
-322,649
-322,650
-322,651
-322,652
-322,653
-322,654
-322,655
-322,656
-322,657
-322,658
-322,659
-322,660
-322,661
-322,662
-322,663
-322,664
-322,665
-322,666
-322,667
-322,668
-322,669
-322,670
-322,671
-322,672
-322,673
-322,674
-322,675
-322,676
-322,677
-322,678
-322,679
-322,680
-322,681
-322,682
-322,683
-322,684
-322,685
-322,686
-322,687
-322,688
-322,689
-322,690
-322,691
-322,692
-322,693
-322,694
-322,695
-322,696
-322,697
-322,698
-322,699
-322,700
-322,701
-322,702
-322,703
-322,704
-322,705
-322,706
-322,707
-322,708
-322,709
-322,710
-322,711
-322,712
-322,713
-322,714
-322,715
-322,716
-322,717
-322,718
-322,719
-322,720
-322,721
-322,722
-322,723
-322,724
-322,725
-322,726
-322,727
-322,728
-322,729
-322,730
-322,731
-322,732
-322,733
-322,734
-322,735
-322,736
-322,737
-322,738
-322,739
-322,740
-322,741
-322,742
-322,743
-322,744
-322,745
-322,746
-322,747
-322,748
-322,749
-322,750
-322,751
-322,752
-322,753
-322,754
-322,755
-322,756
-322,757
-322,758
-322,759
:50_5,760
:50_5,761
:50_5,762
:50_5,763
:50_5,764
:50_5,765
:50_5,766
:50_5,767
-430,768
-430,769
-430,770
-430,771
-430,772
-430,773
-430,774
-430,775
-430,776
-430,777
-430,778
-430,779
-430,780
-430,781
-430,782
-430,783
-430,784
-430,785
-430,786
-430,787
-430,788
-430,789
-430,790
-430,791
-430,792
-430,793
-430,794
-430,795
-430,796
-430,797
-430,798
-430,799
-430,800
-430,801
-430,802
-430,803
-430,804
-430,805
-430,806
-430,807
-430,808
-430,809
-430,810
-430,811
-430,812
-430,813
-430,814
-430,815
-430,816
-430,817
-430,818
-430,819
-430,820
-430,821
-430,822
-430,823
-430,824
-430,825
-430,826
-430,827
-430,828
-430,829
-430,830
-430,831
-430,832
-430,833
-430,834
-430,835
-430,836
-430,837
-430,838
-430,839
-430,840
-430,841
-430,842
-430,843
-430,844
-430,845
-430,846
-430,847
-430,848
-430,849
-430,850
-430,851
-430,852
-430,853
-430,854
-430,855
-430,856
-430,857
-430,858
-430,859
-430,860
-430,861
-430,862
-430,863
-430,864
-430,865
-430,866
-430,867
-430,868
-430,869
-430,870
-430,871
-430,872
-430,873
-430,874
-430,875
-430,876
-430,877
-430,878
-430,879
-430,880
-430,881
-430,882
-430,883
-430,884
-430,885
-430,886
-430,887
-430,888
-430,889
-430,890
-430,891
-430,892
-430,893
-430,894
-430,895
-430,896
-430,897
-430,898
-430,899
-430,900
-430,901
-430,902
-430,903
-430,904
-430,905
-430,906
-430,907
-430,908
-430,909
-430,910
-430,911
-430,912
-430,913
-430,914
-430,915
-430,916
-430,917
-430,918
-430,919
-430,920
-430,921
-430,922
-430,923
-430,924
-430,925
-430,926
-430,927
-430,928
-430,929
-430,930
-430,931
-430,932
-430,933
-430,934
-430,935
-430,936
-430,937
-430,938
-430,939
-430,940
-430,941
-430,942
-430,943
-430,944
-430,945
-430,946
-430,947
-430,948
-430,949
-430,950
-430,951
-430,952
:375_3,953
:375_3,954
:375_3,955
:375_3,956
:375_3,957
-679,958
-679,959
-679,960
-679,961
-679,962
-679,963
-679,964
-679,965
-679,966
-300,1
-300,2
-300,3
-300,1
