179,1
179,1
179,1
179,2
179,3
179,4
179,5
179,6
179,7
179,8
179,9
179,10
179,11
179,12
179,13
179,14
179,15
179,16
179,17
179,18
179,19
179,20
179,21
179,22
179,23
179,24
179,25
179,26
179,27
179,28
179,29
179,30
179,31
179,32
179,33
179,34
179,35
179,36
179,37
179,38
179,39
179,40
179,41
179,42
179,43
179,44
179,45
179,46
179,47
179,48
179,49
179,50
179,51
179,52
179,53
179,54
179,55
179,56
179,57
179,58
179,59
179,60
179,61
179,62
179,63
179,64
179,65
179,66
179,67
179,68
179,69
179,70
179,71
179,72
179,73
179,74
179,75
179,76
179,77
179,78
179,79
179,80
179,81
179,82
:192_1,83
:192_1,84
:192_1,85
:192_9,86
:192_9,87
:192_9,88
471,89
471,90
471,91
471,92
471,93
471,94
471,95
471,96
471,97
471,98
471,99
471,100
471,101
471,102
471,103
471,104
471,105
471,106
471,107
471,108
471,109
471,110
471,111
471,112
471,113
471,114
471,115
471,116
471,117
471,118
471,119
471,120
471,121
471,122
471,123
471,124
471,125
471,126
471,127
471,128
471,129
471,130
471,131
471,132
471,133
471,134
471,135
471,136
471,137
471,138
471,139
471,140
471,141
471,142
471,143
471,144
471,145
471,146
471,147
471,148
471,149
471,150
471,151
471,152
471,153
471,154
471,155
471,156
471,157
471,158
471,159
471,160
471,161
:401_0,162
:401_0,163
:401_0,164
:401_0,165
:401_0,166
-493,167
-493,168
-493,169
-493,170
-493,171
-493,172
-493,173
-493,174
-493,175
-493,176
-493,177
-493,178
-493,179
-493,180
-493,181
-493,182
-493,183
-493,184
-493,185
-493,186
-493,187
-493,188
-493,189
-493,190
-493,191
-493,192
-493,193
-493,194
-493,195
-493,196
-493,197
-493,198
-493,199
-493,200
-493,201
-493,202
-493,203
-493,204
-493,205
-493,206
-493,207
-493,208
-493,209
-493,210
-493,211
-493,212
-493,213
-493,214
-493,215
-493,216
-493,217
-493,218
-493,219
-493,220
-493,221
-493,222
-493,223
-493,224
-493,225
-493,226
-493,227
-493,228
-493,229
-493,230
-493,231
-493,232
-493,233
-493,234
-493,235
-493,236
-493,237
-493,238
-493,239
-493,240
-493,241
-493,242
-493,243
-493,244
-493,245
-493,246
-493,247
-493,248
-493,249
-493,250
-493,251
-493,252
-493,253
-493,254
-493,255
-493,256
-493,257
-493,258
-493,259
-493,260
-493,261
-493,262
:366_0,263
:366_0,264
:366_0,265
:366_0,266
:366_0,267
:366_0,268
494,269
494,270
494,271
494,272
494,273
494,274
494,275
494,276
494,277
494,278
494,279
494,280
494,281
494,282
494,283
494,284
494,285
494,286
494,287
494,288
494,289
494,290
494,291
494,292
494,293
494,294
494,295
-611,296
-611,297
-611,298
-611,299
-611,300
-611,301
-611,302
-611,303
-611,304
-611,305
-611,306
-611,307
-611,308
-611,309
-611,310
-611,311
-611,312
-611,313
-611,314
-611,315
-611,316
-611,317
-611,318
-611,319
-611,320
-611,321
-611,322
-611,323
-611,324
-611,325
-611,326
-611,327
-611,328
-611,329
-611,330
-611,331
-611,332
-611,333
-611,334
-611,335
-611,336
-611,337
-611,338
-611,339
-611,340
-611,341
-611,342
-611,343
:402_0,344
:402_0,345
:402_0,346
:402_0,347
-473,348
-473,349
-473,350
-473,351
-473,352
-473,353
-473,354
-473,355
-473,356
-473,357
-473,358
-473,359
-473,360
-473,361
-473,362
-473,363
-473,364
-473,365
-473,366
-473,367
-473,368
-473,369
-473,370
-473,371
-473,372
-473,373
-473,374
-473,375
-473,376
-473,377
-473,378
-473,379
-473,380
-473,381
-473,382
-473,383
-473,384
-473,385
-473,386
-473,387
-473,388
-473,389
-473,390
-473,391
-473,392
-473,393
-473,394
-473,395
-473,396
-473,397
-473,398
-473,399
-473,400
-473,401
-473,402
-473,403
-473,404
-473,405
-473,406
-473,407
-473,408
-473,409
-473,410
-473,411
-473,412
-473,413
-473,414
-473,415
-473,416
-473,417
-473,418
-473,419
-473,420
-473,421
-473,422
-473,423
-473,424
-473,425
-473,426
-473,427
-473,428
-473,429
-473,430
-473,431
-473,432
-473,433
-473,434
-473,435
-473,436
-473,437
-473,438
-473,439
-473,440
-473,441
-473,442
-473,443
-473,444
-473,445
-473,446
-473,447
-473,448
-473,449
-473,450
-473,451
-473,452
-473,453
-473,454
-473,455
-473,456
-473,457
-473,458
-473,459
-473,460
-473,461
-473,462
-473,463
-473,464
-473,465
-473,466
-473,467
-473,468
-473,469
-473,470
-473,471
-473,472
-473,473
-473,474
:381_8,475
:381_8,476
:381_8,477
:381_8,478
-437,479
-437,480
-437,481
-437,482
-437,483
-437,484
-437,485
-437,486
-437,487
-437,488
-437,489
-437,490
-437,491
-437,492
-437,493
-437,494
-437,495
-437,496
-437,497
-437,498
-437,499
-437,500
-437,501
-437,502
-437,503
-437,504
-437,505
-437,506
-437,507
-437,508
-437,509
-437,510
-437,511
-437,512
-437,513
-437,514
-437,515
-437,516
-437,517
-437,518
-437,519
-437,520
-437,521
-437,522
-437,523
-437,524
-437,525
-437,526
-437,527
-437,528
-437,529
-437,530
-437,531
-437,532
-437,533
-437,534
-437,535
-437,536
-437,537
-437,538
-437,539
-437,540
-437,541
-437,542
-437,543
-437,544
-437,545
-437,546
-437,547
-437,548
-437,549
-437,550
-437,551
-437,552
-437,553
-437,554
-437,555
-437,556
-437,557
-437,558
-437,559
-437,560
-437,561
-437,562
-437,563
-437,564
-437,565
-437,566
-437,567
-437,568
-437,569
-437,570
-437,571
-437,572
-437,573
-437,574
-437,575
-437,576
-437,577
-437,578
-437,579
-437,580
-437,581
-437,582
-437,583
-437,584
-437,585
-437,586
-437,587
-437,588
-437,589
-437,590
-437,591
-437,592
-437,593
-437,594
-437,595
-437,596
-437,597
-437,598
-437,599
-437,600
-437,601
-437,602
-437,603
-437,604
-437,605
-437,606
-437,607
-437,608
-437,609
-437,610
-437,611
-437,612
-437,613
-437,614
-437,615
-437,616
-437,617
-437,618
-437,619
-437,620
-437,621
-437,622
-437,623
-437,624
-437,625
-437,626
-437,627
-437,628
-437,629
-437,630
-437,631
-437,632
-437,633
-437,634
-437,635
-437,636
-437,637
-437,638
-437,639
-437,640
-437,641
-437,642
-437,643
-437,644
-437,645
-437,646
-437,647
-437,648
-437,649
-437,650
-437,651
-437,652
-437,653
-437,654
-437,655
-437,656
-437,657
-437,658
-437,659
-437,660
-437,661
-437,662
-437,663
-437,664
-437,665
-437,666
-437,667
-437,668
-437,669
-437,670
-437,671
-437,672
-437,673
-437,674
-437,675
-437,676
-437,677
-437,678
-437,679
-437,680
-437,681
-437,682
-437,683
-437,684
-437,685
-437,686
-437,687
-437,688
-437,689
-437,690
-437,691
-437,692
-437,693
-437,694
-437,695
-437,696
-437,697
-437,698
-437,699
-437,700
-437,701
-437,702
-437,703
-437,704
-437,705
-437,706
-437,707
-437,708
-437,709
-437,710
-437,711
-437,712
-437,713
-437,714
-437,715
-437,716
-437,717
-437,718
-437,719
-437,720
-437,721
-437,722
-437,723
-437,724
-437,725
-437,726
:244_14,727
:244_14,728
:244_14,729
:244_18,730
:244_18,731
:244_18,732
-300,733
-300,734
-300,735
-300,736
-300,737
-300,738
-300,739
-300,740
-300,741
-300,742
-300,743
-300,744
-300,745
-300,746
-300,747
-300,748
-300,749
-300,750
-300,751
-300,752
-300,753
-300,754
-300,755
-300,756
-300,757
-300,758
-300,759
-300,760
-300,761
-300,762
-300,763
-300,764
-300,765
-300,766
-300,767
-300,768
-300,769
-300,770
-300,771
-300,772
-300,773
-300,774
-300,775
-300,776
-300,777
-300,778
-300,779
-300,780
-300,781
-300,782
-300,783
-300,784
-300,785
-300,786
-300,787
-300,788
-300,789
-300,790
-300,791
-300,792
-300,793
-300,794
-300,795
-300,796
-300,797
-300,798
-300,799
-300,800
-300,801
-300,802
-300,803
-300,804
-300,805
-300,806
-300,807
-300,808
-300,809
-300,810
-300,811
-300,812
-300,813
-300,814
-300,815
-300,816
-300,817
-300,818
-300,819
-300,820
-300,821
-300,822
-300,823
-300,824
-300,825
-300,826
-300,827
-300,828
-300,829
-300,830
-300,831
-300,832
-300,833
-300,834
-300,835
-300,836
-300,837
-300,838
-300,839
-300,840
-300,841
-300,842
-300,843
-300,844
-300,845
-300,846
-300,847
-300,848
-300,849
-300,850
-300,851
-300,852
-300,853
:285_5,854
:285_5,855
:285_5,856
:285_5,857
:285_5,858
298,859
298,860
298,861
298,862
298,863
298,864
298,865
298,866
298,867
298,868
298,869
298,870
298,871
298,872
298,873
298,874
298,875
298,876
298,877
298,878
298,879
298,880
298,881
298,882
298,883
298,884
298,885
298,886
298,887
298,888
298,889
298,890
298,891
298,892
298,893
298,894
298,895
298,896
298,897
298,898
298,899
298,900
298,901
298,902
298,903
298,904
298,905
298,906
298,907
298,908
298,909
298,910
298,911
298,912
298,913
298,914
298,915
298,916
298,917
298,918
298,919
298,920
298,921
298,922
298,923
298,924
298,925
298,926
298,927
:286_9,928
:286_9,929
:286_9,930
:286_9,931
:286_9,932
:286_9,933
477,934
477,935
477,936
477,937
477,938
477,939
477,940
477,941
477,942
477,943
477,944
477,945
477,946
477,947
477,948
477,949
477,950
477,951
477,952
477,953
477,954
477,955
477,956
477,957
477,958
477,959
477,960
477,961
477,962
477,963
477,964
477,965
477,966
179,1
179,2
179,3
179,1
