-251,1
-251,1
-251,1
-251,2
-251,3
-251,4
-251,5
-251,6
-251,7
-251,8
-251,9
-251,10
-251,11
-251,12
-251,13
-251,14
-251,15
-251,16
-251,17
-251,18
-251,19
-251,20
-251,21
-251,22
-251,23
-251,24
-251,25
-251,26
-251,27
-251,28
-251,29
-251,30
-251,31
-251,32
-251,33
-251,34
-251,35
-251,36
-251,37
-251,38
-251,39
-251,40
-251,41
-251,42
-251,43
-251,44
-251,45
-251,46
-251,47
-251,48
-251,49
-251,50
-251,51
-251,52
-251,53
-251,54
-251,55
-251,56
-251,57
-251,58
-251,59
-251,60
-251,61
-251,62
-251,63
-251,64
-251,65
-251,66
-251,67
-251,68
-251,69
-251,70
-251,71
:249_2,72
:249_2,73
:249_2,74
:249_2,75
:249_2,76
:249_2,77
248,78
248,79
248,80
248,81
248,82
248,83
248,84
248,85
248,86
248,87
248,88
248,89
248,90
248,91
248,92
248,93
248,94
248,95
248,96
248,97
248,98
248,99
248,100
248,101
248,102
248,103
248,104
248,105
248,106
248,107
248,108
248,109
248,110
248,111
248,112
248,113
248,114
248,115
248,116
248,117
248,118
248,119
248,120
248,121
248,122
248,123
248,124
248,125
248,126
248,127
248,128
248,129
248,130
248,131
248,132
248,133
248,134
248,135
248,136
248,137
248,138
248,139
248,140
248,141
248,142
248,143
248,144
248,145
248,146
248,147
248,148
248,149
248,150
248,151
248,152
248,153
248,154
248,155
248,156
248,157
248,158
248,159
248,160
248,161
248,162
248,163
248,164
248,165
248,166
-382,167
-382,168
-382,169
-382,170
-382,171
-382,172
-382,173
-382,174
-382,175
-382,176
-382,177
-382,178
-382,179
-382,180
-382,181
-382,182
-382,183
-382,184
-382,185
-382,186
-382,187
-382,188
-382,189
-382,190
-382,191
-382,192
-382,193
-382,194
-382,195
-382,196
-382,197
-382,198
-382,199
-382,200
-382,201
-382,202
-382,203
-382,204
-382,205
-382,206
-382,207
-382,208
-382,209
-382,210
-382,211
-382,212
-382,213
-382,214
-382,215
-382,216
-382,217
-382,218
-382,219
-382,220
-382,221
-382,222
-382,223
-382,224
-382,225
-382,226
-382,227
-382,228
-382,229
-382,230
-382,231
-382,232
-382,233
-382,234
-382,235
-382,236
-382,237
-382,238
-382,239
-382,240
-382,241
-382,242
-382,243
-382,244
-382,245
-382,246
-382,247
-382,248
-382,249
-382,250
:241_6,251
:241_6,252
:241_6,253
:241_6,254
:241_6,255
-238,256
-238,257
-238,258
-238,259
-238,260
-238,261
-238,262
-238,263
-238,264
-238,265
-238,266
-238,267
-238,268
-238,269
-238,270
-238,271
-238,272
-238,273
-238,274
-238,275
-238,276
-238,277
-238,278
-238,279
-238,280
-238,281
-238,282
-238,283
-238,284
-238,285
-238,286
-238,287
-238,288
-238,289
-238,290
-238,291
-238,292
-238,293
-238,294
-238,295
-238,296
-238,297
-238,298
-238,299
-238,300
-238,301
-238,302
-238,303
-238,304
-238,305
-238,306
-238,307
-238,308
-238,309
-238,310
-238,311
-238,312
-238,313
-238,314
-238,315
-238,316
-238,317
-238,318
-238,319
-238,320
-238,321
-238,322
-238,323
-238,324
-238,325
-238,326
-238,327
:239_7,328
:239_7,329
:239_7,330
:239_7,331
:239_7,332
236,333
236,334
236,335
236,336
236,337
236,338
236,339
236,340
236,341
236,342
236,343
236,344
236,345
236,346
236,347
236,348
236,349
236,350
236,351
236,352
236,353
236,354
236,355
236,356
236,357
236,358
236,359
236,360
236,361
236,362
236,363
236,364
236,365
236,366
236,367
236,368
236,369
236,370
236,371
236,372
236,373
236,374
236,375
236,376
236,377
236,378
236,379
236,380
236,381
236,382
236,383
236,384
236,385
236,386
236,387
236,388
236,389
236,390
236,391
236,392
236,393
236,394
236,395
236,396
236,397
236,398
236,399
236,400
236,401
236,402
236,403
236,404
236,405
236,406
236,407
236,408
236,409
236,410
236,411
236,412
236,413
236,414
236,415
236,416
236,417
236,418
236,419
236,420
236,421
236,422
236,423
236,424
236,425
236,426
236,427
236,428
236,429
236,430
236,431
236,432
236,433
236,434
236,435
236,436
236,437
236,438
236,439
236,440
236,441
236,442
236,443
236,444
236,445
236,446
236,447
236,448
236,449
236,450
236,451
236,452
236,453
236,454
:240_3,455
:240_3,456
:240_3,457
:240_3,458
:240_3,459
237,460
237,461
237,462
237,463
237,464
237,465
237,466
237,467
237,468
237,469
237,470
237,471
237,472
237,473
237,474
237,475
237,476
237,477
237,478
237,479
237,480
237,481
237,482
237,483
237,484
237,485
237,486
237,487
237,488
237,489
237,490
237,491
237,492
237,493
237,494
237,495
237,496
237,497
237,498
237,499
237,500
237,501
237,502
237,503
237,504
237,505
237,506
237,507
237,508
237,509
237,510
237,511
237,512
237,513
237,514
237,515
237,516
237,517
237,518
237,519
237,520
237,521
237,522
237,523
237,524
237,525
237,526
237,527
237,528
237,529
237,530
237,531
237,532
237,533
237,534
237,535
237,536
237,537
237,538
237,539
237,540
237,541
237,542
237,543
237,544
237,545
237,546
237,547
237,548
237,549
237,550
237,551
237,552
237,553
237,554
237,555
237,556
237,557
237,558
237,559
237,560
237,561
237,562
237,563
237,564
237,565
237,566
237,567
237,568
237,569
237,570
237,571
237,572
237,573
237,574
237,575
237,576
237,577
237,578
237,579
237,580
237,581
237,582
237,583
237,584
237,585
237,586
237,587
237,588
237,589
237,590
237,591
237,592
237,593
237,594
237,595
237,596
237,597
237,598
237,599
237,600
237,601
237,602
237,603
237,604
237,605
237,606
237,607
237,608
237,609
237,610
237,611
237,612
237,613
237,614
237,615
237,616
237,617
237,618
237,619
237,620
237,621
237,622
237,623
237,624
237,625
237,626
237,627
237,628
237,629
237,630
237,631
237,632
237,633
237,634
237,635
237,636
237,637
237,638
237,639
237,640
:74_13,641
:74_13,642
:74_13,643
:74_13,644
:74_13,645
65,646
65,647
65,648
65,649
65,650
65,651
65,652
65,653
65,654
65,655
65,656
65,657
65,658
65,659
65,660
65,661
65,662
65,663
65,664
65,665
65,666
65,667
65,668
65,669
65,670
65,671
65,672
65,673
65,674
65,675
65,676
65,677
65,678
65,679
65,680
65,681
65,682
65,683
65,684
65,685
65,686
65,687
65,688
65,689
65,690
65,691
65,692
65,693
65,694
65,695
65,696
65,697
65,698
65,699
65,700
65,701
65,702
65,703
65,704
65,705
65,706
65,707
65,708
65,709
65,710
65,711
65,712
65,713
65,714
65,715
65,716
65,717
65,718
65,719
65,720
65,721
65,722
65,723
65,724
65,725
65,726
65,727
65,728
65,729
65,730
65,731
65,732
65,733
65,734
65,735
65,736
65,737
65,738
65,739
65,740
65,741
65,742
65,743
65,744
65,745
65,746
65,747
65,748
65,749
65,750
65,751
65,752
65,753
65,754
65,755
65,756
65,757
65,758
65,759
65,760
65,761
65,762
:75_13,763
:75_13,764
:75_13,765
:75_13,766
:75_13,767
-438,768
-438,769
-438,770
-438,771
-438,772
-438,773
-438,774
-438,775
-438,776
-438,777
-438,778
-438,779
-438,780
-438,781
-438,782
-438,783
-438,784
-438,785
-438,786
-438,787
-438,788
-438,789
-438,790
-438,791
-438,792
-438,793
-438,794
-438,795
-438,796
-438,797
-438,798
-438,799
-438,800
-438,801
-438,802
-438,803
-438,804
-438,805
-438,806
-438,807
-438,808
-438,809
-438,810
-438,811
-438,812
-438,813
-438,814
-438,815
-438,816
-438,817
-438,818
-438,819
-438,820
-438,821
-438,822
-438,823
-438,824
-438,825
-438,826
-438,827
-438,828
-438,829
-438,830
-438,831
-438,832
-438,833
-438,834
-438,835
-438,836
-438,837
-438,838
-438,839
-438,840
-438,841
-438,842
-438,843
-438,844
-438,845
-438,846
-438,847
-438,848
-438,849
-438,850
-438,851
-438,852
-438,853
-438,854
-438,855
-438,856
-438,857
-438,858
-438,859
-438,860
-438,861
-438,862
-438,863
-438,864
-438,865
-438,866
-438,867
-438,868
-438,869
-438,870
-438,871
-438,872
-438,873
-438,874
-438,875
-438,876
-438,877
-438,878
-438,879
-438,880
-438,881
-438,882
-438,883
-438,884
-438,885
-438,886
:381_13,887
:381_13,888
:381_13,889
:381_13,890
:381_13,891
-437,892
-437,893
-437,894
-437,895
-437,896
-437,897
-437,898
-437,899
-437,900
-437,901
-437,902
-437,903
-437,904
-437,905
-437,906
-437,907
-437,908
-437,909
-437,910
-437,911
-437,912
-437,913
-437,914
-437,915
-437,916
-437,917
-437,918
-437,919
-437,920
-437,921
-437,922
-437,923
-437,924
-437,925
-437,926
-437,927
-437,928
-437,929
-437,930
-437,931
-437,932
-437,933
-437,934
-437,935
-437,936
-437,937
-437,938
-437,939
-437,940
-437,941
-437,942
-437,943
-437,944
-437,945
-437,946
-437,947
-437,948
-437,949
-437,950
-437,951
-437,952
-437,953
-437,954
-437,955
-437,956
-437,957
-437,958
-437,959
-437,960
-437,961
-437,962
-437,963
-437,964
-437,965
-437,966
-251,1
-251,2
-251,3
-251,1
