-546,1
-546,1
-546,1
-546,2
-546,3
-546,4
-546,5
-546,6
-546,7
-546,8
-546,9
-546,10
-546,11
-546,12
-546,13
-546,14
-546,15
-546,16
-546,17
-546,18
-546,19
-546,20
-546,21
-546,22
-546,23
-546,24
-546,25
-546,26
-546,27
-546,28
-546,29
-546,30
-546,31
-546,32
-546,33
-546,34
-546,35
:253_0,36
-252,37
-252,38
-252,39
-252,40
-252,41
-252,42
-252,43
-252,44
-252,45
-252,46
-252,47
-252,48
-252,49
-252,50
-252,51
-252,52
-252,53
-252,54
-252,55
-252,56
-252,57
-252,58
-252,59
-252,60
-252,61
-252,62
-252,63
-252,64
-252,65
-252,66
-252,67
-252,68
-252,69
-252,70
-252,71
-252,72
-252,73
-252,74
-252,75
-252,76
-252,77
-252,78
-252,79
-252,80
-252,81
-252,82
-252,83
-252,84
-252,85
-252,86
-252,87
-252,88
-252,89
-252,90
-252,91
-252,92
-252,93
-252,94
-252,95
-252,96
-252,97
-252,98
-252,99
-252,100
-252,101
-252,102
-252,103
-252,104
-252,105
-252,106
-252,107
-252,108
-252,109
-252,110
-252,111
-252,112
-252,113
-252,114
-252,115
-252,116
-252,117
-252,118
-252,119
-252,120
-252,121
-252,122
-252,123
-252,124
-252,125
-252,126
-252,127
-252,128
-252,129
-252,130
-252,131
-252,132
-252,133
-252,134
-252,135
-252,136
-252,137
-252,138
-252,139
-252,140
-252,141
-252,142
-252,143
-252,144
-252,145
-252,146
-252,147
-252,148
-252,149
-252,150
-252,151
-252,152
-252,153
-252,154
-252,155
-252,156
-252,157
:252_0,158
:252_0,159
:252_0,160
253,161
253,162
253,163
253,164
253,165
253,166
253,167
253,168
253,169
253,170
253,171
253,172
253,173
253,174
253,175
253,176
253,177
253,178
253,179
253,180
253,181
253,182
253,183
253,184
253,185
253,186
253,187
253,188
253,189
253,190
253,191
253,192
253,193
253,194
253,195
253,196
253,197
253,198
253,199
253,200
253,201
253,202
253,203
253,204
253,205
253,206
253,207
253,208
253,209
:254_5,210
:254_5,211
:254_5,212
:254_5,213
:254_5,214
-283,215
-283,216
-283,217
-283,218
-283,219
-283,220
-283,221
-283,222
-283,223
-283,224
-283,225
-283,226
-283,227
-283,228
-283,229
-283,230
-283,231
-283,232
-283,233
-283,234
-283,235
-283,236
-283,237
-283,238
-283,239
-283,240
-283,241
-283,242
-283,243
-283,244
-283,245
-283,246
-283,247
-283,248
-283,249
-283,250
-283,251
-283,252
-283,253
-283,254
-283,255
-283,256
-283,257
-283,258
-283,259
-283,260
-283,261
-283,262
-283,263
-283,264
-283,265
:248_5,266
:248_5,267
:248_5,268
:248_5,269
:248_5,270
-247,271
-247,272
-247,273
-247,274
-247,275
-247,276
-247,277
-247,278
-247,279
-247,280
-247,281
-247,282
-247,283
-247,284
-247,285
-247,286
-247,287
-247,288
-247,289
-247,290
-247,291
-247,292
-247,293
-247,294
-247,295
-247,296
-247,297
-247,298
-247,299
-247,300
-247,301
-247,302
-247,303
-247,304
-247,305
-247,306
-247,307
-247,308
-247,309
-247,310
-247,311
-247,312
-247,313
-247,314
-247,315
-247,316
-247,317
-247,318
-247,319
-247,320
-247,321
-247,322
-247,323
-247,324
-247,325
-247,326
-247,327
-247,328
-247,329
-247,330
-247,331
-247,332
-247,333
-247,334
-247,335
-247,336
-247,337
-247,338
-247,339
-247,340
-247,341
-247,342
-247,343
-247,344
-247,345
-247,346
-247,347
-247,348
-247,349
-247,350
-247,351
-247,352
-247,353
-247,354
-247,355
-546,1
-546,2
-546,3
-546,1
