-246,1
-246,1
-246,1
-246,2
-246,3
-246,4
-246,5
-246,6
-246,7
-246,8
-246,9
-246,10
-246,11
-246,12
-246,13
-246,14
-246,15
-246,16
-246,17
-246,18
-246,19
-246,20
-246,21
-246,22
-246,23
-246,24
-246,25
-246,26
-246,27
-246,28
-246,29
-246,30
-246,31
-246,32
-246,33
-246,34
-246,35
-246,36
-246,37
-246,38
-246,39
-246,40
-246,41
-246,42
-246,43
-246,44
-246,45
-246,46
-246,47
-246,48
-246,49
-246,50
-246,51
-246,52
-246,53
-246,54
-246,55
-246,56
-246,57
-246,58
-246,59
-246,60
-246,61
:197_3,62
:197_3,63
:197_3,64
:197_3,65
247,66
247,67
247,68
247,69
247,70
247,71
247,72
247,73
247,74
247,75
247,76
247,77
247,78
247,79
247,80
247,81
247,82
247,83
247,84
247,85
247,86
247,87
247,88
247,89
247,90
247,91
247,92
247,93
247,94
247,95
247,96
247,97
247,98
247,99
247,100
247,101
247,102
247,103
247,104
247,105
247,106
247,107
247,108
247,109
247,110
247,111
247,112
247,113
247,114
247,115
247,116
247,117
247,118
247,119
247,120
247,121
247,122
247,123
247,124
247,125
247,126
247,127
247,128
247,129
247,130
247,131
247,132
247,133
247,134
247,135
247,136
247,137
247,138
247,139
247,140
247,141
247,142
247,143
247,144
247,145
247,146
247,147
247,148
247,149
247,150
247,151
247,152
247,153
247,154
247,155
247,156
247,157
247,158
247,159
247,160
247,161
247,162
247,163
247,164
247,165
247,166
247,167
247,168
247,169
247,170
247,171
247,172
247,173
247,174
247,175
:248_14,176
:248_14,177
:248_14,178
:248_14,179
:248_14,180
:248_14,181
:248_14,182
284,183
284,184
284,185
284,186
284,187
284,188
284,189
284,190
284,191
284,192
284,193
284,194
284,195
284,196
284,197
284,198
284,199
284,200
284,201
284,202
284,203
284,204
284,205
284,206
284,207
284,208
284,209
284,210
284,211
284,212
284,213
284,214
284,215
284,216
284,217
284,218
284,219
284,220
284,221
284,222
284,223
284,224
284,225
284,226
284,227
284,228
284,229
284,230
284,231
284,232
284,233
284,234
284,235
284,236
284,237
284,238
284,239
284,240
284,241
284,242
284,243
284,244
284,245
284,246
284,247
284,248
284,249
284,250
284,251
284,252
284,253
284,254
:274_1,255
285,256
285,257
285,258
285,259
285,260
285,261
285,262
285,263
285,264
285,265
285,266
285,267
285,268
285,269
285,270
285,271
285,272
285,273
285,274
285,275
285,276
285,277
285,278
285,279
285,280
285,281
285,282
285,283
285,284
285,285
285,286
285,287
285,288
285,289
285,290
285,291
285,292
285,293
285,294
285,295
285,296
285,297
285,298
285,299
285,300
285,301
285,302
285,303
285,304
285,305
285,306
285,307
285,308
285,309
285,310
285,311
285,312
285,313
285,314
285,315
285,316
285,317
285,318
286,319
286,320
286,321
286,322
286,323
286,324
286,325
286,326
286,327
286,328
286,329
286,330
286,331
286,332
286,333
286,334
286,335
286,336
286,337
286,338
286,339
286,340
286,341
286,342
286,343
286,344
286,345
286,346
286,347
286,348
286,349
286,350
286,351
286,352
286,353
286,354
286,355
286,356
286,357
286,358
286,359
286,360
286,361
286,362
286,363
286,364
286,365
286,366
286,367
286,368
286,369
286,370
286,371
286,372
286,373
286,374
286,375
286,376
286,377
286,378
286,379
286,380
286,381
286,382
286,383
286,384
286,385
:276_0,386
287,387
287,388
287,389
287,390
287,391
287,392
287,393
287,394
287,395
287,396
287,397
287,398
287,399
287,400
287,401
287,402
287,403
287,404
287,405
287,406
287,407
287,408
287,409
287,410
287,411
287,412
287,413
287,414
287,415
287,416
287,417
287,418
287,419
287,420
287,421
287,422
287,423
287,424
287,425
287,426
287,427
287,428
287,429
287,430
287,431
287,432
287,433
287,434
287,435
287,436
287,437
287,438
287,439
287,440
287,441
287,442
287,443
287,444
287,445
287,446
287,447
287,448
287,449
287,450
287,451
287,452
287,453
287,454
287,455
287,456
287,457
287,458
287,459
287,460
287,461
287,462
288,463
288,464
288,465
288,466
288,467
288,468
288,469
288,470
288,471
288,472
288,473
288,474
288,475
288,476
288,477
288,478
288,479
288,480
288,481
288,482
288,483
288,484
288,485
288,486
288,487
288,488
288,489
288,490
288,491
288,492
288,493
288,494
288,495
288,496
288,497
288,498
288,499
288,500
288,501
288,502
288,503
288,504
288,505
288,506
288,507
:278_0,508
:278_0,509
:278_0,510
:278_0,511
:278_0,512
:278_0,513
-453,514
-453,515
-453,516
-453,517
-453,518
-453,519
-453,520
-453,521
-453,522
-453,523
-453,524
-453,525
-453,526
-453,527
-453,528
-453,529
-453,530
-453,531
-453,532
-453,533
-453,534
-453,535
-453,536
-453,537
-453,538
-453,539
-453,540
-453,541
-453,542
-453,543
-453,544
-453,545
-453,546
-453,547
-453,548
-453,549
-453,550
-453,551
-453,552
-453,553
-453,554
-453,555
-453,556
-453,557
-453,558
-453,559
-453,560
-453,561
-453,562
-453,563
-453,564
-453,565
-453,566
-453,567
-453,568
-453,569
:25_3,570
:25_3,571
:25_3,572
:25_3,573
:25_3,574
:25_3,575
-21,576
-21,577
-21,578
-21,579
-21,580
-21,581
-21,582
-21,583
-21,584
-21,585
-21,586
-21,587
-21,588
-21,589
-21,590
-21,591
-21,592
-21,593
-21,594
-21,595
-21,596
-21,597
-21,598
-21,599
-21,600
-21,601
-21,602
-21,603
-21,604
-21,605
-21,606
-21,607
-21,608
-21,609
-21,610
-21,611
-21,612
-21,613
-21,614
-21,615
-21,616
-21,617
-21,618
-21,619
-21,620
-21,621
-21,622
-21,623
-21,624
-21,625
-21,626
-21,627
-21,628
-21,629
-21,630
-21,631
-21,632
-21,633
-21,634
-21,635
-21,636
-21,637
-21,638
-21,639
-21,640
-21,641
-21,642
-21,643
-21,644
-21,645
-21,646
-21,647
-21,648
-21,649
-21,650
-21,651
-21,652
-21,653
-21,654
-21,655
-21,656
-21,657
-21,658
-21,659
-21,660
-21,661
-21,662
-21,663
:22_6,664
:22_6,665
:22_6,666
:22_6,667
:22_6,668
23,669
23,670
23,671
23,672
23,673
23,674
23,675
23,676
23,677
23,678
23,679
23,680
23,681
23,682
23,683
23,684
23,685
23,686
23,687
23,688
23,689
23,690
23,691
23,692
23,693
23,694
23,695
23,696
23,697
23,698
23,699
23,700
23,701
23,702
23,703
23,704
23,705
23,706
23,707
23,708
23,709
23,710
23,711
23,712
23,713
23,714
23,715
23,716
23,717
23,718
23,719
23,720
23,721
23,722
23,723
23,724
23,725
23,726
23,727
23,728
23,729
23,730
23,731
23,732
23,733
23,734
23,735
23,736
23,737
23,738
23,739
23,740
23,741
23,742
23,743
23,744
23,745
23,746
23,747
23,748
23,749
23,750
23,751
23,752
23,753
23,754
23,755
23,756
23,757
23,758
23,759
23,760
23,761
23,762
23,763
23,764
23,765
23,766
23,767
23,768
23,769
23,770
23,771
23,772
23,773
23,774
23,775
23,776
23,777
23,778
23,779
23,780
23,781
23,782
23,783
23,784
23,785
23,786
23,787
23,788
23,789
23,790
23,791
23,792
23,793
23,794
23,795
23,796
23,797
23,798
23,799
23,800
23,801
23,802
23,803
23,804
23,805
23,806
23,807
23,808
23,809
23,810
23,811
23,812
23,813
23,814
23,815
23,816
23,817
23,818
23,819
23,820
23,821
23,822
23,823
23,824
23,825
23,826
23,827
23,828
23,829
23,830
23,831
23,832
23,833
23,834
23,835
23,836
23,837
23,838
23,839
23,840
23,841
23,842
23,843
23,844
23,845
23,846
23,847
23,848
23,849
23,850
23,851
23,852
23,853
23,854
23,855
23,856
23,857
23,858
:27_1,859
:27_1,860
:27_1,861
:27_1,862
:27_1,863
:27_1,864
87,865
87,866
87,867
87,868
87,869
87,870
87,871
87,872
87,873
87,874
87,875
87,876
87,877
87,878
87,879
87,880
87,881
87,882
87,883
87,884
87,885
87,886
87,887
87,888
87,889
87,890
87,891
87,892
87,893
87,894
87,895
87,896
87,897
87,898
87,899
87,900
87,901
87,902
87,903
87,904
87,905
87,906
87,907
87,908
87,909
87,910
87,911
87,912
87,913
87,914
87,915
87,916
87,917
87,918
87,919
87,920
87,921
87,922
87,923
87,924
87,925
87,926
87,927
87,928
87,929
87,930
87,931
87,932
87,933
87,934
87,935
87,936
87,937
87,938
87,939
87,940
87,941
87,942
87,943
87,944
87,945
87,946
87,947
87,948
87,949
87,950
87,951
87,952
87,953
87,954
87,955
87,956
87,957
87,958
87,959
87,960
87,961
87,962
87,963
87,964
87,965
87,966
-246,1
-246,2
-246,3
-246,1
