-569,5
-569,6
-569,7
-569,8
-569,9
-569,10
-569,11
-569,12
-569,13
-569,14
-569,15
-569,16
-569,17
-569,18
-569,19
-569,20
-569,21
-569,22
-569,23
-569,24
-569,25
-569,26
-569,27
-569,28
-569,29
-569,30
-569,31
-569,32
-569,33
-569,34
-569,35
-569,36
-569,37
-569,38
-569,39
-569,40
-569,41
-569,42
-569,43
-569,44
-569,45
-569,46
-569,47
-569,48
-569,49
-569,50
-569,51
-569,52
-569,53
-569,54
-569,55
-569,56
-569,57
-569,58
-569,59
-569,60
-569,61
-569,62
-569,63
-569,64
-569,65
-569,66
-569,67
-569,68
-569,69
-569,70
-569,71
-569,72
-569,73
-569,74
-569,75
-569,76
-569,77
-569,78
-569,79
-569,80
-569,81
-569,82
-569,83
-569,84
-569,85
-569,86
-569,87
-569,88
-569,89
-569,90
-569,91
-569,92
-569,93
-569,94
-569,95
-569,96
-569,97
-569,98
-569,99
-569,100
-569,101
-569,102
-569,103
-569,104
-569,105
-569,106
-569,107
-569,108
-569,109
-569,110
-569,111
-569,112
-569,113
-569,114
-569,115
-569,116
-569,117
-569,118
-569,119
-569,120
-569,121
-569,122
-569,123
-569,124
-569,125
-569,126
-569,127
-569,128
-569,129
-569,130
-569,131
-569,132
-569,133
-569,134
-569,135
-569,136
-569,137
-569,138
-569,139
-569,140
-569,141
-569,142
-569,143
-569,144
-569,145
-569,146
-569,147
-569,148
:64_3,149
:64_3,150
:64_3,151
:64_3,152
:64_3,153
:64_3,154
:64_3,155
-56,156
-56,157
-56,158
-56,159
-56,160
-56,161
-56,162
-56,163
-56,164
-56,165
-56,166
-56,167
-56,168
-56,169
-56,170
-56,171
-56,172
-56,173
-56,174
-56,175
-56,176
-56,177
-56,178
-56,179
-56,180
-56,181
-56,182
-56,183
-56,184
-56,185
-56,186
-56,187
-56,188
-56,189
-56,190
-56,191
-56,192
-56,193
-56,194
-56,195
-56,196
-56,197
-56,198
-56,199
-56,200
-56,201
-56,202
-56,203
-56,204
-56,205
-56,206
-56,207
-56,208
-56,209
-56,210
-56,211
-56,212
-56,213
-56,214
-56,215
-56,216
-56,217
-56,218
-56,219
-56,220
-56,221
-56,222
-56,223
-56,224
-56,225
-56,226
-56,227
-56,228
-56,229
-56,230
-56,231
-56,232
-56,233
-56,234
-56,235
-56,236
-56,237
-56,238
-56,239
-56,240
-56,241
-56,242
-56,243
-56,244
-56,245
-56,246
-56,247
-56,248
-56,249
-56,250
-56,251
-56,252
-56,253
-56,254
-56,255
-56,256
-56,257
-56,258
-56,259
-56,260
-56,261
-56,262
-56,263
-56,264
-56,265
-56,266
-56,267
-56,268
-56,269
-56,270
-56,271
-56,272
-56,273
-56,274
-56,275
-56,276
-56,277
-56,278
-56,279
-56,280
-56,281
-56,282
-56,283
-56,284
-56,285
-56,286
-56,287
-56,288
-56,289
-56,290
-56,291
-56,292
-56,293
-56,294
-56,295
-56,296
-56,297
-56,298
-56,299
-56,300
-56,301
-56,302
-56,303
-56,304
-56,305
-56,306
-56,307
-56,308
-56,309
-56,310
-56,311
-56,312
-56,313
-56,314
-56,315
:58_14,316
:58_14,317
:58_14,318
:58_14,319
:58_14,320
:58_14,321
52,322
52,323
52,324
52,325
52,326
52,327
52,328
52,329
52,330
52,331
52,332
52,333
52,334
52,335
52,336
52,337
52,338
52,339
52,340
52,341
52,342
52,343
52,344
52,345
52,346
52,347
52,348
52,349
52,350
52,351
52,352
52,353
52,354
52,355
52,356
52,357
52,358
52,359
52,360
52,361
52,362
52,363
52,364
52,365
52,366
52,367
52,368
52,369
52,370
52,371
52,372
52,373
52,374
52,375
52,376
52,377
52,378
52,379
52,380
52,381
52,382
52,383
52,384
52,385
52,386
52,387
52,388
52,389
52,390
52,391
52,392
52,393
52,394
52,395
52,396
52,397
52,398
52,399
52,400
52,401
52,402
52,403
52,404
52,405
52,406
52,407
52,408
52,409
52,410
52,411
52,412
52,413
52,414
52,415
52,416
52,417
52,418
52,419
52,420
52,421
52,422
52,423
52,424
52,425
52,426
52,427
52,428
52,429
52,430
52,431
52,432
52,433
52,434
52,435
52,436
52,437
52,438
52,439
52,440
52,441
52,442
52,443
52,444
52,445
52,446
52,447
52,448
52,449
52,450
52,451
52,452
52,453
52,454
52,455
52,456
52,457
52,458
52,459
52,460
52,461
52,462
52,463
52,464
52,465
52,466
52,467
52,468
52,469
52,470
52,471
52,472
52,473
52,474
52,475
52,476
52,477
52,478
52,479
52,480
52,481
52,482
52,483
52,484
52,485
52,486
52,487
52,488
52,489
:60_4,490
:60_4,491
:60_4,492
:60_4,493
:60_4,494
:60_4,495
-122,496
-122,497
-122,498
-122,499
-122,500
-122,501
-122,502
-122,503
-122,504
-122,505
-122,506
-122,507
-122,508
-122,509
-122,510
-122,511
-122,512
-122,513
-122,514
-122,515
-122,516
-122,517
-122,518
-122,519
-122,520
-122,521
-122,522
-122,523
-122,524
-122,525
-122,526
-122,527
-122,528
-122,529
-122,530
-122,531
-122,532
-122,533
-122,534
-122,535
-122,536
-122,537
-122,538
-122,539
-122,540
-122,541
-122,542
-122,543
-122,544
-122,545
-122,546
-122,547
-122,548
-122,549
-122,550
-122,551
-122,552
-122,553
-122,554
-122,555
-122,556
-122,557
-122,558
-122,559
-122,560
-122,561
-122,562
-122,563
-122,564
-122,565
-122,566
-122,567
-122,568
-122,569
-122,570
-122,571
-122,572
-122,573
-122,574
-122,575
-122,576
-122,577
-122,578
-122,579
-122,580
-122,581
-122,582
-122,583
-122,584
-122,585
-122,586
-122,587
-122,588
-122,589
:137_7,590
:137_7,591
:137_7,592
:137_7,593
:137_7,594
:137_7,595
121,596
121,597
121,598
121,599
121,600
121,601
121,602
121,603
121,604
121,605
121,606
121,607
121,608
121,609
121,610
121,611
121,612
121,613
121,614
121,615
121,616
121,617
121,618
121,619
121,620
121,621
121,622
121,623
121,624
121,625
121,626
121,627
121,628
121,629
121,630
121,631
121,632
121,633
121,634
121,635
121,636
121,637
121,638
121,639
121,640
121,641
121,642
121,643
121,644
121,645
121,646
121,647
121,648
121,649
121,650
121,651
121,652
121,653
121,654
121,655
121,656
121,657
121,658
121,659
121,660
121,661
121,662
121,663
121,664
121,665
121,666
121,667
121,668
121,669
121,670
121,671
121,672
121,673
121,674
121,675
121,676
121,677
121,678
121,679
:77_4,680
:77_4,681
:77_4,682
:77_4,683
:77_4,684
:77_4,685
-67,686
-67,687
-67,688
-67,689
-67,690
-67,691
-67,692
-67,693
-67,694
-67,695
-67,696
-67,697
-67,698
-67,699
-67,700
-67,701
-67,702
-67,703
-67,704
-67,705
-67,706
-67,707
-67,708
-67,709
-67,710
-67,711
-67,712
-67,713
-67,714
-67,715
-67,716
-67,717
-67,718
-67,719
-67,720
-67,721
-67,722
-67,723
-67,724
-67,725
-67,726
-67,727
-67,728
-67,729
-67,730
-67,731
-67,732
-67,733
-67,734
-67,735
-67,736
-67,737
-67,738
-67,739
-67,740
-67,741
-67,742
-67,743
-67,744
-67,745
-67,746
-67,747
-67,748
-67,749
-67,750
-67,751
-67,752
-67,753
-67,754
-67,755
-67,756
-67,757
-67,758
-67,759
-67,760
-67,761
-67,762
-67,763
-67,764
-67,765
-67,766
-67,767
-67,768
-67,769
-67,770
-67,771
-67,772
-67,773
-67,774
-67,775
-67,776
-67,777
-67,778
-67,779
-67,780
-67,781
-67,782
-67,783
-67,784
-67,785
-67,786
-67,787
-67,788
-67,789
-67,790
-67,791
-67,792
-67,793
-67,794
-67,795
-67,796
-67,797
-67,798
-67,799
-67,800
-67,801
-67,802
-67,803
-67,804
-67,805
-67,806
-67,807
-67,808
-67,809
-67,810
-67,811
-67,812
-67,813
-67,814
-67,815
-67,816
-67,817
-67,818
-67,819
-67,820
-67,821
-67,822
-67,823
-67,824
:74_9,825
:74_9,826
:74_9,827
:74_9,828
:74_9,829
:74_9,830
66,831
66,832
66,833
66,834
66,835
66,836
66,837
66,838
66,839
66,840
66,841
66,842
66,843
66,844
66,845
66,846
66,847
66,848
66,849
66,850
66,851
66,852
66,853
66,854
66,855
66,856
66,857
66,858
66,859
66,860
66,861
66,862
66,863
66,864
66,865
66,866
66,867
66,868
66,869
66,870
66,871
66,872
66,873
66,874
66,875
66,876
66,877
66,878
66,879
66,880
66,881
66,882
66,883
66,884
66,885
66,886
66,887
66,888
66,889
66,890
66,891
66,892
66,893
66,894
66,895
66,896
66,897
66,898
66,899
66,900
66,901
66,902
66,903
66,904
66,905
66,906
66,907
66,908
66,909
66,910
66,911
66,912
66,913
66,914
66,915
66,916
66,917
66,918
66,919
66,920
66,921
66,922
66,923
66,924
66,925
66,926
66,927
66,928
66,929
66,930
66,931
66,932
66,933
66,934
66,935
66,936
66,937
66,938
66,939
66,940
66,941
66,942
66,943
66,944
66,945
66,946
66,947
66,948
66,949
66,950
66,951
66,952
66,953
66,954
:76_9,955
:76_9,956
:76_9,957
:76_9,958
:76_9,959
:76_9,960
-460,961
-460,962
-460,963
-460,964
-460,965
