-465,1
-465,1
-465,1
-465,2
-465,3
-465,4
-465,5
-465,6
-465,7
-465,8
-465,9
-465,10
-465,11
-465,12
-465,13
-465,14
-465,15
-465,16
-465,17
-465,18
-465,19
-465,20
-465,21
-465,22
-465,23
-465,24
-465,25
-465,26
-465,27
-465,28
-465,29
-465,30
-465,31
-465,32
-465,33
-465,34
-465,35
-465,36
-465,37
-465,38
-465,39
-465,40
-465,41
-465,42
-465,43
-465,44
-465,45
-465,46
-465,47
-465,48
-465,49
-465,50
-465,51
-465,52
-465,53
-465,54
-465,55
-465,56
-465,57
-465,58
-465,59
-465,60
-465,61
-465,62
-465,63
-465,64
-465,65
-465,66
-465,67
-465,68
-465,69
-465,70
-465,71
-465,72
-465,73
-465,74
-465,75
-465,76
-465,77
-465,78
-465,79
-465,80
-465,81
-465,82
-465,83
-465,84
-465,85
-465,86
-465,87
-465,88
-465,89
-465,90
-465,91
-465,92
-465,93
-465,94
-465,95
-465,96
-465,97
-465,98
-465,99
-465,100
-465,101
-465,102
-465,103
-465,104
-465,105
-465,106
-465,107
-465,108
-465,109
-465,110
-465,111
-465,112
-465,113
-465,114
:116_4,115
:116_4,116
:116_4,117
:116_4,118
:116_4,119
-99,120
-99,121
-99,122
-99,123
-99,124
-99,125
-99,126
-99,127
-99,128
-99,129
-99,130
-99,131
-99,132
-99,133
-99,134
-99,135
-99,136
-99,137
-99,138
-99,139
-99,140
-99,141
-99,142
-99,143
-99,144
-99,145
-99,146
-99,147
-99,148
-99,149
-99,150
-99,151
-99,152
-99,153
-99,154
-99,155
-99,156
-99,157
-99,158
-99,159
-99,160
-99,161
-99,162
-99,163
-99,164
-99,165
-99,166
-99,167
-99,168
-99,169
-99,170
-99,171
-99,172
-99,173
-99,174
-99,175
-99,176
-99,177
-99,178
-99,179
-99,180
-99,181
-99,182
-99,183
-99,184
-99,185
-99,186
-99,187
-99,188
-99,189
-99,190
-99,191
-99,192
-99,193
-99,194
-99,195
-99,196
-99,197
-99,198
-99,199
-99,200
-99,201
-99,202
-99,203
-99,204
-99,205
-99,206
-99,207
-99,208
-99,209
-99,210
-99,211
-99,212
-99,213
-99,214
-99,215
-99,216
-99,217
-99,218
-99,219
-99,220
-99,221
-99,222
-99,223
-99,224
-99,225
-99,226
-99,227
-99,228
-99,229
-99,230
-99,231
-99,232
-99,233
-99,234
-99,235
-99,236
-99,237
-99,238
-99,239
-99,240
-99,241
-99,242
-99,243
-99,244
-99,245
-99,246
-99,247
-99,248
-99,249
-99,250
-99,251
-99,252
-99,253
-99,254
-99,255
-99,256
-99,257
-99,258
-99,259
-99,260
-99,261
-99,262
-99,263
-99,264
-99,265
-99,266
-99,267
-99,268
-99,269
-99,270
-99,271
-99,272
-99,273
-99,274
-99,275
-99,276
-99,277
-99,278
-99,279
-99,280
-99,281
-99,282
:115_0,283
:115_0,284
:115_0,285
:115_0,286
:115_0,287
:115_0,288
102,289
102,290
102,291
102,292
102,293
102,294
102,295
102,296
102,297
102,298
102,299
102,300
102,301
102,302
102,303
102,304
102,305
102,306
102,307
102,308
102,309
102,310
102,311
102,312
102,313
102,314
102,315
102,316
102,317
102,318
102,319
102,320
102,321
102,322
102,323
102,324
102,325
102,326
102,327
102,328
102,329
102,330
102,331
102,332
102,333
102,334
102,335
102,336
102,337
102,338
102,339
102,340
102,341
102,342
102,343
102,344
102,345
102,346
102,347
102,348
102,349
102,350
102,351
102,352
102,353
102,354
102,355
102,356
102,357
102,358
102,359
102,360
102,361
102,362
102,363
102,364
102,365
102,366
102,367
102,368
102,369
102,370
102,371
102,372
102,373
102,374
102,375
102,376
102,377
102,378
102,379
102,380
102,381
102,382
102,383
102,384
102,385
102,386
102,387
102,388
102,389
102,390
102,391
102,392
102,393
102,394
102,395
102,396
102,397
102,398
102,399
102,400
102,401
102,402
102,403
102,404
102,405
102,406
102,407
102,408
102,409
102,410
102,411
102,412
102,413
102,414
102,415
102,416
102,417
102,418
102,419
102,420
102,421
102,422
102,423
102,424
102,425
102,426
102,427
102,428
102,429
102,430
102,431
102,432
102,433
102,434
102,435
102,436
102,437
102,438
102,439
102,440
102,441
102,442
102,443
102,444
102,445
102,446
102,447
102,448
102,449
102,450
102,451
102,452
102,453
102,454
102,455
102,456
102,457
102,458
102,459
102,460
102,461
102,462
102,463
102,464
102,465
102,466
102,467
102,468
102,469
102,470
102,471
102,472
102,473
102,474
102,475
102,476
102,477
102,478
102,479
102,480
102,481
102,482
102,483
102,484
102,485
102,486
102,487
102,488
102,489
102,490
102,491
102,492
:3_0,493
:3_0,494
:3_0,495
:3_0,496
:3_0,497
-2,498
-2,499
-2,500
-2,501
-2,502
-2,503
-2,504
-2,505
-2,506
-2,507
-2,508
-2,509
-2,510
-2,511
-2,512
-2,513
-2,514
-2,515
-2,516
-2,517
-2,518
-2,519
-2,520
-2,521
-2,522
-2,523
-2,524
-2,525
-2,526
-2,527
-2,528
-2,529
-2,530
-2,531
-2,532
-2,533
-2,534
-2,535
-2,536
-2,537
-2,538
-2,539
-2,540
-2,541
-2,542
-2,543
-2,544
-2,545
-2,546
-2,547
-2,548
-2,549
-2,550
-2,551
-2,552
-2,553
-2,554
-2,555
-2,556
-2,557
-2,558
-2,559
-2,560
-2,561
-2,562
-2,563
-2,564
-2,565
-2,566
-2,567
-2,568
-2,569
-2,570
-2,571
-2,572
-2,573
-2,574
-2,575
-2,576
-2,577
-2,578
-2,579
-2,580
-2,581
-2,582
-2,583
-2,584
-2,585
-2,586
-2,587
-2,588
-2,589
-2,590
-2,591
-2,592
-2,593
-2,594
-2,595
-2,596
-2,597
-2,598
-2,599
-2,600
-2,601
-2,602
-2,603
-2,604
-2,605
-2,606
-2,607
-2,608
-2,609
-2,610
-2,611
-2,612
-2,613
-2,614
:2_1,615
:2_1,616
:2_1,617
:2_1,618
:2_1,619
:2_1,620
-1,621
-1,622
-1,623
-1,624
-1,625
-1,626
-1,627
-1,628
-1,629
-1,630
-1,631
-1,632
-1,633
-1,634
-1,635
-1,636
-1,637
-1,638
-1,639
-1,640
-1,641
-1,642
-1,643
-1,644
-1,645
-1,646
-1,647
-1,648
-1,649
-1,650
-1,651
-1,652
-1,653
-1,654
-1,655
-1,656
-1,657
-1,658
:1_0,659
:1_0,660
:1_0,661
:1_0,662
:1_0,663
:1_0,664
-0,665
-0,666
-0,667
-0,668
-0,669
-0,670
-0,671
-0,672
-0,673
-0,674
-0,675
-0,676
-0,677
-0,678
-0,679
-0,680
-0,681
-0,682
-0,683
-0,684
-0,685
-0,686
-0,687
-0,688
-0,689
-0,690
-0,691
-0,692
-0,693
-0,694
-0,695
-0,696
-0,697
-0,698
-0,699
-0,700
-0,701
-0,702
-0,703
-0,704
-0,705
-0,706
-0,707
-0,708
-0,709
-0,710
-0,711
-0,712
-0,713
-0,714
-0,715
-0,716
-0,717
-0,718
-0,719
-0,720
-0,721
-0,722
-0,723
-0,724
-0,725
-0,726
-0,727
-0,728
-0,729
-0,730
-0,731
-0,732
-0,733
-0,734
-0,735
-0,736
-0,737
-0,738
-0,739
-0,740
-0,741
-0,742
-0,743
-0,744
-0,745
-0,746
-0,747
-0,748
-0,749
-0,750
-0,751
-0,752
-0,753
-0,754
-0,755
-0,756
-0,757
-0,758
-0,759
-0,760
-0,761
-0,762
-0,763
-0,764
-0,765
-0,766
-0,767
-0,768
-0,769
-0,770
-0,771
-0,772
-0,773
-0,774
-0,775
-0,776
-0,777
-0,778
-0,779
-0,780
-0,781
-0,782
-0,783
-0,784
-0,785
-0,786
-0,787
-0,788
-0,789
-0,790
-0,791
-0,792
-0,793
-0,794
-0,795
-0,796
-0,797
-0,798
-0,799
-0,800
-0,801
-0,802
-0,803
:0_0,804
:0_0,805
:0_0,806
:0_0,807
3,808
3,809
3,810
3,811
3,812
3,813
3,814
3,815
3,816
3,817
3,818
3,819
3,820
3,821
3,822
3,823
3,824
3,825
3,826
3,827
3,828
3,829
3,830
3,831
3,832
3,833
3,834
3,835
3,836
3,837
3,838
3,839
3,840
3,841
3,842
3,843
3,844
3,845
3,846
3,847
3,848
3,849
3,850
3,851
3,852
3,853
3,854
3,855
3,856
3,857
3,858
3,859
3,860
3,861
3,862
3,863
3,864
3,865
3,866
3,867
3,868
3,869
3,870
3,871
3,872
3,873
3,874
3,875
3,876
3,877
3,878
3,879
3,880
3,881
3,882
3,883
3,884
3,885
3,886
3,887
3,888
3,889
3,890
3,891
3,892
3,893
3,894
3,895
3,896
3,897
3,898
3,899
3,900
3,901
3,902
3,903
3,904
3,905
3,906
3,907
3,908
3,909
3,910
3,911
3,912
3,913
3,914
3,915
3,916
3,917
3,918
3,919
3,920
3,921
3,922
3,923
3,924
3,925
3,926
3,927
3,928
3,929
3,930
3,931
3,932
3,933
3,934
3,935
3,936
3,937
3,938
3,939
3,940
3,941
3,942
3,943
3,944
3,945
3,946
3,947
3,948
3,949
3,950
3,951
3,952
3,953
3,954
3,955
3,956
3,957
3,958
3,959
3,960
3,961
3,962
3,963
3,964
3,965
3,966
-465,1
-465,2
-465,3
-465,1
