196,1
196,1
196,1
196,2
196,3
196,4
196,5
196,6
196,7
196,8
196,9
196,10
196,11
196,12
196,13
196,14
196,15
196,16
196,17
196,18
196,19
196,20
196,21
196,22
196,23
196,24
196,25
196,26
196,27
196,28
196,29
196,30
196,31
196,32
196,33
196,34
196,35
196,36
196,37
196,38
196,39
196,40
196,41
196,42
196,43
196,44
196,45
196,46
196,47
196,48
196,49
196,50
196,51
196,52
196,53
196,54
196,55
196,56
196,57
196,58
196,59
196,60
196,61
196,62
196,63
196,64
196,65
196,66
196,67
196,68
196,69
196,70
196,71
196,72
196,73
196,74
196,75
196,76
196,77
196,78
196,79
196,80
196,81
196,82
196,83
196,84
196,85
196,86
196,87
196,88
196,89
196,90
196,91
196,92
196,93
196,94
196,95
196,96
196,97
196,98
196,99
196,100
196,101
196,102
196,103
196,104
196,105
196,106
196,107
196,108
196,109
196,110
196,111
196,112
196,113
196,114
196,115
196,116
196,117
196,118
196,119
196,120
196,121
196,122
196,123
196,124
196,125
196,126
196,127
196,128
196,129
196,130
196,131
196,132
196,133
196,134
196,135
196,136
196,137
196,138
196,139
196,140
196,141
196,142
196,143
196,144
196,145
196,146
196,147
196,148
196,149
196,150
196,151
196,152
196,153
196,154
196,155
196,156
196,157
196,158
196,159
196,160
196,161
196,162
196,163
196,164
196,165
196,166
196,167
196,168
196,169
196,170
196,171
196,172
196,173
196,174
196,175
196,176
196,177
196,178
196,179
196,180
196,181
196,182
196,183
196,184
196,185
196,186
196,187
196,188
196,189
196,190
196,191
196,192
196,193
196,194
196,195
196,196
196,197
196,198
196,199
196,200
196,201
196,202
196,203
196,204
196,205
196,206
196,207
196,208
196,209
196,210
196,211
196,212
196,213
196,214
196,215
196,216
196,217
196,218
196,219
196,220
196,221
196,222
196,223
196,224
196,225
196,226
196,227
196,228
196,229
196,230
196,231
196,232
196,233
196,234
196,235
196,236
196,237
196,238
196,239
196,240
196,241
196,242
196,243
196,244
196,245
196,246
196,247
196,248
196,249
196,250
196,251
196,252
196,253
196,254
196,255
196,256
196,257
196,258
196,259
196,260
196,261
196,262
196,263
196,264
196,265
196,266
196,267
196,268
196,269
196,270
196,271
196,272
196,273
196,274
196,275
196,276
196,277
196,278
196,279
196,280
196,281
196,282
196,283
196,284
196,285
196,286
196,287
196,288
196,289
196,290
196,291
196,292
196,293
196,294
196,295
:170_13,296
:170_13,297
:170_13,298
:170_13,299
:170_13,300
:170_13,301
-154,302
-154,303
-154,304
-154,305
-154,306
-154,307
-154,308
-154,309
-154,310
-154,311
-154,312
-154,313
-154,314
-154,315
-154,316
-154,317
-154,318
-154,319
-154,320
-154,321
-154,322
-154,323
-154,324
-154,325
-154,326
-154,327
-154,328
-154,329
-154,330
-154,331
-154,332
-154,333
-154,334
-154,335
-154,336
-154,337
-154,338
-154,339
-154,340
-154,341
-154,342
-154,343
-154,344
-154,345
-154,346
-154,347
-154,348
-154,349
-154,350
-154,351
-154,352
-154,353
-154,354
-154,355
-154,356
-154,357
-154,358
-154,359
-154,360
-154,361
-154,362
-154,363
-154,364
-154,365
-154,366
-154,367
-154,368
-154,369
-154,370
-154,371
-154,372
-154,373
-154,374
-154,375
-154,376
-154,377
-154,378
-154,379
-154,380
-154,381
-154,382
-154,383
-154,384
-154,385
-154,386
-154,387
-154,388
-154,389
-154,390
-154,391
-154,392
-154,393
-154,394
-154,395
-154,396
-154,397
-154,398
-154,399
-154,400
-154,401
-154,402
-154,403
-154,404
-154,405
-154,406
-154,407
-154,408
-154,409
-154,410
-154,411
-154,412
-154,413
-154,414
-154,415
-154,416
-154,417
-154,418
-154,419
-154,420
-154,421
-154,422
-154,423
-154,424
-154,425
-154,426
-154,427
-154,428
-154,429
-154,430
-154,431
-154,432
-154,433
-154,434
-154,435
-154,436
-154,437
-154,438
-154,439
-154,440
-154,441
-154,442
-154,443
-154,444
-154,445
-154,446
-154,447
-154,448
-154,449
-154,450
-154,451
-154,452
-154,453
-154,454
-154,455
-154,456
-154,457
-154,458
-154,459
-154,460
-154,461
-154,462
-154,463
-154,464
-154,465
-154,466
-154,467
-154,468
-154,469
-154,470
-154,471
-154,472
-154,473
-154,474
-154,475
-154,476
-154,477
-154,478
-154,479
-154,480
-154,481
-154,482
-154,483
-154,484
-154,485
-154,486
-154,487
-154,488
-154,489
-154,490
-154,491
-154,492
-154,493
-154,494
-154,495
-154,496
-154,497
-154,498
-154,499
-154,500
-154,501
-154,502
-154,503
-154,504
-154,505
-154,506
-154,507
-154,508
-154,509
-154,510
-154,511
-154,512
-154,513
-154,514
-154,515
-154,516
-154,517
-154,518
-154,519
-154,520
-154,521
-154,522
-154,523
-154,524
-154,525
-154,526
-154,527
-154,528
-154,529
-154,530
-154,531
-154,532
-154,533
-154,534
-154,535
-154,536
-154,537
-154,538
-154,539
-154,540
-154,541
-154,542
-154,543
-154,544
-154,545
-154,546
:166_13,547
:166_13,548
:166_13,549
:166_13,550
:166_13,551
:166_13,552
151,553
151,554
151,555
151,556
151,557
151,558
151,559
151,560
151,561
151,562
151,563
151,564
151,565
151,566
151,567
151,568
151,569
151,570
151,571
151,572
151,573
151,574
151,575
151,576
151,577
151,578
151,579
151,580
151,581
151,582
151,583
151,584
151,585
151,586
151,587
151,588
151,589
151,590
151,591
151,592
151,593
151,594
151,595
151,596
151,597
151,598
151,599
151,600
151,601
151,602
151,603
151,604
151,605
151,606
:167_6,607
:167_6,608
:167_6,609
:167_6,610
:167_6,611
-458,612
-458,613
-458,614
-458,615
-458,616
-458,617
-458,618
-458,619
-458,620
-458,621
-458,622
-458,623
-458,624
-458,625
-458,626
-458,627
-458,628
-458,629
-458,630
-458,631
-458,632
-458,633
-458,634
-458,635
-458,636
-458,637
-458,638
-458,639
-458,640
-458,641
-458,642
-458,643
-458,644
-458,645
-458,646
-458,647
-458,648
-458,649
-458,650
-458,651
-458,652
-458,653
-458,654
-458,655
-458,656
-458,657
-458,658
-458,659
-458,660
-458,661
-458,662
-458,663
-458,664
-458,665
-458,666
-458,667
-458,668
-458,669
-458,670
-458,671
-458,672
-458,673
-458,674
-458,675
-458,676
-458,677
-458,678
-458,679
-458,680
-458,681
-458,682
-458,683
-458,684
-458,685
-458,686
-458,687
-458,688
-458,689
-458,690
-458,691
-458,692
-458,693
:391_0,694
:391_0,695
:391_0,696
:391_0,697
:391_0,698
:391_0,699
460,700
460,701
460,702
460,703
460,704
460,705
460,706
460,707
460,708
460,709
460,710
460,711
460,712
460,713
460,714
460,715
460,716
460,717
460,718
460,719
460,720
460,721
460,722
460,723
460,724
460,725
460,726
460,727
460,728
460,729
460,730
460,731
460,732
460,733
460,734
460,735
460,736
460,737
460,738
460,739
460,740
460,741
460,742
460,743
460,744
460,745
460,746
460,747
460,748
460,749
460,750
460,751
460,752
460,753
460,754
460,755
460,756
460,757
460,758
460,759
460,760
460,761
460,762
460,763
460,764
460,765
460,766
:76_1,767
:76_1,768
:76_1,769
:76_1,770
:76_1,771
:76_1,772
-66,773
-66,774
-66,775
-66,776
-66,777
-66,778
-66,779
-66,780
-66,781
-66,782
-66,783
-66,784
-66,785
-66,786
-66,787
-66,788
-66,789
-66,790
-66,791
-66,792
-66,793
-66,794
-66,795
-66,796
-66,797
-66,798
-66,799
-66,800
-66,801
-66,802
-66,803
-66,804
-66,805
-66,806
-66,807
-66,808
-66,809
-66,810
-66,811
-66,812
-66,813
-66,814
-66,815
-66,816
-66,817
-66,818
-66,819
-66,820
-66,821
-66,822
-66,823
-66,824
-66,825
-66,826
-66,827
-66,828
-66,829
-66,830
-66,831
-66,832
-66,833
-66,834
-66,835
-66,836
-66,837
-66,838
-66,839
-66,840
-66,841
-66,842
-66,843
-66,844
-66,845
-66,846
-66,847
-66,848
-66,849
-66,850
-66,851
-66,852
-66,853
-66,854
-66,855
-66,856
-66,857
-66,858
-66,859
-66,860
-66,861
-66,862
-66,863
-66,864
-66,865
-66,866
-66,867
-66,868
-66,869
-66,870
-66,871
-66,872
-66,873
-66,874
-66,875
-66,876
-66,877
-66,878
-66,879
-66,880
-66,881
-66,882
-66,883
-66,884
-66,885
-66,886
-66,887
-66,888
:74_1,889
:74_1,890
:74_1,891
:74_1,892
:74_1,893
67,894
67,895
67,896
67,897
67,898
67,899
67,900
67,901
67,902
67,903
67,904
67,905
67,906
67,907
67,908
67,909
67,910
67,911
67,912
67,913
67,914
67,915
67,916
67,917
67,918
67,919
67,920
67,921
67,922
67,923
67,924
67,925
67,926
67,927
67,928
67,929
67,930
67,931
67,932
67,933
67,934
67,935
67,936
67,937
67,938
67,939
67,940
67,941
67,942
67,943
67,944
67,945
67,946
67,947
67,948
67,949
67,950
67,951
67,952
67,953
67,954
67,955
67,956
67,957
67,958
67,959
67,960
67,961
67,962
67,963
67,964
67,965
67,966
196,1
196,2
196,3
196,1
