483,1
483,1
483,1
483,2
483,3
483,4
483,5
483,6
483,7
483,8
483,9
483,10
483,11
483,12
483,13
483,14
483,15
483,16
483,17
483,18
483,19
483,20
483,21
483,22
483,23
483,24
483,25
483,26
483,27
483,28
483,29
483,30
483,31
483,32
483,33
483,34
483,35
483,36
483,37
483,38
483,39
483,40
483,41
483,42
483,43
483,44
483,45
483,46
483,47
483,48
483,49
483,50
483,51
483,52
483,53
483,54
483,55
483,56
483,57
483,58
483,59
483,60
483,61
483,62
483,63
483,64
483,65
483,66
483,67
483,68
483,69
483,70
483,71
483,72
483,73
483,74
483,75
483,76
483,77
483,78
483,79
483,80
483,81
483,82
483,83
483,84
483,85
483,86
483,87
483,88
483,89
483,90
483,91
483,92
483,93
483,94
483,95
483,96
483,97
483,98
483,99
483,100
483,101
483,102
483,103
483,104
483,105
483,106
483,107
483,108
483,109
483,110
483,111
483,112
483,113
483,114
483,115
483,116
483,117
483,118
483,119
483,120
483,121
483,122
483,123
483,124
483,125
483,126
483,127
483,128
483,129
483,130
483,131
483,132
483,133
483,134
483,135
483,136
483,137
483,138
483,139
483,140
483,141
483,142
483,143
483,144
483,145
483,146
483,147
483,148
483,149
483,150
483,151
483,152
483,153
483,154
483,155
483,156
483,157
483,158
483,159
483,160
483,161
483,162
483,163
483,164
483,165
483,166
483,167
483,168
483,169
483,170
483,171
483,172
483,173
483,174
483,175
483,176
483,177
483,178
:206_7,179
:206_7,180
:206_7,181
:206_7,182
:206_7,183
:206_7,184
-198,185
-198,186
-198,187
-198,188
-198,189
-198,190
-198,191
-198,192
-198,193
-198,194
-198,195
-198,196
-198,197
-198,198
-198,199
-198,200
-198,201
-198,202
-198,203
-198,204
-198,205
-198,206
-198,207
-198,208
-198,209
-198,210
-198,211
-198,212
-198,213
-198,214
-198,215
-198,216
-198,217
-198,218
-198,219
-198,220
-198,221
-198,222
-198,223
-198,224
-198,225
-198,226
-198,227
-198,228
-198,229
-198,230
-198,231
-198,232
-198,233
-198,234
-198,235
-198,236
-198,237
-198,238
-198,239
-198,240
-198,241
-198,242
-198,243
-198,244
-198,245
-198,246
-198,247
-198,248
-198,249
-198,250
-198,251
-198,252
-198,253
-198,254
-198,255
-198,256
-198,257
-198,258
-198,259
-198,260
-198,261
-198,262
-198,263
-198,264
-198,265
-198,266
-198,267
-198,268
-198,269
-198,270
-198,271
-198,272
-198,273
-198,274
-198,275
-198,276
-198,277
-198,278
-198,279
-198,280
-198,281
-198,282
-198,283
-198,284
-198,285
-198,286
-198,287
-198,288
-198,289
-198,290
-198,291
-198,292
-198,293
-198,294
-198,295
-198,296
-198,297
-198,298
-198,299
-198,300
-198,301
-198,302
-198,303
-198,304
-198,305
-198,306
-198,307
-198,308
-198,309
-198,310
-198,311
-198,312
-198,313
-198,314
-198,315
-198,316
-198,317
-198,318
-198,319
-198,320
-198,321
-198,322
-198,323
-198,324
-198,325
-198,326
-198,327
-198,328
-198,329
-198,330
-198,331
-198,332
-198,333
-198,334
-198,335
-198,336
-198,337
-198,338
-198,339
-198,340
-198,341
-198,342
-198,343
-198,344
-198,345
-198,346
-198,347
-198,348
-198,349
-198,350
-198,351
-198,352
-198,353
-198,354
-198,355
-198,356
-198,357
-198,358
-198,359
-198,360
-198,361
-198,362
-198,363
-198,364
-198,365
-198,366
-198,367
-198,368
-198,369
-198,370
-198,371
-198,372
-198,373
-198,374
-198,375
-198,376
-198,377
-198,378
-198,379
-198,380
-198,381
-198,382
-198,383
-198,384
-198,385
-198,386
-198,387
-198,388
-198,389
-198,390
-198,391
-198,392
-198,393
-198,394
-198,395
-198,396
-198,397
-198,398
-198,399
-198,400
-198,401
-198,402
-198,403
-198,404
-198,405
-198,406
-198,407
-198,408
-198,409
-198,410
-198,411
-198,412
-198,413
-198,414
-198,415
-198,416
-198,417
-198,418
-198,419
-198,420
-198,421
:205_7,422
:205_7,423
:205_7,424
:205_7,425
:205_7,426
:205_7,427
-197,428
-197,429
-197,430
-197,431
-197,432
-197,433
-197,434
-197,435
-197,436
-197,437
-197,438
-197,439
-197,440
-197,441
-197,442
-197,443
-197,444
-197,445
-197,446
-197,447
-197,448
-197,449
-197,450
-197,451
-197,452
-197,453
-197,454
-197,455
-197,456
-197,457
-197,458
-197,459
-197,460
-197,461
-197,462
-197,463
-197,464
-197,465
-197,466
-197,467
-197,468
-197,469
-197,470
-197,471
-197,472
-197,473
-197,474
-197,475
-197,476
-197,477
-197,478
-197,479
-197,480
-197,481
-197,482
-197,483
-197,484
-197,485
-197,486
-197,487
-197,488
-197,489
-197,490
-197,491
-197,492
-197,493
-197,494
-197,495
-197,496
-197,497
-197,498
-197,499
-197,500
-197,501
-197,502
-197,503
-197,504
-197,505
-197,506
-197,507
-197,508
-197,509
-197,510
-197,511
-197,512
-197,513
-197,514
-197,515
-197,516
-197,517
-197,518
-197,519
-197,520
-197,521
-197,522
-197,523
-197,524
-197,525
-197,526
-197,527
-197,528
-197,529
-197,530
-197,531
-197,532
-197,533
-197,534
-197,535
-197,536
-197,537
-197,538
-197,539
-197,540
-197,541
-197,542
-197,543
-197,544
-197,545
-197,546
-197,547
-197,548
-197,549
-197,550
-197,551
-197,552
-197,553
-197,554
-197,555
-197,556
-197,557
-197,558
-197,559
-197,560
-197,561
-197,562
-197,563
-197,564
-197,565
-197,566
-197,567
-197,568
-197,569
-197,570
-197,571
-197,572
-197,573
-197,574
-197,575
-197,576
-197,577
-197,578
-197,579
-197,580
-197,581
-197,582
-197,583
-197,584
-197,585
-197,586
-197,587
-197,588
-197,589
-197,590
-197,591
-197,592
-197,593
-197,594
-197,595
-197,596
-197,597
-197,598
-197,599
-197,600
-197,601
-197,602
-197,603
-197,604
-197,605
-197,606
-197,607
-197,608
-197,609
-197,610
-197,611
-197,612
-197,613
-197,614
-197,615
-197,616
-197,617
-197,618
-197,619
-197,620
-197,621
-197,622
-197,623
-197,624
-197,625
-197,626
-197,627
-197,628
-197,629
-197,630
-197,631
-197,632
-197,633
-197,634
-197,635
-197,636
-197,637
-197,638
-197,639
-197,640
-197,641
-197,642
-197,643
-197,644
-197,645
-197,646
-197,647
-197,648
-197,649
-197,650
-197,651
-197,652
-197,653
-197,654
-197,655
-197,656
-197,657
-197,658
-197,659
-197,660
-197,661
-197,662
-197,663
-197,664
-197,665
-197,666
-197,667
-197,668
-197,669
-197,670
-197,671
-197,672
-197,673
-197,674
-197,675
-197,676
-197,677
-197,678
-197,679
-197,680
-197,681
-197,682
-197,683
-197,684
-197,685
-197,686
-197,687
-197,688
-197,689
-197,690
-197,691
-197,692
-197,693
-197,694
-197,695
-197,696
-197,697
-197,698
-197,699
-197,700
-197,701
-197,702
-197,703
-197,704
-197,705
-197,706
-197,707
-197,708
-197,709
-197,710
-197,711
-197,712
-197,713
-197,714
-197,715
-197,716
-197,717
-197,718
-197,719
-197,720
:35_9,721
:35_9,722
:35_9,723
:35_9,724
:35_9,725
:35_9,726
193,727
193,728
193,729
193,730
193,731
193,732
193,733
193,734
193,735
193,736
193,737
193,738
193,739
193,740
193,741
193,742
193,743
193,744
193,745
193,746
193,747
193,748
193,749
193,750
193,751
193,752
193,753
193,754
193,755
193,756
193,757
193,758
193,759
193,760
193,761
193,762
193,763
193,764
193,765
193,766
193,767
193,768
193,769
193,770
193,771
193,772
193,773
193,774
193,775
193,776
193,777
193,778
193,779
193,780
193,781
193,782
193,783
193,784
193,785
193,786
193,787
193,788
193,789
193,790
193,791
193,792
193,793
193,794
193,795
193,796
193,797
193,798
193,799
193,800
193,801
193,802
193,803
193,804
193,805
193,806
193,807
193,808
193,809
193,810
193,811
193,812
193,813
193,814
193,815
193,816
193,817
193,818
193,819
193,820
193,821
193,822
193,823
193,824
193,825
193,826
193,827
193,828
193,829
193,830
193,831
193,832
193,833
193,834
193,835
193,836
193,837
193,838
193,839
193,840
193,841
193,842
193,843
193,844
193,845
193,846
193,847
193,848
193,849
193,850
193,851
193,852
193,853
193,854
193,855
193,856
193,857
193,858
193,859
193,860
193,861
193,862
193,863
193,864
193,865
193,866
193,867
193,868
193,869
193,870
193,871
193,872
193,873
193,874
193,875
193,876
193,877
193,878
193,879
193,880
193,881
193,882
193,883
193,884
193,885
193,886
193,887
193,888
193,889
193,890
193,891
193,892
193,893
193,894
193,895
193,896
193,897
193,898
193,899
193,900
193,901
193,902
:203_3,903
:203_3,904
:203_3,905
:203_3,906
:203_3,907
194,908
194,909
194,910
194,911
194,912
194,913
194,914
194,915
194,916
194,917
194,918
194,919
194,920
194,921
194,922
194,923
194,924
194,925
194,926
194,927
194,928
194,929
194,930
194,931
194,932
194,933
194,934
194,935
194,936
194,937
194,938
194,939
194,940
194,941
194,942
194,943
194,944
194,945
194,946
194,947
194,948
194,949
194,950
194,951
194,952
194,953
194,954
194,955
194,956
194,957
194,958
194,959
194,960
194,961
194,962
194,963
194,964
194,965
194,966
483,1
483,2
483,3
483,1
