558,64
558,65
558,66
558,67
558,68
558,69
558,70
558,71
558,72
558,73
558,74
558,75
558,76
558,77
558,78
558,79
558,80
558,81
558,82
558,83
558,84
558,85
558,86
558,87
558,88
558,89
558,90
558,91
558,92
558,93
558,94
558,95
558,96
558,97
558,98
558,99
558,100
558,101
558,102
558,103
558,104
558,105
558,106
558,107
558,108
558,109
558,110
558,111
558,112
558,113
558,114
558,115
558,116
558,117
558,118
558,119
558,120
558,121
558,122
558,123
558,124
558,125
558,126
558,127
558,128
558,129
558,130
558,131
558,132
558,133
558,134
558,135
558,136
558,137
558,138
558,139
558,140
558,141
558,142
558,143
558,144
558,145
558,146
558,147
558,148
558,149
558,150
558,151
558,152
558,153
558,154
558,155
:218_6,156
:218_6,157
:218_6,158
:218_6,159
:218_6,160
-212,161
-212,162
-212,163
-212,164
-212,165
-212,166
-212,167
-212,168
-212,169
-212,170
-212,171
-212,172
-212,173
-212,174
-212,175
-212,176
-212,177
-212,178
-212,179
-212,180
-212,181
-212,182
-212,183
-212,184
-212,185
-212,186
-212,187
-212,188
-212,189
-212,190
-212,191
-212,192
-212,193
-212,194
-212,195
-212,196
-212,197
-212,198
-212,199
-212,200
-212,201
-212,202
-212,203
-212,204
-212,205
-212,206
-212,207
-212,208
-212,209
-212,210
-212,211
-212,212
-212,213
-212,214
-212,215
-212,216
-212,217
-212,218
-212,219
-212,220
-212,221
:189_1,222
:189_1,223
:189_1,224
:189_1,225
:189_1,226
:189_1,227
:189_1,228
-176,229
-176,230
-176,231
-176,232
-176,233
-176,234
-176,235
-176,236
-176,237
-176,238
-176,239
-176,240
-176,241
-176,242
-176,243
-176,244
-176,245
-176,246
-176,247
-176,248
-176,249
-176,250
-176,251
-176,252
-176,253
-176,254
-176,255
-176,256
-176,257
-176,258
-176,259
-176,260
-176,261
-176,262
-176,263
-176,264
-176,265
-176,266
-176,267
-176,268
-176,269
-176,270
-176,271
-176,272
-176,273
-176,274
-176,275
-176,276
-176,277
-176,278
-176,279
-176,280
-176,281
-176,282
-176,283
-176,284
-176,285
-176,286
-176,287
-176,288
-176,289
-176,290
-176,291
-176,292
-176,293
-176,294
-176,295
-176,296
-176,297
-176,298
-176,299
-176,300
-176,301
-176,302
-176,303
-176,304
-176,305
-176,306
-176,307
-176,308
-176,309
-176,310
-176,311
-176,312
-176,313
-176,314
-176,315
-176,316
-176,317
-176,318
-176,319
-176,320
-176,321
-176,322
-176,323
-176,324
-176,325
-176,326
-176,327
-176,328
-176,329
-176,330
-176,331
-176,332
-176,333
-176,334
-176,335
-176,336
-176,337
-176,338
-176,339
-176,340
-176,341
-176,342
-176,343
-176,344
-176,345
-176,346
-176,347
-176,348
-176,349
-176,350
:13_13,351
:13_17,352
685,353
685,354
685,355
685,356
685,357
685,358
685,359
685,360
685,361
685,362
685,363
685,364
685,365
685,366
685,367
685,368
685,369
685,370
685,371
685,372
685,373
685,374
:373_5,375
684,376
684,377
684,378
684,379
684,380
684,381
684,382
684,383
684,384
684,385
684,386
684,387
684,388
684,389
684,390
684,391
684,392
684,393
684,394
684,395
684,396
684,397
:6_9,398
:6_9,399
:6_9,400
6,401
6,402
6,403
6,404
6,405
6,406
6,407
6,408
6,409
6,410
6,411
6,412
6,413
6,414
6,415
6,416
6,417
6,418
6,419
6,420
6,421
6,422
6,423
6,424
6,425
6,426
6,427
6,428
6,429
6,430
6,431
6,432
6,433
6,434
6,435
6,436
6,437
6,438
6,439
6,440
6,441
6,442
6,443
6,444
6,445
6,446
6,447
6,448
6,449
6,450
6,451
6,452
6,453
6,454
6,455
6,456
6,457
6,458
6,459
6,460
6,461
6,462
6,463
6,464
6,465
6,466
6,467
6,468
6,469
6,470
6,471
6,472
6,473
6,474
6,475
6,476
6,477
6,478
6,479
6,480
6,481
6,482
6,483
6,484
6,485
6,486
6,487
6,488
6,489
6,490
6,491
6,492
6,493
6,494
6,495
6,496
6,497
6,498
6,499
6,500
6,501
6,502
6,503
6,504
6,505
6,506
6,507
6,508
6,509
6,510
6,511
6,512
6,513
6,514
6,515
6,516
6,517
6,518
6,519
6,520
6,521
6,522
6,523
6,524
6,525
6,526
6,527
6,528
6,529
6,530
6,531
6,532
6,533
6,534
6,535
6,536
6,537
6,538
6,539
6,540
6,541
6,542
6,543
6,544
6,545
6,546
6,547
6,548
6,549
6,550
6,551
6,552
6,553
6,554
6,555
6,556
6,557
6,558
6,559
6,560
6,561
6,562
6,563
6,564
6,565
6,566
6,567
6,568
6,569
6,570
6,571
6,572
6,573
6,574
6,575
6,576
6,577
6,578
6,579
6,580
6,581
6,582
6,583
6,584
6,585
6,586
6,587
6,588
6,589
6,590
6,591
6,592
6,593
6,594
6,595
6,596
6,597
6,598
6,599
6,600
6,601
6,602
6,603
6,604
6,605
6,606
6,607
6,608
6,609
6,610
6,611
6,612
6,613
6,614
6,615
6,616
6,617
6,618
6,619
6,620
6,621
6,622
6,623
6,624
6,625
6,626
6,627
6,628
6,629
6,630
6,631
6,632
6,633
6,634
6,635
6,636
:8_1,637
7,638
7,639
7,640
7,641
7,642
7,643
7,644
7,645
7,646
7,647
7,648
7,649
7,650
7,651
7,652
7,653
7,654
7,655
7,656
7,657
7,658
7,659
7,660
7,661
7,662
7,663
7,664
7,665
7,666
7,667
7,668
7,669
7,670
7,671
7,672
7,673
7,674
7,675
7,676
7,677
7,678
7,679
7,680
7,681
7,682
7,683
7,684
7,685
7,686
7,687
7,688
7,689
7,690
7,691
7,692
7,693
7,694
7,695
7,696
7,697
7,698
7,699
7,700
7,701
7,702
7,703
7,704
7,705
7,706
7,707
7,708
7,709
7,710
7,711
7,712
7,713
7,714
7,715
7,716
:9_1,717
8,718
8,719
8,720
8,721
8,722
8,723
8,724
8,725
8,726
8,727
8,728
8,729
8,730
8,731
8,732
8,733
8,734
8,735
8,736
8,737
8,738
8,739
8,740
8,741
8,742
8,743
8,744
8,745
8,746
8,747
8,748
8,749
8,750
8,751
8,752
8,753
8,754
8,755
8,756
8,757
8,758
8,759
8,760
8,761
8,762
8,763
8,764
8,765
8,766
8,767
8,768
8,769
8,770
8,771
8,772
8,773
8,774
8,775
8,776
8,777
8,778
8,779
8,780
8,781
8,782
8,783
8,784
8,785
8,786
8,787
9,788
9,789
9,790
9,791
9,792
9,793
9,794
9,795
9,796
9,797
9,798
9,799
9,800
9,801
9,802
9,803
9,804
9,805
9,806
9,807
9,808
9,809
9,810
9,811
9,812
9,813
9,814
9,815
9,816
9,817
9,818
9,819
9,820
9,821
9,822
9,823
9,824
9,825
9,826
9,827
9,828
9,829
9,830
9,831
9,832
9,833
9,834
9,835
9,836
9,837
9,838
9,839
9,840
9,841
9,842
9,843
9,844
9,845
9,846
9,847
9,848
9,849
9,850
9,851
9,852
9,853
9,854
10,855
10,856
10,857
10,858
10,859
10,860
10,861
10,862
10,863
10,864
10,865
10,866
10,867
10,868
10,869
10,870
10,871
10,872
10,873
10,874
10,875
10,876
10,877
10,878
10,879
10,880
10,881
10,882
10,883
10,884
10,885
10,886
10,887
10,888
10,889
10,890
10,891
10,892
10,893
10,894
10,895
10,896
10,897
10,898
10,899
10,900
10,901
10,902
10,903
10,904
10,905
10,906
10,907
10,908
10,909
10,910
10,911
10,912
10,913
10,914
10,915
10,916
10,917
10,918
10,919
10,920
10,921
10,922
11,923
11,924
11,925
11,926
11,927
11,928
11,929
11,930
11,931
11,932
11,933
11,934
11,935
11,936
11,937
11,938
11,939
11,940
11,941
11,942
11,943
11,944
11,945
11,946
11,947
11,948
11,949
11,950
11,951
11,952
11,953
11,954
11,955
11,956
11,957
11,958
11,959
11,960
11,961
11,962
11,963
11,964
11,965
