429,1
429,1
429,1
429,2
429,3
429,4
429,5
429,6
429,7
429,8
429,9
429,10
429,11
429,12
429,13
429,14
429,15
429,16
429,17
429,18
429,19
429,20
429,21
429,22
429,23
429,24
429,25
429,26
429,27
429,28
429,29
429,30
429,31
429,32
429,33
429,34
429,35
429,36
429,37
429,38
429,39
429,40
429,41
429,42
429,43
429,44
429,45
429,46
429,47
429,48
429,49
429,50
429,51
429,52
429,53
429,54
429,55
429,56
429,57
429,58
429,59
429,60
429,61
429,62
429,63
429,64
429,65
429,66
429,67
429,68
429,69
429,70
429,71
429,72
429,73
429,74
429,75
429,76
429,77
429,78
429,79
429,80
429,81
429,82
429,83
429,84
429,85
429,86
429,87
429,88
429,89
429,90
429,91
429,92
429,93
429,94
429,95
429,96
429,97
429,98
429,99
429,100
429,101
429,102
429,103
429,104
429,105
429,106
429,107
429,108
429,109
429,110
429,111
429,112
429,113
429,114
429,115
429,116
429,117
429,118
429,119
429,120
429,121
429,122
429,123
429,124
429,125
429,126
429,127
429,128
429,129
429,130
429,131
429,132
429,133
429,134
429,135
429,136
429,137
429,138
429,139
429,140
429,141
429,142
429,143
429,144
429,145
429,146
429,147
429,148
429,149
429,150
429,151
429,152
429,153
429,154
:23_0,155
:23_0,156
:23_0,157
:23_0,158
:23_0,159
:23_0,160
:23_0,161
-19,162
-19,163
-19,164
-19,165
-19,166
-19,167
-19,168
-19,169
-19,170
-19,171
-19,172
-19,173
-19,174
-19,175
-19,176
-19,177
-19,178
-19,179
-19,180
-19,181
-19,182
-19,183
-19,184
-19,185
-19,186
-19,187
-19,188
-19,189
-19,190
-19,191
-19,192
-19,193
-19,194
-19,195
-19,196
-19,197
-19,198
-19,199
-19,200
-19,201
-19,202
-19,203
-19,204
-19,205
-19,206
-19,207
-19,208
-19,209
-19,210
-19,211
-19,212
-19,213
-19,214
-19,215
-19,216
-19,217
-19,218
-19,219
-19,220
-19,221
-19,222
-19,223
-19,224
-19,225
-19,226
-19,227
-19,228
-19,229
-19,230
-19,231
-19,232
-19,233
-19,234
-19,235
-19,236
-19,237
-19,238
-19,239
-19,240
-19,241
-19,242
-19,243
-19,244
-19,245
-19,246
-19,247
-19,248
-19,249
-19,250
-19,251
-19,252
-19,253
-19,254
-19,255
-19,256
-19,257
-19,258
-19,259
-19,260
-19,261
-19,262
-19,263
-19,264
-19,265
-19,266
-19,267
-19,268
-19,269
-19,270
-19,271
-19,272
-19,273
:22_1,274
:22_1,275
:22_1,276
:22_1,277
:22_1,278
:22_1,279
23,280
23,281
23,282
23,283
23,284
23,285
23,286
23,287
23,288
23,289
23,290
23,291
23,292
23,293
23,294
23,295
23,296
23,297
23,298
23,299
23,300
23,301
23,302
23,303
23,304
23,305
23,306
23,307
23,308
23,309
23,310
23,311
23,312
23,313
23,314
23,315
23,316
23,317
23,318
23,319
23,320
23,321
23,322
23,323
23,324
23,325
23,326
23,327
23,328
23,329
23,330
23,331
23,332
23,333
23,334
23,335
23,336
23,337
23,338
23,339
23,340
23,341
23,342
23,343
23,344
23,345
23,346
23,347
23,348
23,349
23,350
23,351
23,352
23,353
23,354
23,355
23,356
23,357
23,358
23,359
23,360
23,361
23,362
23,363
23,364
23,365
23,366
23,367
23,368
23,369
23,370
23,371
23,372
23,373
23,374
23,375
23,376
23,377
23,378
23,379
23,380
23,381
23,382
23,383
23,384
23,385
23,386
23,387
23,388
23,389
23,390
23,391
23,392
23,393
23,394
23,395
23,396
23,397
23,398
23,399
23,400
23,401
23,402
23,403
23,404
23,405
23,406
23,407
23,408
23,409
23,410
23,411
23,412
23,413
23,414
23,415
23,416
23,417
23,418
23,419
23,420
23,421
23,422
23,423
23,424
23,425
23,426
23,427
23,428
23,429
23,430
23,431
23,432
23,433
23,434
23,435
23,436
23,437
23,438
23,439
23,440
23,441
23,442
23,443
23,444
23,445
23,446
23,447
23,448
23,449
23,450
23,451
23,452
23,453
23,454
23,455
23,456
23,457
23,458
23,459
23,460
23,461
23,462
23,463
23,464
23,465
23,466
23,467
23,468
23,469
23,470
23,471
23,472
23,473
23,474
23,475
23,476
23,477
23,478
23,479
23,480
23,481
23,482
23,483
23,484
23,485
23,486
23,487
23,488
23,489
:27_1,490
:27_1,491
:27_1,492
:27_1,493
:27_1,494
:27_1,495
:27_1,496
87,497
87,498
87,499
87,500
87,501
87,502
87,503
87,504
87,505
87,506
87,507
87,508
87,509
87,510
87,511
87,512
87,513
87,514
87,515
87,516
87,517
87,518
87,519
87,520
87,521
87,522
87,523
87,524
87,525
87,526
87,527
87,528
87,529
87,530
87,531
87,532
87,533
87,534
87,535
87,536
87,537
87,538
87,539
87,540
87,541
87,542
87,543
87,544
87,545
87,546
87,547
87,548
87,549
87,550
87,551
87,552
87,553
87,554
87,555
87,556
87,557
87,558
87,559
87,560
87,561
87,562
87,563
87,564
87,565
87,566
87,567
87,568
87,569
87,570
87,571
87,572
87,573
87,574
87,575
87,576
87,577
87,578
87,579
87,580
87,581
87,582
87,583
87,584
87,585
87,586
87,587
87,588
87,589
87,590
87,591
87,592
87,593
87,594
87,595
87,596
87,597
87,598
87,599
87,600
87,601
87,602
87,603
87,604
87,605
87,606
87,607
87,608
87,609
87,610
87,611
87,612
87,613
87,614
87,615
87,616
87,617
87,618
87,619
87,620
87,621
87,622
87,623
87,624
87,625
87,626
87,627
87,628
87,629
87,630
87,631
87,632
87,633
87,634
87,635
87,636
87,637
87,638
87,639
87,640
87,641
87,642
87,643
87,644
87,645
87,646
87,647
87,648
87,649
87,650
87,651
87,652
87,653
87,654
87,655
87,656
87,657
87,658
87,659
87,660
87,661
87,662
87,663
87,664
87,665
87,666
87,667
87,668
87,669
87,670
87,671
87,672
87,673
87,674
87,675
87,676
87,677
87,678
87,679
87,680
87,681
87,682
87,683
87,684
87,685
87,686
87,687
:102_0,688
:102_0,689
:102_0,690
:102_0,691
:102_0,692
:102_0,693
-159,694
-159,695
-159,696
-159,697
-159,698
-159,699
-159,700
-159,701
-159,702
-159,703
-159,704
-159,705
-159,706
-159,707
-159,708
-159,709
-159,710
-159,711
-159,712
-159,713
-159,714
-159,715
-159,716
-159,717
-159,718
-159,719
-159,720
-159,721
-159,722
-159,723
-159,724
-159,725
-159,726
-159,727
-159,728
-159,729
-159,730
-159,731
-159,732
-159,733
-159,734
-159,735
-159,736
-159,737
-159,738
-159,739
-159,740
-159,741
-159,742
-159,743
-159,744
-159,745
-159,746
-159,747
-159,748
-159,749
-159,750
-159,751
-159,752
-159,753
-159,754
-159,755
-159,756
-159,757
-159,758
-159,759
-159,760
-159,761
-159,762
-159,763
-159,764
-159,765
-159,766
-159,767
-159,768
-159,769
-159,770
-159,771
-159,772
-159,773
-159,774
-159,775
-159,776
-159,777
-159,778
-159,779
-159,780
-159,781
-159,782
-159,783
-159,784
-159,785
-159,786
-159,787
-159,788
-159,789
-159,790
-159,791
-159,792
-159,793
-159,794
-159,795
-159,796
-159,797
-159,798
-159,799
-159,800
-159,801
-159,802
-159,803
-159,804
-159,805
-159,806
-159,807
-159,808
:63_5,809
:63_5,810
:63_5,811
:63_5,812
:63_5,813
:63_5,814
-55,815
-55,816
-55,817
-55,818
-55,819
-55,820
-55,821
-55,822
-55,823
-55,824
-55,825
-55,826
-55,827
-55,828
-55,829
-55,830
-55,831
-55,832
-55,833
-55,834
-55,835
-55,836
-55,837
-55,838
-55,839
-55,840
-55,841
-55,842
-55,843
-55,844
-55,845
-55,846
-55,847
-55,848
-55,849
-55,850
-55,851
-55,852
-55,853
-55,854
-55,855
-55,856
-55,857
-55,858
-55,859
-55,860
-55,861
-55,862
-55,863
-55,864
-55,865
-55,866
-55,867
-55,868
-55,869
-55,870
-55,871
-55,872
-55,873
-55,874
-55,875
-55,876
-55,877
-55,878
-55,879
-55,880
-55,881
-55,882
-55,883
-55,884
-55,885
-55,886
-55,887
-55,888
-55,889
-55,890
-55,891
-55,892
-55,893
-55,894
-55,895
-55,896
-55,897
-55,898
-55,899
-55,900
-55,901
-55,902
-55,903
-55,904
-55,905
-55,906
-55,907
-55,908
-55,909
-55,910
-55,911
-55,912
-55,913
-55,914
-55,915
-55,916
-55,917
-55,918
-55,919
-55,920
-55,921
-55,922
-55,923
-55,924
-55,925
-55,926
-55,927
-55,928
-55,929
-55,930
-55,931
-55,932
-55,933
-55,934
-55,935
-55,936
-55,937
-55,938
-55,939
-55,940
-55,941
-55,942
-55,943
-55,944
-55,945
-55,946
-55,947
-55,948
:62_1,949
:62_1,950
:62_1,951
:62_1,952
:62_1,953
:62_1,954
:62_1,955
-54,956
-54,957
-54,958
-54,959
-54,960
-54,961
-54,962
-54,963
-54,964
-54,965
-54,966
429,1
429,2
429,3
429,1
