-527,4
-527,5
-527,6
-527,7
-527,8
-527,9
-527,10
-527,11
-527,12
-527,13
-527,14
-527,15
-527,16
-527,17
-527,18
-527,19
-527,20
:435_0,21
:435_0,22
529,23
529,24
529,25
529,26
529,27
529,28
529,29
529,30
529,31
529,32
529,33
529,34
529,35
529,36
529,37
529,38
529,39
529,40
529,41
529,42
529,43
529,44
529,45
529,46
529,47
529,48
529,49
529,50
529,51
529,52
529,53
529,54
529,55
529,56
529,57
529,58
529,59
529,60
529,61
529,62
529,63
529,64
529,65
529,66
529,67
529,68
529,69
529,70
529,71
529,72
529,73
529,74
529,75
529,76
529,77
529,78
529,79
529,80
529,81
529,82
529,83
529,84
529,85
529,86
529,87
529,88
529,89
529,90
529,91
529,92
529,93
529,94
529,95
529,96
529,97
529,98
529,99
529,100
529,101
529,102
529,103
529,104
529,105
529,106
529,107
529,108
529,109
529,110
529,111
529,112
529,113
529,114
529,115
529,116
529,117
529,118
529,119
529,120
529,121
529,122
529,123
529,124
529,125
529,126
529,127
529,128
529,129
529,130
529,131
529,132
529,133
529,134
529,135
529,136
529,137
529,138
529,139
529,140
529,141
529,142
529,143
529,144
529,145
529,146
529,147
529,148
529,149
529,150
529,151
529,152
529,153
529,154
529,155
-456,156
-456,157
-456,158
-456,159
-456,160
-456,161
-456,162
-456,163
-456,164
-456,165
-456,166
-456,167
-456,168
-456,169
-456,170
-456,171
-456,172
-456,173
-456,174
-456,175
-456,176
-456,177
-456,178
:337_3,179
:337_3,180
:337_3,181
-368,182
-368,183
-368,184
-368,185
-368,186
-368,187
-368,188
-368,189
-368,190
-368,191
-368,192
-368,193
-368,194
-368,195
-368,196
-368,197
-368,198
-368,199
-368,200
-368,201
-368,202
-368,203
-368,204
-368,205
-368,206
-368,207
-368,208
-368,209
-368,210
-368,211
-368,212
-368,213
-368,214
-368,215
-368,216
-368,217
-368,218
-368,219
-368,220
-368,221
-368,222
-368,223
-368,224
-368,225
-368,226
-368,227
-368,228
-368,229
-368,230
-368,231
-368,232
-368,233
-368,234
-368,235
-368,236
-368,237
-368,238
-368,239
-368,240
-368,241
-368,242
-368,243
-368,244
-368,245
-368,246
-368,247
-368,248
-368,249
-368,250
-368,251
-368,252
-368,253
-368,254
-368,255
-368,256
-368,257
-368,258
-368,259
-368,260
-368,261
-368,262
-368,263
-368,264
-368,265
-368,266
-368,267
-368,268
-368,269
-368,270
-368,271
-368,272
-368,273
-368,274
-368,275
-368,276
-368,277
-368,278
-368,279
-368,280
-368,281
-368,282
-368,283
-368,284
-368,285
-368,286
-368,287
-368,288
-368,289
-368,290
-368,291
-368,292
-368,293
-368,294
-368,295
-368,296
-368,297
-368,298
-368,299
-368,300
-368,301
-368,302
-368,303
-368,304
-368,305
-368,306
-368,307
-368,308
-368,309
-368,310
-368,311
-368,312
-368,313
-368,314
:73_8,315
:73_8,316
:73_8,317
369,318
369,319
369,320
369,321
369,322
369,323
369,324
369,325
369,326
369,327
369,328
369,329
369,330
369,331
369,332
369,333
369,334
369,335
369,336
369,337
369,338
369,339
369,340
369,341
369,342
369,343
369,344
369,345
369,346
369,347
369,348
369,349
369,350
369,351
369,352
369,353
369,354
369,355
369,356
369,357
369,358
369,359
369,360
369,361
369,362
369,363
369,364
369,365
369,366
369,367
369,368
369,369
369,370
369,371
369,372
369,373
369,374
369,375
369,376
369,377
369,378
369,379
369,380
369,381
369,382
369,383
369,384
369,385
369,386
369,387
369,388
369,389
369,390
369,391
369,392
369,393
369,394
369,395
369,396
369,397
369,398
369,399
369,400
369,401
369,402
369,403
369,404
369,405
369,406
369,407
369,408
369,409
369,410
369,411
369,412
369,413
369,414
369,415
369,416
369,417
369,418
369,419
369,420
369,421
369,422
369,423
369,424
369,425
369,426
369,427
369,428
369,429
369,430
369,431
369,432
369,433
369,434
369,435
369,436
369,437
369,438
369,439
369,440
369,441
369,442
369,443
369,444
369,445
369,446
369,447
369,448
369,449
369,450
369,451
369,452
369,453
369,454
369,455
369,456
369,457
369,458
369,459
369,460
369,461
369,462
369,463
369,464
369,465
369,466
369,467
369,468
369,469
369,470
369,471
369,472
369,473
369,474
369,475
369,476
369,477
369,478
369,479
369,480
369,481
369,482
369,483
369,484
369,485
369,486
369,487
369,488
369,489
369,490
369,491
369,492
369,493
369,494
369,495
369,496
369,497
369,498
369,499
369,500
:338_3,501
:338_3,502
:338_3,503
:338_3,504
-454,505
-454,506
-454,507
-454,508
-454,509
-454,510
-454,511
-454,512
-454,513
-454,514
-454,515
-454,516
-454,517
-454,518
-454,519
-454,520
-454,521
-454,522
-454,523
-454,524
-454,525
-454,526
-454,527
-454,528
-454,529
-454,530
-454,531
-454,532
-454,533
-454,534
-454,535
-454,536
-454,537
-454,538
-454,539
-454,540
-454,541
-454,542
-454,543
-454,544
-454,545
-454,546
-454,547
-454,548
-454,549
-454,550
-454,551
-454,552
-454,553
-454,554
-454,555
-454,556
-454,557
-454,558
-454,559
-454,560
-454,561
-454,562
-454,563
-454,564
-454,565
-454,566
-454,567
-454,568
-454,569
-454,570
-454,571
-454,572
-454,573
-454,574
-454,575
-454,576
-454,577
-454,578
-454,579
-454,580
-454,581
-454,582
-454,583
:279_3,584
:279_3,585
:279_3,586
:279_3,587
:279_3,588
-289,589
-289,590
-289,591
-289,592
-289,593
-289,594
-289,595
-289,596
-289,597
-289,598
-289,599
-289,600
-289,601
-289,602
-289,603
-289,604
-289,605
-289,606
-289,607
-289,608
-289,609
-289,610
-289,611
-289,612
-289,613
-289,614
-289,615
-289,616
-289,617
-289,618
-289,619
-289,620
-289,621
-289,622
-289,623
-289,624
-289,625
-289,626
-289,627
-289,628
-289,629
-289,630
-289,631
-289,632
-289,633
-289,634
-289,635
-289,636
-289,637
-289,638
-289,639
-289,640
-289,641
-289,642
-289,643
-289,644
-289,645
-289,646
-289,647
-289,648
-289,649
-289,650
-289,651
-289,652
-289,653
-289,654
-289,655
-289,656
-289,657
-289,658
-289,659
:248_9,660
:248_9,661
:248_9,662
:248_9,663
:248_9,664
284,665
284,666
284,667
284,668
284,669
284,670
284,671
284,672
284,673
284,674
284,675
284,676
284,677
284,678
284,679
284,680
284,681
284,682
284,683
284,684
284,685
284,686
284,687
284,688
284,689
284,690
284,691
284,692
284,693
284,694
284,695
284,696
284,697
284,698
284,699
284,700
284,701
284,702
284,703
284,704
284,705
284,706
284,707
284,708
284,709
284,710
284,711
284,712
284,713
284,714
284,715
284,716
284,717
284,718
284,719
284,720
284,721
284,722
285,723
285,724
285,725
285,726
285,727
285,728
285,729
285,730
285,731
285,732
285,733
285,734
285,735
285,736
285,737
285,738
285,739
285,740
285,741
285,742
285,743
285,744
285,745
285,746
285,747
285,748
285,749
285,750
285,751
285,752
285,753
285,754
285,755
285,756
285,757
285,758
285,759
285,760
285,761
285,762
285,763
285,764
285,765
285,766
285,767
285,768
285,769
285,770
285,771
285,772
286,773
286,774
286,775
286,776
286,777
286,778
286,779
286,780
286,781
286,782
286,783
286,784
286,785
286,786
286,787
286,788
286,789
286,790
286,791
286,792
286,793
286,794
286,795
286,796
286,797
286,798
286,799
286,800
286,801
286,802
286,803
286,804
286,805
286,806
286,807
286,808
286,809
286,810
286,811
286,812
286,813
286,814
286,815
286,816
286,817
286,818
286,819
286,820
286,821
286,822
286,823
286,824
286,825
286,826
287,827
287,828
287,829
287,830
287,831
287,832
287,833
287,834
287,835
287,836
287,837
287,838
287,839
287,840
287,841
287,842
287,843
287,844
287,845
287,846
287,847
287,848
287,849
287,850
287,851
287,852
287,853
287,854
287,855
287,856
287,857
287,858
287,859
287,860
287,861
287,862
287,863
287,864
287,865
287,866
287,867
287,868
287,869
287,870
287,871
287,872
287,873
287,874
287,875
287,876
287,877
287,878
287,879
287,880
287,881
287,882
287,883
287,884
287,885
287,886
288,887
288,888
288,889
288,890
288,891
288,892
288,893
288,894
288,895
288,896
288,897
288,898
288,899
288,900
288,901
288,902
288,903
288,904
288,905
288,906
288,907
288,908
288,909
288,910
288,911
288,912
288,913
288,914
288,915
288,916
288,917
288,918
288,919
288,920
288,921
288,922
288,923
:278_0,924
:278_0,925
:278_0,926
:278_0,927
-453,928
-453,929
-453,930
-453,931
-453,932
-453,933
-453,934
-453,935
-453,936
-453,937
-453,938
-453,939
-453,940
-453,941
-453,942
-453,943
-453,944
-453,945
-453,946
-453,947
-453,948
-453,949
-453,950
-453,951
-453,952
-453,953
-453,954
-453,955
-453,956
-453,957
-453,958
-453,959
-453,960
-453,961
-453,962
-453,963
-453,964
-453,965
-527,4
