282,1
282,1
282,1
282,2
282,3
282,4
282,5
282,6
282,7
282,8
282,9
282,10
282,11
282,12
282,13
282,14
282,15
282,16
282,17
282,18
282,19
282,20
282,21
282,22
282,23
282,24
282,25
282,26
282,27
282,28
282,29
282,30
282,31
282,32
282,33
282,34
282,35
282,36
282,37
282,38
282,39
282,40
282,41
282,42
282,43
282,44
282,45
282,46
282,47
282,48
282,49
282,50
282,51
282,52
282,53
282,54
282,55
282,56
282,57
282,58
282,59
282,60
282,61
282,62
282,63
282,64
282,65
282,66
282,67
282,68
282,69
282,70
282,71
282,72
282,73
282,74
282,75
282,76
282,77
282,78
282,79
282,80
282,81
282,82
282,83
282,84
282,85
282,86
282,87
282,88
282,89
282,90
282,91
282,92
282,93
282,94
282,95
282,96
282,97
282,98
282,99
282,100
282,101
282,102
282,103
282,104
282,105
282,106
282,107
282,108
282,109
282,110
282,111
282,112
282,113
282,114
282,115
282,116
282,117
282,118
282,119
282,120
282,121
282,122
282,123
282,124
282,125
282,126
282,127
282,128
282,129
282,130
282,131
282,132
282,133
282,134
282,135
282,136
282,137
282,138
282,139
282,140
282,141
282,142
282,143
282,144
282,145
282,146
282,147
282,148
282,149
282,150
282,151
282,152
282,153
282,154
282,155
282,156
282,157
282,158
282,159
282,160
282,161
282,162
282,163
282,164
282,165
282,166
282,167
282,168
:273_1,169
:273_1,170
:273_1,171
:273_1,172
:273_1,173
-370,174
-370,175
-370,176
-370,177
-370,178
-370,179
-370,180
-370,181
-370,182
-370,183
-370,184
-370,185
-370,186
-370,187
-370,188
-370,189
-370,190
-370,191
-370,192
-370,193
-370,194
-370,195
-370,196
-370,197
-370,198
-370,199
-370,200
-370,201
-370,202
-370,203
-370,204
-370,205
-370,206
-370,207
-370,208
-370,209
-370,210
-370,211
-370,212
-370,213
-370,214
-370,215
-370,216
-370,217
-370,218
-370,219
-370,220
-370,221
-370,222
-370,223
-370,224
-370,225
-370,226
-370,227
-370,228
-370,229
-370,230
-370,231
-370,232
-370,233
-370,234
-370,235
-370,236
-370,237
-370,238
-370,239
-370,240
-370,241
-370,242
-370,243
-370,244
-370,245
-370,246
-370,247
-370,248
-370,249
-370,250
-370,251
-370,252
-370,253
-370,254
-370,255
-370,256
-370,257
-370,258
-370,259
-370,260
-370,261
-370,262
-370,263
-370,264
-370,265
-370,266
-370,267
-370,268
-370,269
-370,270
-370,271
-370,272
-370,273
-370,274
-370,275
-370,276
-370,277
-370,278
-370,279
-370,280
-370,281
-370,282
-370,283
-370,284
-370,285
-370,286
-370,287
:73_1,288
:73_1,289
:73_1,290
:73_1,291
:73_1,292
368,293
368,294
368,295
368,296
368,297
368,298
368,299
368,300
368,301
368,302
368,303
368,304
368,305
368,306
368,307
368,308
368,309
368,310
368,311
368,312
368,313
368,314
368,315
368,316
368,317
368,318
368,319
368,320
368,321
368,322
368,323
368,324
368,325
368,326
368,327
368,328
368,329
368,330
368,331
368,332
368,333
368,334
368,335
368,336
368,337
368,338
368,339
368,340
368,341
368,342
368,343
368,344
368,345
368,346
368,347
368,348
368,349
368,350
368,351
368,352
368,353
368,354
368,355
368,356
368,357
368,358
368,359
368,360
368,361
368,362
368,363
368,364
368,365
368,366
368,367
368,368
368,369
368,370
368,371
368,372
368,373
368,374
368,375
368,376
368,377
368,378
368,379
368,380
368,381
368,382
368,383
368,384
368,385
368,386
368,387
368,388
368,389
368,390
368,391
368,392
368,393
368,394
368,395
368,396
368,397
368,398
368,399
368,400
368,401
368,402
368,403
368,404
368,405
368,406
368,407
368,408
368,409
368,410
368,411
368,412
368,413
368,414
368,415
368,416
368,417
368,418
368,419
368,420
368,421
368,422
368,423
282,1
282,2
282,3
282,1
