26,4
26,5
26,6
26,7
26,8
26,9
26,10
26,11
26,12
26,13
26,14
26,15
26,16
26,17
26,18
26,19
26,20
26,21
26,22
26,23
26,24
26,25
26,26
26,27
26,28
26,29
26,30
26,31
26,32
26,33
26,34
26,35
26,36
26,37
26,38
26,39
26,40
26,41
26,42
26,43
26,44
26,45
26,46
26,47
26,48
26,49
26,50
26,51
26,52
26,53
26,54
26,55
26,56
26,57
26,58
26,59
26,60
26,61
26,62
26,63
26,64
26,65
26,66
26,67
26,68
26,69
26,70
26,71
26,72
26,73
26,74
26,75
26,76
26,77
26,78
26,79
26,80
26,81
26,82
26,83
26,84
26,85
26,86
26,87
26,88
26,89
26,90
26,91
26,92
26,93
26,94
26,95
26,96
:31_8,97
:31_8,98
:31_8,99
319,100
319,101
319,102
319,103
319,104
319,105
319,106
319,107
319,108
319,109
319,110
319,111
319,112
319,113
319,114
319,115
319,116
319,117
319,118
319,119
319,120
319,121
319,122
319,123
319,124
319,125
319,126
319,127
319,128
319,129
319,130
319,131
319,132
319,133
319,134
319,135
319,136
319,137
319,138
319,139
319,140
319,141
319,142
319,143
319,144
319,145
319,146
319,147
319,148
319,149
319,150
319,151
319,152
319,153
319,154
319,155
319,156
319,157
319,158
319,159
319,160
319,161
319,162
319,163
319,164
319,165
319,166
319,167
319,168
319,169
319,170
319,171
319,172
319,173
319,174
319,175
319,176
319,177
319,178
319,179
319,180
319,181
319,182
319,183
319,184
319,185
319,186
319,187
319,188
319,189
319,190
319,191
319,192
319,193
319,194
319,195
319,196
319,197
319,198
319,199
319,200
319,201
319,202
319,203
:37_1,204
:37_1,205
-31,206
-31,207
-31,208
-31,209
-31,210
-31,211
-31,212
-31,213
-31,214
-31,215
-31,216
-31,217
-31,218
-31,219
-31,220
-31,221
-31,222
-31,223
-31,224
-31,225
-31,226
-31,227
-31,228
-31,229
-31,230
-31,231
-31,232
-31,233
-31,234
-31,235
-31,236
-31,237
-31,238
-31,239
-31,240
-31,241
-31,242
-31,243
-31,244
-31,245
-31,246
-31,247
-31,248
-31,249
-31,250
-31,251
-31,252
-31,253
-31,254
-31,255
-31,256
-31,257
-31,258
-31,259
-31,260
-31,261
-31,262
-31,263
-31,264
-31,265
-31,266
-31,267
-31,268
-31,269
-31,270
-31,271
-31,272
-31,273
-31,274
-31,275
-31,276
-31,277
-31,278
-31,279
-31,280
-31,281
-31,282
-31,283
-31,284
-31,285
-31,286
-31,287
-31,288
-31,289
-31,290
-31,291
:34_6,292
:34_6,293
:34_6,294
:34_6,295
29,296
29,297
29,298
29,299
29,300
29,301
29,302
29,303
29,304
29,305
29,306
29,307
29,308
29,309
29,310
29,311
29,312
29,313
29,314
29,315
29,316
29,317
29,318
29,319
29,320
29,321
29,322
29,323
29,324
29,325
29,326
29,327
29,328
29,329
29,330
29,331
29,332
29,333
29,334
29,335
29,336
29,337
29,338
29,339
29,340
29,341
29,342
29,343
29,344
29,345
29,346
29,347
29,348
29,349
29,350
29,351
29,352
29,353
29,354
29,355
29,356
29,357
29,358
29,359
29,360
29,361
29,362
29,363
29,364
29,365
29,366
29,367
29,368
29,369
29,370
29,371
29,372
29,373
29,374
29,375
29,376
29,377
29,378
29,379
29,380
29,381
29,382
29,383
29,384
29,385
29,386
29,387
29,388
29,389
29,390
29,391
29,392
29,393
29,394
29,395
29,396
29,397
29,398
29,399
29,400
29,401
29,402
:35_14,403
:35_14,404
:35_18,405
:35_18,406
:35_18,407
193,408
193,409
193,410
193,411
193,412
193,413
193,414
193,415
193,416
193,417
193,418
193,419
193,420
193,421
193,422
193,423
193,424
193,425
193,426
193,427
193,428
193,429
193,430
193,431
193,432
193,433
193,434
193,435
193,436
193,437
193,438
193,439
193,440
193,441
193,442
193,443
193,444
193,445
193,446
193,447
193,448
193,449
193,450
193,451
193,452
193,453
193,454
193,455
193,456
193,457
193,458
193,459
193,460
193,461
193,462
193,463
193,464
193,465
193,466
193,467
193,468
193,469
193,470
193,471
193,472
193,473
193,474
193,475
193,476
193,477
193,478
193,479
193,480
193,481
193,482
193,483
193,484
193,485
193,486
193,487
193,488
193,489
193,490
193,491
193,492
193,493
193,494
193,495
193,496
193,497
193,498
193,499
193,500
193,501
193,502
193,503
193,504
193,505
193,506
193,507
193,508
193,509
193,510
193,511
193,512
193,513
193,514
193,515
193,516
193,517
193,518
193,519
193,520
193,521
193,522
193,523
193,524
193,525
193,526
193,527
193,528
193,529
193,530
193,531
193,532
193,533
193,534
193,535
193,536
193,537
193,538
193,539
193,540
193,541
193,542
193,543
193,544
193,545
193,546
193,547
193,548
193,549
193,550
193,551
193,552
193,553
193,554
193,555
193,556
193,557
193,558
193,559
193,560
193,561
193,562
193,563
193,564
193,565
193,566
193,567
193,568
193,569
193,570
193,571
193,572
193,573
193,574
193,575
:203_3,576
:203_3,577
:203_3,578
:203_3,579
:203_3,580
194,581
194,582
194,583
194,584
194,585
194,586
194,587
194,588
194,589
194,590
194,591
194,592
194,593
194,594
194,595
194,596
194,597
194,598
194,599
194,600
194,601
194,602
194,603
194,604
194,605
194,606
194,607
194,608
194,609
194,610
194,611
194,612
194,613
194,614
194,615
194,616
194,617
194,618
194,619
194,620
194,621
194,622
194,623
194,624
194,625
194,626
194,627
194,628
194,629
194,630
194,631
194,632
194,633
194,634
194,635
194,636
194,637
194,638
194,639
194,640
194,641
194,642
194,643
194,644
194,645
194,646
194,647
194,648
194,649
194,650
194,651
194,652
194,653
194,654
194,655
194,656
194,657
194,658
194,659
194,660
194,661
194,662
194,663
194,664
194,665
194,666
194,667
194,668
194,669
194,670
194,671
194,672
194,673
194,674
194,675
194,676
194,677
194,678
194,679
194,680
194,681
194,682
194,683
194,684
194,685
194,686
194,687
194,688
194,689
194,690
194,691
194,692
194,693
194,694
194,695
194,696
194,697
194,698
194,699
194,700
194,701
194,702
194,703
194,704
194,705
194,706
194,707
194,708
194,709
194,710
194,711
194,712
194,713
194,714
194,715
194,716
194,717
194,718
194,719
194,720
194,721
194,722
194,723
194,724
194,725
194,726
194,727
194,728
194,729
194,730
194,731
194,732
194,733
194,734
194,735
194,736
194,737
194,738
194,739
194,740
194,741
194,742
194,743
194,744
194,745
194,746
194,747
194,748
194,749
194,750
194,751
194,752
194,753
194,754
194,755
194,756
194,757
194,758
:204_9,759
:204_9,760
:204_9,761
:204_9,762
:204_9,763
:204_9,764
195,765
195,766
195,767
195,768
195,769
195,770
195,771
195,772
195,773
195,774
195,775
195,776
195,777
195,778
195,779
195,780
195,781
195,782
195,783
195,784
195,785
195,786
195,787
195,788
195,789
195,790
195,791
195,792
195,793
195,794
195,795
195,796
195,797
195,798
195,799
195,800
195,801
195,802
195,803
195,804
195,805
195,806
195,807
195,808
195,809
195,810
195,811
195,812
195,813
195,814
195,815
195,816
195,817
195,818
195,819
195,820
195,821
195,822
195,823
195,824
195,825
195,826
195,827
195,828
195,829
195,830
195,831
195,832
195,833
195,834
195,835
195,836
195,837
195,838
195,839
195,840
195,841
195,842
195,843
195,844
195,845
195,846
195,847
195,848
195,849
195,850
195,851
195,852
195,853
195,854
195,855
195,856
195,857
195,858
195,859
195,860
195,861
195,862
195,863
195,864
195,865
195,866
195,867
195,868
195,869
195,870
195,871
195,872
195,873
195,874
195,875
195,876
195,877
195,878
195,879
195,880
195,881
195,882
195,883
195,884
195,885
195,886
195,887
195,888
195,889
195,890
195,891
195,892
195,893
195,894
195,895
195,896
195,897
195,898
195,899
195,900
195,901
195,902
195,903
195,904
195,905
195,906
195,907
195,908
195,909
195,910
195,911
195,912
195,913
195,914
195,915
195,916
195,917
195,918
195,919
195,920
195,921
195,922
195,923
195,924
195,925
195,926
195,927
195,928
195,929
195,930
195,931
195,932
195,933
195,934
195,935
195,936
195,937
195,938
195,939
195,940
195,941
195,942
195,943
195,944
195,945
195,946
195,947
195,948
195,949
195,950
195,951
195,952
195,953
195,954
195,955
195,956
195,957
195,958
195,959
195,960
195,961
195,962
195,963
195,964
195,965
26,4
