454,4
454,5
454,6
454,7
454,8
454,9
454,10
454,11
454,12
454,13
454,14
454,15
454,16
454,17
454,18
454,19
454,20
454,21
454,22
454,23
454,24
454,25
454,26
454,27
454,28
454,29
454,30
454,31
454,32
454,33
454,34
454,35
454,36
454,37
454,38
454,39
454,40
454,41
454,42
454,43
454,44
454,45
454,46
454,47
454,48
454,49
454,50
454,51
454,52
454,53
454,54
454,55
454,56
454,57
454,58
454,59
454,60
454,61
454,62
454,63
454,64
454,65
454,66
454,67
454,68
454,69
454,70
454,71
454,72
454,73
454,74
454,75
454,76
454,77
454,78
454,79
454,80
454,81
454,82
454,83
454,84
454,85
454,86
454,87
454,88
454,89
454,90
454,91
454,92
454,93
454,94
454,95
454,96
454,97
454,98
454,99
454,100
454,101
454,102
454,103
454,104
454,105
:338_1,106
:338_1,107
:338_1,108
:338_1,109
:338_1,110
:338_1,111
-369,112
-369,113
-369,114
-369,115
-369,116
-369,117
-369,118
-369,119
-369,120
-369,121
-369,122
-369,123
-369,124
-369,125
-369,126
-369,127
-369,128
-369,129
-369,130
-369,131
-369,132
-369,133
-369,134
-369,135
-369,136
-369,137
-369,138
-369,139
-369,140
-369,141
-369,142
-369,143
-369,144
-369,145
-369,146
-369,147
-369,148
-369,149
-369,150
-369,151
-369,152
-369,153
-369,154
-369,155
-369,156
-369,157
-369,158
-369,159
-369,160
-369,161
-369,162
-369,163
-369,164
-369,165
-369,166
-369,167
-369,168
-369,169
-369,170
-369,171
-369,172
-369,173
-369,174
-369,175
-369,176
-369,177
-369,178
-369,179
-369,180
-369,181
-369,182
-369,183
-369,184
-369,185
-369,186
-369,187
-369,188
-369,189
-369,190
-369,191
-369,192
-369,193
-369,194
-369,195
-369,196
-369,197
-369,198
-369,199
-369,200
-369,201
-369,202
-369,203
-369,204
-369,205
-369,206
-369,207
-369,208
-369,209
-369,210
-369,211
-369,212
-369,213
-369,214
-369,215
-369,216
-369,217
-369,218
-369,219
-369,220
-369,221
-369,222
-369,223
-369,224
-369,225
-369,226
-369,227
-369,228
-369,229
-369,230
-369,231
-369,232
-369,233
-369,234
-369,235
-369,236
-369,237
-369,238
-369,239
-369,240
-369,241
-369,242
-369,243
-369,244
-369,245
-369,246
-369,247
-369,248
-369,249
-369,250
-369,251
-369,252
-369,253
-369,254
-369,255
-369,256
-369,257
-369,258
-369,259
-369,260
-369,261
-369,262
-369,263
-369,264
-369,265
-369,266
-369,267
-369,268
-369,269
-369,270
-369,271
-369,272
-369,273
-369,274
-369,275
-369,276
-369,277
-369,278
-369,279
-369,280
-369,281
-369,282
-369,283
-369,284
-369,285
-369,286
-369,287
-369,288
-369,289
-369,290
-369,291
-369,292
-369,293
-369,294
-369,295
-369,296
-369,297
-369,298
-369,299
-369,300
-369,301
-369,302
-369,303
-369,304
-369,305
-369,306
-369,307
-369,308
-369,309
-369,310
-369,311
-369,312
-369,313
-369,314
-369,315
-369,316
-369,317
-369,318
-369,319
-369,320
-369,321
-369,322
-369,323
-369,324
-369,325
-369,326
-369,327
-369,328
-369,329
-369,330
-369,331
-369,332
-369,333
-369,334
-369,335
-369,336
-369,337
-369,338
-369,339
-369,340
-369,341
-369,342
-369,343
-369,344
-369,345
-369,346
-369,347
-369,348
-369,349
:73_5,350
:73_5,351
:73_5,352
:73_5,353
:73_5,354
:73_5,355
-64,356
-64,357
-64,358
-64,359
-64,360
-64,361
-64,362
-64,363
-64,364
-64,365
-64,366
-64,367
-64,368
-64,369
-64,370
-64,371
-64,372
-64,373
-64,374
-64,375
-64,376
-64,377
-64,378
-64,379
-64,380
-64,381
-64,382
-64,383
-64,384
-64,385
-64,386
-64,387
-64,388
-64,389
-64,390
-64,391
-64,392
-64,393
-64,394
-64,395
-64,396
-64,397
-64,398
-64,399
-64,400
-64,401
-64,402
-64,403
-64,404
-64,405
-64,406
-64,407
-64,408
-64,409
-64,410
-64,411
-64,412
-64,413
-64,414
-64,415
-64,416
-64,417
-64,418
-64,419
-64,420
-64,421
-64,422
-64,423
-64,424
-64,425
-64,426
-64,427
-64,428
-64,429
-64,430
-64,431
-64,432
-64,433
-64,434
-64,435
-64,436
-64,437
-64,438
-64,439
-64,440
-64,441
-64,442
:72_1,443
:72_1,444
:72_1,445
:72_1,446
:72_1,447
:72_1,448
-63,449
-63,450
-63,451
-63,452
-63,453
-63,454
-63,455
-63,456
-63,457
-63,458
-63,459
-63,460
-63,461
-63,462
-63,463
-63,464
-63,465
-63,466
-63,467
-63,468
-63,469
-63,470
-63,471
-63,472
-63,473
-63,474
-63,475
-63,476
-63,477
-63,478
-63,479
-63,480
-63,481
-63,482
-63,483
-63,484
-63,485
-63,486
-63,487
-63,488
-63,489
-63,490
-63,491
-63,492
-63,493
-63,494
-63,495
-63,496
-63,497
-63,498
-63,499
-63,500
-63,501
-63,502
-63,503
-63,504
-63,505
-63,506
-63,507
-63,508
-63,509
-63,510
-63,511
-63,512
-63,513
-63,514
-63,515
-63,516
-63,517
-63,518
-63,519
-63,520
-63,521
-62,522
-62,523
-62,524
-62,525
-62,526
-62,527
-62,528
-62,529
-62,530
-62,531
-62,532
-62,533
-62,534
-62,535
-62,536
-62,537
-62,538
-62,539
-62,540
-62,541
-62,542
-62,543
-62,544
-62,545
-62,546
-62,547
-62,548
-62,549
-62,550
-62,551
-62,552
-62,553
-62,554
-62,555
-62,556
-62,557
-62,558
-62,559
-62,560
-62,561
-62,562
-62,563
-62,564
-62,565
-62,566
-62,567
-62,568
-62,569
-62,570
-62,571
-62,572
-62,573
-62,574
-62,575
-62,576
-62,577
-62,578
-62,579
-62,580
-62,581
-62,582
-62,583
-62,584
-62,585
-62,586
-62,587
-62,588
-62,589
-62,590
-62,591
-62,592
-62,593
-62,594
-62,595
-62,596
-62,597
-62,598
-62,599
-62,600
-62,601
-62,602
-62,603
-61,604
-61,605
-61,606
-61,607
-61,608
-61,609
-61,610
-61,611
-61,612
-61,613
-61,614
-61,615
-61,616
-61,617
-61,618
-61,619
-61,620
-61,621
-61,622
-61,623
-61,624
-61,625
-61,626
-61,627
-61,628
-61,629
-61,630
-61,631
-61,632
-61,633
-61,634
-61,635
-61,636
-61,637
-61,638
-61,639
-61,640
-61,641
-61,642
-61,643
-61,644
-61,645
-61,646
-61,647
-61,648
-61,649
-61,650
-61,651
-61,652
-61,653
-61,654
-61,655
-61,656
-61,657
-61,658
-61,659
-61,660
-61,661
-61,662
-61,663
-61,664
-61,665
-61,666
-61,667
-61,668
-61,669
-61,670
-61,671
-61,672
-61,673
-61,674
-61,675
-61,676
-61,677
-61,678
-61,679
-61,680
-61,681
-61,682
-61,683
-60,684
-60,685
-60,686
-60,687
-60,688
-60,689
-60,690
-60,691
-60,692
-60,693
-60,694
-60,695
-60,696
-60,697
-60,698
-60,699
-60,700
-60,701
-60,702
-60,703
-60,704
-60,705
-60,706
-60,707
-60,708
-60,709
-60,710
-60,711
-60,712
-60,713
-60,714
-60,715
-60,716
-60,717
-60,718
-60,719
-60,720
-60,721
-60,722
-60,723
-60,724
-60,725
-60,726
-60,727
-60,728
-60,729
-60,730
-60,731
-60,732
-60,733
-60,734
-60,735
-60,736
-60,737
-60,738
-60,739
-60,740
-60,741
-60,742
-60,743
-60,744
-60,745
-60,746
-60,747
-60,748
-60,749
-60,750
-60,751
-60,752
-60,753
-60,754
-60,755
-60,756
:65_6,757
:65_6,758
:65_16,759
:65_16,760
:65_16,761
58,762
58,763
58,764
58,765
58,766
58,767
58,768
58,769
58,770
58,771
58,772
58,773
58,774
58,775
58,776
58,777
58,778
58,779
58,780
58,781
58,782
58,783
58,784
58,785
58,786
58,787
58,788
58,789
58,790
58,791
58,792
58,793
58,794
58,795
58,796
58,797
58,798
58,799
58,800
58,801
58,802
58,803
58,804
58,805
58,806
58,807
58,808
58,809
58,810
58,811
58,812
58,813
58,814
58,815
58,816
58,817
58,818
58,819
58,820
58,821
58,822
58,823
58,824
58,825
58,826
58,827
58,828
58,829
58,830
58,831
58,832
58,833
58,834
58,835
58,836
58,837
58,838
58,839
58,840
58,841
58,842
58,843
58,844
58,845
58,846
58,847
58,848
58,849
58,850
58,851
58,852
58,853
58,854
58,855
58,856
58,857
58,858
58,859
58,860
58,861
58,862
58,863
58,864
58,865
58,866
58,867
454,4
