369,4
369,5
369,6
369,7
369,8
369,9
369,10
369,11
369,12
369,13
369,14
369,15
369,16
369,17
369,18
369,19
369,20
369,21
369,22
369,23
369,24
369,25
369,26
369,27
369,28
369,29
369,30
369,31
369,32
369,33
369,34
369,35
369,36
369,37
369,38
369,39
369,40
369,41
369,42
369,43
369,44
369,45
369,46
369,47
369,48
369,49
369,50
369,51
369,52
369,53
369,54
369,55
369,56
369,57
369,58
369,59
369,60
369,61
369,62
369,63
369,64
369,65
369,66
369,67
369,68
369,69
369,70
369,71
369,72
369,73
369,74
369,75
369,76
369,77
369,78
369,79
369,80
369,81
369,82
369,83
369,84
369,85
369,86
369,87
369,88
369,89
369,90
369,91
369,92
369,93
369,94
369,95
369,96
369,97
369,98
369,99
369,100
369,101
369,102
369,103
369,104
369,105
369,106
369,107
369,108
369,109
369,110
369,111
369,112
369,113
369,114
369,115
369,116
369,117
369,118
369,119
369,120
369,121
369,122
369,123
369,124
369,125
369,126
369,127
369,128
369,129
369,130
369,131
369,132
369,133
369,134
369,135
369,136
369,137
369,138
369,139
369,140
369,141
369,142
369,143
369,144
369,145
369,146
369,147
369,148
369,149
369,150
369,151
369,152
369,153
369,154
369,155
369,156
369,157
369,158
369,159
369,160
369,161
369,162
369,163
369,164
369,165
369,166
369,167
369,168
369,169
369,170
369,171
369,172
369,173
369,174
369,175
369,176
369,177
369,178
369,179
369,180
369,181
369,182
369,183
369,184
369,185
369,186
369,187
369,188
369,189
369,190
369,191
369,192
369,193
369,194
369,195
369,196
369,197
369,198
369,199
369,200
369,201
369,202
369,203
369,204
369,205
369,206
369,207
369,208
369,209
369,210
369,211
369,212
369,213
369,214
369,215
369,216
369,217
369,218
369,219
369,220
369,221
369,222
369,223
369,224
369,225
369,226
369,227
369,228
369,229
369,230
369,231
369,232
369,233
369,234
369,235
369,236
369,237
369,238
369,239
369,240
369,241
369,242
369,243
369,244
369,245
369,246
369,247
369,248
369,249
369,250
369,251
369,252
369,253
369,254
:338_3,255
:338_3,256
:338_3,257
:338_3,258
:338_3,259
:338_3,260
:338_3,261
-454,262
-454,263
-454,264
-454,265
-454,266
-454,267
-454,268
-454,269
-454,270
-454,271
-454,272
-454,273
-454,274
-454,275
-454,276
-454,277
-454,278
-454,279
-454,280
-454,281
-454,282
-454,283
-454,284
-454,285
-454,286
-454,287
-454,288
-454,289
-454,290
-454,291
-454,292
-454,293
-454,294
-454,295
-454,296
-454,297
-454,298
-454,299
-454,300
-454,301
-454,302
-454,303
-454,304
-454,305
-454,306
-454,307
-454,308
-454,309
-454,310
-454,311
-454,312
-454,313
-454,314
-454,315
-454,316
-454,317
-454,318
-454,319
-454,320
-454,321
-454,322
-454,323
-454,324
-454,325
-454,326
-454,327
-454,328
-454,329
-454,330
-454,331
-454,332
-454,333
-454,334
-454,335
-454,336
-454,337
-454,338
-454,339
-454,340
-454,341
-454,342
-454,343
-454,344
-454,345
-454,346
-454,347
-454,348
-454,349
-454,350
-454,351
-454,352
-454,353
-454,354
-454,355
-454,356
-454,357
-454,358
-454,359
-454,360
-454,361
-454,362
-454,363
-454,364
-454,365
-454,366
-454,367
-454,368
-454,369
-454,370
:279_3,371
:279_3,372
:279_3,373
:279_3,374
:279_3,375
:279_3,376
-289,377
-289,378
-289,379
-289,380
-289,381
-289,382
-289,383
-289,384
-289,385
-289,386
-289,387
-289,388
-289,389
-289,390
-289,391
-289,392
-289,393
-289,394
-289,395
-289,396
-289,397
-289,398
-289,399
-289,400
-289,401
-289,402
-289,403
-289,404
-289,405
-289,406
-289,407
-289,408
-289,409
-289,410
-289,411
-289,412
-289,413
-289,414
-289,415
-289,416
-289,417
-289,418
-289,419
-289,420
-289,421
-289,422
-289,423
-289,424
-289,425
-289,426
-289,427
-289,428
-289,429
-289,430
-289,431
-289,432
-289,433
-289,434
-289,435
-289,436
-289,437
-289,438
-289,439
-289,440
-289,441
-289,442
-289,443
-289,444
-289,445
-289,446
-289,447
-289,448
-289,449
-289,450
-289,451
-289,452
-289,453
-289,454
-289,455
-289,456
-289,457
-289,458
-289,459
-289,460
-289,461
-289,462
-289,463
-289,464
-289,465
-289,466
-289,467
-289,468
-289,469
-289,470
-289,471
-289,472
-289,473
-289,474
-289,475
:248_9,476
:248_9,477
:248_9,478
:248_9,479
:248_9,480
:248_9,481
:248_9,482
284,483
284,484
284,485
284,486
284,487
284,488
284,489
284,490
284,491
284,492
284,493
284,494
284,495
284,496
284,497
284,498
284,499
284,500
284,501
284,502
284,503
284,504
284,505
284,506
284,507
284,508
284,509
284,510
284,511
284,512
284,513
284,514
284,515
284,516
284,517
284,518
284,519
284,520
284,521
284,522
284,523
284,524
284,525
284,526
284,527
284,528
284,529
284,530
284,531
284,532
284,533
284,534
284,535
284,536
284,537
284,538
284,539
284,540
284,541
284,542
284,543
284,544
284,545
284,546
284,547
284,548
284,549
284,550
284,551
284,552
284,553
284,554
284,555
284,556
284,557
284,558
284,559
284,560
284,561
284,562
:274_1,563
285,564
285,565
285,566
285,567
285,568
285,569
285,570
285,571
285,572
285,573
285,574
285,575
285,576
285,577
285,578
285,579
285,580
285,581
285,582
285,583
285,584
285,585
285,586
285,587
285,588
285,589
285,590
285,591
285,592
285,593
285,594
285,595
285,596
285,597
285,598
285,599
285,600
285,601
285,602
285,603
285,604
285,605
285,606
285,607
285,608
285,609
285,610
285,611
285,612
285,613
285,614
285,615
285,616
285,617
285,618
285,619
285,620
285,621
285,622
285,623
285,624
285,625
285,626
285,627
285,628
285,629
285,630
285,631
285,632
:275_1,633
286,634
286,635
286,636
286,637
286,638
286,639
286,640
286,641
286,642
286,643
286,644
286,645
286,646
286,647
286,648
286,649
286,650
286,651
286,652
286,653
286,654
286,655
286,656
286,657
286,658
286,659
286,660
286,661
286,662
286,663
286,664
286,665
286,666
286,667
286,668
286,669
286,670
286,671
286,672
286,673
286,674
286,675
286,676
286,677
286,678
286,679
286,680
286,681
286,682
286,683
286,684
286,685
286,686
286,687
286,688
286,689
286,690
286,691
286,692
286,693
286,694
286,695
286,696
286,697
286,698
286,699
286,700
286,701
286,702
286,703
286,704
286,705
286,706
286,707
287,708
287,709
287,710
287,711
287,712
287,713
287,714
287,715
287,716
287,717
287,718
287,719
287,720
287,721
287,722
287,723
287,724
287,725
287,726
287,727
287,728
287,729
287,730
287,731
287,732
287,733
287,734
287,735
287,736
287,737
287,738
287,739
287,740
287,741
287,742
287,743
287,744
287,745
287,746
287,747
287,748
287,749
287,750
287,751
287,752
287,753
287,754
287,755
287,756
287,757
287,758
287,759
287,760
287,761
287,762
287,763
287,764
287,765
287,766
287,767
287,768
287,769
287,770
287,771
287,772
287,773
287,774
287,775
287,776
287,777
287,778
287,779
287,780
287,781
287,782
287,783
287,784
287,785
287,786
287,787
287,788
287,789
287,790
287,791
288,792
288,793
288,794
288,795
288,796
288,797
288,798
288,799
288,800
288,801
288,802
288,803
288,804
288,805
288,806
288,807
288,808
288,809
288,810
288,811
288,812
288,813
288,814
288,815
288,816
288,817
288,818
288,819
288,820
288,821
288,822
288,823
288,824
288,825
288,826
288,827
288,828
288,829
288,830
288,831
288,832
288,833
288,834
288,835
288,836
288,837
288,838
288,839
288,840
288,841
:278_0,842
:278_0,843
:278_0,844
:278_0,845
:278_0,846
:278_0,847
:278_0,848
-453,849
-453,850
-453,851
-453,852
-453,853
-453,854
-453,855
-453,856
-453,857
-453,858
-453,859
-453,860
-453,861
-453,862
-453,863
-453,864
-453,865
-453,866
-453,867
-453,868
-453,869
-453,870
-453,871
-453,872
-453,873
-453,874
-453,875
-453,876
-453,877
-453,878
-453,879
-453,880
-453,881
-453,882
-453,883
-453,884
-453,885
-453,886
-453,887
-453,888
-453,889
-453,890
-453,891
-453,892
-453,893
-453,894
-453,895
-453,896
-453,897
-453,898
-453,899
-453,900
-453,901
-453,902
-453,903
-453,904
-453,905
-453,906
-453,907
-453,908
-453,909
-453,910
:25_3,911
:25_3,912
:25_3,913
:25_3,914
:25_3,915
:25_3,916
-21,917
-21,918
-21,919
-21,920
-21,921
-21,922
-21,923
-21,924
-21,925
-21,926
-21,927
-21,928
-21,929
-21,930
-21,931
-21,932
-21,933
-21,934
-21,935
-21,936
-21,937
-21,938
-21,939
-21,940
-21,941
-21,942
-21,943
-21,944
-21,945
-21,946
-21,947
-21,948
-21,949
-21,950
-21,951
-21,952
-21,953
-21,954
-21,955
-21,956
-21,957
-21,958
-21,959
-21,960
-21,961
-21,962
-21,963
-21,964
-21,965
369,4
