288,1
288,1
288,1
288,2
288,3
288,4
288,5
288,6
288,7
288,8
288,9
288,10
288,11
288,12
288,13
288,14
288,15
288,16
288,17
288,18
288,19
288,20
288,21
288,22
288,23
288,24
288,25
288,26
288,27
288,28
288,29
288,30
288,31
288,32
288,33
288,34
288,35
288,36
288,37
288,38
288,39
288,40
288,41
:278_0,42
:278_0,43
:278_0,44
:278_0,45
:278_0,46
-453,47
-453,48
-453,49
-453,50
-453,51
-453,52
-453,53
-453,54
-453,55
-453,56
-453,57
-453,58
-453,59
-453,60
-453,61
-453,62
-453,63
-453,64
-453,65
-453,66
-453,67
-453,68
-453,69
-453,70
-453,71
-453,72
-453,73
-453,74
-453,75
-453,76
-453,77
-453,78
-453,79
-453,80
-453,81
-453,82
-453,83
-453,84
-453,85
-453,86
-453,87
-453,88
-453,89
-453,90
-453,91
-453,92
-453,93
-453,94
-453,95
-453,96
-453,97
-453,98
-453,99
-453,100
:25_3,101
:25_3,102
:25_3,103
:25_3,104
:25_3,105
-21,106
-21,107
-21,108
-21,109
-21,110
-21,111
-21,112
-21,113
-21,114
-21,115
-21,116
-21,117
-21,118
-21,119
-21,120
-21,121
-21,122
-21,123
-21,124
-21,125
-21,126
-21,127
-21,128
-21,129
-21,130
-21,131
-21,132
-21,133
-21,134
-21,135
-21,136
-21,137
-21,138
-21,139
-21,140
-21,141
-21,142
-21,143
-21,144
-21,145
-21,146
-21,147
-21,148
-21,149
-21,150
-21,151
-21,152
-21,153
-21,154
-21,155
-21,156
-21,157
-21,158
-21,159
-21,160
-21,161
-21,162
-21,163
-21,164
-21,165
-21,166
-21,167
-21,168
-21,169
-21,170
-21,171
-21,172
-21,173
-21,174
-21,175
-21,176
-21,177
-21,178
-21,179
-21,180
-21,181
-21,182
-21,183
-21,184
-21,185
-21,186
-21,187
-21,188
-21,189
-21,190
-21,191
:22_4,192
:22_4,193
:22_4,194
:22_4,195
:22_4,196
19,197
19,198
19,199
19,200
19,201
19,202
19,203
19,204
19,205
19,206
19,207
19,208
19,209
19,210
19,211
19,212
19,213
19,214
19,215
19,216
19,217
19,218
19,219
19,220
19,221
19,222
19,223
19,224
19,225
19,226
19,227
19,228
19,229
19,230
19,231
19,232
19,233
19,234
19,235
19,236
19,237
19,238
19,239
19,240
19,241
19,242
19,243
19,244
19,245
19,246
19,247
19,248
19,249
19,250
19,251
19,252
19,253
19,254
19,255
19,256
19,257
19,258
19,259
19,260
19,261
19,262
19,263
19,264
19,265
19,266
19,267
19,268
19,269
19,270
19,271
19,272
19,273
19,274
19,275
19,276
19,277
19,278
19,279
19,280
19,281
19,282
19,283
19,284
19,285
19,286
19,287
19,288
19,289
19,290
19,291
19,292
19,293
19,294
19,295
19,296
:23_6,297
:23_6,298
:23_6,299
:23_6,300
:23_6,301
:23_6,302
:23_6,303
20,304
20,305
20,306
20,307
20,308
20,309
20,310
20,311
20,312
20,313
20,314
20,315
20,316
20,317
20,318
20,319
20,320
20,321
20,322
20,323
20,324
20,325
20,326
20,327
20,328
20,329
20,330
20,331
20,332
20,333
20,334
20,335
20,336
20,337
20,338
20,339
20,340
20,341
20,342
20,343
20,344
20,345
20,346
20,347
20,348
20,349
20,350
20,351
20,352
20,353
20,354
20,355
20,356
20,357
20,358
20,359
20,360
20,361
20,362
20,363
20,364
20,365
20,366
20,367
20,368
20,369
20,370
20,371
20,372
20,373
20,374
20,375
20,376
20,377
20,378
20,379
20,380
20,381
20,382
20,383
20,384
20,385
20,386
20,387
20,388
20,389
20,390
20,391
20,392
20,393
20,394
20,395
20,396
20,397
20,398
20,399
:24_14,400
:24_14,401
:24_14,402
:24_18,403
:24_18,404
:24_18,405
24,406
24,407
24,408
24,409
24,410
24,411
24,412
24,413
24,414
24,415
24,416
24,417
24,418
24,419
24,420
24,421
24,422
24,423
24,424
24,425
24,426
24,427
24,428
24,429
24,430
24,431
24,432
24,433
24,434
24,435
24,436
24,437
24,438
24,439
24,440
24,441
24,442
24,443
24,444
24,445
24,446
24,447
24,448
24,449
24,450
24,451
24,452
24,453
24,454
24,455
24,456
24,457
24,458
24,459
24,460
24,461
24,462
24,463
24,464
24,465
24,466
24,467
24,468
24,469
24,470
24,471
24,472
24,473
24,474
24,475
24,476
24,477
24,478
24,479
24,480
24,481
24,482
24,483
24,484
24,485
24,486
24,487
24,488
24,489
24,490
24,491
24,492
24,493
24,494
:28_0,495
:28_0,496
:28_0,497
:28_0,498
:28_0,499
:28_0,500
-406,501
-406,502
-406,503
-406,504
-406,505
-406,506
-406,507
-406,508
-406,509
-406,510
-406,511
-406,512
-406,513
-406,514
-406,515
-406,516
-406,517
-406,518
-406,519
-406,520
-406,521
-406,522
-406,523
-406,524
-406,525
-406,526
-406,527
-406,528
-406,529
-406,530
-406,531
-406,532
-406,533
-406,534
-406,535
-406,536
-406,537
-406,538
-406,539
-406,540
-406,541
-406,542
-406,543
-406,544
-406,545
-406,546
-406,547
-406,548
-406,549
-406,550
-406,551
-406,552
-406,553
-406,554
-406,555
-406,556
-406,557
-406,558
-406,559
-406,560
-406,561
-406,562
-406,563
-406,564
-406,565
-406,566
-406,567
-406,568
-406,569
-406,570
-406,571
-406,572
-406,573
-406,574
-406,575
-406,576
-406,577
-406,578
-406,579
-406,580
-406,581
-406,582
-406,583
-406,584
-406,585
-406,586
-406,587
-406,588
-406,589
-406,590
-406,591
-406,592
-406,593
-406,594
-406,595
-406,596
-406,597
-406,598
-406,599
-406,600
-406,601
-406,602
-406,603
-406,604
-406,605
-406,606
-406,607
-406,608
-406,609
-406,610
-406,611
-406,612
-406,613
-406,614
-406,615
-406,616
-406,617
-406,618
-406,619
-406,620
-406,621
-406,622
-406,623
-406,624
-406,625
-406,626
-406,627
-406,628
-406,629
-406,630
-406,631
-406,632
-406,633
-406,634
-406,635
-406,636
-406,637
-406,638
-406,639
-406,640
-406,641
-406,642
-406,643
-406,644
-406,645
-406,646
-406,647
-406,648
-406,649
-406,650
-406,651
-406,652
-406,653
-406,654
-406,655
-406,656
-406,657
-406,658
-406,659
-406,660
-406,661
-406,662
-406,663
-406,664
-406,665
-406,666
-406,667
-406,668
-406,669
-406,670
-406,671
-406,672
-406,673
-406,674
-406,675
-406,676
-406,677
-406,678
-406,679
-406,680
-406,681
-406,682
-406,683
:143_5,684
:143_5,685
:143_5,686
:143_5,687
:143_5,688
-401,689
-401,690
-401,691
-401,692
-401,693
-401,694
-401,695
-401,696
-401,697
-401,698
-401,699
-401,700
-401,701
-401,702
-401,703
-401,704
-401,705
-401,706
-401,707
-401,708
-401,709
-401,710
-401,711
-401,712
-401,713
-401,714
-401,715
-401,716
-401,717
-401,718
-401,719
-401,720
-401,721
-401,722
-401,723
-401,724
-401,725
-401,726
-401,727
-401,728
-401,729
-401,730
-401,731
-401,732
-401,733
-401,734
-401,735
-401,736
-401,737
-401,738
-401,739
-401,740
-401,741
-401,742
-401,743
-401,744
-401,745
-401,746
-401,747
-401,748
-401,749
-401,750
-401,751
-401,752
-401,753
-401,754
-401,755
-401,756
-401,757
-401,758
-401,759
-401,760
-401,761
-401,762
-401,763
-401,764
-401,765
-401,766
-401,767
-401,768
-401,769
-401,770
-401,771
-401,772
-401,773
-401,774
-401,775
-401,776
-401,777
-401,778
-401,779
-401,780
-401,781
-401,782
-401,783
-401,784
-401,785
-401,786
-401,787
-401,788
-401,789
-401,790
-401,791
-401,792
-401,793
-401,794
-401,795
-401,796
-401,797
-401,798
-401,799
-401,800
-401,801
-401,802
-401,803
-401,804
-401,805
-401,806
-401,807
-401,808
-401,809
-401,810
-401,811
-401,812
-401,813
-401,814
-401,815
-401,816
-401,817
-401,818
-401,819
-401,820
-401,821
-401,822
-401,823
-401,824
-401,825
-401,826
-401,827
-401,828
-401,829
-401,830
-401,831
-401,832
-401,833
-401,834
-401,835
-401,836
-401,837
-401,838
-401,839
-401,840
-401,841
-401,842
-401,843
-401,844
-401,845
-401,846
-401,847
-401,848
-401,849
-401,850
-401,851
-401,852
-401,853
-401,854
-401,855
-401,856
-401,857
-401,858
-401,859
-401,860
-401,861
-401,862
-401,863
-401,864
-401,865
-401,866
-401,867
:215_8,868
:215_8,869
:215_8,870
:215_8,871
245,872
245,873
245,874
245,875
245,876
245,877
245,878
245,879
245,880
245,881
245,882
245,883
245,884
245,885
245,886
245,887
245,888
245,889
245,890
245,891
245,892
245,893
245,894
245,895
245,896
245,897
245,898
245,899
245,900
245,901
245,902
245,903
245,904
245,905
245,906
245,907
245,908
245,909
245,910
245,911
245,912
245,913
245,914
245,915
245,916
245,917
245,918
245,919
245,920
245,921
245,922
245,923
245,924
245,925
:246_3,926
:246_3,927
:246_3,928
:246_3,929
:246_3,930
:246_3,931
325,932
325,933
325,934
325,935
325,936
325,937
325,938
325,939
325,940
325,941
325,942
325,943
325,944
325,945
325,946
325,947
325,948
325,949
325,950
325,951
325,952
325,953
325,954
325,955
325,956
325,957
325,958
325,959
325,960
325,961
325,962
325,963
325,964
325,965
325,966
288,1
288,2
288,3
288,1
