-36,1
-36,1
-36,1
-36,2
-36,3
-36,4
-36,5
-36,6
-36,7
-36,8
-36,9
-36,10
-36,11
-36,12
-36,13
-36,14
-36,15
-36,16
-36,17
-36,18
-36,19
-36,20
-36,21
-36,22
-36,23
-36,24
-36,25
-36,26
-36,27
-36,28
-36,29
-36,30
-36,31
-36,32
-36,33
-36,34
-36,35
-36,36
-36,37
-36,38
-36,39
-36,40
-36,41
-36,42
-36,43
-36,44
-36,45
-36,46
-36,47
-36,48
-36,49
-36,50
-36,51
-36,52
-36,53
-36,54
-36,55
-36,56
-36,57
-36,58
-36,59
-36,60
-36,61
-36,62
-36,63
-36,64
-36,65
-36,66
-36,67
-36,68
-36,69
-36,70
-36,71
-36,72
-36,73
-36,74
-36,75
-36,76
-36,77
-36,78
-36,79
-36,80
-36,81
-36,82
-36,83
-36,84
-36,85
-36,86
-36,87
-36,88
-36,89
-36,90
-36,91
-36,92
-36,93
-36,94
-36,95
-36,96
-36,97
-36,98
-36,99
-36,100
-36,101
-36,102
-36,103
-36,104
-36,105
-36,106
-36,107
-36,108
-36,109
-36,110
-36,111
-36,112
-36,113
-36,114
-36,115
-36,116
-36,117
-36,118
-36,119
-36,120
-36,121
-36,122
-36,123
-36,124
-36,125
-36,126
-36,127
-36,128
-36,129
-36,130
-36,131
-36,132
-36,133
-36,134
-36,135
-36,136
-36,137
-36,138
-36,139
-36,140
-36,141
-36,142
-36,143
-36,144
-36,145
-36,146
-36,147
-36,148
-36,149
-36,150
-36,151
:43_1,152
:43_1,153
:43_1,154
:43_1,155
:43_1,156
37,157
37,158
37,159
37,160
37,161
37,162
37,163
37,164
37,165
37,166
37,167
37,168
37,169
37,170
37,171
37,172
37,173
37,174
37,175
37,176
37,177
37,178
37,179
37,180
37,181
37,182
37,183
37,184
37,185
37,186
37,187
37,188
37,189
37,190
37,191
37,192
37,193
37,194
37,195
37,196
37,197
37,198
37,199
37,200
37,201
37,202
37,203
37,204
37,205
37,206
37,207
37,208
37,209
37,210
37,211
37,212
37,213
37,214
37,215
37,216
37,217
37,218
37,219
37,220
37,221
37,222
37,223
37,224
37,225
37,226
37,227
37,228
37,229
37,230
37,231
37,232
37,233
37,234
37,235
37,236
37,237
37,238
37,239
37,240
37,241
37,242
37,243
37,244
37,245
37,246
37,247
37,248
37,249
37,250
37,251
37,252
37,253
37,254
37,255
37,256
37,257
37,258
37,259
37,260
37,261
37,262
37,263
37,264
37,265
37,266
37,267
37,268
37,269
37,270
37,271
37,272
37,273
37,274
37,275
37,276
37,277
37,278
37,279
37,280
37,281
37,282
37,283
37,284
37,285
37,286
37,287
37,288
37,289
37,290
37,291
:45_21,292
:45_21,293
:45_21,294
:45_21,295
:45_21,296
:45_21,297
:45_21,298
:45_21,299
:45_21,300
:45_21,301
:45_21,302
:45_21,303
:45_21,304
208,305
208,306
208,307
208,308
208,309
208,310
208,311
208,312
208,313
208,314
208,315
208,316
208,317
208,318
208,319
208,320
208,321
208,322
208,323
208,324
208,325
208,326
208,327
208,328
208,329
208,330
208,331
208,332
208,333
208,334
208,335
208,336
208,337
208,338
208,339
208,340
208,341
208,342
208,343
208,344
208,345
208,346
208,347
208,348
208,349
208,350
208,351
208,352
208,353
208,354
208,355
208,356
208,357
208,358
208,359
208,360
208,361
208,362
208,363
208,364
208,365
208,366
208,367
208,368
208,369
208,370
208,371
208,372
208,373
208,374
208,375
208,376
208,377
208,378
208,379
208,380
208,381
208,382
208,383
208,384
208,385
208,386
208,387
208,388
208,389
208,390
208,391
208,392
208,393
208,394
208,395
208,396
208,397
208,398
208,399
208,400
208,401
208,402
208,403
208,404
208,405
208,406
208,407
208,408
208,409
208,410
208,411
208,412
208,413
208,414
208,415
208,416
208,417
208,418
208,419
208,420
208,421
208,422
208,423
208,424
208,425
208,426
208,427
208,428
208,429
208,430
208,431
208,432
208,433
208,434
208,435
208,436
208,437
208,438
208,439
208,440
208,441
208,442
208,443
208,444
208,445
208,446
208,447
208,448
208,449
208,450
208,451
208,452
208,453
208,454
208,455
208,456
208,457
208,458
208,459
208,460
208,461
208,462
208,463
208,464
208,465
208,466
208,467
208,468
208,469
208,470
208,471
208,472
208,473
208,474
208,475
208,476
208,477
208,478
208,479
:215_0,480
:215_0,481
:215_0,482
:215_0,483
-244,484
-244,485
-244,486
-244,487
-244,488
-244,489
-244,490
-244,491
-244,492
-244,493
-244,494
-244,495
-244,496
-244,497
-244,498
-244,499
-244,500
-244,501
-244,502
-244,503
-244,504
-244,505
-244,506
-244,507
-244,508
-244,509
-244,510
-244,511
-244,512
-244,513
-244,514
-244,515
-244,516
-244,517
-244,518
-244,519
-244,520
-244,521
-244,522
-244,523
-244,524
-244,525
-244,526
-244,527
-244,528
-244,529
-244,530
-244,531
-244,532
-244,533
-244,534
-244,535
-244,536
-244,537
-244,538
-244,539
-244,540
-244,541
-244,542
-244,543
-244,544
-244,545
-244,546
-244,547
-244,548
-244,549
-244,550
-244,551
-244,552
-244,553
-244,554
-244,555
-244,556
-244,557
-244,558
-244,559
-244,560
-244,561
-244,562
-244,563
-244,564
-244,565
-244,566
-244,567
-244,568
-244,569
-244,570
-244,571
-244,572
-244,573
-244,574
-244,575
-244,576
-244,577
-244,578
-244,579
-244,580
-244,581
-244,582
-244,583
-244,584
-244,585
-244,586
-244,587
-244,588
-244,589
-244,590
-244,591
-244,592
-244,593
-244,594
-244,595
-244,596
-244,597
-244,598
-244,599
-244,600
-244,601
-244,602
-244,603
-244,604
-244,605
-244,606
-244,607
-244,608
-244,609
-244,610
-244,611
-244,612
-244,613
-244,614
-244,615
-244,616
-244,617
-244,618
-244,619
-244,620
-244,621
-244,622
-244,623
-244,624
-244,625
-244,626
-244,627
-244,628
-244,629
-244,630
-244,631
-244,632
-244,633
-244,634
-244,635
-244,636
-244,637
-244,638
-244,639
-244,640
-244,641
-244,642
-244,643
-244,644
-244,645
-244,646
-244,647
-244,648
-244,649
-244,650
-244,651
-244,652
-244,653
-244,654
-244,655
-244,656
-244,657
-244,658
-244,659
-244,660
-244,661
-244,662
-244,663
-244,664
-244,665
:179_5,666
:179_5,667
:179_5,668
:179_5,669
:179_5,670
:179_5,671
-243,672
-243,673
-243,674
-243,675
-243,676
-243,677
-243,678
-243,679
-243,680
-243,681
-243,682
-243,683
-243,684
-243,685
-243,686
-243,687
-243,688
-243,689
-243,690
-243,691
-243,692
-243,693
-243,694
-243,695
-243,696
-243,697
-243,698
-243,699
-243,700
-243,701
-243,702
-243,703
-243,704
-243,705
-243,706
-243,707
-243,708
-243,709
-243,710
-243,711
-243,712
-243,713
-243,714
-243,715
-243,716
-243,717
-243,718
-243,719
-243,720
-243,721
-243,722
-243,723
-243,724
-243,725
-243,726
-243,727
-243,728
-243,729
-243,730
-243,731
-243,732
-243,733
-243,734
-243,735
-243,736
-243,737
-243,738
-243,739
-243,740
-243,741
-243,742
-243,743
-243,744
-243,745
-243,746
-243,747
-243,748
-243,749
:245_1,750
:245_1,751
:245_1,752
:245_1,753
:245_1,754
:245_1,755
-242,756
-242,757
-242,758
-242,759
-242,760
-242,761
-242,762
-242,763
-242,764
-242,765
-242,766
-242,767
-242,768
-242,769
-242,770
-242,771
-242,772
-242,773
-242,774
-242,775
-242,776
-242,777
-242,778
-242,779
-242,780
-242,781
-242,782
-242,783
-242,784
-242,785
-242,786
-242,787
-242,788
-242,789
-242,790
-242,791
-242,792
-242,793
-242,794
-242,795
-242,796
-242,797
-242,798
-242,799
-242,800
-242,801
-242,802
-242,803
-242,804
-242,805
-242,806
-242,807
-242,808
-242,809
-242,810
-242,811
-242,812
-242,813
-242,814
-242,815
-242,816
-242,817
-242,818
-242,819
-242,820
-242,821
-242,822
-242,823
-242,824
-242,825
-242,826
-242,827
-242,828
-242,829
-242,830
-242,831
-242,832
-242,833
-242,834
-242,835
-242,836
-242,837
-242,838
-242,839
-242,840
-242,841
-242,842
-242,843
-242,844
-242,845
-242,846
-242,847
-242,848
-242,849
-242,850
-242,851
-242,852
-242,853
-242,854
-242,855
-242,856
-242,857
-242,858
-242,859
-242,860
-242,861
-242,862
-242,863
-242,864
-242,865
:244_5,866
:244_5,867
:244_5,868
:244_5,869
:244_5,870
437,871
437,872
437,873
437,874
437,875
437,876
437,877
437,878
437,879
437,880
437,881
437,882
437,883
437,884
437,885
437,886
437,887
437,888
437,889
437,890
437,891
437,892
437,893
437,894
437,895
437,896
437,897
437,898
437,899
437,900
437,901
437,902
437,903
437,904
437,905
437,906
437,907
437,908
437,909
437,910
437,911
437,912
437,913
437,914
437,915
437,916
437,917
437,918
437,919
437,920
437,921
437,922
437,923
437,924
437,925
437,926
437,927
437,928
437,929
437,930
437,931
437,932
437,933
437,934
437,935
437,936
437,937
437,938
437,939
437,940
437,941
437,942
437,943
437,944
437,945
437,946
437,947
437,948
437,949
437,950
437,951
437,952
437,953
437,954
437,955
437,956
437,957
437,958
437,959
437,960
437,961
437,962
437,963
437,964
437,965
437,966
-36,1
-36,2
-36,3
-36,1
