-14,3
-14,4
-14,5
-14,6
-14,7
-14,8
-14,9
-14,10
-14,11
-14,12
-14,13
-14,14
-14,15
-14,16
-14,17
-14,18
-14,19
-14,20
-14,21
-14,22
-14,23
-14,24
-14,25
-14,26
-14,27
-14,28
-14,29
-14,30
-14,31
-14,32
-14,33
-14,34
-14,35
-14,36
-14,37
-14,38
-14,39
-14,40
-14,41
-14,42
-14,43
-14,44
-14,45
-14,46
-14,47
-14,48
-14,49
-14,50
-14,51
-14,52
-14,53
-14,54
-14,55
-14,56
-14,57
-14,58
-14,59
-14,60
-14,61
-14,62
-14,63
-14,64
-14,65
-14,66
-14,67
-14,68
-14,69
-14,70
-14,71
-14,72
-14,73
-14,74
-14,75
-14,76
-14,77
-14,78
-14,79
-14,80
-14,81
-14,82
-14,83
-14,84
-14,85
-14,86
-14,87
-14,88
-14,89
-14,90
-14,91
-14,92
-14,93
-14,94
-14,95
-14,96
-14,97
-14,98
-14,99
-14,100
-14,101
-14,102
-14,103
-14,104
-14,105
-14,106
-14,107
-14,108
-14,109
-14,110
-14,111
-14,112
-14,113
-14,114
-14,115
-14,116
-14,117
:14_1,118
:14_1,119
13,120
13,121
13,122
13,123
13,124
13,125
13,126
13,127
13,128
13,129
13,130
13,131
13,132
13,133
13,134
13,135
13,136
13,137
13,138
13,139
13,140
13,141
13,142
13,143
13,144
13,145
13,146
13,147
13,148
13,149
13,150
13,151
13,152
13,153
13,154
13,155
13,156
13,157
13,158
13,159
13,160
13,161
13,162
13,163
13,164
13,165
13,166
13,167
13,168
13,169
13,170
13,171
13,172
13,173
13,174
13,175
13,176
13,177
13,178
13,179
13,180
13,181
13,182
13,183
13,184
13,185
13,186
13,187
13,188
13,189
13,190
13,191
13,192
13,193
13,194
13,195
13,196
13,197
13,198
13,199
13,200
13,201
13,202
13,203
13,204
13,205
13,206
13,207
13,208
13,209
13,210
13,211
13,212
13,213
13,214
13,215
13,216
13,217
13,218
13,219
13,220
13,221
13,222
:15_3,223
:15_3,224
:15_3,225
:15_3,226
:15_3,227
-375,228
-375,229
-375,230
-375,231
-375,232
-375,233
-375,234
-375,235
-375,236
-375,237
-375,238
-375,239
-375,240
-375,241
-375,242
-375,243
-375,244
-375,245
-375,246
-375,247
-375,248
-375,249
-375,250
-375,251
-375,252
-375,253
-375,254
-375,255
-375,256
-375,257
-375,258
-375,259
-375,260
-375,261
-375,262
-375,263
-375,264
-375,265
-375,266
-375,267
-375,268
-375,269
-375,270
-375,271
-375,272
-375,273
-375,274
-375,275
-375,276
-375,277
-375,278
-375,279
-375,280
-375,281
-375,282
-375,283
-375,284
-375,285
-375,286
-375,287
-375,288
-375,289
-375,290
-375,291
-375,292
-375,293
-375,294
-375,295
-375,296
-375,297
-375,298
-375,299
-375,300
-375,301
-375,302
-375,303
-375,304
-375,305
-375,306
-375,307
-375,308
-375,309
-375,310
-375,311
-375,312
-375,313
-375,314
-375,315
-375,316
-375,317
-375,318
-375,319
-375,320
-375,321
-375,322
-375,323
-375,324
-375,325
-375,326
-375,327
-375,328
-375,329
-375,330
-375,331
-375,332
-375,333
-375,334
-375,335
-375,336
-375,337
:340_1,338
-374,339
-374,340
-374,341
-374,342
-374,343
-374,344
-374,345
-374,346
-374,347
-374,348
-374,349
-374,350
-374,351
-374,352
-374,353
-374,354
-374,355
-374,356
-374,357
-374,358
-374,359
-374,360
-374,361
-374,362
-374,363
-374,364
-374,365
-374,366
-374,367
-374,368
-374,369
-374,370
-374,371
-374,372
-374,373
-374,374
-374,375
-374,376
-374,377
-374,378
-374,379
-374,380
-374,381
-374,382
-374,383
-374,384
-374,385
-374,386
-374,387
-374,388
-374,389
-374,390
-374,391
-374,392
-374,393
-374,394
-374,395
-374,396
-374,397
-374,398
-374,399
-374,400
-374,401
-374,402
-374,403
-374,404
-374,405
-374,406
-374,407
-374,408
-374,409
-374,410
-374,411
-374,412
-374,413
-374,414
-374,415
-374,416
:230_9,417
:230_9,418
:230_9,419
:230_9,420
:230_9,421
:230_9,422
-224,423
-224,424
-224,425
-224,426
-224,427
-224,428
-224,429
-224,430
-224,431
-224,432
-224,433
-224,434
-224,435
-224,436
-224,437
-224,438
-224,439
-224,440
-224,441
-224,442
-224,443
-224,444
-224,445
-224,446
-224,447
-224,448
-224,449
-224,450
-224,451
-224,452
-224,453
-224,454
-224,455
-224,456
-224,457
-224,458
-224,459
-224,460
-224,461
-224,462
-224,463
-224,464
-224,465
-224,466
-224,467
-224,468
-224,469
-224,470
-224,471
-224,472
-224,473
-224,474
-224,475
-224,476
-224,477
-224,478
-224,479
-224,480
-224,481
-224,482
-224,483
-224,484
-224,485
-224,486
-224,487
-224,488
-224,489
-224,490
-224,491
-224,492
-224,493
-224,494
-224,495
-224,496
-224,497
-224,498
-224,499
-224,500
-224,501
-224,502
-224,503
-224,504
-224,505
-224,506
-224,507
-224,508
-224,509
-224,510
-224,511
-224,512
:229_6,513
:229_6,514
:229_6,515
:229_6,516
:229_6,517
-223,518
-223,519
-223,520
-223,521
-223,522
-223,523
-223,524
-223,525
-223,526
-223,527
-223,528
-223,529
-223,530
-223,531
-223,532
-223,533
-223,534
-223,535
-223,536
-223,537
-223,538
-223,539
-223,540
-223,541
-223,542
-223,543
-223,544
-223,545
-223,546
-223,547
-223,548
-223,549
-223,550
-223,551
-223,552
-223,553
-223,554
-223,555
-223,556
-223,557
-223,558
-223,559
-223,560
-223,561
-223,562
-223,563
-223,564
-223,565
-223,566
-223,567
-223,568
-223,569
-223,570
-223,571
-223,572
-223,573
-223,574
-223,575
-223,576
-223,577
-223,578
-223,579
-223,580
-223,581
-223,582
-223,583
-223,584
-223,585
-223,586
-223,587
-223,588
-223,589
-223,590
-223,591
-223,592
-223,593
-223,594
-223,595
-223,596
-223,597
-223,598
-223,599
-223,600
-223,601
-223,602
-223,603
-223,604
-223,605
-223,606
-223,607
-223,608
-223,609
-223,610
-223,611
-223,612
-223,613
-223,614
:228_6,615
:228_6,616
:228_6,617
:228_6,618
:228_6,619
:228_6,620
-222,621
-222,622
-222,623
-222,624
-222,625
-222,626
-222,627
-222,628
-222,629
-222,630
-222,631
-222,632
-222,633
-222,634
-222,635
-222,636
-222,637
-222,638
-222,639
-222,640
-222,641
-222,642
-222,643
-222,644
-222,645
-222,646
-222,647
-222,648
-222,649
-222,650
-222,651
-222,652
-222,653
-222,654
-222,655
-222,656
-222,657
-222,658
-222,659
-222,660
-222,661
-222,662
-222,663
-222,664
-222,665
-222,666
-222,667
-222,668
-222,669
-222,670
-222,671
-222,672
-222,673
-222,674
-222,675
-222,676
-222,677
-222,678
-222,679
-222,680
-222,681
-222,682
-222,683
-222,684
-222,685
-222,686
-222,687
-222,688
-222,689
-222,690
-222,691
-222,692
-222,693
-222,694
-222,695
-222,696
-222,697
-222,698
-222,699
-222,700
-222,701
-222,702
-222,703
-222,704
-222,705
-222,706
-222,707
-222,708
-222,709
-222,710
-222,711
-222,712
-222,713
-222,714
-222,715
-222,716
-222,717
-222,718
-222,719
-222,720
-222,721
-222,722
-222,723
-222,724
-222,725
-222,726
-222,727
-222,728
-222,729
-222,730
-222,731
-222,732
-222,733
-222,734
-222,735
-222,736
-222,737
-222,738
-222,739
-222,740
-222,741
-222,742
-222,743
-222,744
-222,745
-222,746
-222,747
-222,748
-222,749
-222,750
-222,751
-222,752
-222,753
-222,754
-222,755
-222,756
-222,757
-222,758
-222,759
-222,760
-222,761
-222,762
-222,763
-222,764
-222,765
-222,766
-222,767
-222,768
-222,769
-222,770
-222,771
-222,772
-222,773
-222,774
-222,775
-222,776
-222,777
-222,778
-222,779
-222,780
-222,781
-222,782
-222,783
-222,784
-222,785
-222,786
-222,787
-222,788
-222,789
-222,790
-222,791
-222,792
-222,793
-222,794
-222,795
-222,796
-222,797
-222,798
-222,799
-222,800
-222,801
-222,802
:227_3,803
:227_3,804
:227_3,805
:227_3,806
:227_3,807
225,808
225,809
225,810
225,811
225,812
225,813
225,814
225,815
225,816
225,817
225,818
225,819
225,820
225,821
225,822
225,823
225,824
225,825
225,826
225,827
225,828
225,829
225,830
225,831
225,832
225,833
225,834
225,835
225,836
225,837
225,838
225,839
225,840
225,841
225,842
225,843
225,844
225,845
225,846
225,847
225,848
225,849
225,850
225,851
225,852
225,853
225,854
225,855
225,856
225,857
225,858
225,859
225,860
225,861
225,862
225,863
225,864
225,865
225,866
225,867
225,868
225,869
225,870
225,871
225,872
225,873
225,874
225,875
225,876
225,877
225,878
225,879
225,880
225,881
225,882
225,883
225,884
225,885
225,886
225,887
225,888
225,889
225,890
225,891
225,892
225,893
225,894
225,895
225,896
225,897
225,898
225,899
225,900
225,901
225,902
225,903
225,904
225,905
225,906
225,907
225,908
225,909
225,910
225,911
225,912
225,913
225,914
225,915
225,916
225,917
225,918
225,919
225,920
225,921
225,922
225,923
225,924
225,925
225,926
225,927
225,928
225,929
225,930
225,931
225,932
225,933
225,934
225,935
225,936
225,937
225,938
225,939
225,940
225,941
225,942
225,943
225,944
225,945
225,946
225,947
225,948
225,949
225,950
225,951
225,952
225,953
225,954
225,955
225,956
225,957
:231_6,958
:231_6,959
:231_6,960
:231_6,961
:231_6,962
:231_6,963
-257,964
-257,965
-14,3
