-689,1
-689,1
-689,1
-689,2
-689,3
-689,4
-689,5
-689,6
-689,7
-689,8
-689,9
-689,10
-689,11
-689,12
-689,13
-689,14
-689,15
-689,16
-689,17
-689,18
-689,19
-689,20
-689,21
-689,22
-689,23
-689,24
-689,25
-689,26
-689,27
-689,28
-689,29
-689,30
-689,31
-689,32
-689,33
-689,34
-689,35
-689,36
-689,37
-689,38
-689,39
-689,40
-689,41
-689,42
-689,43
-689,44
-689,45
-689,46
-270,47
-270,48
-270,49
-270,50
-270,51
-270,52
-270,53
-270,54
-270,55
-270,56
-270,57
-270,58
-270,59
-270,60
-270,61
-270,62
-270,63
-270,64
-270,65
-270,66
-270,67
-270,68
-270,69
-270,70
-270,71
-270,72
-270,73
-270,74
-270,75
-270,76
-270,77
-270,78
-270,79
-270,80
-270,81
-270,82
-270,83
-270,84
-270,85
-270,86
-270,87
-270,88
-270,89
-270,90
-270,91
-270,92
-270,93
-270,94
-270,95
-270,96
-270,97
-270,98
-270,99
-270,100
-270,101
-270,102
-270,103
-270,104
-270,105
-270,106
-270,107
-270,108
-270,109
-270,110
-270,111
-270,112
-270,113
-270,114
-270,115
-270,116
-270,117
-270,118
-270,119
-270,120
-270,121
-270,122
-270,123
-270,124
-270,125
-270,126
-270,127
-270,128
-270,129
-270,130
-270,131
-270,132
-270,133
-270,134
-270,135
-270,136
-270,137
-270,138
-270,139
-270,140
-270,141
-270,142
-270,143
-270,144
-270,145
-270,146
-270,147
-270,148
-270,149
-270,150
-270,151
-270,152
-270,153
:263_0,154
:263_0,155
:263_0,156
269,157
269,158
269,159
269,160
269,161
269,162
269,163
269,164
269,165
269,166
269,167
269,168
269,169
269,170
269,171
269,172
269,173
269,174
269,175
269,176
269,177
269,178
269,179
269,180
269,181
269,182
269,183
269,184
269,185
269,186
269,187
269,188
269,189
269,190
269,191
269,192
269,193
269,194
269,195
269,196
269,197
269,198
269,199
269,200
269,201
269,202
269,203
269,204
269,205
269,206
269,207
269,208
269,209
269,210
269,211
269,212
269,213
269,214
269,215
269,216
269,217
269,218
269,219
269,220
269,221
269,222
269,223
269,224
269,225
269,226
269,227
269,228
269,229
269,230
269,231
269,232
269,233
269,234
269,235
269,236
269,237
269,238
269,239
269,240
269,241
269,242
269,243
269,244
269,245
269,246
269,247
269,248
269,249
269,250
269,251
269,252
269,253
269,254
269,255
269,256
269,257
269,258
269,259
269,260
269,261
269,262
269,263
269,264
269,265
269,266
269,267
269,268
269,269
269,270
269,271
:127_3,272
:127_3,273
:127_3,274
111,275
111,276
111,277
111,278
111,279
111,280
111,281
111,282
111,283
111,284
111,285
111,286
111,287
111,288
111,289
111,290
111,291
111,292
111,293
111,294
111,295
111,296
111,297
111,298
111,299
111,300
111,301
111,302
111,303
111,304
111,305
111,306
111,307
111,308
111,309
111,310
111,311
111,312
111,313
112,314
112,315
112,316
112,317
112,318
112,319
112,320
112,321
112,322
112,323
112,324
112,325
112,326
112,327
112,328
112,329
112,330
112,331
112,332
112,333
112,334
112,335
112,336
112,337
112,338
112,339
112,340
112,341
112,342
112,343
112,344
112,345
112,346
112,347
112,348
112,349
112,350
112,351
112,352
112,353
113,354
113,355
113,356
113,357
113,358
113,359
113,360
113,361
113,362
113,363
113,364
113,365
113,366
113,367
113,368
113,369
113,370
113,371
113,372
113,373
113,374
113,375
113,376
113,377
113,378
113,379
113,380
113,381
113,382
113,383
113,384
113,385
113,386
113,387
113,388
113,389
113,390
113,391
113,392
:130_0,393
114,394
114,395
114,396
114,397
114,398
114,399
114,400
114,401
114,402
114,403
114,404
114,405
114,406
114,407
114,408
114,409
114,410
114,411
114,412
114,413
114,414
114,415
114,416
114,417
114,418
114,419
114,420
114,421
114,422
114,423
114,424
114,425
114,426
114,427
114,428
114,429
114,430
114,431
114,432
114,433
114,434
114,435
114,436
114,437
114,438
114,439
114,440
114,441
114,442
114,443
114,444
114,445
114,446
114,447
114,448
114,449
114,450
114,451
114,452
114,453
114,454
114,455
:24_10,456
:24_10,457
:24_10,458
:24_10,459
:24_10,460
-20,461
-20,462
-20,463
-20,464
-20,465
-20,466
-20,467
-20,468
-20,469
-20,470
-20,471
-20,472
-20,473
-20,474
-20,475
-20,476
-20,477
-20,478
-20,479
-20,480
-20,481
-20,482
-20,483
-20,484
-20,485
-20,486
-20,487
-20,488
-20,489
-20,490
-20,491
-20,492
-20,493
-20,494
-20,495
-20,496
-20,497
-20,498
-20,499
-20,500
-20,501
-20,502
-20,503
-20,504
-20,505
-20,506
-20,507
-20,508
-20,509
-20,510
-20,511
-20,512
-20,513
-20,514
-20,515
-20,516
-20,517
-20,518
-20,519
-20,520
-20,521
-20,522
-20,523
-20,524
-20,525
-20,526
-20,527
-20,528
-20,529
-20,530
-20,531
-20,532
-20,533
-20,534
-20,535
-20,536
-20,537
-20,538
-20,539
-20,540
-20,541
-20,542
-20,543
-20,544
-20,545
:23_4,546
:23_4,547
:23_4,548
:23_4,549
:23_4,550
:23_4,551
-19,552
-19,553
-19,554
-19,555
-19,556
-19,557
-19,558
-19,559
-19,560
-19,561
-19,562
-19,563
-19,564
-19,565
-19,566
-19,567
-19,568
-19,569
-19,570
-19,571
-19,572
-19,573
-19,574
-19,575
-19,576
-19,577
-19,578
-19,579
-19,580
-19,581
-19,582
-19,583
-19,584
-19,585
-19,586
-19,587
-19,588
-19,589
-19,590
-19,591
-19,592
-19,593
-19,594
-19,595
-19,596
-19,597
-19,598
-19,599
-19,600
-19,601
-19,602
-19,603
-19,604
-19,605
-19,606
-19,607
-19,608
-19,609
-19,610
-19,611
-19,612
-19,613
-19,614
-19,615
-19,616
-19,617
-19,618
-19,619
-19,620
-19,621
-19,622
-19,623
-19,624
-19,625
-19,626
-19,627
-19,628
-19,629
-19,630
-19,631
-19,632
-19,633
-19,634
-19,635
-19,636
-19,637
-19,638
-19,639
-19,640
-19,641
:22_1,642
:22_1,643
:22_1,644
:22_1,645
:22_1,646
23,647
23,648
23,649
23,650
23,651
23,652
23,653
23,654
23,655
23,656
23,657
23,658
23,659
23,660
23,661
23,662
23,663
23,664
23,665
23,666
23,667
23,668
23,669
23,670
23,671
23,672
23,673
23,674
23,675
23,676
23,677
23,678
23,679
23,680
23,681
23,682
23,683
23,684
23,685
23,686
23,687
23,688
23,689
23,690
23,691
23,692
23,693
23,694
23,695
23,696
23,697
23,698
23,699
23,700
23,701
23,702
23,703
23,704
23,705
23,706
23,707
23,708
23,709
23,710
23,711
23,712
23,713
23,714
23,715
23,716
23,717
23,718
23,719
23,720
23,721
23,722
23,723
23,724
23,725
23,726
23,727
23,728
23,729
23,730
23,731
23,732
23,733
23,734
23,735
23,736
23,737
23,738
23,739
23,740
23,741
23,742
23,743
23,744
23,745
23,746
23,747
23,748
23,749
23,750
23,751
23,752
23,753
23,754
23,755
23,756
23,757
23,758
23,759
23,760
23,761
23,762
23,763
23,764
23,765
23,766
23,767
23,768
23,769
23,770
23,771
23,772
23,773
23,774
23,775
23,776
23,777
23,778
23,779
23,780
23,781
23,782
23,783
23,784
23,785
23,786
23,787
23,788
23,789
23,790
23,791
23,792
23,793
23,794
23,795
23,796
23,797
23,798
23,799
23,800
23,801
23,802
23,803
23,804
23,805
23,806
23,807
23,808
23,809
23,810
23,811
23,812
23,813
:27_1,814
:27_1,815
:27_1,816
:27_1,817
:27_1,818
87,819
87,820
87,821
87,822
87,823
87,824
87,825
87,826
87,827
87,828
87,829
87,830
87,831
87,832
87,833
87,834
87,835
87,836
87,837
87,838
87,839
87,840
87,841
87,842
87,843
87,844
87,845
87,846
87,847
87,848
87,849
87,850
87,851
87,852
87,853
87,854
87,855
87,856
87,857
87,858
87,859
87,860
87,861
87,862
87,863
87,864
87,865
87,866
87,867
87,868
87,869
87,870
87,871
87,872
87,873
87,874
87,875
87,876
87,877
87,878
87,879
87,880
87,881
87,882
87,883
87,884
87,885
87,886
87,887
87,888
87,889
87,890
87,891
87,892
87,893
87,894
87,895
87,896
87,897
87,898
87,899
87,900
87,901
87,902
87,903
87,904
87,905
87,906
87,907
87,908
87,909
87,910
87,911
87,912
87,913
87,914
87,915
87,916
87,917
87,918
87,919
87,920
87,921
87,922
87,923
87,924
87,925
87,926
87,927
87,928
87,929
87,930
87,931
87,932
87,933
87,934
87,935
87,936
87,937
87,938
87,939
87,940
87,941
87,942
87,943
87,944
87,945
87,946
87,947
87,948
87,949
87,950
87,951
87,952
87,953
87,954
87,955
87,956
87,957
87,958
87,959
87,960
87,961
87,962
87,963
87,964
87,965
87,966
-689,1
-689,2
-689,3
-689,1
