-641,1
-641,1
-641,1
-641,2
-641,3
-641,4
-641,5
-641,6
-641,7
-641,8
-641,9
-641,10
-641,11
-641,12
-641,13
-641,14
-641,15
-641,16
-641,17
-641,18
-641,19
-641,20
-641,21
-641,22
-641,23
-641,24
-641,25
-641,26
-641,27
-641,28
-641,29
-641,30
-641,31
-641,32
-641,33
-641,34
-641,35
-641,36
-641,37
-641,38
-641,39
-641,40
-641,41
-641,42
-641,43
-641,44
-641,45
-641,46
-641,47
-641,48
-641,49
-641,50
-641,51
-641,52
-641,53
-641,54
-641,55
-641,56
-641,57
-641,58
-641,59
-641,60
-641,61
-641,62
-641,63
-641,64
-641,65
-641,66
-641,67
-641,68
-641,69
-641,70
-641,71
-641,72
-641,73
-641,74
-641,75
-641,76
-641,77
-641,78
-641,79
-641,80
-641,81
-641,82
-641,83
-641,84
-641,85
-641,86
-641,87
-641,88
-641,89
-641,90
-641,91
-641,92
-641,93
-641,94
-641,95
-641,96
-641,97
-641,98
-641,99
-641,100
-641,101
-641,102
-641,103
-641,104
-641,105
-641,106
-641,107
-641,108
-641,109
-641,110
-641,111
-641,112
-641,113
-641,114
-641,115
-641,116
-641,117
-641,118
-641,119
-641,120
-641,121
-641,122
-641,123
-641,124
-641,125
-641,126
-641,127
-641,128
-641,129
-641,130
-641,131
-641,132
-641,133
-641,134
-641,135
-641,136
-641,137
-641,138
-641,139
-641,140
-641,141
-641,142
-641,143
-641,144
-641,145
-641,146
-641,147
-641,148
-641,149
-641,150
-641,151
-641,152
-641,153
-641,154
-641,155
-641,156
-641,157
-641,158
-641,159
-641,160
-641,161
-641,162
-641,163
-641,164
-641,165
-641,166
-641,167
-641,168
-641,169
-641,170
-641,171
-641,172
-641,173
-641,174
-641,175
-641,176
-641,177
-641,178
-641,179
-641,180
-641,181
-641,182
-641,183
-641,184
-641,185
-641,186
-641,187
-641,188
-641,189
-641,190
-641,191
-641,192
-641,193
-641,194
-641,195
-641,196
-641,197
-641,198
-641,199
-641,200
-641,201
-641,202
-641,203
-641,204
-641,205
-641,206
-641,207
-641,208
-641,209
-641,210
-641,211
-641,212
-641,213
-641,214
-641,215
-641,216
-641,217
-641,218
-641,219
-641,220
-641,221
-641,222
-641,223
-641,224
-641,225
-641,226
-641,227
-641,228
-641,229
-641,230
-641,231
-641,232
-641,233
-641,234
-641,235
-641,236
-641,237
-641,238
-641,239
-641,240
-641,241
-641,242
-641,243
-641,244
-641,245
-641,246
-641,247
-641,248
-641,249
-641,250
-641,251
-641,252
-641,253
-641,254
-641,255
-641,256
-641,257
-641,258
-641,259
-641,260
-641,261
-641,262
-641,263
-641,264
-641,265
-641,1
-641,2
-641,3
-641,1
