-151,7
-151,8
-151,9
-151,10
-151,11
-151,12
-151,13
-151,14
-151,15
-151,16
-151,17
-151,18
-151,19
-151,20
-151,21
-151,22
-151,23
-151,24
-151,25
-151,26
-151,27
-151,28
-151,29
-151,30
-151,31
-151,32
-151,33
-151,34
-151,35
-151,36
-151,37
-151,38
-151,39
-151,40
-151,41
-151,42
-151,43
-151,44
-151,45
-151,46
-151,47
-151,48
-151,49
-151,50
-151,51
-151,52
-151,53
-151,54
-151,55
-151,56
-151,57
-151,58
-151,59
-151,60
-151,61
-151,62
:166_5,63
:166_5,64
:166_5,65
:166_5,66
:166_5,67
:166_5,68
154,69
154,70
154,71
154,72
154,73
154,74
154,75
154,76
154,77
154,78
154,79
154,80
154,81
154,82
154,83
154,84
154,85
154,86
154,87
154,88
154,89
154,90
154,91
154,92
154,93
154,94
154,95
154,96
154,97
154,98
154,99
154,100
154,101
154,102
154,103
154,104
154,105
154,106
154,107
154,108
154,109
154,110
154,111
154,112
154,113
154,114
154,115
154,116
154,117
154,118
154,119
154,120
154,121
154,122
154,123
154,124
154,125
154,126
154,127
154,128
154,129
154,130
154,131
154,132
154,133
154,134
154,135
154,136
154,137
154,138
154,139
154,140
154,141
154,142
154,143
154,144
154,145
154,146
154,147
154,148
154,149
154,150
154,151
154,152
154,153
154,154
154,155
154,156
154,157
154,158
154,159
154,160
154,161
154,162
154,163
154,164
154,165
154,166
154,167
154,168
154,169
154,170
154,171
154,172
154,173
154,174
154,175
154,176
154,177
154,178
154,179
154,180
154,181
154,182
154,183
154,184
154,185
154,186
154,187
154,188
154,189
154,190
154,191
154,192
154,193
154,194
154,195
154,196
154,197
154,198
154,199
154,200
154,201
154,202
154,203
154,204
154,205
154,206
154,207
154,208
154,209
154,210
154,211
154,212
154,213
154,214
154,215
154,216
154,217
154,218
154,219
154,220
154,221
154,222
154,223
154,224
154,225
154,226
154,227
154,228
154,229
154,230
154,231
154,232
154,233
154,234
154,235
154,236
154,237
154,238
154,239
154,240
154,241
154,242
154,243
154,244
154,245
154,246
154,247
154,248
154,249
154,250
154,251
154,252
154,253
154,254
154,255
154,256
154,257
154,258
154,259
154,260
154,261
154,262
154,263
154,264
154,265
154,266
154,267
154,268
154,269
154,270
154,271
154,272
154,273
154,274
154,275
154,276
154,277
154,278
154,279
154,280
154,281
154,282
154,283
154,284
154,285
154,286
154,287
154,288
154,289
154,290
154,291
154,292
154,293
154,294
154,295
154,296
154,297
154,298
154,299
154,300
154,301
154,302
154,303
154,304
154,305
154,306
154,307
154,308
154,309
154,310
154,311
154,312
154,313
154,314
154,315
154,316
154,317
154,318
154,319
154,320
154,321
154,322
154,323
154,324
154,325
:170_5,326
:170_5,327
:170_5,328
:170_5,329
:170_5,330
:170_5,331
-196,332
-196,333
-196,334
-196,335
-196,336
-196,337
-196,338
-196,339
-196,340
-196,341
-196,342
-196,343
-196,344
-196,345
-196,346
-196,347
-196,348
-196,349
-196,350
-196,351
-196,352
-196,353
-196,354
-196,355
-196,356
-196,357
-196,358
-196,359
-196,360
-196,361
-196,362
-196,363
-196,364
-196,365
-196,366
-196,367
-196,368
-196,369
-196,370
-196,371
-196,372
-196,373
-196,374
-196,375
-196,376
-196,377
-196,378
-196,379
-196,380
-196,381
-196,382
-196,383
-196,384
-196,385
-196,386
-196,387
-196,388
-196,389
-196,390
-196,391
-196,392
-196,393
-196,394
-196,395
-196,396
-196,397
-196,398
-196,399
-196,400
-196,401
-196,402
-196,403
-196,404
-196,405
-196,406
-196,407
-196,408
-196,409
-196,410
-196,411
-196,412
-196,413
-196,414
-196,415
-196,416
-196,417
-196,418
-196,419
-196,420
-196,421
-196,422
-196,423
-196,424
-196,425
-196,426
-196,427
-196,428
-196,429
-196,430
-196,431
-196,432
-196,433
-196,434
-196,435
-196,436
-196,437
-196,438
-196,439
-196,440
-196,441
-196,442
-196,443
-196,444
-196,445
-196,446
-196,447
-196,448
-196,449
-196,450
-196,451
-196,452
-196,453
-196,454
-196,455
-196,456
-196,457
-196,458
-196,459
-196,460
-196,461
-196,462
-196,463
-196,464
-196,465
-196,466
-196,467
-196,468
-196,469
-196,470
-196,471
-196,472
-196,473
-196,474
-196,475
-196,476
-196,477
-196,478
-196,479
-196,480
-196,481
-196,482
-196,483
-196,484
-196,485
-196,486
-196,487
-196,488
-196,489
-196,490
-196,491
-196,492
-196,493
-196,494
-196,495
-196,496
-196,497
-196,498
-196,499
-196,500
-196,501
-196,502
-196,503
-196,504
-196,505
-196,506
-196,507
-196,508
-196,509
-196,510
-196,511
-196,512
-196,513
-196,514
-196,515
-196,516
-196,517
-196,518
-196,519
-196,520
-196,521
-196,522
-196,523
-196,524
-196,525
-196,526
-196,527
-196,528
-196,529
-196,530
-196,531
-196,532
-196,533
-196,534
-196,535
-196,536
-196,537
-196,538
-196,539
-196,540
-196,541
-196,542
-196,543
-196,544
-196,545
-196,546
-196,547
-196,548
-196,549
-196,550
-196,551
-196,552
-196,553
-196,554
-196,555
-196,556
-196,557
-196,558
-196,559
-196,560
-196,561
-196,562
-196,563
-196,564
-196,565
-196,566
-196,567
-196,568
-196,569
-196,570
-196,571
-196,572
-196,573
-196,574
-196,575
-196,576
-196,577
-196,578
-196,579
-196,580
-196,581
-196,582
-196,583
-196,584
-196,585
-196,586
-196,587
-196,588
-196,589
-196,590
-196,591
-196,592
-196,593
-196,594
-196,595
-196,596
-196,597
-196,598
-196,599
-196,600
-196,601
-196,602
-196,603
-196,604
-196,605
-196,606
-196,607
-196,608
-196,609
-196,610
-196,611
-196,612
-196,613
-196,614
-196,615
-196,616
-196,617
-196,618
-196,619
-196,620
-196,621
-196,622
-196,623
-196,624
-196,625
-196,626
-196,627
-196,628
-196,629
-196,630
-196,631
-196,632
-196,633
-196,634
-196,635
-196,636
-196,637
-196,638
-196,639
-196,640
:35_4,641
:35_4,642
:35_4,643
193,644
193,645
193,646
193,647
193,648
193,649
193,650
193,651
193,652
193,653
193,654
193,655
193,656
193,657
193,658
193,659
193,660
193,661
193,662
193,663
193,664
193,665
193,666
193,667
193,668
193,669
193,670
193,671
193,672
193,673
193,674
193,675
193,676
193,677
193,678
193,679
193,680
193,681
193,682
193,683
193,684
193,685
193,686
193,687
193,688
193,689
193,690
193,691
193,692
193,693
193,694
193,695
193,696
193,697
193,698
193,699
193,700
193,701
193,702
193,703
193,704
193,705
193,706
193,707
193,708
193,709
193,710
193,711
193,712
193,713
193,714
193,715
193,716
193,717
193,718
193,719
193,720
193,721
193,722
193,723
193,724
193,725
193,726
193,727
193,728
193,729
193,730
193,731
193,732
193,733
193,734
193,735
193,736
193,737
193,738
193,739
193,740
193,741
193,742
193,743
193,744
193,745
193,746
193,747
193,748
193,749
193,750
193,751
193,752
193,753
193,754
193,755
193,756
193,757
193,758
193,759
193,760
193,761
193,762
193,763
193,764
193,765
193,766
193,767
193,768
193,769
193,770
193,771
193,772
193,773
193,774
193,775
193,776
193,777
193,778
193,779
193,780
193,781
193,782
193,783
193,784
193,785
193,786
193,787
193,788
193,789
193,790
193,791
193,792
193,793
193,794
193,795
193,796
193,797
193,798
193,799
193,800
193,801
193,802
:203_3,803
:203_3,804
:203_3,805
:203_3,806
194,807
194,808
194,809
194,810
194,811
194,812
194,813
194,814
194,815
194,816
194,817
194,818
194,819
194,820
194,821
194,822
194,823
194,824
194,825
194,826
194,827
194,828
194,829
194,830
194,831
194,832
194,833
194,834
194,835
194,836
194,837
194,838
194,839
194,840
194,841
194,842
194,843
194,844
194,845
194,846
194,847
194,848
194,849
194,850
194,851
194,852
194,853
194,854
194,855
194,856
194,857
194,858
194,859
194,860
194,861
194,862
194,863
194,864
194,865
194,866
194,867
194,868
194,869
194,870
194,871
194,872
194,873
194,874
194,875
194,876
194,877
194,878
194,879
194,880
194,881
194,882
194,883
194,884
194,885
194,886
194,887
194,888
194,889
194,890
194,891
194,892
194,893
194,894
194,895
194,896
194,897
194,898
194,899
194,900
194,901
194,902
194,903
194,904
194,905
194,906
194,907
194,908
194,909
194,910
194,911
194,912
194,913
194,914
194,915
194,916
194,917
194,918
194,919
194,920
194,921
194,922
194,923
194,924
194,925
194,926
194,927
194,928
194,929
194,930
194,931
194,932
194,933
194,934
194,935
194,936
194,937
194,938
194,939
194,940
194,941
194,942
194,943
194,944
194,945
194,946
194,947
194,948
194,949
194,950
194,951
194,952
194,953
194,954
194,955
194,956
194,957
194,958
194,959
194,960
194,961
194,962
194,963
194,964
194,965
