-247,8
-247,9
-247,10
-247,11
-247,12
-247,13
-247,14
-247,15
-247,16
-247,17
-247,18
-247,19
-247,20
-247,21
-247,22
-247,23
-247,24
-247,25
-247,26
-247,27
-247,28
-247,29
-247,30
-247,31
-247,32
-247,33
-247,34
-247,35
-247,36
-247,37
-247,38
-247,39
-247,40
-247,41
-247,42
-247,43
-247,44
-247,45
-247,46
-247,47
-247,48
-247,49
-247,50
-247,51
-247,52
-247,53
-247,54
-247,55
-247,56
-247,57
-247,58
-247,59
-247,60
-247,61
-247,62
-247,63
-247,64
-247,65
-247,66
-247,67
-247,68
-247,69
-247,70
-247,71
-247,72
-247,73
-247,74
-247,75
-247,76
-247,77
-247,78
-247,79
-247,80
-247,81
-247,82
-247,83
-247,84
-247,85
-247,86
-247,87
-247,88
-247,89
-247,90
-247,91
-247,92
-247,93
-247,94
-247,95
-247,96
-247,97
-247,98
-247,99
-247,100
-247,101
-247,102
-247,103
-247,104
-247,105
-247,106
-247,107
-247,108
-247,109
-247,110
-247,111
-247,112
-247,113
-247,114
-247,115
-247,116
-247,117
-247,118
-247,119
-247,120
-247,121
-247,122
-247,123
-247,124
-247,125
-247,126
-247,127
-247,128
-247,129
-247,130
-247,131
-247,132
-247,133
-247,134
-247,135
-247,136
-247,137
-247,138
-247,139
-247,140
-247,141
-247,142
-247,143
-247,144
-247,145
-247,146
-247,147
-247,148
-247,149
-247,150
-247,151
-247,152
-247,153
-247,154
-247,155
-247,156
-247,157
-247,158
-247,159
-247,160
-247,161
-247,162
-247,163
-247,164
-247,165
-247,166
-247,167
-247,168
-247,169
-247,170
-247,171
-247,172
-247,173
-247,174
-247,175
-247,176
-247,177
-247,178
-247,179
-247,180
-247,181
-247,182
-247,183
-247,184
-247,185
-247,186
-247,187
-247,188
-247,189
-247,190
-247,191
-247,192
-247,193
-247,194
-247,195
-247,196
-247,197
-247,198
-247,199
-247,200
-247,201
-247,202
-247,203
-247,204
-247,205
-247,206
-247,207
-247,208
-247,209
-247,210
-247,211
-247,212
-247,213
-247,214
-247,215
-247,216
-247,217
-247,218
-247,219
-247,220
-247,221
-247,222
-247,223
-247,224
-247,225
-247,226
-247,227
-247,228
-247,229
-247,230
-247,231
-247,232
-247,233
-247,234
-247,235
-247,236
-247,237
-247,238
-247,239
-247,240
-247,241
-247,242
-247,243
-247,244
-247,245
-247,246
-247,247
-247,248
-247,249
-247,250
-247,251
-247,252
-247,253
-247,254
-247,255
-247,256
-247,257
-247,258
-247,259
-247,260
-247,261
-247,262
-247,263
-247,264
-247,265
-247,266
-247,267
-247,268
-247,269
-247,270
-247,271
-247,272
-247,273
-247,274
-247,275
-247,276
-247,277
-247,278
-247,279
-247,280
-247,281
-247,282
:197_0,283
:197_0,284
:197_0,285
:197_0,286
:197_0,287
:197_0,288
:197_0,289
:197_0,290
:197_0,291
:197_0,292
-183,293
-183,294
-183,295
-183,296
-183,297
-183,298
-183,299
-183,300
-183,301
-183,302
-183,303
-183,304
-183,305
-183,306
-183,307
-183,308
-183,309
-183,310
-183,311
-183,312
-183,313
-183,314
-183,315
-183,316
-183,317
-183,318
-183,319
-183,320
-183,321
-183,322
-183,323
-183,324
-183,325
-183,326
-183,327
-183,328
-183,329
-183,330
-183,331
-183,332
-183,333
-183,334
-183,335
-183,336
-183,337
-183,338
-183,339
-183,340
-183,341
-183,342
-183,343
-183,344
-183,345
-183,346
-183,347
-183,348
-183,349
-183,350
-183,351
-183,352
-183,353
-183,354
-183,355
-183,356
-183,357
-183,358
-183,359
-183,360
-183,361
-183,362
-183,363
-183,364
-183,365
-183,366
-183,367
-183,368
-183,369
-183,370
-183,371
-183,372
-183,373
-183,374
-183,375
-183,376
-183,377
-183,378
-183,379
-183,380
-183,381
-183,382
-183,383
-183,384
-183,385
-183,386
-183,387
:194_0,388
:194_0,389
:194_0,390
:194_0,391
:194_0,392
182,393
182,394
182,395
182,396
182,397
182,398
182,399
182,400
182,401
182,402
182,403
182,404
182,405
182,406
182,407
182,408
182,409
182,410
182,411
182,412
182,413
182,414
182,415
182,416
182,417
182,418
182,419
182,420
182,421
182,422
182,423
182,424
182,425
182,426
182,427
182,428
182,429
182,430
182,431
182,432
182,433
182,434
182,435
182,436
182,437
182,438
182,439
182,440
182,441
182,442
182,443
182,444
182,445
182,446
182,447
182,448
182,449
182,450
182,451
182,452
182,453
182,454
182,455
182,456
182,457
182,458
:196_5,459
:196_5,460
:196_5,461
:196_5,462
:196_5,463
:196_5,464
206,465
206,466
206,467
206,468
206,469
206,470
206,471
206,472
206,473
206,474
206,475
206,476
206,477
206,478
206,479
206,480
206,481
206,482
206,483
206,484
206,485
206,486
206,487
206,488
206,489
206,490
206,491
206,492
206,493
206,494
206,495
206,496
206,497
206,498
206,499
206,500
206,501
206,502
206,503
206,504
206,505
206,506
206,507
206,508
206,509
206,510
206,511
206,512
206,513
206,514
206,515
206,516
206,517
206,518
206,519
206,520
206,521
206,522
206,523
206,524
:103_4,525
:103_4,526
:103_4,527
:103_4,528
:103_4,529
-88,530
-88,531
-88,532
-88,533
-88,534
-88,535
-88,536
-88,537
-88,538
-88,539
-88,540
-88,541
-88,542
-88,543
-88,544
-88,545
-88,546
-88,547
-88,548
-88,549
-88,550
-88,551
-88,552
-88,553
-88,554
-88,555
-88,556
-88,557
-88,558
-88,559
-88,560
-88,561
-88,562
-88,563
-88,564
-88,565
-88,566
-88,567
-88,568
-88,569
-88,570
-88,571
-88,572
-88,573
-88,574
-88,575
-88,576
-88,577
-88,578
-88,579
-88,580
-88,581
-88,582
-88,583
-88,584
-88,585
-88,586
-88,587
-88,588
-88,589
-88,590
-88,591
-88,592
-88,593
-88,594
-88,595
-88,596
-88,597
-88,598
-88,599
-88,600
-88,601
-88,602
-88,603
-88,604
-88,605
-88,606
-88,607
-88,608
-88,609
-88,610
-88,611
-88,612
-88,613
-88,614
-88,615
-88,616
:27_5,617
:27_5,618
:27_5,619
:27_5,620
:27_5,621
86,622
86,623
86,624
86,625
86,626
86,627
86,628
86,629
86,630
86,631
86,632
86,633
86,634
86,635
86,636
86,637
86,638
86,639
86,640
86,641
86,642
86,643
86,644
86,645
86,646
86,647
86,648
86,649
86,650
86,651
86,652
86,653
86,654
86,655
86,656
86,657
86,658
86,659
86,660
86,661
86,662
86,663
86,664
86,665
86,666
86,667
86,668
86,669
86,670
86,671
86,672
86,673
86,674
86,675
86,676
86,677
86,678
86,679
86,680
86,681
86,682
86,683
86,684
86,685
86,686
86,687
86,688
86,689
86,690
86,691
86,692
86,693
86,694
86,695
86,696
86,697
86,698
86,699
86,700
86,701
86,702
86,703
86,704
86,705
:101_4,706
:101_4,707
:101_4,708
:101_4,709
:101_4,710
-147,711
-147,712
-147,713
-147,714
-147,715
-147,716
-147,717
-147,718
-147,719
-147,720
-147,721
-147,722
-147,723
-147,724
-147,725
-147,726
-147,727
-147,728
-147,729
-147,730
-147,731
-147,732
-147,733
-147,734
-147,735
-147,736
-147,737
-147,738
-147,739
-147,740
-147,741
-147,742
-147,743
-147,744
-147,745
-147,746
-147,747
-147,748
-147,749
-147,750
-147,751
-147,752
-147,753
-147,754
-147,755
-147,756
-147,757
-147,758
-147,759
-147,760
-147,761
-147,762
-147,763
-147,764
-147,765
-147,766
-147,767
-147,768
-147,769
:160_5,770
:160_5,771
:160_5,772
:160_5,773
:160_5,774
148,775
148,776
148,777
148,778
148,779
148,780
148,781
148,782
148,783
148,784
148,785
148,786
148,787
148,788
148,789
148,790
148,791
148,792
148,793
148,794
148,795
148,796
148,797
148,798
148,799
148,800
148,801
148,802
148,803
148,804
148,805
148,806
148,807
148,808
148,809
148,810
148,811
148,812
148,813
148,814
148,815
148,816
148,817
148,818
148,819
148,820
148,821
148,822
148,823
148,824
148,825
148,826
148,827
148,828
148,829
148,830
148,831
148,832
148,833
148,834
148,835
148,836
148,837
148,838
148,839
148,840
148,841
148,842
148,843
148,844
148,845
148,846
148,847
148,848
148,849
148,850
148,851
148,852
148,853
:163_6,854
:163_6,855
:163_6,856
:163_6,857
:163_6,858
180,859
180,860
180,861
180,862
180,863
180,864
180,865
180,866
180,867
180,868
180,869
180,870
180,871
180,872
180,873
180,874
180,875
180,876
180,877
180,878
180,879
180,880
180,881
180,882
180,883
180,884
180,885
180,886
180,887
180,888
180,889
180,890
180,891
180,892
180,893
180,894
180,895
180,896
180,897
180,898
180,899
180,900
180,901
180,902
180,903
180,904
180,905
180,906
180,907
180,908
180,909
180,910
180,911
180,912
180,913
180,914
180,915
180,916
180,917
180,918
180,919
180,920
180,921
180,922
180,923
180,924
:193_0,925
:193_0,926
:193_0,927
-525,928
-525,929
-525,930
-525,931
-525,932
-525,933
-525,934
-525,935
-525,936
-525,937
-525,938
-525,939
-525,940
-525,941
-525,942
-525,943
-525,944
-525,945
-525,946
-525,947
-525,948
-525,949
-525,950
-525,951
-525,952
-525,953
-525,954
-525,955
-525,956
-525,957
-525,958
-525,959
-525,960
-525,961
-525,962
-525,963
-525,964
-525,965
