543,7
543,8
543,9
543,10
543,11
543,12
543,13
543,14
543,15
543,16
543,17
543,18
543,19
543,20
543,21
543,22
543,23
543,24
543,25
543,26
543,27
543,28
543,29
543,30
543,31
543,32
543,33
543,34
543,35
543,36
543,37
543,38
543,39
543,40
543,41
543,42
543,43
543,44
543,45
543,46
543,47
543,48
543,49
543,50
543,51
543,52
543,53
543,54
543,55
543,56
543,57
543,58
543,59
543,60
543,61
543,62
543,63
543,64
543,65
543,66
543,67
543,68
543,69
543,70
543,71
543,72
543,73
543,74
543,75
543,76
543,77
543,78
543,79
543,80
543,81
543,82
543,83
543,84
543,85
543,86
543,87
543,88
543,89
543,90
543,91
543,92
543,93
543,94
543,95
543,96
543,97
543,98
543,99
543,100
543,101
543,102
543,103
543,104
543,105
543,106
543,107
543,108
543,109
543,110
543,111
543,112
543,113
543,114
543,115
543,116
543,117
543,118
543,119
543,120
543,121
543,122
543,123
543,124
543,125
543,126
543,127
543,128
543,129
543,130
543,131
543,132
543,133
543,134
543,135
543,136
543,137
543,138
543,139
543,140
543,141
543,142
543,143
543,144
543,145
543,146
543,147
543,148
543,149
543,150
543,151
543,152
543,153
543,154
543,155
543,156
543,157
543,158
543,159
543,160
543,161
543,162
543,163
543,164
543,165
543,166
543,167
543,168
543,169
543,170
543,171
543,172
543,173
543,174
543,175
543,176
543,177
543,178
543,179
543,180
543,181
543,182
543,183
543,184
543,185
543,186
543,187
543,188
543,189
543,190
543,191
543,192
-181,193
-181,194
-181,195
-181,196
-181,197
-181,198
-181,199
-181,200
-181,201
-181,202
-181,203
-181,204
-181,205
-181,206
-181,207
-181,208
-181,209
-181,210
-181,211
-181,212
-181,213
-181,214
-181,215
-181,216
-181,217
-181,218
-181,219
-181,220
-181,221
-181,222
-181,223
-181,224
-181,225
-181,226
-181,227
-181,228
-181,229
-181,230
-181,231
-181,232
-181,233
-181,234
-181,235
-181,236
-181,237
-181,238
-181,239
-181,240
-181,241
-181,242
-181,243
-181,244
-181,245
-181,246
-181,247
-181,248
-181,249
-181,250
:194_4,251
:194_4,252
:194_4,253
:194_4,254
:194_4,255
:194_4,256
182,257
182,258
182,259
182,260
182,261
182,262
182,263
182,264
182,265
182,266
182,267
182,268
182,269
182,270
182,271
182,272
182,273
182,274
182,275
182,276
182,277
182,278
182,279
182,280
182,281
182,282
182,283
182,284
182,285
182,286
182,287
182,288
182,289
182,290
182,291
182,292
182,293
182,294
182,295
182,296
182,297
182,298
182,299
182,300
182,301
182,302
182,303
182,304
182,305
182,306
182,307
182,308
182,309
182,310
182,311
182,312
182,313
182,314
182,315
182,316
182,317
182,318
182,319
182,320
182,321
182,322
182,323
182,324
182,325
:196_5,326
:196_5,327
:196_5,328
:196_5,329
:196_5,330
:196_5,331
206,332
206,333
206,334
206,335
206,336
206,337
206,338
206,339
206,340
206,341
206,342
206,343
206,344
206,345
206,346
206,347
206,348
206,349
206,350
206,351
206,352
206,353
206,354
206,355
206,356
206,357
206,358
206,359
206,360
206,361
206,362
206,363
206,364
206,365
206,366
206,367
206,368
206,369
206,370
206,371
206,372
206,373
206,374
206,375
206,376
206,377
206,378
206,379
206,380
206,381
206,382
206,383
206,384
206,385
206,386
206,387
206,388
206,389
206,390
206,391
206,392
206,393
:103_4,394
:103_4,395
:103_4,396
:103_4,397
:103_4,398
:103_4,399
-88,400
-88,401
-88,402
-88,403
-88,404
-88,405
-88,406
-88,407
-88,408
-88,409
-88,410
-88,411
-88,412
-88,413
-88,414
-88,415
-88,416
-88,417
-88,418
-88,419
-88,420
-88,421
-88,422
-88,423
-88,424
-88,425
-88,426
-88,427
-88,428
-88,429
-88,430
-88,431
-88,432
-88,433
-88,434
-88,435
-88,436
-88,437
-88,438
-88,439
-88,440
-88,441
-88,442
-88,443
-88,444
-88,445
-88,446
-88,447
-88,448
-88,449
-88,450
-88,451
-88,452
-88,453
-88,454
-88,455
-88,456
-88,457
-88,458
-88,459
-88,460
-88,461
-88,462
-88,463
-88,464
-88,465
-88,466
-88,467
-88,468
-88,469
-88,470
-88,471
-88,472
-88,473
-88,474
-88,475
-88,476
-88,477
-88,478
-88,479
-88,480
-88,481
-88,482
-88,483
-88,484
-88,485
-88,486
-88,487
-88,488
-88,489
-88,490
:27_4,491
:27_4,492
:27_4,493
-23,494
-23,495
-23,496
-23,497
-23,498
-23,499
-23,500
-23,501
-23,502
-23,503
-23,504
-23,505
-23,506
-23,507
-23,508
-23,509
-23,510
-23,511
-23,512
-23,513
-23,514
-23,515
-23,516
-23,517
-23,518
-23,519
-23,520
-23,521
-23,522
-23,523
-23,524
-23,525
-23,526
-23,527
-23,528
-23,529
-23,530
-23,531
-23,532
-23,533
-23,534
-23,535
-23,536
-23,537
-23,538
-23,539
-23,540
-23,541
-23,542
-23,543
-23,544
-23,545
-23,546
-23,547
-23,548
-23,549
-23,550
-23,551
-23,552
-23,553
-23,554
-23,555
-23,556
-23,557
-23,558
-23,559
-23,560
-23,561
-23,562
-23,563
-23,564
-23,565
-23,566
-23,567
-23,568
-23,569
-23,570
-23,571
-23,572
-23,573
-23,574
-23,575
-23,576
-23,577
-23,578
-23,579
-23,580
-23,581
-23,582
-23,583
-23,584
-23,585
-23,586
-23,587
-23,588
-23,589
-23,590
-23,591
-23,592
-23,593
-23,594
-23,595
-23,596
-23,597
-23,598
-23,599
-23,600
-23,601
-23,602
-23,603
-23,604
-23,605
-23,606
-23,607
-23,608
-23,609
-23,610
-23,611
-23,612
-23,613
-23,614
-23,615
-23,616
-23,617
-23,618
-23,619
-23,620
-23,621
-23,622
-23,623
-23,624
-23,625
-23,626
-23,627
-23,628
-23,629
-23,630
-23,631
-23,632
-23,633
-23,634
-23,635
-23,636
-23,637
-23,638
-23,639
-23,640
-23,641
-23,642
-23,643
-23,644
-23,645
-23,646
-23,647
-23,648
-23,649
-23,650
-23,651
-23,652
-23,653
-23,654
-23,655
-23,656
-23,657
-23,658
-23,659
-23,660
-23,661
-23,662
-23,663
-23,664
-23,665
-23,666
-23,667
-23,668
-23,669
-23,670
-23,671
-23,672
-23,673
-23,674
-23,675
-23,676
-23,677
-23,678
-23,679
-23,680
-23,681
-23,682
:22_9,683
:22_9,684
:22_9,685
:22_9,686
:22_9,687
19,688
19,689
19,690
19,691
19,692
19,693
19,694
19,695
19,696
19,697
19,698
19,699
19,700
19,701
19,702
19,703
19,704
19,705
19,706
19,707
19,708
19,709
19,710
19,711
19,712
19,713
19,714
19,715
19,716
19,717
19,718
19,719
19,720
19,721
19,722
19,723
19,724
19,725
19,726
19,727
19,728
19,729
19,730
19,731
19,732
19,733
19,734
19,735
19,736
19,737
19,738
19,739
19,740
19,741
19,742
19,743
19,744
19,745
19,746
19,747
19,748
19,749
19,750
19,751
19,752
19,753
19,754
19,755
19,756
19,757
19,758
19,759
19,760
19,761
19,762
19,763
19,764
19,765
19,766
19,767
19,768
19,769
19,770
19,771
19,772
19,773
19,774
19,775
19,776
19,777
19,778
19,779
19,780
19,781
19,782
19,783
19,784
19,785
19,786
19,787
19,788
:23_6,789
:23_6,790
:23_6,791
:23_6,792
:23_6,793
:23_6,794
:23_6,795
20,796
20,797
20,798
20,799
20,800
20,801
20,802
20,803
20,804
20,805
20,806
20,807
20,808
20,809
20,810
20,811
20,812
20,813
20,814
20,815
20,816
20,817
20,818
20,819
20,820
20,821
20,822
20,823
20,824
20,825
20,826
20,827
20,828
20,829
20,830
20,831
20,832
20,833
20,834
20,835
20,836
20,837
20,838
20,839
20,840
20,841
20,842
20,843
20,844
20,845
20,846
20,847
20,848
20,849
20,850
20,851
20,852
20,853
20,854
20,855
20,856
20,857
20,858
20,859
20,860
20,861
20,862
20,863
20,864
20,865
20,866
20,867
20,868
20,869
20,870
20,871
20,872
20,873
20,874
20,875
20,876
20,877
20,878
20,879
20,880
20,881
20,882
20,883
20,884
20,885
20,886
20,887
20,888
20,889
20,890
20,891
:24_13,892
:24_13,893
:24_13,894
:24_13,895
:24_13,896
:24_13,897
25,898
25,899
25,900
25,901
25,902
25,903
25,904
25,905
25,906
25,907
25,908
25,909
25,910
25,911
25,912
25,913
25,914
25,915
25,916
25,917
25,918
25,919
25,920
25,921
25,922
25,923
25,924
25,925
25,926
25,927
25,928
25,929
25,930
25,931
25,932
25,933
25,934
25,935
25,936
25,937
25,938
25,939
25,940
25,941
25,942
25,943
25,944
25,945
25,946
25,947
25,948
25,949
25,950
25,951
25,952
25,953
25,954
25,955
25,956
25,957
25,958
25,959
25,960
25,961
25,962
25,963
25,964
25,965
