-14,1
-14,1
-14,1
-14,2
-14,3
-14,4
-14,5
-14,6
-14,7
-14,8
-14,9
-14,10
-14,11
-14,12
-14,13
-14,14
-14,15
-14,16
-14,17
-14,18
-14,19
-14,20
-14,21
-14,22
-14,23
-14,24
-14,25
-14,26
-14,27
-14,28
-14,29
-14,30
-14,31
-14,32
-14,33
-14,34
-14,35
-14,36
-14,37
-14,38
-14,39
-14,40
-14,41
-14,42
-14,43
-14,44
-14,45
-14,46
-14,47
-14,48
-14,49
-14,50
-14,51
-14,52
-14,53
-14,54
-14,55
-14,56
-14,57
-14,58
-14,59
-14,60
-14,61
-14,62
-14,63
-14,64
-14,65
-14,66
-14,67
-14,68
-14,69
-14,70
-14,71
-14,72
-14,73
-14,74
-14,75
-14,76
-14,77
-14,78
-14,79
-14,80
-14,81
-14,82
-14,83
-14,84
-14,85
:14_1,86
:14_1,87
13,88
13,89
13,90
13,91
13,92
13,93
13,94
13,95
13,96
13,97
13,98
13,99
13,100
13,101
13,102
13,103
13,104
13,105
13,106
13,107
13,108
13,109
13,110
13,111
13,112
13,113
13,114
13,115
13,116
13,117
13,118
13,119
13,120
13,121
13,122
13,123
13,124
13,125
13,126
13,127
13,128
13,129
13,130
13,131
13,132
13,133
13,134
13,135
13,136
13,137
13,138
13,139
13,140
13,141
13,142
13,143
13,144
13,145
13,146
13,147
13,148
13,149
13,150
13,151
13,152
13,153
13,154
13,155
13,156
13,157
13,158
13,159
13,160
13,161
13,162
13,163
13,164
13,165
:15_3,166
:15_3,167
:15_3,168
:15_3,169
-375,170
-375,171
-375,172
-375,173
-375,174
-375,175
-375,176
-375,177
-375,178
-375,179
-375,180
-375,181
-375,182
-375,183
-375,184
-375,185
-375,186
-375,187
-375,188
-375,189
-375,190
-375,191
-375,192
-375,193
-375,194
-375,195
-375,196
-375,197
-375,198
-375,199
-375,200
-375,201
-375,202
-375,203
-375,204
-375,205
-375,206
-375,207
-375,208
-375,209
-375,210
-375,211
-375,212
-375,213
-375,214
-375,215
-375,216
-375,217
-375,218
-375,219
-375,220
-375,221
-375,222
-375,223
-375,224
-375,225
-375,226
-375,227
-375,228
-375,229
-375,230
-375,231
-375,232
-375,233
-375,234
-375,235
-375,236
-375,237
-375,238
-375,239
-375,240
-375,241
-375,242
-375,243
-375,244
-375,245
-375,246
-375,247
-375,248
-375,249
-375,250
-375,251
-375,252
-374,253
-374,254
-374,255
-374,256
-374,257
-374,258
-374,259
-374,260
-374,261
-374,262
-374,263
-374,264
-374,265
-374,266
-374,267
-374,268
-374,269
-374,270
-374,271
-374,272
-374,273
-374,274
-374,275
-374,276
-374,277
-374,278
-374,279
-374,280
-374,281
-374,282
-374,283
-374,284
-374,285
-374,286
-374,287
-374,288
-374,289
-374,290
-374,291
-374,292
-374,293
-374,294
-374,295
-374,296
-374,297
-374,298
-374,299
-374,300
-374,301
-374,302
-374,303
-374,304
-374,305
-374,306
-374,307
-374,308
-374,309
-374,310
-374,311
:230_9,312
:230_9,313
:230_9,314
:230_9,315
:230_9,316
-224,317
-224,318
-224,319
-224,320
-224,321
-224,322
-224,323
-224,324
-224,325
-224,326
-224,327
-224,328
-224,329
-224,330
-224,331
-224,332
-224,333
-224,334
-224,335
-224,336
-224,337
-224,338
-224,339
-224,340
-224,341
-224,342
-224,343
-224,344
-224,345
-224,346
-224,347
-224,348
-224,349
-224,350
-224,351
-224,352
-224,353
-224,354
-224,355
-224,356
-224,357
-224,358
-224,359
-224,360
-224,361
-224,362
-224,363
-224,364
-224,365
-224,366
-224,367
-224,368
-224,369
-224,370
-224,371
-224,372
-224,373
-224,374
-224,375
-224,376
-224,377
-224,378
-224,379
-224,380
-224,381
-224,382
-224,383
:229_6,384
:229_6,385
:229_6,386
:229_6,387
:229_6,388
-223,389
-223,390
-223,391
-223,392
-223,393
-223,394
-223,395
-223,396
-223,397
-223,398
-223,399
-223,400
-223,401
-223,402
-223,403
-223,404
-223,405
-223,406
-223,407
-223,408
-223,409
-223,410
-223,411
-223,412
-223,413
-223,414
-223,415
-223,416
-223,417
-223,418
-223,419
-223,420
-223,421
-223,422
-223,423
-223,424
-223,425
-223,426
-223,427
-223,428
-223,429
-223,430
-223,431
-223,432
-223,433
-223,434
-223,435
-223,436
-223,437
-223,438
-223,439
-223,440
-223,441
-223,442
-223,443
-223,444
-223,445
-223,446
-223,447
-223,448
-223,449
-223,450
-223,451
-223,452
-223,453
-223,454
-223,455
-223,456
-223,457
-223,458
-223,459
-223,460
-223,461
:228_6,462
:228_6,463
:228_6,464
:228_6,465
-222,466
-222,467
-222,468
-222,469
-222,470
-222,471
-222,472
-222,473
-222,474
-222,475
-222,476
-222,477
-222,478
-222,479
-222,480
-222,481
-222,482
-222,483
-222,484
-222,485
-222,486
-222,487
-222,488
-222,489
-222,490
-222,491
-222,492
-222,493
-222,494
-222,495
-222,496
-222,497
-222,498
-222,499
-222,500
-222,501
-222,502
-222,503
-222,504
-222,505
-222,506
-222,507
-222,508
-222,509
-222,510
-222,511
-222,512
-222,513
-222,514
-222,515
-222,516
-222,517
-222,518
-222,519
-222,520
-222,521
-222,522
-222,523
-222,524
-222,525
-222,526
-222,527
-222,528
-222,529
-222,530
-222,531
-222,532
-222,533
-222,534
-222,535
-222,536
-222,537
-222,538
-222,539
-222,540
-222,541
-222,542
-222,543
-222,544
-222,545
-222,546
-222,547
-222,548
-222,549
-222,550
-222,551
-222,552
-222,553
-222,554
-222,555
-222,556
-222,557
-222,558
-222,559
-222,560
-222,561
-222,562
-222,563
-222,564
-222,565
-222,566
-222,567
-222,568
-222,569
-222,570
-222,571
-222,572
-222,573
-222,574
-222,575
-222,576
-222,577
-222,578
-222,579
-222,580
-222,581
-222,582
-222,583
-222,584
-222,585
-222,586
-222,587
-222,588
-222,589
-222,590
-222,591
-222,592
-222,593
-222,594
-222,595
-222,596
-222,597
-222,598
-222,599
-222,600
-222,601
-222,602
-222,603
:227_3,604
:227_3,605
:227_3,606
:227_3,607
225,608
225,609
225,610
225,611
225,612
225,613
225,614
225,615
225,616
225,617
225,618
225,619
225,620
225,621
225,622
225,623
225,624
225,625
225,626
225,627
225,628
225,629
225,630
225,631
225,632
225,633
225,634
225,635
225,636
225,637
225,638
225,639
225,640
225,641
225,642
225,643
225,644
225,645
225,646
225,647
225,648
225,649
225,650
225,651
225,652
225,653
225,654
225,655
225,656
225,657
225,658
225,659
225,660
225,661
225,662
225,663
225,664
225,665
225,666
225,667
225,668
225,669
225,670
225,671
225,672
225,673
225,674
225,675
225,676
225,677
225,678
225,679
225,680
225,681
225,682
225,683
225,684
225,685
225,686
225,687
225,688
225,689
225,690
225,691
225,692
225,693
225,694
225,695
225,696
225,697
225,698
225,699
225,700
225,701
225,702
225,703
225,704
225,705
225,706
225,707
225,708
225,709
225,710
225,711
225,712
225,713
225,714
225,715
225,716
225,717
225,718
225,719
225,720
225,721
225,722
225,723
225,724
225,725
225,726
225,727
225,728
225,729
225,730
225,731
225,732
225,733
225,734
225,735
225,736
225,737
225,738
225,739
225,740
225,741
225,742
225,743
225,744
225,745
225,746
225,747
225,748
225,749
225,750
225,751
225,752
225,753
225,754
225,755
225,756
225,757
225,758
:231_6,759
:231_6,760
:231_6,761
:231_6,762
:231_6,763
:231_6,764
-257,765
-257,766
-257,767
-257,768
-257,769
-257,770
-257,771
-257,772
-257,773
-257,774
-257,775
-257,776
-257,777
-257,778
-257,779
-257,780
-257,781
-257,782
-257,783
-257,784
-257,785
-257,786
-257,787
-257,788
-257,789
-257,790
-257,791
-257,792
-257,793
-257,794
-257,795
-257,796
-257,797
-257,798
-257,799
-257,800
-257,801
-257,802
-257,803
-257,804
-257,805
-257,806
-257,807
-257,808
-257,809
-257,810
-257,811
-257,812
-257,813
-257,814
-257,815
-257,816
-257,817
-257,818
-257,819
-257,820
-257,821
-257,822
-257,823
-257,824
-257,825
-257,826
-257,827
-257,828
-257,829
-257,830
-257,831
-257,832
-257,833
-257,834
-257,835
-257,836
-257,837
-257,838
-257,839
-257,840
-257,841
-257,842
-257,843
-257,844
-257,845
-257,846
-257,847
-257,848
-257,849
-257,850
-257,851
-257,852
-257,853
-257,854
-257,855
-257,856
-257,857
-257,858
-257,859
-257,860
-257,861
-257,862
-257,863
-257,864
-257,865
-257,866
-257,867
-257,868
-257,869
-257,870
-257,871
-257,872
-257,873
-257,874
-257,875
-257,876
-257,877
-257,878
-257,879
-257,880
-257,881
-257,882
-257,883
-257,884
-257,885
-257,886
-257,887
-257,888
-257,889
-257,890
-257,891
-257,892
-257,893
-257,894
-257,895
-257,896
-257,897
-257,898
-257,899
-257,900
-257,901
-257,902
-257,903
-257,904
-257,905
-257,906
-257,907
-257,908
-257,909
-257,910
-257,911
-257,912
-257,913
-257,914
-257,915
-257,916
-257,917
-257,918
-257,919
-257,920
-257,921
-257,922
-257,923
-257,924
-257,925
-257,926
-257,927
-257,928
-257,929
-257,930
-257,931
-257,932
-257,933
-257,934
-257,935
-257,936
-257,937
-257,938
-257,939
-257,940
-257,941
-257,942
-257,943
-257,944
-257,945
:21_6,946
:21_6,947
:21_6,948
:21_6,949
:21_6,950
-18,951
-18,952
-18,953
-18,954
-18,955
-18,956
-18,957
-18,958
-18,959
-18,960
-18,961
-18,962
-18,963
-18,964
-18,965
-18,966
-14,1
-14,2
-14,3
-14,1
