-135,1
-135,1
-135,1
-135,2
-135,3
-135,4
-135,5
-135,6
-135,7
-135,8
-135,9
-135,10
-135,11
-135,12
-135,13
-135,14
-135,15
-135,16
-135,17
-135,18
-135,19
-135,20
-135,21
-135,22
-135,23
-135,24
-135,25
-135,26
-135,27
-135,28
-135,29
-135,30
-135,31
-135,32
-135,33
-135,34
-135,35
-135,36
-135,37
-135,38
-135,39
-135,40
-135,41
-135,42
-135,43
-135,44
-135,45
-135,46
-135,47
-135,48
-135,49
-135,50
-135,51
-135,52
-135,53
-135,54
-135,55
-135,56
-135,57
-135,58
-135,59
-135,60
-135,61
-135,62
-135,63
-135,64
-135,65
-135,66
-135,67
-135,68
-135,69
-135,70
-135,71
-135,72
-135,73
-135,74
-135,75
-135,76
-135,77
-135,78
-135,79
-135,80
-135,81
-135,82
-135,83
-135,84
-135,85
-135,86
-135,87
-135,88
-135,89
-135,90
-135,91
-135,92
-135,93
-135,94
-135,95
-135,96
-135,97
-135,98
-135,99
-135,100
-135,101
-135,102
-135,103
-135,104
-135,105
-135,106
-135,107
-135,108
-135,109
-135,110
-135,111
-135,112
-135,113
-135,114
-135,115
-135,116
-135,117
-135,118
-135,119
-135,120
-135,121
-135,122
-135,123
-135,124
-135,125
-135,126
-135,127
-135,128
-135,129
-135,130
-135,131
-135,132
-135,133
-135,134
-135,135
-135,136
-135,137
-135,138
-135,139
-135,140
-135,141
-135,142
-135,143
-135,144
-135,145
-135,146
-135,147
-135,148
-135,149
-135,150
-135,151
-135,152
-135,153
-135,154
-135,155
-135,156
-135,157
-135,158
-135,159
-135,160
-135,161
-135,162
-135,163
-135,164
-135,165
-135,166
-135,167
-135,168
-135,169
-135,170
-135,171
-135,172
-135,173
-135,174
-135,175
-135,176
-135,177
-135,178
-135,179
-135,180
-135,181
-135,182
-135,183
-135,184
-135,185
-135,186
-135,187
-135,188
-135,189
-135,190
-135,191
:150_7,192
:150_7,193
:150_7,194
:150_10,195
:150_10,196
:150_10,197
-405,198
-405,199
-405,200
-405,201
-405,202
-405,203
-405,204
-405,205
-405,206
-405,207
-405,208
-405,209
-405,210
-405,211
-405,212
-405,213
-405,214
-405,215
-405,216
-405,217
-405,218
-405,219
-405,220
-405,221
-405,222
-405,223
-405,224
-405,225
-405,226
-405,227
-405,228
-405,229
-405,230
-405,231
-405,232
-405,233
-405,234
-405,235
-405,236
-405,237
-405,238
-405,239
-405,240
-405,241
-405,242
-405,243
-405,244
-405,245
-405,246
-405,247
-405,248
-405,249
-405,250
-405,251
-405,252
-405,253
-405,254
-405,255
-405,256
-405,257
-405,258
-405,259
-405,260
-405,261
-405,262
-405,263
-405,264
-405,265
-405,266
-405,267
-405,268
-405,269
-405,270
-405,271
-405,272
-405,273
-405,274
-405,275
-405,276
-405,277
-405,278
-405,279
-405,280
-405,281
-405,282
-405,283
-405,284
-405,285
-405,286
-405,287
-405,288
-405,289
-405,290
-405,291
-405,292
-405,293
-405,294
-405,295
-405,296
-405,297
-405,298
-405,299
-405,300
-405,301
-405,302
-405,303
-405,304
-405,305
-405,306
-405,307
-405,308
-405,309
-405,310
-405,311
-405,312
-405,313
-405,314
-405,315
-405,316
-405,317
-405,318
-405,319
-405,320
-405,321
-405,322
-405,323
-405,324
-405,325
-405,326
-405,327
-405,328
-405,329
-405,330
-405,331
-405,332
-405,333
-405,334
-405,335
-405,336
-405,337
-405,338
-405,339
-405,340
-405,341
-405,342
-405,343
-405,344
-405,345
:269_7,346
:269_7,347
:269_7,348
:269_7,349
:269_7,350
:269_7,351
-276,352
-276,353
-276,354
-276,355
-276,356
-276,357
-276,358
-276,359
-276,360
-276,361
-276,362
-276,363
-276,364
-276,365
-276,366
-276,367
-276,368
-276,369
-276,370
-276,371
-276,372
-276,373
-276,374
-276,375
-276,376
-276,377
-276,378
-276,379
-276,380
-276,381
-276,382
-276,383
-276,384
-276,385
-276,386
-276,387
-276,388
-276,389
-276,390
-276,391
-276,392
-276,393
-276,394
-276,395
-276,396
-276,397
-276,398
-276,399
-276,400
-276,401
-276,402
-276,403
-276,404
-276,405
-276,406
-276,407
-276,408
-276,409
-276,410
-276,411
-276,412
-276,413
-276,414
-276,415
-276,416
-276,417
-276,418
-276,419
-276,420
-276,421
-276,422
-276,423
-276,424
-276,425
-276,426
-276,427
-276,428
-276,429
-276,430
-276,431
-276,432
-276,433
-276,434
-276,435
-276,436
-276,437
-276,438
-276,439
-276,440
-276,441
-276,442
-276,443
-276,444
-276,445
-276,446
-276,447
-276,448
-276,449
-276,450
-276,451
-276,452
-276,453
-276,454
-276,455
-276,456
-276,457
-276,458
-276,459
-276,460
-276,461
-276,462
-276,463
:261_10,464
:261_10,465
:261_18,466
:261_18,467
:261_18,468
:261_18,469
277,470
277,471
277,472
277,473
277,474
277,475
277,476
277,477
277,478
277,479
277,480
277,481
277,482
277,483
277,484
277,485
277,486
277,487
277,488
277,489
277,490
277,491
277,492
277,493
277,494
277,495
277,496
277,497
277,498
277,499
277,500
277,501
277,502
277,503
277,504
277,505
277,506
277,507
277,508
277,509
277,510
277,511
277,512
277,513
277,514
277,515
277,516
277,517
277,518
277,519
277,520
277,521
277,522
277,523
277,524
277,525
277,526
277,527
277,528
277,529
277,530
277,531
277,532
277,533
277,534
277,535
277,536
277,537
277,538
277,539
277,540
277,541
277,542
277,543
277,544
277,545
277,546
277,547
277,548
277,549
277,550
277,551
277,552
277,553
277,554
277,555
277,556
277,557
277,558
277,559
277,560
277,561
277,562
277,563
277,564
277,565
277,566
277,567
277,568
277,569
277,570
277,571
277,572
277,573
277,574
277,575
277,576
277,577
277,578
277,579
277,580
277,581
277,582
277,583
277,584
277,585
277,586
277,587
277,588
277,589
277,590
277,591
277,592
277,593
277,594
277,595
277,596
277,597
277,598
277,599
277,600
277,601
277,602
277,603
277,604
277,605
277,606
277,607
277,608
277,609
277,610
277,611
277,612
277,613
277,614
277,615
277,616
277,617
277,618
277,619
277,620
277,621
277,622
277,623
277,624
277,625
277,626
277,627
277,628
277,629
277,630
277,631
277,632
277,633
277,634
277,635
277,636
277,637
277,638
277,639
277,640
277,641
277,642
277,643
277,644
277,645
277,646
277,647
277,648
277,649
277,650
277,651
277,652
277,653
277,654
277,655
277,656
277,657
277,658
277,659
277,660
277,661
277,662
277,663
277,664
277,665
277,666
277,667
277,668
277,669
277,670
277,671
277,672
277,673
277,674
277,675
277,676
277,677
277,678
277,679
277,680
277,681
277,682
277,683
277,684
277,685
277,686
277,687
277,688
277,689
277,690
277,691
277,692
277,693
277,694
277,695
277,696
277,697
277,698
277,699
277,700
277,701
277,702
277,703
277,704
277,705
277,706
277,707
277,708
277,709
277,710
277,711
277,712
277,713
277,714
277,715
277,716
277,717
277,718
277,719
277,720
277,721
277,722
277,723
277,724
277,725
277,726
277,727
277,728
277,729
277,730
277,731
277,732
277,733
277,734
277,735
277,736
277,737
277,738
277,739
277,740
277,741
277,742
277,743
277,744
277,745
277,746
277,747
277,748
277,749
277,750
277,751
277,752
277,753
277,754
277,755
277,756
277,757
277,758
277,759
277,760
277,761
277,762
277,763
277,764
277,765
277,766
277,767
277,768
277,769
277,770
277,771
277,772
277,773
277,774
277,775
277,776
277,777
277,778
277,779
277,780
277,781
277,782
277,783
277,784
277,785
277,786
277,787
277,788
277,789
277,790
277,791
277,792
277,793
277,794
277,795
277,796
277,797
277,798
277,799
277,800
277,801
277,802
277,803
277,804
277,805
277,806
277,807
277,808
277,809
-135,1
-135,2
-135,3
-135,1
