237,1
237,1
237,1
237,2
237,3
237,4
237,5
237,6
237,7
237,8
237,9
237,10
237,11
237,12
237,13
237,14
237,15
237,16
237,17
237,18
237,19
237,20
237,21
237,22
237,23
237,24
237,25
237,26
237,27
237,28
237,29
237,30
237,31
237,32
237,33
237,34
237,35
237,36
237,37
237,38
237,39
237,40
237,41
237,42
237,43
237,44
237,45
237,46
237,47
237,48
237,49
237,50
237,51
237,52
237,53
237,54
237,55
237,56
237,57
237,58
237,59
237,60
237,61
237,62
237,63
237,64
237,65
237,66
237,67
237,68
237,69
237,70
237,71
237,72
237,73
237,74
237,75
237,76
237,77
237,78
237,79
237,80
237,81
237,82
237,83
237,84
237,85
237,86
237,87
237,88
237,89
237,90
237,91
237,92
237,93
237,94
237,95
237,96
237,97
237,98
237,99
237,100
237,101
237,102
237,103
237,104
237,105
237,106
237,107
237,108
237,109
237,110
237,111
237,112
237,113
237,114
237,115
237,116
237,117
237,118
237,119
237,120
237,121
237,122
237,123
237,124
237,125
237,126
237,127
237,128
237,129
237,130
237,131
237,132
237,133
237,134
237,135
237,136
237,137
237,138
237,139
237,140
237,141
237,142
237,143
237,144
237,145
237,146
237,147
237,148
237,149
237,150
237,151
237,152
237,153
237,154
237,155
237,156
237,157
237,158
237,159
237,160
237,161
237,162
237,163
237,164
237,165
237,166
237,167
237,168
:74_12,169
:74_12,170
:74_12,171
67,172
67,173
67,174
67,175
67,176
67,177
67,178
67,179
67,180
67,181
67,182
67,183
67,184
67,185
67,186
67,187
67,188
67,189
67,190
67,191
67,192
67,193
67,194
67,195
67,196
67,197
67,198
67,199
67,200
67,201
67,202
67,203
67,204
67,205
67,206
67,207
67,208
67,209
67,210
67,211
67,212
67,213
67,214
67,215
67,216
67,217
67,218
67,219
67,220
67,221
67,222
67,223
67,224
67,225
67,226
67,227
67,228
67,229
67,230
67,231
67,232
67,233
67,234
67,235
67,236
67,237
67,238
67,239
67,240
67,241
67,242
67,243
67,244
67,245
67,246
67,247
67,248
67,249
67,250
67,251
67,252
67,253
67,254
67,255
67,256
67,257
67,258
67,259
67,260
67,261
67,262
67,263
67,264
67,265
67,266
67,267
67,268
67,269
67,270
67,271
67,272
67,273
67,274
67,275
67,276
67,277
67,278
67,279
67,280
67,281
67,282
:77_6,283
:77_6,284
:77_6,285
:77_6,286
-121,287
-121,288
-121,289
-121,290
-121,291
-121,292
-121,293
-121,294
-121,295
-121,296
-121,297
-121,298
-121,299
-121,300
-121,301
-121,302
-121,303
-121,304
-121,305
-121,306
-121,307
-121,308
-121,309
-121,310
-121,311
-121,312
-121,313
-121,314
-121,315
-121,316
-121,317
-121,318
-121,319
-121,320
-121,321
-121,322
-121,323
-121,324
-121,325
-121,326
-121,327
-121,328
-121,329
-121,330
-121,331
-121,332
-121,333
-121,334
-121,335
-121,336
-121,337
-121,338
-121,339
-121,340
-121,341
-121,342
-121,343
-121,344
-121,345
-121,346
-121,347
-121,348
-121,349
-121,350
-121,351
-121,352
-121,353
:137_0,354
:137_0,355
:137_0,356
:137_0,357
:137_0,358
122,359
122,360
122,361
122,362
122,363
122,364
122,365
122,366
122,367
122,368
122,369
122,370
122,371
122,372
122,373
122,374
122,375
122,376
122,377
122,378
122,379
122,380
122,381
122,382
122,383
122,384
122,385
122,386
122,387
122,388
122,389
122,390
122,391
122,392
122,393
122,394
122,395
122,396
122,397
122,398
122,399
122,400
122,401
122,402
122,403
122,404
122,405
122,406
122,407
122,408
122,409
122,410
122,411
122,412
122,413
122,414
122,415
122,416
122,417
122,418
122,419
122,420
122,421
122,422
122,423
122,424
122,425
122,426
122,427
122,428
122,429
122,430
122,431
122,432
122,433
122,434
:60_6,435
:60_6,436
:60_6,437
:60_6,438
-52,439
-52,440
-52,441
-52,442
-52,443
-52,444
-52,445
-52,446
-52,447
-52,448
-52,449
-52,450
-52,451
-52,452
-52,453
-52,454
-52,455
-52,456
-52,457
-52,458
-52,459
-52,460
-52,461
-52,462
-52,463
-52,464
-52,465
-52,466
-52,467
-52,468
-52,469
-52,470
-52,471
-52,472
-52,473
-52,474
-52,475
-52,476
-52,477
-52,478
-52,479
-52,480
-52,481
-52,482
-52,483
-52,484
-52,485
-52,486
-52,487
-52,488
-52,489
-52,490
-52,491
-52,492
-52,493
-52,494
-52,495
-52,496
-52,497
-52,498
-52,499
-52,500
-52,501
-52,502
-52,503
-52,504
-52,505
-52,506
-52,507
-52,508
-52,509
-52,510
-52,511
-52,512
-52,513
-52,514
-52,515
-52,516
-52,517
-52,518
-52,519
-52,520
-52,521
-52,522
-52,523
-52,524
-52,525
-52,526
-52,527
-52,528
-52,529
-52,530
-52,531
-52,532
-52,533
-52,534
-52,535
-52,536
-52,537
-52,538
-52,539
-52,540
-52,541
-52,542
-52,543
-52,544
-52,545
-52,546
-52,547
-52,548
-52,549
-52,550
-52,551
-52,552
-52,553
-52,554
-52,555
-52,556
-52,557
-52,558
-52,559
-52,560
-52,561
-52,562
-52,563
-52,564
-52,565
-52,566
-52,567
-52,568
-52,569
-52,570
-52,571
-52,572
:58_2,573
:58_2,574
:58_16,575
:58_16,576
:58_16,577
53,578
53,579
53,580
53,581
53,582
53,583
53,584
53,585
53,586
53,587
53,588
53,589
53,590
53,591
53,592
53,593
53,594
53,595
53,596
53,597
53,598
53,599
53,600
53,601
53,602
53,603
53,604
53,605
53,606
53,607
53,608
53,609
53,610
53,611
53,612
53,613
53,614
53,615
53,616
53,617
53,618
53,619
53,620
53,621
53,622
53,623
53,624
53,625
53,626
53,627
53,628
53,629
53,630
53,631
53,632
53,633
53,634
53,635
53,636
53,637
53,638
53,639
53,640
53,641
53,642
:61_6,643
:61_6,644
:61_6,645
-636,646
-636,647
-636,648
-636,649
-636,650
-636,651
-636,652
-636,653
-636,654
-636,655
-636,656
-636,657
-636,658
-636,659
-636,660
-636,661
-636,662
-636,663
-636,664
-636,665
-636,666
-636,667
-636,668
-636,669
-636,670
-636,671
-636,672
-636,673
-636,674
-636,675
-636,676
-636,677
-636,678
-636,679
-636,680
-636,681
-636,682
-636,683
-636,684
-636,685
-636,686
-636,687
-636,688
-636,689
-636,690
-636,691
-636,692
-636,693
-636,694
-636,695
-636,696
-636,697
-636,698
-636,699
-636,700
-636,701
-636,702
-636,703
-636,704
-636,705
-636,706
-636,707
-636,708
-636,709
-636,710
-636,711
-636,712
-636,713
-636,714
-636,715
-636,716
-636,717
-636,718
-636,719
-636,720
-636,721
-636,722
-636,723
-636,724
-636,725
-636,726
-636,727
-636,728
-636,729
-636,730
-636,731
-636,732
-636,733
-636,734
-636,735
-636,736
-636,737
-636,738
-636,739
-636,740
-636,741
-636,742
-636,743
-636,744
-636,745
-636,746
-636,747
-636,748
-636,749
-636,750
-636,751
-636,752
-636,753
-636,754
-636,755
-636,756
-636,757
-636,758
-636,759
-636,760
-636,761
-636,762
-636,763
-636,764
-636,765
-636,766
-636,767
-636,768
-636,769
-636,770
-636,771
-636,772
-636,773
-636,774
-636,775
-636,776
-636,777
-636,778
-636,779
:477_6,780
:477_6,781
:477_6,782
:477_6,783
:477_6,784
637,785
637,786
637,787
637,788
637,789
637,790
637,791
637,792
637,793
637,794
637,795
637,796
637,797
637,798
637,799
637,800
637,801
637,802
637,803
637,804
637,805
637,806
637,807
637,808
637,809
637,810
637,811
637,812
637,813
637,814
637,815
637,816
637,817
637,818
637,819
637,820
637,821
637,822
637,823
637,824
637,825
637,826
637,827
637,828
637,829
637,830
637,831
637,832
637,833
637,834
637,835
637,836
637,837
637,838
637,839
637,840
637,841
637,842
637,843
637,844
637,845
637,846
637,847
637,848
637,849
237,1
237,2
237,3
237,1
