402,1
402,1
402,1
402,2
402,3
402,4
402,5
402,6
402,7
402,8
402,9
402,10
402,11
402,12
402,13
402,14
402,15
402,16
402,17
402,18
402,19
402,20
402,21
402,22
402,23
402,24
402,25
402,26
402,27
402,28
402,29
402,30
402,31
402,32
402,33
402,34
402,35
402,36
402,37
402,38
402,39
402,40
402,41
402,42
402,43
402,44
402,45
402,46
402,47
402,48
402,49
402,50
402,51
402,52
402,53
402,54
402,55
402,56
402,57
402,58
402,59
402,60
402,61
402,62
402,63
402,64
402,65
402,66
402,67
402,68
402,69
402,70
402,71
402,72
402,73
402,74
402,75
402,76
402,77
402,78
402,79
402,80
402,81
402,82
402,83
402,84
402,85
402,86
402,87
402,88
402,89
402,90
402,91
402,92
402,93
402,94
402,95
402,96
402,97
402,98
402,99
402,100
402,101
402,102
402,103
402,104
402,105
402,106
402,107
402,108
402,109
402,110
402,111
402,112
402,113
402,114
402,115
402,116
402,117
402,118
402,119
402,120
402,121
402,122
402,123
402,124
402,125
402,126
402,127
402,128
402,129
402,130
402,131
402,132
402,133
402,134
402,135
402,136
402,137
:361_0,138
:361_0,139
:361_0,140
:361_0,141
-442,142
-442,143
-442,144
-442,145
-442,146
-442,147
-442,148
-442,149
-442,150
-442,151
-442,152
-442,153
-442,154
-442,155
-442,156
-442,157
-442,158
-442,159
-442,160
-442,161
-442,162
-442,163
-442,164
-442,165
-442,166
-442,167
-442,168
-442,169
-442,170
-442,171
-442,172
-442,173
-442,174
-442,175
-442,176
-442,177
-442,178
-442,179
-442,180
-442,181
-442,182
-442,183
-442,184
-442,185
-442,186
-442,187
-442,188
-442,189
-442,190
-442,191
-442,192
-442,193
-442,194
-442,195
-442,196
-442,197
-442,198
-442,199
-442,200
-442,201
-442,202
-442,203
-442,204
-442,205
-442,206
-442,207
-442,208
-442,209
-442,210
-442,211
-442,212
-442,213
-442,214
-442,215
-442,216
-442,217
-442,218
-442,219
-442,220
-442,221
-442,222
-442,223
-442,224
-442,225
-442,226
-442,227
-442,228
-442,229
-442,230
-442,231
-442,232
-442,233
-442,234
:152_0,235
:152_0,236
:152_0,237
:152_0,238
-137,239
-137,240
-137,241
-137,242
-137,243
-137,244
-137,245
-137,246
-137,247
-137,248
-137,249
-137,250
-137,251
-137,252
-137,253
-137,254
-137,255
-137,256
-137,257
-137,258
-137,259
-137,260
-137,261
-137,262
-137,263
-137,264
-137,265
-137,266
-137,267
-137,268
-137,269
-137,270
-137,271
-137,272
-137,273
-137,274
-137,275
-137,276
-137,277
-137,278
-137,279
-137,280
-137,281
-137,282
-137,283
-137,284
-137,285
-137,286
-137,287
-137,288
-137,289
-137,290
-137,291
-137,292
-137,293
-137,294
-137,295
-137,296
-137,297
-137,298
-137,299
-137,300
-137,301
-137,302
-137,303
-137,304
-137,305
-137,306
-137,307
-137,308
-137,309
-137,310
-137,311
-137,312
-137,313
-137,314
-137,315
-137,316
-137,317
-137,318
-137,319
-137,320
-137,321
-137,322
-137,323
-137,324
-137,325
-137,326
-137,327
-137,328
-137,329
-137,330
-137,331
-137,332
-137,333
-137,334
-137,335
-137,336
-137,337
-137,338
-137,339
-137,340
-137,341
-137,342
-137,343
-137,344
-137,345
-137,346
-137,347
-137,348
-137,349
-137,350
-137,351
-137,352
:151_3,353
:151_3,354
:151_3,355
-569,356
-569,357
-569,358
-569,359
-569,360
-569,361
-569,362
-569,363
-569,364
-569,365
-569,366
-569,367
-569,368
-569,369
-569,370
-569,371
-569,372
-569,373
-569,374
-569,375
-569,376
-569,377
-569,378
-569,379
-569,380
-569,381
-569,382
-569,383
-569,384
-569,385
-569,386
-569,387
-569,388
-569,389
-569,390
-569,391
-569,392
-569,393
-569,394
-569,395
-569,396
-569,397
-569,398
-569,399
-569,400
-569,401
-569,402
-569,403
-569,404
-569,405
-569,406
-569,407
-569,408
-569,409
-569,410
-569,411
-569,412
-569,413
-569,414
-569,415
-569,416
-569,417
-569,418
-569,419
-569,420
-569,421
-569,422
-569,423
-569,424
-569,425
-569,426
-569,427
-569,428
-569,429
-569,430
-569,431
-569,432
-569,433
-569,434
-569,435
-569,436
-569,437
-569,438
-569,439
-569,440
-569,441
-569,442
-569,443
-569,444
-569,445
-569,446
-569,447
-569,448
-569,449
-569,450
-569,451
-569,452
-569,453
:64_3,454
:64_3,455
:64_3,456
:64_3,457
:64_3,458
-56,459
-56,460
-56,461
-56,462
-56,463
-56,464
-56,465
-56,466
-56,467
-56,468
-56,469
-56,470
-56,471
-56,472
-56,473
-56,474
-56,475
-56,476
-56,477
-56,478
-56,479
-56,480
-56,481
-56,482
-56,483
-56,484
-56,485
-56,486
-56,487
-56,488
-56,489
-56,490
-56,491
-56,492
-56,493
-56,494
-56,495
-56,496
-56,497
-56,498
-56,499
-56,500
-56,501
-56,502
-56,503
-56,504
-56,505
-56,506
-56,507
-56,508
-56,509
-56,510
-56,511
-56,512
-56,513
-56,514
-56,515
-56,516
-56,517
-56,518
-56,519
-56,520
-56,521
-56,522
-56,523
-56,524
-56,525
-56,526
-56,527
-56,528
-56,529
-56,530
-56,531
-56,532
-56,533
-56,534
-56,535
-56,536
-56,537
-56,538
-56,539
-56,540
-56,541
-56,542
-56,543
-56,544
-56,545
-56,546
-56,547
-56,548
-56,549
-56,550
-56,551
-56,552
-56,553
-56,554
-56,555
-56,556
-56,557
-56,558
-56,559
-56,560
-56,561
-56,562
-56,563
-56,564
-56,565
-56,566
-56,567
-56,568
-56,569
-56,570
-56,571
-56,572
-56,573
-56,574
-56,575
-56,576
-56,577
-56,578
-56,579
-56,580
-56,581
-56,582
-56,583
-56,584
-56,585
-56,586
-56,587
-56,588
-56,589
-56,590
-56,591
-56,592
-56,593
-56,594
:58_14,595
:58_14,596
:58_14,597
:58_14,598
:58_14,599
52,600
52,601
52,602
52,603
52,604
52,605
52,606
52,607
52,608
52,609
52,610
52,611
52,612
52,613
52,614
52,615
52,616
52,617
52,618
52,619
52,620
52,621
52,622
52,623
52,624
52,625
52,626
52,627
52,628
52,629
52,630
52,631
52,632
52,633
52,634
52,635
52,636
52,637
52,638
52,639
52,640
52,641
52,642
52,643
52,644
52,645
52,646
52,647
52,648
52,649
52,650
52,651
52,652
52,653
52,654
52,655
52,656
52,657
52,658
52,659
52,660
52,661
52,662
52,663
52,664
52,665
52,666
52,667
52,668
52,669
52,670
52,671
52,672
52,673
52,674
52,675
52,676
52,677
52,678
52,679
52,680
52,681
52,682
52,683
52,684
52,685
52,686
52,687
52,688
52,689
52,690
52,691
52,692
52,693
52,694
52,695
52,696
52,697
52,698
52,699
52,700
52,701
52,702
52,703
52,704
52,705
52,706
52,707
52,708
52,709
52,710
52,711
52,712
52,713
52,714
52,715
52,716
52,717
52,718
52,719
52,720
52,721
52,722
52,723
52,724
52,725
52,726
52,727
52,728
52,729
52,730
52,731
52,732
52,733
52,734
52,735
52,736
52,737
52,738
52,739
52,740
52,741
52,742
52,743
52,744
52,745
:60_4,746
:60_4,747
:60_4,748
:60_4,749
:60_4,750
-122,751
-122,752
-122,753
-122,754
-122,755
-122,756
-122,757
-122,758
-122,759
-122,760
-122,761
-122,762
-122,763
-122,764
-122,765
-122,766
-122,767
-122,768
-122,769
-122,770
-122,771
-122,772
-122,773
-122,774
-122,775
-122,776
-122,777
-122,778
-122,779
-122,780
-122,781
-122,782
-122,783
-122,784
-122,785
-122,786
-122,787
-122,788
-122,789
-122,790
-122,791
-122,792
-122,793
-122,794
-122,795
-122,796
-122,797
-122,798
-122,799
-122,800
-122,801
-122,802
-122,803
-122,804
-122,805
-122,806
-122,807
-122,808
-122,809
-122,810
-122,811
-122,812
-122,813
-122,814
-122,815
-122,816
-122,817
-122,818
-122,819
-122,820
-122,821
-122,822
-122,823
-122,824
-122,825
-122,826
-122,827
-122,828
-122,829
-122,830
-122,831
-122,832
:137_7,833
:137_7,834
:137_7,835
:137_7,836
:137_7,837
:137_7,838
121,839
121,840
121,841
121,842
121,843
121,844
121,845
121,846
121,847
121,848
121,849
121,850
121,851
121,852
121,853
121,854
121,855
121,856
121,857
121,858
121,859
121,860
121,861
121,862
121,863
121,864
121,865
121,866
121,867
121,868
121,869
121,870
121,871
121,872
121,873
121,874
121,875
121,876
121,877
121,878
121,879
121,880
121,881
121,882
121,883
121,884
121,885
121,886
121,887
121,888
121,889
121,890
121,891
121,892
121,893
121,894
121,895
121,896
121,897
121,898
121,899
121,900
121,901
121,902
121,903
121,904
121,905
121,906
121,907
121,908
121,909
121,910
:77_4,911
:77_4,912
:77_4,913
:77_4,914
:77_4,915
:77_4,916
-67,917
-67,918
-67,919
-67,920
-67,921
-67,922
-67,923
-67,924
-67,925
-67,926
-67,927
-67,928
-67,929
-67,930
-67,931
-67,932
-67,933
-67,934
-67,935
-67,936
-67,937
-67,938
-67,939
-67,940
-67,941
-67,942
-67,943
-67,944
-67,945
-67,946
-67,947
-67,948
-67,949
-67,950
-67,951
-67,952
-67,953
-67,954
-67,955
-67,956
-67,957
-67,958
-67,959
-67,960
-67,961
-67,962
-67,963
-67,964
-67,965
-67,966
402,1
402,2
402,3
402,1
