-401,5
-401,6
-401,7
-401,8
-401,9
-401,10
-401,11
-401,12
-401,13
-401,14
-401,15
-401,16
-401,17
-401,18
-401,19
-401,20
-401,21
-401,22
-401,23
-401,24
-401,25
-401,26
-401,27
-401,28
-401,29
-401,30
-401,31
-401,32
-401,33
-401,34
-401,35
-401,36
-401,37
-401,38
-401,39
-401,40
-401,41
-401,42
-401,43
-401,44
-401,45
-401,46
-401,47
-401,48
-401,49
-401,50
-401,51
-401,52
-401,53
-401,54
-401,55
-401,56
-401,57
-401,58
-401,59
-401,60
-401,61
-401,62
-401,63
-401,64
-401,65
-401,66
-401,67
-401,68
-401,69
-401,70
-401,71
-401,72
-401,73
-401,74
-401,75
-401,76
-401,77
-401,78
-401,79
-401,80
-401,81
-401,82
-401,83
-401,84
-401,85
-401,86
-401,87
-401,88
-401,89
-401,90
-401,91
-401,92
-401,93
-401,94
-401,95
-401,96
-401,97
-401,98
-401,99
-401,100
-401,101
-401,102
-401,103
-401,104
-401,105
-401,106
-401,107
-401,108
-401,109
-401,110
-401,111
-401,112
-401,113
-401,114
-401,115
-401,116
-401,117
-401,118
-401,119
-401,120
-401,121
-401,122
-401,123
-401,124
-401,125
-401,126
-401,127
-401,128
-401,129
-401,130
-401,131
-401,132
-401,133
-401,134
-401,135
-401,136
-401,137
-401,138
-401,139
-401,140
-401,141
-401,142
-401,143
-401,144
-401,145
-401,146
-401,147
-401,148
-401,149
-401,150
-401,151
-401,152
-401,153
-401,154
-401,155
-401,156
-401,157
-401,158
-401,159
-401,160
-401,161
-401,162
-401,163
-401,164
-401,165
-401,166
-401,167
-401,168
-401,169
-401,170
-401,171
-401,172
-401,173
-401,174
-401,175
-401,176
-401,177
-401,178
-401,179
-401,180
-401,181
-401,182
-401,183
-401,184
-401,185
-401,186
-401,187
-401,188
-401,189
-401,190
-401,191
-401,192
-401,193
-401,194
-401,195
-401,196
-401,197
-401,198
-401,199
-401,200
-401,201
-401,202
-401,203
-401,204
-401,205
-401,206
-401,207
-401,208
-401,209
-401,210
-401,211
-401,212
-401,213
-401,214
-401,215
-401,216
-401,217
-401,218
-401,219
-401,220
-401,221
-401,222
-401,223
-401,224
-401,225
-401,226
-401,227
-401,228
-401,229
-401,230
-401,231
-401,232
-401,233
-401,234
-401,235
-401,236
-401,237
-401,238
-401,239
-401,240
-401,241
-401,242
-401,243
-401,244
-401,245
-401,246
-401,247
-401,248
-401,249
-401,250
-401,251
-401,252
-401,253
-401,254
-401,255
-401,256
-401,257
-401,258
:215_8,259
:215_8,260
:215_8,261
:215_8,262
245,263
245,264
245,265
245,266
245,267
245,268
245,269
245,270
245,271
245,272
245,273
245,274
245,275
245,276
245,277
245,278
245,279
245,280
245,281
245,282
245,283
245,284
245,285
245,286
245,287
245,288
245,289
245,290
245,291
245,292
245,293
245,294
245,295
245,296
245,297
245,298
245,299
245,300
245,301
245,302
245,303
245,304
245,305
245,306
245,307
245,308
245,309
245,310
245,311
245,312
245,313
245,314
245,315
245,316
245,317
245,318
245,319
245,320
245,321
245,322
245,323
:246_4,324
:246_4,325
:246_4,326
:246_4,327
:246_4,328
:246_10,329
:246_10,330
:246_10,331
:246_10,332
326,333
326,334
326,335
326,336
326,337
326,338
326,339
326,340
326,341
326,342
326,343
326,344
326,345
326,346
326,347
326,348
326,349
326,350
326,351
326,352
326,353
326,354
326,355
326,356
326,357
326,358
326,359
326,360
326,361
326,362
326,363
326,364
326,365
326,366
326,367
326,368
326,369
326,370
326,371
326,372
326,373
326,374
326,375
326,376
326,377
326,378
326,379
326,380
326,381
326,382
326,383
326,384
326,385
326,386
326,387
326,388
326,389
326,390
326,391
326,392
326,393
326,394
326,395
326,396
326,397
326,398
326,399
326,400
326,401
326,402
326,403
326,404
326,405
326,406
326,407
326,408
326,409
326,410
326,411
326,412
326,413
326,414
326,415
326,416
326,417
326,418
326,419
326,420
326,421
326,422
326,423
326,424
326,425
326,426
326,427
326,428
326,429
326,430
326,431
326,432
326,433
326,434
326,435
326,436
326,437
326,438
326,439
326,440
326,441
326,442
326,443
326,444
326,445
326,446
326,447
326,448
326,449
326,450
326,451
326,452
326,453
326,454
326,455
326,456
326,457
326,458
326,459
326,460
326,461
326,462
326,463
326,464
326,465
326,466
326,467
326,468
326,469
326,470
326,471
326,472
326,473
326,474
326,475
326,476
326,477
326,478
326,479
326,480
326,481
326,482
326,483
326,484
326,485
326,486
326,487
326,488
326,489
326,490
326,491
326,492
326,493
326,494
326,495
326,496
326,497
326,498
326,499
326,500
326,501
326,502
326,503
326,504
326,505
326,506
326,507
326,508
326,509
326,510
326,511
326,512
326,513
326,514
326,515
326,516
326,517
326,518
326,519
326,520
326,521
326,522
326,523
326,524
326,525
326,526
326,527
326,528
326,529
326,530
326,531
326,532
326,533
326,534
326,535
326,536
326,537
326,538
326,539
326,540
326,541
326,542
326,543
326,544
326,545
326,546
326,547
326,548
326,549
326,550
:45_6,551
:45_6,552
:45_6,553
:45_6,554
:45_6,555
:45_6,556
:45_6,557
:45_6,558
:45_6,559
:45_6,560
:45_6,561
:45_6,562
:45_6,563
:45_6,564
-37,565
-37,566
-37,567
-37,568
-37,569
-37,570
-37,571
-37,572
-37,573
-37,574
-37,575
-37,576
-37,577
-37,578
-37,579
-37,580
-37,581
-37,582
-37,583
-37,584
-37,585
-37,586
-37,587
-37,588
-37,589
-37,590
-37,591
-37,592
-37,593
-37,594
-37,595
-37,596
-37,597
-37,598
-37,599
-37,600
-37,601
-37,602
-37,603
-37,604
-37,605
-37,606
-37,607
-37,608
-37,609
-37,610
-37,611
-37,612
-37,613
-37,614
-37,615
-37,616
-37,617
-37,618
-37,619
-37,620
-37,621
-37,622
-37,623
-37,624
-37,625
-37,626
-37,627
-37,628
-37,629
-37,630
-37,631
-37,632
-37,633
-37,634
-37,635
-37,636
-37,637
-37,638
-37,639
-37,640
-37,641
-37,642
-37,643
-37,644
-37,645
-37,646
-37,647
-37,648
-37,649
-37,650
-37,651
-37,652
-37,653
-37,654
-37,655
-37,656
-37,657
-37,658
-37,659
-37,660
-37,661
-37,662
-37,663
-37,664
-37,665
-37,666
-37,667
-37,668
-37,669
-37,670
-37,671
-37,672
-37,673
-37,674
-37,675
-37,676
-37,677
-37,678
-37,679
-37,680
-37,681
-37,682
-37,683
-37,684
-37,685
-37,686
-37,687
-37,688
-37,689
-37,690
-37,691
-37,692
-37,693
-37,694
-37,695
-37,696
-37,697
-37,698
-37,699
-37,700
-37,701
-37,702
-37,703
-37,704
-37,705
-37,706
-37,707
-37,708
-37,709
-37,710
-37,711
-37,712
-37,713
:43_9,714
:43_9,715
:43_9,716
:43_9,717
:43_9,718
:43_9,719
36,720
36,721
36,722
36,723
36,724
36,725
36,726
36,727
36,728
36,729
36,730
36,731
36,732
36,733
36,734
36,735
36,736
36,737
36,738
36,739
36,740
36,741
36,742
36,743
36,744
36,745
36,746
36,747
36,748
36,749
36,750
36,751
36,752
36,753
36,754
36,755
36,756
36,757
36,758
36,759
36,760
36,761
36,762
36,763
36,764
36,765
36,766
36,767
36,768
36,769
36,770
36,771
36,772
36,773
36,774
36,775
36,776
36,777
36,778
36,779
36,780
36,781
36,782
36,783
36,784
36,785
36,786
36,787
36,788
36,789
36,790
36,791
36,792
36,793
36,794
36,795
36,796
36,797
36,798
36,799
36,800
36,801
36,802
36,803
36,804
36,805
36,806
36,807
36,808
36,809
36,810
36,811
36,812
36,813
36,814
36,815
36,816
36,817
36,818
36,819
36,820
36,821
36,822
36,823
36,824
36,825
36,826
36,827
36,828
36,829
36,830
36,831
36,832
36,833
36,834
36,835
36,836
36,837
36,838
36,839
36,840
36,841
36,842
36,843
36,844
36,845
36,846
36,847
36,848
36,849
36,850
36,851
36,852
36,853
36,854
36,855
36,856
36,857
36,858
36,859
36,860
36,861
36,862
36,863
36,864
36,865
36,866
36,867
36,868
36,869
36,870
36,871
36,872
36,873
36,874
36,875
36,876
36,877
36,878
36,879
36,880
36,881
36,882
36,883
36,884
36,885
36,886
36,887
36,888
36,889
36,890
36,891
36,892
36,893
36,894
36,895
36,896
36,897
36,898
36,899
36,900
36,901
36,902
36,903
36,904
36,905
36,906
36,907
36,908
36,909
36,910
36,911
36,912
36,913
36,914
36,915
36,916
36,917
36,918
36,919
36,920
36,921
36,922
36,923
36,924
36,925
36,926
36,927
36,928
36,929
:44_3,930
:44_3,931
:44_3,932
:44_3,933
:44_3,934
:44_3,935
:44_3,936
:44_3,937
-42,938
-42,939
-42,940
-42,941
-42,942
-42,943
-42,944
-42,945
-42,946
-42,947
-42,948
-42,949
-42,950
-42,951
-42,952
-42,953
-42,954
-42,955
-42,956
-42,957
-42,958
-42,959
-42,960
-42,961
-42,962
-42,963
-42,964
-42,965
