39,1
39,1
39,1
39,2
39,3
39,4
39,5
39,6
39,7
39,8
39,9
39,10
39,11
39,12
39,13
39,14
39,15
39,16
39,17
39,18
39,19
39,20
39,21
39,22
39,23
39,24
39,25
39,26
39,27
39,28
39,29
39,30
39,31
39,32
39,33
39,34
39,35
39,36
39,37
39,38
39,39
39,40
39,41
39,42
39,43
39,44
39,45
39,46
39,47
39,48
39,49
39,50
39,51
39,52
39,53
39,54
39,55
39,56
39,57
39,58
39,59
39,60
39,61
39,62
39,63
39,64
39,65
39,66
39,67
39,68
39,69
39,70
39,71
39,72
39,73
39,74
39,75
39,76
39,77
39,78
39,79
39,80
39,81
39,82
39,83
39,84
39,85
39,86
39,87
39,88
39,89
39,90
39,91
39,92
39,93
39,94
39,95
39,96
39,97
39,98
39,99
39,100
39,101
39,102
39,103
39,104
39,105
39,106
39,107
39,108
39,109
39,110
39,111
39,112
39,113
39,114
39,115
39,116
39,117
39,118
39,119
39,120
39,121
39,122
39,123
39,124
39,125
39,126
39,127
39,128
39,129
39,130
39,131
39,132
39,133
39,134
39,135
39,136
39,137
39,138
39,139
39,140
39,141
39,142
39,143
39,144
39,145
39,146
39,147
39,148
39,149
39,150
39,151
39,152
39,153
39,154
39,155
39,156
39,157
39,158
39,159
39,160
39,161
39,162
39,163
39,164
39,165
39,166
39,167
39,168
39,169
39,170
39,171
39,172
39,173
39,174
39,175
:47_4,176
:47_4,177
:47_4,178
:47_4,179
117,180
117,181
117,182
117,183
117,184
117,185
117,186
117,187
117,188
117,189
117,190
117,191
117,192
117,193
117,194
117,195
117,196
117,197
117,198
117,199
117,200
117,201
117,202
117,203
117,204
117,205
117,206
117,207
117,208
117,209
117,210
117,211
117,212
117,213
117,214
117,215
117,216
117,217
117,218
117,219
117,220
117,221
117,222
117,223
117,224
117,225
117,226
117,227
117,228
117,229
117,230
117,231
117,232
117,233
117,234
117,235
117,236
117,237
117,238
117,239
117,240
117,241
117,242
117,243
117,244
117,245
117,246
117,247
117,248
117,249
117,250
117,251
117,252
117,253
117,254
117,255
117,256
117,257
117,258
117,259
117,260
117,261
117,262
117,263
117,264
117,265
117,266
117,267
117,268
117,269
117,270
117,271
117,272
117,273
117,274
117,275
117,276
117,277
117,278
117,279
117,280
117,281
117,282
117,283
117,284
117,285
117,286
117,287
:134_7,288
:134_7,289
:134_7,290
:134_7,291
:134_7,292
-322,293
-322,294
-322,295
-322,296
-322,297
-322,298
-322,299
-322,300
-322,301
-322,302
-322,303
-322,304
-322,305
-322,306
-322,307
-322,308
-322,309
-322,310
-322,311
-322,312
-322,313
-322,314
-322,315
-322,316
-322,317
-322,318
-322,319
-322,320
-322,321
-322,322
-322,323
-322,324
-322,325
-322,326
-322,327
-322,328
-322,329
-322,330
-322,331
-322,332
-322,333
-322,334
-322,335
-322,336
-322,337
-322,338
-322,339
-322,340
-322,341
-322,342
-322,343
-322,344
-322,345
-322,346
-322,347
-322,348
-322,349
-322,350
-322,351
-322,352
-322,353
-322,354
-322,355
-322,356
-322,357
-322,358
-322,359
-322,360
-322,361
-322,362
-322,363
-322,364
-322,365
-322,366
-322,367
-322,368
-322,369
-322,370
-322,371
-322,372
-322,373
-322,374
-322,375
-322,376
-322,377
-322,378
-322,379
-322,380
-322,381
-322,382
-322,383
-322,384
-322,385
-322,386
-322,387
-322,388
-322,389
-322,390
-322,391
-322,392
-322,393
-322,394
-322,395
-322,396
-322,397
-322,398
-322,399
-322,400
-322,401
-322,402
-322,403
-322,404
-322,405
-322,406
-322,407
:50_5,408
:50_5,409
:50_5,410
:50_5,411
:50_5,412
:50_5,413
:50_5,414
-430,415
-430,416
-430,417
-430,418
-430,419
-430,420
-430,421
-430,422
-430,423
-430,424
-430,425
-430,426
-430,427
-430,428
-430,429
-430,430
-430,431
-430,432
-430,433
-430,434
-430,435
-430,436
-430,437
-430,438
-430,439
-430,440
-430,441
-430,442
-430,443
-430,444
-430,445
-430,446
-430,447
-430,448
-430,449
-430,450
-430,451
-430,452
-430,453
-430,454
-430,455
-430,456
-430,457
-430,458
-430,459
-430,460
-430,461
-430,462
-430,463
-430,464
-430,465
-430,466
-430,467
-430,468
-430,469
-430,470
-430,471
-430,472
-430,473
-430,474
-430,475
-430,476
-430,477
-430,478
-430,479
-430,480
-430,481
-430,482
-430,483
-430,484
-430,485
-430,486
-430,487
-430,488
-430,489
-430,490
-430,491
-430,492
-430,493
-430,494
-430,495
-430,496
-430,497
-430,498
-430,499
-430,500
-430,501
-430,502
-430,503
-430,504
-430,505
-430,506
-430,507
-430,508
-430,509
-430,510
-430,511
-430,512
-430,513
-430,514
-430,515
-430,516
-430,517
-430,518
-430,519
-430,520
-430,521
-430,522
-430,523
-430,524
-430,525
-430,526
-430,527
-430,528
-430,529
-430,530
-430,531
-430,532
-430,533
-430,534
-430,535
-430,536
-430,537
-430,538
-430,539
-430,540
-430,541
-430,542
-430,543
-430,544
-430,545
-430,546
-430,547
-430,548
-430,549
-430,550
-430,551
-430,552
-430,553
-430,554
-430,555
-430,556
-430,557
-430,558
-430,559
-430,560
-430,561
-430,562
-430,563
-430,564
-430,565
-430,566
-430,567
-430,568
-430,569
-430,570
-430,571
-430,572
-430,573
-430,574
-430,575
-430,576
-430,577
-430,578
-430,579
-430,580
-430,581
-430,582
-430,583
-430,584
-430,585
-430,586
-430,587
-430,588
-430,589
-430,590
-430,591
:375_4,592
:375_4,593
:375_10,594
:375_10,595
:375_10,596
652,597
652,598
652,599
652,600
652,601
652,602
652,603
652,604
652,605
652,606
652,607
652,608
652,609
652,610
652,611
652,612
652,613
652,614
652,615
652,616
652,617
652,618
652,619
652,620
652,621
652,622
652,623
652,624
652,625
652,626
652,627
652,628
652,629
652,630
652,631
652,632
652,633
652,634
652,635
652,636
652,637
652,638
652,639
652,640
652,641
652,642
652,643
652,644
652,645
652,646
652,647
652,648
652,649
652,650
652,651
652,652
652,653
652,654
652,655
652,656
652,657
652,658
652,659
652,660
652,661
652,662
652,663
652,664
652,665
652,666
652,667
652,668
652,669
652,670
652,671
652,672
652,673
652,674
652,675
652,676
652,677
652,678
652,679
652,680
652,681
652,682
652,683
652,684
652,685
652,686
652,687
652,688
652,689
652,690
652,691
652,692
652,693
652,694
652,695
652,696
652,697
652,698
652,699
652,700
652,701
652,702
652,703
652,704
652,705
652,706
652,707
652,708
652,709
652,710
652,711
652,712
652,713
652,714
652,715
652,716
652,717
652,718
652,719
652,720
652,721
652,722
652,723
652,724
652,725
652,726
652,727
652,728
652,729
652,730
652,731
652,732
652,733
652,734
652,735
652,736
652,737
652,738
652,739
652,740
652,741
652,742
652,743
652,744
652,745
652,746
652,747
652,748
652,749
652,750
652,751
652,752
39,1
39,2
39,3
39,1
