43,1
43,1
43,1
43,2
43,3
43,4
43,5
43,6
43,7
43,8
43,9
43,10
43,11
43,12
43,13
43,14
43,15
43,16
43,17
43,18
43,19
43,20
43,21
43,22
43,23
43,24
43,25
43,26
43,27
43,28
43,29
43,30
43,31
43,32
43,33
43,34
43,35
43,36
43,37
43,38
43,39
43,40
43,41
43,42
43,43
43,44
43,45
43,46
43,47
43,48
43,49
43,50
43,51
43,52
43,53
43,54
43,55
43,56
43,57
43,58
43,59
43,60
43,61
43,62
43,63
43,64
43,65
43,66
43,67
43,68
43,69
43,70
43,71
43,72
43,73
43,74
43,75
43,76
43,77
43,78
43,79
43,80
43,81
43,82
43,83
43,84
43,85
43,86
43,87
43,88
43,89
43,90
43,91
43,92
43,93
43,94
43,95
43,96
43,97
43,98
43,99
43,100
43,101
43,102
43,103
43,104
43,105
43,106
43,107
43,108
43,109
43,110
43,111
43,112
43,113
43,114
43,115
43,116
43,117
43,118
43,119
43,120
43,121
43,122
43,123
43,124
43,125
43,126
43,127
43,128
43,129
43,130
43,131
43,132
43,133
43,134
43,135
43,136
43,137
43,138
43,139
43,140
43,141
43,142
43,143
43,144
43,145
43,146
43,147
43,148
43,149
43,150
43,151
43,152
43,153
43,154
43,155
43,156
43,157
43,158
43,159
43,160
43,161
43,162
43,163
43,164
43,165
43,166
43,167
43,168
43,169
43,170
43,171
43,172
43,173
43,174
43,175
43,176
43,177
43,178
43,179
43,180
43,181
43,182
43,183
43,184
43,185
43,186
:50_1,187
:50_1,188
:50_1,189
:50_1,190
:50_1,191
:50_1,192
44,193
44,194
44,195
44,196
44,197
44,198
44,199
44,200
44,201
44,202
44,203
44,204
44,205
44,206
44,207
44,208
44,209
44,210
44,211
44,212
44,213
44,214
44,215
44,216
44,217
44,218
44,219
44,220
44,221
44,222
44,223
44,224
44,225
44,226
44,227
44,228
44,229
44,230
44,231
44,232
44,233
44,234
44,235
44,236
44,237
44,238
44,239
44,240
44,241
44,242
44,243
44,244
44,245
44,246
44,247
44,248
44,249
44,250
44,251
44,252
44,253
44,254
44,255
44,256
44,257
44,258
44,259
44,260
44,261
44,262
44,263
44,264
44,265
44,266
44,267
44,268
44,269
44,270
44,271
44,272
44,273
44,274
44,275
44,276
44,277
44,278
44,279
44,280
44,281
44,282
44,283
44,284
44,285
44,286
44,287
44,288
44,289
44,290
44,291
44,292
44,293
44,294
44,295
44,296
44,297
44,298
44,299
44,300
44,301
44,302
44,303
44,304
44,305
44,306
44,307
44,308
44,309
44,310
44,311
44,312
44,313
44,314
44,315
44,316
44,317
44,318
44,319
44,320
44,321
44,322
44,323
44,324
44,325
44,326
44,327
44,328
44,329
44,330
44,331
44,332
44,333
44,334
44,335
44,336
44,337
44,338
44,339
44,340
44,341
44,342
44,343
44,344
44,345
44,346
44,347
44,348
44,349
44,350
44,351
44,352
44,353
44,354
44,355
44,356
44,357
44,358
44,359
44,360
44,361
44,362
44,363
44,364
44,365
44,366
44,367
44,368
44,369
44,370
44,371
44,372
44,373
44,374
44,375
44,376
44,377
44,378
44,379
44,380
44,381
44,382
44,383
44,384
44,385
44,386
44,387
44,388
44,389
44,390
44,391
44,392
44,393
44,394
44,395
44,396
44,397
44,398
44,399
44,400
44,401
44,402
44,403
44,404
44,405
44,406
44,407
44,408
44,409
44,410
44,411
44,412
44,413
44,414
44,415
44,416
44,417
44,418
44,419
44,420
44,421
44,422
44,423
44,424
44,425
44,426
44,427
44,428
44,429
44,430
44,431
44,432
44,433
44,434
44,435
44,436
44,437
44,438
44,439
44,440
44,441
44,442
44,443
44,444
44,445
44,446
44,447
44,448
44,449
44,450
44,451
44,452
44,453
44,454
44,455
44,456
44,457
44,458
44,459
:51_4,460
:51_4,461
:51_4,462
:51_4,463
:51_4,464
:51_4,465
94,466
94,467
94,468
94,469
94,470
94,471
94,472
94,473
94,474
94,475
94,476
94,477
94,478
94,479
94,480
94,481
94,482
94,483
94,484
94,485
94,486
94,487
94,488
94,489
94,490
94,491
94,492
94,493
94,494
94,495
94,496
94,497
94,498
94,499
94,500
94,501
94,502
94,503
94,504
94,505
94,506
94,507
94,508
94,509
94,510
94,511
94,512
94,513
94,514
94,515
94,516
94,517
94,518
94,519
94,520
94,521
94,522
94,523
94,524
94,525
94,526
94,527
94,528
94,529
94,530
94,531
94,532
94,533
94,534
94,535
94,536
94,537
94,538
94,539
94,540
94,541
94,542
94,543
94,544
94,545
94,546
94,547
94,548
94,549
94,550
94,551
94,552
94,553
94,554
94,555
94,556
94,557
94,558
94,559
94,560
94,561
94,562
94,563
94,564
94,565
94,566
94,567
94,568
94,569
94,570
94,571
94,572
94,573
94,574
94,575
94,576
94,577
94,578
94,579
94,580
94,581
94,582
94,583
94,584
94,585
94,586
94,587
94,588
:110_1,589
:110_1,590
:110_1,591
:110_1,592
:110_1,593
520,594
520,595
520,596
520,597
520,598
520,599
520,600
520,601
520,602
520,603
520,604
520,605
520,606
520,607
520,608
520,609
520,610
520,611
520,612
520,613
520,614
520,615
520,616
520,617
520,618
520,619
520,620
520,621
520,622
520,623
520,624
520,625
520,626
520,627
520,628
520,629
520,630
520,631
520,632
520,633
520,634
520,635
520,636
520,637
520,638
520,639
520,640
520,641
520,642
520,643
520,644
520,645
520,646
520,647
520,648
520,649
520,650
520,651
520,652
520,653
520,654
520,655
520,656
520,657
520,658
520,659
520,660
520,661
520,662
520,663
520,664
520,665
520,666
520,667
520,668
520,669
520,670
520,671
520,672
520,673
520,674
520,675
520,676
520,677
520,678
520,679
520,680
520,681
520,682
520,683
520,684
520,685
520,686
520,687
520,688
520,689
520,690
520,691
520,692
520,693
520,694
520,695
520,696
520,697
520,698
520,699
520,700
520,701
520,702
520,703
520,704
520,705
520,706
520,707
520,708
520,709
520,710
520,711
520,712
520,713
520,714
520,715
520,716
520,717
520,718
520,719
520,720
520,721
520,722
520,723
520,724
520,725
520,726
520,727
520,728
520,729
520,730
520,731
520,732
520,733
520,734
520,735
520,736
520,737
520,738
520,739
520,740
520,741
520,742
520,743
520,744
520,745
520,746
520,747
520,748
520,749
520,750
520,751
520,752
520,753
520,754
520,755
520,756
520,757
520,758
:302_1,759
:302_1,760
:302_1,761
:302_1,762
324,763
324,764
324,765
324,766
324,767
324,768
324,769
324,770
324,771
324,772
324,773
324,774
324,775
324,776
324,777
324,778
324,779
324,780
324,781
324,782
324,783
324,784
324,785
324,786
324,787
324,788
324,789
324,790
324,791
324,792
324,793
324,794
324,795
324,796
324,797
324,798
324,799
324,800
324,801
324,802
324,803
324,804
324,805
324,806
324,807
324,808
324,809
324,810
324,811
324,812
324,813
324,814
324,815
324,816
324,817
324,818
324,819
324,820
324,821
324,822
324,823
324,824
324,825
324,826
324,827
324,828
324,829
324,830
324,831
324,832
324,833
324,834
324,835
324,836
324,837
324,838
324,839
324,840
324,841
324,842
324,843
324,844
324,845
324,846
324,847
324,848
324,849
324,850
324,851
324,852
324,853
324,854
324,855
324,856
324,857
324,858
324,859
324,860
324,861
324,862
324,863
324,864
324,865
324,866
324,867
324,868
324,869
324,870
324,871
324,872
324,873
324,874
324,875
324,876
324,877
324,878
324,879
324,880
324,881
324,882
324,883
324,884
324,885
324,886
324,887
324,888
324,889
324,890
324,891
324,892
324,893
324,894
324,895
324,896
324,897
324,898
324,899
324,900
324,901
324,902
324,903
324,904
324,905
324,906
324,907
324,908
324,909
324,910
324,911
324,912
324,913
324,914
324,915
324,916
324,917
324,918
324,919
324,920
324,921
324,922
324,923
324,924
324,925
324,926
324,927
324,928
324,929
324,930
324,931
324,932
324,933
324,934
324,935
324,936
324,937
324,938
324,939
324,940
324,941
324,942
324,943
324,944
324,945
324,946
324,947
324,948
324,949
324,950
324,951
324,952
324,953
324,954
324,955
324,956
324,957
324,958
324,959
324,960
324,961
324,962
324,963
324,964
324,965
324,966
43,1
43,2
43,3
43,1
