17,47
17,48
17,49
17,50
17,51
17,52
17,53
17,54
17,55
17,56
17,57
17,58
17,59
17,60
17,61
17,62
17,63
17,64
17,65
17,66
17,67
17,68
17,69
17,70
17,71
17,72
17,73
17,74
17,75
17,76
17,77
17,78
17,79
17,80
17,81
17,82
17,83
17,84
17,85
17,86
17,87
17,88
17,89
17,90
17,91
17,92
17,93
17,94
17,95
17,96
17,97
17,98
17,99
17,100
17,101
17,102
17,103
17,104
17,105
17,106
17,107
17,108
17,109
17,110
17,111
17,112
17,113
17,114
17,115
17,116
17,117
17,118
17,119
17,120
17,121
17,122
17,123
17,124
17,125
17,126
17,127
17,128
17,129
17,130
17,131
17,132
17,133
17,134
17,135
17,136
17,137
17,138
17,139
17,140
17,141
17,142
17,143
17,144
17,145
17,146
17,147
17,148
17,149
17,150
17,151
17,152
17,153
17,154
17,155
17,156
17,157
17,158
17,159
17,160
17,161
17,162
17,163
17,164
17,165
17,166
17,167
17,168
17,169
17,170
17,171
17,172
:20_4,173
:20_4,174
:20_4,175
:20_4,176
:20_4,177
:20_4,178
18,179
18,180
18,181
18,182
18,183
18,184
18,185
18,186
18,187
18,188
18,189
18,190
18,191
18,192
18,193
18,194
18,195
18,196
18,197
18,198
18,199
18,200
18,201
18,202
18,203
18,204
18,205
18,206
18,207
18,208
18,209
18,210
18,211
18,212
18,213
18,214
18,215
18,216
18,217
18,218
18,219
18,220
18,221
18,222
18,223
18,224
18,225
18,226
18,227
18,228
18,229
18,230
18,231
18,232
18,233
18,234
18,235
18,236
18,237
18,238
18,239
18,240
18,241
18,242
18,243
18,244
18,245
18,246
18,247
18,248
18,249
18,250
18,251
18,252
18,253
18,254
18,255
18,256
18,257
18,258
18,259
18,260
18,261
18,262
18,263
18,264
18,265
18,266
18,267
18,268
18,269
18,270
18,271
18,272
18,273
18,274
18,275
18,276
18,277
18,278
18,279
18,280
18,281
18,282
18,283
18,284
18,285
18,286
18,287
18,288
18,289
18,290
18,291
18,292
18,293
18,294
18,295
18,296
18,297
18,298
18,299
18,300
18,301
18,302
18,303
18,304
18,305
18,306
18,307
:21_3,308
:21_3,309
:21_3,310
:21_3,311
:21_3,312
258,313
258,314
258,315
258,316
258,317
258,318
258,319
258,320
258,321
258,322
258,323
258,324
258,325
258,326
258,327
258,328
258,329
258,330
258,331
258,332
258,333
258,334
258,335
258,336
258,337
258,338
258,339
258,340
258,341
258,342
258,343
258,344
258,345
258,346
258,347
258,348
258,349
258,350
258,351
258,352
258,353
258,354
258,355
258,356
258,357
258,358
258,359
258,360
258,361
258,362
258,363
258,364
258,365
258,366
258,367
258,368
258,369
258,370
258,371
258,372
258,373
258,374
258,375
258,376
258,377
258,378
258,379
258,380
258,381
258,382
258,383
258,384
258,385
258,386
258,387
258,388
258,389
258,390
258,391
258,392
258,393
258,394
258,395
258,396
258,397
258,398
258,399
258,400
258,401
258,402
:256_3,403
:256_3,404
:256_3,405
:256_3,406
:256_3,407
:256_3,408
259,409
259,410
259,411
259,412
259,413
259,414
259,415
259,416
259,417
259,418
259,419
259,420
259,421
259,422
259,423
259,424
259,425
259,426
259,427
259,428
259,429
259,430
259,431
259,432
259,433
259,434
259,435
259,436
259,437
259,438
259,439
259,440
:157_6,441
:157_6,442
:157_6,443
:157_6,444
:157_6,445
:157_6,446
:157_6,447
:157_6,448
:157_6,449
:157_6,450
:157_6,451
:157_6,452
:157_16,453
:157_16,454
:157_16,455
:157_16,456
:157_16,457
261,458
261,459
261,460
261,461
261,462
261,463
261,464
261,465
261,466
261,467
261,468
261,469
261,470
261,471
261,472
261,473
261,474
261,475
261,476
261,477
261,478
261,479
261,480
261,481
261,482
261,483
261,484
261,485
261,486
261,487
261,488
261,489
261,490
261,491
261,492
261,493
261,494
261,495
261,496
261,497
261,498
261,499
261,500
261,501
261,502
261,503
261,504
261,505
261,506
261,507
261,508
261,509
261,510
261,511
261,512
261,513
261,514
261,515
261,516
261,517
261,518
261,519
261,520
261,521
261,522
261,523
261,524
261,525
261,526
261,527
261,528
261,529
261,530
261,531
261,532
261,533
261,534
261,535
261,536
261,537
261,538
261,539
261,540
261,541
261,542
261,543
261,544
261,545
261,546
261,547
261,548
261,549
261,550
261,551
261,552
261,553
261,554
261,555
261,556
261,557
261,558
261,559
261,560
261,561
261,562
261,563
261,564
261,565
261,566
261,567
261,568
261,569
261,570
261,571
261,572
261,573
261,574
261,575
261,576
261,577
:258_1,578
:258_1,579
:258_1,580
:258_1,581
:258_1,582
:258_1,583
-504,584
-504,585
-504,586
-504,587
-504,588
-504,589
-504,590
-504,591
-504,592
-504,593
-504,594
-504,595
-504,596
-504,597
-504,598
-504,599
-504,600
-504,601
-504,602
-504,603
-504,604
-504,605
-504,606
-504,607
-504,608
-504,609
-504,610
-504,611
-504,612
-504,613
-504,614
-504,615
-504,616
-504,617
-504,618
-504,619
-504,620
:421_0,621
:421_0,622
:421_0,623
:421_0,624
503,625
503,626
503,627
503,628
503,629
503,630
503,631
503,632
503,633
503,634
503,635
503,636
503,637
503,638
503,639
503,640
503,641
503,642
503,643
503,644
503,645
503,646
503,647
503,648
503,649
503,650
503,651
503,652
503,653
503,654
503,655
503,656
503,657
503,658
503,659
503,660
503,661
503,662
503,663
503,664
503,665
503,666
503,667
503,668
503,669
503,670
503,671
503,672
503,673
503,674
503,675
503,676
503,677
503,678
503,679
503,680
503,681
503,682
503,683
503,684
503,685
503,686
503,687
503,688
503,689
503,690
503,691
503,692
503,693
503,694
503,695
503,696
503,697
503,698
503,699
503,700
:399_4,701
:399_4,702
:399_4,703
:399_4,704
523,705
523,706
523,707
523,708
523,709
523,710
523,711
523,712
523,713
523,714
523,715
523,716
523,717
523,718
523,719
523,720
523,721
523,722
523,723
523,724
523,725
523,726
523,727
523,728
523,729
523,730
523,731
523,732
523,733
523,734
523,735
523,736
523,737
523,738
523,739
523,740
523,741
523,742
523,743
523,744
523,745
523,746
523,747
523,748
523,749
523,750
523,751
523,752
523,753
523,754
523,755
523,756
523,757
523,758
523,759
523,760
523,761
523,762
523,763
523,764
523,765
523,766
:282_4,767
:282_4,768
:282_4,769
:282_10,770
:282_10,771
:282_10,772
-293,773
-293,774
-293,775
-293,776
-293,777
-293,778
-293,779
-293,780
-293,781
-293,782
-293,783
-293,784
-293,785
-293,786
-293,787
-293,788
-293,789
-293,790
-293,791
-293,792
-293,793
-293,794
-293,795
-293,796
-293,797
-293,798
-293,799
-293,800
-293,801
-293,802
-293,803
-293,804
-293,805
-293,806
-293,807
-293,808
-293,809
-293,810
-293,811
-293,812
-293,813
-293,814
-293,815
-293,816
-293,817
-293,818
-293,819
-293,820
-293,821
-293,822
-293,823
-293,824
-293,825
-293,826
-293,827
-293,828
-293,829
-293,830
-293,831
-293,832
-293,833
-293,834
-293,835
-293,836
-293,837
-293,838
-293,839
-293,840
-293,841
-293,842
-293,843
-293,844
-293,845
-293,846
-293,847
-293,848
-293,849
-293,850
-293,851
-293,852
-293,853
-293,854
-293,855
-293,856
-293,857
-293,858
-293,859
-293,860
-293,861
-293,862
-293,863
-293,864
-293,865
-293,866
-293,867
-293,868
-293,869
-293,870
-293,871
-293,872
-293,873
-293,874
-293,875
-293,876
-293,877
-293,878
-293,879
-293,880
-293,881
-293,882
-293,883
-293,884
-293,885
-293,886
-293,887
-293,888
-293,889
-293,890
-293,891
-293,892
-293,893
-293,894
-293,895
-293,896
-293,897
-293,898
-293,899
-293,900
-293,901
-293,902
-293,903
-293,904
-293,905
-293,906
-293,907
-293,908
-293,909
-293,910
-293,911
-293,912
-293,913
-293,914
-293,915
-293,916
-293,917
-293,918
-293,919
-293,920
-293,921
-293,922
-293,923
-293,924
-293,925
-293,926
-293,927
-293,928
-293,929
-293,930
-293,931
-293,932
-293,933
-293,934
-293,935
-293,936
-293,937
-293,938
-293,939
-293,940
-293,941
-293,942
-293,943
-293,944
-293,945
-293,946
-293,947
-293,948
-293,949
-293,950
-293,951
-293,952
-293,953
-293,954
-293,955
-293,956
:122_2,957
:122_2,958
:122_2,959
:122_2,960
:122_2,961
:122_2,962
:122_2,963
292,964
292,965
