596,1
596,1
596,1
596,2
596,3
596,4
596,5
596,6
596,7
596,8
596,9
596,10
596,11
596,12
596,13
596,14
596,15
596,16
596,17
596,18
596,19
596,20
596,21
596,22
596,23
596,24
596,25
596,26
596,27
596,28
596,29
596,30
596,31
596,32
596,33
596,34
596,35
596,36
596,37
596,38
596,39
596,40
596,41
596,42
596,43
596,44
596,45
596,46
596,47
596,48
596,49
596,50
596,51
596,52
596,53
596,54
596,55
596,56
596,57
596,58
596,59
596,60
596,61
596,62
596,63
596,64
596,65
-294,66
-294,67
-294,68
-294,69
-294,70
-294,71
-294,72
-294,73
-294,74
-294,75
-294,76
-294,77
-294,78
-294,79
-294,80
-294,81
-294,82
-294,83
-294,84
-294,85
-294,86
-294,87
-294,88
-294,89
-294,90
-294,91
-294,92
-294,93
-294,94
-294,95
-294,96
-294,97
-294,98
-294,99
-294,100
-294,101
-294,102
-294,103
-294,104
-294,105
-294,106
-294,107
-294,108
-294,109
-294,110
-294,111
-294,112
-294,113
-294,114
-294,115
-294,116
-294,117
-294,118
-294,119
-294,120
-294,121
-294,122
-294,123
-294,124
-294,125
-294,126
-294,127
-294,128
-294,129
-294,130
-294,131
-294,132
-294,133
-294,134
:122_8,135
:122_8,136
:122_8,137
292,138
292,139
292,140
292,141
292,142
292,143
292,144
292,145
292,146
292,147
292,148
292,149
292,150
292,151
292,152
292,153
292,154
292,155
292,156
292,157
292,158
292,159
292,160
292,161
292,162
292,163
292,164
292,165
292,166
292,167
292,168
292,169
292,170
292,171
292,172
292,173
292,174
292,175
292,176
292,177
292,178
292,179
292,180
:232_6,181
:232_6,182
:232_6,183
:232_6,184
-226,185
-226,186
-226,187
-226,188
-226,189
-226,190
-226,191
-226,192
-226,193
-226,194
-226,195
-226,196
-226,197
-226,198
-226,199
-226,200
-226,201
-226,202
-226,203
-226,204
-226,205
-226,206
-226,207
-226,208
-226,209
-226,210
-226,211
-226,212
-226,213
-226,214
-226,215
-226,216
-226,217
-226,218
-226,219
-226,220
-226,221
-226,222
-226,223
-226,224
-226,225
-226,226
-226,227
-226,228
-226,229
-226,230
-226,231
-226,232
-226,233
-226,234
-226,235
-226,236
:227_7,237
:227_7,238
:227_7,239
:227_7,240
225,241
225,242
225,243
225,244
225,245
225,246
225,247
225,248
225,249
225,250
225,251
225,252
225,253
225,254
225,255
225,256
225,257
225,258
225,259
225,260
225,261
225,262
225,263
225,264
225,265
225,266
225,267
225,268
225,269
225,270
225,271
225,272
225,273
225,274
225,275
225,276
225,277
225,278
225,279
225,280
225,281
225,282
225,283
225,284
225,285
225,286
225,287
225,288
225,289
225,290
225,291
225,292
225,293
225,294
225,295
225,296
225,297
225,298
225,299
225,300
225,301
225,302
225,303
225,304
225,305
225,306
225,307
225,308
225,309
225,310
225,311
225,312
225,313
225,314
225,315
225,316
225,317
225,318
225,319
225,320
225,321
225,322
225,323
225,324
225,325
225,326
225,327
225,328
225,329
225,330
225,331
225,332
225,333
225,334
225,335
225,336
225,337
225,338
225,339
225,340
225,341
225,342
225,343
225,344
225,345
225,346
225,347
225,348
225,349
225,350
225,351
:231_6,352
:231_6,353
:231_6,354
:231_6,355
:231_6,356
-257,357
-257,358
-257,359
-257,360
-257,361
-257,362
-257,363
-257,364
-257,365
-257,366
-257,367
-257,368
-257,369
-257,370
-257,371
-257,372
-257,373
-257,374
-257,375
-257,376
-257,377
-257,378
-257,379
-257,380
-257,381
-257,382
-257,383
-257,384
-257,385
-257,386
-257,387
-257,388
-257,389
-257,390
-257,391
-257,392
-257,393
-257,394
-257,395
-257,396
-257,397
-257,398
-257,399
-257,400
-257,401
-257,402
-257,403
-257,404
-257,405
-257,406
-257,407
-257,408
-257,409
-257,410
-257,411
-257,412
-257,413
-257,414
-257,415
-257,416
-257,417
-257,418
-257,419
-257,420
-257,421
-257,422
-257,423
-257,424
-257,425
-257,426
-257,427
-257,428
-257,429
-257,430
-257,431
-257,432
-257,433
-257,434
-257,435
-257,436
-257,437
-257,438
-257,439
-257,440
-257,441
-257,442
-257,443
-257,444
-257,445
-257,446
-257,447
-257,448
-257,449
-257,450
-257,451
-257,452
-257,453
-257,454
-257,455
-257,456
-257,457
-257,458
-257,459
-257,460
-257,461
-257,462
-257,463
-257,464
-257,465
-257,466
-257,467
-257,468
-257,469
-257,470
-257,471
-257,472
-257,473
-257,474
-257,475
-257,476
-257,477
-257,478
-257,479
-257,480
-257,481
-257,482
-257,483
-257,484
-257,485
:21_6,486
:21_6,487
:21_6,488
:21_6,489
:21_6,490
-18,491
-18,492
-18,493
-18,494
-18,495
-18,496
-18,497
-18,498
-18,499
-18,500
-18,501
-18,502
-18,503
-18,504
-18,505
-18,506
-18,507
-18,508
-18,509
-18,510
-18,511
-18,512
-18,513
-18,514
-18,515
-18,516
-18,517
-18,518
-18,519
-18,520
-18,521
-18,522
-18,523
-18,524
-18,525
-18,526
-18,527
-18,528
-18,529
-18,530
-18,531
-18,532
-18,533
-18,534
-18,535
-18,536
-18,537
-18,538
-18,539
-18,540
-18,541
-18,542
-18,543
-18,544
-18,545
-18,546
-18,547
-18,548
-18,549
-18,550
-18,551
-18,552
-18,553
-18,554
-18,555
-18,556
-18,557
-18,558
-18,559
-18,560
-18,561
-18,562
-18,563
-18,564
-18,565
-18,566
-18,567
-18,568
-18,569
-18,570
:20_6,571
:20_6,572
:20_6,573
-17,574
-17,575
-17,576
-17,577
-17,578
-17,579
-17,580
-17,581
-17,582
-17,583
-17,584
-17,585
-17,586
-17,587
-17,588
-17,589
-17,590
-17,591
-17,592
-17,593
-17,594
-17,595
-17,596
-17,597
-17,598
-17,599
-17,600
-17,601
-17,602
-17,603
-17,604
-17,605
-17,606
-17,607
-17,608
-17,609
-17,610
-17,611
-17,612
-17,613
-17,614
-17,615
-17,616
-17,617
-17,618
-17,619
-17,620
-17,621
-17,622
-17,623
-17,624
-17,625
-17,626
-17,627
-17,628
-17,629
-17,630
-17,631
-17,632
-17,633
-17,634
-17,635
-17,636
-17,637
-17,638
-17,639
-17,640
-17,641
-17,642
-17,643
-17,644
-17,645
-17,646
-17,647
-17,648
-17,649
-17,650
-17,651
-17,652
596,1
596,2
596,3
596,1
