-224,1
-224,1
-224,1
-224,2
-224,3
-224,4
-224,5
-224,6
-224,7
-224,8
-224,9
-224,10
-224,11
-224,12
-224,13
-224,14
-224,15
-224,16
-224,17
-224,18
-224,19
-224,20
-224,21
-224,22
-224,23
-224,24
-224,25
-224,26
-224,27
-224,28
-224,29
-224,30
-224,31
-224,32
-224,33
-224,34
-224,35
-224,36
-224,37
-224,38
-224,39
-224,40
-224,41
-224,42
-224,43
-224,44
-224,45
-224,46
-224,47
-224,48
-224,49
-224,50
-224,51
-224,52
-224,53
-224,54
-224,55
-224,56
-224,57
-224,58
-224,59
-224,60
-224,61
-224,62
-224,63
-224,64
-224,65
-224,66
-224,67
-224,68
-224,69
-224,70
-224,71
-224,72
-224,73
-224,74
-224,75
-224,76
-224,77
-224,78
-224,79
-224,80
-224,81
-224,82
-224,83
-224,84
-224,85
:229_6,86
:229_6,87
:229_6,88
:229_6,89
:229_6,90
-223,91
-223,92
-223,93
-223,94
-223,95
-223,96
-223,97
-223,98
-223,99
-223,100
-223,101
-223,102
-223,103
-223,104
-223,105
-223,106
-223,107
-223,108
-223,109
-223,110
-223,111
-223,112
-223,113
-223,114
-223,115
-223,116
-223,117
-223,118
-223,119
-223,120
-223,121
-223,122
-223,123
-223,124
-223,125
-223,126
-223,127
-223,128
-223,129
-223,130
-223,131
-223,132
-223,133
-223,134
-223,135
-223,136
-223,137
-223,138
-223,139
-223,140
-223,141
-223,142
-223,143
-223,144
-223,145
-223,146
-223,147
-223,148
-223,149
-223,150
-223,151
-223,152
-223,153
-223,154
-223,155
-223,156
-223,157
-223,158
-223,159
-223,160
-223,161
-223,162
-223,163
-223,164
-223,165
-223,166
-223,167
-223,168
-223,169
-223,170
-223,171
-223,172
-223,173
-223,174
-223,175
-223,176
-223,177
-223,178
-223,179
-223,180
-223,181
-223,182
-223,183
:228_6,184
:228_6,185
:228_6,186
:228_6,187
:228_6,188
:228_6,189
-222,190
-222,191
-222,192
-222,193
-222,194
-222,195
-222,196
-222,197
-222,198
-222,199
-222,200
-222,201
-222,202
-222,203
-222,204
-222,205
-222,206
-222,207
-222,208
-222,209
-222,210
-222,211
-222,212
-222,213
-222,214
-222,215
-222,216
-222,217
-222,218
-222,219
-222,220
-222,221
-222,222
-222,223
-222,224
-222,225
-222,226
-222,227
-222,228
-222,229
-222,230
-222,231
-222,232
-222,233
-222,234
-222,235
-222,236
-222,237
-222,238
-222,239
-222,240
-222,241
-222,242
-222,243
-222,244
-222,245
-222,246
-222,247
-222,248
-222,249
-222,250
-222,251
-222,252
-222,253
-222,254
-222,255
-222,256
-222,257
-222,258
-222,259
-222,260
-222,261
-222,262
-222,263
-222,264
-222,265
-222,266
-222,267
-222,268
-222,269
-222,270
-222,271
-222,272
-222,273
-222,274
-222,275
-222,276
-222,277
-222,278
-222,279
-222,280
-222,281
-222,282
-222,283
-222,284
-222,285
-222,286
-222,287
-222,288
-222,289
-222,290
-222,291
-222,292
-222,293
-222,294
-222,295
-222,296
-222,297
-222,298
-222,299
-222,300
-222,301
-222,302
-222,303
-222,304
-222,305
-222,306
-222,307
-222,308
-222,309
-222,310
-222,311
-222,312
-222,313
-222,314
-222,315
-222,316
-222,317
-222,318
-222,319
-222,320
-222,321
-222,322
-222,323
-222,324
-222,325
-222,326
-222,327
-222,328
-222,329
-222,330
-222,331
-222,332
-222,333
-222,334
-222,335
-222,336
-222,337
-222,338
-222,339
-222,340
-222,341
-222,342
-222,343
-222,344
-222,345
-222,346
-222,347
-222,348
-222,349
-222,350
-222,351
-222,352
-222,353
-222,354
-222,355
-222,356
-222,357
-222,358
-222,359
-222,360
-222,361
-222,362
-222,363
-222,364
-222,365
:227_3,366
:227_3,367
:227_3,368
:227_3,369
:227_3,370
225,371
225,372
225,373
225,374
225,375
225,376
225,377
225,378
225,379
225,380
225,381
225,382
225,383
225,384
225,385
225,386
225,387
225,388
225,389
225,390
225,391
225,392
225,393
225,394
225,395
225,396
225,397
225,398
225,399
225,400
225,401
225,402
225,403
225,404
225,405
225,406
225,407
225,408
225,409
225,410
225,411
225,412
225,413
225,414
225,415
225,416
225,417
225,418
225,419
225,420
225,421
225,422
225,423
225,424
225,425
225,426
225,427
225,428
225,429
225,430
225,431
225,432
225,433
225,434
225,435
225,436
225,437
225,438
225,439
225,440
225,441
225,442
225,443
225,444
225,445
225,446
225,447
225,448
225,449
225,450
225,451
225,452
225,453
225,454
225,455
225,456
225,457
225,458
225,459
225,460
225,461
225,462
225,463
225,464
225,465
225,466
225,467
225,468
225,469
225,470
225,471
225,472
225,473
225,474
225,475
225,476
225,477
225,478
225,479
225,480
225,481
225,482
225,483
225,484
225,485
225,486
225,487
225,488
225,489
225,490
225,491
225,492
225,493
225,494
225,495
225,496
225,497
225,498
225,499
225,500
225,501
225,502
225,503
225,504
225,505
225,506
225,507
225,508
225,509
225,510
225,511
225,512
225,513
225,514
225,515
:231_6,516
:231_6,517
:231_6,518
:231_6,519
:231_6,520
-257,521
-257,522
-257,523
-257,524
-257,525
-257,526
-257,527
-257,528
-257,529
-257,530
-257,531
-257,532
-257,533
-257,534
-257,535
-257,536
-257,537
-257,538
-257,539
-257,540
-257,541
-257,542
-257,543
-257,544
-257,545
-257,546
-257,547
-257,548
-257,549
-257,550
-257,551
-257,552
-257,553
-257,554
-257,555
-257,556
-257,557
-257,558
-257,559
-257,560
-257,561
-257,562
-257,563
-257,564
-257,565
-257,566
-257,567
-257,568
-257,569
-257,570
-257,571
-257,572
-257,573
-257,574
-257,575
-257,576
-257,577
-257,578
-257,579
-257,580
-257,581
-257,582
-257,583
-257,584
-257,585
-257,586
-257,587
-257,588
-257,589
-257,590
-257,591
-257,592
-257,593
-257,594
-257,595
-257,596
-257,597
-257,598
-257,599
-257,600
-257,601
-257,602
-257,603
-257,604
-257,605
-257,606
-257,607
-257,608
-257,609
-257,610
-257,611
-257,612
-257,613
-257,614
-257,615
-257,616
-257,617
-257,618
-257,619
-257,620
-257,621
-257,622
-257,623
-257,624
-257,625
-257,626
-257,627
-257,628
-257,629
-257,630
-257,631
-257,632
-257,633
-257,634
-257,635
-257,636
-257,637
-257,638
-257,639
-257,640
-257,641
-257,642
-257,643
-257,644
-257,645
-257,646
-257,647
-257,648
-257,649
-257,650
-257,651
-257,652
-257,653
-257,654
-257,655
-257,656
-257,657
-257,658
-257,659
-257,660
-257,661
-257,662
-257,663
-257,664
-257,665
-257,666
-257,667
-257,668
-257,669
-257,670
-257,671
-257,672
-257,673
-257,674
-257,675
-257,676
-257,677
-257,678
-257,679
-257,680
-257,681
-257,682
-257,683
-257,684
-257,685
-257,686
-257,687
-257,688
-257,689
:21_6,690
:21_6,691
:21_6,692
:21_6,693
:21_6,694
:21_6,695
-18,696
-18,697
-18,698
-18,699
-18,700
-18,701
-18,702
-18,703
-18,704
-18,705
-18,706
-18,707
-18,708
-18,709
-18,710
-18,711
-18,712
-18,713
-18,714
-18,715
-18,716
-18,717
-18,718
-18,719
-18,720
-18,721
-18,722
-18,723
-18,724
-18,725
-18,726
-18,727
-18,728
-18,729
-18,730
-18,731
-18,732
-18,733
-18,734
-18,735
-18,736
-18,737
-18,738
-18,739
-18,740
-18,741
-18,742
-18,743
-18,744
-18,745
-18,746
-18,747
-18,748
-18,749
-18,750
-18,751
-18,752
-18,753
-18,754
-18,755
-18,756
-18,757
-18,758
-18,759
-18,760
-18,761
-18,762
-18,763
-18,764
-18,765
-18,766
-18,767
-18,768
-18,769
-18,770
-18,771
-18,772
-18,773
-18,774
-18,775
-18,776
-18,777
-18,778
-18,779
-18,780
-18,781
-18,782
-18,783
-18,784
-18,785
-18,786
-18,787
-18,788
-18,789
-18,790
-18,791
-18,792
-18,793
-18,794
-18,795
-18,796
-18,797
-18,798
-18,799
-224,1
-224,2
-224,3
-224,1
