595,1
595,1
595,1
595,2
595,3
595,4
595,5
595,6
595,7
595,8
595,9
595,10
595,11
595,12
595,13
595,14
595,15
595,16
595,17
595,18
595,19
595,20
595,21
595,22
595,23
595,24
595,25
595,26
595,27
595,28
595,29
595,30
595,31
595,32
595,33
595,34
595,35
595,36
595,37
595,38
595,39
595,40
595,41
595,42
595,43
595,44
595,45
595,46
595,47
595,48
595,49
595,50
595,51
595,52
595,53
595,54
595,55
595,56
595,57
595,58
595,59
595,60
595,61
595,62
595,63
595,64
595,65
595,66
595,67
595,68
595,69
595,70
595,71
595,72
595,73
595,74
595,75
595,76
595,77
595,78
595,79
595,80
595,81
595,82
595,83
595,84
595,85
595,86
595,87
595,88
595,89
595,90
595,91
595,92
595,93
595,94
595,95
595,96
595,97
595,98
595,99
595,100
595,101
595,102
595,103
595,104
595,105
595,106
595,107
595,108
595,109
595,110
595,111
:228_0,112
:228_0,113
:228_0,114
223,115
223,116
223,117
223,118
223,119
223,120
223,121
223,122
223,123
223,124
223,125
223,126
223,127
223,128
223,129
223,130
223,131
223,132
223,133
223,134
223,135
223,136
223,137
223,138
223,139
223,140
223,141
223,142
223,143
223,144
223,145
223,146
223,147
223,148
223,149
223,150
223,151
223,152
223,153
223,154
223,155
223,156
223,157
223,158
223,159
223,160
223,161
223,162
223,163
223,164
223,165
223,166
223,167
223,168
223,169
223,170
223,171
223,172
223,173
223,174
223,175
223,176
223,177
223,178
223,179
223,180
223,181
223,182
223,183
223,184
223,185
223,186
223,187
223,188
223,189
223,190
223,191
223,192
223,193
223,194
223,195
223,196
223,197
223,198
223,199
223,200
223,201
223,202
:229_4,203
:229_4,204
:229_4,205
:229_4,206
:229_4,207
:229_4,208
224,209
224,210
224,211
224,212
224,213
224,214
224,215
224,216
224,217
224,218
224,219
224,220
224,221
224,222
224,223
224,224
224,225
224,226
224,227
224,228
224,229
224,230
224,231
224,232
224,233
224,234
224,235
224,236
224,237
224,238
224,239
224,240
224,241
224,242
224,243
224,244
224,245
224,246
224,247
224,248
224,249
224,250
224,251
224,252
224,253
224,254
224,255
224,256
224,257
224,258
224,259
224,260
224,261
224,262
224,263
224,264
224,265
224,266
224,267
224,268
224,269
224,270
224,271
224,272
224,273
224,274
224,275
224,276
224,277
224,278
224,279
224,280
224,281
224,282
224,283
224,284
224,285
224,286
224,287
224,288
224,289
:230_1,290
:230_1,291
:230_1,292
:230_1,293
:230_1,294
:230_1,295
374,296
374,297
374,298
374,299
374,300
374,301
374,302
374,303
374,304
374,305
374,306
374,307
374,308
374,309
374,310
374,311
374,312
374,313
374,314
374,315
374,316
374,317
374,318
374,319
374,320
374,321
374,322
374,323
374,324
374,325
374,326
374,327
374,328
374,329
374,330
374,331
374,332
374,333
374,334
374,335
374,336
374,337
374,338
374,339
374,340
374,341
374,342
374,343
374,344
374,345
374,346
374,347
374,348
374,349
374,350
374,351
374,352
374,353
374,354
374,355
374,356
374,357
374,358
374,359
374,360
374,361
374,362
374,363
374,364
374,365
374,366
:340_0,367
:340_0,368
375,369
375,370
375,371
375,372
375,373
375,374
375,375
375,376
375,377
375,378
375,379
375,380
375,381
375,382
375,383
375,384
375,385
375,386
375,387
375,388
375,389
375,390
375,391
375,392
375,393
375,394
375,395
375,396
375,397
375,398
375,399
375,400
375,401
375,402
375,403
375,404
375,405
375,406
375,407
375,408
375,409
375,410
375,411
375,412
375,413
375,414
375,415
375,416
375,417
375,418
375,419
375,420
375,421
375,422
375,423
375,424
375,425
375,426
375,427
375,428
375,429
375,430
375,431
375,432
375,433
375,434
375,435
375,436
375,437
375,438
375,439
375,440
375,441
375,442
375,443
375,444
375,445
375,446
375,447
375,448
375,449
375,450
375,451
375,452
375,453
375,454
375,455
375,456
375,457
375,458
375,459
375,460
375,461
375,462
375,463
375,464
375,465
375,466
375,467
375,468
:15_1,469
:15_1,470
:15_1,471
:15_1,472
:15_1,473
-13,474
-13,475
-13,476
-13,477
-13,478
-13,479
-13,480
-13,481
-13,482
-13,483
-13,484
-13,485
-13,486
-13,487
-13,488
-13,489
-13,490
-13,491
-13,492
-13,493
-13,494
-13,495
-13,496
-13,497
-13,498
-13,499
-13,500
-13,501
-13,502
-13,503
-13,504
-13,505
-13,506
-13,507
-13,508
-13,509
-13,510
-13,511
-13,512
-13,513
-13,514
-13,515
-13,516
-13,517
-13,518
-13,519
-13,520
-13,521
-13,522
-13,523
-13,524
-13,525
-13,526
-13,527
-13,528
-13,529
-13,530
-13,531
-13,532
-13,533
-13,534
-13,535
-13,536
-13,537
-13,538
-13,539
-13,540
-13,541
-13,542
-13,543
-13,544
-13,545
-13,546
-13,547
-13,548
-13,549
-13,550
-13,551
-13,552
-13,553
-13,554
-13,555
-13,556
-13,557
-13,558
-13,559
-13,560
-13,561
-13,562
-13,563
-13,564
-13,565
-13,566
-13,567
:14_0,568
14,569
14,570
14,571
14,572
14,573
14,574
14,575
14,576
14,577
14,578
14,579
14,580
14,581
14,582
14,583
14,584
14,585
14,586
14,587
14,588
14,589
14,590
14,591
14,592
14,593
14,594
14,595
14,596
14,597
14,598
14,599
14,600
14,601
14,602
14,603
14,604
14,605
14,606
14,607
14,608
14,609
14,610
14,611
14,612
14,613
14,614
14,615
14,616
14,617
14,618
14,619
14,620
14,621
14,622
14,623
14,624
14,625
14,626
14,627
14,628
14,629
14,630
14,631
14,632
14,633
14,634
14,635
14,636
14,637
14,638
14,639
14,640
14,641
14,642
14,643
14,644
14,645
14,646
14,647
14,648
14,649
14,650
14,651
14,652
14,653
14,654
14,655
14,656
14,657
14,658
14,659
14,660
14,661
14,662
14,663
14,664
14,665
14,666
14,667
14,668
14,669
14,670
14,671
14,672
:16_4,673
:16_4,674
:16_4,675
:16_4,676
:16_4,677
:16_4,678
-210,679
-210,680
-210,681
-210,682
-210,683
-210,684
-210,685
-210,686
-210,687
-210,688
-210,689
-210,690
-210,691
-210,692
-210,693
-210,694
-210,695
-210,696
-210,697
-210,698
-210,699
-210,700
-210,701
-210,702
-210,703
-210,704
-210,705
-210,706
-210,707
-210,708
-210,709
-210,710
-210,711
-210,712
-210,713
-210,714
-210,715
-210,716
-210,717
-210,718
-210,719
-210,720
-210,721
-210,722
-210,723
-210,724
-210,725
-210,726
-210,727
-210,728
-210,729
-210,730
-210,731
-210,732
-210,733
-210,734
-210,735
-210,736
-210,737
-210,738
-210,739
-210,740
-210,741
-210,742
-210,743
-210,744
-210,745
-210,746
-210,747
-210,748
-210,749
-210,750
-210,751
-210,752
-210,753
-210,754
-210,755
-210,756
-210,757
-210,758
-210,759
-210,760
-210,761
-210,762
-210,763
-210,764
-210,765
-210,766
-210,767
-210,768
-210,769
-210,770
:29_5,771
:29_5,772
:29_5,773
:29_5,774
:29_5,775
:29_5,776
-25,777
-25,778
-25,779
-25,780
-25,781
-25,782
-25,783
-25,784
-25,785
-25,786
-25,787
-25,788
-25,789
-25,790
-25,791
-25,792
-25,793
-25,794
-25,795
-25,796
-25,797
-25,798
-25,799
-25,800
-25,801
-25,802
-25,803
-25,804
-25,805
-25,806
-25,807
-25,808
-25,809
-25,810
-25,811
-25,812
-25,813
-25,814
-25,815
-25,816
-25,817
-25,818
-25,819
-25,820
-25,821
-25,822
-25,823
-25,824
-25,825
-25,826
-25,827
-25,828
-25,829
-25,830
-25,831
-25,832
-25,833
-25,834
-25,835
-25,836
-25,837
-25,838
-25,839
-25,840
-25,841
-25,842
-25,843
-25,844
-25,845
-25,846
-25,847
-25,848
-25,849
-25,850
-25,851
-25,852
-25,853
-25,854
-25,855
-25,856
-25,857
-25,858
-25,859
-25,860
-25,861
-25,862
-25,863
-25,864
-25,865
-25,866
-25,867
-25,868
-25,869
-25,870
-25,871
-25,872
-25,873
-25,874
-25,875
-25,876
-25,877
-25,878
-25,879
-25,880
-25,881
-25,882
-25,883
-25,884
-25,885
-25,886
-25,887
-25,888
-25,889
-25,890
-25,891
-25,892
-25,893
-25,894
-25,895
-25,896
-25,897
-25,898
-25,899
-25,900
-25,901
-25,902
-25,903
-25,904
-25,905
-25,906
-25,907
-25,908
-25,909
:24_5,910
:24_5,911
:24_5,912
:24_5,913
:24_5,914
-20,915
-20,916
-20,917
-20,918
-20,919
-20,920
-20,921
-20,922
-20,923
-20,924
-20,925
-20,926
-20,927
-20,928
-20,929
-20,930
-20,931
-20,932
-20,933
-20,934
-20,935
-20,936
-20,937
-20,938
-20,939
-20,940
-20,941
-20,942
-20,943
-20,944
-20,945
-20,946
-20,947
-20,948
-20,949
-20,950
-20,951
-20,952
-20,953
-20,954
-20,955
-20,956
-20,957
-20,958
-20,959
-20,960
-20,961
-20,962
-20,963
-20,964
-20,965
-20,966
595,1
595,2
595,3
595,1
