-183,1
-183,1
-183,1
-183,2
-183,3
-183,4
-183,5
-183,6
-183,7
-183,8
-183,9
-183,10
-183,11
-183,12
-183,13
-183,14
-183,15
-183,16
-183,17
-183,18
-183,19
-183,20
-183,21
-183,22
-183,23
-183,24
-183,25
-183,26
-183,27
-183,28
-183,29
-183,30
-183,31
-183,32
-183,33
-183,34
-183,35
-183,36
-183,37
-183,38
-183,39
-183,40
-183,41
-183,42
-183,43
-183,44
-183,45
-183,46
-183,47
-183,48
-183,49
-183,50
-183,51
-183,52
-183,53
-183,54
-183,55
-183,56
-183,57
-183,58
-183,59
-183,60
-183,61
-183,62
-183,63
-183,64
-183,65
-183,66
-183,67
-183,68
-183,69
-183,70
-183,71
-183,72
-183,73
-183,74
-183,75
-183,76
-183,77
-183,78
-183,79
-183,80
-183,81
-183,82
-183,83
-183,84
-183,85
-183,86
-183,87
-183,88
-183,89
-183,90
-183,91
-183,92
:194_0,93
:194_0,94
:194_0,95
:194_0,96
:194_0,97
182,98
182,99
182,100
182,101
182,102
182,103
182,104
182,105
182,106
182,107
182,108
182,109
182,110
182,111
182,112
182,113
182,114
182,115
182,116
182,117
182,118
182,119
182,120
182,121
182,122
182,123
182,124
182,125
182,126
182,127
182,128
182,129
182,130
182,131
182,132
182,133
182,134
182,135
182,136
182,137
182,138
182,139
182,140
182,141
182,142
182,143
182,144
182,145
182,146
182,147
182,148
182,149
182,150
182,151
182,152
182,153
182,154
182,155
182,156
182,157
182,158
182,159
182,160
182,161
182,162
:196_5,163
:196_5,164
:196_5,165
:196_5,166
:196_5,167
206,168
206,169
206,170
206,171
206,172
206,173
206,174
206,175
206,176
206,177
206,178
206,179
206,180
206,181
206,182
206,183
206,184
206,185
206,186
206,187
206,188
206,189
206,190
206,191
206,192
206,193
206,194
206,195
206,196
206,197
206,198
206,199
206,200
206,201
206,202
206,203
206,204
206,205
206,206
206,207
206,208
206,209
206,210
206,211
206,212
206,213
206,214
206,215
206,216
206,217
206,218
206,219
206,220
206,221
206,222
206,223
206,224
206,225
206,226
206,227
:103_4,228
:103_4,229
:103_4,230
:103_4,231
:103_4,232
-88,233
-88,234
-88,235
-88,236
-88,237
-88,238
-88,239
-88,240
-88,241
-88,242
-88,243
-88,244
-88,245
-88,246
-88,247
-88,248
-88,249
-88,250
-88,251
-88,252
-88,253
-88,254
-88,255
-88,256
-88,257
-88,258
-88,259
-88,260
-88,261
-88,262
-88,263
-88,264
-88,265
-88,266
-88,267
-88,268
-88,269
-88,270
-88,271
-88,272
-88,273
-88,274
-88,275
-88,276
-88,277
-88,278
-88,279
-88,280
-88,281
-88,282
-88,283
-88,284
-88,285
-88,286
-88,287
-88,288
-88,289
-88,290
-88,291
-88,292
-88,293
-88,294
-88,295
-88,296
-88,297
-88,298
-88,299
-88,300
-88,301
-88,302
-88,303
-88,304
-88,305
-88,306
-88,307
-88,308
-88,309
-88,310
-88,311
-88,312
-88,313
-88,314
-88,315
-88,316
-88,317
-88,318
:27_4,319
:27_4,320
:27_4,321
-23,322
-23,323
-23,324
-23,325
-23,326
-23,327
-23,328
-23,329
-23,330
-23,331
-23,332
-23,333
-23,334
-23,335
-23,336
-23,337
-23,338
-23,339
-23,340
-23,341
-23,342
-23,343
-23,344
-23,345
-23,346
-23,347
-23,348
-23,349
-23,350
-23,351
-23,352
-23,353
-23,354
-23,355
-23,356
-23,357
-23,358
-23,359
-23,360
-23,361
-23,362
-23,363
-23,364
-23,365
-23,366
-23,367
-23,368
-23,369
-23,370
-23,371
-23,372
-23,373
-23,374
-23,375
-23,376
-23,377
-23,378
-23,379
-23,380
-23,381
-23,382
-23,383
-23,384
-23,385
-23,386
-23,387
-23,388
-23,389
-23,390
-23,391
-23,392
-23,393
-23,394
-23,395
-23,396
-23,397
-23,398
-23,399
-23,400
-23,401
-23,402
-23,403
-23,404
-23,405
-23,406
-23,407
-23,408
-23,409
-23,410
-23,411
-23,412
-23,413
-23,414
-23,415
-23,416
-23,417
-23,418
-23,419
-23,420
-23,421
-23,422
-23,423
-23,424
-23,425
-23,426
-23,427
-23,428
-23,429
-23,430
-23,431
-23,432
-23,433
-23,434
-23,435
-23,436
-23,437
-23,438
-23,439
-23,440
-23,441
-23,442
-23,443
-23,444
-23,445
-23,446
-23,447
-23,448
-23,449
-23,450
-23,451
-23,452
-23,453
-23,454
-23,455
-23,456
-23,457
-23,458
-23,459
-23,460
-23,461
-23,462
-23,463
-23,464
-23,465
-23,466
-23,467
-23,468
-23,469
-23,470
-23,471
-23,472
-23,473
-23,474
-23,475
-23,476
-23,477
-23,478
-23,479
-23,480
-23,481
-23,482
-23,483
-23,484
-23,485
-23,486
-23,487
-23,488
-23,489
-23,490
-23,491
-23,492
-23,493
-23,494
-23,495
-23,496
-23,497
-23,498
-23,499
-23,500
:22_9,501
:22_9,502
:22_9,503
:22_9,504
:22_9,505
19,506
19,507
19,508
19,509
19,510
19,511
19,512
19,513
19,514
19,515
19,516
19,517
19,518
19,519
19,520
19,521
19,522
19,523
19,524
19,525
19,526
19,527
19,528
19,529
19,530
19,531
19,532
19,533
19,534
19,535
19,536
19,537
19,538
19,539
19,540
19,541
19,542
19,543
19,544
19,545
19,546
19,547
19,548
19,549
19,550
19,551
19,552
19,553
19,554
19,555
19,556
19,557
19,558
19,559
19,560
19,561
19,562
19,563
19,564
19,565
19,566
19,567
19,568
19,569
19,570
19,571
19,572
19,573
19,574
19,575
19,576
19,577
19,578
19,579
19,580
19,581
19,582
19,583
19,584
19,585
19,586
19,587
19,588
19,589
19,590
19,591
19,592
19,593
19,594
19,595
19,596
19,597
19,598
19,599
19,600
:23_6,601
:23_6,602
:23_6,603
:23_6,604
:23_6,605
:23_6,606
20,607
20,608
20,609
20,610
20,611
20,612
20,613
20,614
20,615
20,616
20,617
20,618
20,619
20,620
20,621
20,622
20,623
20,624
20,625
20,626
20,627
20,628
20,629
20,630
20,631
20,632
20,633
20,634
20,635
20,636
20,637
20,638
20,639
20,640
20,641
20,642
20,643
20,644
20,645
20,646
20,647
20,648
20,649
20,650
20,651
20,652
20,653
20,654
20,655
20,656
20,657
20,658
20,659
20,660
20,661
20,662
20,663
20,664
20,665
20,666
20,667
20,668
20,669
20,670
20,671
20,672
20,673
20,674
20,675
20,676
20,677
20,678
20,679
20,680
20,681
20,682
20,683
20,684
20,685
20,686
20,687
20,688
20,689
20,690
20,691
20,692
20,693
20,694
20,695
20,696
20,697
20,698
:24_13,699
:24_13,700
:24_13,701
:24_13,702
:24_13,703
25,704
25,705
25,706
25,707
25,708
25,709
25,710
25,711
25,712
25,713
25,714
25,715
25,716
25,717
25,718
25,719
25,720
25,721
25,722
25,723
25,724
25,725
25,726
25,727
25,728
25,729
25,730
25,731
25,732
25,733
25,734
25,735
25,736
25,737
25,738
25,739
25,740
25,741
25,742
25,743
25,744
25,745
25,746
25,747
25,748
25,749
25,750
25,751
25,752
25,753
25,754
25,755
25,756
25,757
25,758
25,759
25,760
25,761
25,762
25,763
25,764
25,765
25,766
25,767
25,768
25,769
25,770
25,771
25,772
25,773
25,774
25,775
25,776
25,777
25,778
25,779
25,780
25,781
25,782
25,783
25,784
25,785
25,786
25,787
25,788
25,789
25,790
25,791
25,792
25,793
25,794
25,795
25,796
25,797
25,798
25,799
25,800
25,801
25,802
25,803
25,804
25,805
25,806
25,807
25,808
25,809
25,810
25,811
25,812
25,813
25,814
25,815
25,816
25,817
25,818
25,819
25,820
25,821
25,822
25,823
25,824
25,825
25,826
25,827
25,828
25,829
25,830
25,831
25,832
25,833
25,834
25,835
25,836
25,837
25,838
25,839
25,840
25,841
25,842
:29_13,843
:29_13,844
:29_13,845
:29_13,846
:29_13,847
210,848
210,849
210,850
210,851
210,852
210,853
210,854
210,855
210,856
210,857
210,858
210,859
210,860
210,861
210,862
210,863
210,864
210,865
210,866
210,867
210,868
210,869
210,870
210,871
210,872
210,873
210,874
210,875
210,876
210,877
210,878
210,879
210,880
210,881
210,882
210,883
210,884
210,885
210,886
210,887
210,888
210,889
210,890
210,891
210,892
210,893
210,894
210,895
210,896
210,897
210,898
210,899
210,900
210,901
210,902
210,903
210,904
210,905
210,906
210,907
210,908
210,909
210,910
210,911
210,912
210,913
210,914
210,915
210,916
210,917
210,918
210,919
210,920
210,921
210,922
210,923
210,924
210,925
210,926
210,927
210,928
210,929
210,930
210,931
210,932
210,933
210,934
210,935
210,936
210,937
210,938
210,939
210,940
210,941
210,942
210,943
210,944
:16_6,945
:16_6,946
:16_6,947
:16_6,948
:16_6,949
-14,950
-14,951
-14,952
-14,953
-14,954
-14,955
-14,956
-14,957
-14,958
-14,959
-14,960
-14,961
-14,962
-14,963
-14,964
-14,965
-14,966
-183,1
-183,2
-183,3
-183,1
