510,1
510,1
510,1
510,2
510,3
510,4
510,5
510,6
510,7
510,8
510,9
510,10
510,11
510,12
510,13
510,14
510,15
510,16
510,17
510,18
510,19
510,20
510,21
510,22
510,23
510,24
510,25
510,26
510,27
510,28
510,29
510,30
510,31
510,32
510,33
510,34
510,35
510,36
510,37
510,38
510,39
510,40
510,41
510,42
510,43
510,44
510,45
510,46
510,47
510,48
510,49
510,50
510,51
510,52
510,53
510,54
510,55
510,56
510,57
510,58
510,59
510,60
510,61
510,62
510,63
510,64
510,65
510,66
510,67
510,68
510,69
510,70
510,71
510,72
510,73
510,74
510,75
510,76
510,77
510,78
510,79
510,80
510,81
510,82
510,83
510,84
510,85
510,86
510,87
510,88
510,89
510,90
510,91
510,92
510,93
510,94
510,95
510,96
510,97
510,98
682,99
682,100
682,101
682,102
682,103
682,104
682,105
682,106
682,107
682,108
682,109
682,110
682,111
682,112
:5_11,113
:5_11,114
50,115
50,116
50,117
50,118
50,119
50,120
50,121
50,122
50,123
50,124
50,125
50,126
50,127
50,128
50,129
50,130
50,131
50,132
50,133
50,134
50,135
50,136
50,137
50,138
50,139
50,140
50,141
50,142
50,143
50,144
50,145
50,146
50,147
50,148
50,149
50,150
50,151
50,152
50,153
50,154
50,155
50,156
50,157
50,158
50,159
50,160
50,161
50,162
50,163
50,164
50,165
50,166
50,167
50,168
50,169
50,170
50,171
50,172
50,173
50,174
50,175
50,176
50,177
50,178
50,179
50,180
50,181
50,182
50,183
50,184
50,185
50,186
50,187
50,188
50,189
50,190
50,191
50,192
50,193
50,194
50,195
50,196
50,197
50,198
50,199
50,200
50,201
50,202
50,203
50,204
50,205
50,206
50,207
50,208
50,209
50,210
50,211
50,212
50,213
50,214
50,215
50,216
50,217
50,218
:49_4,219
:49_4,220
:49_4,221
:49_4,222
:49_4,223
-40,224
-40,225
-40,226
-40,227
-40,228
-40,229
-40,230
-40,231
-40,232
-40,233
-40,234
-40,235
-40,236
-40,237
-40,238
-40,239
-40,240
-40,241
-40,242
-40,243
-40,244
-40,245
-40,246
-40,247
-40,248
-40,249
-40,250
-40,251
-40,252
-40,253
-40,254
-40,255
-40,256
-40,257
-40,258
-40,259
-40,260
-40,261
-40,262
-40,263
-40,264
-40,265
-40,266
-40,267
-40,268
-40,269
-40,270
-40,271
-40,272
-40,273
-40,274
-40,275
-40,276
-40,277
-40,278
-40,279
-40,280
-40,281
-40,282
-40,283
-40,284
-40,285
-40,286
-40,287
-40,288
-40,289
-40,290
-40,291
-40,292
-40,293
-40,294
-40,295
-40,296
-40,297
-40,298
-40,299
-40,300
-40,301
-40,302
-40,303
-40,304
-40,305
-40,306
-40,307
-40,308
-40,309
-40,310
-40,311
-40,312
-40,313
-40,314
-40,315
-40,316
-40,317
-40,318
-40,319
-40,320
-40,321
-40,322
-40,323
-40,324
-40,325
-40,326
-40,327
-40,328
-40,329
-40,330
-40,331
-40,332
-40,333
-40,334
-40,335
-40,336
-40,337
-40,338
-40,339
-40,340
-40,341
-40,342
-40,343
-40,344
-40,345
-40,346
-40,347
-40,348
-40,349
-40,350
-40,351
-40,352
-40,353
-40,354
-40,355
-40,356
-40,357
-40,358
-40,359
-40,360
-40,361
-40,362
-40,363
-40,364
-40,365
-40,366
-40,367
-40,368
-40,369
-40,370
-40,371
-40,372
-40,373
-40,374
-40,375
-40,376
-40,377
-40,378
-40,379
-40,380
-40,381
-40,382
-40,383
-40,384
-40,385
-40,386
-40,387
-40,388
-40,389
-40,390
-40,391
-40,392
-40,393
-40,394
-40,395
-40,396
-40,397
-40,398
-40,399
-40,400
-40,401
-40,402
-40,403
-40,404
-40,405
-40,406
-40,407
-40,408
-40,409
-40,410
-40,411
-40,412
-40,413
-40,414
-40,415
-40,416
-40,417
-40,418
-40,419
-40,420
-40,421
-40,422
-40,423
-40,424
-40,425
-40,426
-40,427
-40,428
-40,429
-40,430
-40,431
-40,432
-40,433
-40,434
-40,435
-40,436
-40,437
-40,438
-40,439
-40,440
-40,441
-40,442
-40,443
-40,444
-40,445
-40,446
-40,447
-40,448
-40,449
-40,450
-40,451
-40,452
-40,453
-40,454
-40,455
-40,456
-40,457
-40,458
-40,459
-40,460
-40,461
-40,462
-40,463
-40,464
-40,465
-40,466
-40,467
-40,468
-40,469
-40,470
-40,471
-40,472
-40,473
-40,474
-40,475
-40,476
-40,477
-40,478
-40,479
-40,480
-40,481
-40,482
-40,483
-40,484
-40,485
-40,486
-40,487
-40,488
-40,489
-40,490
-40,491
-40,492
-40,493
-40,494
-40,495
-40,496
-40,497
-40,498
-40,499
-40,500
-40,501
-40,502
-40,503
-40,504
-40,505
-40,506
-40,507
-40,508
-40,509
-40,510
-40,511
-40,512
-40,513
-40,514
-40,515
-40,516
-40,517
-40,518
-40,519
-40,520
-40,521
-40,522
-40,523
-40,524
-40,525
-40,526
-40,527
-40,528
-40,529
-40,530
-40,531
-40,532
:48_4,533
:48_4,534
:48_4,535
41,536
41,537
41,538
41,539
41,540
41,541
41,542
41,543
41,544
41,545
41,546
41,547
41,548
41,549
41,550
41,551
41,552
41,553
41,554
41,555
41,556
41,557
41,558
41,559
41,560
41,561
41,562
41,563
41,564
41,565
41,566
41,567
41,568
41,569
41,570
41,571
41,572
41,573
41,574
41,575
41,576
41,577
41,578
41,579
41,580
41,581
41,582
41,583
41,584
41,585
41,586
41,587
41,588
41,589
41,590
41,591
41,592
41,593
41,594
41,595
41,596
41,597
41,598
41,599
41,600
41,601
41,602
41,603
41,604
41,605
41,606
41,607
41,608
41,609
41,610
41,611
41,612
41,613
41,614
41,615
41,616
41,617
41,618
41,619
41,620
41,621
41,622
41,623
41,624
41,625
41,626
41,627
41,628
41,629
41,630
41,631
41,632
41,633
41,634
41,635
41,636
41,637
41,638
41,639
41,640
41,641
41,642
41,643
41,644
41,645
41,646
41,647
41,648
41,649
41,650
41,651
41,652
41,653
41,654
41,655
41,656
41,657
41,658
41,659
41,660
41,661
41,662
41,663
41,664
41,665
41,666
41,667
41,668
41,669
41,670
41,671
41,672
41,673
41,674
41,675
41,676
41,677
41,678
41,679
41,680
41,681
41,682
41,683
41,684
41,685
41,686
41,687
41,688
41,689
41,690
41,691
41,692
41,693
41,694
41,695
41,696
41,697
41,698
41,699
41,700
41,701
41,702
41,703
41,704
41,705
41,706
41,707
41,708
41,709
41,710
41,711
41,712
41,713
41,714
41,715
41,716
41,717
41,718
41,719
41,720
41,721
41,722
41,723
41,724
41,725
41,726
41,727
41,728
41,729
41,730
41,731
41,732
41,733
41,734
41,735
41,736
41,737
41,738
41,739
41,740
41,741
41,742
41,743
41,744
41,745
41,746
41,747
41,748
41,749
41,750
41,751
41,752
41,753
41,754
41,755
41,756
41,757
41,758
41,759
41,760
41,761
41,762
41,763
41,764
41,765
41,766
41,767
41,768
41,769
41,770
41,771
41,772
41,773
41,774
41,775
41,776
41,777
41,778
41,779
41,780
41,781
41,782
41,783
41,784
41,785
41,786
41,787
41,788
41,789
41,790
41,791
41,792
41,793
41,794
41,795
41,796
41,797
41,798
41,799
41,800
41,801
41,802
41,803
41,804
41,805
41,806
41,807
41,808
41,809
41,810
41,811
41,812
41,813
41,814
41,815
41,816
41,817
41,818
41,819
41,820
41,821
41,822
41,823
41,824
41,825
41,826
41,827
41,828
41,829
41,830
41,831
41,832
41,833
41,834
41,835
41,836
41,837
41,838
41,839
41,840
41,841
41,842
41,843
41,844
41,845
41,846
41,847
41,848
41,849
41,850
41,851
41,852
41,853
41,854
41,855
41,856
41,857
41,858
41,859
41,860
41,861
41,862
41,863
41,864
41,865
41,866
41,867
41,868
41,869
41,870
41,871
41,872
41,873
41,874
41,875
41,876
41,877
41,878
41,879
41,880
41,881
41,882
41,883
41,884
41,885
41,886
41,887
41,888
41,889
41,890
41,891
41,892
41,893
41,894
41,895
41,896
41,897
41,898
41,899
41,900
:6_6,901
:6_6,902
:6_15,903
-684,904
-684,905
-684,906
-684,907
-684,908
-684,909
-684,910
-684,911
-684,912
-684,913
-684,914
-684,915
-684,916
-684,917
-684,918
-684,919
-684,920
:373_4,921
:373_4,922
-685,923
-685,924
-685,925
-685,926
-685,927
-685,928
-685,929
-685,930
-685,931
-685,932
-685,933
-685,934
-685,935
-685,936
-685,937
-685,938
-685,939
:13_0,940
176,941
176,942
176,943
176,944
176,945
176,946
176,947
176,948
176,949
176,950
176,951
176,952
176,953
176,954
176,955
176,956
176,957
176,958
176,959
176,960
176,961
176,962
176,963
176,964
176,965
176,966
510,1
510,2
510,3
510,1
