-247,1
-247,1
-247,1
-247,2
-247,3
-247,4
-247,5
-247,6
-247,7
-247,8
-247,9
-247,10
-247,11
-247,12
-247,13
-247,14
-247,15
-247,16
-247,17
-247,18
-247,19
-247,20
-247,21
-247,22
-247,23
-247,24
-247,25
-247,26
-247,27
-247,28
-247,29
-247,30
-247,31
-247,32
-247,33
-247,34
-247,35
-247,36
-247,37
-247,38
-247,39
-247,40
-247,41
-247,42
-247,43
-247,44
-247,45
-247,46
-247,47
-247,48
-247,49
-247,50
-247,51
-247,52
-247,53
-247,54
-247,55
-247,56
-247,57
-247,58
-247,59
-247,60
-247,61
-247,62
-247,63
-247,64
-247,65
-247,66
-247,67
-247,68
-247,69
-247,70
-247,71
-247,72
-247,73
-247,74
-247,75
-247,76
-247,77
-247,78
-247,79
-247,80
-247,81
-247,82
-247,83
-247,84
-247,85
-247,86
-247,87
-247,88
-247,89
-247,90
-247,91
-247,92
-247,93
-247,94
-247,95
-247,96
-247,97
-247,98
-247,99
-247,100
-247,101
-247,102
-247,103
-247,104
-247,105
-247,106
-247,107
-247,108
-247,109
-247,110
-247,111
-247,112
-247,113
-247,114
-247,115
-247,116
-247,117
-247,118
-247,119
-247,120
-247,121
-247,122
-247,123
-247,124
-247,125
-247,126
-247,127
-247,128
-247,129
-247,130
-247,131
-247,132
-247,133
-247,134
-247,135
-247,136
-247,137
-247,138
-247,139
-247,140
-247,141
-247,142
-247,143
-247,144
-247,145
-247,146
-247,147
-247,148
-247,149
-247,150
-247,151
-247,152
-247,153
-247,154
-247,155
-247,156
-247,157
-247,158
-247,159
-247,160
-247,161
-247,162
-247,163
-247,164
-247,165
-247,166
-247,167
-247,168
-247,169
-247,170
-247,171
-247,172
-247,173
-247,174
-247,175
-247,176
-247,177
-247,178
-247,179
-247,180
-247,181
-247,182
-247,183
-247,184
-247,185
-247,186
-247,187
-247,188
-247,189
-247,190
-247,191
-247,192
-247,193
-247,194
-247,195
-247,196
-247,197
-247,198
-247,199
-247,200
-247,201
-247,202
-247,203
-247,204
-247,205
-247,206
-247,207
-247,208
-247,209
-247,210
-247,211
-247,212
-247,213
-247,214
-247,215
-247,216
-247,217
-247,218
-247,219
-247,220
-247,221
-247,222
-247,223
-247,224
-247,225
-247,226
-247,227
-247,228
-247,229
-247,230
-247,231
-247,232
-247,233
-247,234
-247,235
-247,236
-247,237
-247,238
-247,239
-247,240
-247,241
-247,242
-247,243
-247,244
-247,245
-247,246
-247,247
-247,248
-247,249
-247,250
-247,251
-247,252
-247,253
-247,254
-247,255
-247,256
-247,257
-247,258
-247,259
-247,260
-247,261
-247,262
-247,263
-247,264
-247,265
-247,266
-247,267
-247,268
-247,269
-247,270
-247,271
-247,272
-247,273
-247,274
:197_0,275
:197_0,276
:197_0,277
:197_0,278
:197_0,279
:197_0,280
:197_0,281
:197_0,282
:197_0,283
:197_0,284
:197_0,285
:197_0,286
:197_0,287
:197_0,288
-183,289
-183,290
-183,291
-183,292
-183,293
-183,294
-183,295
-183,296
-183,297
-183,298
-183,299
-183,300
-183,301
-183,302
-183,303
-183,304
-183,305
-183,306
-183,307
-183,308
-183,309
-183,310
-183,311
-183,312
-183,313
-183,314
-183,315
-183,316
-183,317
-183,318
-183,319
-183,320
-183,321
-183,322
-183,323
-183,324
-183,325
-183,326
-183,327
-183,328
-183,329
-183,330
-183,331
-183,332
-183,333
-183,334
-183,335
-183,336
-183,337
-183,338
-183,339
-183,340
-183,341
-183,342
-183,343
-183,344
-183,345
-183,346
-183,347
-183,348
-183,349
-183,350
-183,351
-183,352
-183,353
-183,354
-183,355
-183,356
-183,357
-183,358
-183,359
-183,360
-183,361
-183,362
-183,363
-183,364
-183,365
-183,366
-183,367
-183,368
-183,369
-183,370
-183,371
-183,372
-183,373
-183,374
-183,375
-183,376
-183,377
-183,378
-183,379
-183,380
-183,381
-183,382
-183,383
:194_0,384
:194_0,385
:194_0,386
:194_0,387
:194_0,388
:194_0,389
182,390
182,391
182,392
182,393
182,394
182,395
182,396
182,397
182,398
182,399
182,400
182,401
182,402
182,403
182,404
182,405
182,406
182,407
182,408
182,409
182,410
182,411
182,412
182,413
182,414
182,415
182,416
182,417
182,418
182,419
182,420
182,421
182,422
182,423
182,424
182,425
182,426
182,427
182,428
182,429
182,430
182,431
182,432
182,433
182,434
182,435
182,436
182,437
182,438
182,439
182,440
182,441
182,442
182,443
182,444
182,445
182,446
182,447
182,448
182,449
182,450
182,451
182,452
182,453
182,454
:196_5,455
:196_5,456
:196_5,457
:196_5,458
:196_5,459
:196_5,460
206,461
206,462
206,463
206,464
206,465
206,466
206,467
206,468
206,469
206,470
206,471
206,472
206,473
206,474
206,475
206,476
206,477
206,478
206,479
206,480
206,481
206,482
206,483
206,484
206,485
206,486
206,487
206,488
206,489
206,490
206,491
206,492
206,493
206,494
206,495
206,496
206,497
206,498
206,499
206,500
206,501
206,502
206,503
206,504
206,505
206,506
206,507
206,508
206,509
206,510
206,511
206,512
206,513
206,514
206,515
206,516
206,517
206,518
206,519
206,520
:103_4,521
:103_4,522
:103_4,523
:103_4,524
:103_4,525
-88,526
-88,527
-88,528
-88,529
-88,530
-88,531
-88,532
-88,533
-88,534
-88,535
-88,536
-88,537
-88,538
-88,539
-88,540
-88,541
-88,542
-88,543
-88,544
-88,545
-88,546
-88,547
-88,548
-88,549
-88,550
-88,551
-88,552
-88,553
-88,554
-88,555
-88,556
-88,557
-88,558
-88,559
-88,560
-88,561
-88,562
-88,563
-88,564
-88,565
-88,566
-88,567
-88,568
-88,569
-88,570
-88,571
-88,572
-88,573
-88,574
-88,575
-88,576
-88,577
-88,578
-88,579
-88,580
-88,581
-88,582
-88,583
-88,584
-88,585
-88,586
-88,587
-88,588
-88,589
-88,590
-88,591
-88,592
-88,593
-88,594
-88,595
-88,596
-88,597
-88,598
-88,599
-88,600
-88,601
-88,602
-88,603
-88,604
-88,605
-88,606
-88,607
-88,608
-88,609
-88,610
-88,611
-88,612
:27_4,613
:27_4,614
:27_4,615
:27_4,616
-23,617
-23,618
-23,619
-23,620
-23,621
-23,622
-23,623
-23,624
-23,625
-23,626
-23,627
-23,628
-23,629
-23,630
-23,631
-23,632
-23,633
-23,634
-23,635
-23,636
-23,637
-23,638
-23,639
-23,640
-23,641
-23,642
-23,643
-23,644
-23,645
-23,646
-23,647
-23,648
-23,649
-23,650
-23,651
-23,652
-23,653
-23,654
-23,655
-23,656
-23,657
-23,658
-23,659
-23,660
-23,661
-23,662
-23,663
-23,664
-23,665
-23,666
-23,667
-23,668
-23,669
-23,670
-23,671
-23,672
-23,673
-23,674
-23,675
-23,676
-23,677
-23,678
-23,679
-23,680
-23,681
-23,682
-23,683
-23,684
-23,685
-23,686
-23,687
-23,688
-23,689
-23,690
-23,691
-23,692
-23,693
-23,694
-23,695
-23,696
-23,697
-23,698
-23,699
-23,700
-23,701
-23,702
-23,703
-23,704
-23,705
-23,706
-23,707
-23,708
-23,709
-23,710
-23,711
-23,712
-23,713
-23,714
-23,715
-23,716
-23,717
-23,718
-23,719
-23,720
-23,721
-23,722
-23,723
-23,724
-23,725
-23,726
-23,727
-23,728
-23,729
-23,730
-23,731
-23,732
-23,733
-23,734
-23,735
-23,736
-23,737
-23,738
-23,739
-23,740
-23,741
-23,742
-23,743
-23,744
-23,745
-23,746
-23,747
-23,748
-23,749
-23,750
-23,751
-23,752
-23,753
-23,754
-23,755
-23,756
-23,757
-23,758
-23,759
-23,760
-23,761
-23,762
-23,763
-23,764
-23,765
-23,766
-23,767
-23,768
-23,769
-23,770
-23,771
-23,772
-23,773
-23,774
-23,775
-23,776
-23,777
-23,778
-23,779
-23,780
-23,781
-23,782
-23,783
-23,784
-23,785
-23,786
-23,787
-23,788
-23,789
-23,790
-23,791
-23,792
-23,793
-23,794
-23,795
-23,796
:22_9,797
:22_9,798
:22_9,799
:22_9,800
:22_9,801
:22_9,802
19,803
19,804
19,805
19,806
19,807
19,808
19,809
19,810
19,811
19,812
19,813
19,814
19,815
19,816
19,817
19,818
19,819
19,820
19,821
19,822
19,823
19,824
19,825
19,826
19,827
19,828
19,829
19,830
19,831
19,832
19,833
19,834
19,835
19,836
19,837
19,838
19,839
19,840
19,841
19,842
19,843
19,844
19,845
19,846
19,847
19,848
19,849
19,850
19,851
19,852
19,853
19,854
19,855
19,856
19,857
19,858
19,859
19,860
19,861
19,862
19,863
19,864
19,865
19,866
19,867
19,868
19,869
19,870
19,871
19,872
19,873
19,874
19,875
19,876
19,877
19,878
19,879
19,880
19,881
19,882
19,883
19,884
19,885
19,886
19,887
19,888
19,889
19,890
19,891
19,892
19,893
19,894
19,895
19,896
19,897
19,898
:23_6,899
:23_6,900
:23_6,901
:23_6,902
:23_6,903
:23_6,904
:23_6,905
20,906
20,907
20,908
20,909
20,910
20,911
20,912
20,913
20,914
20,915
20,916
20,917
20,918
20,919
20,920
20,921
20,922
20,923
20,924
20,925
20,926
20,927
20,928
20,929
20,930
20,931
20,932
20,933
20,934
20,935
20,936
20,937
20,938
20,939
20,940
20,941
20,942
20,943
20,944
20,945
20,946
20,947
20,948
20,949
20,950
20,951
20,952
20,953
20,954
20,955
20,956
20,957
20,958
20,959
20,960
20,961
20,962
20,963
20,964
20,965
20,966
-247,1
-247,2
-247,3
-247,1
