-154,1
-154,1
-154,1
-154,2
-154,3
-154,4
-154,5
-154,6
-154,7
-154,8
-154,9
-154,10
-154,11
-154,12
-154,13
-154,14
-154,15
-154,16
-154,17
-154,18
-154,19
-154,20
-154,21
-154,22
-154,23
-154,24
-154,25
-154,26
-154,27
-154,28
-154,29
-154,30
-154,31
-154,32
-154,33
-154,34
-154,35
-154,36
-154,37
-154,38
-154,39
-154,40
-154,41
-154,42
-154,43
-154,44
-154,45
-154,46
-154,47
-154,48
-154,49
-154,50
-154,51
-154,52
-154,53
-154,54
-154,55
-154,56
-154,57
-154,58
-154,59
-154,60
-154,61
-154,62
-154,63
-154,64
-154,65
-154,66
-154,67
-154,68
-154,69
-154,70
-154,71
-154,72
-154,73
-154,74
-154,75
-154,76
-154,77
-154,78
-154,79
-154,80
-154,81
-154,82
-154,83
-154,84
-154,85
-154,86
-154,87
-154,88
-154,89
-154,90
-154,91
-154,92
-154,93
-154,94
-154,95
-154,96
-154,97
-154,98
-154,99
-154,100
-154,101
-154,102
-154,103
-154,104
-154,105
-154,106
-154,107
-154,108
-154,109
-154,110
-154,111
-154,112
-154,113
-154,114
-154,115
-154,116
-154,117
-154,118
-154,119
-154,120
-154,121
-154,122
-154,123
-154,124
-154,125
-154,126
-154,127
-154,128
-154,129
-154,130
-154,131
-154,132
-154,133
-154,134
-154,135
-154,136
-154,137
-154,138
-154,139
-154,140
-154,141
-154,142
-154,143
-154,144
-154,145
-154,146
-154,147
-154,148
-154,149
-154,150
-154,151
-154,152
-154,153
-154,154
-154,155
-154,156
-154,157
-154,158
-154,159
-154,160
-154,161
-154,162
-154,163
-154,164
-154,165
-154,166
-154,167
-154,168
-154,169
-154,170
-154,171
-154,172
-154,173
-154,174
-154,175
-154,176
-154,177
-154,178
-154,179
-154,180
-154,181
-154,182
-154,183
-154,184
-154,185
-154,186
-154,187
-154,188
-154,189
-154,190
-154,191
-154,192
-154,193
-154,194
-154,195
-154,196
-154,197
-154,198
-154,199
-154,200
-154,201
-154,202
-154,203
-154,204
-154,205
-154,206
-154,207
-154,208
-154,209
-154,210
-154,211
-154,212
-154,213
-154,214
-154,215
-154,216
-154,217
-154,218
-154,219
-154,220
-154,221
-154,222
-154,223
-154,224
-154,225
-154,226
-154,227
-154,228
-154,229
-154,230
-154,231
-154,232
-154,233
-154,234
-154,235
-154,236
-154,237
-154,238
-154,239
-154,240
-154,241
-154,242
-154,243
:166_13,244
:166_13,245
:166_13,246
:166_13,247
:166_13,248
151,249
151,250
151,251
151,252
151,253
151,254
151,255
151,256
151,257
151,258
151,259
151,260
151,261
151,262
151,263
151,264
151,265
151,266
151,267
151,268
151,269
151,270
151,271
151,272
151,273
151,274
151,275
151,276
151,277
151,278
151,279
151,280
151,281
151,282
151,283
151,284
151,285
151,286
151,287
151,288
151,289
151,290
151,291
151,292
151,293
151,294
151,295
151,296
151,297
151,298
151,299
151,300
151,301
151,302
:167_6,303
:167_6,304
:167_6,305
:167_6,306
:167_6,307
-458,308
-458,309
-458,310
-458,311
-458,312
-458,313
-458,314
-458,315
-458,316
-458,317
-458,318
-458,319
-458,320
-458,321
-458,322
-458,323
-458,324
-458,325
-458,326
-458,327
-458,328
-458,329
-458,330
-458,331
-458,332
-458,333
-458,334
-458,335
-458,336
-458,337
-458,338
-458,339
-458,340
-458,341
-458,342
-458,343
-458,344
-458,345
-458,346
-458,347
-458,348
-458,349
-458,350
-458,351
-458,352
-458,353
-458,354
-458,355
-458,356
-458,357
-458,358
-458,359
-458,360
-458,361
-458,362
-458,363
-458,364
-458,365
-458,366
-458,367
-458,368
-458,369
-458,370
-458,371
-458,372
-458,373
-458,374
-458,375
-458,376
-458,377
-458,378
-458,379
-458,380
-458,381
-458,382
-458,383
-458,384
-458,385
-458,386
-458,387
-458,388
-458,389
-458,390
:391_0,391
:391_0,392
:391_0,393
:391_0,394
:391_0,395
460,396
460,397
460,398
460,399
460,400
460,401
460,402
460,403
460,404
460,405
460,406
460,407
460,408
460,409
460,410
460,411
460,412
460,413
460,414
460,415
460,416
460,417
460,418
460,419
460,420
460,421
460,422
460,423
460,424
460,425
460,426
460,427
460,428
460,429
460,430
460,431
460,432
460,433
460,434
460,435
460,436
460,437
460,438
460,439
460,440
460,441
460,442
460,443
460,444
460,445
460,446
460,447
460,448
460,449
460,450
460,451
460,452
460,453
460,454
460,455
460,456
460,457
460,458
460,459
460,460
460,461
460,462
:76_1,463
:76_1,464
:76_1,465
:76_1,466
:76_1,467
:76_1,468
-66,469
-66,470
-66,471
-66,472
-66,473
-66,474
-66,475
-66,476
-66,477
-66,478
-66,479
-66,480
-66,481
-66,482
-66,483
-66,484
-66,485
-66,486
-66,487
-66,488
-66,489
-66,490
-66,491
-66,492
-66,493
-66,494
-66,495
-66,496
-66,497
-66,498
-66,499
-66,500
-66,501
-66,502
-66,503
-66,504
-66,505
-66,506
-66,507
-66,508
-66,509
-66,510
-66,511
-66,512
-66,513
-66,514
-66,515
-66,516
-66,517
-66,518
-66,519
-66,520
-66,521
-66,522
-66,523
-66,524
-66,525
-66,526
-66,527
-66,528
-66,529
-66,530
-66,531
-66,532
-66,533
-66,534
-66,535
-66,536
-66,537
-66,538
-66,539
-66,540
-66,541
-66,542
-66,543
-66,544
-66,545
-66,546
-66,547
-66,548
-66,549
-66,550
-66,551
-66,552
-66,553
-66,554
-66,555
-66,556
-66,557
-66,558
-66,559
-66,560
-66,561
-66,562
-66,563
-66,564
-66,565
-66,566
-66,567
-66,568
-66,569
-66,570
-66,571
-66,572
-66,573
-66,574
-66,575
-66,576
-66,577
-66,578
:74_1,579
:74_1,580
:74_1,581
:74_1,582
:74_1,583
67,584
67,585
67,586
67,587
67,588
67,589
67,590
67,591
67,592
67,593
67,594
67,595
67,596
67,597
67,598
67,599
67,600
67,601
67,602
67,603
67,604
67,605
67,606
67,607
67,608
67,609
67,610
67,611
67,612
67,613
67,614
67,615
67,616
67,617
67,618
67,619
67,620
67,621
67,622
67,623
67,624
67,625
67,626
67,627
67,628
67,629
67,630
67,631
67,632
67,633
67,634
67,635
67,636
67,637
67,638
67,639
67,640
67,641
67,642
67,643
67,644
67,645
67,646
67,647
67,648
67,649
67,650
67,651
67,652
67,653
67,654
67,655
67,656
67,657
67,658
67,659
67,660
67,661
67,662
67,663
67,664
67,665
67,666
67,667
67,668
67,669
67,670
67,671
67,672
67,673
67,674
67,675
67,676
67,677
67,678
67,679
67,680
67,681
67,682
67,683
67,684
67,685
67,686
67,687
67,688
67,689
67,690
67,691
67,692
67,693
67,694
67,695
67,696
67,697
67,698
67,699
67,700
67,701
67,702
67,703
67,704
67,705
67,706
:77_6,707
:77_6,708
:77_6,709
:77_6,710
:77_6,711
-121,712
-121,713
-121,714
-121,715
-121,716
-121,717
-121,718
-121,719
-121,720
-121,721
-121,722
-121,723
-121,724
-121,725
-121,726
-121,727
-121,728
-121,729
-121,730
-121,731
-121,732
-121,733
-121,734
-121,735
-121,736
-121,737
-121,738
-121,739
-121,740
-121,741
-121,742
-121,743
-121,744
-121,745
-121,746
-121,747
-121,748
-121,749
-121,750
-121,751
-121,752
-121,753
-121,754
-121,755
-121,756
-121,757
-121,758
-121,759
-121,760
-121,761
-121,762
-121,763
-121,764
-121,765
-121,766
-121,767
-121,768
-121,769
-121,770
-121,771
-121,772
-121,773
-121,774
-121,775
-121,776
-121,777
-121,778
-121,779
-121,780
-121,781
-121,782
-121,783
-121,784
-121,785
:137_0,786
:137_0,787
:137_0,788
:137_0,789
:137_0,790
:137_0,791
122,792
122,793
122,794
122,795
122,796
122,797
122,798
122,799
122,800
122,801
122,802
122,803
122,804
122,805
122,806
122,807
122,808
122,809
122,810
122,811
122,812
122,813
122,814
122,815
122,816
122,817
122,818
122,819
122,820
122,821
122,822
122,823
122,824
122,825
122,826
122,827
122,828
122,829
122,830
122,831
122,832
122,833
122,834
122,835
122,836
122,837
122,838
122,839
122,840
122,841
122,842
122,843
122,844
122,845
122,846
122,847
122,848
122,849
122,850
122,851
122,852
122,853
122,854
122,855
122,856
122,857
122,858
122,859
122,860
122,861
122,862
122,863
122,864
122,865
122,866
122,867
122,868
122,869
122,870
122,871
122,872
122,873
122,874
:60_6,875
:60_6,876
:60_6,877
:60_6,878
:60_6,879
-52,880
-52,881
-52,882
-52,883
-52,884
-52,885
-52,886
-52,887
-52,888
-52,889
-52,890
-52,891
-52,892
-52,893
-52,894
-52,895
-52,896
-52,897
-52,898
-52,899
-52,900
-52,901
-52,902
-52,903
-52,904
-52,905
-52,906
-52,907
-52,908
-52,909
-52,910
-52,911
-52,912
-52,913
-52,914
-52,915
-52,916
-52,917
-52,918
-52,919
-52,920
-52,921
-52,922
-52,923
-52,924
-52,925
-52,926
-52,927
-52,928
-52,929
-52,930
-52,931
-52,932
-52,933
-52,934
-52,935
-52,936
-52,937
-52,938
-52,939
-52,940
-52,941
-52,942
-52,943
-52,944
-52,945
-52,946
-52,947
-52,948
-52,949
-52,950
-52,951
-52,952
-52,953
-52,954
-52,955
-52,956
-52,957
-52,958
-52,959
-52,960
-52,961
-52,962
-52,963
-52,964
-52,965
-52,966
-154,1
-154,2
-154,3
-154,1
