-404,1
-404,1
-404,1
-404,2
-404,3
-404,4
-404,5
-404,6
-404,7
-404,8
-404,9
-404,10
-404,11
-404,12
-404,13
-404,14
-404,15
-404,16
-404,17
-404,18
-404,19
-404,20
-404,21
-404,22
-404,23
-404,24
-404,25
-404,26
-404,27
-404,28
-404,29
-404,30
-404,31
-404,32
-404,33
-404,34
-404,35
-404,36
-404,37
-404,38
-404,39
-404,40
-404,41
-404,42
-404,43
-404,44
-404,45
-404,46
-404,47
-404,48
-404,49
-404,50
-404,51
-404,52
-404,53
-404,54
-404,55
-404,56
-404,57
-404,58
-404,59
-404,60
-404,61
-404,62
-404,63
-404,64
-404,65
-404,66
-404,67
-404,68
-404,69
-404,70
-404,71
-404,72
-404,73
-404,74
-404,75
-404,76
-404,77
-404,78
-404,79
-404,80
-404,81
-404,82
-404,83
-404,84
-404,85
-404,86
-404,87
-404,88
-404,89
-404,90
-404,91
-404,92
-404,93
-404,94
-404,95
-404,96
-404,97
-404,98
-404,99
-404,100
-404,101
-404,102
-404,103
-404,104
-404,105
-404,106
-404,107
-404,108
-404,109
-404,110
-404,111
-404,112
-404,113
-404,114
-404,115
-404,116
-404,117
-404,118
-404,119
-404,120
-404,121
-404,122
-404,123
-404,124
-404,125
-404,126
-404,127
-404,128
-404,129
-404,130
-404,131
-404,132
-404,133
-404,134
-404,135
-404,136
-404,137
-404,138
-404,139
:269_3,140
:269_3,141
:269_3,142
-276,143
-276,144
-276,145
-276,146
-276,147
-276,148
-276,149
-276,150
-276,151
-276,152
-276,153
-276,154
-276,155
-276,156
-276,157
-276,158
-276,159
-276,160
-276,161
-276,162
-276,163
-276,164
-276,165
-276,166
-276,167
-276,168
-276,169
-276,170
-276,171
-276,172
-276,173
-276,174
-276,175
-276,176
-276,177
-276,178
-276,179
-276,180
-276,181
-276,182
-276,183
-276,184
-276,185
-276,186
-276,187
-276,188
-276,189
-276,190
-276,191
-276,192
-276,193
-276,194
-276,195
-276,196
-276,197
-276,198
-276,199
-276,200
-276,201
-276,202
-276,203
-276,204
-276,205
-276,206
-276,207
-276,208
-276,209
-276,210
-276,211
-276,212
-276,213
-276,214
-276,215
-276,216
-276,217
-276,218
-276,219
-276,220
-276,221
-276,222
-276,223
-276,224
-276,225
-276,226
-276,227
-276,228
-276,229
-276,230
-276,231
-276,232
-276,233
:261_10,234
:261_10,235
:261_18,236
:261_18,237
:261_18,238
277,239
277,240
277,241
277,242
277,243
277,244
277,245
277,246
277,247
277,248
277,249
277,250
277,251
277,252
277,253
277,254
277,255
277,256
277,257
277,258
277,259
277,260
277,261
277,262
277,263
277,264
277,265
277,266
277,267
277,268
277,269
277,270
277,271
277,272
277,273
277,274
277,275
277,276
277,277
277,278
277,279
277,280
277,281
277,282
277,283
277,284
277,285
277,286
277,287
277,288
277,289
277,290
277,291
277,292
277,293
277,294
277,295
277,296
277,297
277,298
277,299
277,300
277,301
277,302
277,303
277,304
277,305
277,306
277,307
277,308
277,309
277,310
277,311
277,312
277,313
277,314
277,315
277,316
277,317
277,318
277,319
277,320
277,321
277,322
277,323
277,324
277,325
277,326
277,327
277,328
277,329
277,330
277,331
277,332
277,333
277,334
277,335
277,336
277,337
277,338
277,339
277,340
277,341
277,342
277,343
277,344
277,345
277,346
277,347
277,348
277,349
277,350
277,351
277,352
277,353
277,354
277,355
277,356
277,357
277,358
277,359
277,360
277,361
277,362
277,363
277,364
277,365
277,366
277,367
277,368
277,369
277,370
277,371
277,372
277,373
277,374
277,375
277,376
277,377
277,378
277,379
277,380
277,381
277,382
277,383
277,384
277,385
277,386
277,387
277,388
277,389
277,390
277,391
277,392
277,393
277,394
277,395
277,396
277,397
277,398
277,399
277,400
277,401
277,402
277,403
277,404
277,405
277,406
277,407
277,408
277,409
277,410
277,411
277,412
277,413
277,414
277,415
277,416
277,417
277,418
277,419
277,420
277,421
277,422
277,423
277,424
277,425
277,426
277,427
277,428
277,429
277,430
277,431
277,432
277,433
277,434
277,435
277,436
277,437
277,438
277,439
277,440
277,441
277,442
277,443
277,444
277,445
277,446
277,447
277,448
277,449
277,450
277,451
277,452
277,453
277,454
277,455
277,456
277,457
277,458
277,459
277,460
277,461
277,462
277,463
277,464
277,465
277,466
277,467
277,468
277,469
277,470
277,471
277,472
277,473
277,474
277,475
277,476
277,477
277,478
277,479
277,480
277,481
277,482
277,483
277,484
277,485
277,486
277,487
277,488
277,489
277,490
277,491
277,492
277,493
277,494
277,495
277,496
277,497
277,498
277,499
277,500
277,501
277,502
277,503
277,504
277,505
277,506
277,507
277,508
277,509
277,510
277,511
277,512
277,513
277,514
277,515
:91_4,516
:91_4,517
:91_4,518
:91_4,519
:91_4,520
:91_4,521
:91_4,522
80,523
80,524
80,525
80,526
80,527
80,528
80,529
80,530
80,531
80,532
80,533
80,534
80,535
80,536
80,537
80,538
80,539
80,540
80,541
80,542
80,543
80,544
80,545
80,546
80,547
80,548
80,549
80,550
80,551
80,552
80,553
80,554
80,555
80,556
80,557
80,558
80,559
80,560
80,561
80,562
80,563
80,564
80,565
80,566
80,567
80,568
80,569
80,570
80,571
80,572
80,573
80,574
80,575
80,576
80,577
80,578
80,579
80,580
80,581
80,582
80,583
80,584
80,585
80,586
80,587
80,588
80,589
80,590
80,591
80,592
80,593
80,594
80,595
80,596
80,597
80,598
80,599
80,600
80,601
80,602
80,603
80,604
80,605
80,606
80,607
80,608
80,609
80,610
80,611
80,612
80,613
80,614
80,615
80,616
80,617
80,618
80,619
-404,1
-404,2
-404,3
-404,1
