-669,8
-669,9
-669,10
-669,11
-669,12
-669,13
-669,14
-669,15
-669,16
-669,17
-669,18
-669,19
-669,20
-669,21
-669,22
-669,23
-669,24
-669,25
-669,26
-669,27
-669,28
-669,29
-669,30
-669,31
-669,32
-669,33
-669,34
-669,35
-669,36
-669,37
-669,38
-669,39
-669,40
-669,41
-669,42
-669,43
-669,44
-669,45
-669,46
-669,47
-669,48
-669,49
-669,50
-669,51
-669,52
-669,53
-669,54
-669,55
-669,56
-669,57
-669,58
-669,59
-669,60
-669,61
-669,62
-669,63
-669,64
-669,65
-669,66
-669,67
-669,68
-669,69
-669,70
-669,71
-669,72
-669,73
-669,74
-669,75
-669,76
-669,77
-669,78
-669,79
-669,80
-669,81
-669,82
-669,83
-669,84
-669,85
-669,86
-669,87
-669,88
-669,89
-669,90
-669,91
-669,92
-669,93
-669,94
-669,95
-669,96
-669,97
-669,98
-669,99
-669,100
-669,101
-669,102
-669,103
-669,104
-669,105
-669,106
-669,107
-669,108
-669,109
-669,110
-669,111
-669,112
-669,113
-669,114
-669,115
-669,116
-669,117
-669,118
-669,119
-669,120
-669,121
-669,122
-669,123
-669,124
-669,125
-669,126
-669,127
-669,128
-669,129
-669,130
-669,131
-669,132
-669,133
-669,134
-669,135
-669,136
-669,137
-669,138
-669,139
-669,140
-669,141
-669,142
-669,143
-669,144
-669,145
-669,146
-669,147
-669,148
-669,149
-669,150
-669,151
-669,152
-669,153
-669,154
-669,155
-669,156
-669,157
-669,158
-669,159
-669,160
-669,161
-669,162
-669,163
-669,164
-669,165
-669,166
-669,167
-669,168
-669,169
-669,170
-669,171
-669,172
-669,173
-669,174
-669,175
-669,176
-669,177
-669,178
-669,179
-669,180
-669,181
-669,182
-669,183
-669,184
-669,185
-669,186
-669,187
-669,188
-669,189
-669,190
-669,191
-669,192
-669,193
-669,194
-669,195
-669,196
-669,197
-669,198
-669,199
-669,200
-669,201
-669,202
-669,203
-669,204
-669,205
-669,206
-669,207
-669,208
-669,209
-669,210
-669,211
-669,212
-669,213
-669,214
-669,215
-669,216
-669,217
-669,218
-669,219
-669,220
-669,221
-669,222
-669,223
-669,224
-669,225
-649,226
-649,227
-649,228
-649,229
-649,230
-649,231
-649,232
-649,233
-649,234
-649,235
-649,236
-649,237
-649,238
-649,239
-649,240
-649,241
-649,242
-649,243
-649,244
-649,245
-649,246
-649,247
-649,248
-649,249
-649,250
-649,251
-649,252
-649,253
-649,254
-649,255
-649,256
-649,257
-649,258
-649,259
-649,260
-649,261
-649,262
-649,263
-649,264
-649,265
-649,266
-649,267
-649,268
-649,269
-649,270
-649,271
-649,272
-649,273
-649,274
-649,275
-649,276
-649,277
-649,278
-649,279
-649,280
-649,281
-649,282
-649,283
-649,284
-649,285
-649,286
-649,287
-649,288
-649,289
-649,290
-649,291
-649,292
-649,293
-649,294
-649,295
-649,296
-649,297
-649,298
-649,299
-649,300
-649,301
-649,302
-649,303
-649,304
-649,305
-649,306
-649,307
-649,308
-649,309
-649,310
-649,311
-649,312
-649,313
-649,314
-649,315
-649,316
-649,317
-649,318
-649,319
-649,320
-649,321
-649,322
-649,323
-649,324
-649,325
-649,326
-649,327
-649,328
-649,329
-649,330
-649,331
-649,332
-649,333
-649,334
-649,335
-649,336
-649,337
-649,338
-649,339
-649,340
-649,341
-649,342
-649,343
-649,344
-649,345
-649,346
-649,347
-649,348
-250,349
-250,350
-250,351
-250,352
-250,353
-250,354
-250,355
-250,356
-250,357
-250,358
-250,359
-250,360
-250,361
-250,362
-250,363
-250,364
-250,365
-250,366
-250,367
-250,368
-250,369
-250,370
-250,371
-250,372
-250,373
-250,374
-250,375
-250,376
-250,377
-250,378
-250,379
-250,380
-250,381
-250,382
-250,383
-250,384
-250,385
-250,386
-250,387
-250,388
-250,389
-250,390
-250,391
-250,392
-250,393
-250,394
-250,395
-250,396
-250,397
-250,398
-250,399
-250,400
-250,401
-250,402
-250,403
-250,404
-250,405
-250,406
-250,407
-250,408
-250,409
-250,410
-250,411
-250,412
-250,413
-250,414
-250,415
-250,416
-250,417
-250,418
-250,419
-250,420
-250,421
-250,422
-250,423
-250,424
-250,425
-250,426
-250,427
-250,428
-250,429
-250,430
-250,431
-250,432
-250,433
-250,434
-250,435
-250,436
-250,437
-250,438
-250,439
-250,440
-250,441
-250,442
-250,443
-250,444
-250,445
:249_10,446
:249_10,447
:249_10,448
:249_10,449
:249_10,450
:249_10,451
249,452
249,453
249,454
249,455
249,456
249,457
249,458
249,459
249,460
249,461
249,462
249,463
249,464
249,465
249,466
249,467
249,468
249,469
249,470
249,471
249,472
249,473
249,474
249,475
249,476
249,477
249,478
249,479
249,480
249,481
249,482
249,483
249,484
249,485
249,486
249,487
249,488
249,489
249,490
249,491
249,492
249,493
249,494
249,495
249,496
249,497
249,498
249,499
249,500
249,501
249,502
249,503
249,504
249,505
249,506
249,507
249,508
249,509
249,510
249,511
249,512
249,513
249,514
249,515
249,516
249,517
249,518
249,519
249,520
249,521
249,522
249,523
249,524
249,525
249,526
249,527
249,528
249,529
249,530
249,531
249,532
249,533
249,534
249,535
249,536
249,537
249,538
249,539
249,540
249,541
249,542
249,543
249,544
249,545
249,546
249,547
249,548
249,549
249,550
249,551
249,552
249,553
249,554
:147_4,555
:147_4,556
:147_4,557
:147_4,558
:147_4,559
-132,560
-132,561
-132,562
-132,563
-132,564
-132,565
-132,566
-132,567
-132,568
-132,569
-132,570
-132,571
-132,572
-132,573
-132,574
-132,575
-132,576
-132,577
-132,578
-132,579
-132,580
-132,581
-132,582
-132,583
-132,584
-132,585
-132,586
-132,587
-132,588
-132,589
-132,590
-132,591
-132,592
-132,593
-132,594
-132,595
-132,596
-132,597
-132,598
-132,599
-132,600
-132,601
-132,602
-132,603
-132,604
-132,605
-132,606
-132,607
-132,608
-132,609
-132,610
-132,611
-132,612
-132,613
-132,614
-132,615
-132,616
-132,617
-132,618
-132,619
-132,620
-132,621
-132,622
-132,623
-132,624
-132,625
-132,626
-132,627
-132,628
-132,629
-132,630
-132,631
-132,632
-132,633
-132,634
-132,635
-132,636
-132,637
-132,638
-132,639
-132,640
-132,641
-132,642
-132,643
-132,644
-132,645
-132,646
-132,647
-132,648
-132,649
-132,650
-132,651
-132,652
-132,653
-132,654
-132,655
-132,656
-132,657
-132,658
-132,659
-132,660
:146_4,661
:146_4,662
:146_4,663
:146_4,664
134,665
134,666
134,667
134,668
134,669
134,670
134,671
134,672
134,673
134,674
134,675
134,676
134,677
134,678
134,679
134,680
134,681
134,682
134,683
134,684
134,685
134,686
134,687
134,688
134,689
134,690
134,691
134,692
134,693
134,694
134,695
134,696
134,697
134,698
134,699
134,700
134,701
134,702
134,703
134,704
134,705
134,706
134,707
134,708
134,709
134,710
134,711
134,712
134,713
134,714
134,715
134,716
134,717
134,718
134,719
134,720
134,721
134,722
134,723
134,724
134,725
134,726
134,727
134,728
134,729
134,730
134,731
134,732
134,733
134,734
134,735
134,736
134,737
134,738
134,739
134,740
134,741
134,742
134,743
134,744
134,745
134,746
134,747
134,748
134,749
134,750
134,751
134,752
134,753
134,754
134,755
134,756
134,757
134,758
134,759
134,760
134,761
134,762
134,763
134,764
134,765
134,766
134,767
134,768
134,769
134,770
134,771
134,772
134,773
134,774
134,775
134,776
134,777
134,778
134,779
134,780
134,781
134,782
134,783
134,784
134,785
134,786
134,787
134,788
134,789
134,790
134,791
134,792
134,793
134,794
134,795
134,796
134,797
134,798
134,799
134,800
134,801
134,802
134,803
134,804
134,805
134,806
134,807
134,808
134,809
134,810
134,811
134,812
134,813
134,814
134,815
134,816
134,817
134,818
134,819
134,820
134,821
134,822
134,823
134,824
134,825
134,826
134,827
134,828
134,829
134,830
134,831
134,832
134,833
134,834
134,835
134,836
134,837
134,838
134,839
134,840
134,841
134,842
134,843
134,844
134,845
134,846
134,847
134,848
134,849
134,850
134,851
