158,1
158,1
158,1
158,2
158,3
158,4
158,5
158,6
158,7
158,8
158,9
158,10
158,11
158,12
158,13
158,14
158,15
158,16
158,17
158,18
158,19
158,20
158,21
158,22
158,23
158,24
158,25
158,26
158,27
158,28
158,29
158,30
158,31
158,32
158,33
158,34
158,35
158,36
158,37
158,38
158,39
158,40
158,41
158,42
158,43
158,44
158,45
158,46
158,47
158,48
158,49
158,50
158,51
158,52
158,53
158,54
158,55
158,56
158,57
158,58
158,59
158,60
158,61
158,62
158,63
158,64
158,65
158,66
158,67
158,68
158,69
158,70
158,71
158,72
158,73
158,74
158,75
158,76
158,77
158,78
158,79
158,80
158,81
158,82
158,83
158,84
158,85
158,86
158,87
158,88
158,89
158,90
158,91
158,92
158,93
158,94
158,95
158,96
158,97
158,98
158,99
158,100
158,101
158,102
158,103
:57_7,104
:57_7,105
:57_7,106
:57_7,107
:57_7,108
-49,109
-49,110
-49,111
-49,112
-49,113
-49,114
-49,115
-49,116
-49,117
-49,118
-49,119
-49,120
-49,121
-49,122
-49,123
-49,124
-49,125
-49,126
-49,127
-49,128
-49,129
-49,130
-49,131
-49,132
-49,133
-49,134
-49,135
-49,136
-49,137
-49,138
-49,139
-49,140
-49,141
-49,142
-49,143
-49,144
-49,145
-49,146
-49,147
-49,148
-49,149
-49,150
-49,151
-49,152
-49,153
-49,154
-49,155
-49,156
-49,157
-49,158
-49,159
-49,160
-49,161
-49,162
-49,163
-49,164
-49,165
-49,166
-49,167
-49,168
-49,169
-49,170
-49,171
-49,172
-49,173
-49,174
-49,175
-49,176
-49,177
-49,178
-49,179
-49,180
-49,181
-49,182
-49,183
-49,184
-49,185
-49,186
-49,187
-49,188
-49,189
-49,190
-49,191
-49,192
-49,193
-49,194
-49,195
-49,196
-49,197
-49,198
-49,199
-49,200
-49,201
-49,202
-49,203
-49,204
-49,205
-49,206
-49,207
-49,208
-49,209
-49,210
-49,211
-49,212
-49,213
-49,214
-49,215
-49,216
-49,217
-49,218
-49,219
-49,220
-49,221
-49,222
-49,223
-49,224
-49,225
-49,226
-49,227
-49,228
-49,229
-49,230
-49,231
-49,232
-49,233
-49,234
-49,235
-49,236
-49,237
-49,238
-49,239
-49,240
-49,241
-49,242
-49,243
-49,244
-49,245
-49,246
-49,247
-49,248
-49,249
-49,250
-49,251
-49,252
-49,253
-49,254
-49,255
-49,256
-49,257
-49,258
-49,259
-49,260
-49,261
-49,262
-49,263
-49,264
-49,265
-49,266
-49,267
-49,268
-49,269
-49,270
-49,271
-49,272
-49,273
-49,274
-49,275
-49,276
-49,277
-49,278
-49,279
-49,280
-49,281
-49,282
-49,283
-49,284
-49,285
-49,286
-49,287
-49,288
-49,289
-49,290
-49,291
-49,292
-49,293
-49,294
-49,295
-49,296
-49,297
-49,298
-49,299
-49,300
-49,301
-49,302
-49,303
-49,304
-49,305
-49,306
-49,307
-49,308
-49,309
-49,310
-49,311
-49,312
:5_15,313
:5_15,314
:5_15,315
:5_15,316
:5_15,317
:5_15,318
:5_15,319
:5_15,320
-4,321
-4,322
-4,323
-4,324
-4,325
-4,326
-4,327
-4,328
-4,329
-4,330
-4,331
-4,332
-4,333
-4,334
-4,335
-4,336
-4,337
-4,338
-4,339
-4,340
-4,341
-4,342
-4,343
-4,344
-4,345
-4,346
-4,347
-4,348
-4,349
-4,350
-4,351
-4,352
-4,353
-4,354
-4,355
-4,356
-4,357
-4,358
-4,359
-4,360
-4,361
-4,362
-4,363
-4,364
-4,365
-4,366
-4,367
-4,368
-4,369
-4,370
-4,371
-4,372
-4,373
-4,374
-4,375
-4,376
-4,377
-4,378
-4,379
-4,380
-4,381
-4,382
-4,383
-4,384
-4,385
-4,386
-4,387
-4,388
-4,389
-4,390
-4,391
-4,392
-4,393
-4,394
-4,395
-4,396
-4,397
-4,398
-4,399
-4,400
-4,401
-4,402
-4,403
-4,404
-4,405
-4,406
-4,407
-4,408
-4,409
-4,410
-4,411
-4,412
-4,413
-4,414
-4,415
-4,416
-4,417
-4,418
-4,419
-4,420
-4,421
-4,422
-4,423
-4,424
-4,425
-4,426
-4,427
-4,428
-4,429
-4,430
-4,431
-4,432
-4,433
-4,434
-4,435
-4,436
-4,437
-4,438
-4,439
-4,440
-4,441
-4,442
-4,443
-4,444
-4,445
-4,446
-4,447
-4,448
-4,449
-4,450
-4,451
-4,452
-4,453
-4,454
-4,455
-4,456
-4,457
-4,458
-4,459
-4,460
-4,461
-4,462
-4,463
-4,464
-4,465
-4,466
-4,467
-4,468
-4,469
-4,470
-4,471
-4,472
-4,473
-4,474
-4,475
-4,476
-4,477
-4,478
-4,479
-4,480
-4,481
-4,482
-4,483
-4,484
-4,485
-4,486
-4,487
-4,488
-4,489
-4,490
-4,491
-4,492
-4,493
-4,494
-4,495
-4,496
-4,497
-4,498
-4,499
-4,500
-4,501
-4,502
-4,503
-4,504
-4,505
-4,506
-4,507
-4,508
-4,509
-4,510
-4,511
-4,512
-4,513
-4,514
-4,515
-4,516
-4,517
-4,518
-4,519
-4,520
-4,521
-4,522
-4,523
-4,524
-4,525
-4,526
-4,527
-4,528
-4,529
-4,530
-4,531
-4,532
-4,533
-4,534
-4,535
-4,536
-4,537
-4,538
-4,539
-4,540
-4,541
-4,542
-4,543
-4,544
-4,545
-4,546
-4,547
-4,548
-4,549
-4,550
-4,551
-4,552
-4,553
-4,554
-4,555
-4,556
-4,557
-4,558
-4,559
-4,560
-4,561
-4,562
-4,563
-4,564
-4,565
-4,566
-4,567
-4,568
-4,569
-4,570
-4,571
-4,572
-4,573
-4,574
-4,575
-4,576
-4,577
-4,578
-4,579
-4,580
-4,581
-4,582
-4,583
-4,584
-4,585
-4,586
-4,587
-4,588
-4,589
-4,590
-4,591
-4,592
-4,593
-4,594
-4,595
-4,596
-4,597
-4,598
-4,599
-4,600
-4,601
-4,602
-4,603
-4,604
-4,605
-4,606
-4,607
-4,608
-4,609
-4,610
-4,611
-4,612
-4,613
-4,614
-4,615
-4,616
-4,617
-4,618
-4,619
-4,620
-4,621
-4,622
-4,623
-4,624
-4,625
-4,626
-4,627
-4,628
-4,629
-4,630
-4,631
-4,632
-4,633
-4,634
-4,635
-4,636
-4,637
-4,638
-4,639
-4,640
-4,641
-4,642
-4,643
-4,644
-4,645
-4,646
-4,647
-4,648
-4,649
-4,650
-4,651
-4,652
-4,653
-4,654
-4,655
-4,656
-4,657
-4,658
-4,659
-4,660
-4,661
-4,662
-4,663
-4,664
-4,665
-4,666
-4,667
-4,668
-4,669
-4,670
-4,671
-4,672
-4,673
-4,674
-4,675
-4,676
-4,677
-4,678
-4,679
-4,680
-4,681
-4,682
-4,683
-4,684
:0_9,685
:0_9,686
:0_9,687
:0_9,688
:0_9,689
:0_9,690
0,691
0,692
0,693
0,694
0,695
0,696
0,697
0,698
0,699
0,700
0,701
0,702
0,703
0,704
0,705
0,706
0,707
0,708
0,709
0,710
0,711
0,712
0,713
0,714
0,715
0,716
0,717
0,718
0,719
0,720
0,721
0,722
0,723
0,724
0,725
0,726
0,727
0,728
0,729
0,730
0,731
0,732
0,733
0,734
0,735
0,736
0,737
0,738
0,739
0,740
0,741
0,742
0,743
0,744
0,745
0,746
0,747
0,748
0,749
0,750
0,751
0,752
0,753
0,754
0,755
0,756
0,757
0,758
0,759
0,760
0,761
0,762
0,763
0,764
0,765
0,766
0,767
0,768
0,769
0,770
0,771
0,772
0,773
0,774
0,775
0,776
0,777
0,778
0,779
0,780
0,781
0,782
0,783
0,784
0,785
0,786
0,787
0,788
0,789
0,790
0,791
0,792
0,793
0,794
0,795
0,796
0,797
0,798
0,799
0,800
0,801
0,802
0,803
0,804
0,805
:1_7,806
:1_7,807
:1_7,808
:1_7,809
:1_7,810
1,811
1,812
1,813
1,814
1,815
1,816
1,817
1,818
1,819
1,820
1,821
1,822
1,823
1,824
1,825
1,826
1,827
1,828
1,829
1,830
1,831
1,832
1,833
1,834
1,835
1,836
1,837
1,838
1,839
1,840
1,841
1,842
:2_3,843
:2_3,844
:2_3,845
:2_3,846
:2_3,847
2,848
2,849
2,850
2,851
2,852
2,853
2,854
2,855
2,856
2,857
2,858
2,859
2,860
2,861
2,862
2,863
2,864
2,865
2,866
2,867
2,868
2,869
2,870
2,871
2,872
2,873
2,874
2,875
2,876
2,877
2,878
2,879
2,880
2,881
2,882
2,883
2,884
2,885
2,886
2,887
2,888
2,889
2,890
2,891
2,892
2,893
2,894
2,895
2,896
2,897
2,898
2,899
2,900
2,901
2,902
2,903
2,904
2,905
2,906
2,907
2,908
2,909
2,910
2,911
2,912
2,913
2,914
2,915
2,916
2,917
2,918
2,919
2,920
2,921
2,922
2,923
2,924
2,925
2,926
2,927
2,928
2,929
2,930
2,931
2,932
2,933
2,934
2,935
2,936
2,937
2,938
2,939
2,940
2,941
2,942
2,943
2,944
:3_7,945
:3_7,946
:3_7,947
:3_7,948
-102,949
-102,950
-102,951
-102,952
-102,953
-102,954
-102,955
-102,956
-102,957
-102,958
-102,959
-102,960
-102,961
-102,962
-102,963
-102,964
-102,965
-102,966
158,1
158,2
158,3
158,1
