324,1
324,1
324,1
324,2
324,3
324,4
324,5
324,6
324,7
324,8
324,9
324,10
324,11
324,12
324,13
324,14
324,15
324,16
324,17
324,18
324,19
324,20
324,21
324,22
324,23
324,24
324,25
324,26
324,27
324,28
324,29
324,30
324,31
324,32
324,33
324,34
324,35
324,36
324,37
324,38
324,39
324,40
324,41
324,42
324,43
324,44
324,45
324,46
324,47
324,48
324,49
324,50
324,51
324,52
324,53
324,54
324,55
324,56
324,57
324,58
324,59
324,60
324,61
324,62
324,63
324,64
324,65
324,66
324,67
324,68
324,69
324,70
324,71
324,72
324,73
324,74
324,75
324,76
324,77
324,78
324,79
324,80
324,81
324,82
324,83
324,84
324,85
324,86
324,87
324,88
324,89
324,90
324,91
324,92
324,93
324,94
324,95
324,96
324,97
324,98
324,99
324,100
324,101
324,102
324,103
324,104
324,105
324,106
324,107
324,108
324,109
324,110
324,111
324,112
324,113
324,114
324,115
324,116
324,117
324,118
324,119
324,120
324,121
324,122
324,123
324,124
324,125
324,126
324,127
324,128
324,129
324,130
324,131
324,132
324,133
324,134
324,135
324,136
324,137
324,138
324,139
324,140
324,141
324,142
324,143
324,144
324,145
324,146
324,147
324,148
324,149
324,150
324,151
324,152
324,153
324,154
324,155
324,156
324,157
324,158
324,159
324,160
324,161
324,162
324,163
324,164
324,165
324,166
324,167
324,168
324,169
324,170
324,171
324,172
324,173
324,174
324,175
324,176
324,177
324,178
324,179
324,180
324,181
324,182
324,183
324,184
324,185
324,186
324,187
324,188
324,189
324,190
324,191
324,192
324,193
324,194
324,195
324,196
324,197
324,198
324,199
324,200
324,201
324,202
324,203
324,204
324,205
324,206
324,207
324,208
324,209
324,210
324,211
324,212
324,213
324,214
324,215
324,216
324,217
324,218
324,219
324,220
324,221
324,222
324,223
324,224
324,225
324,226
324,227
324,228
324,229
324,230
324,231
324,232
324,233
324,234
324,235
324,236
324,237
324,238
324,239
324,240
324,241
324,242
324,243
324,244
324,245
324,246
324,247
324,248
324,249
324,250
324,251
324,252
324,253
324,254
324,255
324,256
324,257
324,258
324,259
324,260
324,261
324,262
324,263
324,264
324,265
324,266
324,267
324,268
324,269
:170_0,270
:170_0,271
:170_0,272
-196,273
-196,274
-196,275
-196,276
-196,277
-196,278
-196,279
-196,280
-196,281
-196,282
-196,283
-196,284
-196,285
-196,286
-196,287
-196,288
-196,289
-196,290
-196,291
-196,292
-196,293
-196,294
-196,295
-196,296
-196,297
-196,298
-196,299
-196,300
-196,301
-196,302
-196,303
-196,304
-196,305
-196,306
-196,307
-196,308
-196,309
-196,310
-196,311
-196,312
-196,313
-196,314
-196,315
-196,316
-196,317
-196,318
-196,319
-196,320
-196,321
-196,322
-196,323
-196,324
-196,325
-196,326
-196,327
-196,328
-196,329
-196,330
-196,331
-196,332
-196,333
-196,334
-196,335
-196,336
-196,337
-196,338
-196,339
-196,340
-196,341
-196,342
-196,343
-196,344
-196,345
-196,346
-196,347
-196,348
-196,349
-196,350
-196,351
-196,352
-196,353
-196,354
-196,355
-196,356
-196,357
-196,358
-196,359
-196,360
-196,361
-196,362
-196,363
-196,364
-196,365
-196,366
-196,367
-196,368
-196,369
-196,370
-196,371
-196,372
-196,373
-196,374
-196,375
-196,376
-196,377
-196,378
-196,379
-196,380
-196,381
-196,382
-196,383
-196,384
-196,385
-196,386
-196,387
-196,388
-196,389
-196,390
-196,391
-196,392
-196,393
-196,394
-196,395
-196,396
-196,397
-196,398
-196,399
-196,400
-196,401
-196,402
-196,403
-196,404
-196,405
-196,406
-196,407
-196,408
-196,409
-196,410
-196,411
-196,412
-196,413
-196,414
-196,415
-196,416
-196,417
-196,418
-196,419
-196,420
-196,421
-196,422
-196,423
-196,424
-196,425
-196,426
-196,427
-196,428
-196,429
-196,430
-196,431
-196,432
-196,433
-196,434
-196,435
-196,436
-196,437
-196,438
-196,439
-196,440
-196,441
-196,442
-196,443
-196,444
-196,445
-196,446
-196,447
-196,448
-196,449
-196,450
-196,451
-196,452
-196,453
-196,454
-196,455
-196,456
-196,457
-196,458
-196,459
-196,460
-196,461
-196,462
-196,463
-196,464
-196,465
-196,466
-196,467
-196,468
-196,469
-196,470
-196,471
-196,472
-196,473
-196,474
-196,475
-196,476
-196,477
-196,478
-196,479
-196,480
-196,481
-196,482
-196,483
-196,484
-196,485
-196,486
-196,487
-196,488
-196,489
-196,490
-196,491
-196,492
-196,493
-196,494
-196,495
-196,496
-196,497
-196,498
-196,499
-196,500
-196,501
-196,502
-196,503
-196,504
-196,505
-196,506
-196,507
-196,508
-196,509
-196,510
-196,511
-196,512
-196,513
-196,514
-196,515
-196,516
-196,517
-196,518
-196,519
-196,520
-196,521
-196,522
-196,523
-196,524
-196,525
-196,526
-196,527
-196,528
-196,529
-196,530
-196,531
-196,532
-196,533
:35_6,534
:35_6,535
:35_16,536
:35_16,537
:35_16,538
197,539
197,540
197,541
197,542
197,543
197,544
197,545
197,546
197,547
197,548
197,549
197,550
197,551
197,552
197,553
197,554
197,555
197,556
197,557
197,558
197,559
197,560
197,561
197,562
197,563
197,564
197,565
197,566
197,567
197,568
197,569
197,570
197,571
197,572
197,573
197,574
197,575
197,576
197,577
197,578
197,579
197,580
197,581
197,582
197,583
197,584
197,585
197,586
197,587
197,588
197,589
197,590
197,591
197,592
197,593
197,594
197,595
197,596
197,597
197,598
197,599
197,600
197,601
197,602
197,603
197,604
197,605
197,606
197,607
197,608
197,609
197,610
197,611
197,612
197,613
197,614
197,615
197,616
197,617
197,618
197,619
197,620
197,621
197,622
197,623
197,624
197,625
197,626
197,627
197,628
197,629
197,630
197,631
197,632
197,633
197,634
197,635
197,636
197,637
197,638
197,639
197,640
197,641
197,642
197,643
197,644
197,645
197,646
197,647
197,648
197,649
197,650
197,651
197,652
197,653
197,654
197,655
197,656
197,657
197,658
197,659
197,660
197,661
197,662
197,663
197,664
197,665
197,666
197,667
197,668
197,669
197,670
197,671
197,672
197,673
197,674
197,675
197,676
197,677
197,678
197,679
197,680
197,681
197,682
197,683
197,684
197,685
197,686
197,687
197,688
197,689
197,690
197,691
197,692
197,693
197,694
197,695
197,696
197,697
197,698
197,699
197,700
197,701
197,702
197,703
197,704
197,705
197,706
197,707
197,708
197,709
197,710
197,711
197,712
197,713
197,714
197,715
197,716
197,717
197,718
197,719
197,720
197,721
197,722
197,723
197,724
197,725
197,726
197,727
197,728
197,729
197,730
197,731
197,732
197,733
197,734
197,735
197,736
197,737
197,738
197,739
197,740
197,741
197,742
197,743
197,744
197,745
197,746
197,747
197,748
197,749
197,750
197,751
197,752
197,753
197,754
197,755
197,756
197,757
197,758
197,759
197,760
197,761
197,762
197,763
197,764
197,765
197,766
197,767
197,768
197,769
197,770
197,771
197,772
197,773
:205_0,774
:205_0,775
:205_0,776
:205_0,777
198,778
198,779
198,780
198,781
198,782
198,783
198,784
198,785
198,786
198,787
198,788
198,789
198,790
198,791
198,792
198,793
198,794
198,795
198,796
198,797
198,798
198,799
198,800
198,801
198,802
198,803
198,804
198,805
198,806
198,807
198,808
198,809
198,810
198,811
198,812
198,813
198,814
198,815
198,816
198,817
198,818
198,819
198,820
198,821
198,822
198,823
198,824
198,825
198,826
198,827
198,828
198,829
198,830
198,831
198,832
198,833
198,834
198,835
198,836
198,837
198,838
198,839
198,840
198,841
198,842
198,843
198,844
198,845
198,846
198,847
198,848
198,849
198,850
198,851
198,852
198,853
198,854
198,855
198,856
198,857
198,858
198,859
198,860
198,861
198,862
198,863
198,864
198,865
198,866
198,867
198,868
198,869
198,870
198,871
198,872
198,873
198,874
198,875
198,876
198,877
198,878
198,879
198,880
198,881
198,882
198,883
198,884
198,885
198,886
198,887
198,888
198,889
198,890
198,891
198,892
198,893
198,894
198,895
198,896
198,897
198,898
198,899
198,900
198,901
198,902
198,903
198,904
198,905
198,906
198,907
198,908
198,909
198,910
198,911
198,912
198,913
198,914
198,915
198,916
198,917
198,918
198,919
198,920
198,921
198,922
198,923
198,924
198,925
198,926
198,927
198,928
198,929
198,930
198,931
198,932
198,933
198,934
198,935
198,936
198,937
198,938
198,939
198,940
198,941
198,942
198,943
198,944
198,945
198,946
198,947
198,948
198,949
198,950
198,951
198,952
198,953
198,954
198,955
198,956
198,957
198,958
198,959
198,960
198,961
198,962
198,963
198,964
198,965
198,966
324,1
324,2
324,3
324,1
