558,8
558,9
558,10
558,11
558,12
558,13
558,14
558,15
558,16
558,17
558,18
558,19
558,20
558,21
558,22
558,23
558,24
558,25
558,26
558,27
558,28
558,29
558,30
558,31
558,32
558,33
558,34
558,35
558,36
558,37
558,38
558,39
558,40
558,41
558,42
558,43
558,44
558,45
558,46
558,47
558,48
558,49
558,50
558,51
558,52
558,53
558,54
558,55
558,56
558,57
558,58
558,59
558,60
558,61
558,62
558,63
558,64
558,65
558,66
558,67
558,68
558,69
558,70
558,71
558,72
558,73
558,74
558,75
558,76
558,77
558,78
558,79
558,80
558,81
558,82
558,83
558,84
558,85
558,86
558,87
558,88
558,89
558,90
558,91
558,92
558,93
558,94
558,95
558,96
558,97
558,98
558,99
558,100
558,101
:218_6,102
:218_6,103
:218_6,104
:218_6,105
:218_6,106
-212,107
-212,108
-212,109
-212,110
-212,111
-212,112
-212,113
-212,114
-212,115
-212,116
-212,117
-212,118
-212,119
-212,120
-212,121
-212,122
-212,123
-212,124
-212,125
-212,126
-212,127
-212,128
-212,129
-212,130
-212,131
-212,132
-212,133
-212,134
-212,135
-212,136
-212,137
-212,138
-212,139
-212,140
-212,141
-212,142
-212,143
-212,144
-212,145
-212,146
-212,147
-212,148
-212,149
-212,150
-212,151
-212,152
-212,153
-212,154
-212,155
-212,156
-212,157
-212,158
-212,159
-212,160
-212,161
:189_1,162
:189_1,163
:189_1,164
:189_1,165
:189_1,166
-176,167
-176,168
-176,169
-176,170
-176,171
-176,172
-176,173
-176,174
-176,175
-176,176
-176,177
-176,178
-176,179
-176,180
-176,181
-176,182
-176,183
-176,184
-176,185
-176,186
-176,187
-176,188
-176,189
-176,190
-176,191
-176,192
-176,193
-176,194
-176,195
-176,196
-176,197
-176,198
-176,199
-176,200
-176,201
-176,202
-176,203
-176,204
-176,205
-176,206
-176,207
-176,208
-176,209
-176,210
-176,211
-176,212
-176,213
-176,214
-176,215
-176,216
-176,217
-176,218
-176,219
-176,220
-176,221
-176,222
-176,223
-176,224
-176,225
-176,226
-176,227
-176,228
-176,229
-176,230
-176,231
-176,232
-176,233
-176,234
-176,235
-176,236
-176,237
-176,238
-176,239
-176,240
-176,241
-176,242
-176,243
-176,244
-176,245
-176,246
-176,247
-176,248
-176,249
-176,250
-176,251
-176,252
-176,253
-176,254
-176,255
-176,256
-176,257
-176,258
-176,259
-176,260
-176,261
-176,262
-176,263
-176,264
-176,265
:13_12,266
:13_12,267
:13_12,268
:13_12,269
:13_12,270
175,271
175,272
175,273
175,274
175,275
175,276
175,277
175,278
175,279
175,280
175,281
175,282
175,283
175,284
175,285
175,286
175,287
175,288
175,289
175,290
175,291
175,292
175,293
175,294
175,295
175,296
175,297
175,298
175,299
175,300
175,301
175,302
175,303
175,304
175,305
175,306
175,307
175,308
175,309
175,310
175,311
175,312
175,313
175,314
175,315
175,316
175,317
175,318
175,319
175,320
175,321
175,322
175,323
175,324
175,325
175,326
175,327
175,328
175,329
464,330
464,331
464,332
464,333
464,334
464,335
464,336
464,337
464,338
464,339
464,340
464,341
464,342
464,343
464,344
464,345
464,346
464,347
464,348
464,349
464,350
464,351
464,352
464,353
464,354
464,355
464,356
464,357
464,358
464,359
464,360
464,361
464,362
464,363
464,364
464,365
464,366
464,367
464,368
464,369
464,370
464,371
464,372
464,373
464,374
464,375
464,376
464,377
464,378
464,379
464,380
464,381
464,382
464,383
464,384
464,385
464,386
464,387
464,388
464,389
464,390
464,391
464,392
464,393
464,394
464,395
464,396
464,397
464,398
464,399
464,400
464,401
464,402
464,403
464,404
464,405
464,406
464,407
464,408
464,409
464,410
464,411
464,412
464,413
464,414
:396_0,415
:396_0,416
:396_0,417
:396_0,418
:396_0,419
679,420
679,421
679,422
679,423
679,424
679,425
679,426
679,427
679,428
679,429
679,430
679,431
679,432
679,433
679,434
679,435
679,436
679,437
679,438
679,439
679,440
679,441
679,442
679,443
679,444
679,445
679,446
679,447
679,448
679,449
679,450
679,451
679,452
679,453
679,454
679,455
679,456
679,457
679,458
679,459
679,460
679,461
679,462
679,463
679,464
679,465
679,466
679,467
679,468
679,469
679,470
679,471
679,472
679,473
679,474
679,475
679,476
679,477
679,478
679,479
679,480
:375_1,481
:375_1,482
:375_1,483
:375_1,484
:375_1,485
:375_1,486
430,487
430,488
430,489
430,490
430,491
430,492
430,493
430,494
430,495
430,496
430,497
430,498
430,499
430,500
430,501
430,502
430,503
430,504
430,505
430,506
430,507
430,508
430,509
430,510
430,511
430,512
430,513
430,514
430,515
430,516
430,517
430,518
430,519
430,520
430,521
430,522
430,523
430,524
430,525
430,526
430,527
430,528
430,529
430,530
430,531
430,532
430,533
430,534
430,535
430,536
430,537
430,538
430,539
430,540
430,541
430,542
430,543
430,544
430,545
430,546
430,547
430,548
430,549
430,550
430,551
430,552
430,553
430,554
430,555
430,556
430,557
430,558
430,559
430,560
430,561
430,562
430,563
430,564
430,565
430,566
430,567
430,568
430,569
430,570
430,571
430,572
430,573
430,574
430,575
430,576
430,577
430,578
430,579
430,580
430,581
430,582
430,583
430,584
430,585
430,586
430,587
430,588
430,589
430,590
430,591
430,592
430,593
430,594
430,595
430,596
430,597
430,598
430,599
430,600
430,601
430,602
430,603
430,604
430,605
430,606
430,607
430,608
430,609
430,610
430,611
430,612
430,613
430,614
430,615
430,616
430,617
430,618
430,619
430,620
430,621
430,622
430,623
430,624
430,625
430,626
430,627
430,628
430,629
430,630
430,631
430,632
430,633
430,634
430,635
430,636
430,637
430,638
430,639
430,640
430,641
430,642
430,643
430,644
430,645
430,646
430,647
430,648
430,649
430,650
430,651
430,652
430,653
430,654
430,655
430,656
430,657
430,658
430,659
430,660
430,661
430,662
430,663
430,664
430,665
430,666
430,667
430,668
430,669
430,670
430,671
430,672
430,673
430,674
430,675
430,676
430,677
430,678
430,679
430,680
430,681
430,682
:50_12,683
:50_12,684
:50_12,685
44,686
44,687
44,688
44,689
44,690
44,691
44,692
44,693
44,694
44,695
44,696
44,697
44,698
44,699
44,700
44,701
44,702
44,703
44,704
44,705
44,706
44,707
44,708
44,709
44,710
44,711
44,712
44,713
44,714
44,715
44,716
44,717
44,718
44,719
44,720
44,721
44,722
44,723
44,724
44,725
44,726
44,727
44,728
44,729
44,730
44,731
44,732
44,733
44,734
44,735
44,736
44,737
44,738
44,739
44,740
44,741
44,742
44,743
44,744
44,745
44,746
44,747
44,748
44,749
44,750
44,751
44,752
44,753
44,754
44,755
44,756
44,757
44,758
44,759
44,760
44,761
44,762
44,763
44,764
44,765
44,766
44,767
44,768
44,769
44,770
44,771
44,772
44,773
44,774
44,775
44,776
44,777
44,778
44,779
44,780
44,781
44,782
44,783
44,784
44,785
44,786
44,787
44,788
44,789
44,790
44,791
44,792
44,793
44,794
44,795
44,796
44,797
44,798
44,799
44,800
44,801
44,802
44,803
44,804
44,805
44,806
44,807
44,808
44,809
44,810
44,811
44,812
44,813
44,814
44,815
44,816
44,817
44,818
44,819
44,820
44,821
44,822
44,823
44,824
44,825
44,826
44,827
44,828
44,829
44,830
44,831
44,832
44,833
44,834
44,835
44,836
44,837
44,838
44,839
44,840
44,841
44,842
44,843
44,844
44,845
44,846
44,847
44,848
44,849
44,850
44,851
44,852
44,853
44,854
44,855
44,856
44,857
44,858
44,859
44,860
44,861
44,862
44,863
44,864
44,865
44,866
44,867
44,868
44,869
44,870
44,871
44,872
44,873
44,874
44,875
44,876
44,877
44,878
44,879
44,880
44,881
44,882
44,883
44,884
44,885
44,886
44,887
44,888
44,889
44,890
44,891
44,892
44,893
44,894
44,895
44,896
44,897
44,898
44,899
44,900
44,901
44,902
44,903
44,904
44,905
44,906
44,907
44,908
44,909
44,910
44,911
44,912
44,913
44,914
44,915
44,916
44,917
44,918
44,919
44,920
44,921
44,922
44,923
:51_4,924
:51_4,925
:51_4,926
:51_4,927
:51_4,928
:51_4,929
94,930
94,931
94,932
94,933
94,934
94,935
94,936
94,937
94,938
94,939
94,940
94,941
94,942
94,943
94,944
94,945
94,946
94,947
94,948
94,949
94,950
94,951
94,952
94,953
94,954
94,955
94,956
94,957
94,958
94,959
94,960
94,961
94,962
94,963
94,964
94,965
