462,1
462,1
462,1
462,2
462,3
462,4
462,5
462,6
462,7
462,8
462,9
462,10
462,11
462,12
462,13
462,14
462,15
462,16
462,17
462,18
462,19
462,20
462,21
462,22
462,23
462,24
462,25
462,26
462,27
462,28
462,29
462,30
462,31
462,32
462,33
462,34
462,35
462,36
462,37
462,38
462,39
462,40
462,41
462,42
462,43
462,44
462,45
462,46
462,47
462,48
620,49
620,50
620,51
620,52
620,53
620,54
620,55
620,56
620,57
620,58
620,59
620,60
620,61
620,62
620,63
620,64
620,65
620,66
620,67
620,68
620,69
620,70
620,71
620,72
620,73
620,74
620,75
620,76
620,77
620,78
620,79
620,80
620,81
620,82
620,83
620,84
620,85
620,86
620,87
620,88
620,89
620,90
620,91
620,92
620,93
620,94
620,95
620,96
620,97
620,98
620,99
620,100
620,101
620,102
620,103
620,104
620,105
620,106
620,107
620,108
620,109
620,110
620,111
620,112
620,113
:397_1,114
:397_1,115
:397_1,116
:397_1,117
-466,118
-466,119
-466,120
-466,121
-466,122
-466,123
-466,124
-466,125
-466,126
-466,127
-466,128
-466,129
-466,130
-466,131
-466,132
-466,133
-466,134
-466,135
-466,136
-466,137
-466,138
-466,139
-466,140
-466,141
-466,142
-466,143
-466,144
-466,145
-466,146
-466,147
-466,148
-466,149
-466,150
-466,151
-466,152
-466,153
-466,154
-466,155
:148_12,156
:148_12,157
:148_12,158
:148_12,159
-133,160
-133,161
-133,162
-133,163
-133,164
-133,165
-133,166
-133,167
-133,168
-133,169
-133,170
-133,171
-133,172
-133,173
-133,174
-133,175
-133,176
-133,177
-133,178
-133,179
-133,180
-133,181
-133,182
-133,183
-133,184
-133,185
-133,186
-133,187
-133,188
-133,189
-133,190
-133,191
-133,192
-133,193
-133,194
-133,195
-133,196
-133,197
-133,198
-133,199
-133,200
-133,201
-133,202
-133,203
-133,204
-133,205
-133,206
-133,207
-133,208
-133,209
-133,210
-133,211
-133,212
-133,213
-133,214
-133,215
-133,216
-133,217
-133,218
-133,219
-133,220
-133,221
-133,222
-133,223
-133,224
-133,225
:146_0,226
:146_0,227
:146_0,228
134,229
134,230
134,231
134,232
134,233
134,234
134,235
134,236
134,237
134,238
134,239
134,240
134,241
134,242
134,243
134,244
134,245
134,246
134,247
134,248
134,249
134,250
134,251
134,252
134,253
134,254
134,255
134,256
134,257
134,258
134,259
134,260
134,261
134,262
134,263
134,264
134,265
134,266
134,267
134,268
134,269
134,270
134,271
134,272
134,273
134,274
134,275
134,276
134,277
134,278
134,279
134,280
134,281
134,282
134,283
134,284
134,285
134,286
134,287
134,288
134,289
134,290
134,291
134,292
134,293
134,294
134,295
134,296
134,297
134,298
134,299
134,300
134,301
134,302
134,303
134,304
134,305
134,306
134,307
134,308
134,309
134,310
134,311
134,312
134,313
134,314
134,315
134,316
134,317
134,318
134,319
134,320
134,321
134,322
134,323
134,324
134,325
134,326
134,327
134,328
134,329
134,330
134,331
134,332
134,333
134,334
134,335
134,336
134,337
134,338
134,339
134,340
134,341
134,342
134,343
134,344
134,345
134,346
134,347
134,348
134,349
134,350
134,351
134,352
134,353
134,354
134,355
134,356
134,357
134,358
134,359
134,360
134,361
134,362
134,363
134,364
134,365
134,366
134,367
134,368
134,369
134,370
134,371
134,372
134,373
134,374
134,375
134,376
134,377
134,378
134,379
134,380
134,381
134,382
134,383
134,384
134,385
134,386
134,387
134,388
134,389
134,390
134,391
134,392
134,393
134,394
134,395
:149_5,396
:149_5,397
:149_5,398
:149_5,399
:149_5,400
:149_5,401
-419,402
-419,403
-419,404
-419,405
-419,406
-419,407
-419,408
-419,409
-419,410
-419,411
-419,412
-419,413
-419,414
-419,415
-419,416
-419,417
-419,418
-419,419
-419,420
-419,421
-419,422
-419,423
-419,424
-419,425
-419,426
-419,427
-419,428
-419,429
-419,430
-419,431
-419,432
-419,433
-419,434
-419,435
-419,436
-419,437
-419,438
-419,439
-419,440
-419,441
-419,442
-419,443
-419,444
-419,445
-419,446
-419,447
-419,448
-419,449
-419,450
-419,451
-419,452
-419,453
-419,454
-419,455
-419,456
-419,457
-419,458
-419,459
-419,460
-419,461
-419,462
-419,463
-419,464
-419,465
-419,466
-419,467
-419,468
-419,469
-419,470
-419,471
-419,472
-419,473
-419,474
-419,475
-419,476
-419,477
-419,478
-419,479
-419,480
-419,481
-419,482
-419,483
-419,484
-419,485
-419,486
-419,487
-419,488
-419,489
-419,490
-419,491
-419,492
-419,493
-419,494
-419,495
-419,496
-419,497
-419,498
-419,499
-419,500
-419,501
-419,502
-419,503
-419,504
-419,505
-419,506
-419,507
-419,508
-419,509
-419,510
-419,511
-419,512
-419,513
-419,514
-419,515
-419,516
-419,517
-419,518
-419,519
-419,520
-419,521
-419,522
-419,523
-419,524
-419,525
-419,526
-419,527
-419,528
-419,529
-419,530
-419,531
-419,532
-419,533
-419,534
-419,535
-419,536
-419,537
-419,538
-419,539
-419,540
-419,541
-419,542
-419,543
-419,544
-419,545
-419,546
-419,547
-419,548
-419,549
-419,550
-419,551
-419,552
-419,553
-419,554
-419,555
-419,556
-419,557
-419,558
-419,559
-419,560
-419,561
-419,562
-419,563
-419,564
-419,565
-419,566
-419,567
-419,568
-419,569
-419,570
-419,571
-419,572
-419,573
-419,574
-419,575
-419,576
-419,577
-419,578
-419,579
-419,580
-419,581
-419,582
-419,583
-419,584
-419,585
-419,586
-419,587
462,1
462,2
462,3
462,1
