261,1
261,1
261,1
261,2
261,3
261,4
261,5
261,6
261,7
261,8
261,9
261,10
261,11
261,12
261,13
261,14
261,15
261,16
261,17
261,18
261,19
261,20
261,21
261,22
261,23
261,24
261,25
261,26
261,27
261,28
261,29
261,30
261,31
261,32
261,33
261,34
261,35
261,36
261,37
261,38
261,39
261,40
261,41
261,42
261,43
261,44
261,45
261,46
261,47
261,48
261,49
261,50
261,51
261,52
261,53
261,54
261,55
261,56
261,57
261,58
261,59
261,60
261,61
261,62
261,63
261,64
261,65
261,66
261,67
261,68
261,69
261,70
261,71
261,72
261,73
261,74
261,75
261,76
261,77
261,78
261,79
261,80
261,81
261,82
261,83
261,84
261,85
261,86
261,87
261,88
261,89
261,90
261,91
261,92
:258_0,93
:258_0,94
:258_0,95
:258_0,96
531,97
531,98
531,99
531,100
531,101
531,102
531,103
531,104
531,105
531,106
531,107
531,108
531,109
531,110
531,111
531,112
531,113
531,114
531,115
531,116
531,117
531,118
531,119
531,120
531,121
531,122
531,123
531,124
531,125
531,126
531,127
531,128
531,129
531,130
531,131
531,132
531,133
531,134
531,135
531,136
531,137
531,138
531,139
531,140
531,141
531,142
531,143
531,144
531,145
531,146
531,147
531,148
531,149
531,150
531,151
531,152
531,153
531,154
531,155
531,156
531,157
531,158
531,159
531,160
531,161
531,162
531,163
531,164
531,165
531,166
531,167
531,168
531,169
531,170
531,171
531,172
531,173
531,174
531,175
531,176
531,177
531,178
531,179
531,180
531,181
531,182
531,183
531,184
531,185
:156_3,186
:156_3,187
:156_3,188
-140,189
-140,190
-140,191
-140,192
-140,193
-140,194
-140,195
-140,196
-140,197
-140,198
-140,199
-140,200
-140,201
-140,202
-140,203
-140,204
-140,205
-140,206
-140,207
-140,208
-140,209
-140,210
-140,211
-140,212
-140,213
-140,214
-140,215
-140,216
-140,217
-140,218
-140,219
-140,220
-140,221
-140,222
-140,223
-140,224
-140,225
-140,226
-140,227
-140,228
-140,229
-140,230
-140,231
-140,232
-140,233
-140,234
-140,235
-140,236
-140,237
-140,238
-140,239
-140,240
-140,241
-140,242
-140,243
-140,244
-140,245
-140,246
-140,247
-140,248
-140,249
-140,250
-140,251
-140,252
-140,253
-140,254
-140,255
-140,256
-140,257
-140,258
-140,259
-140,260
-140,261
-140,262
-140,263
-140,264
-140,265
-140,266
-140,267
-140,268
-140,269
-140,270
-140,271
-140,272
-140,273
-140,274
-140,275
-140,276
-140,277
-140,278
-140,279
-140,280
-140,281
-140,282
261,1
261,2
261,3
261,1
