204,4
204,5
204,6
204,7
204,8
204,9
204,10
204,11
204,12
204,13
204,14
204,15
204,16
204,17
204,18
204,19
204,20
204,21
204,22
204,23
204,24
204,25
204,26
204,27
204,28
204,29
204,30
204,31
204,32
204,33
204,34
204,35
204,36
204,37
204,38
204,39
204,40
204,41
204,42
204,43
204,44
204,45
204,46
204,47
204,48
204,49
204,50
204,51
204,52
204,53
204,54
204,55
204,56
204,57
204,58
204,59
204,60
204,61
204,62
204,63
204,64
204,65
204,66
204,67
204,68
204,69
204,70
204,71
204,72
204,73
204,74
204,75
204,76
204,77
204,78
:211_1,79
:211_1,80
:211_1,81
:211_1,82
:211_1,83
:211_1,84
646,85
646,86
646,87
646,88
646,89
646,90
646,91
646,92
646,93
646,94
646,95
646,96
646,97
646,98
646,99
646,100
646,101
646,102
646,103
646,104
646,105
646,106
646,107
646,108
646,109
646,110
646,111
646,112
646,113
646,114
646,115
646,116
646,117
646,118
646,119
646,120
646,121
646,122
646,123
646,124
646,125
646,126
646,127
646,128
646,129
646,130
646,131
646,132
646,133
646,134
646,135
646,136
646,137
646,138
646,139
646,140
646,141
646,142
646,143
646,144
646,145
646,146
646,147
646,148
646,149
646,150
646,151
646,152
646,153
646,154
646,155
646,156
646,157
646,158
646,159
646,160
646,161
646,162
646,163
646,164
646,165
646,166
646,167
646,168
646,169
646,170
646,171
646,172
646,173
646,174
646,175
646,176
646,177
646,178
646,179
646,180
646,181
646,182
646,183
646,184
646,185
646,186
646,187
646,188
646,189
646,190
646,191
646,192
646,193
646,194
646,195
646,196
646,197
646,198
646,199
:179_1,200
:179_1,201
:179_1,202
:179_1,203
:179_1,204
:179_1,205
-164,206
-164,207
-164,208
-164,209
-164,210
-164,211
-164,212
-164,213
-164,214
-164,215
-164,216
-164,217
-164,218
-164,219
-164,220
-164,221
-164,222
-164,223
-164,224
-164,225
-164,226
-164,227
-164,228
-164,229
-164,230
-164,231
-164,232
-164,233
-164,234
-164,235
-164,236
-164,237
-164,238
-164,239
-164,240
-164,241
-164,242
-164,243
-164,244
-164,245
-164,246
-164,247
-164,248
-164,249
-164,250
-164,251
-164,252
-164,253
-164,254
-164,255
-164,256
-164,257
-164,258
-164,259
-164,260
-164,261
-164,262
-164,263
-164,264
-164,265
-164,266
-164,267
-164,268
-164,269
-164,270
-164,271
-164,272
-164,273
-164,274
-164,275
-164,276
-164,277
-164,278
-164,279
-164,280
-164,281
-164,282
-164,283
-164,284
-164,285
-164,286
-164,287
-164,288
-164,289
-164,290
-164,291
-164,292
-164,293
-164,294
-164,295
-164,296
-164,297
-164,298
-164,299
-164,300
-164,301
-164,302
-164,303
-164,304
-164,305
-164,306
-164,307
-164,308
-164,309
-164,310
-164,311
-164,312
-164,313
-164,314
-164,315
-164,316
-164,317
-164,318
-164,319
-164,320
-164,321
-164,322
-164,323
-164,324
-164,325
-164,326
-164,327
-164,328
-164,329
-164,330
-164,331
-164,332
-164,333
-164,334
-164,335
-164,336
-164,337
-164,338
-164,339
-164,340
-164,341
-164,342
-164,343
-164,344
-164,345
-164,346
-164,347
-164,348
-164,349
-164,350
-164,351
-164,352
-164,353
-164,354
-164,355
-164,356
-164,357
-164,358
-164,359
-164,360
-164,361
-164,362
-164,363
-164,364
-164,365
-164,366
-164,367
-164,368
-164,369
-164,370
-164,371
-164,372
-164,373
-164,374
-164,375
-164,376
-164,377
-164,378
-164,379
-164,380
-164,381
-164,382
-164,383
-164,384
-164,385
-164,386
-164,387
-164,388
-164,389
-164,390
-164,391
-164,392
-164,393
-164,394
-164,395
-164,396
-164,397
-164,398
-164,399
-164,400
-164,401
-164,402
-164,403
-164,404
-164,405
-164,406
-164,407
-164,408
-164,409
-164,410
-164,411
-164,412
-164,413
-164,414
-164,415
-164,416
-164,417
-164,418
-164,419
-164,420
-164,421
-164,422
-164,423
-164,424
-164,425
-164,426
-164,427
-164,428
-164,429
-164,430
-164,431
-164,432
:178_12,433
:178_12,434
:178_12,435
:178_12,436
165,437
165,438
165,439
165,440
165,441
165,442
165,443
165,444
165,445
165,446
165,447
165,448
165,449
165,450
165,451
165,452
165,453
165,454
165,455
165,456
165,457
165,458
165,459
165,460
165,461
165,462
165,463
165,464
165,465
165,466
165,467
165,468
165,469
165,470
165,471
165,472
165,473
165,474
165,475
165,476
165,477
165,478
165,479
165,480
165,481
165,482
165,483
165,484
165,485
165,486
165,487
165,488
165,489
165,490
165,491
165,492
165,493
165,494
165,495
165,496
165,497
165,498
165,499
165,500
165,501
165,502
165,503
165,504
165,505
165,506
165,507
165,508
165,509
165,510
165,511
165,512
165,513
165,514
165,515
165,516
165,517
165,518
165,519
165,520
165,521
165,522
165,523
165,524
165,525
165,526
165,527
165,528
165,529
165,530
165,531
165,532
165,533
165,534
165,535
165,536
165,537
165,538
165,539
165,540
165,541
165,542
165,543
165,544
165,545
165,546
165,547
165,548
165,549
165,550
165,551
165,552
165,553
165,554
165,555
165,556
165,557
165,558
165,559
165,560
165,561
165,562
165,563
165,564
165,565
165,566
165,567
165,568
165,569
165,570
165,571
165,572
165,573
165,574
165,575
165,576
165,577
165,578
165,579
165,580
165,581
165,582
165,583
165,584
165,585
165,586
165,587
165,588
165,589
165,590
165,591
165,592
165,593
165,594
165,595
165,596
165,597
165,598
165,599
165,600
165,601
165,602
165,603
165,604
165,605
165,606
165,607
165,608
165,609
165,610
165,611
165,612
165,613
165,614
165,615
165,616
165,617
165,618
165,619
165,620
165,621
165,622
165,623
165,624
165,625
165,626
165,627
165,628
165,629
165,630
165,631
165,632
165,633
165,634
165,635
165,636
165,637
:163_1,638
:163_1,639
:163_1,640
:163_1,641
:163_1,642
:163_1,643
180,644
180,645
180,646
180,647
180,648
180,649
180,650
180,651
180,652
180,653
180,654
180,655
180,656
180,657
180,658
180,659
180,660
180,661
180,662
180,663
180,664
180,665
180,666
180,667
180,668
180,669
180,670
180,671
180,672
180,673
180,674
180,675
180,676
180,677
180,678
180,679
180,680
180,681
180,682
180,683
180,684
180,685
180,686
180,687
180,688
180,689
180,690
180,691
180,692
180,693
180,694
180,695
180,696
180,697
180,698
180,699
180,700
180,701
180,702
180,703
180,704
180,705
180,706
180,707
180,708
180,709
180,710
180,711
180,712
180,713
180,714
180,715
180,716
180,717
180,718
180,719
:193_1,720
:193_1,721
:193_1,722
:193_1,723
:193_1,724
:193_1,725
-412,726
-412,727
-412,728
-412,729
-412,730
-412,731
-412,732
-412,733
-412,734
-412,735
-412,736
-412,737
-412,738
-412,739
-412,740
-412,741
-412,742
-412,743
-412,744
-412,745
-412,746
-412,747
-412,748
-412,749
-412,750
-412,751
-412,752
-412,753
-412,754
-412,755
-412,756
-412,757
-412,758
-412,759
-412,760
-412,761
-412,762
-412,763
-412,764
-412,765
-412,766
-412,767
-412,768
-412,769
-412,770
-412,771
-412,772
-412,773
-412,774
-412,775
-412,776
-412,777
-412,778
-412,779
-412,780
-412,781
-412,782
-412,783
-412,784
-412,785
-412,786
-412,787
-412,788
-412,789
-412,790
-412,791
-412,792
-412,793
-412,794
-412,795
-412,796
-412,797
-412,798
-412,799
-412,800
-412,801
-412,802
-412,803
-412,804
-412,805
-412,806
-412,807
-412,808
-412,809
-412,810
-412,811
-412,812
-412,813
-412,814
-412,815
-412,816
-412,817
-412,818
-412,819
-412,820
-412,821
-412,822
-412,823
-412,824
-412,825
-412,826
:365_1,827
:365_1,828
:365_1,829
:365_1,830
:365_1,831
:365_1,832
414,833
414,834
414,835
414,836
414,837
414,838
414,839
414,840
414,841
414,842
414,843
414,844
414,845
414,846
414,847
414,848
414,849
414,850
414,851
414,852
414,853
414,854
414,855
414,856
414,857
414,858
414,859
414,860
414,861
414,862
414,863
414,864
414,865
414,866
414,867
414,868
414,869
414,870
414,871
414,872
414,873
414,874
414,875
414,876
414,877
414,878
414,879
414,880
414,881
414,882
414,883
414,884
414,885
414,886
414,887
414,888
414,889
414,890
414,891
414,892
414,893
414,894
414,895
414,896
414,897
414,898
414,899
414,900
414,901
414,902
414,903
414,904
414,905
414,906
414,907
414,908
414,909
414,910
414,911
414,912
414,913
414,914
414,915
414,916
414,917
414,918
414,919
414,920
414,921
414,922
414,923
414,924
414,925
414,926
414,927
414,928
414,929
414,930
414,931
414,932
414,933
414,934
414,935
414,936
414,937
414,938
414,939
414,940
414,941
414,942
414,943
414,944
414,945
414,946
414,947
414,948
414,949
414,950
414,951
414,952
414,953
414,954
414,955
414,956
414,957
414,958
414,959
414,960
414,961
414,962
414,963
414,964
414,965
204,4
