-241,31
-241,32
-241,33
-241,34
-241,35
-241,36
-241,37
-241,38
-241,39
-241,40
-241,41
-241,42
-241,43
-241,44
-241,45
-241,46
-241,47
-241,48
-241,49
-241,50
-241,51
-241,52
-241,53
-241,54
-241,55
-241,56
-241,57
-241,58
-241,59
-241,60
-241,61
-241,62
-241,63
-241,64
-241,65
-241,66
-241,67
-241,68
-241,69
-241,70
-241,71
-241,72
-241,73
-241,74
-241,75
-241,76
-241,77
-241,78
-241,79
-241,80
-241,81
-241,82
-241,83
-241,84
-241,85
-241,86
-241,87
-241,88
-241,89
-241,90
-241,91
-241,92
-241,93
-241,94
-241,95
-241,96
-241,97
-241,98
-241,99
-241,100
-241,101
-241,102
-241,103
-241,104
-241,105
-241,106
-241,107
-241,108
-241,109
-241,110
-241,111
-241,112
-241,113
-241,114
-241,115
-241,116
-241,117
-241,118
-241,119
-241,120
-241,121
-241,122
-241,123
-241,124
-241,125
-241,126
-241,127
-241,128
-241,129
-241,130
-241,131
-241,132
-241,133
-241,134
-241,135
-241,136
-241,137
-241,138
-241,139
-241,140
-241,141
-241,142
-241,143
-241,144
-241,145
-241,146
-241,147
-241,148
-241,149
-241,150
-241,151
-241,152
-241,153
-241,154
-241,155
-241,156
-241,157
-241,158
-241,159
-241,160
-241,161
-241,162
-241,163
-241,164
-241,165
-241,166
-241,167
-241,168
-241,169
-241,170
-241,171
-241,172
-241,173
-241,174
-241,175
-241,176
-241,177
-241,178
-241,179
-241,180
-241,181
-241,182
-241,183
-241,184
-241,185
-241,186
-241,187
-241,188
-241,189
-241,190
-241,191
-241,192
-241,193
-241,194
-241,195
-241,196
-241,197
-241,198
-241,199
-241,200
-241,201
-241,202
-241,203
-241,204
-241,205
-241,206
-241,207
-241,208
-241,209
-241,210
-241,211
-241,212
-241,213
-241,214
-241,215
-241,216
-241,217
-241,218
-241,219
-241,220
-241,221
-241,222
-241,223
-241,224
-241,225
-241,226
-241,227
-241,228
-241,229
-241,230
-241,231
-241,232
-241,233
-241,234
-241,235
-241,236
-241,237
-241,238
-241,239
-241,240
-241,241
-241,242
-241,243
-241,244
-241,245
-241,246
-241,247
-241,248
:243_7,249
:243_7,250
:243_7,251
:243_7,252
:243_7,253
:243_7,254
:243_7,255
:243_7,256
-240,257
-240,258
-240,259
-240,260
-240,261
-240,262
-240,263
-240,264
-240,265
-240,266
-240,267
-240,268
-240,269
-240,270
-240,271
-240,272
-240,273
-240,274
-240,275
-240,276
-240,277
-240,278
-240,279
-240,280
-240,281
-240,282
-240,283
-240,284
-240,285
-240,286
-240,287
-240,288
-240,289
-240,290
-240,291
-240,292
-240,293
-240,294
-240,295
-240,296
-240,297
-240,298
-240,299
-240,300
-240,301
-240,302
-240,303
-240,304
-240,305
-240,306
-240,307
-240,308
-240,309
-240,310
-240,311
-240,312
-240,313
-240,314
-240,315
-240,316
-240,317
-240,318
-240,319
-240,320
-240,321
-240,322
-240,323
-240,324
-240,325
-240,326
-240,327
-240,328
-240,329
-240,330
-240,331
-240,332
-240,333
-240,334
-240,335
-240,336
-240,337
-240,338
-240,339
-240,340
-240,341
-240,342
-240,343
-240,344
-240,345
-240,346
-240,347
-240,348
-240,349
-240,350
-240,351
-240,352
-240,353
-240,354
-240,355
-240,356
-240,357
-240,358
-240,359
-240,360
-240,361
-240,362
-240,363
-240,364
-240,365
-240,366
-240,367
-240,368
-240,369
-240,370
-240,371
-240,372
-240,373
-240,374
-240,375
-240,376
-240,377
-240,378
-240,379
-240,380
-240,381
-240,382
-240,383
-240,384
-240,385
-240,386
-240,387
-240,388
-240,389
-240,390
-240,391
-240,392
-240,393
-240,394
-240,395
-240,396
-240,397
-240,398
-240,399
-240,400
-240,401
-240,402
-240,403
-240,404
-240,405
-240,406
-240,407
-240,408
-240,409
-240,410
-240,411
-240,412
-240,413
-240,414
-240,415
-240,416
-240,417
-240,418
-240,419
-240,420
-240,421
-240,422
-240,423
-240,424
-240,425
-240,426
-240,427
-240,428
-240,429
-240,430
-240,431
-240,432
-240,433
-240,434
-240,435
-240,436
-240,437
-240,438
-240,439
-240,440
-240,441
-240,442
-240,443
-240,444
-240,445
-240,446
-240,447
-240,448
-240,449
-240,450
-240,451
-240,452
-240,453
-240,454
-240,455
-240,456
-240,457
-240,458
-240,459
-240,460
-240,461
-240,462
-240,463
-240,464
-240,465
-240,466
-240,467
-240,468
-240,469
-240,470
-240,471
-240,472
-240,473
-240,474
-240,475
-240,476
-240,477
-240,478
-240,479
-240,480
-240,481
-240,482
-240,483
-240,484
-240,485
-240,486
-240,487
-240,488
-240,489
-240,490
-240,491
-240,492
-240,493
-240,494
-240,495
-240,496
-240,497
-240,498
-240,499
-240,500
-240,501
-240,502
-240,503
-240,504
-240,505
-240,506
-240,507
-240,508
-240,509
-240,510
-240,511
-240,512
:242_3,513
:242_3,514
:242_3,515
:242_3,516
:242_3,517
:242_3,518
:242_3,519
:242_3,520
-239,521
-239,522
-239,523
-239,524
-239,525
-239,526
-239,527
-239,528
-239,529
-239,530
-239,531
-239,532
-239,533
-239,534
-239,535
-239,536
-239,537
-239,538
-239,539
-239,540
-239,541
-239,542
-239,543
-239,544
-239,545
-239,546
-239,547
-239,548
-239,549
-239,550
-239,551
-239,552
-239,553
-239,554
-239,555
-239,556
-239,557
-239,558
-239,559
-239,560
-239,561
-239,562
-239,563
-239,564
-239,565
-239,566
-239,567
-239,568
-239,569
-239,570
-239,571
-239,572
-239,573
-239,574
-239,575
-239,576
-239,577
-239,578
-239,579
-239,580
-239,581
-239,582
-239,583
-239,584
-239,585
-239,586
-239,587
-239,588
-239,589
-239,590
-239,591
-239,592
-239,593
-239,594
-239,595
-239,596
-239,597
-239,598
-239,599
-239,600
-239,601
-239,602
-239,603
-239,604
-239,605
-239,606
-239,607
-239,608
-239,609
-239,610
-239,611
-239,612
-239,613
-239,614
-239,615
-239,616
-239,617
-239,618
-239,619
-239,620
-239,621
-239,622
-239,623
-239,624
-239,625
-239,626
-239,627
-239,628
-239,629
-239,630
-239,631
-239,632
-239,633
-239,634
-239,635
-239,636
-239,637
-239,638
-239,639
-239,640
-239,641
-239,642
-239,643
-239,644
-239,645
-239,646
-239,647
-239,648
-239,649
-239,650
-239,651
-239,652
-239,653
-239,654
-239,655
-239,656
-239,657
-239,658
-239,659
-239,660
-239,661
-239,662
-239,663
-239,664
-239,665
-239,666
-239,667
-239,668
-239,669
-239,670
-239,671
-239,672
-239,673
-239,674
-239,675
-239,676
-239,677
-239,678
-239,679
-239,680
-239,681
-239,682
-239,683
-239,684
-239,685
-239,686
-239,687
-239,688
-239,689
-239,690
-239,691
-239,692
-239,693
-239,694
-239,695
-239,696
-239,697
-239,698
-239,699
-239,700
-239,701
-239,702
-239,703
-239,704
-239,705
-239,706
-239,707
:239_3,708
:239_3,709
:239_3,710
:239_3,711
:239_3,712
:239_3,713
:239_3,714
:239_3,715
236,716
236,717
236,718
236,719
236,720
236,721
236,722
236,723
236,724
236,725
236,726
236,727
236,728
236,729
236,730
236,731
236,732
236,733
236,734
236,735
236,736
236,737
236,738
236,739
236,740
236,741
236,742
236,743
236,744
236,745
236,746
236,747
236,748
236,749
236,750
236,751
236,752
236,753
236,754
236,755
236,756
236,757
236,758
236,759
236,760
236,761
236,762
236,763
236,764
236,765
236,766
236,767
236,768
236,769
236,770
236,771
236,772
236,773
236,774
236,775
236,776
236,777
236,778
236,779
236,780
236,781
236,782
236,783
236,784
236,785
236,786
236,787
236,788
236,789
236,790
236,791
236,792
236,793
236,794
236,795
236,796
236,797
236,798
236,799
236,800
236,801
236,802
236,803
236,804
236,805
236,806
236,807
236,808
236,809
236,810
236,811
236,812
236,813
236,814
236,815
236,816
236,817
236,818
236,819
236,820
236,821
236,822
236,823
236,824
236,825
236,826
236,827
236,828
236,829
236,830
236,831
236,832
236,833
236,834
236,835
236,836
236,837
236,838
236,839
236,840
236,841
236,842
236,843
236,844
236,845
236,846
236,847
236,848
236,849
236,850
236,851
236,852
236,853
236,854
236,855
236,856
236,857
236,858
236,859
236,860
236,861
236,862
236,863
236,864
236,865
236,866
236,867
236,868
236,869
236,870
236,871
236,872
236,873
236,874
236,875
236,876
236,877
236,878
236,879
236,880
236,881
236,882
236,883
236,884
236,885
236,886
236,887
236,888
236,889
236,890
236,891
236,892
236,893
236,894
236,895
236,896
:240_3,897
:240_3,898
:240_3,899
:240_3,900
:240_3,901
:240_3,902
:240_3,903
:240_3,904
237,905
237,906
237,907
237,908
237,909
237,910
237,911
237,912
237,913
237,914
237,915
237,916
237,917
237,918
237,919
237,920
237,921
237,922
237,923
237,924
237,925
237,926
237,927
237,928
237,929
237,930
237,931
237,932
237,933
237,934
237,935
237,936
237,937
237,938
237,939
237,940
237,941
237,942
237,943
237,944
237,945
237,946
237,947
237,948
237,949
237,950
237,951
237,952
237,953
237,954
237,955
237,956
237,957
237,958
237,959
237,960
237,961
237,962
237,963
237,964
237,965
