-571,1
-571,1
-571,1
-571,2
-571,3
-571,4
-571,5
-571,6
-571,7
-571,8
-571,9
-571,10
-571,11
-571,12
-571,13
-571,14
-571,15
-571,16
-571,17
-571,18
-571,19
-571,20
-571,21
-571,22
-571,23
-571,24
-571,25
-571,26
-571,27
-571,28
-571,29
-571,30
-571,31
-571,32
-571,33
-571,34
-571,35
-571,36
-571,37
-571,38
-571,39
-571,40
-571,41
-571,42
-571,43
-571,44
-571,45
-571,46
-571,47
-571,48
-571,49
-571,50
-571,51
-571,52
-571,53
-571,54
-571,55
-571,56
-571,57
-571,58
-571,59
-571,60
-571,61
-571,62
-571,63
-571,64
-571,65
-571,66
-571,67
-571,68
-571,69
-571,70
-571,71
-571,72
-571,73
-571,74
-571,75
-571,76
-571,77
-571,78
-571,79
-571,80
-571,81
-571,82
-571,83
-571,84
-571,85
-571,86
-571,87
-571,88
-571,89
-571,90
-571,91
-571,92
-571,93
-571,94
-571,95
-571,96
-571,97
-571,98
-571,99
-571,100
-571,101
-571,102
-571,103
-571,104
-571,105
-571,106
-571,107
-571,108
-571,109
-571,110
-571,111
-571,112
-571,113
-571,114
-571,115
-571,116
-571,117
-571,118
-571,119
-571,120
-571,121
-571,122
-571,123
-571,124
-571,125
-571,126
-571,127
-571,128
-571,129
-571,130
-571,131
-571,132
-571,133
-571,134
-571,135
-571,136
-571,137
-571,138
-571,139
-571,140
-571,141
-571,142
-571,143
-571,144
-571,145
-571,146
-571,147
-571,148
-571,149
-571,150
-571,151
-571,152
-571,153
-571,154
-571,155
-571,156
-571,157
-571,158
-571,159
-571,160
-571,161
-571,162
-571,163
-571,164
-571,165
-571,166
-571,167
-571,168
-571,169
-571,170
-571,171
-571,172
-571,173
-571,174
-571,175
-571,176
-571,177
:99_7,178
:99_7,179
:99_7,180
:99_7,181
:99_7,182
-570,183
-570,184
-570,185
-570,186
-570,187
-570,188
-570,189
-570,190
-570,191
-570,192
-570,193
-570,194
-570,195
-570,196
-570,197
-570,198
-570,199
-570,200
-570,201
-570,202
-570,203
-570,204
-570,205
-570,206
-570,207
-570,208
-570,209
-570,210
-570,211
-570,212
-570,213
-570,214
-570,215
-570,216
-570,217
-570,218
-570,219
-570,220
-570,221
-570,222
-570,223
-570,224
-570,225
-570,226
-570,227
-570,228
-570,229
-570,230
-570,231
-570,232
-570,233
-570,234
-570,235
-570,236
-570,237
-570,238
-570,239
-570,240
-570,241
-570,242
-570,243
-570,244
-570,245
-570,246
-570,247
-570,248
-570,249
-570,250
-570,251
-570,252
-570,253
-570,254
-570,255
-570,256
-570,257
-570,258
-570,259
-570,260
-570,261
-570,262
-570,263
-570,264
-570,265
-570,266
-570,267
-570,268
-570,269
-570,270
-570,271
-570,272
-570,273
-570,274
-570,275
-570,276
-570,277
-570,278
-570,279
-570,280
-570,281
-570,282
-570,283
-570,284
-570,285
-570,286
-570,287
-570,288
-570,289
-570,290
-570,291
-570,292
-570,293
-570,294
-570,295
-570,296
-570,297
-570,298
-570,299
-570,300
-570,301
-570,302
-570,303
-570,304
-570,305
-570,306
-570,307
-570,308
-570,309
-570,310
-570,311
-570,312
-570,313
-570,314
-570,315
-570,316
-570,317
-570,318
-570,319
-570,320
-570,321
-570,322
-570,323
-570,324
-570,325
:151_7,326
:151_7,327
:151_7,328
:151_7,329
:151_7,330
-569,331
-569,332
-569,333
-569,334
-569,335
-569,336
-569,337
-569,338
-569,339
-569,340
-569,341
-569,342
-569,343
-569,344
-569,345
-569,346
-569,347
-569,348
-569,349
-569,350
-569,351
-569,352
-569,353
-569,354
-569,355
-569,356
-569,357
-569,358
-569,359
-569,360
-569,361
-569,362
-569,363
-569,364
-569,365
-569,366
-569,367
-569,368
-569,369
-569,370
-569,371
-569,372
-569,373
-569,374
-569,375
-569,376
-569,377
-569,378
-569,379
-569,380
-569,381
-569,382
-569,383
-569,384
-569,385
-569,386
-569,387
-569,388
-569,389
-569,390
-569,391
-569,392
-569,393
-569,394
-569,395
-569,396
-569,397
-569,398
-569,399
-569,400
-569,401
-569,402
-569,403
-569,404
-569,405
-569,406
-569,407
-569,408
-569,409
-569,410
-569,411
-569,412
-569,413
-569,414
-569,415
-569,416
-569,417
-569,418
-569,419
-569,420
:64_3,421
:64_3,422
:64_3,423
:64_3,424
:64_3,425
-56,426
-56,427
-56,428
-56,429
-56,430
-56,431
-56,432
-56,433
-56,434
-56,435
-56,436
-56,437
-56,438
-56,439
-56,440
-56,441
-56,442
-56,443
-56,444
-56,445
-56,446
-56,447
-56,448
-56,449
-56,450
-56,451
-56,452
-56,453
-56,454
-56,455
-56,456
-56,457
-56,458
-56,459
-56,460
-56,461
-56,462
-56,463
-56,464
-56,465
-56,466
-56,467
-56,468
-56,469
-56,470
-56,471
-56,472
-56,473
-56,474
-56,475
-56,476
-56,477
-56,478
-56,479
-56,480
-56,481
-56,482
-56,483
-56,484
-56,485
-56,486
-56,487
-56,488
-56,489
-56,490
-56,491
-56,492
-56,493
-56,494
-56,495
-56,496
-56,497
-56,498
-56,499
-56,500
-56,501
-56,502
-56,503
-56,504
-56,505
-56,506
-56,507
-56,508
-56,509
-56,510
-56,511
-56,512
-56,513
-56,514
-56,515
-56,516
-56,517
-56,518
-56,519
-56,520
-56,521
-56,522
-56,523
-56,524
-56,525
-56,526
-56,527
-56,528
-56,529
-56,530
-56,531
-56,532
-56,533
-56,534
-56,535
-56,536
-56,537
-56,538
-56,539
-56,540
-56,541
-56,542
-56,543
-56,544
-56,545
-56,546
-56,547
-56,548
-56,549
-56,550
:58_13,551
:58_13,552
:58_13,553
:58_13,554
:58_13,555
53,556
53,557
53,558
53,559
53,560
53,561
53,562
53,563
53,564
53,565
53,566
53,567
53,568
53,569
53,570
53,571
53,572
53,573
53,574
53,575
53,576
53,577
53,578
53,579
53,580
53,581
53,582
53,583
53,584
53,585
53,586
53,587
53,588
53,589
53,590
53,591
53,592
53,593
53,594
53,595
53,596
53,597
53,598
53,599
53,600
53,601
53,602
53,603
53,604
53,605
53,606
53,607
53,608
53,609
53,610
53,611
53,612
53,613
53,614
53,615
53,616
53,617
53,618
53,619
53,620
:61_7,621
:61_7,622
:61_7,623
:61_7,624
:61_7,625
54,626
54,627
54,628
54,629
54,630
54,631
54,632
54,633
54,634
54,635
54,636
54,637
54,638
54,639
54,640
54,641
54,642
54,643
54,644
54,645
54,646
54,647
54,648
54,649
54,650
54,651
54,652
54,653
54,654
54,655
54,656
54,657
54,658
54,659
54,660
54,661
54,662
54,663
54,664
54,665
54,666
54,667
:62_3,668
:62_3,669
:62_3,670
:62_3,671
:62_3,672
55,673
55,674
55,675
55,676
55,677
55,678
55,679
55,680
55,681
55,682
55,683
55,684
55,685
55,686
55,687
55,688
55,689
55,690
55,691
55,692
55,693
55,694
55,695
55,696
55,697
55,698
55,699
55,700
55,701
55,702
55,703
55,704
55,705
55,706
55,707
55,708
55,709
55,710
55,711
55,712
55,713
55,714
55,715
55,716
55,717
55,718
55,719
55,720
55,721
55,722
55,723
55,724
55,725
55,726
55,727
55,728
55,729
55,730
55,731
55,732
55,733
55,734
55,735
55,736
55,737
55,738
55,739
55,740
55,741
55,742
55,743
55,744
55,745
55,746
55,747
55,748
55,749
55,750
55,751
55,752
55,753
55,754
55,755
55,756
55,757
55,758
55,759
55,760
55,761
55,762
55,763
55,764
55,765
55,766
55,767
55,768
55,769
55,770
55,771
55,772
55,773
55,774
:63_13,775
:63_13,776
:63_13,777
:63_13,778
:63_13,779
159,780
159,781
159,782
159,783
159,784
159,785
159,786
159,787
159,788
159,789
159,790
159,791
159,792
159,793
159,794
159,795
159,796
159,797
159,798
159,799
159,800
159,801
159,802
159,803
159,804
159,805
159,806
159,807
159,808
159,809
159,810
159,811
159,812
159,813
159,814
159,815
159,816
159,817
159,818
159,819
159,820
159,821
159,822
159,823
159,824
159,825
159,826
159,827
159,828
159,829
159,830
159,831
159,832
159,833
159,834
159,835
159,836
159,837
159,838
159,839
159,840
159,841
159,842
159,843
159,844
159,845
159,846
159,847
159,848
159,849
159,850
159,851
159,852
159,853
159,854
159,855
159,856
159,857
159,858
159,859
159,860
159,861
159,862
159,863
159,864
159,865
159,866
:102_7,867
:102_7,868
:102_7,869
:102_7,870
-87,871
-87,872
-87,873
-87,874
-87,875
-87,876
-87,877
-87,878
-87,879
-87,880
-87,881
-87,882
-87,883
-87,884
-87,885
-87,886
-87,887
-87,888
-87,889
-87,890
-87,891
-87,892
-87,893
-87,894
-87,895
-87,896
-87,897
-87,898
-87,899
-87,900
-87,901
-87,902
-87,903
-87,904
-87,905
-87,906
-87,907
-87,908
-87,909
-87,910
-87,911
-87,912
-87,913
-87,914
-87,915
-87,916
-87,917
-87,918
-87,919
-87,920
-87,921
-87,922
-87,923
-87,924
-87,925
-87,926
-87,927
-87,928
-87,929
-87,930
-87,931
-87,932
-87,933
-87,934
-87,935
-87,936
-87,937
-87,938
-87,939
-87,940
-87,941
-87,942
-87,943
-87,944
-87,945
-87,946
-87,947
-87,948
-87,949
-87,950
-87,951
-87,952
-87,953
-87,954
-87,955
-87,956
-87,957
-87,958
-87,959
-87,960
-87,961
-87,962
-87,963
-87,964
-87,965
-87,966
-571,1
-571,2
-571,3
-571,1
