584,4
584,5
584,6
584,7
584,8
584,9
584,10
584,11
584,12
584,13
584,14
584,15
584,16
584,17
584,18
584,19
584,20
584,21
584,22
584,23
584,24
584,25
584,26
584,27
584,28
584,29
584,30
584,31
584,32
584,33
584,34
584,35
584,36
584,37
584,38
584,39
584,40
584,41
584,42
584,43
584,44
584,45
584,46
584,47
584,48
584,49
584,50
584,51
:456_1,52
:456_1,53
:456_1,54
:456_1,55
:456_1,56
:456_1,57
585,58
585,59
585,60
585,61
585,62
585,63
585,64
585,65
585,66
585,67
585,68
585,69
585,70
585,71
585,72
585,73
585,74
585,75
585,76
585,77
585,78
585,79
585,80
585,81
585,82
585,83
585,84
585,85
585,86
585,87
585,88
585,89
585,90
585,91
585,92
585,93
585,94
585,95
585,96
585,97
585,98
585,99
585,100
585,101
585,102
585,103
585,104
585,105
585,106
585,107
585,108
585,109
585,110
585,111
585,112
585,113
585,114
585,115
585,116
585,117
585,118
:219_1,119
:219_1,120
:219_1,121
:219_1,122
:219_1,123
:219_1,124
214,125
214,126
214,127
214,128
214,129
214,130
214,131
214,132
214,133
214,134
214,135
214,136
214,137
214,138
214,139
214,140
214,141
214,142
214,143
214,144
214,145
214,146
214,147
214,148
214,149
214,150
214,151
214,152
214,153
214,154
214,155
214,156
214,157
214,158
214,159
214,160
214,161
214,162
214,163
214,164
214,165
214,166
214,167
214,168
214,169
214,170
214,171
214,172
214,173
214,174
214,175
214,176
214,177
214,178
214,179
214,180
214,181
214,182
214,183
214,184
214,185
214,186
214,187
214,188
214,189
214,190
214,191
214,192
214,193
214,194
214,195
214,196
214,197
214,198
214,199
214,200
214,201
214,202
214,203
214,204
214,205
214,206
214,207
214,208
214,209
214,210
214,211
214,212
214,213
214,214
214,215
214,216
214,217
214,218
214,219
214,220
214,221
214,222
214,223
214,224
214,225
214,226
214,227
214,228
214,229
214,230
214,231
214,232
214,233
214,234
214,235
214,236
214,237
214,238
214,239
214,240
214,241
214,242
214,243
214,244
214,245
214,246
214,247
214,248
214,249
214,250
214,251
214,252
214,253
214,254
214,255
214,256
214,257
214,258
:7_12,259
:7_12,260
:7_12,261
:7_12,262
425,263
425,264
425,265
425,266
425,267
425,268
425,269
425,270
425,271
425,272
425,273
425,274
425,275
425,276
425,277
425,278
425,279
425,280
425,281
425,282
425,283
425,284
425,285
425,286
425,287
425,288
425,289
425,290
425,291
425,292
425,293
425,294
425,295
425,296
425,297
425,298
425,299
425,300
425,301
425,302
425,303
425,304
425,305
425,306
425,307
425,308
425,309
425,310
425,311
425,312
425,313
425,314
425,315
425,316
425,317
425,318
425,319
425,320
425,321
425,322
425,323
425,324
425,325
425,326
425,327
425,328
425,329
425,330
425,331
425,332
425,333
425,334
425,335
425,336
425,337
425,338
425,339
425,340
425,341
425,342
425,343
425,344
425,345
425,346
425,347
425,348
425,349
425,350
425,351
425,352
425,353
425,354
425,355
425,356
425,357
425,358
425,359
425,360
425,361
425,362
425,363
425,364
425,365
425,366
425,367
425,368
425,369
425,370
425,371
425,372
425,373
425,374
425,375
425,376
425,377
425,378
425,379
425,380
425,381
425,382
425,383
425,384
425,385
425,386
425,387
425,388
:373_0,389
:373_0,390
:373_0,391
-685,392
-685,393
-685,394
-685,395
-685,396
-685,397
-685,398
-685,399
-685,400
-685,401
-685,402
-685,403
-685,404
-685,405
-685,406
-685,407
-685,408
-685,409
-685,410
-685,411
-685,412
:13_1,413
:13_1,414
:13_1,415
:13_1,416
177,417
177,418
177,419
177,420
177,421
177,422
177,423
177,424
177,425
177,426
177,427
177,428
177,429
177,430
177,431
177,432
177,433
177,434
177,435
177,436
177,437
177,438
177,439
177,440
177,441
177,442
177,443
177,444
177,445
177,446
177,447
177,448
177,449
177,450
177,451
177,452
177,453
177,454
177,455
177,456
177,457
177,458
177,459
177,460
177,461
177,462
177,463
177,464
177,465
177,466
177,467
177,468
177,469
177,470
177,471
177,472
177,473
177,474
177,475
177,476
177,477
177,478
177,479
177,480
177,481
177,482
177,483
177,484
177,485
177,486
177,487
177,488
177,489
177,490
177,491
177,492
177,493
177,494
177,495
177,496
177,497
177,498
177,499
177,500
177,501
177,502
177,503
177,504
177,505
177,506
177,507
177,508
177,509
177,510
177,511
177,512
177,513
177,514
177,515
177,516
177,517
177,518
177,519
177,520
177,521
177,522
177,523
177,524
177,525
177,526
177,527
177,528
177,529
177,530
177,531
177,532
177,533
177,534
177,535
177,536
177,537
177,538
177,539
177,540
177,541
177,542
177,543
177,544
177,545
177,546
177,547
177,548
177,549
177,550
177,551
177,552
177,553
177,554
177,555
177,556
177,557
177,558
177,559
177,560
177,561
177,562
177,563
177,564
177,565
177,566
177,567
177,568
177,569
177,570
177,571
:190_1,572
:190_1,573
:190_1,574
:190_1,575
:190_1,576
:190_1,577
178,578
178,579
178,580
178,581
178,582
178,583
178,584
178,585
178,586
178,587
178,588
178,589
178,590
178,591
178,592
178,593
178,594
178,595
178,596
178,597
178,598
178,599
178,600
178,601
178,602
178,603
178,604
178,605
178,606
178,607
178,608
178,609
178,610
178,611
178,612
178,613
178,614
178,615
178,616
178,617
178,618
178,619
178,620
178,621
178,622
178,623
178,624
178,625
178,626
178,627
178,628
178,629
178,630
178,631
178,632
178,633
178,634
178,635
178,636
178,637
178,638
178,639
178,640
178,641
178,642
178,643
178,644
178,645
178,646
178,647
178,648
178,649
178,650
178,651
178,652
178,653
178,654
178,655
178,656
178,657
178,658
178,659
178,660
178,661
178,662
178,663
178,664
178,665
178,666
178,667
178,668
178,669
178,670
178,671
178,672
178,673
178,674
178,675
178,676
178,677
178,678
178,679
178,680
178,681
178,682
178,683
178,684
178,685
178,686
178,687
178,688
178,689
178,690
178,691
178,692
178,693
178,694
178,695
178,696
178,697
178,698
178,699
178,700
178,701
178,702
178,703
178,704
178,705
178,706
178,707
178,708
178,709
178,710
178,711
178,712
178,713
178,714
178,715
178,716
178,717
178,718
178,719
178,720
178,721
178,722
178,723
178,724
178,725
178,726
178,727
178,728
178,729
178,730
178,731
178,732
178,733
178,734
178,735
178,736
178,737
178,738
178,739
178,740
178,741
178,742
178,743
178,744
178,745
178,746
178,747
178,748
178,749
178,750
178,751
178,752
178,753
178,754
178,755
178,756
178,757
178,758
178,759
178,760
178,761
178,762
178,763
178,764
178,765
178,766
178,767
178,768
178,769
178,770
178,771
178,772
:191_5,773
:191_5,774
:191_5,775
:191_5,776
:191_5,777
:191_5,778
-195,779
-195,780
-195,781
-195,782
-195,783
-195,784
-195,785
-195,786
-195,787
-195,788
-195,789
-195,790
-195,791
-195,792
-195,793
-195,794
-195,795
-195,796
-195,797
-195,798
-195,799
-195,800
-195,801
-195,802
-195,803
-195,804
-195,805
-195,806
-195,807
-195,808
-195,809
-195,810
-195,811
-195,812
-195,813
-195,814
-195,815
-195,816
-195,817
-195,818
-195,819
-195,820
-195,821
-195,822
-195,823
-195,824
-195,825
-195,826
-195,827
-195,828
-195,829
-195,830
-195,831
-195,832
-195,833
-195,834
-195,835
-195,836
-195,837
-195,838
-195,839
-195,840
-195,841
-195,842
-195,843
-195,844
-195,845
-195,846
-195,847
-195,848
-195,849
-195,850
-195,851
-195,852
-195,853
-195,854
-195,855
-195,856
-195,857
-195,858
-195,859
-195,860
-195,861
-195,862
-195,863
-195,864
-195,865
-195,866
-195,867
-195,868
-195,869
-195,870
-195,871
-195,872
-195,873
-195,874
-195,875
-195,876
-195,877
-195,878
-195,879
-195,880
-195,881
-195,882
-195,883
-195,884
-195,885
-195,886
-195,887
-195,888
-195,889
-195,890
-195,891
-195,892
-195,893
-195,894
-195,895
-195,896
-195,897
-195,898
-195,899
-195,900
-195,901
-195,902
-195,903
-195,904
-195,905
-195,906
-195,907
-195,908
-195,909
-195,910
-195,911
-195,912
-195,913
-195,914
-195,915
-195,916
-195,917
-195,918
-195,919
-195,920
-195,921
-195,922
-195,923
-195,924
-195,925
-195,926
-195,927
-195,928
-195,929
-195,930
-195,931
-195,932
-195,933
-195,934
-195,935
-195,936
-195,937
-195,938
-195,939
-195,940
-195,941
-195,942
-195,943
-195,944
-195,945
-195,946
-195,947
-195,948
-195,949
-195,950
-195,951
-195,952
-195,953
-195,954
-195,955
-195,956
-195,957
-195,958
-195,959
-195,960
-195,961
-195,962
-195,963
-195,964
-195,965
584,4
