-249,1
-249,1
-249,1
-249,2
-249,3
-249,4
-249,5
-249,6
-249,7
-249,8
-249,9
-249,10
-249,11
-249,12
-249,13
-249,14
-249,15
-249,16
-249,17
-249,18
-249,19
-249,20
-249,21
-249,22
-249,23
-249,24
-249,25
-249,26
-249,27
-249,28
-249,29
-249,30
-249,31
-249,32
-249,33
-249,34
-249,35
-249,36
-249,37
-249,38
-249,39
-249,40
-249,41
-249,42
-249,43
-249,44
-249,45
-249,46
-249,47
-249,48
-249,49
-249,50
-249,51
-249,52
-249,53
-249,54
-249,55
-249,56
-249,57
-249,58
-249,59
-249,60
-249,61
-249,62
-249,63
-249,64
-249,65
-249,66
-249,67
-249,68
-249,69
-249,70
-249,71
-249,72
-249,73
-249,74
-249,75
-249,76
-249,77
-249,78
-249,79
-249,80
-249,81
-249,82
-249,83
-249,84
-249,85
-249,86
-249,87
-249,88
-249,89
-249,90
-249,91
-249,92
-249,93
-249,94
-249,95
-249,96
-249,97
-249,98
-249,99
-249,100
-249,101
-249,102
-249,103
-249,104
-249,105
-249,106
-249,107
-249,108
:249_13,109
:249_13,110
:249_13,111
:249_13,112
:249_13,113
:249_13,114
248,115
248,116
248,117
248,118
248,119
248,120
248,121
248,122
248,123
248,124
248,125
248,126
248,127
248,128
248,129
248,130
248,131
248,132
248,133
248,134
248,135
248,136
248,137
248,138
248,139
248,140
248,141
248,142
248,143
248,144
248,145
248,146
248,147
248,148
248,149
248,150
248,151
248,152
248,153
248,154
248,155
248,156
248,157
248,158
248,159
248,160
248,161
248,162
248,163
248,164
248,165
248,166
248,167
248,168
248,169
248,170
248,171
248,172
248,173
248,174
248,175
248,176
248,177
248,178
248,179
248,180
248,181
248,182
248,183
248,184
248,185
248,186
248,187
248,188
248,189
248,190
248,191
248,192
248,193
248,194
248,195
248,196
248,197
248,198
248,199
248,200
248,201
248,202
248,203
248,204
248,205
248,206
248,207
248,208
-382,209
-382,210
-382,211
-382,212
-382,213
-382,214
-382,215
-382,216
-382,217
-382,218
-382,219
-382,220
-382,221
-382,222
-382,223
-382,224
-382,225
-382,226
-382,227
-382,228
-382,229
-382,230
-382,231
-382,232
-382,233
-382,234
-382,235
-382,236
-382,237
-382,238
-382,239
-382,240
-382,241
-382,242
-382,243
-382,244
-382,245
-382,246
-382,247
-382,248
-382,249
-382,250
-382,251
-382,252
-382,253
-382,254
-382,255
-382,256
-382,257
-382,258
-382,259
-382,260
-382,261
-382,262
-382,263
-382,264
-382,265
-382,266
-382,267
-382,268
-382,269
-382,270
-382,271
-382,272
-382,273
-382,274
-382,275
-382,276
-382,277
-382,278
-382,279
-382,280
-382,281
-382,282
-382,283
-382,284
-382,285
-382,286
-382,287
-382,288
-382,289
-382,290
-382,291
-382,292
-382,293
-382,294
-382,295
-382,296
:241_6,297
:241_6,298
:241_6,299
:241_6,300
:241_6,301
:241_6,302
-238,303
-238,304
-238,305
-238,306
-238,307
-238,308
-238,309
-238,310
-238,311
-238,312
-238,313
-238,314
-238,315
-238,316
-238,317
-238,318
-238,319
-238,320
-238,321
-238,322
-238,323
-238,324
-238,325
-238,326
-238,327
-238,328
-238,329
-238,330
-238,331
-238,332
-238,333
-238,334
-238,335
-238,336
-238,337
-238,338
-238,339
-238,340
-238,341
-238,342
-238,343
-238,344
-238,345
-238,346
-238,347
-238,348
-238,349
-238,350
-238,351
-238,352
-238,353
-238,354
-238,355
-238,356
-238,357
-238,358
-238,359
-238,360
-238,361
-238,362
-238,363
-238,364
-238,365
-238,366
-238,367
-238,368
-238,369
-238,370
-238,371
-238,372
-238,373
-238,374
-238,375
-238,376
-238,377
-238,378
-238,379
:239_7,380
:239_7,381
:239_7,382
:239_7,383
:239_7,384
236,385
236,386
236,387
236,388
236,389
236,390
236,391
236,392
236,393
236,394
236,395
236,396
236,397
236,398
236,399
236,400
236,401
236,402
236,403
236,404
236,405
236,406
236,407
236,408
236,409
236,410
236,411
236,412
236,413
236,414
236,415
236,416
236,417
236,418
236,419
236,420
236,421
236,422
236,423
236,424
236,425
236,426
236,427
236,428
236,429
236,430
236,431
236,432
236,433
236,434
236,435
236,436
236,437
236,438
236,439
236,440
236,441
236,442
236,443
236,444
236,445
236,446
236,447
236,448
236,449
236,450
236,451
236,452
236,453
236,454
236,455
236,456
236,457
236,458
236,459
236,460
236,461
236,462
236,463
236,464
236,465
236,466
236,467
236,468
236,469
236,470
236,471
236,472
236,473
236,474
236,475
236,476
236,477
236,478
236,479
236,480
236,481
236,482
236,483
236,484
236,485
236,486
236,487
236,488
236,489
236,490
236,491
236,492
236,493
236,494
236,495
236,496
236,497
236,498
236,499
236,500
236,501
236,502
236,503
236,504
236,505
236,506
236,507
236,508
236,509
236,510
236,511
236,512
236,513
:240_3,514
:240_3,515
:240_3,516
:240_3,517
:240_3,518
237,519
237,520
237,521
237,522
237,523
237,524
237,525
237,526
237,527
237,528
237,529
237,530
237,531
237,532
237,533
237,534
237,535
237,536
237,537
237,538
237,539
237,540
237,541
237,542
237,543
237,544
237,545
237,546
237,547
237,548
237,549
237,550
237,551
237,552
237,553
237,554
237,555
237,556
237,557
237,558
237,559
237,560
237,561
237,562
237,563
237,564
237,565
237,566
237,567
237,568
237,569
237,570
237,571
237,572
237,573
237,574
237,575
237,576
237,577
237,578
237,579
237,580
237,581
237,582
237,583
237,584
237,585
237,586
237,587
237,588
237,589
237,590
237,591
237,592
237,593
237,594
237,595
237,596
237,597
237,598
237,599
237,600
237,601
237,602
237,603
237,604
237,605
237,606
237,607
237,608
237,609
237,610
237,611
237,612
237,613
237,614
237,615
237,616
237,617
237,618
237,619
237,620
237,621
237,622
237,623
237,624
237,625
237,626
237,627
237,628
237,629
237,630
237,631
237,632
237,633
237,634
237,635
237,636
237,637
237,638
237,639
237,640
237,641
237,642
237,643
237,644
237,645
237,646
237,647
237,648
237,649
237,650
237,651
237,652
237,653
237,654
237,655
237,656
237,657
237,658
237,659
237,660
237,661
237,662
237,663
237,664
237,665
237,666
237,667
237,668
237,669
237,670
237,671
237,672
237,673
237,674
237,675
237,676
237,677
237,678
237,679
237,680
237,681
237,682
237,683
237,684
237,685
237,686
237,687
237,688
237,689
237,690
237,691
237,692
237,693
237,694
237,695
237,696
237,697
237,698
237,699
237,700
237,701
237,702
237,703
237,704
237,705
237,706
237,707
237,708
237,709
:74_13,710
:74_13,711
:74_13,712
:74_13,713
:74_13,714
:74_13,715
65,716
65,717
65,718
65,719
65,720
65,721
65,722
65,723
65,724
65,725
65,726
65,727
65,728
65,729
65,730
65,731
65,732
65,733
65,734
65,735
65,736
65,737
65,738
65,739
65,740
65,741
65,742
65,743
65,744
65,745
65,746
65,747
65,748
65,749
65,750
65,751
65,752
65,753
65,754
65,755
65,756
65,757
65,758
65,759
65,760
65,761
65,762
65,763
65,764
65,765
65,766
65,767
65,768
65,769
65,770
65,771
65,772
65,773
65,774
65,775
65,776
65,777
65,778
65,779
65,780
65,781
65,782
65,783
65,784
65,785
65,786
65,787
65,788
65,789
65,790
65,791
65,792
65,793
65,794
65,795
65,796
65,797
65,798
65,799
65,800
65,801
65,802
65,803
65,804
65,805
65,806
65,807
65,808
65,809
65,810
65,811
65,812
65,813
65,814
65,815
65,816
65,817
65,818
65,819
65,820
65,821
65,822
65,823
65,824
65,825
65,826
65,827
65,828
65,829
65,830
65,831
65,832
65,833
65,834
65,835
65,836
65,837
65,838
:75_13,839
:75_13,840
:75_13,841
:75_13,842
:75_13,843
-438,844
-438,845
-438,846
-438,847
-438,848
-438,849
-438,850
-438,851
-438,852
-438,853
-438,854
-438,855
-438,856
-438,857
-438,858
-438,859
-438,860
-438,861
-438,862
-438,863
-438,864
-438,865
-438,866
-438,867
-438,868
-438,869
-438,870
-438,871
-438,872
-438,873
-438,874
-438,875
-438,876
-438,877
-438,878
-438,879
-438,880
-438,881
-438,882
-438,883
-438,884
-438,885
-438,886
-438,887
-438,888
-438,889
-438,890
-438,891
-438,892
-438,893
-438,894
-438,895
-438,896
-438,897
-438,898
-438,899
-438,900
-438,901
-438,902
-438,903
-438,904
-438,905
-438,906
-438,907
-438,908
-438,909
-438,910
-438,911
-438,912
-438,913
-438,914
-438,915
-438,916
-438,917
-438,918
-438,919
-438,920
-438,921
-438,922
-438,923
-438,924
-438,925
-438,926
-438,927
-438,928
-438,929
-438,930
-438,931
-438,932
-438,933
-438,934
-438,935
-438,936
-438,937
-438,938
-438,939
-438,940
-438,941
-438,942
-438,943
-438,944
-438,945
-438,946
-438,947
-438,948
-438,949
-438,950
-438,951
-438,952
-438,953
-438,954
-438,955
-438,956
-438,957
-438,958
-438,959
-438,960
-438,961
-438,962
-438,963
-438,964
-438,965
-438,966
-249,1
-249,2
-249,3
-249,1
