164,4
164,5
164,6
164,7
164,8
164,9
164,10
164,11
164,12
164,13
164,14
164,15
164,16
164,17
164,18
164,19
164,20
164,21
164,22
164,23
164,24
164,25
164,26
164,27
164,28
164,29
164,30
164,31
164,32
164,33
164,34
164,35
164,36
164,37
164,38
164,39
164,40
164,41
164,42
164,43
164,44
164,45
164,46
164,47
164,48
164,49
164,50
164,51
164,52
164,53
164,54
164,55
164,56
164,57
164,58
164,59
164,60
164,61
164,62
164,63
164,64
164,65
164,66
164,67
164,68
164,69
164,70
164,71
164,72
164,73
164,74
164,75
164,76
164,77
164,78
164,79
164,80
164,81
164,82
164,83
164,84
164,85
164,86
164,87
164,88
164,89
164,90
164,91
164,92
164,93
164,94
164,95
164,96
164,97
164,98
164,99
164,100
164,101
164,102
164,103
164,104
164,105
164,106
164,107
164,108
164,109
164,110
164,111
164,112
164,113
164,114
164,115
164,116
164,117
164,118
164,119
164,120
164,121
164,122
164,123
164,124
164,125
164,126
164,127
164,128
164,129
164,130
164,131
164,132
164,133
164,134
164,135
164,136
164,137
164,138
164,139
164,140
164,141
164,142
164,143
164,144
164,145
164,146
164,147
164,148
164,149
164,150
164,151
164,152
164,153
164,154
164,155
164,156
164,157
164,158
164,159
164,160
164,161
164,162
164,163
164,164
164,165
164,166
164,167
164,168
164,169
164,170
164,171
164,172
164,173
164,174
164,175
164,176
164,177
164,178
164,179
164,180
164,181
164,182
164,183
164,184
164,185
164,186
164,187
164,188
164,189
164,190
164,191
164,192
164,193
164,194
164,195
164,196
164,197
164,198
164,199
164,200
164,201
164,202
164,203
164,204
164,205
164,206
164,207
164,208
164,209
164,210
164,211
164,212
164,213
164,214
164,215
164,216
:179_9,217
:179_9,218
:179_9,219
:179_9,220
:179_9,221
-646,222
-646,223
-646,224
-646,225
-646,226
-646,227
-646,228
-646,229
-646,230
-646,231
-646,232
-646,233
-646,234
-646,235
-646,236
-646,237
-646,238
-646,239
-646,240
-646,241
-646,242
-646,243
-646,244
-646,245
-646,246
-646,247
-646,248
-646,249
-646,250
-646,251
-646,252
-646,253
-646,254
-646,255
-646,256
-646,257
-646,258
-646,259
-646,260
-646,261
-646,262
-646,263
-646,264
-646,265
-646,266
-646,267
-646,268
-646,269
-646,270
-646,271
-646,272
-646,273
-646,274
-646,275
-646,276
-646,277
-646,278
-646,279
-646,280
-646,281
-646,282
-646,283
-646,284
-646,285
-646,286
-646,287
-646,288
-646,289
-646,290
-646,291
-646,292
-646,293
-646,294
-646,295
-646,296
-646,297
-646,298
-646,299
-646,300
-646,301
-646,302
-646,303
-646,304
-646,305
-646,306
-646,307
-646,308
-646,309
-646,310
-646,311
-646,312
-646,313
-646,314
-646,315
-646,316
-646,317
-646,318
-646,319
-646,320
-646,321
-646,322
-646,323
-646,324
-646,325
-646,326
-646,327
-646,328
-646,329
:211_3,330
:211_3,331
:211_3,332
:211_3,333
:211_3,334
-204,335
-204,336
-204,337
-204,338
-204,339
-204,340
-204,341
-204,342
-204,343
-204,344
-204,345
-204,346
-204,347
-204,348
-204,349
-204,350
-204,351
-204,352
-204,353
-204,354
-204,355
-204,356
-204,357
-204,358
-204,359
-204,360
-204,361
-204,362
-204,363
-204,364
-204,365
-204,366
-204,367
-204,368
-204,369
-204,370
-204,371
-204,372
-204,373
-204,374
-204,375
-204,376
-204,377
-204,378
-204,379
-204,380
-204,381
-204,382
-204,383
-204,384
-204,385
-204,386
-204,387
-204,388
-204,389
-204,390
-204,391
-204,392
-204,393
-204,394
-204,395
-204,396
-204,397
-204,398
-204,399
-204,400
-204,401
-204,402
-204,403
-204,404
-204,405
-204,406
:136_5,407
:136_5,408
:136_5,409
:136_5,410
:136_5,411
-119,412
-119,413
-119,414
-119,415
-119,416
-119,417
-119,418
-119,419
-119,420
-119,421
-119,422
-119,423
-119,424
-119,425
-119,426
-119,427
-119,428
-119,429
-119,430
-119,431
-119,432
-119,433
-119,434
-119,435
-119,436
-119,437
-119,438
-119,439
-119,440
-119,441
-119,442
-119,443
-119,444
-119,445
-119,446
-119,447
-119,448
-119,449
-119,450
-119,451
-119,452
-119,453
-119,454
-119,455
-119,456
-119,457
-119,458
-119,459
-119,460
-119,461
-119,462
-119,463
-119,464
-119,465
-119,466
-119,467
-119,468
-119,469
-119,470
-119,471
-119,472
-119,473
-119,474
-119,475
-119,476
-119,477
-119,478
-119,479
-119,480
-119,481
-119,482
-119,483
-119,484
-119,485
-119,486
-119,487
-119,488
-119,489
-119,490
-119,491
-119,492
-119,493
-119,494
-119,495
-119,496
-119,497
-119,498
-119,499
-119,500
-119,501
-119,502
-119,503
-119,504
-119,505
-119,506
-119,507
-119,508
-119,509
-119,510
-119,511
-119,512
-119,513
-119,514
-119,515
-119,516
-119,517
-119,518
-119,519
-119,520
-119,521
-119,522
-119,523
-119,524
-119,525
-119,526
-119,527
-119,528
-119,529
-119,530
-119,531
-119,532
-119,533
-119,534
-119,535
-119,536
-119,537
-119,538
-119,539
-119,540
-119,541
-119,542
-119,543
-119,544
-119,545
-119,546
-119,547
-119,548
-119,549
-119,550
-119,551
-119,552
-119,553
-119,554
-119,555
-119,556
-119,557
-119,558
-119,559
-119,560
-119,561
-119,562
-119,563
-119,564
-119,565
-119,566
-119,567
-119,568
-119,569
-119,570
-119,571
-119,572
:47_9,573
:47_9,574
:47_9,575
:47_9,576
:47_9,577
:47_9,578
117,579
117,580
117,581
117,582
117,583
117,584
117,585
117,586
117,587
117,588
117,589
117,590
117,591
117,592
117,593
117,594
117,595
117,596
117,597
117,598
117,599
117,600
117,601
117,602
117,603
117,604
117,605
117,606
117,607
117,608
117,609
117,610
117,611
117,612
117,613
117,614
117,615
117,616
117,617
117,618
117,619
117,620
117,621
117,622
117,623
117,624
117,625
117,626
117,627
117,628
117,629
117,630
117,631
117,632
117,633
117,634
117,635
117,636
117,637
117,638
117,639
117,640
117,641
117,642
117,643
117,644
117,645
117,646
117,647
117,648
117,649
117,650
117,651
117,652
117,653
117,654
117,655
117,656
117,657
117,658
117,659
117,660
117,661
117,662
117,663
117,664
117,665
117,666
117,667
117,668
117,669
117,670
117,671
117,672
117,673
117,674
117,675
117,676
117,677
117,678
117,679
117,680
117,681
117,682
117,683
117,684
117,685
117,686
117,687
117,688
117,689
117,690
117,691
117,692
117,693
117,694
117,695
117,696
:134_7,697
:134_7,698
:134_7,699
:134_7,700
:134_7,701
:134_7,702
-322,703
-322,704
-322,705
-322,706
-322,707
-322,708
-322,709
-322,710
-322,711
-322,712
-322,713
-322,714
-322,715
-322,716
-322,717
-322,718
-322,719
-322,720
-322,721
-322,722
-322,723
-322,724
-322,725
-322,726
-322,727
-322,728
-322,729
-322,730
-322,731
-322,732
-322,733
-322,734
-322,735
-322,736
-322,737
-322,738
-322,739
-322,740
-322,741
-322,742
-322,743
-322,744
-322,745
-322,746
-322,747
-322,748
-322,749
-322,750
-322,751
-322,752
-322,753
-322,754
-322,755
-322,756
-322,757
-322,758
-322,759
-322,760
-322,761
-322,762
-322,763
-322,764
-322,765
-322,766
-322,767
-322,768
-322,769
-322,770
-322,771
-322,772
-322,773
-322,774
-322,775
-322,776
-322,777
-322,778
-322,779
-322,780
-322,781
-322,782
-322,783
-322,784
-322,785
-322,786
-322,787
-322,788
-322,789
-322,790
-322,791
-322,792
-322,793
-322,794
-322,795
-322,796
-322,797
-322,798
-322,799
-322,800
-322,801
-322,802
-322,803
-322,804
-322,805
-322,806
-322,807
-322,808
-322,809
-322,810
-322,811
-322,812
-322,813
-322,814
-322,815
-322,816
-322,817
-322,818
-322,819
-322,820
-322,821
-322,822
-322,823
-322,824
-322,825
-322,826
-322,827
-322,828
:50_6,829
:50_6,830
:50_6,831
:50_16,832
:50_16,833
:50_16,834
:50_16,835
:50_16,836
44,837
44,838
44,839
44,840
44,841
44,842
44,843
44,844
44,845
44,846
44,847
44,848
44,849
44,850
44,851
44,852
44,853
44,854
44,855
44,856
44,857
44,858
44,859
44,860
44,861
44,862
44,863
44,864
44,865
44,866
44,867
44,868
44,869
44,870
44,871
44,872
44,873
44,874
44,875
44,876
44,877
44,878
44,879
44,880
44,881
44,882
44,883
44,884
44,885
44,886
44,887
44,888
44,889
44,890
44,891
44,892
44,893
44,894
44,895
44,896
44,897
44,898
44,899
44,900
44,901
44,902
44,903
44,904
44,905
44,906
44,907
44,908
44,909
44,910
44,911
44,912
44,913
44,914
44,915
44,916
44,917
44,918
44,919
44,920
44,921
44,922
44,923
44,924
44,925
44,926
44,927
44,928
44,929
44,930
44,931
44,932
44,933
44,934
44,935
44,936
44,937
44,938
44,939
44,940
44,941
44,942
44,943
44,944
44,945
44,946
44,947
44,948
44,949
44,950
44,951
44,952
44,953
44,954
44,955
44,956
44,957
44,958
44,959
44,960
44,961
44,962
44,963
44,964
44,965
164,4
