167,1
167,1
167,1
167,2
167,3
167,4
167,5
167,6
167,7
167,8
167,9
167,10
167,11
167,12
167,13
167,14
167,15
167,16
167,17
167,18
167,19
167,20
167,21
167,22
167,23
167,24
167,25
167,26
167,27
167,28
167,29
167,30
167,31
167,32
167,33
167,34
167,35
167,36
167,37
167,38
167,39
167,40
167,41
167,42
167,43
167,44
167,45
167,46
167,47
167,48
167,49
167,50
167,51
167,52
167,53
167,54
167,55
167,56
167,57
167,58
167,59
167,60
167,61
167,62
167,63
167,64
167,65
167,66
167,67
167,68
167,69
167,70
167,71
167,72
:26_0,73
:26_0,74
:26_0,75
415,76
415,77
415,78
415,79
415,80
415,81
415,82
415,83
415,84
415,85
415,86
415,87
415,88
415,89
415,90
415,91
415,92
415,93
415,94
415,95
415,96
415,97
415,98
415,99
415,100
415,101
415,102
415,103
415,104
415,105
415,106
415,107
415,108
415,109
415,110
415,111
415,112
415,113
415,114
415,115
415,116
415,117
415,118
415,119
415,120
415,121
415,122
415,123
415,124
415,125
415,126
415,127
415,128
415,129
415,130
415,131
415,132
415,133
415,134
415,135
415,136
415,137
415,138
415,139
415,140
415,141
415,142
415,143
415,144
415,145
415,146
415,147
415,148
415,149
415,150
415,151
415,152
415,153
415,154
415,155
415,156
415,157
415,158
415,159
415,160
415,161
415,162
:367_0,163
:367_0,164
:367_0,165
:367_0,166
:367_0,167
:367_0,168
625,169
625,170
625,171
625,172
625,173
625,174
625,175
625,176
625,177
625,178
625,179
625,180
625,181
625,182
625,183
625,184
625,185
625,186
625,187
625,188
625,189
625,190
625,191
625,192
625,193
625,194
625,195
625,196
625,197
625,198
625,199
625,200
625,201
625,202
625,203
625,204
625,205
625,206
625,207
625,208
625,209
625,210
625,211
625,212
625,213
625,214
625,215
-146,216
-146,217
-146,218
-146,219
-146,220
-146,221
-146,222
-146,223
-146,224
-146,225
-146,226
-146,227
-146,228
-146,229
-146,230
-146,231
-146,232
-146,233
-146,234
-146,235
-146,236
-146,237
-146,238
-146,239
-146,240
-146,241
-146,242
-146,243
-146,244
-146,245
-146,246
-146,247
-146,248
-146,249
-146,250
-146,251
-146,252
-146,253
-146,254
-146,255
-146,256
-146,257
:160_0,258
:160_0,259
:160_0,260
148,261
148,262
148,263
148,264
148,265
148,266
148,267
148,268
148,269
148,270
148,271
148,272
148,273
148,274
148,275
148,276
148,277
148,278
148,279
148,280
148,281
148,282
148,283
148,284
148,285
148,286
148,287
148,288
148,289
148,290
148,291
148,292
148,293
148,294
148,295
148,296
148,297
148,298
148,299
148,300
148,301
148,302
148,303
148,304
148,305
148,306
148,307
148,308
148,309
148,310
148,311
148,312
148,313
148,314
148,315
148,316
148,317
148,318
148,319
148,320
148,321
148,322
148,323
148,324
148,325
148,326
148,327
148,328
148,329
148,330
148,331
148,332
148,333
148,334
148,335
148,336
148,337
148,338
148,339
148,340
148,341
148,342
148,343
148,344
148,345
:163_6,346
:163_6,347
:163_6,348
:163_6,349
:163_6,350
:163_6,351
180,352
180,353
180,354
180,355
180,356
180,357
180,358
180,359
180,360
180,361
180,362
180,363
180,364
180,365
180,366
180,367
180,368
180,369
180,370
180,371
180,372
180,373
180,374
180,375
180,376
180,377
180,378
180,379
180,380
180,381
180,382
180,383
180,384
180,385
180,386
180,387
180,388
180,389
180,390
180,391
180,392
180,393
180,394
180,395
180,396
180,397
180,398
180,399
180,400
180,401
180,402
180,403
180,404
180,405
180,406
180,407
180,408
180,409
180,410
180,411
180,412
180,413
180,414
180,415
180,416
180,417
180,418
180,419
180,420
180,421
180,422
180,423
180,424
180,425
180,426
180,427
180,428
180,429
180,430
180,431
180,432
180,433
180,434
180,435
180,436
180,437
180,438
180,439
180,440
180,441
180,442
180,443
180,444
180,445
180,446
180,447
180,448
180,449
180,450
180,451
180,452
180,453
180,454
180,455
:193_2,456
:193_2,457
:193_2,458
:193_2,459
:193_2,460
:193_2,461
:193_2,462
:193_2,463
:193_2,464
:193_2,465
-188,466
-188,467
-188,468
-188,469
-188,470
-188,471
-188,472
-188,473
-188,474
-188,475
-188,476
-188,477
-188,478
-188,479
-188,480
-188,481
-188,482
-188,483
-188,484
-188,485
-188,486
-188,487
-188,488
-188,489
-188,490
-188,491
-188,492
-188,493
-188,494
-188,495
-188,496
-188,497
-188,498
-188,499
-188,500
-188,501
-188,502
-188,503
-188,504
-188,505
-188,506
-188,507
-188,508
-188,509
-188,510
-188,511
-188,512
-188,513
-188,514
-188,515
-188,516
-188,517
-188,518
-188,519
-188,520
-188,521
-188,522
-188,523
-188,524
-188,525
-188,526
-188,527
-188,528
-188,529
-188,530
-188,531
-188,532
-188,533
-188,534
-188,535
-188,536
-188,537
-188,538
-188,539
-188,540
-188,541
-188,542
-188,543
-188,544
-188,545
-188,546
-188,547
-188,548
-188,549
-188,550
-188,551
-188,552
-188,553
-188,554
-188,555
-188,556
-188,557
-188,558
-188,559
-188,560
-188,561
-188,562
-188,563
-188,564
-188,565
-188,566
-188,567
-188,568
-188,569
-188,570
-188,571
-188,572
-188,573
-188,574
-188,575
-188,576
-188,577
-188,578
-188,579
-188,580
-188,581
167,1
167,2
167,3
167,1
