147,9
147,10
147,11
147,12
147,13
147,14
147,15
147,16
147,17
147,18
147,19
147,20
147,21
147,22
147,23
147,24
147,25
147,26
147,27
147,28
147,29
147,30
147,31
147,32
147,33
147,34
147,35
147,36
147,37
147,38
147,39
147,40
147,41
147,42
147,43
147,44
147,45
147,46
147,47
147,48
147,49
147,50
147,51
147,52
147,53
147,54
147,55
147,56
147,57
147,58
147,59
147,60
147,61
147,62
147,63
147,64
147,65
147,66
147,67
147,68
147,69
147,70
147,71
147,72
147,73
147,74
147,75
147,76
147,77
147,78
147,79
147,80
147,81
147,82
147,83
147,84
147,85
147,86
147,87
147,88
147,89
:101_6,90
:101_6,91
:101_6,92
:101_6,93
:101_6,94
:101_6,95
:101_6,96
-86,97
-86,98
-86,99
-86,100
-86,101
-86,102
-86,103
-86,104
-86,105
-86,106
-86,107
-86,108
-86,109
-86,110
-86,111
-86,112
-86,113
-86,114
-86,115
-86,116
-86,117
-86,118
-86,119
-86,120
-86,121
-86,122
-86,123
-86,124
-86,125
-86,126
-86,127
-86,128
-86,129
-86,130
-86,131
-86,132
-86,133
-86,134
-86,135
-86,136
-86,137
-86,138
-86,139
-86,140
-86,141
-86,142
-86,143
-86,144
-86,145
-86,146
-86,147
-86,148
-86,149
-86,150
-86,151
-86,152
-86,153
-86,154
-86,155
-86,156
-86,157
-86,158
-86,159
-86,160
-86,161
-86,162
-86,163
-86,164
-86,165
-86,166
-86,167
-86,168
-86,169
-86,170
-86,171
-86,172
-86,173
-86,174
-86,175
-86,176
-86,177
-86,178
-86,179
-86,180
-86,181
-86,182
-86,183
-86,184
-86,185
-86,186
-86,187
-86,188
-86,189
-86,190
-86,191
-86,192
-86,193
-86,194
-86,195
-86,196
-86,197
-86,198
-86,199
-86,200
-86,201
-86,202
-86,203
-86,204
-86,205
-86,206
-86,207
-86,208
-86,209
-86,210
-86,211
-86,212
-86,213
-86,214
:27_12,215
:27_12,216
:27_12,217
:27_12,218
87,219
87,220
87,221
87,222
87,223
87,224
87,225
87,226
87,227
87,228
87,229
87,230
87,231
87,232
87,233
87,234
87,235
87,236
87,237
87,238
87,239
87,240
87,241
87,242
87,243
87,244
87,245
87,246
87,247
87,248
87,249
87,250
87,251
87,252
87,253
87,254
87,255
87,256
87,257
87,258
87,259
87,260
87,261
87,262
87,263
87,264
87,265
87,266
87,267
87,268
87,269
87,270
87,271
87,272
87,273
87,274
87,275
87,276
87,277
87,278
87,279
87,280
87,281
87,282
87,283
87,284
87,285
87,286
87,287
87,288
87,289
87,290
87,291
87,292
87,293
87,294
87,295
87,296
87,297
87,298
87,299
87,300
87,301
87,302
87,303
87,304
87,305
87,306
87,307
87,308
87,309
87,310
87,311
87,312
87,313
87,314
87,315
87,316
87,317
87,318
87,319
87,320
87,321
87,322
87,323
87,324
87,325
87,326
87,327
87,328
87,329
87,330
87,331
87,332
87,333
87,334
87,335
87,336
87,337
87,338
87,339
87,340
87,341
87,342
87,343
87,344
87,345
87,346
87,347
87,348
87,349
87,350
87,351
87,352
87,353
87,354
87,355
87,356
87,357
87,358
87,359
87,360
87,361
87,362
87,363
87,364
87,365
87,366
87,367
87,368
87,369
87,370
87,371
87,372
87,373
87,374
87,375
87,376
87,377
87,378
87,379
87,380
87,381
87,382
87,383
87,384
87,385
87,386
87,387
87,388
87,389
87,390
87,391
87,392
87,393
87,394
87,395
87,396
87,397
87,398
87,399
87,400
87,401
87,402
87,403
87,404
87,405
87,406
87,407
87,408
87,409
87,410
87,411
87,412
87,413
87,414
87,415
87,416
87,417
87,418
87,419
87,420
87,421
87,422
87,423
87,424
87,425
87,426
87,427
87,428
87,429
87,430
87,431
87,432
:102_0,433
:102_0,434
:102_0,435
:102_0,436
:102_0,437
:102_0,438
:102_0,439
-159,440
-159,441
-159,442
-159,443
-159,444
-159,445
-159,446
-159,447
-159,448
-159,449
-159,450
-159,451
-159,452
-159,453
-159,454
-159,455
-159,456
-159,457
-159,458
-159,459
-159,460
-159,461
-159,462
-159,463
-159,464
-159,465
-159,466
-159,467
-159,468
-159,469
-159,470
-159,471
-159,472
-159,473
-159,474
-159,475
-159,476
-159,477
-159,478
-159,479
-159,480
-159,481
-159,482
-159,483
-159,484
-159,485
-159,486
-159,487
-159,488
-159,489
-159,490
-159,491
-159,492
-159,493
-159,494
-159,495
-159,496
-159,497
-159,498
-159,499
-159,500
-159,501
-159,502
-159,503
-159,504
-159,505
-159,506
-159,507
-159,508
-159,509
-159,510
-159,511
-159,512
-159,513
-159,514
-159,515
-159,516
-159,517
-159,518
-159,519
-159,520
-159,521
-159,522
-159,523
-159,524
-159,525
-159,526
-159,527
-159,528
-159,529
-159,530
-159,531
-159,532
-159,533
-159,534
-159,535
-159,536
-159,537
-159,538
-159,539
-159,540
-159,541
-159,542
-159,543
-159,544
-159,545
-159,546
-159,547
-159,548
-159,549
-159,550
-159,551
-159,552
-159,553
-159,554
-159,555
-159,556
-159,557
-159,558
-159,559
-159,560
-159,561
-159,562
-159,563
-159,564
-159,565
-159,566
-159,567
:63_5,568
:63_5,569
:63_5,570
:63_5,571
:63_5,572
:63_5,573
:63_5,574
-55,575
-55,576
-55,577
-55,578
-55,579
-55,580
-55,581
-55,582
-55,583
-55,584
-55,585
-55,586
-55,587
-55,588
-55,589
-55,590
-55,591
-55,592
-55,593
-55,594
-55,595
-55,596
-55,597
-55,598
-55,599
-55,600
-55,601
-55,602
-55,603
-55,604
-55,605
-55,606
-55,607
-55,608
-55,609
-55,610
-55,611
-55,612
-55,613
-55,614
-55,615
-55,616
-55,617
-55,618
-55,619
-55,620
-55,621
-55,622
-55,623
-55,624
-55,625
-55,626
-55,627
-55,628
-55,629
-55,630
-55,631
-55,632
-55,633
-55,634
-55,635
-55,636
-55,637
-55,638
-55,639
-55,640
-55,641
-55,642
-55,643
-55,644
-55,645
-55,646
-55,647
-55,648
-55,649
-55,650
-55,651
-55,652
-55,653
-55,654
-55,655
-55,656
-55,657
-55,658
-55,659
-55,660
-55,661
-55,662
-55,663
-55,664
-55,665
-55,666
-55,667
-55,668
-55,669
-55,670
-55,671
-55,672
-55,673
-55,674
-55,675
-55,676
-55,677
-55,678
-55,679
-55,680
-55,681
-55,682
-55,683
-55,684
-55,685
-55,686
-55,687
-55,688
-55,689
-55,690
-55,691
-55,692
-55,693
-55,694
-55,695
-55,696
-55,697
-55,698
-55,699
-55,700
-55,701
-55,702
-55,703
-55,704
-55,705
-55,706
-55,707
-55,708
-55,709
-55,710
-55,711
-55,712
-55,713
-55,714
-55,715
-55,716
-55,717
-55,718
-55,719
-55,720
-55,721
-55,722
-55,723
-55,724
:62_1,725
:62_1,726
:62_1,727
:62_1,728
:62_1,729
:62_1,730
:62_1,731
-54,732
-54,733
-54,734
-54,735
-54,736
-54,737
-54,738
-54,739
-54,740
-54,741
-54,742
-54,743
-54,744
-54,745
-54,746
-54,747
-54,748
-54,749
-54,750
-54,751
-54,752
-54,753
-54,754
-54,755
-54,756
-54,757
-54,758
-54,759
-54,760
-54,761
-54,762
-54,763
-54,764
-54,765
-54,766
-54,767
-54,768
-54,769
-54,770
-54,771
-54,772
-54,773
-54,774
-54,775
-54,776
-54,777
-54,778
-54,779
-54,780
-54,781
-54,782
-54,783
-54,784
-54,785
-54,786
-54,787
-54,788
-54,789
-54,790
-54,791
-54,792
-54,793
:61_0,794
:61_0,795
:61_0,796
:61_0,797
:61_0,798
:61_0,799
:61_0,800
-53,801
-53,802
-53,803
-53,804
-53,805
-53,806
-53,807
-53,808
-53,809
-53,810
-53,811
-53,812
-53,813
-53,814
-53,815
-53,816
-53,817
-53,818
-53,819
-53,820
-53,821
-53,822
-53,823
-53,824
-53,825
-53,826
-53,827
-53,828
-53,829
-53,830
-53,831
-53,832
-53,833
-53,834
-53,835
-53,836
-53,837
-53,838
-53,839
-53,840
-53,841
-53,842
-53,843
-53,844
-53,845
-53,846
-53,847
-53,848
-53,849
-53,850
-53,851
-53,852
-53,853
-53,854
-53,855
-53,856
-53,857
-53,858
-53,859
-53,860
-53,861
-53,862
-53,863
-53,864
-53,865
-53,866
-53,867
-53,868
-53,869
-53,870
-53,871
-53,872
-53,873
-53,874
-53,875
-53,876
-53,877
-53,878
-53,879
-53,880
-53,881
-53,882
-53,883
-53,884
-53,885
-53,886
-53,887
-53,888
-53,889
-53,890
-53,891
-53,892
-53,893
-53,894
-53,895
-53,896
:58_5,897
:58_5,898
:58_5,899
:58_5,900
:58_5,901
:58_5,902
:58_5,903
:58_5,904
56,905
56,906
56,907
56,908
56,909
56,910
56,911
56,912
56,913
56,914
56,915
56,916
56,917
56,918
56,919
56,920
56,921
56,922
56,923
56,924
56,925
56,926
56,927
56,928
56,929
56,930
56,931
56,932
56,933
56,934
56,935
56,936
56,937
56,938
56,939
56,940
56,941
56,942
56,943
56,944
56,945
56,946
56,947
56,948
56,949
56,950
56,951
56,952
56,953
56,954
56,955
56,956
56,957
56,958
56,959
56,960
56,961
56,962
56,963
56,964
56,965
