536,1
536,1
536,1
536,2
536,3
536,4
536,5
536,6
536,7
536,8
536,9
536,10
536,11
536,12
536,13
536,14
536,15
536,16
536,17
536,18
536,19
536,20
536,21
536,22
536,23
536,24
536,25
536,26
536,27
536,28
536,29
536,30
536,31
536,32
536,33
536,34
536,35
536,36
536,37
536,38
536,39
536,40
536,41
536,42
536,43
536,44
536,45
536,46
536,47
536,48
536,49
536,50
536,51
536,52
536,53
536,54
536,55
536,56
536,57
536,58
536,59
536,60
536,61
536,62
536,63
536,64
536,65
536,66
536,67
536,68
536,69
536,70
536,71
536,72
536,73
536,74
536,75
536,76
536,77
536,78
536,79
536,80
536,81
536,82
536,83
536,84
536,85
536,86
536,87
536,88
536,89
536,90
536,91
536,92
536,93
536,94
536,95
536,96
536,97
536,98
536,99
536,100
536,101
536,102
536,103
536,104
536,105
536,106
536,107
536,108
536,109
536,110
536,111
536,112
536,113
536,114
536,115
536,116
536,117
536,118
536,119
536,120
536,121
536,122
536,123
536,124
536,125
536,126
536,127
536,128
536,129
536,130
536,131
536,132
536,133
536,134
536,135
536,136
536,137
536,138
536,139
536,140
536,141
536,142
536,143
536,144
536,145
536,146
536,147
536,148
536,149
536,150
536,151
536,152
536,153
536,154
536,155
536,156
536,157
536,158
536,159
536,160
536,161
536,162
536,163
536,164
536,165
536,166
536,167
536,168
536,169
536,170
536,171
536,172
536,173
536,174
536,175
536,176
536,177
536,178
536,179
536,180
536,181
536,182
536,183
536,184
536,185
536,186
536,187
536,188
536,189
536,190
536,191
536,192
536,193
536,194
536,195
536,196
536,197
536,198
536,199
536,200
536,201
536,202
536,203
536,204
536,205
536,206
536,207
536,208
536,209
536,210
536,211
536,212
536,213
536,214
536,215
536,216
536,217
536,218
536,219
536,220
536,221
536,222
536,223
:403_1,224
:403_1,225
:403_1,226
:403_1,227
:403_1,228
537,229
537,230
537,231
537,232
537,233
537,234
537,235
537,236
537,237
537,238
537,239
537,240
537,241
537,242
537,243
537,244
537,245
537,246
537,247
537,248
537,249
537,250
537,251
537,252
537,253
537,254
537,255
537,256
537,257
537,258
537,259
537,260
537,261
537,262
537,263
537,264
537,265
537,266
537,267
537,268
537,269
537,270
537,271
537,272
537,273
537,274
537,275
537,276
537,277
537,278
537,279
537,280
537,281
537,282
537,283
537,284
537,285
537,286
537,287
537,288
537,289
537,290
537,291
537,292
537,293
537,294
537,295
537,296
537,297
537,298
537,299
537,300
537,301
537,302
537,303
537,304
537,305
537,306
537,307
537,308
537,309
537,310
537,311
537,312
537,313
537,314
537,315
537,316
537,317
537,318
537,319
537,320
537,321
537,322
537,323
537,324
537,325
537,326
537,327
537,328
537,329
537,330
537,331
537,332
537,333
537,334
537,335
537,336
537,337
537,338
537,339
537,340
537,341
537,342
537,343
537,344
537,345
537,346
537,347
537,348
537,349
537,350
537,351
537,352
537,353
537,354
537,355
537,356
537,357
537,358
537,359
537,360
537,361
537,362
537,363
537,364
537,365
537,366
537,367
537,368
537,369
537,370
537,371
537,372
537,373
537,374
537,375
537,376
537,377
537,378
537,379
537,380
537,381
537,382
537,383
537,384
:438_1,385
:438_1,386
:438_1,387
:438_1,388
-535,389
-535,390
-535,391
-535,392
-535,393
-535,394
-535,395
-535,396
-535,397
-535,398
-535,399
-535,400
-535,401
-535,402
-535,403
-535,404
-535,405
-535,406
-535,407
-535,408
-535,409
-535,410
-535,411
-535,412
-535,413
-535,414
-535,415
-535,416
-535,417
-535,418
-535,419
-535,420
-535,421
-535,422
-535,423
-535,424
-535,425
-535,426
-535,427
-535,428
-535,429
-535,430
-535,431
-535,432
-535,433
-535,434
-535,435
-535,436
-535,437
-535,438
-535,439
-535,440
-535,441
-535,442
-535,443
-535,444
-535,445
-535,446
-535,447
-535,448
-535,449
-535,450
-535,451
-535,452
-535,453
-535,454
-535,455
-535,456
-535,457
-535,458
-535,459
-535,460
-535,461
-535,462
-535,463
-535,464
-535,465
-535,466
-535,467
-535,468
-535,469
-535,470
-535,471
-535,472
-535,473
-535,474
-535,475
-535,476
-535,477
-535,478
-535,479
-535,480
-535,481
-535,482
-535,483
-535,484
-535,485
-535,486
-535,487
-535,488
-535,489
-535,490
-535,491
-535,492
-535,493
-535,494
-535,495
-535,496
-535,497
-535,498
-535,499
-535,500
-535,501
-535,502
-535,503
-535,504
-535,505
-535,506
-535,507
-535,508
-535,509
-535,510
-535,511
-535,512
-535,513
-535,514
-535,515
-535,516
-535,517
-535,518
-535,519
-535,520
-535,521
-535,522
-535,523
-535,524
-535,525
-535,526
-535,527
-535,528
-535,529
:296_6,530
:296_6,531
:296_6,532
-312,533
-312,534
-312,535
-312,536
-312,537
-312,538
-312,539
-312,540
-312,541
-312,542
-312,543
-312,544
-312,545
-312,546
-312,547
-312,548
-312,549
-312,550
-312,551
-312,552
-312,553
-312,554
-312,555
-312,556
-312,557
-312,558
-312,559
-312,560
-312,561
-312,562
-312,563
-312,564
-312,565
-312,566
-312,567
-312,568
-312,569
-312,570
-312,571
-312,572
-312,573
-312,574
-312,575
-312,576
-312,577
-312,578
-312,579
-312,580
-312,581
-312,582
-312,583
-312,584
-312,585
-312,586
-312,587
-312,588
-312,589
-312,590
-312,591
-312,592
-312,593
-312,594
-312,595
-312,596
-312,597
-312,598
-312,599
-312,600
-312,601
-312,602
-312,603
-312,604
-312,605
-312,606
-312,607
-312,608
-312,609
-312,610
-312,611
-312,612
-312,613
-312,614
-312,615
-312,616
-312,617
-312,618
-312,619
-312,620
-312,621
-312,622
-312,623
-312,624
-312,625
-312,626
-312,627
-312,628
-312,629
-312,630
-312,631
-312,632
-312,633
-312,634
-312,635
-312,636
-312,637
-312,638
-312,639
-312,640
-312,641
-312,642
-312,643
-312,644
-312,645
-312,646
-312,647
-312,648
-312,649
-312,650
-312,651
-312,652
:295_5,653
:295_5,654
:295_5,655
:295_5,656
:295_5,657
315,658
315,659
315,660
315,661
315,662
315,663
315,664
315,665
315,666
315,667
315,668
315,669
315,670
315,671
315,672
315,673
315,674
315,675
315,676
315,677
315,678
315,679
315,680
315,681
315,682
315,683
315,684
315,685
315,686
315,687
315,688
315,689
315,690
315,691
315,692
315,693
315,694
315,695
315,696
315,697
315,698
315,699
315,700
315,701
315,702
315,703
315,704
315,705
315,706
315,707
315,708
315,709
315,710
315,711
315,712
315,713
315,714
315,715
315,716
315,717
315,718
315,719
315,720
315,721
315,722
315,723
315,724
315,725
315,726
315,727
315,728
315,729
315,730
315,731
315,732
315,733
315,734
315,735
315,736
315,737
315,738
315,739
315,740
315,741
315,742
315,743
315,744
315,745
536,1
536,2
536,3
536,1
