557,1
557,1
557,1
557,2
557,3
557,4
557,5
557,6
557,7
557,8
557,9
557,10
557,11
557,12
557,13
557,14
557,15
557,16
557,17
557,18
557,19
557,20
557,21
557,22
557,23
557,24
557,25
557,26
557,27
557,28
:428_1,29
:428_1,30
:428_9,31
:428_9,32
:428_9,33
558,34
558,35
558,36
558,37
558,38
558,39
558,40
558,41
558,42
558,43
558,44
558,45
558,46
558,47
558,48
558,49
558,50
558,51
558,52
558,53
558,54
558,55
558,56
558,57
558,58
558,59
558,60
558,61
558,62
558,63
558,64
558,65
558,66
558,67
558,68
558,69
558,70
558,71
558,72
558,73
558,74
558,75
558,76
558,77
558,78
558,79
558,80
558,81
558,82
558,83
558,84
558,85
558,86
558,87
558,88
558,89
558,90
558,91
558,92
558,93
558,94
558,95
558,96
558,97
558,98
558,99
558,100
558,101
558,102
558,103
558,104
558,105
558,106
558,107
558,108
558,109
558,110
558,111
558,112
558,113
558,114
558,115
558,116
558,117
558,118
558,119
558,120
558,121
558,122
558,123
558,124
558,125
558,126
:218_6,127
:218_6,128
:218_6,129
:218_6,130
:218_6,131
-212,132
-212,133
-212,134
-212,135
-212,136
-212,137
-212,138
-212,139
-212,140
-212,141
-212,142
-212,143
-212,144
-212,145
-212,146
-212,147
-212,148
-212,149
-212,150
-212,151
-212,152
-212,153
-212,154
-212,155
-212,156
-212,157
-212,158
-212,159
-212,160
-212,161
-212,162
-212,163
-212,164
-212,165
-212,166
-212,167
-212,168
-212,169
-212,170
-212,171
-212,172
-212,173
-212,174
-212,175
-212,176
-212,177
-212,178
-212,179
-212,180
-212,181
-212,182
-212,183
:189_1,184
:189_1,185
:189_1,186
:189_1,187
:189_1,188
:189_1,189
-176,190
-176,191
-176,192
-176,193
-176,194
-176,195
-176,196
-176,197
-176,198
-176,199
-176,200
-176,201
-176,202
-176,203
-176,204
-176,205
-176,206
-176,207
-176,208
-176,209
-176,210
-176,211
-176,212
-176,213
-176,214
-176,215
-176,216
-176,217
-176,218
-176,219
-176,220
-176,221
-176,222
-176,223
-176,224
-176,225
-176,226
-176,227
-176,228
-176,229
-176,230
-176,231
-176,232
-176,233
-176,234
-176,235
-176,236
-176,237
-176,238
-176,239
-176,240
-176,241
-176,242
-176,243
-176,244
-176,245
-176,246
-176,247
-176,248
-176,249
-176,250
-176,251
-176,252
-176,253
-176,254
-176,255
-176,256
-176,257
-176,258
-176,259
-176,260
-176,261
-176,262
-176,263
-176,264
-176,265
-176,266
-176,267
-176,268
-176,269
-176,270
-176,271
-176,272
-176,273
-176,274
-176,275
-176,276
-176,277
-176,278
-176,279
-176,280
-176,281
-176,282
-176,283
-176,284
-176,285
-176,286
-176,287
-176,288
-176,289
-176,290
-176,291
-176,292
-176,293
-176,294
-176,295
-176,296
-176,297
-176,298
-176,299
-176,300
:13_13,301
:13_13,302
:13_17,303
685,304
685,305
685,306
685,307
685,308
685,309
685,310
685,311
685,312
685,313
685,314
685,315
685,316
685,317
685,318
685,319
685,320
685,321
:373_5,322
684,323
684,324
684,325
684,326
684,327
684,328
684,329
684,330
684,331
684,332
684,333
684,334
684,335
684,336
684,337
684,338
684,339
684,340
684,341
:6_9,342
:6_9,343
:6_9,344
:6_9,345
:6_9,346
6,347
6,348
6,349
6,350
6,351
6,352
6,353
6,354
6,355
6,356
6,357
6,358
6,359
6,360
6,361
6,362
6,363
6,364
6,365
6,366
6,367
6,368
6,369
6,370
6,371
6,372
6,373
6,374
6,375
6,376
6,377
6,378
6,379
6,380
6,381
6,382
6,383
6,384
6,385
6,386
6,387
6,388
6,389
6,390
6,391
6,392
6,393
6,394
6,395
6,396
6,397
6,398
6,399
6,400
6,401
6,402
6,403
6,404
6,405
6,406
6,407
6,408
6,409
6,410
6,411
6,412
6,413
6,414
6,415
6,416
6,417
6,418
6,419
6,420
6,421
6,422
6,423
6,424
6,425
6,426
6,427
6,428
6,429
6,430
6,431
6,432
6,433
6,434
6,435
6,436
6,437
6,438
6,439
6,440
6,441
6,442
6,443
6,444
6,445
6,446
6,447
6,448
6,449
6,450
6,451
6,452
6,453
6,454
6,455
6,456
6,457
6,458
6,459
6,460
6,461
6,462
6,463
6,464
6,465
6,466
6,467
6,468
6,469
6,470
6,471
6,472
6,473
6,474
6,475
6,476
6,477
6,478
6,479
6,480
6,481
6,482
6,483
6,484
6,485
6,486
6,487
6,488
6,489
6,490
6,491
6,492
6,493
6,494
6,495
6,496
6,497
6,498
6,499
6,500
6,501
6,502
6,503
6,504
6,505
6,506
6,507
6,508
6,509
6,510
6,511
6,512
6,513
6,514
6,515
6,516
6,517
6,518
6,519
6,520
6,521
6,522
6,523
6,524
6,525
6,526
6,527
6,528
6,529
6,530
6,531
6,532
6,533
6,534
6,535
6,536
6,537
6,538
6,539
6,540
6,541
6,542
6,543
6,544
6,545
6,546
6,547
6,548
6,549
6,550
6,551
6,552
6,553
6,554
6,555
6,556
6,557
6,558
6,559
6,560
6,561
6,562
6,563
6,564
6,565
6,566
6,567
6,568
6,569
6,570
6,571
6,572
6,573
6,574
6,575
6,576
6,577
6,578
6,579
6,580
:8_1,581
7,582
7,583
7,584
7,585
7,586
7,587
7,588
7,589
7,590
7,591
7,592
7,593
7,594
7,595
7,596
7,597
7,598
7,599
7,600
7,601
7,602
7,603
7,604
7,605
7,606
7,607
7,608
7,609
7,610
7,611
7,612
7,613
7,614
7,615
7,616
7,617
7,618
7,619
7,620
7,621
7,622
7,623
7,624
7,625
7,626
7,627
7,628
7,629
7,630
7,631
7,632
7,633
7,634
7,635
7,636
7,637
7,638
7,639
7,640
7,641
7,642
7,643
7,644
7,645
7,646
7,647
7,648
7,649
7,650
7,651
7,652
7,653
7,654
7,655
7,656
7,657
7,658
7,659
7,660
7,661
7,662
7,663
7,664
7,665
7,666
7,667
7,668
8,669
8,670
8,671
8,672
8,673
8,674
8,675
8,676
8,677
8,678
8,679
8,680
8,681
8,682
8,683
8,684
8,685
8,686
8,687
8,688
8,689
8,690
8,691
8,692
8,693
8,694
8,695
8,696
8,697
8,698
8,699
8,700
8,701
8,702
8,703
8,704
8,705
8,706
8,707
8,708
8,709
8,710
8,711
8,712
8,713
8,714
8,715
8,716
8,717
8,718
8,719
8,720
8,721
8,722
8,723
8,724
8,725
8,726
8,727
8,728
8,729
8,730
8,731
8,732
8,733
8,734
8,735
8,736
8,737
8,738
8,739
8,740
8,741
8,742
8,743
8,744
8,745
9,746
9,747
9,748
9,749
9,750
9,751
9,752
9,753
9,754
9,755
9,756
9,757
9,758
9,759
9,760
9,761
9,762
9,763
9,764
9,765
9,766
9,767
9,768
9,769
9,770
9,771
9,772
9,773
9,774
9,775
9,776
9,777
9,778
9,779
9,780
9,781
9,782
9,783
9,784
9,785
9,786
9,787
9,788
9,789
9,790
9,791
9,792
9,793
9,794
9,795
9,796
9,797
9,798
9,799
9,800
9,801
9,802
9,803
9,804
9,805
9,806
9,807
9,808
9,809
9,810
9,811
9,812
9,813
9,814
9,815
9,816
9,817
9,818
10,819
10,820
10,821
10,822
10,823
10,824
10,825
10,826
10,827
10,828
10,829
10,830
10,831
10,832
10,833
10,834
10,835
10,836
10,837
10,838
10,839
10,840
10,841
10,842
10,843
10,844
10,845
10,846
10,847
10,848
10,849
10,850
10,851
10,852
10,853
10,854
10,855
10,856
10,857
10,858
10,859
10,860
10,861
10,862
10,863
10,864
10,865
10,866
10,867
10,868
10,869
10,870
10,871
10,872
10,873
10,874
10,875
10,876
10,877
10,878
10,879
10,880
10,881
10,882
10,883
10,884
10,885
10,886
10,887
10,888
10,889
10,890
10,891
11,892
11,893
11,894
11,895
11,896
11,897
11,898
11,899
11,900
11,901
11,902
11,903
11,904
11,905
11,906
11,907
11,908
11,909
11,910
11,911
11,912
11,913
11,914
11,915
11,916
11,917
11,918
11,919
11,920
11,921
11,922
11,923
11,924
11,925
11,926
11,927
11,928
11,929
11,930
11,931
11,932
11,933
11,934
11,935
11,936
11,937
11,938
11,939
11,940
11,941
11,942
11,943
11,944
11,945
11,946
11,947
11,948
11,949
11,950
11,951
11,952
11,953
11,954
11,955
11,956
11,957
11,958
11,959
11,960
11,961
11,962
11,963
11,964
11,965
11,966
557,1
557,2
557,3
557,1
