-587,4
-587,5
-587,6
-587,7
-587,8
-587,9
-587,10
-587,11
-587,12
-587,13
-587,14
-587,15
-587,16
-587,17
-587,18
-587,19
-587,20
-587,21
-587,22
-587,23
-587,24
-587,25
-587,26
-587,27
-587,28
-587,29
-587,30
-587,31
-587,32
-587,33
-587,34
-587,35
-587,36
-587,37
-587,38
-587,39
-587,40
-587,41
-587,42
-587,43
-587,44
-587,45
-587,46
-587,47
-587,48
-587,49
-587,50
-587,51
-587,52
-587,53
-587,54
-587,55
-587,56
-587,57
-587,58
-587,59
-587,60
-587,61
-587,62
-587,63
-587,64
-587,65
-587,66
-587,67
-587,68
-587,69
-587,70
-587,71
-587,72
-587,73
-587,74
-587,75
-587,76
-587,77
-587,78
-587,79
-587,80
-587,81
-587,82
:376_1,83
:376_1,84
:376_1,85
:376_1,86
:376_1,87
-432,88
-432,89
-432,90
-432,91
-432,92
-432,93
-432,94
-432,95
-432,96
-432,97
-432,98
-432,99
-432,100
-432,101
-432,102
-432,103
-432,104
-432,105
-432,106
-432,107
-432,108
-432,109
-432,110
-432,111
-432,112
-432,113
-432,114
-432,115
-432,116
-432,117
-432,118
-432,119
-432,120
-432,121
-432,122
-432,123
-432,124
-432,125
-432,126
-432,127
-432,128
-432,129
-432,130
-432,131
-432,132
-432,133
-432,134
-432,135
-432,136
-432,137
-432,138
-432,139
-432,140
-432,141
-432,142
-432,143
-432,144
-432,145
-432,146
-432,147
-432,148
-432,149
-432,150
-432,151
-432,152
-432,153
-432,154
-432,155
-432,156
-432,157
-432,158
:121_1,159
:121_1,160
:121_1,161
:121_1,162
:121_1,163
-105,164
-105,165
-105,166
-105,167
-105,168
-105,169
-105,170
-105,171
-105,172
-105,173
-105,174
-105,175
-105,176
-105,177
-105,178
-105,179
-105,180
-105,181
-105,182
-105,183
-105,184
-105,185
-105,186
-105,187
-105,188
-105,189
-105,190
-105,191
-105,192
-105,193
-105,194
-105,195
-105,196
-105,197
-105,198
-105,199
-105,200
-105,201
-105,202
-105,203
-105,204
-105,205
-105,206
-105,207
-105,208
-105,209
-105,210
-105,211
-105,212
-105,213
-105,214
-105,215
-105,216
-105,217
-105,218
-105,219
-105,220
-105,221
-105,222
-105,223
-105,224
-105,225
-105,226
-105,227
-105,228
-105,229
-105,230
-105,231
-105,232
-105,233
-105,234
-105,235
-105,236
-105,237
-105,238
-105,239
-105,240
-105,241
:119_13,242
:119_13,243
:119_13,244
:119_13,245
:119_13,246
106,247
106,248
106,249
106,250
106,251
106,252
106,253
106,254
106,255
106,256
106,257
106,258
106,259
106,260
106,261
106,262
106,263
106,264
106,265
106,266
106,267
106,268
106,269
106,270
106,271
106,272
106,273
106,274
106,275
106,276
106,277
106,278
106,279
106,280
106,281
106,282
106,283
106,284
106,285
106,286
106,287
106,288
106,289
106,290
106,291
106,292
106,293
106,294
106,295
106,296
106,297
106,298
106,299
106,300
106,301
106,302
106,303
106,304
106,305
106,306
106,307
106,308
:122_12,309
:122_12,310
:122_12,311
294,312
294,313
294,314
294,315
294,316
294,317
294,318
294,319
294,320
294,321
294,322
294,323
294,324
294,325
294,326
294,327
294,328
294,329
294,330
294,331
294,332
294,333
294,334
294,335
294,336
294,337
294,338
294,339
294,340
294,341
294,342
294,343
294,344
294,345
294,346
294,347
294,348
294,349
294,350
294,351
294,352
294,353
294,354
294,355
294,356
294,357
294,358
294,359
294,360
294,361
294,362
294,363
294,364
294,365
294,366
294,367
294,368
294,369
294,370
294,371
294,372
294,373
294,374
294,375
294,376
294,377
294,378
294,379
294,380
294,381
294,382
294,383
294,384
294,385
294,386
294,387
294,388
-596,389
-596,390
-596,391
-596,392
-596,393
-596,394
-596,395
-596,396
-596,397
-596,398
-596,399
-596,400
-596,401
-596,402
-596,403
-596,404
-596,405
-596,406
-596,407
-596,408
-596,409
-596,410
-596,411
-596,412
-596,413
-596,414
-596,415
-596,416
-596,417
-596,418
-596,419
-596,420
-596,421
-596,422
-596,423
-596,424
-596,425
-596,426
-596,427
-596,428
-596,429
-596,430
-596,431
-596,432
-596,433
-596,434
-596,435
-596,436
-596,437
-596,438
-596,439
-596,440
-596,441
-596,442
-596,443
-596,444
-596,445
-596,446
-596,447
-596,448
-596,449
-596,450
-596,451
-596,452
-596,453
-596,454
-596,455
-596,456
-596,457
-596,458
-596,459
-596,460
-596,461
-596,462
-596,463
:444_0,464
:444_0,465
:444_0,466
:444_0,467
-549,468
-549,469
-549,470
-549,471
-549,472
-549,473
-549,474
-549,475
-549,476
-549,477
-549,478
-549,479
-549,480
-549,481
-549,482
-549,483
-549,484
-549,485
-549,486
-549,487
-549,488
-549,489
-549,490
-549,491
-549,492
-549,493
-549,494
-549,495
-549,496
-549,497
-549,498
-549,499
-549,500
-549,501
-549,502
-549,503
-549,504
-549,505
-549,506
-549,507
-549,508
-549,509
-549,510
-549,511
-549,512
-549,513
-549,514
-549,515
-549,516
-549,517
-549,518
-549,519
-549,520
-549,521
-549,522
-549,523
-549,524
-549,525
-549,526
-549,527
-549,528
-549,529
-549,530
-549,531
-549,532
-549,533
-549,534
-549,535
-549,536
-549,537
-549,538
-549,539
-549,540
-549,541
-549,542
-549,543
-549,544
-549,545
-549,546
-549,547
-549,548
:332_5,549
:332_5,550
:332_5,551
:332_5,552
-356,553
-356,554
-356,555
-356,556
-356,557
-356,558
-356,559
-356,560
-356,561
-356,562
-356,563
-356,564
-356,565
-356,566
-356,567
-356,568
-356,569
-356,570
-356,571
-356,572
-356,573
-356,574
-356,575
-356,576
-356,577
-356,578
-356,579
-356,580
-356,581
-356,582
-356,583
-356,584
-356,585
-356,586
-356,587
-356,588
-356,589
-356,590
-356,591
-356,592
-356,593
-356,594
-356,595
-356,596
-356,597
-356,598
-356,599
-356,600
-356,601
-356,602
-356,603
-356,604
-356,605
-356,606
-356,607
-356,608
-356,609
-356,610
-356,611
-356,612
-356,613
-356,614
-356,615
-356,616
-356,617
-356,618
-356,619
-356,620
-356,621
-356,622
-356,623
-356,624
-356,625
-356,626
-356,627
-356,628
-356,629
:145_0,630
:145_0,631
:145_0,632
-131,633
-131,634
-131,635
-131,636
-131,637
-131,638
-131,639
-131,640
-131,641
-131,642
-131,643
-131,644
-131,645
-131,646
-131,647
-131,648
-131,649
-131,650
-131,651
-131,652
-131,653
-131,654
-131,655
-131,656
-131,657
-131,658
-131,659
-131,660
-131,661
-131,662
-131,663
-131,664
-131,665
-131,666
-131,667
-131,668
-131,669
-131,670
-131,671
-131,672
-131,673
-131,674
-131,675
-131,676
-131,677
-131,678
-131,679
-131,680
-131,681
-131,682
-131,683
-131,684
-131,685
-131,686
-131,687
-131,688
-131,689
-131,690
-131,691
-131,692
-131,693
-131,694
-131,695
-131,696
-131,697
-131,698
-131,699
-131,700
-131,701
-131,702
-131,703
-131,704
-131,705
-131,706
-131,707
-131,708
-131,709
-131,710
-131,711
-131,712
-131,713
-131,714
-131,715
-131,716
-131,717
:86_3,718
:86_3,719
:86_3,720
-73,721
-73,722
-73,723
-73,724
-73,725
-73,726
-73,727
-73,728
-73,729
-73,730
-73,731
-73,732
-73,733
-73,734
-73,735
-73,736
-73,737
-73,738
-73,739
-73,740
-73,741
-73,742
-73,743
-73,744
-73,745
-73,746
-73,747
-73,748
-73,749
-73,750
-73,751
-73,752
-73,753
-73,754
-73,755
-73,756
-73,757
-73,758
-73,759
-73,760
-73,761
-73,762
-73,763
-73,764
-73,765
-73,766
-73,767
-73,768
-73,769
-73,770
-73,771
-73,772
-73,773
-73,774
-73,775
-73,776
-73,777
-73,778
-73,779
-73,780
-73,781
-73,782
-73,783
-73,784
-73,785
-73,786
-73,787
-73,788
-73,789
-73,790
-73,791
-73,792
-73,793
-73,794
-73,795
-73,796
-73,797
-73,798
-73,799
-73,800
-73,801
-73,802
-73,803
:85_9,804
:85_9,805
:85_9,806
:85_9,807
:85_9,808
75,809
75,810
75,811
75,812
75,813
75,814
75,815
75,816
75,817
75,818
75,819
75,820
75,821
75,822
75,823
75,824
75,825
75,826
75,827
75,828
75,829
75,830
75,831
75,832
75,833
75,834
75,835
75,836
75,837
75,838
75,839
75,840
75,841
75,842
75,843
75,844
75,845
75,846
75,847
75,848
75,849
75,850
75,851
75,852
75,853
75,854
75,855
75,856
75,857
75,858
75,859
75,860
75,861
75,862
75,863
75,864
75,865
75,866
75,867
75,868
75,869
75,870
75,871
75,872
75,873
75,874
75,875
75,876
75,877
75,878
75,879
75,880
75,881
75,882
75,883
75,884
75,885
75,886
75,887
75,888
75,889
75,890
75,891
75,892
75,893
75,894
75,895
75,896
75,897
75,898
75,899
75,900
75,901
75,902
75,903
75,904
75,905
75,906
75,907
75,908
75,909
75,910
75,911
75,912
75,913
75,914
75,915
75,916
75,917
75,918
75,919
75,920
75,921
75,922
75,923
75,924
75,925
75,926
75,927
75,928
75,929
75,930
75,931
75,932
75,933
75,934
75,935
75,936
75,937
75,938
75,939
75,940
75,941
75,942
75,943
75,944
75,945
75,946
75,947
75,948
75,949
75,950
75,951
75,952
75,953
75,954
75,955
75,956
75,957
:87_3,958
:87_3,959
:87_3,960
:87_3,961
:87_3,962
-104,963
-104,964
-104,965
-587,4
