-47,4
-47,5
-47,6
-47,7
-47,8
-47,9
-47,10
-47,11
-47,12
-47,13
-47,14
-47,15
-47,16
-47,17
-47,18
-47,19
-47,20
-47,21
-47,22
-47,23
-47,24
-47,25
-47,26
-47,27
-47,28
-47,29
-47,30
-47,31
-47,32
-47,33
-47,34
-47,35
-47,36
-47,37
-47,38
-47,39
-47,40
-47,41
-47,42
-47,43
-47,44
-47,45
-47,46
-47,47
-47,48
-47,49
-47,50
-47,51
-47,52
-47,53
-47,54
-47,55
-47,56
-47,57
-47,58
-47,59
-47,60
-47,61
-47,62
-47,63
-47,64
-47,65
-47,66
-47,67
-47,68
-47,69
-47,70
-47,71
-47,72
-47,73
-47,74
-47,75
-47,76
-47,77
-47,78
-47,79
-47,80
-47,81
-47,82
-47,83
-47,84
-47,85
-47,86
-47,87
-47,88
-47,89
-47,90
-47,91
-47,92
-47,93
-47,94
-47,95
-47,96
-47,97
-47,98
-47,99
:52_5,100
:52_5,101
:52_5,102
:52_5,103
:52_5,104
:52_5,105
46,106
46,107
46,108
46,109
46,110
46,111
46,112
46,113
46,114
46,115
46,116
46,117
46,118
46,119
46,120
46,121
46,122
46,123
46,124
46,125
46,126
46,127
46,128
46,129
46,130
46,131
46,132
46,133
46,134
46,135
46,136
46,137
46,138
46,139
46,140
46,141
46,142
46,143
46,144
46,145
46,146
46,147
46,148
46,149
46,150
46,151
46,152
46,153
46,154
46,155
46,156
46,157
46,158
46,159
46,160
46,161
46,162
46,163
46,164
46,165
46,166
46,167
46,168
46,169
46,170
46,171
46,172
46,173
46,174
46,175
46,176
46,177
46,178
46,179
46,180
46,181
46,182
46,183
46,184
46,185
46,186
46,187
46,188
46,189
46,190
46,191
46,192
46,193
46,194
46,195
46,196
46,197
46,198
46,199
46,200
46,201
46,202
46,203
46,204
46,205
46,206
46,207
46,208
46,209
46,210
46,211
:54_3,212
:54_3,213
:54_3,214
309,215
309,216
309,217
309,218
309,219
309,220
309,221
309,222
309,223
309,224
309,225
309,226
309,227
309,228
309,229
309,230
309,231
309,232
309,233
309,234
309,235
309,236
309,237
309,238
309,239
309,240
309,241
309,242
309,243
309,244
309,245
309,246
309,247
309,248
309,249
309,250
:294_3,251
:294_3,252
:294_3,253
:294_3,254
:294_3,255
-677,256
-677,257
-677,258
-677,259
-677,260
-677,261
-677,262
-677,263
-677,264
-677,265
-677,266
-677,267
-677,268
-677,269
-677,270
-677,271
-677,272
-677,273
-677,274
-677,275
-677,276
-677,277
-677,278
-677,279
-677,280
-677,281
-677,282
-677,283
-677,284
:292_6,285
:292_6,286
:292_6,287
:292_6,288
:292_6,289
-306,290
-306,291
-306,292
-306,293
-306,294
-306,295
-306,296
-306,297
-306,298
-306,299
-306,300
-306,301
-306,302
-306,303
-306,304
-306,305
-306,306
-306,307
-306,308
-306,309
-306,310
-306,311
-306,312
-306,313
-306,314
-306,315
-306,316
-306,317
-306,318
-306,319
-306,320
-306,321
-306,322
-306,323
-306,324
-306,325
-306,326
-306,327
-306,328
-306,329
-306,330
-306,331
-306,332
-306,333
-306,334
-306,335
-306,336
-306,337
-306,338
-306,339
-306,340
-306,341
-306,342
-306,343
-306,344
-306,345
-306,346
-306,347
-306,348
-306,349
-306,350
-306,351
-306,352
-306,353
-306,354
-306,355
-306,356
-306,357
-306,358
-306,359
-306,360
-306,361
-306,362
-306,363
-306,364
-306,365
-306,366
-306,367
-306,368
-306,369
-306,370
-306,371
-306,372
-306,373
-306,374
-306,375
-306,376
-306,377
-306,378
-306,379
-306,380
-306,381
-306,382
-306,383
-306,384
-306,385
-306,386
-306,387
-306,388
:235_9,389
:235_9,390
:235_9,391
:235_9,392
:235_9,393
-231,394
-231,395
-231,396
-231,397
-231,398
-231,399
-231,400
-231,401
-231,402
-231,403
-231,404
-231,405
-231,406
-231,407
-231,408
-231,409
-231,410
-231,411
-231,412
-231,413
-231,414
-231,415
-231,416
-231,417
-231,418
-231,419
-231,420
-231,421
-231,422
-231,423
-231,424
-231,425
-231,426
-231,427
-231,428
-231,429
-231,430
-231,431
-231,432
-231,433
-231,434
-231,435
-231,436
-231,437
-231,438
-231,439
-231,440
-231,441
-231,442
-231,443
-231,444
-231,445
-231,446
-231,447
-231,448
-231,449
-231,450
-231,451
-231,452
-231,453
-231,454
-231,455
-231,456
-231,457
-231,458
-231,459
-231,460
-231,461
-231,462
-231,463
-231,464
-231,465
-231,466
-231,467
-231,468
-231,469
-231,470
-231,471
-231,472
-231,473
-231,474
-231,475
-231,476
-231,477
-231,478
-231,479
-231,480
-231,481
-231,482
-231,483
-231,484
-231,485
-231,486
-231,487
-231,488
-231,489
-231,490
-231,491
-231,492
-231,493
-231,494
-231,495
-231,496
-231,497
-231,498
-231,499
-231,500
-231,501
-231,502
-231,503
-231,504
-231,505
-231,506
-231,507
-231,508
-231,509
-231,510
-231,511
-231,512
-231,513
-231,514
-231,515
-231,516
-231,517
-231,518
-231,519
-231,520
-231,521
-231,522
-231,523
-231,524
-231,525
-231,526
-231,527
-231,528
-231,529
-231,530
-231,531
-231,532
-231,533
-231,534
-231,535
-231,536
-231,537
-231,538
-231,539
-231,540
-231,541
-231,542
-231,543
-231,544
-231,545
-231,546
-231,547
-231,548
-231,549
-231,550
-231,551
-231,552
-231,553
-231,554
:113_10,555
:113_10,556
:113_10,557
:113_10,558
:113_10,559
230,560
230,561
230,562
230,563
230,564
230,565
230,566
230,567
230,568
230,569
230,570
230,571
230,572
230,573
230,574
230,575
230,576
230,577
230,578
230,579
230,580
230,581
230,582
230,583
230,584
230,585
230,586
230,587
230,588
230,589
230,590
230,591
230,592
230,593
230,594
230,595
230,596
230,597
230,598
230,599
230,600
230,601
230,602
230,603
230,604
230,605
230,606
230,607
230,608
230,609
230,610
230,611
230,612
230,613
230,614
230,615
:234_7,616
:234_7,617
:234_7,618
:234_7,619
:234_7,620
-361,621
-361,622
-361,623
-361,624
-361,625
-361,626
-361,627
-361,628
-361,629
-361,630
-361,631
-361,632
-361,633
-361,634
-361,635
-361,636
-361,637
-361,638
-361,639
-361,640
-361,641
-361,642
-361,643
-361,644
-361,645
-361,646
-361,647
-361,648
-361,649
-361,650
-361,651
-361,652
-361,653
-361,654
-361,655
-361,656
-361,657
-361,658
-361,659
-361,660
-361,661
-361,662
-361,663
-361,664
-361,665
-361,666
-361,667
-361,668
-361,669
-361,670
-361,671
-361,672
-361,673
-361,674
-361,675
-361,676
-361,677
-361,678
-361,679
-361,680
:333_0,681
:333_0,682
:333_0,683
:333_0,684
:333_0,685
360,686
360,687
360,688
360,689
360,690
360,691
360,692
360,693
360,694
360,695
360,696
360,697
360,698
360,699
360,700
360,701
360,702
360,703
360,704
360,705
360,706
360,707
360,708
360,709
360,710
360,711
360,712
360,713
360,714
360,715
360,716
360,717
360,718
360,719
360,720
360,721
360,722
360,723
360,724
360,725
360,726
360,727
360,728
360,729
360,730
360,731
360,732
360,733
360,734
360,735
360,736
360,737
360,738
360,739
360,740
360,741
360,742
360,743
360,744
360,745
-101,746
-101,747
-101,748
-101,749
-101,750
-101,751
-101,752
-101,753
-101,754
-101,755
-101,756
-101,757
-101,758
-101,759
-101,760
-101,761
-101,762
-101,763
-101,764
-101,765
-101,766
-101,767
-101,768
-101,769
-101,770
-101,771
-101,772
-101,773
-101,774
-101,775
-101,776
-101,777
-101,778
-101,779
-101,780
-101,781
-101,782
-101,783
-101,784
-101,785
-101,786
-101,787
-101,788
-101,789
-101,790
-101,791
-101,792
-101,793
-101,794
-101,795
-101,796
-101,797
-101,798
-101,799
-101,800
-101,801
-101,802
-101,803
-101,804
-101,805
-101,806
-101,807
-101,808
-101,809
-101,810
-101,811
-101,812
-101,813
-101,814
-101,815
-101,816
-101,817
-101,818
-101,819
-101,820
-101,821
-101,822
-101,823
-101,824
-101,825
-101,826
-101,827
-101,828
-101,829
-101,830
-101,831
-101,832
-101,833
-101,834
-101,835
-101,836
-101,837
-101,838
-101,839
-101,840
-101,841
-101,842
-101,843
-101,844
-101,845
-101,846
-101,847
-101,848
-101,849
-101,850
-101,851
-101,852
-101,853
-101,854
-101,855
-101,856
-101,857
-101,858
-101,859
-101,860
-101,861
-101,862
-101,863
-101,864
-101,865
-101,866
-101,867
-101,868
-101,869
-101,870
-101,871
-101,872
-101,873
-101,874
-101,875
-101,876
-101,877
-101,878
-101,879
-101,880
-101,881
-101,882
-101,883
-101,884
-101,885
-101,886
-101,887
-47,4
