-106,1
-106,1
-106,1
-106,2
-106,3
-106,4
-106,5
-106,6
-106,7
-106,8
-106,9
-106,10
-106,11
-106,12
-106,13
-106,14
-106,15
-106,16
-106,17
-106,18
-106,19
-106,20
-106,21
-106,22
-106,23
-106,24
-106,25
-106,26
-106,27
-106,28
-106,29
-106,30
-106,31
-106,32
-106,33
-106,34
-106,35
-106,36
-106,37
-106,38
-106,39
-106,40
-106,41
-106,42
-106,43
-106,44
-106,45
-106,46
-106,47
-106,48
-106,49
-106,50
-106,51
-106,52
-106,53
-106,54
-106,55
-106,56
-106,57
-106,58
-106,59
-106,60
-106,61
-106,62
-106,63
-106,64
-106,65
-106,66
:119_4,67
:119_4,68
:119_4,69
:119_4,70
103,71
103,72
103,73
103,74
103,75
103,76
103,77
103,78
103,79
103,80
103,81
103,82
103,83
103,84
103,85
103,86
103,87
103,88
103,89
103,90
103,91
103,92
103,93
103,94
103,95
103,96
103,97
103,98
103,99
103,100
103,101
103,102
103,103
103,104
103,105
103,106
103,107
103,108
103,109
103,110
103,111
103,112
103,113
103,114
103,115
103,116
103,117
103,118
103,119
103,120
103,121
103,122
103,123
103,124
103,125
103,126
103,127
103,128
103,129
103,130
103,131
103,132
103,133
103,134
103,135
103,136
103,137
103,138
103,139
103,140
103,141
103,142
103,143
103,144
103,145
103,146
103,147
103,148
103,149
103,150
103,151
103,152
103,153
103,154
103,155
103,156
103,157
103,158
103,159
103,160
103,161
103,162
103,163
103,164
103,165
103,166
103,167
103,168
103,169
103,170
103,171
103,172
103,173
103,174
103,175
103,176
103,177
103,178
103,179
103,180
103,181
103,182
103,183
103,184
103,185
103,186
103,187
103,188
103,189
103,190
103,191
103,192
103,193
103,194
103,195
103,196
103,197
103,198
103,199
103,200
103,201
103,202
103,203
103,204
103,205
103,206
103,207
103,208
103,209
103,210
103,211
103,212
:120_13,213
:120_13,214
:120_13,215
:120_13,216
:120_13,217
-141,218
-141,219
-141,220
-141,221
-141,222
-141,223
-141,224
-141,225
-141,226
-141,227
-141,228
-141,229
-141,230
-141,231
-141,232
-141,233
-141,234
-141,235
-141,236
-141,237
-141,238
-141,239
-141,240
-141,241
-141,242
-141,243
-141,244
-141,245
-141,246
-141,247
-141,248
-141,249
-141,250
-141,251
-141,252
-141,253
-141,254
-141,255
-141,256
-141,257
-141,258
-141,259
-141,260
-141,261
-141,262
-141,263
-141,264
-141,265
-141,266
-141,267
-141,268
-141,269
-141,270
-141,271
-141,272
-141,273
-141,274
-141,275
-141,276
-141,277
:156_7,278
:156_7,279
:156_7,280
:156_7,281
:156_7,282
-140,283
-140,284
-140,285
-140,286
-140,287
-140,288
-140,289
-140,290
-140,291
-140,292
-140,293
-140,294
-140,295
-140,296
-140,297
-140,298
-140,299
-140,300
-140,301
-140,302
-140,303
-140,304
-140,305
-140,306
-140,307
-140,308
-140,309
-140,310
-140,311
-140,312
-140,313
-140,314
-140,315
-140,316
-140,317
-140,318
-140,319
-140,320
-140,321
-140,322
-140,323
-140,324
-140,325
-140,326
-140,327
-140,328
-140,329
-140,330
-140,331
-140,332
-140,333
-140,334
-140,335
-140,336
-140,337
-140,338
-140,339
-140,340
-140,341
-140,342
-140,343
-140,344
-140,345
-140,346
-140,347
-140,348
-140,349
-140,350
-140,351
-140,352
-140,353
-140,354
-140,355
-140,356
-140,357
-140,358
-140,359
-140,360
-140,361
-140,362
-140,363
-140,364
-140,365
-140,366
-140,367
-140,368
-140,369
-140,370
-140,371
-140,372
-140,373
-140,374
-140,375
-140,376
-140,377
-140,378
-140,379
-140,380
-140,381
-140,382
-140,383
-140,384
-140,385
-140,386
:153_14,387
:153_14,388
:153_14,389
:153_14,390
:153_14,391
:153_14,392
138,393
138,394
138,395
138,396
138,397
138,398
138,399
138,400
138,401
138,402
138,403
138,404
138,405
138,406
138,407
138,408
138,409
138,410
138,411
138,412
138,413
138,414
138,415
138,416
138,417
138,418
138,419
138,420
138,421
138,422
138,423
138,424
138,425
138,426
138,427
138,428
138,429
138,430
138,431
138,432
138,433
138,434
138,435
138,436
138,437
138,438
138,439
138,440
138,441
138,442
138,443
138,444
138,445
138,446
138,447
138,448
138,449
138,450
138,451
138,452
138,453
138,454
138,455
138,456
138,457
138,458
138,459
138,460
138,461
138,462
138,463
138,464
138,465
138,466
138,467
138,468
138,469
138,470
138,471
138,472
138,473
138,474
138,475
138,476
138,477
138,478
138,479
138,480
138,481
138,482
138,483
138,484
138,485
138,486
138,487
138,488
138,489
138,490
138,491
138,492
138,493
138,494
138,495
138,496
138,497
:154_7,498
:154_7,499
:154_7,500
:154_7,501
:154_7,502
-450,503
-450,504
-450,505
-450,506
-450,507
-450,508
-450,509
-450,510
-450,511
-450,512
-450,513
-450,514
-450,515
-450,516
-450,517
-450,518
-450,519
-450,520
-450,521
-450,522
-450,523
-450,524
-450,525
-450,526
-450,527
-450,528
-450,529
-450,530
-450,531
-450,532
-450,533
-450,534
-450,535
-450,536
-450,537
-450,538
-450,539
-450,540
-450,541
-450,542
:40_4,543
:40_4,544
:40_4,545
:40_4,546
:40_4,547
-33,548
-33,549
-33,550
-33,551
-33,552
-33,553
-33,554
-33,555
-33,556
-33,557
-33,558
-33,559
-33,560
-33,561
-33,562
-33,563
-33,564
-33,565
-33,566
-33,567
-33,568
-33,569
-33,570
-33,571
-33,572
-33,573
-33,574
-33,575
-33,576
-33,577
-33,578
-33,579
-33,580
-33,581
-33,582
-33,583
-33,584
-33,585
-33,586
-33,587
-33,588
-33,589
-33,590
-33,591
-33,592
-33,593
-33,594
-33,595
-33,596
-33,597
-33,598
-33,599
-33,600
-33,601
-33,602
-33,603
-33,604
-33,605
-33,606
-33,607
-33,608
-33,609
-33,610
-33,611
-33,612
-33,613
-33,614
-33,615
-33,616
-33,617
-33,618
-33,619
-33,620
-33,621
-33,622
-33,623
-33,624
-33,625
-33,626
-33,627
-33,628
-33,629
-33,630
-33,631
-33,632
-33,633
-33,634
-33,635
-33,636
-33,637
-33,638
-33,639
-33,640
-33,641
-33,642
-33,643
-33,644
-33,645
-33,646
-33,647
-33,648
-33,649
-33,650
-33,651
-33,652
-33,653
-33,654
-33,655
-33,656
-33,657
-33,658
-33,659
-33,660
-33,661
-33,662
-33,663
-33,664
-33,665
-33,666
-33,667
-33,668
-33,669
-33,670
-33,671
-33,672
-33,673
-33,674
-33,675
-33,676
-33,677
-33,678
-33,679
-33,680
-33,681
-33,682
-33,683
-33,684
-33,685
-33,686
-33,687
-33,688
-33,689
-33,690
-33,691
-33,692
-33,693
-33,694
-33,695
-33,696
-33,697
-33,698
-33,699
-33,700
-33,701
-33,702
-33,703
-33,704
-33,705
-33,706
-33,707
-33,708
-33,709
-33,710
-33,711
-33,712
-33,713
-33,714
-33,715
-33,716
-33,717
-33,718
-33,719
-33,720
-33,721
-33,722
-33,723
:38_9,724
:38_9,725
:38_9,726
:38_9,727
:38_9,728
:38_9,729
34,730
34,731
34,732
34,733
34,734
34,735
34,736
34,737
34,738
34,739
34,740
34,741
34,742
34,743
34,744
34,745
34,746
34,747
34,748
34,749
34,750
34,751
34,752
34,753
34,754
34,755
34,756
34,757
34,758
34,759
34,760
34,761
34,762
34,763
34,764
34,765
34,766
34,767
34,768
34,769
34,770
34,771
34,772
34,773
34,774
34,775
34,776
34,777
34,778
34,779
34,780
34,781
34,782
34,783
34,784
34,785
34,786
34,787
34,788
34,789
34,790
34,791
34,792
34,793
34,794
34,795
34,796
34,797
34,798
34,799
34,800
34,801
34,802
34,803
34,804
34,805
34,806
34,807
34,808
34,809
34,810
34,811
34,812
34,813
34,814
34,815
34,816
34,817
34,818
34,819
34,820
34,821
34,822
34,823
34,824
34,825
34,826
34,827
34,828
34,829
34,830
34,831
34,832
34,833
34,834
34,835
34,836
34,837
34,838
34,839
34,840
34,841
34,842
34,843
34,844
34,845
34,846
34,847
34,848
34,849
:41_3,850
:41_3,851
:41_3,852
:41_3,853
:41_3,854
552,855
552,856
552,857
552,858
552,859
552,860
552,861
552,862
552,863
552,864
552,865
552,866
552,867
552,868
552,869
552,870
552,871
552,872
552,873
552,874
552,875
552,876
552,877
552,878
552,879
552,880
552,881
552,882
552,883
552,884
552,885
552,886
552,887
552,888
552,889
552,890
552,891
552,892
552,893
552,894
552,895
552,896
552,897
552,898
552,899
552,900
552,901
552,902
552,903
552,904
552,905
552,906
552,907
552,908
552,909
552,910
552,911
552,912
552,913
552,914
552,915
552,916
552,917
552,918
552,919
552,920
552,921
552,922
552,923
552,924
552,925
552,926
552,927
552,928
552,929
552,930
552,931
552,932
552,933
552,934
552,935
552,936
552,937
552,938
552,939
552,940
552,941
552,942
552,943
552,944
552,945
552,946
552,947
552,948
552,949
552,950
552,951
552,952
552,953
552,954
552,955
552,956
552,957
552,958
552,959
552,960
552,961
552,962
552,963
552,964
552,965
552,966
-106,1
-106,2
-106,3
-106,1
