153,1
153,1
153,1
153,2
153,3
153,4
153,5
153,6
153,7
153,8
153,9
153,10
153,11
153,12
153,13
153,14
153,15
153,16
153,17
153,18
153,19
153,20
153,21
153,22
153,23
153,24
153,25
153,26
153,27
153,28
153,29
153,30
153,31
153,32
153,33
153,34
153,35
153,36
153,37
153,38
153,39
153,40
153,41
153,42
153,43
153,44
153,45
153,46
153,47
153,48
153,49
153,50
153,51
153,52
153,53
153,54
153,55
153,56
153,57
153,58
153,59
153,60
153,61
153,62
153,63
153,64
153,65
153,66
153,67
153,68
153,69
153,70
153,71
153,72
153,73
153,74
153,75
153,76
153,77
153,78
153,79
153,80
153,81
153,82
153,83
153,84
153,85
153,86
153,87
153,88
153,89
153,90
153,91
153,92
153,93
153,94
153,95
153,96
153,97
153,98
153,99
153,100
153,101
153,102
153,103
153,104
153,105
153,106
153,107
153,108
153,109
153,110
153,111
153,112
153,113
153,114
153,115
153,116
153,117
153,118
153,119
153,120
153,121
153,122
153,123
153,124
153,125
153,126
153,127
153,128
153,129
153,130
153,131
153,132
153,133
153,134
153,135
153,136
153,137
153,138
153,139
153,140
153,141
153,142
153,143
153,144
153,145
:169_7,146
:169_7,147
:169_7,148
:169_7,149
:169_7,150
:169_7,151
:169_7,152
-399,153
-399,154
-399,155
-399,156
-399,157
-399,158
-399,159
-399,160
-399,161
-399,162
-399,163
-399,164
-399,165
-399,166
-399,167
-399,168
-399,169
-399,170
-399,171
-399,172
-399,173
-399,174
-399,175
-399,176
-399,177
-399,178
-399,179
-399,180
-399,181
-399,182
-399,183
-399,184
-399,185
-399,186
-399,187
-399,188
-399,189
-399,190
-399,191
-399,192
-399,193
-399,194
-399,195
-399,196
-399,197
-399,198
-399,199
-399,200
-399,201
-399,202
-399,203
-399,204
-399,205
-399,206
-399,207
-399,208
-399,209
-399,210
-399,211
-399,212
-399,213
-399,214
-399,215
-399,216
-399,217
-399,218
-399,219
-399,220
-399,221
-399,222
-399,223
-399,224
-399,225
-399,226
-399,227
-399,228
-399,229
-399,230
-399,231
-399,232
-399,233
-399,234
-399,235
-399,236
-399,237
-399,238
-399,239
-399,240
-399,241
-399,242
-399,243
-399,244
-399,245
-399,246
-399,247
-399,248
-399,249
-399,250
-399,251
-399,252
-399,253
-399,254
-399,255
-399,256
-399,257
-399,258
-399,259
-399,260
-399,261
-399,262
-399,263
-399,264
-399,265
-399,266
-399,267
-399,268
-399,269
-399,270
-399,271
-399,272
-399,273
-399,274
-399,275
-399,276
-399,277
-399,278
-399,279
-399,280
-399,281
-399,282
-399,283
-399,284
-399,285
-399,286
-399,287
-399,288
-399,289
-399,290
-399,291
-399,292
-399,293
-399,294
-399,295
-399,296
-399,297
-399,298
:159_7,299
:159_7,300
:159_7,301
:159_7,302
:159_7,303
:159_7,304
-144,305
-144,306
-144,307
-144,308
-144,309
-144,310
-144,311
-144,312
-144,313
-144,314
-144,315
-144,316
-144,317
-144,318
-144,319
-144,320
-144,321
-144,322
-144,323
-144,324
-144,325
-144,326
-144,327
-144,328
-144,329
-144,330
-144,331
-144,332
-144,333
-144,334
-144,335
-144,336
-144,337
-144,338
-144,339
-144,340
-144,341
-144,342
-144,343
-144,344
-144,345
-144,346
-144,347
-144,348
-144,349
-144,350
-144,351
-144,352
-144,353
-144,354
-144,355
-144,356
-144,357
-144,358
-144,359
-144,360
-144,361
-144,362
-144,363
-144,364
-144,365
-144,366
-144,367
-144,368
-144,369
-144,370
-144,371
-144,372
-144,373
-144,374
-144,375
-144,376
-144,377
-144,378
-144,379
-144,380
-144,381
-144,382
-144,383
-144,384
-144,385
-144,386
-144,387
-144,388
-144,389
-144,390
-144,391
-144,392
-144,393
-144,394
-144,395
-144,396
-144,397
-144,398
-144,399
-144,400
-144,401
-144,402
-144,403
-144,404
-144,405
-144,406
-144,407
-144,408
-144,409
-144,410
-144,411
-144,412
-144,413
-144,414
-144,415
-144,416
-144,417
-144,418
-144,419
-144,420
-144,421
-144,422
-144,423
-144,424
-144,425
-144,426
-144,427
-144,428
-144,429
-144,430
-144,431
-144,432
-144,433
-144,434
-144,435
-144,436
-144,437
-144,438
-144,439
-144,440
-144,441
-144,442
-144,443
-144,444
-144,445
-144,446
-144,447
-144,448
-144,449
-144,450
-144,451
-144,452
-144,453
-144,454
-144,455
-144,456
-144,457
-144,458
-144,459
-144,460
-144,461
-144,462
-144,463
-144,464
-144,465
-144,466
-144,467
-144,468
-144,469
-144,470
-144,471
-144,472
-144,473
-144,474
-144,475
-144,476
-144,477
-144,478
-144,479
-144,480
-144,481
-144,482
-144,483
-144,484
-144,485
-144,486
-144,487
-144,488
-144,489
-144,490
-144,491
-144,492
-144,493
-144,494
-144,495
-144,496
-144,497
-144,498
-144,499
-144,500
-144,501
-144,502
-144,503
-144,504
-144,505
-144,506
-144,507
-144,508
-144,509
-144,510
-144,511
-144,512
-144,513
-144,514
-144,515
-144,516
-144,517
-144,518
-144,519
-144,520
-144,521
-144,522
-144,523
-144,524
-144,525
-144,526
-144,527
-144,528
-144,529
-144,530
-144,531
-144,532
-144,533
-144,534
-144,535
-144,536
-144,537
-144,538
-144,539
-144,540
-144,541
-144,542
-144,543
-144,544
-144,545
-144,546
-144,547
-144,548
-144,549
-144,550
-144,551
-144,552
-144,553
-144,554
-144,555
-144,556
-144,557
-144,558
-144,559
-144,560
-144,561
-144,562
-144,563
-144,564
-144,565
-144,566
-144,567
-144,568
-144,569
-144,570
-144,571
-144,572
-144,573
-144,574
-144,575
-144,576
-144,577
-144,578
-144,579
-144,580
-144,581
-144,582
-144,583
-144,584
-144,585
-144,586
-144,587
-144,588
-144,589
-144,590
-144,591
-144,592
-144,593
-144,594
-144,595
-144,596
-144,597
-144,598
-144,599
-144,600
-144,601
-144,602
-144,603
-144,604
-144,605
-144,606
-144,607
-144,608
-144,609
-144,610
:135_7,611
:135_7,612
:135_7,613
:135_7,614
:135_7,615
:135_7,616
-118,617
-118,618
-118,619
-118,620
-118,621
-118,622
-118,623
-118,624
-118,625
-118,626
-118,627
-118,628
-118,629
-118,630
-118,631
-118,632
-118,633
-118,634
-118,635
-118,636
-118,637
-118,638
-118,639
-118,640
-118,641
-118,642
-118,643
-118,644
-118,645
-118,646
-118,647
-118,648
-118,649
-118,650
-118,651
-118,652
-118,653
-118,654
-118,655
-118,656
-118,657
-118,658
-118,659
-118,660
-118,661
-118,662
-118,663
-118,664
-118,665
-118,666
-118,667
-118,668
-118,669
-118,670
-118,671
-118,672
-118,673
-118,674
-118,675
-118,676
-118,677
-118,678
-118,679
-118,680
-118,681
-118,682
-118,683
-118,684
-118,685
-118,686
-118,687
-118,688
-118,689
-118,690
-118,691
-118,692
-118,693
-118,694
-118,695
-118,696
-118,697
-118,698
-118,699
-118,700
-118,701
-118,702
-118,703
-118,704
-118,705
-118,706
-118,707
-118,708
-118,709
-118,710
-118,711
-118,712
-118,713
-118,714
-118,715
-118,716
-118,717
-118,718
-118,719
-118,720
-118,721
-118,722
-118,723
-118,724
-118,725
-118,726
-118,727
-118,728
-118,729
-118,730
-118,731
-118,732
-118,733
-118,734
-118,735
-118,736
-118,737
-118,738
-118,739
-118,740
-118,741
-118,742
-118,743
-118,744
-118,745
-118,746
-118,747
-118,748
-118,749
-118,750
-118,751
-118,752
-118,753
-118,754
-118,755
-118,756
-118,757
-118,758
-118,759
-118,760
-118,761
-118,762
-118,763
-118,764
-118,765
-118,766
-118,767
-118,768
-118,769
-118,770
-118,771
-118,772
-118,773
-118,774
-118,775
-118,776
-118,777
-118,778
-118,779
-118,780
-118,781
-118,782
-118,783
-118,784
-118,785
-118,786
-118,787
-118,788
-118,789
-118,790
-118,791
-118,792
-118,793
-118,794
-118,795
-118,796
-118,797
-118,798
-118,799
-118,800
-118,801
-118,802
-118,803
-118,804
-118,805
-118,806
-118,807
-118,808
-118,809
-118,810
-118,811
-118,812
-118,813
-118,814
-118,815
-118,816
-118,817
-118,818
-118,819
-118,820
-118,821
-118,822
-118,823
-118,824
-118,825
-118,826
-118,827
-118,828
-118,829
-118,830
-118,831
-118,832
-118,833
-118,834
:47_14,835
:47_14,836
:47_14,837
:47_14,838
:47_14,839
:47_14,840
:47_14,841
117,842
117,843
117,844
117,845
117,846
117,847
117,848
117,849
117,850
117,851
117,852
117,853
117,854
117,855
117,856
117,857
117,858
117,859
117,860
117,861
117,862
117,863
117,864
117,865
117,866
117,867
117,868
117,869
117,870
117,871
117,872
117,873
117,874
117,875
117,876
117,877
117,878
117,879
117,880
117,881
117,882
117,883
117,884
117,885
117,886
117,887
117,888
117,889
117,890
117,891
117,892
117,893
117,894
117,895
117,896
117,897
117,898
117,899
117,900
117,901
117,902
117,903
117,904
117,905
117,906
117,907
117,908
117,909
117,910
117,911
117,912
117,913
117,914
117,915
117,916
117,917
117,918
117,919
117,920
117,921
117,922
117,923
117,924
117,925
117,926
117,927
117,928
117,929
117,930
117,931
117,932
117,933
117,934
117,935
117,936
117,937
117,938
117,939
117,940
117,941
117,942
117,943
117,944
117,945
117,946
117,947
117,948
117,949
117,950
117,951
117,952
117,953
117,954
117,955
117,956
117,957
117,958
117,959
117,960
117,961
117,962
117,963
117,964
117,965
117,966
153,1
153,2
153,3
153,1
