-252,1
-252,1
-252,1
-252,2
-252,3
-252,4
-252,5
-252,6
-252,7
-252,8
-252,9
-252,10
-252,11
-252,12
-252,13
-252,14
-252,15
-252,16
-252,17
-252,18
-252,19
-252,20
-252,21
-252,22
-252,23
-252,24
-252,25
-252,26
-252,27
-252,28
-252,29
-252,30
-252,31
-252,32
-252,33
-252,34
-252,35
-252,36
-252,37
-252,38
-252,39
-252,40
-252,41
-252,42
-252,43
-252,44
-252,45
-252,46
-252,47
-252,48
-252,49
-252,50
-252,51
-252,52
-252,53
-252,54
-252,55
-252,56
-252,57
-252,58
-252,59
-252,60
-252,61
-252,62
-252,63
-252,64
-252,65
-252,66
-252,67
-252,68
-252,69
-252,70
-252,71
-252,72
-252,73
-252,74
-252,75
-252,76
-252,77
-252,78
-252,79
-252,80
-252,81
-252,82
-252,83
-252,84
-252,85
-252,86
-252,87
-252,88
-252,89
-252,90
-252,91
-252,92
-252,93
-252,94
-252,95
-252,96
-252,97
-252,98
-252,99
-252,100
-252,101
-252,102
-252,103
-252,104
-252,105
-252,106
-252,107
-252,108
-252,109
-252,110
-252,111
-252,112
-252,113
-252,114
-252,115
-252,116
-252,117
-252,118
-252,119
-252,120
-252,121
-252,122
-252,123
-252,124
-252,125
-252,126
-252,127
-252,128
-252,129
-252,130
-252,131
-252,132
-252,133
-252,134
-252,135
-252,136
-252,137
-252,138
-252,139
-252,140
-252,141
-252,142
-252,143
-252,144
:252_0,145
:252_0,146
:252_0,147
:252_0,148
253,149
253,150
253,151
253,152
253,153
253,154
253,155
253,156
253,157
253,158
253,159
253,160
253,161
253,162
253,163
253,164
253,165
253,166
253,167
253,168
253,169
253,170
253,171
253,172
253,173
253,174
253,175
253,176
253,177
253,178
253,179
253,180
253,181
253,182
253,183
253,184
253,185
253,186
253,187
253,188
253,189
253,190
253,191
253,192
253,193
253,194
253,195
253,196
253,197
253,198
253,199
253,200
253,201
253,202
253,203
253,204
253,205
:254_5,206
:254_5,207
:254_5,208
:254_5,209
:254_5,210
-283,211
-283,212
-283,213
-283,214
-283,215
-283,216
-283,217
-283,218
-283,219
-283,220
-283,221
-283,222
-283,223
-283,224
-283,225
-283,226
-283,227
-283,228
-283,229
-283,230
-283,231
-283,232
-283,233
-283,234
-283,235
-283,236
-283,237
-283,238
-283,239
-283,240
-283,241
-283,242
-283,243
-283,244
-283,245
-283,246
-283,247
-283,248
-283,249
-283,250
-283,251
-283,252
-283,253
-283,254
-283,255
-283,256
-283,257
-283,258
-283,259
-283,260
-283,261
:248_4,262
:248_4,263
:248_4,264
:248_4,265
284,266
284,267
284,268
284,269
284,270
284,271
284,272
284,273
284,274
284,275
284,276
284,277
284,278
284,279
284,280
284,281
284,282
284,283
284,284
284,285
284,286
284,287
284,288
284,289
284,290
284,291
284,292
284,293
284,294
284,295
284,296
284,297
284,298
284,299
284,300
284,301
284,302
284,303
284,304
284,305
284,306
284,307
284,308
284,309
284,310
284,311
284,312
284,313
284,314
284,315
284,316
284,317
284,318
284,319
284,320
284,321
284,322
284,323
284,324
284,325
284,326
284,327
284,328
284,329
284,330
284,331
284,332
284,333
:274_1,334
285,335
285,336
285,337
285,338
285,339
285,340
285,341
285,342
285,343
285,344
285,345
285,346
285,347
285,348
285,349
285,350
285,351
285,352
285,353
285,354
285,355
285,356
285,357
285,358
285,359
285,360
285,361
285,362
285,363
285,364
285,365
285,366
285,367
285,368
285,369
285,370
285,371
285,372
285,373
285,374
285,375
285,376
285,377
285,378
285,379
285,380
285,381
285,382
285,383
285,384
285,385
285,386
285,387
285,388
285,389
285,390
285,391
285,392
:275_1,393
286,394
286,395
286,396
286,397
286,398
286,399
286,400
286,401
286,402
286,403
286,404
286,405
286,406
286,407
286,408
286,409
286,410
286,411
286,412
286,413
286,414
286,415
286,416
286,417
286,418
286,419
286,420
286,421
286,422
286,423
286,424
286,425
286,426
286,427
286,428
286,429
286,430
286,431
286,432
286,433
286,434
286,435
286,436
286,437
286,438
286,439
286,440
286,441
286,442
286,443
286,444
286,445
286,446
286,447
286,448
286,449
286,450
286,451
286,452
286,453
286,454
286,455
286,456
287,457
287,458
287,459
287,460
287,461
287,462
287,463
287,464
287,465
287,466
287,467
287,468
287,469
287,470
287,471
287,472
287,473
287,474
287,475
287,476
287,477
287,478
287,479
287,480
287,481
287,482
287,483
287,484
287,485
287,486
287,487
287,488
287,489
287,490
287,491
287,492
287,493
287,494
287,495
287,496
287,497
287,498
287,499
287,500
287,501
287,502
287,503
287,504
287,505
287,506
287,507
287,508
287,509
287,510
287,511
287,512
287,513
287,514
287,515
287,516
287,517
287,518
287,519
287,520
287,521
287,522
287,523
287,524
287,525
287,526
287,527
288,528
288,529
288,530
288,531
288,532
288,533
288,534
288,535
288,536
288,537
288,538
288,539
288,540
288,541
288,542
288,543
288,544
288,545
288,546
288,547
288,548
288,549
288,550
288,551
288,552
288,553
288,554
288,555
288,556
288,557
288,558
288,559
288,560
288,561
288,562
288,563
288,564
288,565
288,566
288,567
288,568
288,569
288,570
:278_0,571
:278_0,572
:278_0,573
:278_0,574
:278_0,575
-453,576
-453,577
-453,578
-453,579
-453,580
-453,581
-453,582
-453,583
-453,584
-453,585
-453,586
-453,587
-453,588
-453,589
-453,590
-453,591
-453,592
-453,593
-453,594
-453,595
-453,596
-453,597
-453,598
-453,599
-453,600
-453,601
-453,602
-453,603
-453,604
-453,605
-453,606
-453,607
-453,608
-453,609
-453,610
-453,611
-453,612
-453,613
-453,614
-453,615
-453,616
-453,617
-453,618
-453,619
-453,620
-453,621
-453,622
-453,623
-453,624
-453,625
-453,626
-453,627
:25_3,628
:25_3,629
:25_3,630
:25_3,631
:25_3,632
:25_3,633
-21,634
-21,635
-21,636
-21,637
-21,638
-21,639
-21,640
-21,641
-21,642
-21,643
-21,644
-21,645
-21,646
-21,647
-21,648
-21,649
-21,650
-21,651
-21,652
-21,653
-21,654
-21,655
-21,656
-21,657
-21,658
-21,659
-21,660
-21,661
-21,662
-21,663
-21,664
-21,665
-21,666
-21,667
-21,668
-21,669
-21,670
-21,671
-21,672
-21,673
-21,674
-21,675
-21,676
-21,677
-21,678
-21,679
-21,680
-21,681
-21,682
-21,683
-21,684
-21,685
-21,686
-21,687
-21,688
-21,689
-21,690
-21,691
-21,692
-21,693
-21,694
-21,695
-21,696
-21,697
-21,698
-21,699
-21,700
-21,701
-21,702
-21,703
-21,704
-21,705
-21,706
-21,707
-21,708
-21,709
-21,710
-21,711
-21,712
-21,713
-21,714
-21,715
:22_5,716
:22_5,717
:22_5,718
:22_5,719
:22_5,720
22,721
22,722
22,723
22,724
22,725
22,726
22,727
22,728
22,729
22,730
22,731
22,732
22,733
22,734
22,735
22,736
22,737
22,738
22,739
22,740
22,741
22,742
22,743
22,744
22,745
22,746
22,747
22,748
22,749
22,750
22,751
22,752
22,753
22,754
22,755
22,756
22,757
22,758
22,759
22,760
22,761
22,762
22,763
22,764
22,765
22,766
22,767
22,768
22,769
22,770
22,771
22,772
22,773
22,774
22,775
22,776
22,777
22,778
22,779
22,780
22,781
22,782
22,783
22,784
22,785
22,786
22,787
22,788
22,789
22,790
22,791
22,792
22,793
22,794
22,795
22,796
22,797
22,798
22,799
22,800
22,801
22,802
22,803
22,804
22,805
22,806
22,807
22,808
22,809
22,810
22,811
22,812
22,813
22,814
22,815
22,816
22,817
22,818
22,819
22,820
22,821
22,822
22,823
22,824
22,825
22,826
22,827
22,828
22,829
22,830
22,831
22,832
22,833
22,834
22,835
22,836
22,837
22,838
22,839
22,840
22,841
22,842
22,843
22,844
22,845
22,846
22,847
22,848
22,849
22,850
22,851
22,852
22,853
22,854
22,855
22,856
22,857
22,858
22,859
22,860
22,861
22,862
22,863
22,864
22,865
22,866
22,867
22,868
22,869
22,870
22,871
22,872
22,873
22,874
22,875
22,876
22,877
22,878
22,879
22,880
22,881
:26_3,882
:26_3,883
:26_3,884
:26_3,885
:26_3,886
-167,887
-167,888
-167,889
-167,890
-167,891
-167,892
-167,893
-167,894
-167,895
-167,896
-167,897
-167,898
-167,899
-167,900
-167,901
-167,902
-167,903
-167,904
-167,905
-167,906
-167,907
-167,908
-167,909
-167,910
-167,911
-167,912
-167,913
-167,914
-167,915
-167,916
-167,917
-167,918
-167,919
-167,920
-167,921
-167,922
-167,923
-167,924
-167,925
-167,926
-167,927
-167,928
-167,929
-167,930
-167,931
-167,932
-167,933
-167,934
-167,935
-167,936
-167,937
-167,938
-167,939
-167,940
-167,941
-167,942
-167,943
-167,944
-167,945
-167,946
-167,947
-167,948
-167,949
-167,950
-167,951
-167,952
-167,953
-167,954
-167,955
-167,956
-167,957
-167,958
-252,1
-252,2
-252,3
-252,1
