164,8
164,9
164,10
164,11
164,12
164,13
164,14
164,15
164,16
164,17
164,18
164,19
164,20
164,21
164,22
164,23
164,24
164,25
164,26
164,27
164,28
164,29
164,30
164,31
164,32
164,33
164,34
164,35
164,36
164,37
164,38
164,39
164,40
164,41
164,42
164,43
164,44
164,45
164,46
164,47
164,48
164,49
164,50
164,51
164,52
164,53
164,54
164,55
164,56
164,57
164,58
164,59
164,60
164,61
164,62
164,63
164,64
164,65
164,66
164,67
164,68
164,69
164,70
164,71
164,72
164,73
164,74
164,75
164,76
164,77
164,78
164,79
164,80
164,81
164,82
164,83
164,84
164,85
164,86
164,87
164,88
164,89
164,90
164,91
164,92
164,93
164,94
164,95
164,96
164,97
164,98
164,99
164,100
164,101
164,102
164,103
164,104
164,105
164,106
164,107
164,108
164,109
164,110
164,111
164,112
164,113
164,114
164,115
164,116
164,117
164,118
164,119
164,120
164,121
164,122
164,123
164,124
164,125
164,126
164,127
164,128
164,129
164,130
164,131
164,132
164,133
164,134
164,135
164,136
164,137
164,138
164,139
164,140
164,141
164,142
164,143
164,144
164,145
164,146
164,147
164,148
164,149
164,150
164,151
164,152
164,153
164,154
164,155
164,156
164,157
164,158
164,159
164,160
164,161
164,162
164,163
164,164
164,165
164,166
164,167
164,168
164,169
164,170
164,171
164,172
164,173
164,174
164,175
164,176
164,177
164,178
164,179
164,180
164,181
164,182
164,183
164,184
164,185
164,186
164,187
164,188
164,189
164,190
164,191
164,192
164,193
164,194
164,195
164,196
164,197
164,198
164,199
164,200
164,201
164,202
164,203
164,204
164,205
164,206
164,207
164,208
164,209
164,210
164,211
164,212
164,213
164,214
164,215
164,216
164,217
164,218
164,219
:179_8,220
:179_8,221
:179_8,222
:179_8,223
244,224
244,225
244,226
244,227
244,228
244,229
244,230
244,231
244,232
244,233
244,234
244,235
244,236
244,237
244,238
244,239
244,240
244,241
244,242
244,243
244,244
244,245
244,246
244,247
244,248
244,249
244,250
244,251
244,252
244,253
244,254
244,255
244,256
244,257
244,258
244,259
244,260
244,261
244,262
244,263
244,264
244,265
244,266
244,267
244,268
244,269
244,270
244,271
244,272
244,273
244,274
244,275
244,276
244,277
244,278
244,279
244,280
244,281
244,282
244,283
244,284
244,285
244,286
244,287
244,288
244,289
244,290
244,291
244,292
244,293
244,294
244,295
244,296
244,297
244,298
244,299
244,300
244,301
244,302
244,303
244,304
244,305
244,306
244,307
244,308
244,309
244,310
244,311
244,312
244,313
244,314
244,315
244,316
244,317
244,318
244,319
244,320
244,321
244,322
244,323
244,324
244,325
244,326
244,327
244,328
244,329
244,330
244,331
244,332
244,333
244,334
244,335
244,336
244,337
244,338
244,339
244,340
244,341
244,342
244,343
244,344
244,345
244,346
244,347
244,348
244,349
244,350
244,351
244,352
244,353
244,354
244,355
244,356
244,357
244,358
244,359
244,360
244,361
244,362
244,363
244,364
244,365
244,366
244,367
244,368
244,369
244,370
244,371
244,372
244,373
244,374
244,375
244,376
244,377
244,378
244,379
244,380
244,381
244,382
244,383
244,384
244,385
244,386
244,387
244,388
244,389
244,390
244,391
:215_13,392
:215_13,393
:215_13,394
:215_13,395
:215_13,396
:215_13,397
:215_13,398
245,399
245,400
245,401
245,402
245,403
245,404
245,405
245,406
245,407
245,408
245,409
245,410
245,411
245,412
245,413
245,414
245,415
245,416
245,417
245,418
245,419
245,420
245,421
245,422
245,423
245,424
245,425
245,426
245,427
245,428
245,429
245,430
245,431
245,432
245,433
245,434
245,435
245,436
245,437
245,438
245,439
245,440
245,441
245,442
245,443
245,444
245,445
245,446
245,447
245,448
245,449
245,450
245,451
245,452
245,453
245,454
245,455
:246_3,456
:246_3,457
:246_3,458
:246_3,459
:246_3,460
:246_3,461
325,462
325,463
325,464
325,465
325,466
325,467
325,468
325,469
325,470
325,471
325,472
325,473
325,474
325,475
325,476
325,477
325,478
325,479
325,480
325,481
325,482
325,483
325,484
325,485
325,486
325,487
325,488
325,489
325,490
325,491
325,492
325,493
325,494
325,495
325,496
325,497
325,498
325,499
325,500
325,501
325,502
325,503
325,504
325,505
325,506
325,507
325,508
325,509
325,510
325,511
325,512
325,513
325,514
325,515
325,516
325,517
325,518
325,519
325,520
325,521
325,522
325,523
325,524
325,525
325,526
325,527
325,528
325,529
325,530
325,531
325,532
325,533
325,534
325,535
325,536
325,537
325,538
325,539
325,540
325,541
325,542
325,543
325,544
325,545
325,546
325,547
325,548
325,549
325,550
325,551
325,552
:106_7,553
:106_7,554
:106_7,555
:106_7,556
:106_7,557
-90,558
-90,559
-90,560
-90,561
-90,562
-90,563
-90,564
-90,565
-90,566
-90,567
-90,568
-90,569
-90,570
-90,571
-90,572
-90,573
-90,574
-90,575
-90,576
-90,577
-90,578
-90,579
-90,580
-90,581
-90,582
-90,583
-90,584
-90,585
-90,586
-90,587
-90,588
-90,589
-90,590
-90,591
-90,592
-90,593
-90,594
-90,595
-90,596
-90,597
-90,598
-90,599
-90,600
-90,601
-90,602
-90,603
-90,604
-90,605
-90,606
-90,607
-90,608
-90,609
-90,610
-90,611
-90,612
-90,613
-90,614
-90,615
-90,616
-90,617
-90,618
-90,619
-90,620
-90,621
-90,622
-90,623
-90,624
-90,625
-90,626
-90,627
-90,628
-90,629
-90,630
-90,631
-90,632
-90,633
-90,634
-90,635
-90,636
-90,637
-90,638
-90,639
-90,640
-90,641
-90,642
-90,643
-90,644
-90,645
-90,646
-90,647
-90,648
-90,649
-90,650
-90,651
-90,652
-90,653
-90,654
-90,655
-90,656
-90,657
-90,658
-90,659
-90,660
-90,661
-90,662
-90,663
-90,664
-90,665
-90,666
-90,667
-90,668
-90,669
-90,670
-90,671
-90,672
-90,673
-90,674
-90,675
-90,676
-90,677
-90,678
-90,679
-90,680
-90,681
-90,682
-90,683
-90,684
-90,685
-90,686
-90,687
-90,688
-90,689
-90,690
-90,691
-90,692
-90,693
-90,694
-90,695
-90,696
-90,697
-90,698
-90,699
-90,700
-90,701
-90,702
-90,703
-90,704
-90,705
-90,706
-90,707
-90,708
-90,709
-90,710
-90,711
:104_13,712
:104_13,713
:104_13,714
:104_13,715
:104_13,716
89,717
89,718
89,719
89,720
89,721
89,722
89,723
89,724
89,725
89,726
89,727
89,728
89,729
89,730
89,731
89,732
89,733
89,734
89,735
89,736
89,737
89,738
89,739
89,740
89,741
89,742
89,743
89,744
89,745
89,746
89,747
89,748
89,749
89,750
89,751
89,752
89,753
89,754
89,755
89,756
89,757
89,758
89,759
89,760
89,761
89,762
89,763
89,764
89,765
89,766
89,767
89,768
89,769
89,770
89,771
89,772
89,773
89,774
89,775
89,776
89,777
89,778
89,779
89,780
89,781
89,782
89,783
89,784
89,785
89,786
89,787
89,788
89,789
89,790
89,791
89,792
89,793
89,794
89,795
89,796
89,797
89,798
:105_6,799
:105_6,800
:105_6,801
92,802
92,803
92,804
92,805
92,806
92,807
92,808
92,809
92,810
92,811
92,812
92,813
92,814
92,815
92,816
92,817
92,818
92,819
92,820
92,821
92,822
92,823
92,824
92,825
92,826
92,827
92,828
92,829
92,830
92,831
92,832
92,833
92,834
92,835
92,836
92,837
92,838
92,839
92,840
92,841
92,842
92,843
92,844
92,845
92,846
92,847
92,848
92,849
92,850
92,851
92,852
92,853
92,854
92,855
92,856
92,857
92,858
92,859
92,860
92,861
92,862
92,863
92,864
92,865
92,866
92,867
92,868
92,869
92,870
92,871
92,872
92,873
92,874
92,875
92,876
92,877
92,878
92,879
92,880
92,881
92,882
92,883
92,884
92,885
92,886
92,887
92,888
92,889
92,890
92,891
92,892
92,893
:108_6,894
:108_6,895
:108_6,896
-427,897
-427,898
-427,899
-427,900
-427,901
-427,902
-427,903
-427,904
-427,905
-427,906
-427,907
-427,908
-427,909
-427,910
-427,911
-427,912
-427,913
-427,914
-427,915
-427,916
-427,917
-427,918
-427,919
-427,920
-427,921
-427,922
-427,923
-427,924
-427,925
-427,926
-427,927
-427,928
-427,929
-427,930
-427,931
-427,932
-427,933
-427,934
-427,935
-427,936
:80_0,937
:80_0,938
:80_0,939
:80_0,940
:80_0,941
428,942
428,943
428,944
428,945
428,946
428,947
428,948
428,949
428,950
428,951
428,952
428,953
428,954
428,955
428,956
428,957
428,958
428,959
428,960
428,961
428,962
428,963
428,964
428,965
