91,1
91,1
91,1
91,2
91,3
91,4
91,5
91,6
91,7
91,8
91,9
91,10
91,11
91,12
91,13
91,14
91,15
91,16
91,17
91,18
91,19
91,20
91,21
91,22
91,23
91,24
91,25
91,26
91,27
91,28
91,29
91,30
91,31
91,32
91,33
91,34
91,35
91,36
91,37
91,38
91,39
91,40
91,41
91,42
91,43
91,44
91,45
91,46
91,47
91,48
91,49
91,50
91,51
91,52
91,53
91,54
91,55
91,56
91,57
91,58
91,59
91,60
91,61
91,62
91,63
91,64
91,65
91,66
91,67
91,68
91,69
91,70
91,71
91,72
91,73
91,74
91,75
91,76
91,77
:107_4,78
:107_4,79
:107_4,80
:107_4,81
:107_4,82
-297,83
-297,84
-297,85
-297,86
-297,87
-297,88
-297,89
-297,90
-297,91
-297,92
-297,93
-297,94
-297,95
-297,96
-297,97
-297,98
-297,99
-297,100
-297,101
-297,102
-297,103
-297,104
-297,105
-297,106
-297,107
-297,108
-297,109
-297,110
-297,111
-297,112
-297,113
-297,114
-297,115
-297,116
-297,117
-297,118
-297,119
-297,120
-297,121
-297,122
-297,123
-297,124
-297,125
-297,126
-297,127
-297,128
-297,129
-297,130
-297,131
-297,132
-297,133
-297,134
-297,135
-297,136
-297,137
-297,138
-297,139
-297,140
-297,141
-297,142
-297,143
-297,144
-297,145
-297,146
:172_9,147
:172_9,148
:172_9,149
:172_9,150
:172_9,151
:172_9,152
-156,153
-156,154
-156,155
-156,156
-156,157
-156,158
-156,159
-156,160
-156,161
-156,162
-156,163
-156,164
-156,165
-156,166
-156,167
-156,168
-156,169
-156,170
-156,171
-156,172
-156,173
-156,174
-156,175
-156,176
-156,177
-156,178
-156,179
-156,180
-156,181
-156,182
-156,183
-156,184
-156,185
-156,186
-156,187
-156,188
-156,189
-156,190
-156,191
-156,192
-156,193
-156,194
-156,195
-156,196
-156,197
-156,198
-156,199
-156,200
-156,201
-156,202
-156,203
-156,204
-156,205
-156,206
-156,207
-156,208
-156,209
-156,210
-156,211
-156,212
-156,213
-156,214
-156,215
-156,216
-156,217
-156,218
-156,219
-156,220
-156,221
-156,222
-156,223
-156,224
-156,225
-156,226
:171_4,227
:171_4,228
:171_4,229
:171_4,230
:171_4,231
155,232
155,233
155,234
155,235
155,236
155,237
155,238
155,239
155,240
155,241
155,242
155,243
155,244
155,245
155,246
155,247
155,248
155,249
155,250
155,251
155,252
155,253
155,254
155,255
155,256
155,257
155,258
155,259
155,260
155,261
155,262
155,263
155,264
155,265
155,266
155,267
155,268
155,269
155,270
155,271
155,272
155,273
155,274
155,275
155,276
155,277
155,278
155,279
155,280
155,281
155,282
155,283
155,284
155,285
155,286
155,287
155,288
155,289
155,290
155,291
155,292
155,293
155,294
155,295
155,296
155,297
155,298
155,299
155,300
155,301
155,302
155,303
155,304
155,305
155,306
155,307
155,308
155,309
155,310
155,311
155,312
155,313
155,314
155,315
155,316
155,317
155,318
155,319
155,320
155,321
155,322
155,323
:46_8,324
:46_8,325
:46_8,326
:46_8,327
157,328
157,329
157,330
157,331
157,332
157,333
157,334
157,335
157,336
157,337
157,338
157,339
157,340
157,341
157,342
157,343
157,344
157,345
157,346
157,347
157,348
157,349
157,350
157,351
157,352
157,353
157,354
157,355
157,356
157,357
157,358
157,359
157,360
157,361
157,362
157,363
157,364
157,365
157,366
157,367
157,368
157,369
157,370
157,371
157,372
157,373
157,374
157,375
157,376
157,377
157,378
157,379
157,380
157,381
157,382
157,383
157,384
157,385
157,386
157,387
157,388
157,389
157,390
157,391
157,392
157,393
157,394
157,395
157,396
157,397
157,398
157,399
157,400
157,401
157,402
157,403
157,404
157,405
157,406
157,407
157,408
:173_7,409
:173_7,410
:173_7,411
:173_7,412
:173_7,413
:173_7,414
-162,415
-162,416
-162,417
-162,418
-162,419
-162,420
-162,421
-162,422
-162,423
-162,424
-162,425
-162,426
-162,427
-162,428
-162,429
-162,430
-162,431
-162,432
-162,433
-162,434
-162,435
-162,436
-162,437
-162,438
-162,439
-162,440
-162,441
-162,442
-162,443
-162,444
-162,445
-162,446
-162,447
-162,448
-162,449
-162,450
-162,451
-162,452
-162,453
-162,454
-162,455
-162,456
-162,457
-162,458
-162,459
-162,460
-162,461
-162,462
-162,463
-162,464
-162,465
-162,466
-162,467
-162,468
-162,469
-162,470
-162,471
-162,472
-162,473
-162,474
-162,475
-162,476
-162,477
-162,478
-162,479
-162,480
-162,481
-162,482
-162,483
-162,484
-162,485
-162,486
-162,487
-162,488
-162,489
-162,490
-162,491
-162,492
-162,493
-162,494
-162,495
-162,496
-162,497
-162,498
-162,499
-162,500
-162,501
-162,502
-162,503
-162,504
-162,505
-162,506
-162,507
-162,508
-162,509
-162,510
-162,511
-162,512
-162,513
-162,514
-162,515
-162,516
-162,517
-162,518
-162,519
-162,520
-162,521
-162,522
-162,523
-162,524
-162,525
:175_6,526
:175_6,527
:175_6,528
:175_6,529
:175_6,530
163,531
163,532
163,533
163,534
163,535
163,536
163,537
163,538
163,539
163,540
163,541
163,542
163,543
163,544
163,545
163,546
163,547
163,548
163,549
163,550
163,551
163,552
163,553
163,554
163,555
163,556
163,557
163,558
163,559
163,560
163,561
163,562
163,563
163,564
163,565
163,566
163,567
163,568
163,569
163,570
163,571
163,572
163,573
163,574
163,575
163,576
163,577
163,578
163,579
163,580
163,581
163,582
163,583
163,584
163,585
163,586
163,587
163,588
163,589
163,590
163,591
163,592
163,593
163,594
163,595
163,596
163,597
163,598
163,599
163,600
163,601
163,602
163,603
163,604
163,605
163,606
163,607
163,608
163,609
163,610
163,611
163,612
91,1
91,2
91,3
91,1
