372,8
372,9
372,10
372,11
372,12
372,13
372,14
372,15
372,16
372,17
372,18
372,19
372,20
372,21
372,22
372,23
372,24
372,25
372,26
372,27
372,28
372,29
372,30
372,31
372,32
372,33
372,34
372,35
372,36
372,37
372,38
372,39
372,40
372,41
372,42
372,43
372,44
372,45
372,46
372,47
372,48
372,49
372,50
372,51
372,52
372,53
372,54
372,55
372,56
372,57
372,58
372,59
372,60
372,61
372,62
372,63
372,64
372,65
372,66
372,67
372,68
372,69
372,70
372,71
372,72
372,73
372,74
372,75
372,76
372,77
372,78
372,79
372,80
372,81
372,82
372,83
372,84
372,85
372,86
372,87
372,88
372,89
372,90
372,91
372,92
372,93
372,94
372,95
372,96
372,97
372,98
372,99
372,100
372,101
372,102
372,103
372,104
372,105
372,106
372,107
372,108
372,109
372,110
372,111
372,112
372,113
372,114
372,115
372,116
372,117
372,118
372,119
372,120
372,121
372,122
372,123
372,124
372,125
372,126
372,127
372,128
372,129
372,130
372,131
372,132
372,133
372,134
372,135
372,136
372,137
372,138
372,139
372,140
372,141
372,142
372,143
372,144
372,145
372,146
372,147
372,148
372,149
372,150
372,151
372,152
372,153
372,154
372,155
372,156
372,157
372,158
372,159
372,160
372,161
372,162
372,163
372,164
372,165
372,166
372,167
372,168
372,169
372,170
372,171
372,172
372,173
372,174
372,175
372,176
372,177
372,178
372,179
372,180
372,181
372,182
372,183
372,184
372,185
372,186
372,187
372,188
372,189
372,190
372,191
372,192
372,193
372,194
372,195
372,196
372,197
372,198
372,199
372,200
372,201
372,202
372,203
372,204
:155_5,205
:155_5,206
:155_5,207
:155_5,208
:155_5,209
:155_5,210
:155_5,211
:155_5,212
:155_5,213
:155_5,214
:155_5,215
:155_5,216
:155_5,217
-139,218
-139,219
-139,220
-139,221
-139,222
-139,223
-139,224
-139,225
-139,226
-139,227
-139,228
-139,229
-139,230
-139,231
-139,232
-139,233
-139,234
-139,235
-139,236
-139,237
-139,238
-139,239
-139,240
-139,241
-139,242
-139,243
-139,244
-139,245
-139,246
-139,247
-139,248
-139,249
-139,250
-139,251
-139,252
-139,253
-139,254
-139,255
-139,256
-139,257
-139,258
-139,259
-139,260
-139,261
-139,262
-139,263
-139,264
-139,265
-139,266
-139,267
-139,268
-139,269
-139,270
-139,271
-139,272
-139,273
-139,274
-139,275
-139,276
-139,277
-139,278
-139,279
-139,280
-139,281
-139,282
-139,283
-139,284
-139,285
-139,286
-139,287
-139,288
-139,289
-139,290
-139,291
-139,292
-139,293
-139,294
-139,295
-139,296
-139,297
-139,298
-139,299
-139,300
-139,301
-139,302
-139,303
-139,304
-139,305
-139,306
-139,307
-139,308
-139,309
-139,310
-139,311
-139,312
-139,313
-139,314
-139,315
:153_4,316
:153_4,317
:153_4,318
:153_4,319
138,320
138,321
138,322
138,323
138,324
138,325
138,326
138,327
138,328
138,329
138,330
138,331
138,332
138,333
138,334
138,335
138,336
138,337
138,338
138,339
138,340
138,341
138,342
138,343
138,344
138,345
138,346
138,347
138,348
138,349
138,350
138,351
138,352
138,353
138,354
138,355
138,356
138,357
138,358
138,359
138,360
138,361
138,362
138,363
138,364
138,365
138,366
138,367
138,368
138,369
138,370
138,371
138,372
138,373
138,374
138,375
138,376
138,377
138,378
138,379
138,380
138,381
138,382
138,383
138,384
138,385
138,386
138,387
138,388
138,389
138,390
138,391
138,392
138,393
138,394
138,395
138,396
138,397
138,398
138,399
138,400
138,401
138,402
138,403
138,404
138,405
138,406
138,407
138,408
138,409
138,410
138,411
138,412
138,413
138,414
138,415
138,416
138,417
138,418
138,419
138,420
138,421
138,422
138,423
138,424
138,425
138,426
138,427
138,428
138,429
:154_7,430
:154_7,431
:154_7,432
:154_7,433
:154_7,434
-450,435
-450,436
-450,437
-450,438
-450,439
-450,440
-450,441
-450,442
-450,443
-450,444
-450,445
-450,446
-450,447
-450,448
-450,449
-450,450
-450,451
-450,452
-450,453
-450,454
-450,455
-450,456
-450,457
-450,458
-450,459
-450,460
-450,461
-450,462
-450,463
-450,464
-450,465
-450,466
-450,467
-450,468
-450,469
-450,470
-450,471
-450,472
-450,473
-450,474
-450,475
-450,476
:40_4,477
:40_4,478
:40_4,479
:40_4,480
:40_4,481
-33,482
-33,483
-33,484
-33,485
-33,486
-33,487
-33,488
-33,489
-33,490
-33,491
-33,492
-33,493
-33,494
-33,495
-33,496
-33,497
-33,498
-33,499
-33,500
-33,501
-33,502
-33,503
-33,504
-33,505
-33,506
-33,507
-33,508
-33,509
-33,510
-33,511
-33,512
-33,513
-33,514
-33,515
-33,516
-33,517
-33,518
-33,519
-33,520
-33,521
-33,522
-33,523
-33,524
-33,525
-33,526
-33,527
-33,528
-33,529
-33,530
-33,531
-33,532
-33,533
-33,534
-33,535
-33,536
-33,537
-33,538
-33,539
-33,540
-33,541
-33,542
-33,543
-33,544
-33,545
-33,546
-33,547
-33,548
-33,549
-33,550
-33,551
-33,552
-33,553
-33,554
-33,555
-33,556
-33,557
-33,558
-33,559
-33,560
-33,561
-33,562
-33,563
-33,564
-33,565
-33,566
-33,567
-33,568
-33,569
-33,570
-33,571
-33,572
-33,573
-33,574
-33,575
-33,576
-33,577
-33,578
-33,579
-33,580
-33,581
-33,582
-33,583
-33,584
-33,585
-33,586
-33,587
-33,588
-33,589
-33,590
-33,591
-33,592
-33,593
-33,594
-33,595
-33,596
-33,597
-33,598
-33,599
-33,600
-33,601
-33,602
-33,603
-33,604
-33,605
-33,606
-33,607
-33,608
-33,609
-33,610
-33,611
-33,612
-33,613
-33,614
-33,615
-33,616
-33,617
-33,618
-33,619
-33,620
-33,621
-33,622
-33,623
-33,624
-33,625
-33,626
-33,627
-33,628
-33,629
-33,630
-33,631
-33,632
-33,633
-33,634
-33,635
-33,636
-33,637
-33,638
-33,639
-33,640
-33,641
-33,642
-33,643
-33,644
-33,645
-33,646
-33,647
-33,648
-33,649
-33,650
-33,651
-33,652
-33,653
-33,654
-33,655
-33,656
-33,657
-33,658
-33,659
-33,660
-33,661
-33,662
-33,663
-33,664
-33,665
:38_9,666
:38_9,667
:38_9,668
:38_9,669
:38_9,670
:38_9,671
34,672
34,673
34,674
34,675
34,676
34,677
34,678
34,679
34,680
34,681
34,682
34,683
34,684
34,685
34,686
34,687
34,688
34,689
34,690
34,691
34,692
34,693
34,694
34,695
34,696
34,697
34,698
34,699
34,700
34,701
34,702
34,703
34,704
34,705
34,706
34,707
34,708
34,709
34,710
34,711
34,712
34,713
34,714
34,715
34,716
34,717
34,718
34,719
34,720
34,721
34,722
34,723
34,724
34,725
34,726
34,727
34,728
34,729
34,730
34,731
34,732
34,733
34,734
34,735
34,736
34,737
34,738
34,739
34,740
34,741
34,742
34,743
34,744
34,745
34,746
34,747
34,748
34,749
34,750
34,751
34,752
34,753
34,754
34,755
34,756
34,757
34,758
34,759
34,760
34,761
34,762
34,763
34,764
34,765
34,766
34,767
34,768
34,769
34,770
34,771
34,772
34,773
34,774
34,775
34,776
34,777
34,778
34,779
34,780
34,781
34,782
34,783
34,784
34,785
34,786
34,787
34,788
34,789
34,790
34,791
34,792
34,793
34,794
34,795
34,796
:41_3,797
:41_3,798
:41_3,799
:41_3,800
:41_3,801
:41_3,802
552,803
552,804
552,805
552,806
552,807
552,808
552,809
552,810
552,811
552,812
552,813
552,814
552,815
552,816
552,817
552,818
552,819
552,820
552,821
552,822
552,823
552,824
552,825
552,826
552,827
552,828
552,829
552,830
552,831
552,832
552,833
552,834
552,835
552,836
552,837
552,838
552,839
552,840
552,841
552,842
552,843
552,844
552,845
552,846
552,847
552,848
552,849
552,850
552,851
552,852
552,853
552,854
552,855
552,856
552,857
552,858
552,859
552,860
552,861
552,862
552,863
552,864
552,865
552,866
552,867
552,868
552,869
552,870
552,871
552,872
552,873
552,874
552,875
552,876
552,877
552,878
552,879
552,880
552,881
552,882
552,883
552,884
552,885
552,886
552,887
552,888
552,889
552,890
552,891
552,892
552,893
552,894
552,895
552,896
552,897
552,898
552,899
552,900
552,901
552,902
552,903
552,904
552,905
552,906
552,907
552,908
552,909
552,910
552,911
552,912
552,913
552,914
552,915
552,916
552,917
552,918
552,919
552,920
552,921
552,922
552,923
552,924
552,925
552,926
552,927
552,928
552,929
552,930
552,931
552,932
552,933
552,934
552,935
552,936
552,937
552,938
552,939
552,940
552,941
552,942
552,943
552,944
:111_9,945
:111_9,946
:111_9,947
:111_9,948
:111_9,949
95,950
95,951
95,952
95,953
95,954
95,955
95,956
95,957
95,958
95,959
95,960
95,961
95,962
95,963
95,964
95,965
