634,1
634,1
634,1
634,2
634,3
634,4
634,5
634,6
634,7
634,8
634,9
634,10
634,11
634,12
634,13
634,14
634,15
634,16
634,17
634,18
634,19
634,20
634,21
634,22
634,23
634,24
634,25
634,26
634,27
634,28
634,29
634,30
634,31
634,32
634,33
634,34
634,35
634,36
634,37
634,38
634,39
634,40
634,41
634,42
634,43
634,44
634,45
634,46
634,47
634,48
634,49
634,50
634,51
634,52
634,53
634,54
634,55
634,56
634,57
634,58
634,59
634,60
634,61
634,62
634,63
634,64
634,65
634,66
634,67
634,68
634,69
634,70
634,71
634,72
634,73
634,74
634,75
634,76
634,77
634,78
634,79
634,80
634,81
634,82
634,83
634,84
634,85
634,86
634,87
634,88
634,89
634,90
634,91
634,92
634,93
634,94
634,95
634,96
634,97
634,98
634,99
634,100
634,101
634,102
634,103
634,104
634,105
634,106
634,107
634,108
634,109
634,110
634,111
634,112
634,113
634,114
634,115
634,116
634,117
634,118
634,119
634,120
634,121
634,122
634,123
634,124
634,125
634,126
634,127
634,128
634,129
634,130
634,131
634,132
634,133
634,134
634,135
634,136
634,137
634,138
634,139
:112_6,140
:112_6,141
-95,142
-95,143
-95,144
-95,145
-95,146
-95,147
-95,148
-95,149
-95,150
-95,151
-95,152
-95,153
-95,154
-95,155
-95,156
-95,157
-95,158
-95,159
-95,160
-95,161
-95,162
-95,163
-95,164
-95,165
-95,166
-95,167
-95,168
-95,169
-95,170
-95,171
-95,172
-95,173
-95,174
-95,175
-95,176
-95,177
-95,178
-95,179
-95,180
:111_2,181
:111_2,182
:111_2,183
:111_2,184
97,185
97,186
97,187
97,188
97,189
97,190
97,191
97,192
97,193
97,194
97,195
97,196
97,197
97,198
97,199
97,200
97,201
97,202
97,203
97,204
97,205
97,206
97,207
97,208
97,209
97,210
97,211
97,212
97,213
97,214
97,215
97,216
97,217
97,218
97,219
97,220
97,221
97,222
97,223
97,224
97,225
97,226
97,227
97,228
97,229
97,230
97,231
97,232
97,233
97,234
97,235
97,236
97,237
97,238
97,239
97,240
97,241
97,242
97,243
97,244
97,245
97,246
97,247
97,248
97,249
-315,250
-315,251
-315,252
-315,253
-315,254
-315,255
-315,256
-315,257
-315,258
-315,259
-315,260
-315,261
-315,262
-315,263
-315,264
-315,265
-315,266
-315,267
-315,268
-315,269
-315,270
-315,271
-315,272
-315,273
-315,274
-315,275
-315,276
-315,277
-315,278
-315,279
-315,280
-315,281
-315,282
-315,283
-315,284
-315,285
-315,286
-315,287
-315,288
-315,289
-315,290
-315,291
-315,292
-315,293
-315,294
-315,295
-315,296
-315,297
-315,298
-315,299
-315,300
-315,301
-315,302
-315,303
-315,304
-315,305
-315,306
-315,307
-315,308
-315,309
-315,310
-315,311
-315,312
-315,313
-315,314
-315,315
-315,316
-315,317
-315,318
-315,319
-315,320
-315,321
-315,322
-315,323
-315,324
-315,325
-315,326
-315,327
:295_12,328
:295_12,329
311,330
311,331
311,332
311,333
311,334
311,335
311,336
311,337
311,338
311,339
311,340
311,341
311,342
311,343
311,344
311,345
311,346
311,347
311,348
311,349
311,350
311,351
311,352
311,353
311,354
311,355
311,356
311,357
311,358
311,359
311,360
311,361
311,362
311,363
311,364
311,365
311,366
311,367
311,368
311,369
311,370
311,371
311,372
311,373
311,374
311,375
311,376
311,377
311,378
311,379
311,380
311,381
311,382
311,383
311,384
311,385
311,386
311,387
311,388
311,389
311,390
311,391
311,392
311,393
311,394
311,395
311,396
311,397
311,398
311,399
311,400
311,401
311,402
311,403
311,404
311,405
311,406
311,407
311,408
311,409
311,410
311,411
311,412
311,413
311,414
311,415
311,416
311,417
311,418
311,419
311,420
311,421
311,422
311,423
311,424
311,425
311,426
311,427
311,428
311,429
311,430
311,431
311,432
311,433
311,434
311,435
311,436
311,437
311,438
311,439
311,440
311,441
311,442
311,443
311,444
311,445
311,446
311,447
311,448
311,449
311,450
311,451
311,452
311,453
311,454
311,455
311,456
311,457
311,458
311,459
311,460
311,461
311,462
311,463
311,464
311,465
311,466
311,467
311,468
311,469
311,470
311,471
311,472
311,473
311,474
311,475
311,476
311,477
311,478
311,479
311,480
311,481
311,482
311,483
311,484
311,485
311,486
311,487
311,488
311,489
311,490
311,491
311,492
311,493
311,494
311,495
311,496
311,497
311,498
311,499
311,500
311,501
311,502
311,503
311,504
311,505
311,506
311,507
311,508
-35,509
-35,510
-35,511
-35,512
-35,513
-35,514
-35,515
-35,516
-35,517
-35,518
-35,519
-35,520
-35,521
-35,522
-35,523
-35,524
-35,525
-35,526
-35,527
-35,528
-35,529
-35,530
-35,531
-35,532
-35,533
-35,534
-35,535
-35,536
-35,537
-35,538
-35,539
-35,540
-35,541
-35,542
-35,543
-35,544
-35,545
-35,546
-35,547
-35,548
-35,549
-35,550
-35,551
-35,552
-35,553
-35,554
-35,555
-35,556
-35,557
-35,558
-35,559
-35,560
-35,561
-35,562
-35,563
-35,564
-35,565
-35,566
-35,567
-35,568
-35,569
-35,570
-35,571
-35,572
-35,573
-35,574
-35,575
-35,576
-35,577
-35,578
-35,579
-35,580
-35,581
-35,582
-35,583
-35,584
-35,585
-35,586
-35,587
-35,588
-35,589
-35,590
-35,591
-35,592
-35,593
-35,594
-35,595
-35,596
-35,597
-35,598
-35,599
-35,600
-35,601
-35,602
-35,603
-35,604
-35,605
-35,606
-35,607
-35,608
-35,609
-35,610
-35,611
-35,612
-35,613
-35,614
-35,615
-35,616
-35,617
-35,618
-35,619
-35,620
-35,621
-35,622
-35,623
-35,624
-35,625
-35,626
-35,627
-35,628
-35,629
-35,630
-35,631
-35,632
-35,633
-35,634
-35,635
-35,636
-35,637
-35,638
-35,639
-35,640
-35,641
-35,642
-35,643
-35,644
-35,645
-35,646
-35,647
-35,648
-35,649
-35,650
-35,651
-35,652
-35,653
-35,654
-35,655
-35,656
-35,657
-35,658
-35,659
-35,660
-35,661
-35,662
-35,663
-35,664
-35,665
-35,666
-35,667
-35,668
-35,669
-35,670
-35,671
-35,672
-35,673
-35,674
-35,675
-35,676
:38_6,677
:38_6,678
:38_6,679
:38_6,680
:38_6,681
33,682
33,683
33,684
33,685
33,686
33,687
33,688
33,689
33,690
33,691
33,692
33,693
33,694
33,695
33,696
33,697
33,698
33,699
33,700
33,701
33,702
33,703
33,704
33,705
33,706
33,707
33,708
33,709
33,710
33,711
33,712
33,713
33,714
33,715
33,716
33,717
33,718
33,719
33,720
33,721
33,722
33,723
33,724
33,725
33,726
33,727
33,728
33,729
33,730
33,731
33,732
33,733
33,734
33,735
33,736
33,737
33,738
33,739
33,740
33,741
33,742
33,743
33,744
33,745
33,746
33,747
33,748
33,749
33,750
33,751
33,752
33,753
33,754
33,755
33,756
33,757
33,758
33,759
33,760
33,761
33,762
33,763
33,764
33,765
33,766
33,767
33,768
33,769
33,770
33,771
33,772
33,773
33,774
33,775
33,776
33,777
33,778
33,779
33,780
33,781
33,782
33,783
33,784
33,785
33,786
33,787
33,788
33,789
33,790
33,791
33,792
33,793
33,794
33,795
33,796
33,797
33,798
33,799
33,800
33,801
33,802
33,803
33,804
33,805
33,806
33,807
33,808
33,809
33,810
33,811
33,812
33,813
33,814
33,815
33,816
33,817
33,818
33,819
33,820
33,821
33,822
33,823
33,824
33,825
33,826
33,827
33,828
33,829
33,830
:40_6,831
:40_6,832
:40_6,833
:40_6,834
:40_6,835
450,836
450,837
450,838
450,839
450,840
450,841
450,842
450,843
450,844
450,845
450,846
450,847
450,848
450,849
450,850
450,851
450,852
450,853
450,854
450,855
450,856
450,857
450,858
450,859
450,860
450,861
450,862
450,863
450,864
450,865
450,866
450,867
450,868
450,869
:154_0,870
:154_0,871
:154_0,872
:154_0,873
-138,874
-138,875
-138,876
-138,877
-138,878
-138,879
-138,880
-138,881
-138,882
-138,883
-138,884
-138,885
-138,886
-138,887
-138,888
-138,889
-138,890
-138,891
-138,892
-138,893
-138,894
-138,895
-138,896
-138,897
-138,898
-138,899
-138,900
-138,901
-138,902
-138,903
-138,904
-138,905
-138,906
-138,907
-138,908
-138,909
-138,910
-138,911
-138,912
-138,913
-138,914
-138,915
-138,916
-138,917
-138,918
-138,919
-138,920
-138,921
-138,922
-138,923
-138,924
-138,925
-138,926
-138,927
-138,928
-138,929
-138,930
-138,931
-138,932
-138,933
-138,934
-138,935
-138,936
-138,937
-138,938
-138,939
-138,940
-138,941
-138,942
-138,943
-138,944
-138,945
-138,946
-138,947
-138,948
-138,949
-138,950
-138,951
-138,952
-138,953
-138,954
-138,955
-138,956
-138,957
-138,958
-138,959
-138,960
-138,961
-138,962
:153_2,963
:153_2,964
:153_16,965
:153_16,966
634,1
634,2
634,3
634,1
