-232,1
-232,1
-232,1
-232,2
-232,3
-232,4
-232,5
-232,6
-232,7
-232,8
-232,9
-232,10
-232,11
-232,12
-232,13
-232,14
-232,15
-232,16
-232,17
-232,18
-232,19
-232,20
-232,21
-232,22
-232,23
-232,24
-232,25
-232,26
-232,27
-232,28
-232,29
-232,30
-232,31
-232,32
-232,33
-232,34
-232,35
-232,36
-232,37
-232,38
-232,39
-232,40
-232,41
-232,42
-232,43
-232,44
-232,45
-232,46
-232,47
-232,48
-232,49
-232,50
-232,51
-232,52
-232,53
-232,54
-232,55
-232,56
-232,57
-232,58
-232,59
-232,60
-232,61
-232,62
-232,63
-232,64
-232,65
-232,66
-232,67
-232,68
-232,69
-232,70
-232,71
-232,72
-232,73
-232,74
-232,75
-232,76
-232,77
-232,78
-232,79
-232,80
-232,81
-232,82
-232,83
-232,84
-232,85
-232,86
-232,87
-232,88
-232,89
-232,90
-232,91
-232,92
-232,93
-232,94
-232,95
-232,96
:113_1,97
:113_1,98
:113_1,99
:113_1,100
:113_1,101
:113_1,102
231,103
231,104
231,105
231,106
231,107
231,108
231,109
231,110
231,111
231,112
231,113
231,114
231,115
231,116
231,117
231,118
231,119
231,120
231,121
231,122
231,123
231,124
231,125
231,126
231,127
231,128
231,129
231,130
231,131
231,132
231,133
231,134
231,135
231,136
231,137
231,138
231,139
231,140
231,141
231,142
231,143
231,144
231,145
231,146
231,147
231,148
231,149
231,150
231,151
231,152
231,153
231,154
231,155
231,156
231,157
231,158
231,159
231,160
231,161
231,162
231,163
231,164
231,165
231,166
231,167
231,168
231,169
231,170
231,171
231,172
231,173
231,174
231,175
231,176
231,177
231,178
231,179
231,180
231,181
231,182
231,183
231,184
231,185
231,186
231,187
231,188
231,189
231,190
231,191
231,192
231,193
231,194
231,195
231,196
231,197
231,198
231,199
231,200
231,201
231,202
231,203
231,204
231,205
231,206
231,207
231,208
231,209
231,210
231,211
231,212
231,213
231,214
231,215
231,216
231,217
231,218
231,219
231,220
231,221
231,222
231,223
231,224
231,225
231,226
231,227
231,228
231,229
231,230
231,231
231,232
231,233
231,234
231,235
231,236
231,237
231,238
231,239
231,240
231,241
231,242
231,243
231,244
231,245
231,246
231,247
231,248
231,249
231,250
231,251
231,252
231,253
231,254
231,255
231,256
231,257
231,258
231,259
231,260
231,261
231,262
231,263
231,264
231,265
231,266
231,267
231,268
231,269
231,270
231,271
231,272
231,273
231,274
231,275
231,276
231,277
231,278
231,279
231,280
231,281
231,282
231,283
231,284
231,285
231,286
231,287
231,288
231,289
231,290
231,291
:235_1,292
:235_1,293
:235_1,294
:235_1,295
:235_1,296
:235_1,297
306,298
306,299
306,300
306,301
306,302
306,303
306,304
306,305
306,306
306,307
306,308
306,309
306,310
306,311
306,312
306,313
306,314
306,315
306,316
306,317
306,318
306,319
306,320
306,321
306,322
306,323
306,324
306,325
306,326
306,327
306,328
306,329
306,330
306,331
306,332
306,333
306,334
306,335
306,336
306,337
306,338
306,339
306,340
306,341
306,342
306,343
306,344
306,345
306,346
306,347
306,348
306,349
306,350
306,351
306,352
306,353
306,354
306,355
306,356
306,357
306,358
306,359
306,360
306,361
306,362
306,363
306,364
306,365
306,366
306,367
306,368
306,369
306,370
306,371
306,372
306,373
306,374
306,375
306,376
306,377
306,378
306,379
306,380
306,381
306,382
306,383
306,384
306,385
306,386
306,387
306,388
306,389
306,390
306,391
306,392
306,393
306,394
306,395
306,396
306,397
306,398
306,399
306,400
306,401
306,402
306,403
306,404
306,405
306,406
306,407
306,408
306,409
306,410
306,411
306,412
306,413
:292_4,414
:292_4,415
:292_4,416
:292_4,417
:292_4,418
:292_4,419
677,420
677,421
677,422
677,423
677,424
677,425
677,426
677,427
677,428
677,429
677,430
677,431
677,432
677,433
677,434
677,435
677,436
677,437
677,438
677,439
677,440
677,441
677,442
677,443
677,444
677,445
677,446
677,447
677,448
677,449
677,450
677,451
677,452
677,453
677,454
:294_1,455
:294_1,456
:294_1,457
:294_1,458
:294_1,459
:294_1,460
-309,461
-309,462
-309,463
-309,464
-309,465
-309,466
-309,467
-309,468
-309,469
-309,470
-309,471
-309,472
-309,473
-309,474
-309,475
-309,476
-309,477
-309,478
-309,479
-309,480
-309,481
-309,482
-309,483
-309,484
-309,485
-309,486
-309,487
-309,488
-309,489
-309,490
-309,491
-309,492
-309,493
-309,494
-309,495
-309,496
-309,497
-309,498
-309,499
-309,500
-309,501
-309,502
:54_0,503
:54_0,504
:54_0,505
:54_0,506
310,507
310,508
310,509
310,510
310,511
310,512
310,513
310,514
310,515
310,516
310,517
310,518
310,519
310,520
310,521
310,522
310,523
310,524
310,525
310,526
310,527
310,528
310,529
310,530
310,531
310,532
310,533
310,534
310,535
310,536
310,537
310,538
310,539
310,540
310,541
310,542
310,543
310,544
310,545
310,546
310,547
310,548
310,549
310,550
310,551
310,552
310,553
310,554
310,555
310,556
310,557
310,558
310,559
310,560
310,561
310,562
310,563
310,564
310,565
310,566
310,567
310,568
310,569
310,570
310,571
310,572
310,573
310,574
310,575
310,576
310,577
310,578
310,579
310,580
310,581
310,582
310,583
310,584
310,585
310,586
310,587
310,588
310,589
310,590
310,591
310,592
310,593
310,594
310,595
310,596
310,597
310,598
310,599
310,600
310,601
310,602
310,603
310,604
310,605
310,606
310,607
310,608
310,609
310,610
310,611
310,612
310,613
310,614
310,615
310,616
310,617
310,618
310,619
310,620
310,621
310,622
310,623
310,624
310,625
310,626
310,627
310,628
310,629
310,630
310,631
310,632
310,633
310,634
310,635
310,636
310,637
310,638
310,639
310,640
310,641
310,642
310,643
310,644
310,645
310,646
310,647
310,648
310,649
310,650
310,651
310,652
310,653
310,654
310,655
310,656
310,657
310,658
310,659
310,660
310,661
310,662
310,663
310,664
310,665
310,666
310,667
310,668
310,669
310,670
310,671
310,672
310,673
310,674
310,675
310,676
310,677
310,678
310,679
310,680
310,681
310,682
310,683
310,684
310,685
310,686
310,687
310,688
310,689
310,690
310,691
310,692
310,693
310,694
310,695
310,696
310,697
310,698
310,699
310,700
310,701
310,702
310,703
310,704
310,705
310,706
310,707
310,708
310,709
310,710
310,711
310,712
310,713
310,714
310,715
310,716
310,717
310,718
310,719
310,720
310,721
310,722
310,723
310,724
310,725
310,726
310,727
310,728
310,729
310,730
310,731
310,732
310,733
310,734
310,735
310,736
310,737
310,738
310,739
310,740
310,741
310,742
310,743
310,744
310,745
310,746
310,747
310,748
310,749
310,750
310,751
310,752
310,753
310,754
310,755
310,756
310,757
310,758
310,759
310,760
310,761
310,762
310,763
310,764
310,765
310,766
310,767
:0_5,768
:0_5,769
:0_5,770
:0_5,771
:0_5,772
:0_5,773
:0_5,774
3,775
3,776
3,777
3,778
3,779
3,780
3,781
3,782
3,783
3,784
3,785
3,786
3,787
3,788
3,789
3,790
3,791
3,792
3,793
3,794
3,795
3,796
3,797
3,798
3,799
3,800
3,801
3,802
3,803
3,804
3,805
3,806
3,807
3,808
3,809
3,810
3,811
3,812
3,813
3,814
3,815
3,816
3,817
3,818
3,819
3,820
3,821
3,822
3,823
3,824
3,825
3,826
3,827
3,828
3,829
3,830
3,831
3,832
3,833
3,834
3,835
3,836
3,837
3,838
3,839
3,840
3,841
3,842
3,843
3,844
3,845
3,846
3,847
3,848
3,849
3,850
3,851
3,852
3,853
3,854
3,855
3,856
3,857
3,858
3,859
3,860
3,861
3,862
3,863
3,864
3,865
3,866
3,867
3,868
3,869
3,870
3,871
3,872
3,873
3,874
3,875
3,876
3,877
3,878
3,879
3,880
3,881
3,882
3,883
3,884
3,885
3,886
3,887
3,888
3,889
3,890
3,891
3,892
3,893
3,894
3,895
3,896
3,897
3,898
3,899
3,900
3,901
3,902
3,903
3,904
3,905
3,906
3,907
3,908
3,909
3,910
3,911
3,912
3,913
3,914
3,915
3,916
3,917
3,918
3,919
3,920
3,921
3,922
3,923
3,924
3,925
3,926
3,927
3,928
3,929
3,930
3,931
3,932
3,933
3,934
3,935
3,936
3,937
3,938
3,939
3,940
3,941
3,942
3,943
3,944
3,945
3,946
3,947
3,948
3,949
3,950
3,951
3,952
3,953
3,954
3,955
3,956
3,957
3,958
3,959
3,960
3,961
3,962
3,963
3,964
3,965
3,966
-232,1
-232,2
-232,3
-232,1
