257,5
257,6
257,7
257,8
257,9
257,10
257,11
257,12
257,13
257,14
257,15
257,16
257,17
257,18
257,19
257,20
257,21
257,22
257,23
257,24
257,25
257,26
257,27
257,28
257,29
257,30
257,31
257,32
257,33
257,34
257,35
257,36
257,37
257,38
257,39
257,40
257,41
257,42
257,43
257,44
257,45
257,46
257,47
257,48
257,49
257,50
257,51
257,52
257,53
257,54
257,55
257,56
257,57
257,58
257,59
257,60
257,61
257,62
257,63
257,64
257,65
257,66
257,67
257,68
257,69
257,70
257,71
257,72
257,73
257,74
257,75
257,76
257,77
257,78
257,79
257,80
257,81
257,82
257,83
257,84
257,85
257,86
257,87
257,88
257,89
257,90
257,91
257,92
257,93
257,94
257,95
257,96
257,97
257,98
257,99
257,100
257,101
257,102
257,103
257,104
257,105
257,106
257,107
257,108
257,109
257,110
257,111
257,112
257,113
257,114
257,115
257,116
257,117
257,118
257,119
257,120
257,121
257,122
257,123
257,124
257,125
257,126
257,127
257,128
257,129
257,130
257,131
257,132
257,133
257,134
257,135
257,136
257,137
257,138
257,139
257,140
257,141
257,142
257,143
257,144
257,145
257,146
257,147
257,148
257,149
257,150
257,151
257,152
257,153
257,154
257,155
257,156
257,157
257,158
257,159
257,160
257,161
257,162
257,163
257,164
257,165
257,166
257,167
257,168
257,169
257,170
257,171
257,172
257,173
257,174
257,175
257,176
257,177
257,178
257,179
257,180
257,181
257,182
257,183
257,184
257,185
257,186
257,187
257,188
257,189
257,190
257,191
257,192
257,193
257,194
257,195
257,196
257,197
257,198
257,199
257,200
257,201
257,202
257,203
257,204
257,205
257,206
257,207
257,208
257,209
257,210
257,211
257,212
257,213
257,214
257,215
257,216
257,217
257,218
257,219
257,220
257,221
257,222
257,223
257,224
257,225
257,226
257,227
257,228
257,229
257,230
257,231
257,232
257,233
257,234
:231_4,235
:231_4,236
:231_4,237
:231_4,238
:231_4,239
:231_4,240
:231_4,241
:231_4,242
-225,243
-225,244
-225,245
-225,246
-225,247
-225,248
-225,249
-225,250
-225,251
-225,252
-225,253
-225,254
-225,255
-225,256
-225,257
-225,258
-225,259
-225,260
-225,261
-225,262
-225,263
-225,264
-225,265
-225,266
-225,267
-225,268
-225,269
-225,270
-225,271
-225,272
-225,273
-225,274
-225,275
-225,276
-225,277
-225,278
-225,279
-225,280
-225,281
-225,282
-225,283
-225,284
-225,285
-225,286
-225,287
-225,288
-225,289
-225,290
-225,291
-225,292
-225,293
-225,294
-225,295
-225,296
-225,297
-225,298
-225,299
-225,300
-225,301
-225,302
-225,303
-225,304
-225,305
-225,306
-225,307
-225,308
-225,309
-225,310
-225,311
-225,312
-225,313
-225,314
-225,315
-225,316
-225,317
-225,318
-225,319
-225,320
-225,321
-225,322
-225,323
-225,324
-225,325
-225,326
-225,327
-225,328
-225,329
-225,330
-225,331
-225,332
-225,333
-225,334
-225,335
-225,336
-225,337
-225,338
-225,339
-225,340
-225,341
-225,342
-225,343
-225,344
-225,345
-225,346
-225,347
-225,348
-225,349
-225,350
-225,351
-225,352
-225,353
-225,354
-225,355
-225,356
-225,357
-225,358
-225,359
-225,360
-225,361
-225,362
-225,363
-225,364
-225,365
-225,366
-225,367
-225,368
-225,369
-225,370
-225,371
-225,372
-225,373
-225,374
-225,375
-225,376
-225,377
-225,378
-225,379
-225,380
-225,381
-225,382
-225,383
-225,384
-225,385
-225,386
-225,387
-225,388
-225,389
-225,390
-225,391
-225,392
-225,393
-225,394
-225,395
-225,396
-225,397
-225,398
-225,399
-225,400
-225,401
-225,402
-225,403
-225,404
-225,405
-225,406
-225,407
-225,408
-225,409
-225,410
-225,411
-225,412
-225,413
-225,414
-225,415
-225,416
-225,417
-225,418
-225,419
-225,420
-225,421
-225,422
-225,423
-225,424
-225,425
-225,426
-225,427
-225,428
-225,429
-225,430
-225,431
-225,432
-225,433
-225,434
-225,435
-225,436
-225,437
-225,438
-225,439
-225,440
:227_0,441
:227_0,442
:227_0,443
:227_0,444
226,445
226,446
226,447
226,448
226,449
226,450
226,451
226,452
226,453
226,454
226,455
226,456
226,457
226,458
226,459
226,460
226,461
226,462
226,463
226,464
226,465
226,466
226,467
226,468
226,469
226,470
226,471
226,472
226,473
226,474
226,475
226,476
226,477
226,478
226,479
226,480
226,481
226,482
226,483
226,484
226,485
226,486
226,487
226,488
226,489
226,490
226,491
226,492
226,493
226,494
226,495
226,496
226,497
226,498
226,499
226,500
226,501
226,502
226,503
226,504
226,505
226,506
:232_4,507
:232_4,508
:232_4,509
:232_4,510
:232_4,511
-292,512
-292,513
-292,514
-292,515
-292,516
-292,517
-292,518
-292,519
-292,520
-292,521
-292,522
-292,523
-292,524
-292,525
-292,526
-292,527
-292,528
-292,529
-292,530
-292,531
-292,532
-292,533
-292,534
-292,535
-292,536
-292,537
-292,538
-292,539
-292,540
-292,541
-292,542
-292,543
-292,544
-292,545
-292,546
-292,547
-292,548
-292,549
-292,550
-292,551
-292,552
-292,553
-292,554
-292,555
-292,556
-292,557
-292,558
-292,559
-292,560
-292,561
-292,562
-292,563
:122_5,564
:122_5,565
:122_5,566
:122_5,567
:122_5,568
-106,569
-106,570
-106,571
-106,572
-106,573
-106,574
-106,575
-106,576
-106,577
-106,578
-106,579
-106,580
-106,581
-106,582
-106,583
-106,584
-106,585
-106,586
-106,587
-106,588
-106,589
-106,590
-106,591
-106,592
-106,593
-106,594
-106,595
-106,596
-106,597
-106,598
-106,599
-106,600
-106,601
-106,602
-106,603
-106,604
-106,605
-106,606
-106,607
-106,608
-106,609
-106,610
-106,611
-106,612
-106,613
-106,614
-106,615
-106,616
-106,617
-106,618
-106,619
-106,620
-106,621
-106,622
-106,623
-106,624
-106,625
-106,626
-106,627
-106,628
-106,629
-106,630
-106,631
-106,632
-106,633
-106,634
:119_5,635
:119_5,636
:119_5,637
:119_5,638
:119_5,639
105,640
105,641
105,642
105,643
105,644
105,645
105,646
105,647
105,648
105,649
105,650
105,651
105,652
105,653
105,654
105,655
105,656
105,657
105,658
105,659
105,660
105,661
105,662
105,663
105,664
105,665
105,666
105,667
105,668
105,669
105,670
105,671
105,672
105,673
105,674
105,675
105,676
105,677
105,678
105,679
105,680
105,681
105,682
105,683
105,684
105,685
105,686
105,687
105,688
105,689
105,690
105,691
105,692
105,693
105,694
105,695
105,696
105,697
105,698
105,699
105,700
105,701
105,702
105,703
105,704
105,705
105,706
105,707
105,708
105,709
105,710
105,711
105,712
105,713
105,714
:121_3,715
:121_3,716
:121_3,717
:121_3,718
:121_3,719
432,720
432,721
432,722
432,723
432,724
432,725
432,726
432,727
432,728
432,729
432,730
432,731
432,732
432,733
432,734
432,735
432,736
432,737
432,738
432,739
432,740
432,741
432,742
432,743
432,744
432,745
432,746
432,747
432,748
432,749
432,750
432,751
432,752
432,753
432,754
432,755
432,756
432,757
432,758
432,759
432,760
432,761
432,762
432,763
432,764
432,765
432,766
432,767
432,768
432,769
432,770
432,771
432,772
432,773
432,774
432,775
432,776
432,777
432,778
432,779
432,780
432,781
432,782
432,783
432,784
432,785
432,786
:376_3,787
:376_3,788
:376_3,789
:376_3,790
:376_3,791
587,792
587,793
587,794
587,795
587,796
587,797
587,798
587,799
587,800
587,801
587,802
587,803
587,804
587,805
587,806
587,807
587,808
587,809
587,810
587,811
587,812
587,813
587,814
587,815
587,816
587,817
587,818
587,819
587,820
587,821
587,822
587,823
587,824
587,825
587,826
587,827
587,828
587,829
587,830
587,831
587,832
587,833
587,834
587,835
587,836
587,837
587,838
587,839
587,840
587,841
587,842
587,843
587,844
587,845
587,846
587,847
587,848
587,849
587,850
587,851
587,852
587,853
587,854
587,855
587,856
587,857
587,858
587,859
587,860
587,861
587,862
587,863
587,864
587,865
587,866
587,867
587,868
:225_3,869
:225_3,870
:225_3,871
:225_3,872
:225_3,873
-219,874
-219,875
-219,876
-219,877
-219,878
-219,879
-219,880
-219,881
-219,882
-219,883
-219,884
-219,885
-219,886
-219,887
-219,888
-219,889
-219,890
-219,891
-219,892
-219,893
-219,894
-219,895
-219,896
-219,897
-219,898
-219,899
-219,900
-219,901
-219,902
-219,903
-219,904
-219,905
-219,906
-219,907
-219,908
-219,909
-219,910
-219,911
-219,912
-219,913
-219,914
-219,915
-219,916
-219,917
-219,918
-219,919
-219,920
-219,921
-219,922
-219,923
-219,924
-219,925
-219,926
-219,927
-219,928
-219,929
-219,930
-219,931
-219,932
-219,933
-219,934
-219,935
-219,936
-219,937
-219,938
-219,939
-219,940
-219,941
-219,942
-219,943
-219,944
-219,945
-219,946
-219,947
-219,948
-219,949
-219,950
-219,951
-219,952
-219,953
-219,954
-219,955
-219,956
-219,957
-219,958
:221_9,959
:221_9,960
:221_9,961
:221_9,962
:221_9,963
221,964
221,965
