487,4
487,5
487,6
487,7
487,8
487,9
487,10
487,11
487,12
487,13
487,14
487,15
487,16
487,17
487,18
487,19
487,20
487,21
487,22
487,23
487,24
487,25
487,26
487,27
487,28
487,29
487,30
487,31
487,32
487,33
487,34
487,35
487,36
487,37
487,38
487,39
487,40
487,41
487,42
487,43
487,44
487,45
487,46
487,47
487,48
487,49
487,50
487,51
487,52
487,53
487,54
487,55
487,56
487,57
487,58
487,59
487,60
487,61
487,62
487,63
487,64
487,65
487,66
487,67
487,68
487,69
487,70
487,71
487,72
487,73
487,74
487,75
487,76
487,77
487,78
487,79
487,80
487,81
487,82
487,83
487,84
487,85
487,86
487,87
487,88
487,89
487,90
487,91
487,92
487,93
487,94
487,95
487,96
487,97
487,98
487,99
487,100
487,101
487,102
487,103
487,104
487,105
487,106
487,107
487,108
487,109
487,110
487,111
487,112
487,113
487,114
487,115
487,116
487,117
487,118
487,119
487,120
487,121
487,122
487,123
487,124
487,125
487,126
487,127
487,128
487,129
487,130
487,131
487,132
487,133
487,134
487,135
487,136
487,137
487,138
487,139
487,140
487,141
487,142
487,143
487,144
487,145
487,146
487,147
:409_6,148
:409_6,149
:409_6,150
:409_6,151
:409_6,152
:409_6,153
-606,154
-606,155
-606,156
-606,157
-606,158
-606,159
-606,160
-606,161
-606,162
-606,163
-606,164
-606,165
-606,166
-606,167
-606,168
-606,169
-606,170
-606,171
-606,172
-606,173
-606,174
-606,175
-606,176
-606,177
-606,178
-606,179
-606,180
-606,181
-606,182
-606,183
-606,184
-606,185
-606,186
-606,187
-606,188
-606,189
-606,190
-606,191
-606,192
-606,193
-606,194
-606,195
-606,196
-606,197
-606,198
-606,199
-606,200
-606,201
-606,202
-606,203
-606,204
-606,205
-606,206
-606,207
-606,208
-606,209
-606,210
-606,211
-606,212
-606,213
-606,214
-606,215
-606,216
-606,217
-606,218
-606,219
-606,220
-606,221
-606,222
-606,223
-606,224
-606,225
-606,226
-606,227
-606,228
-606,229
-606,230
-606,231
-606,232
-606,233
-605,234
-605,235
-605,236
-605,237
-605,238
-605,239
-605,240
-605,241
-605,242
-605,243
-605,244
-605,245
-605,246
-605,247
-605,248
-605,249
-605,250
-605,251
-605,252
-605,253
-605,254
-605,255
-605,256
-605,257
-605,258
-605,259
-605,260
-605,261
-605,262
-605,263
-605,264
-605,265
-605,266
-605,267
-605,268
-605,269
-605,270
-605,271
-605,272
-605,273
-605,274
-605,275
-605,276
-605,277
-605,278
-605,279
-605,280
-605,281
-605,282
-605,283
-605,284
-605,285
-605,286
-605,287
-605,288
-605,289
-605,290
-605,291
-605,292
-605,293
-605,294
-605,295
-605,296
-604,297
-604,298
-604,299
-604,300
-604,301
-604,302
-604,303
-604,304
-604,305
-604,306
-604,307
-604,308
-604,309
-604,310
-604,311
-604,312
-604,313
-604,314
-604,315
-604,316
-604,317
-604,318
-604,319
-604,320
-604,321
-604,322
-604,323
-604,324
-604,325
-604,326
-604,327
-604,328
-604,329
-604,330
-604,331
-604,332
-604,333
-604,334
-604,335
-604,336
-604,337
-604,338
-604,339
-604,340
-604,341
-604,342
-604,343
-604,344
-604,345
-604,346
-604,347
-604,348
-604,349
-604,350
-604,351
-604,352
-604,353
-604,354
-603,355
-603,356
-603,357
-603,358
-603,359
-603,360
-603,361
-603,362
-603,363
-603,364
-603,365
-603,366
-603,367
-603,368
-603,369
-603,370
-603,371
-603,372
-603,373
-603,374
-603,375
-603,376
-603,377
-603,378
-603,379
-603,380
-603,381
-603,382
-603,383
-603,384
-603,385
-603,386
-603,387
-603,388
-603,389
-603,390
-603,391
-603,392
-603,393
-603,394
-603,395
-603,396
-603,397
-603,398
-603,399
-603,400
-603,401
-603,402
-603,403
-603,404
-603,405
-603,406
-603,407
-603,408
-603,409
-603,410
-603,411
-603,412
-603,413
-603,414
-603,415
-603,416
-602,417
-602,418
-602,419
-602,420
-602,421
-602,422
-602,423
-602,424
-602,425
-602,426
-602,427
-602,428
-602,429
-602,430
-602,431
-602,432
-602,433
-602,434
-602,435
-602,436
-602,437
-602,438
-602,439
-602,440
-602,441
-602,442
-602,443
-602,444
-602,445
-602,446
-602,447
-602,448
-602,449
-602,450
-602,451
-602,452
-602,453
-602,454
-602,455
-602,456
-602,457
-602,458
-602,459
-602,460
-602,461
-602,462
-602,463
-602,464
-602,465
-602,466
-602,467
-602,468
-602,469
-602,470
-602,471
-602,472
-602,473
-602,474
-602,475
-602,476
-602,477
-602,478
-602,479
-602,480
-602,481
-602,482
-602,483
-602,484
-602,485
-602,486
-602,487
-602,488
:461_1,489
-601,490
-601,491
-601,492
-601,493
-601,494
-601,495
-601,496
-601,497
-601,498
-601,499
-601,500
-601,501
-601,502
-601,503
-601,504
-601,505
-601,506
-601,507
-601,508
-601,509
-601,510
-601,511
-601,512
-601,513
-601,514
-601,515
-601,516
-601,517
-601,518
-601,519
-601,520
-601,521
-601,522
-601,523
-601,524
-601,525
-601,526
-601,527
-601,528
-601,529
-601,530
-601,531
-601,532
-601,533
-601,534
-601,535
-601,536
-601,537
-601,538
-601,539
-601,540
-601,541
-601,542
-601,543
-601,544
:436_4,545
:436_4,546
:436_10,547
:436_10,548
:436_10,549
-528,550
-528,551
-528,552
-528,553
-528,554
-528,555
-528,556
-528,557
-528,558
-528,559
-528,560
-528,561
-528,562
-528,563
-528,564
-528,565
-528,566
-528,567
-528,568
-528,569
-528,570
-528,571
-528,572
-528,573
-528,574
-528,575
-528,576
-528,577
-528,578
:307_5,579
:307_5,580
:307_5,581
:307_5,582
:307_5,583
-527,584
-527,585
-527,586
-527,587
-527,588
-527,589
-527,590
-527,591
-527,592
-527,593
-527,594
-527,595
-527,596
-527,597
-527,598
-527,599
-527,600
:435_0,601
:435_0,602
529,603
529,604
529,605
529,606
529,607
529,608
529,609
529,610
529,611
529,612
529,613
529,614
529,615
529,616
529,617
529,618
529,619
529,620
529,621
529,622
529,623
529,624
529,625
529,626
529,627
529,628
529,629
529,630
529,631
529,632
529,633
529,634
529,635
529,636
529,637
529,638
529,639
529,640
529,641
529,642
529,643
529,644
529,645
529,646
529,647
529,648
529,649
529,650
529,651
529,652
529,653
529,654
529,655
529,656
529,657
529,658
529,659
529,660
529,661
529,662
529,663
529,664
529,665
529,666
529,667
529,668
529,669
529,670
529,671
529,672
529,673
529,674
529,675
529,676
529,677
529,678
529,679
529,680
529,681
529,682
529,683
529,684
529,685
529,686
529,687
529,688
529,689
529,690
529,691
529,692
529,693
529,694
529,695
529,696
529,697
529,698
529,699
529,700
529,701
529,702
529,703
529,704
529,705
529,706
529,707
529,708
529,709
529,710
529,711
529,712
529,713
529,714
529,715
529,716
529,717
529,718
529,719
529,720
529,721
529,722
529,723
529,724
529,725
529,726
529,727
529,728
-456,729
-456,730
-456,731
-456,732
-456,733
-456,734
-456,735
-456,736
-456,737
-456,738
-456,739
-456,740
-456,741
-456,742
-456,743
-456,744
-456,745
-456,746
-456,747
-456,748
-456,749
-456,750
:337_3,751
:337_3,752
:337_3,753
-368,754
-368,755
-368,756
-368,757
-368,758
-368,759
-368,760
-368,761
-368,762
-368,763
-368,764
-368,765
-368,766
-368,767
-368,768
-368,769
-368,770
-368,771
-368,772
-368,773
-368,774
-368,775
-368,776
-368,777
-368,778
-368,779
-368,780
-368,781
-368,782
-368,783
-368,784
-368,785
-368,786
-368,787
-368,788
-368,789
-368,790
-368,791
-368,792
-368,793
-368,794
-368,795
-368,796
-368,797
-368,798
-368,799
-368,800
-368,801
-368,802
-368,803
-368,804
-368,805
-368,806
-368,807
-368,808
-368,809
-368,810
-368,811
-368,812
-368,813
-368,814
-368,815
-368,816
-368,817
-368,818
-368,819
-368,820
-368,821
-368,822
-368,823
-368,824
-368,825
-368,826
-368,827
-368,828
-368,829
-368,830
-368,831
-368,832
-368,833
-368,834
-368,835
-368,836
-368,837
-368,838
-368,839
-368,840
-368,841
-368,842
-368,843
-368,844
-368,845
-368,846
-368,847
-368,848
-368,849
-368,850
-368,851
-368,852
-368,853
-368,854
-368,855
-368,856
-368,857
-368,858
-368,859
-368,860
-368,861
-368,862
-368,863
-368,864
-368,865
-368,866
-368,867
-368,868
-368,869
-368,870
-368,871
-368,872
-368,873
-368,874
-368,875
-368,876
-368,877
-368,878
:73_8,879
:73_8,880
:73_8,881
:73_8,882
369,883
369,884
369,885
369,886
369,887
369,888
369,889
369,890
369,891
369,892
369,893
369,894
369,895
369,896
369,897
369,898
369,899
369,900
369,901
369,902
369,903
369,904
369,905
369,906
369,907
369,908
369,909
369,910
369,911
369,912
369,913
369,914
369,915
369,916
369,917
369,918
369,919
369,920
369,921
369,922
369,923
369,924
369,925
369,926
369,927
369,928
369,929
369,930
369,931
369,932
369,933
369,934
369,935
369,936
369,937
369,938
369,939
369,940
369,941
369,942
369,943
369,944
369,945
369,946
369,947
369,948
369,949
369,950
369,951
369,952
369,953
369,954
369,955
369,956
369,957
369,958
369,959
369,960
369,961
369,962
369,963
369,964
369,965
487,4
