604,1
604,1
604,1
604,2
604,3
604,4
604,5
604,6
604,7
604,8
604,9
604,10
604,11
604,12
604,13
604,14
604,15
604,16
604,17
604,18
604,19
604,20
604,21
604,22
604,23
604,24
604,25
604,26
604,27
604,28
604,29
604,30
604,31
604,32
604,33
604,34
604,35
604,36
604,37
604,38
604,39
604,40
604,41
604,42
604,43
604,44
604,45
604,46
604,47
604,48
604,49
604,50
604,51
604,52
604,53
604,54
605,55
605,56
605,57
605,58
605,59
605,60
605,61
605,62
605,63
605,64
605,65
605,66
605,67
605,68
605,69
605,70
605,71
605,72
605,73
605,74
605,75
605,76
605,77
605,78
605,79
605,80
605,81
605,82
605,83
605,84
605,85
605,86
605,87
605,88
605,89
605,90
605,91
605,92
605,93
605,94
605,95
605,96
605,97
605,98
605,99
605,100
605,101
605,102
605,103
605,104
605,105
605,106
605,107
605,108
605,109
605,110
605,111
605,112
605,113
606,114
606,115
606,116
606,117
606,118
606,119
606,120
606,121
606,122
606,123
606,124
606,125
606,126
606,127
606,128
606,129
606,130
606,131
606,132
606,133
606,134
606,135
606,136
606,137
606,138
606,139
606,140
606,141
606,142
606,143
606,144
606,145
606,146
606,147
606,148
606,149
606,150
606,151
606,152
606,153
606,154
606,155
606,156
606,157
606,158
606,159
606,160
606,161
606,162
606,163
606,164
606,165
606,166
606,167
606,168
606,169
606,170
606,171
606,172
606,173
606,174
606,175
606,176
606,177
606,178
606,179
606,180
606,181
606,182
606,183
606,184
606,185
606,186
606,187
606,188
606,189
:409_3,190
:409_3,191
:409_3,192
:409_3,193
-486,194
-486,195
-486,196
-486,197
-486,198
-486,199
-486,200
-486,201
-486,202
-486,203
-486,204
-486,205
-486,206
-486,207
-486,208
-486,209
-486,210
-486,211
-486,212
-486,213
-486,214
-486,215
-486,216
-486,217
-486,218
-486,219
-486,220
:313_9,221
:313_9,222
:313_9,223
:313_9,224
:313_9,225
-485,226
-485,227
-485,228
-485,229
-485,230
-485,231
-485,232
-485,233
-485,234
-485,235
-485,236
-485,237
-485,238
-485,239
-485,240
-485,241
-485,242
-485,243
-485,244
-485,245
-485,246
-485,247
-485,248
-485,249
:388_4,250
:388_4,251
:388_4,252
:388_4,253
484,254
484,255
484,256
484,257
484,258
484,259
484,260
484,261
484,262
484,263
484,264
484,265
484,266
484,267
484,268
484,269
484,270
484,271
484,272
484,273
484,274
484,275
484,276
484,277
484,278
484,279
484,280
484,281
484,282
484,283
484,284
484,285
484,286
484,287
484,288
484,289
484,290
484,291
484,292
484,293
484,294
484,295
484,296
484,297
484,298
484,299
484,300
484,301
484,302
484,303
484,304
484,305
484,306
484,307
484,308
484,309
484,310
484,311
484,312
484,313
484,314
484,315
484,316
484,317
484,318
484,319
484,320
484,321
484,322
484,323
484,324
484,325
484,326
484,327
484,328
484,329
484,330
484,331
484,332
484,333
484,334
484,335
484,336
484,337
484,338
484,339
484,340
484,341
484,342
484,343
484,344
484,345
484,346
484,347
484,348
484,349
484,350
484,351
484,352
484,353
484,354
484,355
484,356
484,357
484,358
484,359
484,360
484,361
484,362
484,363
484,364
484,365
484,366
484,367
484,368
484,369
484,370
484,371
484,372
484,373
484,374
484,375
484,376
484,377
484,378
484,379
484,380
:97_0,381
:97_0,382
:97_0,383
:97_0,384
-83,385
-83,386
-83,387
-83,388
-83,389
-83,390
-83,391
-83,392
-83,393
-83,394
-83,395
-83,396
-83,397
-83,398
-83,399
-83,400
-83,401
-83,402
-83,403
-83,404
-83,405
-83,406
-83,407
-83,408
-83,409
-83,410
-83,411
-83,412
-83,413
-83,414
-83,415
-83,416
-83,417
-83,418
-83,419
-83,420
-83,421
-83,422
-83,423
-83,424
-83,425
-83,426
-83,427
-83,428
-83,429
-83,430
-83,431
-83,432
-83,433
-83,434
-83,435
-83,436
-83,437
-83,438
-83,439
-83,440
-83,441
-83,442
-83,443
-83,444
-83,445
-83,446
-83,447
-83,448
-83,449
-83,450
-83,451
-83,452
-83,453
-83,454
-83,455
-83,456
-83,457
-83,458
-82,459
-82,460
-82,461
-82,462
-82,463
-82,464
-82,465
-82,466
-82,467
-82,468
-82,469
:94_4,470
:94_4,471
:94_4,472
:94_4,473
81,474
81,475
81,476
81,477
81,478
81,479
81,480
81,481
81,482
81,483
81,484
81,485
81,486
81,487
81,488
81,489
81,490
81,491
81,492
81,493
81,494
81,495
81,496
81,497
81,498
81,499
81,500
81,501
81,502
81,503
81,504
81,505
81,506
81,507
81,508
81,509
81,510
81,511
81,512
81,513
81,514
81,515
81,516
81,517
81,518
81,519
81,520
81,521
81,522
81,523
81,524
81,525
81,526
81,527
81,528
81,529
81,530
81,531
81,532
81,533
81,534
81,535
81,536
81,537
81,538
81,539
81,540
81,541
81,542
81,543
81,544
81,545
81,546
81,547
81,548
81,549
81,550
81,551
81,552
81,553
81,554
81,555
81,556
81,557
81,558
81,559
81,560
81,561
81,562
81,563
81,564
81,565
81,566
81,567
81,568
81,569
81,570
81,571
81,572
81,573
81,574
81,575
81,576
81,577
81,578
81,579
81,580
81,581
81,582
81,583
81,584
81,585
81,586
81,587
81,588
81,589
81,590
81,591
81,592
81,593
81,594
81,595
81,596
81,597
-136,598
-136,599
-136,600
-136,601
-136,602
-136,603
-136,604
-136,605
-136,606
-136,607
-136,608
-136,609
-136,610
-136,611
-136,612
-136,613
-136,614
-136,615
-136,616
-136,617
-136,618
-136,619
-136,620
-136,621
-136,622
-136,623
-136,624
-136,625
-136,626
-136,627
-136,628
-136,629
-136,630
-136,631
-136,632
-136,633
-136,634
-136,635
-136,636
-136,637
-136,638
-136,639
-136,640
-136,641
-136,642
-136,643
-136,644
-136,645
-136,646
-136,647
-136,648
-136,649
-136,650
-136,651
-136,652
-136,653
-136,654
-136,655
-136,656
-136,657
-136,658
-136,659
-136,660
-136,661
-136,662
-136,663
-136,664
-136,665
-136,666
-136,667
-136,668
-136,669
-136,670
-136,671
-136,672
-136,673
-136,674
-136,675
-136,676
-136,677
-136,678
-136,679
-136,680
-136,681
-136,682
-136,683
-136,684
-136,685
-136,686
-136,687
-136,688
-136,689
-136,690
-136,691
-136,692
-136,693
-136,694
-136,695
-136,696
-136,697
-136,698
-136,699
-136,700
-136,701
-136,702
-136,703
-136,704
-136,705
-136,706
-136,707
-136,708
-136,709
-136,710
-136,711
-136,712
-136,713
-136,714
-136,715
-136,716
-136,717
-136,718
-136,719
-136,720
-136,721
-136,722
-136,723
-136,724
-136,725
-136,726
-136,727
-136,728
-136,729
-136,730
-136,731
-136,732
-136,733
-136,734
-136,735
-136,736
-136,737
-136,738
-136,739
-136,740
-136,741
-136,742
-136,743
-136,744
-136,745
-136,746
-136,747
-136,748
-136,749
-136,750
-136,751
-136,752
-136,753
-136,754
-136,755
-136,756
-136,757
-136,758
-136,759
-136,760
-136,761
-136,762
-136,763
-136,764
-136,765
-136,766
-136,767
-136,768
-136,769
-136,770
-136,771
-136,772
-136,773
-136,774
-136,775
-136,776
-136,777
-136,778
-136,779
-136,780
-136,781
-136,782
-136,783
-136,784
-136,785
-136,786
-136,787
-136,788
-136,789
-136,790
-136,791
-136,792
-136,793
-136,794
-136,795
-136,796
-136,797
-136,798
-136,799
-136,800
-136,801
-136,802
-136,803
-136,804
-136,805
-136,806
-136,807
-136,808
-136,809
-136,810
-136,811
-136,812
-136,813
-136,814
-136,815
-136,816
-136,817
-136,818
-136,819
-136,820
-136,821
-136,822
-136,823
-136,824
-136,825
-136,826
-136,827
-136,828
-136,829
-136,830
-136,831
-136,832
604,1
604,2
604,3
604,1
