533,1
533,1
533,1
533,2
533,3
533,4
533,5
533,6
533,7
533,8
533,9
533,10
533,11
533,12
533,13
533,14
533,15
533,16
533,17
533,18
533,19
533,20
533,21
533,22
533,23
533,24
533,25
533,26
533,27
533,28
533,29
533,30
533,31
533,32
533,33
533,34
533,35
533,36
533,37
533,38
533,39
533,40
533,41
533,42
533,43
533,44
533,45
533,46
533,47
533,48
533,49
533,50
533,51
533,52
533,53
533,54
533,55
533,56
533,57
533,58
533,59
533,60
533,61
533,62
533,63
533,64
533,65
533,66
533,67
533,68
533,69
533,70
533,71
533,72
533,73
:222_6,74
:222_6,75
:222_16,76
:222_16,77
:222_16,78
551,79
551,80
551,81
551,82
551,83
551,84
551,85
551,86
551,87
551,88
551,89
551,90
551,91
551,92
551,93
551,94
551,95
551,96
551,97
551,98
551,99
551,100
551,101
551,102
551,103
551,104
551,105
551,106
551,107
551,108
551,109
551,110
551,111
551,112
551,113
551,114
551,115
551,116
551,117
551,118
551,119
551,120
551,121
551,122
551,123
551,124
551,125
551,126
551,127
551,128
551,129
551,130
551,131
551,132
551,133
551,134
551,135
551,136
551,137
551,138
551,139
551,140
551,141
551,142
551,143
551,144
551,145
551,146
551,147
551,148
551,149
551,150
551,151
551,152
551,153
551,154
551,155
551,156
551,157
551,158
551,159
551,160
551,161
551,162
551,163
551,164
551,165
551,166
551,167
551,168
551,169
551,170
551,171
551,172
551,173
551,174
551,175
551,176
551,177
551,178
551,179
551,180
551,181
551,182
551,183
551,184
551,185
551,186
551,187
551,188
551,189
551,190
551,191
551,192
551,193
551,194
551,195
551,196
551,197
551,198
551,199
551,200
551,201
551,202
551,203
551,204
551,205
551,206
551,207
551,208
551,209
551,210
551,211
551,212
551,213
551,214
:83_1,215
:83_1,216
:83_1,217
:83_1,218
:83_1,219
256,220
256,221
256,222
256,223
256,224
256,225
256,226
256,227
256,228
256,229
256,230
256,231
256,232
256,233
256,234
256,235
256,236
256,237
256,238
256,239
256,240
256,241
256,242
256,243
256,244
256,245
256,246
256,247
256,248
256,249
256,250
256,251
256,252
256,253
256,254
256,255
256,256
256,257
256,258
256,259
256,260
256,261
256,262
256,263
256,264
256,265
256,266
256,267
256,268
256,269
256,270
256,271
256,272
256,273
256,274
256,275
256,276
256,277
256,278
256,279
256,280
256,281
256,282
256,283
256,284
256,285
256,286
256,287
256,288
256,289
256,290
256,291
256,292
256,293
256,294
256,295
256,296
256,297
256,298
256,299
256,300
256,301
256,302
256,303
256,304
256,305
256,306
256,307
256,308
256,309
256,310
256,311
256,312
256,313
256,314
256,315
256,316
256,317
256,318
256,319
256,320
256,321
256,322
256,323
256,324
256,325
256,326
256,327
256,328
256,329
256,330
256,331
256,332
256,333
256,334
256,335
256,336
256,337
256,338
256,339
256,340
256,341
256,342
256,343
256,344
256,345
256,346
256,347
256,348
256,349
256,350
256,351
256,352
256,353
256,354
256,355
256,356
256,357
256,358
256,359
256,360
256,361
256,362
256,363
256,364
256,365
256,366
256,367
256,368
256,369
256,370
256,371
256,372
256,373
256,374
256,375
256,376
256,377
256,378
256,379
256,380
256,381
256,382
256,383
256,384
256,385
256,386
256,387
256,388
256,389
256,390
256,391
256,392
256,393
256,394
256,395
256,396
256,397
256,398
256,399
256,400
256,401
256,402
256,403
256,404
256,405
256,406
256,407
256,408
256,409
256,410
256,411
256,412
256,413
256,414
256,415
256,416
256,417
256,418
256,419
:255_0,420
:255_0,421
:255_0,422
-655,423
-655,424
-655,425
-655,426
-655,427
-655,428
-655,429
-655,430
-655,431
-655,432
-655,433
-655,434
-655,435
-655,436
-655,437
-655,438
-655,439
-655,440
-655,441
-655,442
-655,443
-655,444
-655,445
-655,446
-655,447
-655,448
-655,449
-655,450
-655,451
-655,452
-655,453
-655,454
-655,455
-655,456
-655,457
-655,458
-655,459
-655,460
-655,461
-655,462
-655,463
-655,464
-655,465
-655,466
-655,467
-655,468
-655,469
-655,470
-655,471
-655,472
-655,473
-655,474
-655,475
-655,476
-655,477
-655,478
-655,479
-655,480
-655,481
-655,482
-655,483
-655,484
-655,485
-655,486
-655,487
-655,488
-655,489
-655,490
-655,491
-655,492
-655,493
-655,494
-655,495
-655,496
-655,497
-655,498
-655,499
-655,500
-655,501
-655,502
-655,503
-655,504
-655,505
-655,506
-655,507
-655,508
-655,509
-655,510
-655,511
-655,512
-655,513
-655,514
-655,515
-655,516
-655,517
:173_3,518
:173_3,519
:173_3,520
-162,521
-162,522
-162,523
-162,524
-162,525
-162,526
-162,527
-162,528
-162,529
-162,530
-162,531
-162,532
-162,533
-162,534
-162,535
-162,536
-162,537
-162,538
-162,539
-162,540
-162,541
-162,542
-162,543
-162,544
-162,545
-162,546
-162,547
-162,548
-162,549
-162,550
-162,551
-162,552
-162,553
-162,554
-162,555
-162,556
-162,557
-162,558
-162,559
-162,560
-162,561
-162,562
-162,563
-162,564
-162,565
-162,566
-162,567
-162,568
-162,569
-162,570
-162,571
-162,572
-162,573
-162,574
-162,575
-162,576
-162,577
-162,578
-162,579
-162,580
-162,581
-162,582
-162,583
-162,584
-162,585
-162,586
-162,587
-162,588
-162,589
-162,590
-162,591
-162,592
-162,593
-162,594
-162,595
-162,596
-162,597
-162,598
-162,599
-162,600
-162,601
-162,602
-162,603
-162,604
-162,605
-162,606
-162,607
-162,608
-162,609
-162,610
-162,611
-162,612
-162,613
-162,614
-162,615
-162,616
-162,617
-162,618
-162,619
-162,620
-162,621
-162,622
-162,623
-162,624
-162,625
-162,626
-162,627
-162,628
-162,629
-162,630
-162,631
-162,632
-162,633
:175_6,634
:175_6,635
:175_6,636
:175_6,637
:175_6,638
163,639
163,640
163,641
163,642
163,643
163,644
163,645
163,646
163,647
163,648
163,649
163,650
163,651
163,652
163,653
163,654
163,655
163,656
163,657
163,658
163,659
163,660
163,661
163,662
163,663
163,664
163,665
163,666
163,667
163,668
163,669
163,670
163,671
163,672
163,673
163,674
163,675
163,676
163,677
163,678
163,679
163,680
163,681
163,682
163,683
163,684
163,685
163,686
163,687
163,688
163,689
163,690
163,691
163,692
163,693
163,694
163,695
163,696
163,697
163,698
163,699
163,700
163,701
163,702
163,703
163,704
163,705
163,706
163,707
163,708
163,709
163,710
163,711
163,712
163,713
163,714
163,715
163,716
163,717
163,718
163,719
163,720
163,721
:177_7,722
:177_7,723
:177_7,724
:177_7,725
:177_7,726
255,727
255,728
255,729
255,730
255,731
255,732
255,733
255,734
255,735
255,736
255,737
255,738
255,739
255,740
255,741
255,742
255,743
255,744
255,745
255,746
255,747
255,748
255,749
255,750
255,751
255,752
255,753
255,754
255,755
255,756
255,757
255,758
255,759
255,760
255,761
255,762
255,763
255,764
255,765
255,766
255,767
255,768
255,769
255,770
255,771
255,772
255,773
255,774
255,775
255,776
255,777
255,778
255,779
255,780
255,781
255,782
255,783
255,784
255,785
255,786
255,787
255,788
255,789
255,790
255,791
255,792
255,793
255,794
255,795
255,796
255,797
255,798
255,799
255,800
255,801
255,802
255,803
255,804
255,805
255,806
255,807
255,808
255,809
255,810
255,811
255,812
255,813
255,814
255,815
255,816
255,817
255,818
255,819
255,820
255,821
:223_6,822
:223_6,823
:223_6,824
:223_6,825
:223_6,826
-217,827
-217,828
-217,829
-217,830
-217,831
-217,832
-217,833
-217,834
-217,835
-217,836
-217,837
-217,838
-217,839
-217,840
-217,841
-217,842
-217,843
-217,844
-217,845
-217,846
-217,847
-217,848
-217,849
-217,850
-217,851
-217,852
-217,853
-217,854
-217,855
-217,856
-217,857
-217,858
-217,859
-217,860
-217,861
-217,862
:220_7,863
:220_7,864
:220_7,865
:220_7,866
:220_7,867
:220_7,868
215,869
215,870
215,871
215,872
215,873
215,874
215,875
215,876
215,877
215,878
215,879
215,880
215,881
215,882
215,883
215,884
215,885
215,886
215,887
215,888
215,889
215,890
215,891
215,892
215,893
215,894
215,895
215,896
215,897
215,898
215,899
215,900
215,901
215,902
215,903
215,904
215,905
215,906
215,907
215,908
215,909
215,910
215,911
215,912
215,913
215,914
215,915
215,916
215,917
215,918
215,919
215,920
215,921
215,922
215,923
215,924
215,925
215,926
215,927
215,928
215,929
215,930
215,931
215,932
215,933
215,934
215,935
215,936
215,937
215,938
215,939
215,940
215,941
215,942
215,943
215,944
215,945
215,946
215,947
215,948
215,949
215,950
215,951
215,952
215,953
215,954
215,955
215,956
215,957
215,958
215,959
215,960
215,961
215,962
215,963
215,964
215,965
215,966
533,1
533,2
533,3
533,1
