193,1
193,1
193,1
193,2
193,3
193,4
193,5
193,6
193,7
193,8
193,9
193,10
193,11
193,12
193,13
193,14
193,15
193,16
193,17
193,18
193,19
193,20
193,21
193,22
193,23
193,24
193,25
193,26
193,27
193,28
193,29
193,30
193,31
193,32
193,33
193,34
193,35
193,36
193,37
193,38
193,39
193,40
193,41
193,42
193,43
193,44
193,45
193,46
193,47
193,48
193,49
193,50
193,51
193,52
193,53
193,54
193,55
193,56
193,57
193,58
193,59
193,60
193,61
193,62
193,63
193,64
193,65
193,66
193,67
193,68
193,69
193,70
193,71
193,72
193,73
193,74
193,75
193,76
193,77
193,78
193,79
193,80
193,81
193,82
193,83
193,84
193,85
193,86
193,87
193,88
193,89
193,90
193,91
193,92
193,93
193,94
193,95
193,96
193,97
193,98
193,99
193,100
193,101
193,102
193,103
193,104
193,105
193,106
193,107
193,108
193,109
193,110
193,111
193,112
193,113
193,114
193,115
193,116
193,117
193,118
193,119
193,120
193,121
193,122
193,123
193,124
193,125
193,126
193,127
193,128
193,129
193,130
193,131
193,132
193,133
193,134
193,135
193,136
193,137
193,138
193,139
193,140
193,141
193,142
193,143
193,144
193,145
193,146
193,147
193,148
193,149
193,150
193,151
193,152
193,153
193,154
193,155
193,156
193,157
193,158
193,159
193,160
193,161
193,162
193,163
193,164
193,165
193,166
:203_3,167
:203_3,168
:203_3,169
:203_3,170
194,171
194,172
194,173
194,174
194,175
194,176
194,177
194,178
194,179
194,180
194,181
194,182
194,183
194,184
194,185
194,186
194,187
194,188
194,189
194,190
194,191
194,192
194,193
194,194
194,195
194,196
194,197
194,198
194,199
194,200
194,201
194,202
194,203
194,204
194,205
194,206
194,207
194,208
194,209
194,210
194,211
194,212
194,213
194,214
194,215
194,216
194,217
194,218
194,219
194,220
194,221
194,222
194,223
194,224
194,225
194,226
194,227
194,228
194,229
194,230
194,231
194,232
194,233
194,234
194,235
194,236
194,237
194,238
194,239
194,240
194,241
194,242
194,243
194,244
194,245
194,246
194,247
194,248
194,249
194,250
194,251
194,252
194,253
194,254
194,255
194,256
194,257
194,258
194,259
194,260
194,261
194,262
194,263
194,264
194,265
194,266
194,267
194,268
194,269
194,270
194,271
194,272
194,273
194,274
194,275
194,276
194,277
194,278
194,279
194,280
194,281
194,282
194,283
194,284
194,285
194,286
194,287
194,288
194,289
194,290
194,291
194,292
194,293
194,294
194,295
194,296
194,297
194,298
194,299
194,300
194,301
194,302
194,303
194,304
194,305
194,306
194,307
194,308
194,309
194,310
194,311
194,312
194,313
194,314
194,315
194,316
194,317
194,318
194,319
194,320
194,321
194,322
194,323
194,324
194,325
194,326
194,327
194,328
194,329
194,330
194,331
194,332
194,333
194,334
194,335
194,336
194,337
194,338
194,339
194,340
194,341
194,342
194,343
194,344
194,345
194,346
194,347
194,348
:204_9,349
:204_9,350
:204_9,351
:204_9,352
:204_9,353
:204_9,354
195,355
195,356
195,357
195,358
195,359
195,360
195,361
195,362
195,363
195,364
195,365
195,366
195,367
195,368
195,369
195,370
195,371
195,372
195,373
195,374
195,375
195,376
195,377
195,378
195,379
195,380
195,381
195,382
195,383
195,384
195,385
195,386
195,387
195,388
195,389
195,390
195,391
195,392
195,393
195,394
195,395
195,396
195,397
195,398
195,399
195,400
195,401
195,402
195,403
195,404
195,405
195,406
195,407
195,408
195,409
195,410
195,411
195,412
195,413
195,414
195,415
195,416
195,417
195,418
195,419
195,420
195,421
195,422
195,423
195,424
195,425
195,426
195,427
195,428
195,429
195,430
195,431
195,432
195,433
195,434
195,435
195,436
195,437
195,438
195,439
195,440
195,441
195,442
195,443
195,444
195,445
195,446
195,447
195,448
195,449
195,450
195,451
195,452
195,453
195,454
195,455
195,456
195,457
195,458
195,459
195,460
195,461
195,462
195,463
195,464
195,465
195,466
195,467
195,468
195,469
195,470
195,471
195,472
195,473
195,474
195,475
195,476
195,477
195,478
195,479
195,480
195,481
195,482
195,483
195,484
195,485
195,486
195,487
195,488
195,489
195,490
195,491
195,492
195,493
195,494
195,495
195,496
195,497
195,498
195,499
195,500
195,501
195,502
195,503
195,504
195,505
195,506
195,507
195,508
195,509
195,510
195,511
195,512
195,513
195,514
195,515
195,516
195,517
195,518
195,519
195,520
195,521
195,522
195,523
195,524
195,525
195,526
195,527
195,528
195,529
195,530
195,531
195,532
195,533
195,534
195,535
195,536
195,537
195,538
195,539
195,540
195,541
195,542
195,543
195,544
195,545
195,546
195,547
195,548
195,549
195,550
195,551
195,552
195,553
195,554
195,555
195,556
195,557
195,558
195,559
:191_13,560
:191_13,561
:191_13,562
:191_13,563
:191_13,564
:191_13,565
:191_13,566
-178,567
-178,568
-178,569
-178,570
-178,571
-178,572
-178,573
-178,574
-178,575
-178,576
-178,577
-178,578
-178,579
-178,580
-178,581
-178,582
-178,583
-178,584
-178,585
-178,586
-178,587
-178,588
-178,589
-178,590
-178,591
-178,592
-178,593
-178,594
-178,595
-178,596
-178,597
-178,598
-178,599
-178,600
-178,601
-178,602
-178,603
-178,604
-178,605
-178,606
-178,607
-178,608
-178,609
-178,610
-178,611
-178,612
-178,613
-178,614
-178,615
-178,616
-178,617
-178,618
-178,619
-178,620
-178,621
-178,622
-178,623
-178,624
-178,625
-178,626
-178,627
-178,628
-178,629
-178,630
-178,631
-178,632
-178,633
-178,634
-178,635
-178,636
-178,637
-178,638
-178,639
-178,640
-178,641
-178,642
-178,643
-178,644
-178,645
-178,646
-178,647
-178,648
-178,649
-178,650
-178,651
-178,652
-178,653
-178,654
-178,655
-178,656
-178,657
-178,658
-178,659
-178,660
-178,661
-178,662
-178,663
-178,664
-178,665
-178,666
-178,667
-178,668
-178,669
-178,670
-178,671
-178,672
-178,673
-178,674
-178,675
-178,676
-178,677
-178,678
-178,679
-178,680
-178,681
-178,682
-178,683
-178,684
-178,685
-178,686
-178,687
-178,688
-178,689
-178,690
-178,691
-178,692
-178,693
-178,694
-178,695
-178,696
-178,697
-178,698
-178,699
-178,700
-178,701
-178,702
-178,703
-178,704
-178,705
-178,706
-178,707
-178,708
-178,709
-178,710
-178,711
-178,712
-178,713
-178,714
-178,715
-178,716
-178,717
-178,718
-178,719
-178,720
-178,721
-178,722
-178,723
-178,724
-178,725
-178,726
-178,727
-178,728
-178,729
-178,730
-178,731
-178,732
-178,733
-178,734
-178,735
-178,736
-178,737
-178,738
-178,739
-178,740
-178,741
-178,742
-178,743
-178,744
-178,745
-178,746
-178,747
-178,748
-178,749
-178,750
-178,751
:190_3,752
:190_3,753
:190_3,754
:190_3,755
:190_3,756
:190_3,757
-177,758
-177,759
-177,760
-177,761
-177,762
-177,763
-177,764
-177,765
-177,766
-177,767
-177,768
-177,769
-177,770
-177,771
-177,772
-177,773
-177,774
-177,775
-177,776
-177,777
-177,778
-177,779
-177,780
-177,781
-177,782
-177,783
-177,784
-177,785
-177,786
-177,787
-177,788
-177,789
-177,790
-177,791
-177,792
-177,793
-177,794
-177,795
-177,796
-177,797
-177,798
-177,799
-177,800
-177,801
-177,802
-177,803
-177,804
-177,805
-177,806
-177,807
-177,808
-177,809
-177,810
-177,811
-177,812
-177,813
-177,814
-177,815
-177,816
-177,817
-177,818
-177,819
-177,820
-177,821
-177,822
-177,823
-177,824
-177,825
-177,826
-177,827
-177,828
-177,829
-177,830
-177,831
-177,832
-177,833
-177,834
-177,835
-177,836
-177,837
-177,838
-177,839
-177,840
-177,841
-177,842
-177,843
-177,844
-177,845
-177,846
-177,847
-177,848
-177,849
-177,850
-177,851
-177,852
-177,853
-177,854
-177,855
-177,856
-177,857
-177,858
-177,859
-177,860
-177,861
-177,862
-177,863
-177,864
-177,865
-177,866
-177,867
-177,868
-177,869
-177,870
-177,871
-177,872
-177,873
-177,874
-177,875
-177,876
-177,877
-177,878
-177,879
-177,880
-177,881
-177,882
-177,883
-177,884
-177,885
-177,886
-177,887
-177,888
-177,889
-177,890
-177,891
-177,892
-177,893
-177,894
-177,895
-177,896
-177,897
-177,898
-177,899
-177,900
-177,901
-177,902
-177,903
-177,904
:13_8,905
:13_8,906
:13_8,907
685,908
685,909
685,910
685,911
685,912
685,913
685,914
685,915
685,916
685,917
685,918
685,919
685,920
685,921
685,922
685,923
685,924
685,925
685,926
685,927
:373_5,928
684,929
684,930
684,931
684,932
684,933
684,934
684,935
684,936
684,937
684,938
684,939
684,940
684,941
684,942
684,943
684,944
684,945
684,946
684,947
684,948
684,949
:6_9,950
:6_9,951
6,952
6,953
6,954
6,955
6,956
6,957
6,958
6,959
6,960
6,961
6,962
6,963
6,964
6,965
6,966
193,1
193,2
193,3
193,1
