29,1
29,1
29,1
29,2
29,3
29,4
29,5
29,6
29,7
29,8
29,9
29,10
29,11
29,12
29,13
29,14
29,15
29,16
29,17
29,18
29,19
29,20
29,21
29,22
29,23
29,24
29,25
29,26
29,27
29,28
29,29
29,30
29,31
29,32
29,33
29,34
29,35
29,36
29,37
29,38
29,39
29,40
29,41
29,42
29,43
29,44
29,45
29,46
29,47
29,48
29,49
29,50
29,51
29,52
29,53
29,54
29,55
29,56
29,57
29,58
29,59
29,60
29,61
29,62
29,63
29,64
29,65
29,66
29,67
29,68
29,69
29,70
29,71
29,72
29,73
29,74
29,75
29,76
29,77
29,78
29,79
29,80
29,81
29,82
29,83
29,84
29,85
29,86
29,87
29,88
29,89
29,90
29,91
29,92
29,93
29,94
29,95
29,96
29,97
29,98
29,99
29,100
29,101
29,102
29,103
29,104
29,105
29,106
29,107
29,108
29,109
29,110
29,111
29,112
29,113
29,114
29,115
29,116
29,117
:35_13,118
:35_13,119
:35_13,120
:35_13,121
:35_13,122
:35_13,123
196,124
196,125
196,126
196,127
196,128
196,129
196,130
196,131
196,132
196,133
196,134
196,135
196,136
196,137
196,138
196,139
196,140
196,141
196,142
196,143
196,144
196,145
196,146
196,147
196,148
196,149
196,150
196,151
196,152
196,153
196,154
196,155
196,156
196,157
196,158
196,159
196,160
196,161
196,162
196,163
196,164
196,165
196,166
196,167
196,168
196,169
196,170
196,171
196,172
196,173
196,174
196,175
196,176
196,177
196,178
196,179
196,180
196,181
196,182
196,183
196,184
196,185
196,186
196,187
196,188
196,189
196,190
196,191
196,192
196,193
196,194
196,195
196,196
196,197
196,198
196,199
196,200
196,201
196,202
196,203
196,204
196,205
196,206
196,207
196,208
196,209
196,210
196,211
196,212
196,213
196,214
196,215
196,216
196,217
196,218
196,219
196,220
196,221
196,222
196,223
196,224
196,225
196,226
196,227
196,228
196,229
196,230
196,231
196,232
196,233
196,234
196,235
196,236
196,237
196,238
196,239
196,240
196,241
196,242
196,243
196,244
196,245
196,246
196,247
196,248
196,249
196,250
196,251
196,252
196,253
196,254
196,255
196,256
196,257
196,258
196,259
196,260
196,261
196,262
196,263
196,264
196,265
196,266
196,267
196,268
196,269
196,270
196,271
196,272
196,273
196,274
196,275
196,276
196,277
196,278
196,279
196,280
196,281
196,282
196,283
196,284
196,285
196,286
196,287
196,288
196,289
196,290
196,291
196,292
196,293
196,294
196,295
196,296
196,297
196,298
196,299
196,300
196,301
196,302
196,303
196,304
196,305
196,306
196,307
196,308
196,309
196,310
196,311
196,312
196,313
196,314
196,315
196,316
196,317
196,318
196,319
196,320
196,321
196,322
196,323
196,324
196,325
196,326
196,327
196,328
196,329
196,330
196,331
196,332
196,333
196,334
196,335
196,336
196,337
196,338
196,339
196,340
196,341
196,342
196,343
196,344
196,345
196,346
196,347
196,348
196,349
196,350
196,351
196,352
196,353
196,354
196,355
196,356
196,357
196,358
196,359
196,360
196,361
196,362
196,363
196,364
196,365
196,366
196,367
196,368
196,369
196,370
196,371
196,372
196,373
196,374
196,375
196,376
196,377
196,378
196,379
196,380
196,381
196,382
196,383
196,384
196,385
196,386
196,387
196,388
196,389
196,390
196,391
196,392
196,393
196,394
196,395
196,396
196,397
196,398
196,399
196,400
196,401
196,402
196,403
196,404
196,405
196,406
196,407
196,408
196,409
196,410
196,411
196,412
196,413
196,414
196,415
196,416
196,417
196,418
196,419
196,420
196,421
196,422
196,423
196,424
196,425
196,426
196,427
196,428
196,429
196,430
196,431
196,432
196,433
196,434
196,435
196,436
196,437
196,438
196,439
196,440
196,441
196,442
196,443
196,444
196,445
196,446
196,447
196,448
196,449
196,450
196,451
196,452
196,453
196,454
196,455
196,456
196,457
196,458
196,459
196,460
196,461
196,462
196,463
:170_13,464
:170_13,465
:170_13,466
:170_13,467
:170_13,468
:170_13,469
:170_13,470
-154,471
-154,472
-154,473
-154,474
-154,475
-154,476
-154,477
-154,478
-154,479
-154,480
-154,481
-154,482
-154,483
-154,484
-154,485
-154,486
-154,487
-154,488
-154,489
-154,490
-154,491
-154,492
-154,493
-154,494
-154,495
-154,496
-154,497
-154,498
-154,499
-154,500
-154,501
-154,502
-154,503
-154,504
-154,505
-154,506
-154,507
-154,508
-154,509
-154,510
-154,511
-154,512
-154,513
-154,514
-154,515
-154,516
-154,517
-154,518
-154,519
-154,520
-154,521
-154,522
-154,523
-154,524
-154,525
-154,526
-154,527
-154,528
-154,529
-154,530
-154,531
-154,532
-154,533
-154,534
-154,535
-154,536
-154,537
-154,538
-154,539
-154,540
-154,541
-154,542
-154,543
-154,544
-154,545
-154,546
-154,547
-154,548
-154,549
-154,550
-154,551
-154,552
-154,553
-154,554
-154,555
-154,556
-154,557
-154,558
-154,559
-154,560
-154,561
-154,562
-154,563
-154,564
-154,565
-154,566
-154,567
-154,568
-154,569
-154,570
-154,571
-154,572
-154,573
-154,574
-154,575
-154,576
-154,577
-154,578
-154,579
-154,580
-154,581
-154,582
-154,583
-154,584
-154,585
-154,586
-154,587
-154,588
-154,589
-154,590
-154,591
-154,592
-154,593
-154,594
-154,595
-154,596
-154,597
-154,598
-154,599
-154,600
-154,601
-154,602
-154,603
-154,604
-154,605
-154,606
-154,607
-154,608
-154,609
-154,610
-154,611
-154,612
-154,613
-154,614
-154,615
-154,616
-154,617
-154,618
-154,619
-154,620
-154,621
-154,622
-154,623
-154,624
-154,625
-154,626
-154,627
-154,628
-154,629
-154,630
-154,631
-154,632
-154,633
-154,634
-154,635
-154,636
-154,637
-154,638
-154,639
-154,640
-154,641
-154,642
-154,643
-154,644
-154,645
-154,646
-154,647
-154,648
-154,649
-154,650
-154,651
-154,652
-154,653
-154,654
-154,655
-154,656
-154,657
-154,658
-154,659
-154,660
-154,661
-154,662
-154,663
-154,664
-154,665
-154,666
-154,667
-154,668
-154,669
-154,670
-154,671
-154,672
-154,673
-154,674
-154,675
-154,676
-154,677
-154,678
-154,679
-154,680
-154,681
-154,682
-154,683
-154,684
-154,685
-154,686
-154,687
-154,688
-154,689
-154,690
-154,691
-154,692
-154,693
-154,694
-154,695
-154,696
-154,697
-154,698
-154,699
-154,700
-154,701
-154,702
-154,703
-154,704
-154,705
-154,706
-154,707
-154,708
-154,709
-154,710
-154,711
-154,712
-154,713
-154,714
-154,715
-154,716
-154,717
-154,718
-154,719
-154,720
-154,721
-154,722
-154,723
-154,724
-154,725
-154,726
-154,727
-154,728
-154,729
-154,730
-154,731
-154,732
-154,733
-154,734
-154,735
-154,736
-154,737
-154,738
-154,739
-154,740
-154,741
-154,742
-154,743
-154,744
-154,745
-154,746
-154,747
-154,748
-154,749
-154,750
-154,751
-154,752
:166_13,753
:166_13,754
:166_13,755
:166_13,756
:166_13,757
:166_13,758
151,759
151,760
151,761
151,762
151,763
151,764
151,765
151,766
151,767
151,768
151,769
151,770
151,771
151,772
151,773
151,774
151,775
151,776
151,777
151,778
151,779
151,780
151,781
151,782
151,783
151,784
151,785
151,786
151,787
151,788
151,789
151,790
151,791
151,792
151,793
151,794
151,795
151,796
151,797
151,798
151,799
151,800
151,801
151,802
151,803
151,804
151,805
151,806
151,807
151,808
151,809
151,810
151,811
151,812
151,813
151,814
151,815
151,816
151,817
151,818
151,819
151,820
151,821
:167_6,822
:167_6,823
:167_6,824
:167_6,825
:167_6,826
-458,827
-458,828
-458,829
-458,830
-458,831
-458,832
-458,833
-458,834
-458,835
-458,836
-458,837
-458,838
-458,839
-458,840
-458,841
-458,842
-458,843
-458,844
-458,845
-458,846
-458,847
-458,848
-458,849
-458,850
-458,851
-458,852
-458,853
-458,854
-458,855
-458,856
-458,857
-458,858
-458,859
-458,860
-458,861
-458,862
-458,863
-458,864
-458,865
-458,866
-458,867
-458,868
-458,869
-458,870
-458,871
-458,872
-458,873
-458,874
-458,875
-458,876
-458,877
-458,878
-458,879
-458,880
-458,881
-458,882
-458,883
-458,884
-458,885
-458,886
-458,887
-458,888
-458,889
-458,890
-458,891
-458,892
-458,893
-458,894
-458,895
-458,896
-458,897
-458,898
-458,899
-458,900
-458,901
-458,902
-458,903
-458,904
-458,905
-458,906
-458,907
-458,908
-458,909
-458,910
-458,911
-458,912
-458,913
-458,914
-458,915
-458,916
-458,917
-458,918
-458,919
-458,920
-458,921
:391_0,922
:391_0,923
:391_0,924
:391_0,925
:391_0,926
:391_0,927
:391_0,928
460,929
460,930
460,931
460,932
460,933
460,934
460,935
460,936
460,937
460,938
460,939
460,940
460,941
460,942
460,943
460,944
460,945
460,946
460,947
460,948
460,949
460,950
460,951
460,952
460,953
460,954
460,955
460,956
460,957
460,958
460,959
460,960
460,961
460,962
460,963
460,964
460,965
460,966
29,1
29,2
29,3
29,1
