136,4
136,5
136,6
136,7
136,8
136,9
136,10
136,11
136,12
136,13
136,14
136,15
136,16
136,17
136,18
136,19
136,20
136,21
136,22
136,23
136,24
136,25
136,26
136,27
136,28
136,29
136,30
136,31
136,32
136,33
136,34
136,35
136,36
136,37
136,38
136,39
136,40
136,41
136,42
136,43
136,44
136,45
136,46
136,47
136,48
136,49
136,50
136,51
136,52
136,53
136,54
136,55
136,56
136,57
136,58
136,59
136,60
136,61
136,62
136,63
136,64
136,65
136,66
136,67
136,68
136,69
136,70
136,71
136,72
136,73
136,74
136,75
136,76
136,77
136,78
136,79
136,80
136,81
136,82
136,83
136,84
136,85
136,86
136,87
136,88
136,89
136,90
136,91
136,92
136,93
136,94
136,95
136,96
136,97
136,98
136,99
136,100
136,101
136,102
136,103
136,104
136,105
136,106
136,107
136,108
136,109
136,110
136,111
136,112
136,113
136,114
136,115
136,116
136,117
136,118
136,119
136,120
136,121
136,122
136,123
136,124
136,125
136,126
136,127
136,128
136,129
136,130
136,131
136,132
136,133
136,134
136,135
136,136
136,137
136,138
136,139
136,140
136,141
136,142
136,143
136,144
136,145
136,146
136,147
136,148
136,149
136,150
136,151
136,152
136,153
136,154
136,155
136,156
136,157
136,158
136,159
136,160
136,161
136,162
136,163
136,164
136,165
136,166
136,167
136,168
136,169
136,170
136,171
136,172
136,173
136,174
136,175
136,176
136,177
136,178
136,179
136,180
136,181
136,182
136,183
136,184
136,185
136,186
136,187
136,188
136,189
136,190
136,191
136,192
136,193
136,194
136,195
136,196
136,197
136,198
136,199
136,200
136,201
136,202
136,203
136,204
136,205
136,206
136,207
136,208
136,209
136,210
136,211
136,212
136,213
136,214
136,215
136,216
136,217
136,218
136,219
136,220
136,221
136,222
136,223
136,224
136,225
136,226
136,227
136,228
136,229
136,230
136,231
136,232
136,233
136,234
136,235
136,236
136,237
136,238
136,239
136,240
136,241
136,242
136,243
136,244
136,245
136,246
136,247
136,248
136,249
136,250
136,251
136,252
136,253
136,254
136,255
136,256
136,257
136,258
136,259
136,260
136,261
136,262
136,263
136,264
136,265
136,266
136,267
136,268
136,269
136,270
136,271
136,272
136,273
136,274
136,275
136,276
136,277
136,278
136,279
136,280
136,281
136,282
136,283
136,284
136,285
136,286
136,287
136,288
136,289
136,290
136,291
136,292
136,293
136,294
136,295
136,296
136,297
136,298
136,299
136,300
136,301
136,302
136,303
136,304
136,305
136,306
136,307
136,308
136,309
136,310
136,311
136,312
136,313
136,314
136,315
136,316
136,317
136,318
136,319
136,320
136,321
136,322
136,323
136,324
136,325
136,326
136,327
136,328
136,329
136,330
136,331
136,332
136,333
136,334
136,335
136,336
136,337
136,338
136,339
-81,340
-81,341
-81,342
-81,343
-81,344
-81,345
-81,346
-81,347
-81,348
-81,349
-81,350
-81,351
-81,352
-81,353
-81,354
-81,355
-81,356
-81,357
-81,358
-81,359
-81,360
-81,361
-81,362
-81,363
-81,364
-81,365
-81,366
-81,367
-81,368
-81,369
-81,370
-81,371
-81,372
-81,373
-81,374
-81,375
-81,376
-81,377
-81,378
-81,379
-81,380
-81,381
-81,382
-81,383
-81,384
-81,385
-81,386
-81,387
-81,388
-81,389
-81,390
-81,391
-81,392
-81,393
-81,394
-81,395
-81,396
-81,397
-81,398
-81,399
-81,400
-81,401
-81,402
-81,403
-81,404
-81,405
-81,406
-81,407
-81,408
-81,409
-81,410
-81,411
-81,412
-81,413
-81,414
-81,415
-81,416
-81,417
-81,418
-81,419
-81,420
-81,421
-81,422
-81,423
-81,424
-81,425
-81,426
-81,427
-81,428
-81,429
-81,430
-81,431
-81,432
-81,433
-81,434
-81,435
-81,436
-81,437
-81,438
-81,439
-81,440
-81,441
-81,442
-81,443
-81,444
-81,445
-81,446
-81,447
-81,448
-81,449
-81,450
-81,451
-81,452
-81,453
-81,454
-81,455
-81,456
-81,457
-81,458
-81,459
-81,460
-81,461
-81,462
-81,463
-81,464
-81,465
-81,466
-81,467
-81,468
-81,469
-81,470
-81,471
-81,472
-81,473
-81,474
-81,475
-81,476
-81,477
-81,478
-81,479
-81,480
-81,481
-81,482
-81,483
-81,484
-81,485
-81,486
-81,487
-81,488
-81,489
-81,490
-81,491
-81,492
-81,493
-81,494
-81,495
-81,496
-81,497
-81,498
-81,499
-81,500
-81,501
-81,502
-81,503
-81,504
-81,505
-81,506
-81,507
-81,508
-81,509
-81,510
-81,511
-81,512
-81,513
-81,514
-81,515
:94_6,516
:94_6,517
:94_6,518
:94_6,519
:94_6,520
:94_6,521
:94_6,522
82,523
82,524
82,525
82,526
82,527
82,528
82,529
82,530
82,531
82,532
82,533
82,534
82,535
82,536
82,537
82,538
83,539
83,540
83,541
83,542
83,543
83,544
83,545
83,546
83,547
83,548
83,549
83,550
83,551
83,552
83,553
83,554
83,555
83,556
83,557
83,558
83,559
83,560
83,561
83,562
83,563
83,564
83,565
83,566
83,567
83,568
83,569
83,570
83,571
83,572
83,573
83,574
83,575
83,576
83,577
83,578
83,579
83,580
83,581
83,582
83,583
83,584
83,585
83,586
83,587
83,588
83,589
83,590
83,591
83,592
83,593
83,594
83,595
83,596
83,597
83,598
83,599
83,600
83,601
83,602
83,603
83,604
83,605
83,606
83,607
83,608
83,609
83,610
83,611
83,612
83,613
83,614
83,615
83,616
83,617
83,618
83,619
83,620
83,621
83,622
83,623
83,624
83,625
83,626
83,627
83,628
83,629
83,630
83,631
83,632
83,633
83,634
83,635
83,636
83,637
83,638
83,639
83,640
83,641
83,642
83,643
83,644
:97_6,645
:97_6,646
:97_6,647
:97_6,648
-489,649
-489,650
-489,651
-489,652
-489,653
-489,654
-489,655
-489,656
-489,657
-489,658
-489,659
-489,660
-489,661
-489,662
-489,663
-489,664
-489,665
-489,666
-489,667
-489,668
-489,669
-489,670
-489,671
-489,672
-489,673
-489,674
-489,675
-489,676
:315_1,677
:315_1,678
:315_1,679
:315_1,680
:315_1,681
:315_1,682
:315_1,683
-488,684
-488,685
-488,686
-488,687
-488,688
-488,689
-488,690
-488,691
-488,692
-488,693
-488,694
-488,695
-488,696
-488,697
-488,698
-488,699
-488,700
-488,701
-488,702
-488,703
-488,704
-488,705
-488,706
-488,707
-488,708
-488,709
-488,710
-488,711
-488,712
-488,713
-488,714
-488,715
-488,716
-488,717
-488,718
-488,719
-488,720
-488,721
-488,722
-488,723
-488,724
-488,725
-488,726
-488,727
:410_0,728
:410_0,729
:410_0,730
487,731
487,732
487,733
487,734
487,735
487,736
487,737
487,738
487,739
487,740
487,741
487,742
487,743
487,744
487,745
487,746
487,747
487,748
487,749
487,750
487,751
487,752
487,753
487,754
487,755
487,756
487,757
487,758
487,759
487,760
487,761
487,762
487,763
487,764
487,765
487,766
487,767
487,768
487,769
487,770
487,771
487,772
487,773
487,774
487,775
487,776
487,777
487,778
487,779
487,780
487,781
487,782
487,783
487,784
487,785
487,786
487,787
487,788
487,789
487,790
487,791
487,792
487,793
487,794
487,795
487,796
487,797
487,798
487,799
487,800
487,801
487,802
487,803
487,804
487,805
487,806
487,807
487,808
487,809
487,810
487,811
487,812
487,813
487,814
487,815
487,816
487,817
487,818
487,819
487,820
487,821
487,822
487,823
487,824
487,825
487,826
487,827
487,828
487,829
487,830
487,831
487,832
487,833
487,834
487,835
487,836
487,837
487,838
487,839
487,840
487,841
487,842
487,843
487,844
487,845
487,846
487,847
487,848
487,849
487,850
487,851
487,852
487,853
487,854
487,855
487,856
487,857
487,858
487,859
487,860
487,861
487,862
487,863
487,864
487,865
487,866
487,867
487,868
487,869
487,870
487,871
487,872
487,873
487,874
487,875
487,876
487,877
487,878
487,879
487,880
487,881
487,882
487,883
487,884
487,885
487,886
487,887
487,888
487,889
487,890
487,891
487,892
487,893
487,894
487,895
487,896
487,897
487,898
487,899
487,900
487,901
487,902
487,903
487,904
487,905
487,906
487,907
487,908
487,909
487,910
487,911
487,912
487,913
487,914
487,915
487,916
487,917
487,918
487,919
487,920
487,921
487,922
487,923
487,924
487,925
487,926
487,927
487,928
:409_6,929
:409_6,930
:409_6,931
:409_6,932
:409_6,933
:409_6,934
:409_6,935
-606,936
-606,937
-606,938
-606,939
-606,940
-606,941
-606,942
-606,943
-606,944
-606,945
-606,946
-606,947
-606,948
-606,949
-606,950
-606,951
-606,952
-606,953
-606,954
-606,955
-606,956
-606,957
-606,958
-606,959
-606,960
-606,961
-606,962
-606,963
-606,964
-606,965
136,4
