-117,7
-117,8
-117,9
-117,10
-117,11
-117,12
-117,13
-117,14
-117,15
-117,16
-117,17
-117,18
-117,19
-117,20
-117,21
-117,22
-117,23
-117,24
-117,25
-117,26
-117,27
-117,28
-117,29
-117,30
-117,31
-117,32
-117,33
-117,34
-117,35
-117,36
-117,37
-117,38
-117,39
-117,40
-117,41
-117,42
-117,43
-117,44
-117,45
-117,46
-117,47
-117,48
-117,49
-117,50
-117,51
-117,52
-117,53
-117,54
-117,55
-117,56
-117,57
-117,58
-117,59
-117,60
-117,61
-117,62
-117,63
-117,64
-117,65
-117,66
-117,67
-117,68
-117,69
-117,70
-117,71
-117,72
-117,73
-117,74
-117,75
-117,76
-117,77
-117,78
-117,79
-117,80
-117,81
-117,82
-117,83
-117,84
-117,85
-117,86
-117,87
-117,88
-117,89
-117,90
-117,91
-117,92
-117,93
-117,94
-117,95
-117,96
-117,97
-117,98
-117,99
-117,100
-117,101
-117,102
-117,103
-117,104
-117,105
-117,106
-117,107
-117,108
-117,109
-117,110
-117,111
-117,112
-117,113
-117,114
-117,115
-117,116
-117,117
-117,118
-117,119
:47_1,120
:47_1,121
:47_1,122
:47_1,123
:47_1,124
119,125
119,126
119,127
119,128
119,129
119,130
119,131
119,132
119,133
119,134
119,135
119,136
119,137
119,138
119,139
119,140
119,141
119,142
119,143
119,144
119,145
119,146
119,147
119,148
119,149
119,150
119,151
119,152
119,153
119,154
119,155
119,156
119,157
119,158
119,159
119,160
119,161
119,162
119,163
119,164
119,165
119,166
119,167
119,168
119,169
119,170
119,171
119,172
119,173
119,174
119,175
119,176
119,177
119,178
119,179
119,180
119,181
119,182
119,183
119,184
119,185
119,186
119,187
119,188
119,189
119,190
119,191
119,192
119,193
119,194
119,195
119,196
119,197
119,198
119,199
119,200
119,201
119,202
119,203
119,204
119,205
119,206
119,207
119,208
119,209
119,210
119,211
119,212
119,213
119,214
119,215
119,216
119,217
119,218
119,219
119,220
119,221
119,222
119,223
119,224
119,225
119,226
119,227
119,228
119,229
119,230
119,231
119,232
119,233
119,234
119,235
119,236
119,237
119,238
119,239
119,240
119,241
119,242
119,243
119,244
119,245
119,246
119,247
119,248
119,249
119,250
119,251
119,252
119,253
119,254
119,255
119,256
119,257
119,258
119,259
119,260
119,261
119,262
119,263
119,264
119,265
119,266
:136_13,267
:136_13,268
:136_13,269
:136_13,270
204,271
204,272
204,273
204,274
204,275
204,276
204,277
204,278
204,279
204,280
204,281
204,282
204,283
204,284
204,285
204,286
204,287
204,288
204,289
204,290
204,291
204,292
204,293
204,294
204,295
204,296
204,297
204,298
204,299
204,300
204,301
204,302
204,303
204,304
204,305
204,306
204,307
204,308
204,309
204,310
204,311
204,312
204,313
204,314
204,315
204,316
204,317
204,318
204,319
204,320
204,321
204,322
204,323
204,324
204,325
204,326
204,327
204,328
204,329
204,330
204,331
204,332
204,333
:211_1,334
:211_1,335
:211_1,336
:211_1,337
:211_1,338
646,339
646,340
646,341
646,342
646,343
646,344
646,345
646,346
646,347
646,348
646,349
646,350
646,351
646,352
646,353
646,354
646,355
646,356
646,357
646,358
646,359
646,360
646,361
646,362
646,363
646,364
646,365
646,366
646,367
646,368
646,369
646,370
646,371
646,372
646,373
646,374
646,375
646,376
646,377
646,378
646,379
646,380
646,381
646,382
646,383
646,384
646,385
646,386
646,387
646,388
646,389
646,390
646,391
646,392
646,393
646,394
646,395
646,396
646,397
646,398
646,399
646,400
646,401
646,402
646,403
646,404
646,405
646,406
646,407
646,408
646,409
646,410
646,411
646,412
646,413
646,414
646,415
646,416
646,417
646,418
646,419
646,420
646,421
646,422
646,423
646,424
646,425
646,426
646,427
646,428
646,429
646,430
646,431
646,432
:179_1,433
:179_1,434
:179_1,435
:179_1,436
:179_1,437
-164,438
-164,439
-164,440
-164,441
-164,442
-164,443
-164,444
-164,445
-164,446
-164,447
-164,448
-164,449
-164,450
-164,451
-164,452
-164,453
-164,454
-164,455
-164,456
-164,457
-164,458
-164,459
-164,460
-164,461
-164,462
-164,463
-164,464
-164,465
-164,466
-164,467
-164,468
-164,469
-164,470
-164,471
-164,472
-164,473
-164,474
-164,475
-164,476
-164,477
-164,478
-164,479
-164,480
-164,481
-164,482
-164,483
-164,484
-164,485
-164,486
-164,487
-164,488
-164,489
-164,490
-164,491
-164,492
-164,493
-164,494
-164,495
-164,496
-164,497
-164,498
-164,499
-164,500
-164,501
-164,502
-164,503
-164,504
-164,505
-164,506
-164,507
-164,508
-164,509
-164,510
-164,511
-164,512
-164,513
-164,514
-164,515
-164,516
-164,517
-164,518
-164,519
-164,520
-164,521
-164,522
-164,523
-164,524
-164,525
-164,526
-164,527
-164,528
-164,529
-164,530
-164,531
-164,532
-164,533
-164,534
-164,535
-164,536
-164,537
-164,538
-164,539
-164,540
-164,541
-164,542
-164,543
-164,544
-164,545
-164,546
-164,547
-164,548
-164,549
-164,550
-164,551
-164,552
-164,553
-164,554
-164,555
-164,556
-164,557
-164,558
-164,559
-164,560
-164,561
-164,562
-164,563
-164,564
-164,565
-164,566
-164,567
-164,568
-164,569
-164,570
-164,571
-164,572
-164,573
-164,574
-164,575
-164,576
-164,577
-164,578
-164,579
-164,580
-164,581
-164,582
-164,583
-164,584
-164,585
-164,586
-164,587
-164,588
-164,589
-164,590
-164,591
-164,592
-164,593
-164,594
-164,595
-164,596
-164,597
-164,598
-164,599
-164,600
-164,601
-164,602
-164,603
-164,604
-164,605
-164,606
-164,607
-164,608
-164,609
-164,610
-164,611
-164,612
-164,613
-164,614
-164,615
-164,616
-164,617
-164,618
-164,619
-164,620
-164,621
-164,622
-164,623
-164,624
-164,625
:178_12,626
:178_12,627
:178_12,628
165,629
165,630
165,631
165,632
165,633
165,634
165,635
165,636
165,637
165,638
165,639
165,640
165,641
165,642
165,643
165,644
165,645
165,646
165,647
165,648
165,649
165,650
165,651
165,652
165,653
165,654
165,655
165,656
165,657
165,658
165,659
165,660
165,661
165,662
165,663
165,664
165,665
165,666
165,667
165,668
165,669
165,670
165,671
165,672
165,673
165,674
165,675
165,676
165,677
165,678
165,679
165,680
165,681
165,682
165,683
165,684
165,685
165,686
165,687
165,688
165,689
165,690
165,691
165,692
165,693
165,694
165,695
165,696
165,697
165,698
165,699
165,700
165,701
165,702
165,703
165,704
165,705
165,706
165,707
165,708
165,709
165,710
165,711
165,712
165,713
165,714
165,715
165,716
165,717
165,718
165,719
165,720
165,721
165,722
165,723
165,724
165,725
165,726
165,727
165,728
165,729
165,730
165,731
165,732
165,733
165,734
165,735
165,736
165,737
165,738
165,739
165,740
165,741
165,742
165,743
165,744
165,745
165,746
165,747
165,748
165,749
165,750
165,751
165,752
165,753
165,754
165,755
165,756
165,757
165,758
165,759
165,760
165,761
165,762
165,763
165,764
165,765
165,766
165,767
165,768
165,769
165,770
165,771
165,772
165,773
165,774
165,775
165,776
165,777
165,778
165,779
165,780
165,781
165,782
165,783
165,784
165,785
165,786
165,787
165,788
165,789
165,790
165,791
165,792
165,793
:163_1,794
:163_1,795
:163_1,796
:163_1,797
:163_1,798
180,799
180,800
180,801
180,802
180,803
180,804
180,805
180,806
180,807
180,808
180,809
180,810
180,811
180,812
180,813
180,814
180,815
180,816
180,817
180,818
180,819
180,820
180,821
180,822
180,823
180,824
180,825
180,826
180,827
180,828
180,829
180,830
180,831
180,832
180,833
180,834
180,835
180,836
180,837
180,838
180,839
180,840
180,841
180,842
180,843
180,844
180,845
180,846
180,847
180,848
180,849
180,850
180,851
180,852
180,853
180,854
180,855
180,856
180,857
180,858
180,859
180,860
:193_1,861
:193_1,862
:193_1,863
:193_1,864
:193_1,865
-412,866
-412,867
-412,868
-412,869
-412,870
-412,871
-412,872
-412,873
-412,874
-412,875
-412,876
-412,877
-412,878
-412,879
-412,880
-412,881
-412,882
-412,883
-412,884
-412,885
-412,886
-412,887
-412,888
-412,889
-412,890
-412,891
-412,892
-412,893
-412,894
-412,895
-412,896
-412,897
-412,898
-412,899
-412,900
-412,901
-412,902
-412,903
-412,904
-412,905
-412,906
-412,907
-412,908
-412,909
-412,910
-412,911
-412,912
-412,913
-412,914
-412,915
-412,916
-412,917
-412,918
-412,919
-412,920
-412,921
-412,922
-412,923
-412,924
-412,925
-412,926
-412,927
-412,928
-412,929
-412,930
-412,931
-412,932
-412,933
-412,934
-412,935
-412,936
-412,937
-412,938
-412,939
-412,940
-412,941
-412,942
-412,943
-412,944
-412,945
-412,946
-412,947
-412,948
-412,949
:365_1,950
:365_1,951
:365_1,952
:365_1,953
414,954
414,955
414,956
414,957
414,958
414,959
414,960
414,961
414,962
414,963
414,964
414,965
