584,12
584,13
584,14
584,15
584,16
584,17
584,18
584,19
584,20
584,21
584,22
584,23
584,24
584,25
584,26
584,27
584,28
584,29
584,30
584,31
584,32
584,33
584,34
584,35
584,36
584,37
584,38
584,39
584,40
584,41
584,42
584,43
584,44
584,45
584,46
584,47
584,48
584,49
584,50
584,51
584,52
584,53
584,54
584,55
584,56
584,57
584,58
584,59
:456_1,60
:456_1,61
:456_1,62
:456_1,63
:456_1,64
:456_1,65
585,66
585,67
585,68
585,69
585,70
585,71
585,72
585,73
585,74
585,75
585,76
585,77
585,78
585,79
585,80
585,81
585,82
585,83
585,84
585,85
585,86
585,87
585,88
585,89
585,90
585,91
585,92
585,93
585,94
585,95
585,96
585,97
585,98
585,99
585,100
585,101
585,102
585,103
585,104
585,105
585,106
585,107
585,108
585,109
585,110
585,111
585,112
585,113
585,114
585,115
585,116
585,117
585,118
585,119
585,120
585,121
585,122
585,123
585,124
585,125
585,126
:219_1,127
:219_1,128
:219_1,129
:219_1,130
:219_1,131
:219_1,132
214,133
214,134
214,135
214,136
214,137
214,138
214,139
214,140
214,141
214,142
214,143
214,144
214,145
214,146
214,147
214,148
214,149
214,150
214,151
214,152
214,153
214,154
214,155
214,156
214,157
214,158
214,159
214,160
214,161
214,162
214,163
214,164
214,165
214,166
214,167
214,168
214,169
214,170
214,171
214,172
214,173
214,174
214,175
214,176
214,177
214,178
214,179
214,180
214,181
214,182
214,183
214,184
214,185
214,186
214,187
214,188
214,189
214,190
214,191
214,192
214,193
214,194
214,195
214,196
214,197
214,198
214,199
214,200
214,201
214,202
214,203
214,204
214,205
214,206
214,207
214,208
214,209
214,210
214,211
214,212
214,213
214,214
214,215
214,216
214,217
214,218
214,219
214,220
214,221
214,222
214,223
214,224
214,225
214,226
214,227
214,228
214,229
214,230
214,231
214,232
214,233
214,234
214,235
214,236
214,237
214,238
214,239
214,240
214,241
214,242
214,243
214,244
214,245
214,246
214,247
214,248
214,249
214,250
214,251
214,252
214,253
214,254
214,255
214,256
214,257
214,258
214,259
214,260
214,261
214,262
214,263
214,264
214,265
214,266
:7_12,267
:7_12,268
:7_12,269
425,270
425,271
425,272
425,273
425,274
425,275
425,276
425,277
425,278
425,279
425,280
425,281
425,282
425,283
425,284
425,285
425,286
425,287
425,288
425,289
425,290
425,291
425,292
425,293
425,294
425,295
425,296
425,297
425,298
425,299
425,300
425,301
425,302
425,303
425,304
425,305
425,306
425,307
425,308
425,309
425,310
425,311
425,312
425,313
425,314
425,315
425,316
425,317
425,318
425,319
425,320
425,321
425,322
425,323
425,324
425,325
425,326
425,327
425,328
425,329
425,330
425,331
425,332
425,333
425,334
425,335
425,336
425,337
425,338
425,339
425,340
425,341
425,342
425,343
425,344
425,345
425,346
425,347
425,348
425,349
425,350
425,351
425,352
425,353
425,354
425,355
425,356
425,357
425,358
425,359
425,360
425,361
425,362
425,363
425,364
425,365
425,366
425,367
425,368
425,369
425,370
425,371
425,372
425,373
425,374
425,375
425,376
425,377
425,378
425,379
425,380
425,381
425,382
425,383
425,384
425,385
425,386
425,387
425,388
425,389
425,390
425,391
425,392
:373_1,393
:373_1,394
:373_7,395
:373_7,396
684,397
684,398
684,399
684,400
684,401
684,402
684,403
684,404
684,405
684,406
684,407
684,408
684,409
684,410
684,411
684,412
684,413
684,414
684,415
684,416
684,417
:6_9,418
:6_9,419
6,420
6,421
6,422
6,423
6,424
6,425
6,426
6,427
6,428
6,429
6,430
6,431
6,432
6,433
6,434
6,435
6,436
6,437
6,438
6,439
6,440
6,441
6,442
6,443
6,444
6,445
6,446
6,447
6,448
6,449
6,450
6,451
6,452
6,453
6,454
6,455
6,456
6,457
6,458
6,459
6,460
6,461
6,462
6,463
6,464
6,465
6,466
6,467
6,468
6,469
6,470
6,471
6,472
6,473
6,474
6,475
6,476
6,477
6,478
6,479
6,480
6,481
6,482
6,483
6,484
6,485
6,486
6,487
6,488
6,489
6,490
6,491
6,492
6,493
6,494
6,495
6,496
6,497
6,498
6,499
6,500
6,501
6,502
6,503
6,504
6,505
6,506
6,507
6,508
6,509
6,510
6,511
6,512
6,513
6,514
6,515
6,516
6,517
6,518
6,519
6,520
6,521
6,522
6,523
6,524
6,525
6,526
6,527
6,528
6,529
6,530
6,531
6,532
6,533
6,534
6,535
6,536
6,537
6,538
6,539
6,540
6,541
6,542
6,543
6,544
6,545
6,546
6,547
6,548
6,549
6,550
6,551
6,552
6,553
6,554
6,555
6,556
6,557
6,558
6,559
6,560
6,561
6,562
6,563
6,564
6,565
6,566
6,567
6,568
6,569
6,570
6,571
6,572
6,573
6,574
6,575
6,576
6,577
6,578
6,579
6,580
6,581
6,582
6,583
6,584
6,585
6,586
6,587
6,588
6,589
6,590
6,591
6,592
6,593
6,594
6,595
6,596
6,597
6,598
6,599
6,600
6,601
6,602
6,603
6,604
6,605
6,606
6,607
6,608
6,609
6,610
6,611
6,612
6,613
6,614
6,615
6,616
6,617
6,618
6,619
6,620
6,621
6,622
6,623
6,624
6,625
6,626
6,627
6,628
6,629
6,630
6,631
6,632
6,633
6,634
6,635
6,636
6,637
6,638
6,639
6,640
:8_1,641
7,642
7,643
7,644
7,645
7,646
7,647
7,648
7,649
7,650
7,651
7,652
7,653
7,654
7,655
7,656
7,657
7,658
7,659
7,660
7,661
7,662
7,663
7,664
7,665
7,666
7,667
7,668
7,669
7,670
7,671
7,672
7,673
7,674
7,675
7,676
7,677
7,678
7,679
7,680
7,681
7,682
7,683
7,684
7,685
7,686
7,687
7,688
7,689
7,690
7,691
7,692
7,693
7,694
7,695
7,696
7,697
7,698
7,699
7,700
7,701
7,702
7,703
7,704
7,705
7,706
7,707
7,708
7,709
7,710
7,711
7,712
7,713
7,714
7,715
7,716
7,717
7,718
7,719
7,720
:9_1,721
8,722
8,723
8,724
8,725
8,726
8,727
8,728
8,729
8,730
8,731
8,732
8,733
8,734
8,735
8,736
8,737
8,738
8,739
8,740
8,741
8,742
8,743
8,744
8,745
8,746
8,747
8,748
8,749
8,750
8,751
8,752
8,753
8,754
8,755
8,756
8,757
8,758
8,759
8,760
8,761
8,762
8,763
8,764
8,765
8,766
8,767
8,768
8,769
8,770
8,771
8,772
8,773
8,774
8,775
8,776
8,777
8,778
8,779
8,780
8,781
8,782
8,783
8,784
8,785
8,786
8,787
8,788
8,789
8,790
8,791
9,792
9,793
9,794
9,795
9,796
9,797
9,798
9,799
9,800
9,801
9,802
9,803
9,804
9,805
9,806
9,807
9,808
9,809
9,810
9,811
9,812
9,813
9,814
9,815
9,816
9,817
9,818
9,819
9,820
9,821
9,822
9,823
9,824
9,825
9,826
9,827
9,828
9,829
9,830
9,831
9,832
9,833
9,834
9,835
9,836
9,837
9,838
9,839
9,840
9,841
9,842
9,843
9,844
9,845
9,846
9,847
9,848
9,849
9,850
9,851
9,852
9,853
9,854
9,855
9,856
9,857
9,858
10,859
10,860
10,861
10,862
10,863
10,864
10,865
10,866
10,867
10,868
10,869
10,870
10,871
10,872
10,873
10,874
10,875
10,876
10,877
10,878
10,879
10,880
10,881
10,882
10,883
10,884
10,885
10,886
10,887
10,888
10,889
10,890
10,891
10,892
10,893
10,894
10,895
10,896
10,897
10,898
10,899
10,900
10,901
10,902
10,903
10,904
10,905
10,906
10,907
10,908
10,909
10,910
10,911
10,912
10,913
10,914
10,915
10,916
10,917
10,918
10,919
10,920
10,921
10,922
10,923
10,924
10,925
10,926
11,927
11,928
11,929
11,930
11,931
11,932
11,933
11,934
11,935
11,936
11,937
11,938
11,939
11,940
11,941
11,942
11,943
11,944
11,945
11,946
11,947
11,948
11,949
11,950
11,951
11,952
11,953
11,954
11,955
11,956
11,957
11,958
11,959
11,960
11,961
11,962
11,963
11,964
11,965
