60,1
60,1
60,1
60,2
60,3
60,4
60,5
60,6
60,7
60,8
60,9
60,10
60,11
60,12
60,13
60,14
60,15
60,16
60,17
60,18
60,19
60,20
60,21
60,22
60,23
60,24
60,25
60,26
60,27
60,28
60,29
60,30
60,31
60,32
60,33
60,34
60,35
60,36
60,37
60,38
60,39
60,40
60,41
60,42
60,43
60,44
60,45
60,46
60,47
60,48
60,49
60,50
60,51
60,52
60,53
60,54
60,55
60,56
60,57
60,58
60,59
60,60
60,61
60,62
60,63
60,64
60,65
60,66
60,67
60,68
60,69
60,70
60,71
60,72
60,73
60,74
60,75
60,76
60,77
60,78
60,79
60,80
60,81
60,82
61,83
61,84
61,85
61,86
61,87
61,88
61,89
61,90
61,91
61,92
61,93
61,94
61,95
61,96
61,97
61,98
61,99
61,100
61,101
61,102
61,103
61,104
61,105
61,106
61,107
61,108
61,109
61,110
61,111
61,112
61,113
61,114
61,115
61,116
61,117
61,118
61,119
61,120
61,121
61,122
61,123
61,124
61,125
61,126
61,127
61,128
61,129
61,130
61,131
61,132
61,133
61,134
61,135
61,136
61,137
61,138
61,139
61,140
61,141
61,142
61,143
61,144
61,145
61,146
61,147
61,148
61,149
61,150
61,151
61,152
61,153
61,154
61,155
61,156
61,157
61,158
61,159
61,160
61,161
61,162
61,163
61,164
61,165
61,166
61,167
61,168
61,169
61,170
61,171
61,172
61,173
61,174
62,175
62,176
62,177
62,178
62,179
62,180
62,181
62,182
62,183
62,184
62,185
62,186
62,187
62,188
62,189
62,190
62,191
62,192
62,193
62,194
62,195
62,196
62,197
62,198
62,199
62,200
62,201
62,202
62,203
62,204
62,205
62,206
62,207
62,208
62,209
62,210
62,211
62,212
62,213
62,214
62,215
62,216
62,217
62,218
62,219
62,220
62,221
62,222
62,223
62,224
62,225
62,226
62,227
62,228
62,229
62,230
62,231
62,232
62,233
62,234
62,235
62,236
62,237
62,238
62,239
62,240
62,241
62,242
62,243
62,244
62,245
62,246
62,247
62,248
62,249
62,250
62,251
62,252
62,253
62,254
62,255
62,256
62,257
62,258
62,259
62,260
62,261
62,262
62,263
62,264
62,265
62,266
62,267
62,268
62,269
63,270
63,271
63,272
63,273
63,274
63,275
63,276
63,277
63,278
63,279
63,280
63,281
63,282
63,283
63,284
63,285
63,286
63,287
63,288
63,289
63,290
63,291
63,292
63,293
63,294
63,295
63,296
63,297
63,298
63,299
63,300
63,301
63,302
63,303
63,304
63,305
63,306
63,307
63,308
63,309
63,310
63,311
63,312
63,313
63,314
63,315
63,316
63,317
63,318
63,319
63,320
63,321
63,322
63,323
63,324
63,325
63,326
63,327
63,328
63,329
63,330
63,331
63,332
63,333
63,334
63,335
63,336
63,337
63,338
63,339
63,340
63,341
63,342
63,343
63,344
63,345
63,346
63,347
63,348
63,349
63,350
63,351
63,352
:72_3,353
:72_3,354
:72_3,355
:72_3,356
:72_3,357
:72_3,358
:72_3,359
:72_3,360
64,361
64,362
64,363
64,364
64,365
64,366
64,367
64,368
64,369
64,370
64,371
64,372
64,373
64,374
64,375
64,376
64,377
64,378
64,379
64,380
64,381
64,382
64,383
64,384
64,385
64,386
64,387
64,388
64,389
64,390
64,391
64,392
64,393
64,394
64,395
64,396
64,397
64,398
64,399
64,400
64,401
64,402
64,403
64,404
64,405
64,406
64,407
64,408
64,409
64,410
64,411
64,412
64,413
64,414
64,415
64,416
64,417
64,418
64,419
64,420
64,421
64,422
64,423
64,424
64,425
64,426
64,427
64,428
64,429
64,430
64,431
64,432
64,433
64,434
64,435
64,436
64,437
64,438
64,439
64,440
64,441
64,442
64,443
64,444
64,445
64,446
64,447
64,448
64,449
64,450
64,451
64,452
64,453
64,454
64,455
64,456
64,457
64,458
64,459
64,460
:73_12,461
:73_12,462
:73_12,463
:73_12,464
368,465
368,466
368,467
368,468
368,469
368,470
368,471
368,472
368,473
368,474
368,475
368,476
368,477
368,478
368,479
368,480
368,481
368,482
368,483
368,484
368,485
368,486
368,487
368,488
368,489
368,490
368,491
368,492
368,493
368,494
368,495
368,496
368,497
368,498
368,499
368,500
368,501
368,502
368,503
368,504
368,505
368,506
368,507
368,508
368,509
368,510
368,511
368,512
368,513
368,514
368,515
368,516
368,517
368,518
368,519
368,520
368,521
368,522
368,523
368,524
368,525
368,526
368,527
368,528
368,529
368,530
368,531
368,532
368,533
368,534
368,535
368,536
368,537
368,538
368,539
368,540
368,541
368,542
368,543
368,544
368,545
368,546
368,547
368,548
368,549
368,550
368,551
368,552
368,553
368,554
368,555
368,556
368,557
368,558
368,559
368,560
368,561
368,562
368,563
368,564
368,565
368,566
368,567
368,568
368,569
368,570
368,571
368,572
368,573
368,574
368,575
368,576
368,577
368,578
368,579
368,580
368,581
368,582
368,583
368,584
368,585
368,586
368,587
368,588
368,589
368,590
368,591
368,592
368,593
368,594
368,595
368,596
368,597
368,598
368,599
368,600
368,601
368,602
368,603
368,604
368,605
368,606
368,607
368,608
368,609
368,610
368,611
368,612
368,613
368,614
368,615
368,616
368,617
368,618
368,619
368,620
368,621
368,622
368,623
368,624
368,625
368,626
368,627
368,628
368,629
368,630
368,631
368,632
368,633
368,634
368,635
368,636
368,637
368,638
368,639
368,640
368,641
368,642
368,643
:337_0,644
:337_0,645
:337_0,646
:337_0,647
455,648
455,649
455,650
455,651
455,652
455,653
455,654
455,655
455,656
455,657
455,658
455,659
455,660
455,661
455,662
455,663
455,664
455,665
455,666
455,667
455,668
455,669
455,670
455,671
455,672
455,673
455,674
455,675
455,676
455,677
455,678
455,679
455,680
455,681
455,682
455,683
455,684
455,685
455,686
455,687
455,688
455,689
455,690
455,691
455,692
455,693
455,694
455,695
455,696
455,697
455,698
455,699
455,700
455,701
455,702
455,703
455,704
455,705
455,706
455,707
455,708
455,709
455,710
455,711
455,712
455,713
455,714
455,715
455,716
455,717
455,718
455,719
455,720
455,721
455,722
455,723
455,724
455,725
455,726
455,727
455,728
455,729
455,730
455,731
455,732
455,733
455,734
455,735
455,736
455,737
455,738
455,739
455,740
455,741
455,742
455,743
455,744
455,745
455,746
455,747
455,748
455,749
455,750
455,751
455,752
455,753
455,754
455,755
455,756
455,757
455,758
455,759
455,760
455,761
455,762
455,763
455,764
455,765
455,766
455,767
455,768
455,769
455,770
455,771
455,772
455,773
455,774
455,775
455,776
455,777
455,778
455,779
455,780
455,781
455,782
455,783
455,784
455,785
455,786
455,787
455,788
455,789
455,790
455,791
455,792
455,793
455,794
455,795
455,796
455,797
455,798
455,799
455,800
455,801
455,802
455,803
455,804
455,805
455,806
455,807
455,808
455,809
455,810
455,811
455,812
455,813
455,814
455,815
455,816
455,817
455,818
455,819
455,820
455,821
455,822
455,823
455,824
455,825
455,826
455,827
455,828
455,829
455,830
455,831
455,832
455,833
455,834
455,835
455,836
455,837
455,838
455,839
455,840
455,841
455,842
455,843
455,844
455,845
455,846
455,847
455,848
455,849
455,850
455,851
455,852
455,853
455,854
455,855
455,856
455,857
455,858
455,859
455,860
455,861
455,862
455,863
455,864
455,865
455,866
455,867
455,868
455,869
455,870
455,871
455,872
455,873
455,874
455,875
455,876
455,877
455,878
455,879
455,880
455,881
455,882
455,883
455,884
455,885
455,886
455,887
455,888
455,889
455,890
455,891
455,892
455,893
455,894
455,895
455,896
455,897
455,898
455,899
455,900
455,901
455,902
455,903
455,904
455,905
455,906
455,907
455,908
455,909
455,910
455,911
455,912
455,913
455,914
455,915
455,916
455,917
455,918
455,919
:388_0,920
:388_0,921
:388_0,922
:388_0,923
:388_0,924
:388_0,925
484,926
484,927
484,928
484,929
484,930
484,931
484,932
484,933
484,934
484,935
484,936
484,937
484,938
484,939
484,940
484,941
484,942
484,943
484,944
484,945
484,946
484,947
484,948
484,949
484,950
484,951
484,952
484,953
484,954
484,955
484,956
484,957
484,958
484,959
484,960
484,961
484,962
484,963
484,964
484,965
484,966
60,1
60,2
60,3
60,1
