-34,4
-34,5
-34,6
-34,7
-34,8
-34,9
-34,10
-34,11
-34,12
-34,13
-34,14
-34,15
-34,16
-34,17
-34,18
-34,19
-34,20
-34,21
-34,22
-34,23
-34,24
-34,25
-34,26
-34,27
-34,28
-34,29
-34,30
-34,31
-34,32
-34,33
-34,34
-34,35
-34,36
-34,37
-34,38
-34,39
-34,40
-34,41
-34,42
-34,43
-34,44
-34,45
-34,46
-34,47
-34,48
-34,49
-34,50
-34,51
-34,52
-34,53
-34,54
-34,55
-34,56
-34,57
-34,58
-34,59
-34,60
-34,61
-34,62
-34,63
-34,64
-34,65
-34,66
-34,67
-34,68
-34,69
-34,70
-34,71
-34,72
-34,73
-34,74
-34,75
-34,76
-34,77
-34,78
-34,79
-34,80
-34,81
-34,82
-34,83
-34,84
-34,85
-34,86
-34,87
-34,88
-34,89
-34,90
-34,91
-34,92
-34,93
-34,94
-34,95
-34,96
-34,97
-34,98
-34,99
-34,100
-34,101
-34,102
-34,103
-34,104
-34,105
-34,106
-34,107
-34,108
-34,109
-34,110
-34,111
-34,112
:38_1,113
:38_1,114
:38_1,115
:38_1,116
:38_1,117
33,118
33,119
33,120
33,121
33,122
33,123
33,124
33,125
33,126
33,127
33,128
33,129
33,130
33,131
33,132
33,133
33,134
33,135
33,136
33,137
33,138
33,139
33,140
33,141
33,142
33,143
33,144
33,145
33,146
33,147
33,148
33,149
33,150
33,151
33,152
33,153
33,154
33,155
33,156
33,157
33,158
33,159
33,160
33,161
33,162
33,163
33,164
33,165
33,166
33,167
33,168
33,169
33,170
33,171
33,172
33,173
33,174
33,175
33,176
33,177
33,178
33,179
33,180
33,181
33,182
33,183
33,184
33,185
33,186
33,187
33,188
33,189
33,190
33,191
33,192
33,193
33,194
33,195
33,196
33,197
33,198
33,199
33,200
33,201
33,202
33,203
33,204
33,205
33,206
33,207
33,208
33,209
33,210
33,211
33,212
33,213
33,214
33,215
33,216
33,217
33,218
33,219
33,220
33,221
33,222
33,223
33,224
33,225
33,226
33,227
33,228
33,229
33,230
33,231
33,232
33,233
33,234
33,235
33,236
33,237
33,238
33,239
33,240
33,241
33,242
33,243
33,244
33,245
33,246
33,247
33,248
33,249
33,250
33,251
33,252
33,253
33,254
33,255
33,256
33,257
33,258
33,259
33,260
33,261
33,262
33,263
33,264
33,265
33,266
33,267
33,268
33,269
33,270
33,271
33,272
33,273
33,274
33,275
33,276
33,277
:40_6,278
:40_6,279
:40_6,280
:40_6,281
:40_6,282
450,283
450,284
450,285
450,286
450,287
450,288
450,289
450,290
450,291
450,292
450,293
450,294
450,295
450,296
450,297
450,298
450,299
450,300
450,301
450,302
450,303
450,304
450,305
450,306
450,307
450,308
450,309
450,310
450,311
450,312
450,313
450,314
450,315
450,316
450,317
450,318
450,319
:154_0,320
:154_0,321
:154_0,322
:154_0,323
:154_0,324
-138,325
-138,326
-138,327
-138,328
-138,329
-138,330
-138,331
-138,332
-138,333
-138,334
-138,335
-138,336
-138,337
-138,338
-138,339
-138,340
-138,341
-138,342
-138,343
-138,344
-138,345
-138,346
-138,347
-138,348
-138,349
-138,350
-138,351
-138,352
-138,353
-138,354
-138,355
-138,356
-138,357
-138,358
-138,359
-138,360
-138,361
-138,362
-138,363
-138,364
-138,365
-138,366
-138,367
-138,368
-138,369
-138,370
-138,371
-138,372
-138,373
-138,374
-138,375
-138,376
-138,377
-138,378
-138,379
-138,380
-138,381
-138,382
-138,383
-138,384
-138,385
-138,386
-138,387
-138,388
-138,389
-138,390
-138,391
-138,392
-138,393
-138,394
-138,395
-138,396
-138,397
-138,398
-138,399
-138,400
-138,401
-138,402
-138,403
-138,404
-138,405
-138,406
-138,407
-138,408
-138,409
-138,410
-138,411
-138,412
-138,413
-138,414
-138,415
-138,416
-138,417
-138,418
-138,419
-138,420
-138,421
-138,422
-138,423
-138,424
-138,425
-138,426
-138,427
-138,428
-138,429
-138,430
-138,431
-138,432
:153_1,433
:153_1,434
:153_1,435
:153_1,436
:153_1,437
:153_1,438
142,439
142,440
142,441
142,442
142,443
142,444
142,445
142,446
142,447
142,448
142,449
142,450
142,451
142,452
142,453
142,454
142,455
142,456
142,457
142,458
142,459
142,460
142,461
142,462
142,463
142,464
142,465
142,466
142,467
142,468
142,469
142,470
142,471
142,472
142,473
142,474
142,475
142,476
142,477
142,478
142,479
142,480
142,481
142,482
142,483
142,484
142,485
142,486
142,487
142,488
142,489
142,490
142,491
142,492
142,493
142,494
142,495
142,496
142,497
142,498
142,499
142,500
142,501
142,502
142,503
142,504
142,505
142,506
142,507
142,508
142,509
142,510
142,511
142,512
142,513
142,514
142,515
142,516
142,517
142,518
142,519
142,520
142,521
142,522
142,523
142,524
142,525
142,526
142,527
142,528
142,529
142,530
:157_13,531
:157_13,532
:157_13,533
:157_13,534
:157_13,535
-259,536
-259,537
-259,538
-259,539
-259,540
-259,541
-259,542
-259,543
-259,544
-259,545
-259,546
-259,547
-259,548
-259,549
-259,550
-259,551
-259,552
-259,553
-259,554
-259,555
-259,556
-259,557
:256_1,558
:256_1,559
:256_1,560
:256_1,561
:256_1,562
-258,563
-258,564
-258,565
-258,566
-258,567
-258,568
-258,569
-258,570
-258,571
-258,572
-258,573
-258,574
-258,575
-258,576
-258,577
-258,578
-258,579
-258,580
-258,581
-258,582
-258,583
-258,584
-258,585
-258,586
-258,587
-258,588
-258,589
-258,590
-258,591
-258,592
-258,593
-258,594
-258,595
-258,596
-258,597
-258,598
-258,599
-258,600
-258,601
-258,602
-258,603
-258,604
-258,605
-258,606
-258,607
-258,608
-258,609
-258,610
-258,611
-258,612
-258,613
-258,614
-258,615
-258,616
-258,617
-258,618
-258,619
-258,620
-258,621
-258,622
-258,623
-258,624
-258,625
-258,626
-258,627
-258,628
-258,629
-258,630
-258,631
-258,632
-258,633
:21_1,634
:21_1,635
:21_1,636
:21_1,637
:21_1,638
-18,639
-18,640
-18,641
-18,642
-18,643
-18,644
-18,645
-18,646
-18,647
-18,648
-18,649
-18,650
-18,651
-18,652
-18,653
-18,654
-18,655
-18,656
-18,657
-18,658
-18,659
-18,660
-18,661
-18,662
-18,663
-18,664
-18,665
-18,666
-18,667
-18,668
-18,669
-18,670
-18,671
-18,672
-18,673
-18,674
-18,675
-18,676
-18,677
-18,678
-18,679
-18,680
-18,681
-18,682
-18,683
-18,684
-18,685
-18,686
-18,687
-18,688
-18,689
-18,690
-18,691
-18,692
-18,693
-18,694
-18,695
-18,696
-18,697
-18,698
-18,699
-18,700
-18,701
-18,702
-18,703
-18,704
-18,705
-18,706
-18,707
-18,708
-18,709
-18,710
-18,711
-18,712
-18,713
-18,714
-18,715
-18,716
-18,717
-18,718
-18,719
-18,720
-18,721
-18,722
-18,723
-18,724
-18,725
-18,726
-18,727
-18,728
-18,729
-18,730
-18,731
-18,732
-18,733
-18,734
-18,735
-18,736
-18,737
-18,738
-18,739
-18,740
:20_6,741
:20_6,742
:20_6,743
:20_6,744
-17,745
-17,746
-17,747
-17,748
-17,749
-17,750
-17,751
-17,752
-17,753
-17,754
-17,755
-17,756
-17,757
-17,758
-17,759
-17,760
-17,761
-17,762
-17,763
-17,764
-17,765
-17,766
-17,767
-17,768
-17,769
-17,770
-17,771
-17,772
-17,773
-17,774
-17,775
-17,776
-17,777
-17,778
-17,779
-17,780
-17,781
-17,782
-17,783
-17,784
-17,785
-17,786
-17,787
-17,788
-17,789
-17,790
-17,791
-17,792
-17,793
-17,794
-17,795
-17,796
-17,797
-17,798
-17,799
-17,800
-17,801
-17,802
-17,803
-17,804
-17,805
-17,806
-17,807
-17,808
-17,809
-17,810
-17,811
-17,812
-17,813
-17,814
-17,815
-17,816
-17,817
-17,818
-17,819
-17,820
-17,821
-17,822
-17,823
-17,824
-17,825
-17,826
-17,827
-17,828
-17,829
-17,830
-17,831
-17,832
-17,833
-17,834
-17,835
-17,836
-17,837
-17,838
-17,839
-17,840
-17,841
-17,842
-17,843
-34,4
