110,4
110,5
110,6
110,7
110,8
110,9
110,10
110,11
110,12
110,13
110,14
110,15
110,16
110,17
110,18
110,19
110,20
110,21
110,22
110,23
110,24
110,25
110,26
110,27
110,28
110,29
110,30
110,31
110,32
110,33
110,34
110,35
110,36
110,37
110,38
110,39
110,40
110,41
110,42
110,43
110,44
110,45
110,46
110,47
110,48
110,49
110,50
110,51
110,52
110,53
110,54
110,55
110,56
110,57
110,58
110,59
110,60
110,61
110,62
110,63
110,64
110,65
110,66
110,67
110,68
110,69
110,70
110,71
110,72
110,73
110,74
110,75
:127_6,76
:127_6,77
:127_6,78
-269,79
-269,80
-269,81
-269,82
-269,83
-269,84
-269,85
-269,86
-269,87
-269,88
-269,89
-269,90
-269,91
-269,92
-269,93
-269,94
-269,95
-269,96
-269,97
-269,98
-269,99
-269,100
-269,101
-269,102
-269,103
-269,104
-269,105
-269,106
-269,107
-269,108
-269,109
-269,110
-269,111
-269,112
-269,113
-269,114
-269,115
-269,116
-269,117
-269,118
-269,119
-269,120
-269,121
-269,122
-269,123
-269,124
-269,125
-269,126
-269,127
-269,128
-269,129
-269,130
-269,131
-269,132
-269,133
-269,134
-269,135
-269,136
-269,137
-269,138
-269,139
-269,140
-269,141
-269,142
-269,143
-269,144
-269,145
-269,146
-269,147
-269,148
-269,149
-269,150
-269,151
-269,152
-269,153
-269,154
-269,155
-269,156
-269,157
-269,158
-269,159
-269,160
-269,161
-269,162
-269,163
-269,164
-269,165
-269,166
-269,167
-269,168
-269,169
-269,170
-269,171
-269,172
-269,173
-269,174
-269,175
-269,176
-269,177
-269,178
-269,179
-269,180
-269,181
-269,182
-269,183
-269,184
-269,185
:263_7,186
:263_7,187
:263_7,188
:263_7,189
:263_7,190
270,191
270,192
270,193
270,194
270,195
270,196
270,197
270,198
270,199
270,200
270,201
270,202
270,203
270,204
270,205
270,206
270,207
270,208
270,209
270,210
270,211
270,212
270,213
270,214
270,215
270,216
270,217
270,218
270,219
270,220
270,221
270,222
270,223
270,224
270,225
270,226
270,227
270,228
270,229
270,230
270,231
270,232
270,233
270,234
270,235
270,236
270,237
270,238
270,239
270,240
270,241
270,242
270,243
270,244
270,245
270,246
270,247
270,248
270,249
270,250
270,251
270,252
270,253
270,254
270,255
270,256
270,257
270,258
270,259
270,260
270,261
270,262
270,263
270,264
270,265
270,266
270,267
270,268
270,269
270,270
270,271
270,272
270,273
270,274
270,275
270,276
270,277
270,278
270,279
270,280
270,281
270,282
270,283
270,284
270,285
270,286
270,287
270,288
270,289
:264_0,290
689,291
689,292
689,293
689,294
689,295
689,296
689,297
689,298
689,299
689,300
689,301
689,302
689,303
689,304
:411_2,305
:411_2,306
-491,307
-491,308
-491,309
-491,310
-491,311
-491,312
-491,313
-491,314
-491,315
-491,316
-491,317
-491,318
-491,319
-491,320
-491,321
-491,322
-491,323
-491,324
-491,325
-491,326
-491,327
-491,328
-491,329
-491,330
-491,331
-491,332
-491,333
-491,334
-491,335
-491,336
-491,337
-491,338
-491,339
-491,340
-491,341
-491,342
-491,343
-491,344
-491,345
-491,346
-491,347
-491,348
-491,349
-491,350
-491,351
:29_8,352
:29_8,353
:29_8,354
:29_8,355
210,356
210,357
210,358
210,359
210,360
210,361
210,362
210,363
210,364
210,365
210,366
210,367
210,368
210,369
210,370
210,371
210,372
210,373
210,374
210,375
210,376
210,377
210,378
210,379
210,380
210,381
210,382
210,383
210,384
210,385
210,386
210,387
210,388
210,389
210,390
210,391
210,392
210,393
210,394
210,395
210,396
210,397
210,398
210,399
210,400
210,401
210,402
210,403
210,404
210,405
210,406
210,407
210,408
210,409
210,410
210,411
210,412
210,413
210,414
210,415
210,416
210,417
210,418
210,419
210,420
210,421
210,422
210,423
210,424
210,425
210,426
210,427
210,428
210,429
210,430
210,431
210,432
210,433
210,434
210,435
210,436
210,437
210,438
210,439
:16_6,440
:16_6,441
:16_6,442
:16_6,443
:16_6,444
-14,445
-14,446
-14,447
-14,448
-14,449
-14,450
-14,451
-14,452
-14,453
-14,454
-14,455
-14,456
-14,457
-14,458
-14,459
-14,460
-14,461
-14,462
-14,463
-14,464
-14,465
-14,466
-14,467
-14,468
-14,469
-14,470
-14,471
-14,472
-14,473
-14,474
-14,475
-14,476
-14,477
-14,478
-14,479
-14,480
-14,481
-14,482
-14,483
-14,484
-14,485
-14,486
-14,487
-14,488
-14,489
-14,490
-14,491
-14,492
-14,493
-14,494
-14,495
-14,496
-14,497
-14,498
-14,499
-14,500
-14,501
-14,502
-14,503
-14,504
-14,505
-14,506
-14,507
-14,508
-14,509
-14,510
-14,511
-14,512
-14,513
-14,514
-14,515
-14,516
-14,517
-14,518
-14,519
-14,520
-14,521
-14,522
-14,523
-14,524
-14,525
-14,526
-14,527
-14,528
-14,529
-14,530
-14,531
-14,532
-14,533
-14,534
-14,535
-14,536
-14,537
-14,538
-14,539
:14_1,540
:14_1,541
13,542
13,543
13,544
13,545
13,546
13,547
13,548
13,549
13,550
13,551
13,552
13,553
13,554
13,555
13,556
13,557
13,558
13,559
13,560
13,561
13,562
13,563
13,564
13,565
13,566
13,567
13,568
13,569
13,570
13,571
13,572
13,573
13,574
13,575
13,576
13,577
13,578
13,579
13,580
13,581
13,582
13,583
13,584
13,585
13,586
13,587
13,588
13,589
13,590
13,591
13,592
13,593
13,594
13,595
13,596
13,597
13,598
13,599
13,600
13,601
13,602
13,603
13,604
13,605
13,606
13,607
13,608
13,609
13,610
13,611
13,612
13,613
13,614
13,615
13,616
13,617
13,618
13,619
13,620
13,621
13,622
13,623
13,624
13,625
13,626
13,627
:15_3,628
:15_3,629
:15_3,630
:15_3,631
-375,632
-375,633
-375,634
-375,635
-375,636
-375,637
-375,638
-375,639
-375,640
-375,641
-375,642
-375,643
-375,644
-375,645
-375,646
-375,647
-375,648
-375,649
-375,650
-375,651
-375,652
-375,653
-375,654
-375,655
-375,656
-375,657
-375,658
-375,659
-375,660
-375,661
-375,662
-375,663
-375,664
-375,665
-375,666
-375,667
-375,668
-375,669
-375,670
-375,671
-375,672
-375,673
-375,674
-375,675
-375,676
-375,677
-375,678
-375,679
-375,680
-375,681
-375,682
-375,683
-375,684
-375,685
-375,686
-375,687
-375,688
-375,689
-375,690
-375,691
-375,692
-375,693
-375,694
-375,695
-375,696
-375,697
-375,698
-375,699
-375,700
-375,701
-375,702
-375,703
-375,704
-375,705
-375,706
-375,707
-375,708
-375,709
-375,710
-375,711
-375,712
-375,713
-375,714
-375,715
-375,716
-375,717
-375,718
-375,719
-375,720
-375,721
-375,722
-375,723
-374,724
-374,725
-374,726
-374,727
-374,728
-374,729
-374,730
-374,731
-374,732
-374,733
-374,734
-374,735
-374,736
-374,737
-374,738
-374,739
-374,740
-374,741
-374,742
-374,743
-374,744
-374,745
-374,746
-374,747
-374,748
-374,749
-374,750
-374,751
-374,752
-374,753
-374,754
-374,755
-374,756
-374,757
-374,758
-374,759
-374,760
-374,761
-374,762
-374,763
-374,764
-374,765
-374,766
-374,767
-374,768
-374,769
-374,770
-374,771
-374,772
-374,773
-374,774
-374,775
-374,776
-374,777
-374,778
-374,779
-374,780
-374,781
-374,782
-374,783
-374,784
-374,785
-374,786
-374,787
-374,788
:230_9,789
:230_9,790
:230_9,791
:230_9,792
:230_9,793
-224,794
-224,795
-224,796
-224,797
-224,798
-224,799
-224,800
-224,801
-224,802
-224,803
-224,804
-224,805
-224,806
-224,807
-224,808
-224,809
-224,810
-224,811
-224,812
-224,813
-224,814
-224,815
-224,816
-224,817
-224,818
-224,819
-224,820
-224,821
-224,822
-224,823
-224,824
-224,825
-224,826
-224,827
-224,828
-224,829
-224,830
-224,831
-224,832
-224,833
-224,834
-224,835
-224,836
-224,837
-224,838
-224,839
-224,840
-224,841
-224,842
-224,843
-224,844
-224,845
-224,846
-224,847
-224,848
-224,849
-224,850
-224,851
-224,852
-224,853
-224,854
-224,855
-224,856
-224,857
-224,858
-224,859
-224,860
-224,861
-224,862
-224,863
-224,864
-224,865
-224,866
-224,867
:229_6,868
:229_6,869
:229_6,870
:229_6,871
:229_6,872
-223,873
-223,874
-223,875
-223,876
-223,877
-223,878
-223,879
-223,880
-223,881
-223,882
-223,883
-223,884
-223,885
-223,886
-223,887
-223,888
-223,889
-223,890
-223,891
-223,892
-223,893
-223,894
-223,895
-223,896
-223,897
-223,898
-223,899
-223,900
-223,901
-223,902
-223,903
-223,904
-223,905
-223,906
-223,907
-223,908
-223,909
-223,910
-223,911
-223,912
-223,913
-223,914
-223,915
-223,916
-223,917
-223,918
-223,919
-223,920
-223,921
-223,922
-223,923
-223,924
-223,925
-223,926
-223,927
-223,928
-223,929
-223,930
-223,931
-223,932
-223,933
-223,934
-223,935
-223,936
-223,937
-223,938
-223,939
-223,940
-223,941
-223,942
-223,943
-223,944
-223,945
-223,946
-223,947
-223,948
-223,949
-223,950
-223,951
-223,952
:228_6,953
:228_6,954
:228_6,955
:228_6,956
:228_6,957
-222,958
-222,959
-222,960
-222,961
-222,962
-222,963
-222,964
-222,965
110,4
