-567,1
-567,1
-567,1
-567,2
-567,3
-567,4
-567,5
-567,6
-567,7
-567,8
-567,9
-567,10
-567,11
-567,12
-567,13
-567,14
-567,15
-567,16
-567,17
-567,18
-567,19
-567,20
-567,21
-567,22
-567,23
-567,24
-567,25
-567,26
-567,27
-567,28
-567,29
-567,30
-567,31
-567,32
-567,33
-567,34
-567,35
-567,36
-567,37
-567,38
-567,39
-567,40
-567,41
-567,42
-567,43
-567,44
-567,45
-567,46
-567,47
-567,48
-567,49
-567,50
-567,51
-567,52
-567,53
-567,54
-567,55
-567,56
-567,57
-567,58
-567,59
-567,60
-567,61
-567,62
-567,63
-567,64
-567,65
-567,66
-567,67
-567,68
-567,69
-567,70
-567,71
-567,72
-567,73
-567,74
-567,75
-567,76
-567,77
-567,78
-567,79
-567,80
-567,81
-567,82
-567,83
-567,84
-567,85
-567,86
-567,87
-567,88
-567,89
-567,90
-567,91
-567,92
-567,93
-567,94
-567,95
-567,96
-567,97
-567,98
-567,99
-567,100
-567,101
-567,102
-567,103
-567,104
-567,105
-567,106
-567,107
-567,108
-567,109
-567,110
-567,111
-567,112
-567,113
-567,114
-567,115
-567,116
-567,117
-567,118
-567,119
-567,120
-567,121
-567,122
-567,123
-567,124
-567,125
-567,126
-567,127
-567,128
-567,129
-567,130
-567,131
-567,132
-567,133
-567,134
-567,135
-567,136
-567,137
-567,138
-567,139
-567,140
-567,141
-567,142
-567,143
-567,144
-567,145
-567,146
-567,147
-567,148
-567,149
-567,150
-567,151
-567,152
-567,153
-567,154
-567,155
-567,156
-567,157
-567,158
-567,159
-567,160
-567,161
-567,162
-567,163
-567,164
-567,165
-567,166
-567,167
-567,168
-567,169
-567,170
-567,171
-567,172
-567,173
-567,174
-567,175
-567,176
-567,177
-567,178
-567,179
-567,180
-567,181
-567,182
-567,183
-567,184
-567,185
-567,186
-567,187
-567,188
-567,189
-567,190
-567,191
-567,192
-567,193
-567,194
-567,195
-567,196
-567,197
-567,198
-567,199
-567,200
-567,201
-567,202
-567,203
-567,204
-567,205
-567,206
-567,207
-567,208
-567,209
-567,210
-567,211
-567,212
-567,213
-567,214
-567,215
-567,216
-567,217
-567,218
-567,219
-567,220
-567,221
-567,222
-567,223
-567,224
-567,225
-567,226
-567,227
-567,228
-567,229
-567,230
-567,231
-567,232
-567,233
-567,234
-567,235
-567,236
-567,237
-567,238
:352_0,239
:352_0,240
:352_0,241
:352_0,242
:352_0,243
:352_0,244
-389,245
-389,246
-389,247
-389,248
-389,249
-389,250
-389,251
-389,252
-389,253
-389,254
-389,255
-389,256
-389,257
-389,258
-389,259
-389,260
-389,261
-389,262
-389,263
-389,264
-389,265
-389,266
-389,267
-389,268
-389,269
-389,270
-389,271
-389,272
-389,273
-389,274
-389,275
-389,276
-389,277
-389,278
-389,279
-389,280
-389,281
-389,282
:351_0,283
-388,284
-388,285
-388,286
-388,287
-388,288
-388,289
-388,290
-388,291
-388,292
-388,293
-388,294
-388,295
-388,296
-388,297
-388,298
-388,299
-388,300
-388,301
-388,302
-388,303
-388,304
-388,305
-388,306
-388,307
-388,308
-388,309
-388,310
-388,311
-388,312
-388,313
-388,314
-388,315
-388,316
-388,317
-388,318
-388,319
-388,320
-388,321
-388,322
-388,323
-388,324
-388,325
-388,326
-388,327
-388,328
-388,329
-388,330
-388,331
-388,332
-388,333
-388,334
-388,335
-388,336
-388,337
-388,338
-388,339
-388,340
-388,341
-388,342
-388,343
-388,344
-388,345
-388,346
-388,347
-388,348
-388,349
-388,350
-388,351
-388,352
-388,353
-388,354
-388,355
-387,356
-387,357
-387,358
-387,359
-387,360
-387,361
-387,362
-387,363
-387,364
-387,365
-387,366
-387,367
-387,368
-387,369
-387,370
-387,371
-387,372
-387,373
-387,374
-387,375
-387,376
-387,377
-387,378
-387,379
-387,380
-387,381
-387,382
-387,383
-387,384
-387,385
-387,386
-387,387
-387,388
-387,389
-387,390
-387,391
-387,392
-387,393
-387,394
-387,395
-387,396
-387,397
-387,398
-387,399
-387,400
-387,401
-387,402
-387,403
-387,404
-387,405
-387,406
-387,407
-387,408
-387,409
-387,410
-387,411
-387,412
-387,413
-387,414
-387,415
-387,416
-387,417
-387,418
-387,419
-387,420
-387,421
-387,422
-387,423
-387,424
-387,425
-387,426
-387,427
-387,428
-387,429
-387,430
-387,431
-387,432
-387,433
-387,434
-387,435
-387,436
-387,437
-387,438
-386,439
-386,440
-386,441
-386,442
-386,443
-386,444
-386,445
-386,446
-386,447
-386,448
-386,449
-386,450
-386,451
-386,452
-386,453
-386,454
-386,455
-386,456
-386,457
-386,458
-386,459
-386,460
-386,461
-386,462
-386,463
-386,464
-386,465
-386,466
-386,467
-386,468
-386,469
-386,470
-386,471
-386,472
-386,473
-386,474
-386,475
-386,476
-386,477
-386,478
-386,479
-386,480
-386,481
-386,482
-386,483
-386,484
-386,485
-386,486
-386,487
-386,488
-386,489
-386,490
-386,491
-386,492
-386,493
-386,494
-386,495
-386,496
-386,497
-386,498
-386,499
-386,500
-386,501
-386,502
-386,503
-386,504
-386,505
-386,506
-386,507
-386,508
-386,509
-386,510
-386,511
-386,512
-386,513
-386,514
-385,515
-385,516
-385,517
-385,518
-385,519
-385,520
-385,521
-385,522
-385,523
-385,524
-385,525
-385,526
-385,527
-385,528
-385,529
-385,530
-385,531
-385,532
-385,533
-385,534
-385,535
-385,536
-385,537
-385,538
-385,539
-385,540
-385,541
-385,542
-385,543
-385,544
-385,545
-385,546
-385,547
-385,548
-385,549
-385,550
-385,551
-385,552
-385,553
-385,554
-385,555
-385,556
-385,557
-385,558
-385,559
-385,560
-385,561
-385,562
-385,563
-385,564
-385,565
-385,566
-385,567
-385,568
-385,569
-385,570
-385,571
-385,572
-385,573
-385,574
-385,575
-385,576
-385,577
-385,578
-385,579
-385,580
-385,581
-385,582
-385,583
-385,584
-385,585
-385,586
-385,587
-385,588
-385,589
-384,590
-384,591
-384,592
-384,593
-384,594
-384,595
-384,596
-384,597
-384,598
-384,599
-384,600
-384,601
-384,602
-384,603
-384,604
-384,605
-384,606
-384,607
-384,608
-384,609
-384,610
-384,611
-384,612
-384,613
-384,614
-384,615
-384,616
-384,617
-384,618
-384,619
-384,620
-384,621
-384,622
-384,623
-384,624
-384,625
-384,626
-384,627
-384,628
-384,629
-384,630
-384,631
-384,632
-384,633
-384,634
-384,635
-384,636
-384,637
-384,638
-384,639
-384,640
-384,641
-384,642
-384,643
-384,644
-384,645
-384,646
-384,647
-384,648
-384,649
-384,650
-384,651
-384,652
-384,653
-384,654
-384,655
-384,656
-384,657
-384,658
-384,659
-384,660
-384,661
-384,662
:346_0,663
:346_0,664
:346_0,665
390,666
390,667
390,668
390,669
390,670
390,671
390,672
390,673
390,674
390,675
390,676
390,677
390,678
390,679
390,680
390,681
390,682
390,683
390,684
390,685
390,686
390,687
390,688
390,689
390,690
390,691
390,692
390,693
390,694
390,695
390,696
390,697
390,698
390,699
390,700
390,701
390,702
390,703
390,704
390,705
390,706
390,707
390,708
390,709
390,710
390,711
390,712
390,713
390,714
390,715
390,716
:4_1,717
:4_1,718
:4_1,719
:4_1,720
-3,721
-3,722
-3,723
-3,724
-3,725
-3,726
-3,727
-3,728
-3,729
-3,730
-3,731
-3,732
-3,733
-3,734
-3,735
-3,736
-3,737
-3,738
-3,739
-3,740
-3,741
-3,742
-3,743
-3,744
-3,745
-3,746
-3,747
-3,748
-3,749
-3,750
-3,751
-3,752
-3,753
-3,754
-3,755
-3,756
-3,757
-3,758
-3,759
-3,760
-3,761
-3,762
-3,763
-3,764
-3,765
-3,766
-3,767
-3,768
-3,769
-3,770
-3,771
-3,772
-3,773
-3,774
-3,775
-3,776
-3,777
-3,778
-3,779
-3,780
-3,781
-3,782
-3,783
-3,784
-3,785
-3,786
-3,787
-3,788
-3,789
-3,790
-3,791
-3,792
-3,793
-3,794
-3,795
-3,796
-3,797
-3,798
-3,799
-3,800
-3,801
-3,802
-3,803
-3,804
-3,805
-3,806
-3,807
-3,808
-3,809
-3,810
-3,811
-3,812
-3,813
-3,814
-3,815
-3,816
-3,817
-3,818
-3,819
-3,820
-3,821
-3,822
-3,823
-3,824
-3,825
-3,826
-3,827
-3,828
-3,829
-3,830
-3,831
-3,832
-3,833
-3,834
-3,835
-3,836
-3,837
-3,838
-3,839
-3,840
-3,841
-3,842
-3,843
-3,844
-3,845
-3,846
-3,847
-3,848
-3,849
-3,850
-3,851
-3,852
-3,853
-3,854
-3,855
-3,856
-3,857
-3,858
-3,859
-3,860
-3,861
-3,862
-3,863
-3,864
-3,865
-3,866
-3,867
-3,868
-3,869
-3,870
-3,871
-3,872
-3,873
-3,874
-3,875
-3,876
-3,877
-3,878
-3,879
-3,880
-3,881
-3,882
-3,883
-3,884
-3,885
-3,886
-3,887
-3,888
-3,889
-3,890
-3,891
-3,892
-3,893
-3,894
-3,895
-3,896
-3,897
-3,898
-3,899
-3,900
-3,901
-3,902
-3,903
-3,904
-3,905
-3,906
-3,907
-3,908
-3,909
-3,910
-3,911
-3,912
-3,913
-3,914
-3,915
-3,916
-3,917
-3,918
-3,919
-3,920
-3,921
-3,922
-3,923
-3,924
-3,925
-3,926
-3,927
-3,928
-3,929
-3,930
-3,931
-3,932
-3,933
-3,934
-3,935
-3,936
-3,937
-3,938
-3,939
-3,940
-3,941
-3,942
-3,943
-3,944
-3,945
-3,946
-3,947
-3,948
-3,949
-3,950
-3,951
-3,952
-3,953
-3,954
-3,955
-3,956
-3,957
-3,958
-3,959
-3,960
-3,961
-3,962
-3,963
-3,964
-3,965
-3,966
-567,1
-567,2
-567,3
-567,1
