98,1
98,1
98,1
98,2
98,3
98,4
98,5
98,6
98,7
98,8
98,9
98,10
98,11
98,12
98,13
98,14
98,15
98,16
98,17
98,18
98,19
98,20
98,21
98,22
98,23
98,24
98,25
98,26
98,27
98,28
98,29
98,30
98,31
98,32
98,33
98,34
98,35
98,36
98,37
98,38
98,39
98,40
98,41
98,42
98,43
98,44
98,45
98,46
98,47
98,48
98,49
98,50
98,51
98,52
98,53
98,54
98,55
98,56
98,57
98,58
98,59
98,60
98,61
98,62
98,63
98,64
98,65
98,66
98,67
98,68
98,69
98,70
98,71
98,72
98,73
98,74
98,75
98,76
98,77
98,78
98,79
98,80
98,81
98,82
98,83
98,84
98,85
98,86
98,87
98,88
98,89
98,90
98,91
98,92
98,93
98,94
98,95
98,96
98,97
98,98
98,99
98,100
98,101
98,102
98,103
98,104
98,105
98,106
98,107
98,108
98,109
98,110
98,111
98,112
98,113
98,114
98,115
98,116
98,117
98,118
98,119
98,120
98,121
98,122
98,123
98,124
98,125
98,126
98,127
98,128
98,129
98,130
98,131
98,132
98,133
98,134
98,135
98,136
98,137
98,138
98,139
98,140
98,141
98,142
98,143
98,144
98,145
98,146
98,147
98,148
98,149
98,150
98,151
98,152
98,153
98,154
98,155
98,156
98,157
98,158
98,159
98,160
98,161
98,162
98,163
98,164
98,165
98,166
98,167
:56_5,168
:56_5,169
:56_5,170
:56_5,171
:56_5,172
-48,173
-48,174
-48,175
-48,176
-48,177
-48,178
-48,179
-48,180
-48,181
-48,182
-48,183
-48,184
-48,185
-48,186
-48,187
-48,188
-48,189
-48,190
-48,191
-48,192
-48,193
-48,194
-48,195
-48,196
-48,197
-48,198
-48,199
-48,200
-48,201
-48,202
-48,203
-48,204
-48,205
-48,206
-48,207
-48,208
-48,209
-48,210
-48,211
-48,212
-48,213
-48,214
-48,215
-48,216
-48,217
-48,218
-48,219
-48,220
-48,221
-48,222
-48,223
-48,224
-48,225
-48,226
-48,227
-48,228
-48,229
-48,230
-48,231
-48,232
-48,233
-48,234
-48,235
-48,236
-48,237
-48,238
-48,239
-48,240
-48,241
-48,242
-48,243
-48,244
-48,245
-48,246
-48,247
-48,248
-48,249
-48,250
-48,251
-48,252
-48,253
-48,254
-48,255
-48,256
-48,257
-48,258
-48,259
-48,260
-48,261
-48,262
-48,263
-48,264
-48,265
-48,266
-48,267
-48,268
-48,269
-48,270
-48,271
-48,272
-48,273
-48,274
-48,275
-48,276
-48,277
-48,278
-48,279
-48,280
-48,281
-48,282
-48,283
-48,284
-48,285
-48,286
-48,287
-48,288
-48,289
-48,290
-48,291
-48,292
-48,293
-48,294
-48,295
-48,296
-48,297
-48,298
-48,299
-48,300
-48,301
-48,302
-48,303
-48,304
-48,305
-48,306
:52_0,307
:52_0,308
:52_0,309
:52_0,310
46,311
46,312
46,313
46,314
46,315
46,316
46,317
46,318
46,319
46,320
46,321
46,322
46,323
46,324
46,325
46,326
46,327
46,328
46,329
46,330
46,331
46,332
46,333
46,334
46,335
46,336
46,337
46,338
46,339
46,340
46,341
46,342
46,343
46,344
46,345
46,346
46,347
46,348
46,349
46,350
46,351
46,352
46,353
46,354
46,355
46,356
46,357
46,358
46,359
46,360
46,361
46,362
46,363
46,364
46,365
46,366
46,367
46,368
46,369
46,370
46,371
46,372
46,373
46,374
46,375
46,376
46,377
46,378
46,379
46,380
46,381
46,382
46,383
46,384
46,385
46,386
46,387
46,388
46,389
46,390
46,391
46,392
46,393
46,394
46,395
46,396
46,397
46,398
46,399
46,400
46,401
46,402
46,403
46,404
46,405
46,406
46,407
46,408
46,409
46,410
46,411
46,412
46,413
46,414
46,415
46,416
46,417
46,418
46,419
46,420
46,421
46,422
:54_4,423
:54_4,424
:54_4,425
:54_4,426
:54_4,427
310,428
310,429
310,430
310,431
310,432
310,433
310,434
310,435
310,436
310,437
310,438
310,439
310,440
310,441
310,442
310,443
310,444
310,445
310,446
310,447
310,448
310,449
310,450
310,451
310,452
310,453
310,454
310,455
310,456
310,457
310,458
310,459
310,460
310,461
310,462
310,463
310,464
310,465
310,466
310,467
310,468
310,469
310,470
310,471
310,472
310,473
310,474
310,475
310,476
310,477
310,478
310,479
310,480
310,481
310,482
310,483
310,484
310,485
310,486
310,487
310,488
310,489
310,490
310,491
310,492
310,493
310,494
310,495
310,496
310,497
310,498
310,499
310,500
310,501
310,502
310,503
310,504
310,505
310,506
310,507
310,508
310,509
310,510
310,511
310,512
310,513
310,514
310,515
310,516
310,517
310,518
310,519
310,520
310,521
310,522
310,523
310,524
310,525
310,526
310,527
310,528
310,529
310,530
310,531
310,532
310,533
310,534
310,535
310,536
310,537
310,538
310,539
310,540
310,541
310,542
310,543
310,544
310,545
310,546
310,547
310,548
310,549
310,550
310,551
310,552
310,553
310,554
310,555
310,556
310,557
310,558
310,559
310,560
310,561
310,562
310,563
310,564
310,565
310,566
310,567
310,568
310,569
310,570
310,571
310,572
310,573
310,574
310,575
310,576
310,577
310,578
310,579
310,580
310,581
310,582
310,583
310,584
310,585
310,586
310,587
310,588
310,589
310,590
310,591
310,592
310,593
310,594
310,595
310,596
310,597
310,598
310,599
310,600
310,601
310,602
310,603
310,604
310,605
310,606
310,607
310,608
310,609
310,610
310,611
310,612
310,613
310,614
310,615
310,616
310,617
310,618
310,619
310,620
310,621
310,622
310,623
310,624
310,625
310,626
310,627
310,628
310,629
310,630
310,631
310,632
310,633
310,634
310,635
310,636
310,637
310,638
310,639
310,640
310,641
310,642
310,643
310,644
310,645
310,646
310,647
310,648
310,649
310,650
310,651
310,652
310,653
310,654
310,655
310,656
310,657
310,658
310,659
310,660
310,661
:0_5,662
:0_5,663
:0_5,664
:0_5,665
:0_5,666
:0_5,667
3,668
3,669
3,670
3,671
3,672
3,673
3,674
3,675
3,676
3,677
3,678
3,679
3,680
3,681
3,682
3,683
3,684
3,685
3,686
3,687
3,688
3,689
3,690
3,691
3,692
3,693
3,694
3,695
3,696
3,697
3,698
3,699
3,700
3,701
3,702
3,703
3,704
3,705
3,706
3,707
3,708
3,709
3,710
3,711
3,712
3,713
3,714
3,715
3,716
3,717
3,718
3,719
3,720
3,721
3,722
3,723
3,724
3,725
3,726
3,727
3,728
3,729
3,730
3,731
3,732
3,733
3,734
3,735
3,736
3,737
3,738
3,739
3,740
3,741
3,742
3,743
3,744
3,745
3,746
3,747
3,748
3,749
3,750
3,751
3,752
3,753
3,754
3,755
3,756
3,757
3,758
3,759
3,760
3,761
3,762
3,763
3,764
3,765
3,766
3,767
3,768
3,769
3,770
3,771
3,772
3,773
3,774
3,775
3,776
3,777
3,778
3,779
3,780
3,781
3,782
3,783
3,784
3,785
3,786
3,787
3,788
3,789
3,790
3,791
3,792
3,793
3,794
3,795
3,796
3,797
3,798
3,799
3,800
3,801
3,802
3,803
3,804
3,805
3,806
3,807
3,808
3,809
3,810
3,811
3,812
3,813
3,814
3,815
3,816
3,817
3,818
3,819
3,820
3,821
3,822
3,823
3,824
3,825
3,826
3,827
3,828
3,829
3,830
3,831
3,832
3,833
3,834
3,835
3,836
3,837
3,838
3,839
3,840
3,841
3,842
3,843
3,844
3,845
3,846
3,847
3,848
3,849
3,850
3,851
3,852
3,853
3,854
3,855
3,856
3,857
3,858
3,859
3,860
3,861
3,862
3,863
3,864
3,865
3,866
3,867
3,868
3,869
3,870
3,871
3,872
3,873
3,874
3,875
3,876
3,877
3,878
3,879
3,880
3,881
3,882
3,883
3,884
3,885
3,886
3,887
3,888
3,889
3,890
3,891
3,892
3,893
3,894
3,895
3,896
3,897
3,898
3,899
3,900
3,901
3,902
3,903
3,904
3,905
3,906
3,907
3,908
3,909
3,910
3,911
3,912
3,913
3,914
3,915
3,916
3,917
3,918
3,919
3,920
3,921
3,922
3,923
3,924
3,925
3,926
3,927
3,928
3,929
3,930
3,931
3,932
3,933
3,934
3,935
3,936
3,937
3,938
3,939
3,940
3,941
3,942
3,943
3,944
3,945
3,946
3,947
3,948
3,949
3,950
3,951
:4_4,952
:4_4,953
:4_4,954
-11,955
-11,956
-11,957
-11,958
-11,959
-11,960
-11,961
-11,962
-11,963
-11,964
-11,965
-11,966
98,1
98,2
98,3
98,1
