-254,1
-254,1
-254,1
-254,2
-254,3
-254,4
-254,5
-254,6
-254,7
-254,8
-254,9
-254,10
-254,11
-254,12
-254,13
-254,14
-254,15
-254,16
-254,17
-254,18
-254,19
-254,20
-254,21
-254,22
-254,23
-254,24
-254,25
-254,26
-254,27
-254,28
-254,29
-254,30
-254,31
-254,32
-254,33
-254,34
-254,35
-254,36
-254,37
-254,38
-254,39
-254,40
-254,41
-254,42
-254,43
-254,44
-254,45
-254,46
-254,47
-254,48
-254,49
-254,50
-254,51
-254,52
-254,53
-254,54
-254,55
-254,56
-254,57
-254,58
-254,59
-254,60
-254,61
-254,62
-254,63
-254,64
-254,65
-254,66
-254,67
-254,68
-254,69
-254,70
-254,71
-254,72
-254,73
:177_3,74
:177_3,75
:177_3,76
255,77
255,78
255,79
255,80
255,81
255,82
255,83
255,84
255,85
255,86
255,87
255,88
255,89
255,90
255,91
255,92
255,93
255,94
255,95
255,96
255,97
255,98
255,99
255,100
255,101
255,102
255,103
255,104
255,105
255,106
255,107
255,108
255,109
255,110
255,111
255,112
255,113
255,114
255,115
255,116
255,117
255,118
255,119
255,120
255,121
255,122
255,123
255,124
255,125
255,126
255,127
255,128
255,129
255,130
255,131
255,132
255,133
255,134
255,135
255,136
255,137
255,138
255,139
255,140
255,141
255,142
255,143
255,144
255,145
255,146
255,147
255,148
255,149
255,150
255,151
255,152
255,153
255,154
255,155
:223_7,156
:223_10,157
:223_10,158
:223_10,159
559,160
559,161
559,162
559,163
559,164
559,165
559,166
559,167
559,168
559,169
559,170
559,171
559,172
559,173
559,174
559,175
559,176
559,177
559,178
559,179
559,180
559,181
559,182
559,183
559,184
559,185
559,186
559,187
559,188
559,189
559,190
559,191
559,192
559,193
559,194
559,195
559,196
559,197
559,198
559,199
559,200
559,201
559,202
:432_4,203
:432_10,204
:432_10,205
-518,206
-518,207
-518,208
-518,209
-518,210
-518,211
-518,212
-518,213
-518,214
-518,215
-518,216
-518,217
-518,218
-518,219
-518,220
-518,221
-518,222
-518,223
-518,224
-518,225
-518,226
-518,227
-518,228
-518,229
-518,230
-518,231
-518,232
-518,233
-518,234
-518,235
-518,236
-518,237
-518,238
-518,239
-518,240
-518,241
-518,242
-518,243
-518,244
-518,245
-518,246
-518,247
-518,248
-518,249
-518,250
-518,251
-518,252
-518,253
-518,254
-518,255
-518,256
-518,257
-518,258
-518,259
-518,260
-518,261
-518,262
-518,263
-518,264
-518,265
-518,266
-518,267
-518,268
-518,269
-518,270
-518,271
-518,272
-518,273
-518,274
-518,275
-518,276
-518,277
-518,278
-518,279
-518,280
-518,281
-518,282
-518,283
-518,284
-518,285
-518,286
-518,287
-518,288
-518,289
-518,290
-518,291
-518,292
-518,293
-518,294
-518,295
-518,296
-518,297
-518,298
-518,299
-518,300
-518,301
:430_3,302
:430_6,303
-683,304
-683,305
-683,306
-683,307
-683,308
-683,309
-683,310
-683,311
-683,312
-683,313
-683,314
-683,315
-683,316
-683,317
-683,318
-683,319
-683,320
-683,321
-683,322
:176_4,323
:176_4,324
510,325
510,326
510,327
510,328
510,329
510,330
510,331
510,332
510,333
510,334
510,335
510,336
510,337
510,338
510,339
510,340
510,341
510,342
510,343
510,344
510,345
510,346
510,347
510,348
510,349
510,350
510,351
510,352
510,353
510,354
510,355
510,356
510,357
510,358
510,359
510,360
510,361
510,362
510,363
510,364
510,365
510,366
510,367
510,368
510,369
510,370
510,371
510,372
510,373
510,374
510,375
510,376
510,377
510,378
510,379
510,380
510,381
510,382
510,383
510,384
510,385
510,386
510,387
510,388
510,389
510,390
510,391
510,392
510,393
510,394
510,395
510,396
510,397
510,398
510,399
510,400
510,401
510,402
510,403
510,404
510,405
510,406
510,407
510,408
510,409
510,410
510,411
510,412
510,413
510,414
510,415
510,416
510,417
510,418
510,419
510,420
510,421
510,422
682,423
682,424
682,425
682,426
682,427
682,428
682,429
682,430
682,431
682,432
682,433
682,434
682,435
:5_10,436
:5_10,437
-4,438
-4,439
-4,440
-4,441
-4,442
-4,443
-4,444
-4,445
-4,446
-4,447
-4,448
-4,449
-4,450
-4,451
-4,452
-4,453
-4,454
-4,455
-4,456
-4,457
-4,458
-4,459
-4,460
-4,461
-4,462
-4,463
-4,464
-4,465
-4,466
-4,467
-4,468
-4,469
-4,470
-4,471
-4,472
-4,473
-4,474
-4,475
-4,476
-4,477
-4,478
-4,479
-4,480
-4,481
-4,482
-4,483
-4,484
-4,485
-4,486
-4,487
-4,488
-4,489
-4,490
-4,491
-4,492
-4,493
-4,494
-4,495
-4,496
-4,497
-4,498
-4,499
-4,500
-4,501
-4,502
-4,503
-4,504
-4,505
-4,506
-4,507
-4,508
-4,509
-4,510
-4,511
-4,512
-4,513
-4,514
-4,515
-4,516
-4,517
-4,518
-4,519
-4,520
-4,521
-4,522
-4,523
-4,524
-4,525
-4,526
-4,527
-4,528
-4,529
-4,530
-4,531
-4,532
-4,533
-4,534
-4,535
-4,536
-4,537
-4,538
-4,539
-4,540
-4,541
-4,542
-4,543
-4,544
-4,545
-4,546
-4,547
-4,548
-4,549
-4,550
-4,551
-4,552
-4,553
-4,554
-4,555
-4,556
-4,557
-4,558
-4,559
-4,560
-4,561
-4,562
-4,563
-4,564
-4,565
-4,566
-4,567
-4,568
-4,569
-4,570
-4,571
-4,572
-4,573
-4,574
-4,575
-4,576
-4,577
-4,578
-4,579
-4,580
-4,581
-4,582
-4,583
-4,584
-4,585
-4,586
-4,587
-4,588
-4,589
-4,590
-4,591
-4,592
-4,593
-4,594
-4,595
-4,596
-4,597
-4,598
-4,599
-4,600
-4,601
-4,602
-4,603
-4,604
-4,605
-4,606
-4,607
-4,608
-4,609
-4,610
-4,611
-4,612
-4,613
-4,614
-4,615
-4,616
-4,617
-4,618
-4,619
-4,620
-4,621
-4,622
-4,623
-4,624
-4,625
-4,626
-4,627
-4,628
-4,629
-4,630
-4,631
-4,632
-4,633
-4,634
-4,635
-4,636
-4,637
-4,638
-4,639
-4,640
-4,641
-4,642
-4,643
-4,644
-4,645
-4,646
-4,647
-4,648
-4,649
-4,650
-4,651
-4,652
-4,653
-4,654
-4,655
-4,656
-4,657
-4,658
-4,659
-4,660
-4,661
-4,662
-4,663
-4,664
-4,665
-4,666
-4,667
-4,668
-4,669
-4,670
-4,671
-4,672
-4,673
-4,674
-4,675
-4,676
-4,677
-4,678
-4,679
-4,680
-4,681
-4,682
-4,683
-4,684
-4,685
-4,686
-4,687
-4,688
-4,689
-4,690
-4,691
-4,692
-4,693
-4,694
-4,695
-4,696
-4,697
-4,698
-4,699
-4,700
-4,701
-4,702
-4,703
-4,704
-4,705
-4,706
-4,707
-4,708
-4,709
-4,710
-4,711
-4,712
-4,713
-4,714
-4,715
-4,716
-4,717
-4,718
-4,719
-4,720
-4,721
-4,722
-4,723
-4,724
-4,725
-4,726
-4,727
-4,728
-4,729
-4,730
-4,731
-4,732
-4,733
-4,734
-4,735
-4,736
-4,737
-4,738
-4,739
-4,740
-4,741
-4,742
-4,743
-4,744
-4,745
-4,746
:0_10,747
:0_10,748
:0_10,749
:0_10,750
:0_10,751
3,752
3,753
3,754
3,755
3,756
3,757
3,758
3,759
3,760
3,761
3,762
3,763
3,764
3,765
3,766
3,767
3,768
3,769
3,770
3,771
3,772
3,773
3,774
3,775
3,776
3,777
3,778
3,779
3,780
3,781
3,782
3,783
3,784
3,785
3,786
3,787
3,788
3,789
3,790
3,791
3,792
3,793
3,794
3,795
3,796
3,797
3,798
3,799
3,800
3,801
3,802
3,803
3,804
3,805
3,806
3,807
3,808
3,809
3,810
3,811
3,812
3,813
3,814
3,815
3,816
3,817
3,818
3,819
3,820
3,821
3,822
3,823
3,824
3,825
3,826
3,827
3,828
3,829
3,830
3,831
3,832
3,833
3,834
3,835
3,836
3,837
3,838
3,839
3,840
3,841
3,842
3,843
3,844
3,845
3,846
3,847
3,848
3,849
3,850
3,851
3,852
3,853
3,854
3,855
3,856
3,857
3,858
3,859
3,860
3,861
3,862
3,863
3,864
3,865
3,866
3,867
3,868
3,869
3,870
3,871
3,872
3,873
3,874
3,875
3,876
3,877
3,878
3,879
3,880
3,881
3,882
3,883
3,884
3,885
3,886
3,887
3,888
3,889
3,890
3,891
3,892
3,893
3,894
3,895
3,896
3,897
3,898
3,899
3,900
3,901
3,902
3,903
3,904
3,905
3,906
3,907
3,908
3,909
3,910
3,911
3,912
3,913
3,914
3,915
3,916
3,917
3,918
3,919
3,920
3,921
3,922
3,923
3,924
3,925
3,926
3,927
3,928
3,929
3,930
3,931
3,932
3,933
3,934
3,935
3,936
3,937
3,938
3,939
3,940
3,941
3,942
3,943
3,944
3,945
3,946
3,947
3,948
3,949
3,950
3,951
3,952
3,953
3,954
3,955
3,956
3,957
3,958
3,959
3,960
3,961
3,962
3,963
3,964
3,965
3,966
-254,1
-254,2
-254,3
-254,1
