-80,8
-80,9
-80,10
-80,11
-80,12
-80,13
-80,14
-80,15
-80,16
-80,17
-80,18
-80,19
-80,20
-80,21
-80,22
-80,23
-80,24
-80,25
-80,26
-80,27
-80,28
-80,29
-80,30
-80,31
-80,32
-80,33
-80,34
-80,35
-80,36
-80,37
-80,38
-80,39
-80,40
-80,41
-80,42
-80,43
-80,44
-80,45
-80,46
-80,47
-80,48
-80,49
-80,50
-80,51
-80,52
-80,53
-80,54
-80,55
-80,56
-80,57
-80,58
-80,59
-80,60
-80,61
-80,62
-80,63
-80,64
-80,65
-80,66
-80,67
-80,68
-80,69
-80,70
-80,71
-80,72
-80,73
-80,74
-80,75
-80,76
-80,77
-80,78
-80,79
-80,80
-80,81
-80,82
-80,83
-80,84
-80,85
-80,86
-80,87
-80,88
-80,89
-80,90
-80,91
-80,92
-80,93
-80,94
-80,95
-80,96
-80,97
-80,98
-80,99
-80,100
-80,101
-80,102
-80,103
-80,104
-80,105
-80,106
-80,107
-80,108
-80,109
-80,110
-80,111
-80,112
-80,113
-80,114
-80,115
-80,116
-80,117
-80,118
-80,119
-80,120
-80,121
-80,122
-80,123
-80,124
-80,125
-80,126
-80,127
:91_6,128
:91_6,129
:91_6,130
:91_6,131
:91_6,132
:91_6,133
:91_6,134
:91_6,135
-277,136
-277,137
-277,138
-277,139
-277,140
-277,141
-277,142
-277,143
-277,144
-277,145
-277,146
-277,147
-277,148
-277,149
-277,150
-277,151
-277,152
-277,153
-277,154
-277,155
-277,156
-277,157
-277,158
-277,159
-277,160
-277,161
-277,162
-277,163
-277,164
-277,165
-277,166
-277,167
-277,168
-277,169
-277,170
-277,171
-277,172
-277,173
-277,174
-277,175
-277,176
-277,177
-277,178
-277,179
-277,180
-277,181
-277,182
-277,183
-277,184
-277,185
-277,186
-277,187
-277,188
-277,189
-277,190
-277,191
-277,192
-277,193
-277,194
-277,195
-277,196
-277,197
-277,198
-277,199
-277,200
-277,201
-277,202
-277,203
-277,204
-277,205
-277,206
-277,207
-277,208
-277,209
-277,210
-277,211
-277,212
-277,213
-277,214
-277,215
-277,216
-277,217
-277,218
-277,219
-277,220
-277,221
-277,222
-277,223
-277,224
-277,225
-277,226
-277,227
-277,228
-277,229
-277,230
-277,231
-277,232
-277,233
-277,234
-277,235
-277,236
-277,237
-277,238
-277,239
-277,240
-277,241
-277,242
-277,243
-277,244
-277,245
-277,246
-277,247
-277,248
-277,249
-277,250
-277,251
-277,252
-277,253
-277,254
-277,255
-277,256
-277,257
-277,258
-277,259
-277,260
-277,261
-277,262
-277,263
-277,264
-277,265
-277,266
-277,267
-277,268
-277,269
-277,270
-277,271
-277,272
-277,273
-277,274
-277,275
-277,276
-277,277
-277,278
-277,279
-277,280
-277,281
-277,282
-277,283
-277,284
-277,285
-277,286
-277,287
-277,288
-277,289
-277,290
-277,291
-277,292
-277,293
-277,294
-277,295
-277,296
-277,297
-277,298
-277,299
-277,300
-277,301
-277,302
-277,303
-277,304
-277,305
-277,306
-277,307
-277,308
-277,309
-277,310
-277,311
-277,312
-277,313
-277,314
-277,315
-277,316
-277,317
-277,318
-277,319
-277,320
-277,321
-277,322
-277,323
-277,324
-277,325
-277,326
-277,327
-277,328
-277,329
-277,330
-277,331
-277,332
-277,333
-277,334
-277,335
-277,336
-277,337
-277,338
-277,339
-277,340
-277,341
-277,342
-277,343
-277,344
-277,345
-277,346
-277,347
-277,348
-277,349
-277,350
-277,351
-277,352
-277,353
-277,354
-277,355
-277,356
-277,357
-277,358
-277,359
-277,360
-277,361
-277,362
-277,363
-277,364
-277,365
-277,366
-277,367
-277,368
-277,369
-277,370
-277,371
-277,372
-277,373
-277,374
-277,375
-277,376
-277,377
-277,378
-277,379
-277,380
-277,381
-277,382
-277,383
-277,384
-277,385
-277,386
-277,387
-277,388
-277,389
-277,390
-277,391
-277,392
-277,393
-277,394
-277,395
-277,396
-277,397
-277,398
-277,399
-277,400
-277,401
-277,402
-277,403
-277,404
-277,405
-277,406
-277,407
-277,408
-277,409
-277,410
-277,411
-277,412
-277,413
-277,414
-277,415
-277,416
-277,417
-277,418
-277,419
-277,420
-277,421
-277,422
-277,423
-277,424
-277,425
-277,426
-277,427
-277,428
-277,429
-277,430
-277,431
-277,432
-277,433
-277,434
-277,435
-277,436
-277,437
-277,438
-277,439
-277,440
-277,441
-277,442
-277,443
-277,444
:261_13,445
:261_13,446
:261_13,447
:261_13,448
:261_13,449
:261_13,450
-265,451
-265,452
-265,453
-265,454
-265,455
-265,456
-265,457
-265,458
-265,459
-265,460
-265,461
-265,462
-265,463
-265,464
-265,465
-265,466
-265,467
-265,468
-265,469
-265,470
-265,471
-265,472
-265,473
-265,474
-265,475
-265,476
-265,477
-265,478
-265,479
-265,480
-265,481
-265,482
-265,483
-265,484
-265,485
-265,486
-265,487
-265,488
-265,489
-265,490
-265,491
-265,492
-265,493
-265,494
-265,495
-265,496
-265,497
-265,498
-265,499
-265,500
-265,501
-265,502
-265,503
-265,504
-265,505
-265,506
-265,507
-265,508
-265,509
-265,510
-265,511
-265,512
-265,513
-265,514
-265,515
-265,516
-265,517
-265,518
-265,519
-265,520
-265,521
-265,522
-265,523
-265,524
-265,525
-265,526
-265,527
-265,528
-265,529
-265,530
-265,531
-265,532
-265,533
-265,534
-265,535
-265,536
-265,537
-265,538
-265,539
-265,540
-265,541
-265,542
-265,543
-265,544
-265,545
-265,546
-265,547
-265,548
-265,549
-265,550
-265,551
-265,552
-265,553
-265,554
-265,555
-265,556
-265,557
-265,558
-265,559
-265,560
-265,561
-265,562
-265,563
-265,564
-265,565
-265,566
-265,567
-265,568
-265,569
-265,570
-265,571
-265,572
-265,573
-265,574
-265,575
-265,576
-265,577
-265,578
-265,579
-265,580
-265,581
-265,582
-265,583
-265,584
-265,585
-265,586
-265,587
-265,588
-265,589
-265,590
-265,591
-265,592
-265,593
-265,594
-265,595
-265,596
-265,597
-265,598
-265,599
-265,600
-265,601
-265,602
-265,603
-265,604
-265,605
-265,606
-265,607
-265,608
-265,609
-265,610
-265,611
-265,612
-265,613
-265,614
-265,615
-265,616
-265,617
-265,618
-265,619
-265,620
-265,621
-265,622
-265,623
-265,624
-265,625
-265,626
-265,627
-265,628
-265,629
-265,630
-265,631
-265,632
-265,633
-265,634
-265,635
-265,636
-265,637
-265,638
-265,639
-265,640
-265,641
-265,642
-265,643
-265,644
-265,645
-265,646
-265,647
-265,648
-265,649
-265,650
-265,651
-265,652
-265,653
-265,654
-265,655
:259_13,656
:259_13,657
:259_13,658
:259_13,659
:259_13,660
:259_13,661
:259_13,662
264,663
264,664
264,665
264,666
264,667
264,668
264,669
264,670
264,671
264,672
264,673
264,674
264,675
264,676
264,677
264,678
264,679
264,680
264,681
264,682
264,683
264,684
264,685
264,686
264,687
264,688
264,689
264,690
264,691
264,692
264,693
264,694
264,695
264,696
264,697
264,698
264,699
264,700
264,701
264,702
264,703
264,704
264,705
264,706
264,707
264,708
264,709
264,710
264,711
264,712
264,713
264,714
264,715
264,716
264,717
264,718
264,719
264,720
264,721
264,722
264,723
264,724
264,725
264,726
264,727
264,728
264,729
264,730
264,731
264,732
264,733
264,734
264,735
264,736
264,737
264,738
264,739
264,740
264,741
264,742
264,743
264,744
264,745
264,746
264,747
264,748
264,749
264,750
264,751
264,752
264,753
264,754
264,755
264,756
264,757
264,758
264,759
264,760
264,761
264,762
264,763
264,764
264,765
264,766
264,767
264,768
264,769
264,770
264,771
264,772
264,773
264,774
264,775
264,776
:66_6,777
:66_6,778
:66_6,779
:66_6,780
:66_6,781
-57,782
-57,783
-57,784
-57,785
-57,786
-57,787
-57,788
-57,789
-57,790
-57,791
-57,792
-57,793
-57,794
-57,795
-57,796
-57,797
-57,798
-57,799
-57,800
-57,801
-57,802
-57,803
-57,804
-57,805
-57,806
-57,807
-57,808
-57,809
-57,810
-57,811
-57,812
-57,813
-57,814
-57,815
-57,816
-57,817
-57,818
-57,819
-57,820
-57,821
-57,822
-57,823
-57,824
-57,825
-57,826
-57,827
-57,828
-57,829
-57,830
-57,831
-57,832
-57,833
-57,834
-57,835
-57,836
-57,837
-57,838
-57,839
-57,840
-57,841
-57,842
-57,843
:65_13,844
:65_13,845
:65_13,846
:65_13,847
:65_13,848
:65_13,849
60,850
60,851
60,852
60,853
60,854
60,855
60,856
60,857
60,858
60,859
60,860
60,861
60,862
60,863
60,864
60,865
60,866
60,867
60,868
60,869
60,870
60,871
60,872
60,873
60,874
60,875
60,876
60,877
60,878
60,879
60,880
60,881
60,882
60,883
60,884
60,885
60,886
60,887
60,888
60,889
60,890
60,891
60,892
60,893
60,894
60,895
60,896
60,897
60,898
60,899
60,900
60,901
60,902
60,903
60,904
60,905
60,906
60,907
60,908
60,909
60,910
60,911
60,912
61,913
61,914
61,915
61,916
61,917
61,918
61,919
61,920
61,921
61,922
61,923
61,924
61,925
61,926
61,927
61,928
61,929
61,930
61,931
61,932
61,933
61,934
61,935
61,936
61,937
61,938
61,939
61,940
61,941
61,942
61,943
61,944
61,945
61,946
61,947
61,948
61,949
61,950
61,951
61,952
61,953
61,954
61,955
61,956
61,957
61,958
61,959
61,960
61,961
61,962
61,963
61,964
61,965
