256,1
256,1
256,1
256,2
256,3
256,4
256,5
256,6
256,7
256,8
256,9
256,10
256,11
256,12
256,13
256,14
256,15
256,16
256,17
256,18
256,19
256,20
256,21
256,22
256,23
256,24
256,25
256,26
256,27
256,28
256,29
256,30
256,31
256,32
256,33
256,34
256,35
256,36
256,37
256,38
256,39
256,40
256,41
256,42
256,43
256,44
256,45
256,46
256,47
256,48
256,49
256,50
256,51
256,52
256,53
256,54
256,55
256,56
256,57
256,58
256,59
256,60
256,61
256,62
256,63
256,64
256,65
256,66
256,67
256,68
256,69
256,70
256,71
256,72
256,73
256,74
256,75
256,76
256,77
256,78
256,79
256,80
256,81
256,82
256,83
256,84
256,85
256,86
256,87
256,88
256,89
256,90
256,91
256,92
256,93
256,94
256,95
256,96
256,97
256,98
256,99
256,100
256,101
256,102
256,103
256,104
256,105
256,106
256,107
256,108
256,109
256,110
256,111
256,112
256,113
256,114
256,115
256,116
256,117
256,118
256,119
256,120
256,121
256,122
256,123
256,124
256,125
256,126
256,127
256,128
256,129
256,130
256,131
256,132
256,133
256,134
256,135
256,136
256,137
256,138
256,139
256,140
256,141
256,142
256,143
256,144
256,145
256,146
256,147
256,148
256,149
256,150
256,151
256,152
256,153
256,154
256,155
256,156
256,157
256,158
256,159
256,160
256,161
256,162
256,163
256,164
256,165
256,166
256,167
256,168
256,169
256,170
256,171
256,172
256,173
256,174
256,175
256,176
256,177
256,178
256,179
256,180
256,181
256,182
256,183
256,184
256,185
256,186
256,187
256,188
256,189
256,190
256,191
256,192
256,193
256,194
256,195
256,196
256,197
256,198
256,199
256,200
256,201
256,202
256,203
256,204
:255_1,205
:255_1,206
:255_1,207
:255_1,208
:255_1,209
498,210
498,211
498,212
498,213
498,214
498,215
498,216
498,217
498,218
498,219
498,220
498,221
498,222
498,223
498,224
498,225
498,226
498,227
498,228
498,229
498,230
498,231
498,232
498,233
498,234
498,235
498,236
498,237
498,238
498,239
498,240
498,241
498,242
498,243
498,244
498,245
498,246
498,247
498,248
498,249
498,250
498,251
498,252
498,253
498,254
498,255
498,256
498,257
498,258
498,259
498,260
498,261
498,262
498,263
498,264
498,265
498,266
498,267
498,268
498,269
498,270
498,271
498,272
498,273
498,274
498,275
498,276
498,277
498,278
498,279
498,280
498,281
498,282
498,283
498,284
498,285
498,286
498,287
498,288
498,289
498,290
498,291
498,292
498,293
498,294
498,295
498,296
:171_0,297
:171_0,298
:171_0,299
155,300
155,301
155,302
155,303
155,304
155,305
155,306
155,307
155,308
155,309
155,310
155,311
155,312
155,313
155,314
155,315
155,316
155,317
155,318
155,319
155,320
155,321
155,322
155,323
155,324
155,325
155,326
155,327
155,328
155,329
155,330
155,331
155,332
155,333
155,334
155,335
155,336
155,337
155,338
155,339
155,340
155,341
155,342
155,343
155,344
155,345
155,346
155,347
155,348
155,349
155,350
155,351
155,352
155,353
155,354
155,355
155,356
155,357
155,358
155,359
155,360
155,361
155,362
155,363
155,364
155,365
155,366
155,367
155,368
155,369
155,370
155,371
155,372
155,373
155,374
155,375
155,376
155,377
155,378
155,379
155,380
155,381
155,382
155,383
155,384
155,385
155,386
155,387
155,388
155,389
155,390
155,391
155,392
155,393
155,394
:46_10,395
:46_10,396
:46_10,397
:46_10,398
:46_10,399
:46_10,400
-38,401
-38,402
-38,403
-38,404
-38,405
-38,406
-38,407
-38,408
-38,409
-38,410
-38,411
-38,412
-38,413
-38,414
-38,415
-38,416
-38,417
-38,418
-38,419
-38,420
-38,421
-38,422
-38,423
-38,424
-38,425
-38,426
-38,427
-38,428
-38,429
-38,430
-38,431
-38,432
-38,433
-38,434
-38,435
-38,436
-38,437
-38,438
-38,439
-38,440
-38,441
-38,442
-38,443
-38,444
-38,445
-38,446
-38,447
-38,448
-38,449
-38,450
-38,451
-38,452
-38,453
-38,454
-38,455
-38,456
-38,457
-38,458
-38,459
-38,460
-38,461
-38,462
-38,463
-38,464
-38,465
-38,466
-38,467
-38,468
-38,469
-38,470
-38,471
-38,472
-38,473
-38,474
-38,475
-38,476
-38,477
-38,478
-38,479
-38,480
-38,481
-38,482
-38,483
-38,484
-38,485
-38,486
-38,487
-38,488
-38,489
-38,490
-38,491
-38,492
-38,493
-38,494
-38,495
-38,496
-38,497
-38,498
-38,499
-38,500
-38,501
-38,502
-38,503
-38,504
-38,505
-38,506
-38,507
-38,508
-38,509
-38,510
-38,511
-38,512
-38,513
-38,514
-38,515
-38,516
-38,517
-38,518
-38,519
-38,520
-38,521
-38,522
-38,523
-38,524
-38,525
-38,526
-38,527
-38,528
-38,529
-38,530
-38,531
-38,532
-38,533
-38,534
-38,535
-38,536
-38,537
-38,538
-38,539
-38,540
-38,541
-38,542
-38,543
-38,544
-38,545
-38,546
-38,547
-38,548
-38,549
-38,550
-38,551
-38,552
-38,553
-38,554
-38,555
-38,556
-38,557
-38,558
-38,559
-38,560
-38,561
-38,562
-38,563
-38,564
-38,565
-38,566
-38,567
-38,568
-38,569
-38,570
-38,571
-38,572
-38,573
-38,574
-38,575
-38,576
-38,577
-38,578
-38,579
-38,580
-38,581
-38,582
-38,583
-38,584
-38,585
-38,586
-38,587
-38,588
-38,589
-38,590
-38,591
-38,592
-38,593
-38,594
-38,595
-38,596
-38,597
-38,598
-38,599
-38,600
-38,601
-38,602
-38,603
-38,604
-38,605
-38,606
-38,607
-38,608
-38,609
-38,610
-38,611
-38,612
-38,613
-38,614
-38,615
-38,616
-38,617
-38,618
-38,619
-38,620
-38,621
-38,622
-38,623
-38,624
-38,625
-38,626
-38,627
-38,628
-38,629
-38,630
-38,631
-38,632
-38,633
-38,634
-38,635
-38,636
-38,637
-38,638
-38,639
-38,640
-38,641
-38,642
-38,643
-38,644
-38,645
-38,646
-38,647
-38,648
-38,649
-38,650
-38,651
-38,652
-38,653
-38,654
-38,655
-38,656
-38,657
-38,658
-38,659
-38,660
-38,661
-38,662
-38,663
-38,664
-38,665
-38,666
-38,667
-38,668
-38,669
-38,670
-38,671
-38,672
-38,673
-38,674
-38,675
-38,676
-38,677
-38,678
-38,679
-38,680
-38,681
-38,682
-38,683
-38,684
-38,685
-38,686
-38,687
-38,688
-38,689
-38,690
-38,691
-38,692
-38,693
-38,694
-38,695
-38,696
-38,697
-38,698
-38,699
-38,700
-38,701
-38,702
-38,703
-38,704
-38,705
-38,706
-38,707
-38,708
-38,709
-38,710
-38,711
-38,712
-38,713
-38,714
-38,715
-38,716
-38,717
-38,718
-38,719
:43_4,720
:43_4,721
:43_4,722
:43_4,723
:43_4,724
36,725
36,726
36,727
36,728
36,729
36,730
36,731
36,732
36,733
36,734
36,735
36,736
36,737
36,738
36,739
36,740
36,741
36,742
36,743
36,744
36,745
36,746
36,747
36,748
36,749
36,750
36,751
36,752
36,753
36,754
36,755
36,756
36,757
36,758
36,759
36,760
36,761
36,762
36,763
36,764
36,765
36,766
36,767
36,768
36,769
36,770
36,771
36,772
36,773
36,774
36,775
36,776
36,777
36,778
36,779
36,780
36,781
36,782
36,783
36,784
36,785
36,786
36,787
36,788
36,789
36,790
36,791
36,792
36,793
36,794
36,795
36,796
36,797
36,798
36,799
36,800
36,801
36,802
36,803
36,804
36,805
36,806
36,807
36,808
36,809
36,810
36,811
36,812
36,813
36,814
36,815
36,816
36,817
36,818
36,819
36,820
36,821
36,822
36,823
36,824
36,825
36,826
36,827
36,828
36,829
36,830
36,831
36,832
36,833
36,834
36,835
36,836
36,837
36,838
36,839
36,840
36,841
36,842
36,843
36,844
36,845
36,846
36,847
36,848
36,849
36,850
36,851
36,852
36,853
36,854
36,855
36,856
36,857
36,858
36,859
36,860
36,861
36,862
36,863
36,864
36,865
36,866
36,867
36,868
36,869
36,870
36,871
36,872
36,873
36,874
36,875
36,876
36,877
36,878
36,879
36,880
36,881
36,882
36,883
36,884
36,885
36,886
36,887
36,888
36,889
36,890
36,891
36,892
36,893
36,894
36,895
36,896
36,897
36,898
36,899
36,900
36,901
36,902
36,903
36,904
36,905
36,906
36,907
36,908
36,909
36,910
36,911
36,912
36,913
36,914
36,915
36,916
36,917
36,918
36,919
36,920
36,921
36,922
36,923
36,924
36,925
36,926
36,927
36,928
36,929
36,930
36,931
36,932
36,933
36,934
:44_3,935
:44_3,936
:44_3,937
:44_3,938
:44_3,939
:44_3,940
:44_3,941
:44_3,942
-42,943
-42,944
-42,945
-42,946
-42,947
-42,948
-42,949
-42,950
-42,951
-42,952
-42,953
-42,954
-42,955
-42,956
-42,957
-42,958
-42,959
-42,960
-42,961
-42,962
-42,963
-42,964
-42,965
-42,966
256,1
256,2
256,3
256,1
