57,4
57,5
57,6
57,7
57,8
57,9
57,10
57,11
57,12
57,13
57,14
57,15
57,16
57,17
57,18
57,19
57,20
57,21
57,22
57,23
57,24
57,25
57,26
57,27
57,28
57,29
57,30
57,31
57,32
57,33
57,34
57,35
57,36
57,37
57,38
57,39
57,40
57,41
57,42
57,43
57,44
57,45
57,46
57,47
57,48
57,49
57,50
57,51
57,52
57,53
57,54
57,55
57,56
57,57
57,58
57,59
57,60
57,61
57,62
57,63
57,64
57,65
57,66
57,67
57,68
57,69
57,70
57,71
57,72
57,73
57,74
57,75
57,76
57,77
57,78
:66_3,79
:66_3,80
:66_3,81
560,82
560,83
560,84
560,85
560,86
560,87
560,88
560,89
560,90
560,91
560,92
560,93
560,94
560,95
560,96
560,97
560,98
560,99
560,100
560,101
560,102
560,103
560,104
560,105
560,106
560,107
560,108
560,109
560,110
560,111
560,112
560,113
560,114
560,115
560,116
560,117
560,118
560,119
560,120
560,121
560,122
560,123
560,124
560,125
560,126
560,127
560,128
560,129
560,130
560,131
:200_9,132
:200_9,133
:200_9,134
:200_9,135
561,136
561,137
561,138
561,139
561,140
561,141
561,142
561,143
561,144
561,145
561,146
561,147
561,148
561,149
561,150
561,151
561,152
561,153
561,154
561,155
561,156
561,157
561,158
561,159
561,160
561,161
561,162
561,163
561,164
561,165
561,166
561,167
561,168
561,169
561,170
561,171
561,172
561,173
561,174
:405_0,175
-478,176
-478,177
-478,178
-478,179
-478,180
-478,181
-478,182
-478,183
-478,184
-478,185
-478,186
-478,187
-478,188
-478,189
-478,190
-478,191
-478,192
-478,193
-478,194
-478,195
-478,196
-478,197
-478,198
-478,199
-478,200
-478,201
-478,202
-478,203
-478,204
-478,205
-478,206
-478,207
-478,208
-478,209
-478,210
-478,211
-478,212
-478,213
-478,214
-478,215
-478,216
-478,217
-478,218
-478,219
-478,220
-478,221
-478,222
-478,223
-478,224
-478,225
-478,226
-478,227
-478,228
-478,229
-478,230
-478,231
-478,232
-478,233
-478,234
-478,235
-478,236
-478,237
-478,238
-478,239
-478,240
-478,241
-478,242
-478,243
-478,244
-478,245
-478,246
-478,247
-478,248
-478,249
-478,250
-478,251
-478,252
-478,253
-478,254
-478,255
-478,256
-478,257
-478,258
-478,259
-478,260
-478,261
-478,262
-478,263
-478,264
-478,265
-478,266
-478,267
-478,268
-478,269
-478,270
-478,271
-478,272
:361_4,273
:361_4,274
:361_4,275
:361_4,276
-442,277
-442,278
-442,279
-442,280
-442,281
-442,282
-442,283
-442,284
-442,285
-442,286
-442,287
-442,288
-442,289
-442,290
-442,291
-442,292
-442,293
-442,294
-442,295
-442,296
-442,297
-442,298
-442,299
-442,300
-442,301
-442,302
-442,303
-442,304
-442,305
-442,306
-442,307
-442,308
-442,309
-442,310
-442,311
-442,312
-442,313
-442,314
-442,315
-442,316
-442,317
-442,318
-442,319
-442,320
-442,321
-442,322
-442,323
-442,324
-442,325
-442,326
-442,327
-442,328
-442,329
-442,330
-442,331
-442,332
-442,333
-442,334
-442,335
-442,336
-442,337
-442,338
-442,339
-442,340
-442,341
-442,342
-442,343
-442,344
-442,345
-442,346
-442,347
-442,348
-442,349
-442,350
-442,351
-442,352
-442,353
-442,354
-442,355
-442,356
-442,357
-442,358
-442,359
-442,360
-442,361
:152_0,362
:152_0,363
:152_0,364
:152_0,365
-137,366
-137,367
-137,368
-137,369
-137,370
-137,371
-137,372
-137,373
-137,374
-137,375
-137,376
-137,377
-137,378
-137,379
-137,380
-137,381
-137,382
-137,383
-137,384
-137,385
-137,386
-137,387
-137,388
-137,389
-137,390
-137,391
-137,392
-137,393
-137,394
-137,395
-137,396
-137,397
-137,398
-137,399
-137,400
-137,401
-137,402
-137,403
-137,404
-137,405
-137,406
-137,407
-137,408
-137,409
-137,410
-137,411
-137,412
-137,413
-137,414
-137,415
-137,416
-137,417
-137,418
-137,419
-137,420
-137,421
-137,422
-137,423
-137,424
-137,425
-137,426
-137,427
-137,428
-137,429
-137,430
-137,431
-137,432
-137,433
-137,434
-137,435
-137,436
-137,437
-137,438
-137,439
-137,440
-137,441
-137,442
-137,443
-137,444
-137,445
-137,446
-137,447
-137,448
-137,449
-137,450
-137,451
-137,452
-137,453
-137,454
-137,455
-137,456
-137,457
-137,458
-137,459
-137,460
-137,461
-137,462
-137,463
-137,464
-137,465
-137,466
-137,467
-137,468
-137,469
-137,470
:151_3,471
:151_3,472
:151_3,473
-569,474
-569,475
-569,476
-569,477
-569,478
-569,479
-569,480
-569,481
-569,482
-569,483
-569,484
-569,485
-569,486
-569,487
-569,488
-569,489
-569,490
-569,491
-569,492
-569,493
-569,494
-569,495
-569,496
-569,497
-569,498
-569,499
-569,500
-569,501
-569,502
-569,503
-569,504
-569,505
-569,506
-569,507
-569,508
-569,509
-569,510
-569,511
-569,512
-569,513
-569,514
-569,515
-569,516
-569,517
-569,518
-569,519
-569,520
-569,521
-569,522
-569,523
-569,524
-569,525
-569,526
-569,527
-569,528
-569,529
-569,530
-569,531
-569,532
-569,533
-569,534
-569,535
-569,536
-569,537
-569,538
-569,539
-569,540
-569,541
-569,542
-569,543
-569,544
-569,545
-569,546
-569,547
-569,548
-569,549
-569,550
-569,551
-569,552
-569,553
-569,554
-569,555
-569,556
-569,557
-569,558
-569,559
-569,560
-569,561
-569,562
-569,563
-569,564
:64_3,565
:64_3,566
:64_3,567
:64_3,568
:64_3,569
-56,570
-56,571
-56,572
-56,573
-56,574
-56,575
-56,576
-56,577
-56,578
-56,579
-56,580
-56,581
-56,582
-56,583
-56,584
-56,585
-56,586
-56,587
-56,588
-56,589
-56,590
-56,591
-56,592
-56,593
-56,594
-56,595
-56,596
-56,597
-56,598
-56,599
-56,600
-56,601
-56,602
-56,603
-56,604
-56,605
-56,606
-56,607
-56,608
-56,609
-56,610
-56,611
-56,612
-56,613
-56,614
-56,615
-56,616
-56,617
-56,618
-56,619
-56,620
-56,621
-56,622
-56,623
-56,624
-56,625
-56,626
-56,627
-56,628
-56,629
-56,630
-56,631
-56,632
-56,633
-56,634
-56,635
-56,636
-56,637
-56,638
-56,639
-56,640
-56,641
-56,642
-56,643
-56,644
-56,645
-56,646
-56,647
-56,648
-56,649
-56,650
-56,651
-56,652
-56,653
-56,654
-56,655
-56,656
-56,657
-56,658
-56,659
-56,660
-56,661
-56,662
-56,663
-56,664
-56,665
-56,666
-56,667
-56,668
-56,669
-56,670
-56,671
-56,672
-56,673
-56,674
-56,675
-56,676
-56,677
-56,678
-56,679
-56,680
-56,681
-56,682
-56,683
-56,684
-56,685
-56,686
-56,687
-56,688
-56,689
-56,690
-56,691
-56,692
-56,693
-56,694
:58_14,695
:58_14,696
:58_14,697
:58_14,698
:58_14,699
:58_14,700
:58_14,701
52,702
52,703
52,704
52,705
52,706
52,707
52,708
52,709
52,710
52,711
52,712
52,713
52,714
52,715
52,716
52,717
52,718
52,719
52,720
52,721
52,722
52,723
52,724
52,725
52,726
52,727
52,728
52,729
52,730
52,731
52,732
52,733
52,734
52,735
52,736
52,737
52,738
52,739
52,740
52,741
52,742
52,743
52,744
52,745
52,746
52,747
52,748
52,749
52,750
52,751
52,752
52,753
52,754
52,755
52,756
52,757
52,758
52,759
52,760
52,761
52,762
52,763
52,764
52,765
52,766
52,767
52,768
52,769
52,770
52,771
52,772
52,773
52,774
52,775
52,776
52,777
52,778
52,779
52,780
52,781
52,782
52,783
52,784
52,785
52,786
52,787
52,788
52,789
52,790
52,791
52,792
52,793
52,794
52,795
52,796
52,797
52,798
52,799
52,800
52,801
52,802
52,803
52,804
52,805
52,806
52,807
52,808
52,809
52,810
52,811
52,812
52,813
52,814
52,815
52,816
52,817
52,818
52,819
52,820
52,821
52,822
52,823
52,824
52,825
52,826
52,827
52,828
52,829
52,830
52,831
52,832
52,833
52,834
52,835
52,836
:60_4,837
:60_4,838
:60_4,839
:60_4,840
:60_4,841
-122,842
-122,843
-122,844
-122,845
-122,846
-122,847
-122,848
-122,849
-122,850
-122,851
-122,852
-122,853
-122,854
-122,855
-122,856
-122,857
-122,858
-122,859
-122,860
-122,861
-122,862
-122,863
-122,864
-122,865
-122,866
-122,867
-122,868
-122,869
-122,870
-122,871
-122,872
-122,873
-122,874
-122,875
-122,876
-122,877
-122,878
-122,879
-122,880
-122,881
-122,882
-122,883
-122,884
-122,885
-122,886
-122,887
-122,888
-122,889
-122,890
-122,891
-122,892
-122,893
-122,894
-122,895
-122,896
-122,897
-122,898
-122,899
-122,900
-122,901
-122,902
-122,903
-122,904
-122,905
-122,906
-122,907
-122,908
-122,909
-122,910
-122,911
-122,912
-122,913
-122,914
-122,915
-122,916
-122,917
:137_7,918
:137_7,919
:137_7,920
:137_7,921
121,922
121,923
121,924
121,925
121,926
121,927
121,928
121,929
121,930
121,931
121,932
121,933
121,934
121,935
121,936
121,937
121,938
121,939
121,940
121,941
121,942
121,943
121,944
121,945
121,946
121,947
121,948
121,949
121,950
121,951
121,952
121,953
121,954
121,955
121,956
121,957
121,958
121,959
121,960
121,961
121,962
121,963
121,964
121,965
57,4
