121,1
121,1
121,1
121,2
121,3
121,4
121,5
121,6
121,7
121,8
121,9
121,10
121,11
121,12
121,13
121,14
121,15
121,16
121,17
121,18
121,19
121,20
121,21
121,22
121,23
121,24
121,25
121,26
121,27
121,28
121,29
121,30
121,31
121,32
121,33
121,34
121,35
121,36
121,37
121,38
121,39
121,40
121,41
121,42
121,43
121,44
121,45
121,46
121,47
121,48
121,49
121,50
121,51
121,52
121,53
121,54
121,55
121,56
121,57
121,58
121,59
121,60
121,61
121,62
121,63
121,64
121,65
121,66
121,67
121,68
121,69
121,70
121,71
121,72
121,73
121,74
121,75
121,76
121,77
121,78
121,79
:77_4,80
:77_4,81
:77_4,82
:77_4,83
:77_4,84
:77_4,85
-67,86
-67,87
-67,88
-67,89
-67,90
-67,91
-67,92
-67,93
-67,94
-67,95
-67,96
-67,97
-67,98
-67,99
-67,100
-67,101
-67,102
-67,103
-67,104
-67,105
-67,106
-67,107
-67,108
-67,109
-67,110
-67,111
-67,112
-67,113
-67,114
-67,115
-67,116
-67,117
-67,118
-67,119
-67,120
-67,121
-67,122
-67,123
-67,124
-67,125
-67,126
-67,127
-67,128
-67,129
-67,130
-67,131
-67,132
-67,133
-67,134
-67,135
-67,136
-67,137
-67,138
-67,139
-67,140
-67,141
-67,142
-67,143
-67,144
-67,145
-67,146
-67,147
-67,148
-67,149
-67,150
-67,151
-67,152
-67,153
-67,154
-67,155
-67,156
-67,157
-67,158
-67,159
-67,160
-67,161
-67,162
-67,163
-67,164
-67,165
-67,166
-67,167
-67,168
-67,169
-67,170
-67,171
-67,172
-67,173
-67,174
-67,175
-67,176
-67,177
-67,178
-67,179
-67,180
-67,181
-67,182
-67,183
-67,184
-67,185
-67,186
-67,187
-67,188
-67,189
-67,190
-67,191
-67,192
-67,193
-67,194
-67,195
-67,196
-67,197
-67,198
-67,199
-67,200
-67,201
-67,202
-67,203
-67,204
-67,205
-67,206
-67,207
-67,208
-67,209
-67,210
-67,211
-67,212
-67,213
-67,214
-67,215
-67,216
-67,217
-67,218
-67,219
-67,220
:74_8,221
:74_8,222
:74_8,223
:74_8,224
65,225
65,226
65,227
65,228
65,229
65,230
65,231
65,232
65,233
65,234
65,235
65,236
65,237
65,238
65,239
65,240
65,241
65,242
65,243
65,244
65,245
65,246
65,247
65,248
65,249
65,250
65,251
65,252
65,253
65,254
65,255
65,256
65,257
65,258
65,259
65,260
65,261
65,262
65,263
65,264
65,265
65,266
65,267
65,268
65,269
65,270
65,271
65,272
65,273
65,274
65,275
65,276
65,277
65,278
65,279
65,280
65,281
65,282
65,283
65,284
65,285
65,286
65,287
65,288
65,289
65,290
65,291
65,292
65,293
65,294
65,295
65,296
65,297
65,298
65,299
65,300
65,301
65,302
65,303
65,304
65,305
65,306
65,307
65,308
65,309
65,310
65,311
65,312
65,313
65,314
65,315
65,316
65,317
65,318
65,319
65,320
65,321
65,322
65,323
65,324
65,325
65,326
65,327
65,328
65,329
65,330
65,331
65,332
65,333
65,334
65,335
65,336
65,337
65,338
65,339
65,340
65,341
65,342
65,343
65,344
65,345
65,346
65,347
65,348
65,349
65,350
65,351
65,352
65,353
65,354
65,355
65,356
65,357
:75_14,358
:75_14,359
:75_14,360
:75_14,361
:75_14,362
-659,363
-659,364
-659,365
-659,366
-659,367
-659,368
-659,369
-659,370
-659,371
-659,372
-659,373
-659,374
-659,375
-659,376
-659,377
-659,378
-659,379
-659,380
-659,381
-659,382
-659,383
-659,384
-659,385
-659,386
-659,387
-659,388
-659,389
-659,390
-659,391
-659,392
-659,393
-659,394
-659,395
-659,396
-659,397
-659,398
-659,399
-659,400
-659,401
-659,402
-659,403
-659,404
-659,405
-659,406
-659,407
-659,408
-659,409
-659,410
-659,411
-659,412
-659,413
-659,414
-659,415
-659,416
-659,417
-659,418
-659,419
-659,420
-659,421
-659,422
-659,423
-659,424
-659,425
-659,426
-659,427
-659,428
-659,429
-659,430
-659,431
-659,432
-659,433
-659,434
-659,435
-659,436
-659,437
-659,438
-659,439
-659,440
-659,441
-659,442
-659,443
-659,444
-659,445
-659,446
-659,447
-659,448
-659,449
-659,450
-659,451
-659,452
-659,453
-659,454
-659,455
-659,456
-659,457
-659,458
-659,459
-659,460
-659,461
-659,462
-659,463
-659,464
-659,465
-659,466
-659,467
-659,468
-659,469
-659,470
-659,471
-659,472
-659,473
-659,474
-659,475
-659,476
:440_6,477
:440_6,478
:440_6,479
:440_16,480
:440_16,481
:440_16,482
661,483
661,484
661,485
661,486
661,487
661,488
661,489
661,490
661,491
661,492
661,493
661,494
661,495
661,496
661,497
661,498
661,499
661,500
661,501
661,502
661,503
661,504
661,505
661,506
661,507
661,508
661,509
661,510
661,511
661,512
661,513
661,514
661,515
661,516
:484_0,517
:484_0,518
:484_0,519
:484_0,520
:484_0,521
-654,522
-654,523
-654,524
-654,525
-654,526
-654,527
-654,528
-654,529
-654,530
-654,531
-654,532
-654,533
-654,534
-654,535
-654,536
-654,537
-654,538
-654,539
-654,540
-654,541
-654,542
-654,543
-654,544
-654,545
-654,546
-654,547
-654,548
-654,549
-654,550
-654,551
-654,552
-654,553
-654,554
-654,555
-654,556
-654,557
-654,558
-654,559
-654,560
-654,561
-654,562
-654,563
-654,564
-654,565
-654,566
-654,567
-654,568
-654,569
-654,570
-654,571
-654,572
-654,573
-654,574
-654,575
-654,576
-654,577
-654,578
-654,579
-654,580
-654,581
-654,582
-654,583
-654,584
-654,585
-654,586
-654,587
-654,588
-654,589
-654,590
-654,591
-654,592
-654,593
-654,594
-654,595
-654,596
-654,597
-654,598
-654,599
-654,600
-654,601
-654,602
-654,603
-654,604
-654,605
-654,606
-654,607
-654,608
-654,609
-654,610
-654,611
-654,612
-654,613
-654,614
-654,615
:76_6,616
:76_6,617
:76_6,618
:76_6,619
:76_6,620
:76_6,621
-66,622
-66,623
-66,624
-66,625
-66,626
-66,627
-66,628
-66,629
-66,630
-66,631
-66,632
-66,633
-66,634
-66,635
-66,636
-66,637
-66,638
-66,639
-66,640
-66,641
-66,642
-66,643
-66,644
-66,645
-66,646
-66,647
-66,648
-66,649
-66,650
-66,651
-66,652
-66,653
-66,654
-66,655
-66,656
-66,657
-66,658
-66,659
-66,660
-66,661
-66,662
-66,663
-66,664
-66,665
-66,666
-66,667
-66,668
-66,669
-66,670
-66,671
-66,672
-66,673
-66,674
-66,675
-66,676
-66,677
-66,678
-66,679
-66,680
-66,681
-66,682
-66,683
-66,684
-66,685
-66,686
-66,687
-66,688
-66,689
-66,690
-66,691
-66,692
-66,693
-66,694
-66,695
-66,696
-66,697
-66,698
-66,699
-66,700
-66,701
-66,702
-66,703
-66,704
-66,705
-66,706
-66,707
-66,708
-66,709
-66,710
-66,711
-66,712
-66,713
-66,714
-66,715
-66,716
-66,717
-66,718
-66,719
-66,720
-66,721
-66,722
-66,723
-66,724
-66,725
-66,726
-66,727
-66,728
-66,729
-66,730
-66,731
-66,732
-66,733
-66,734
-66,735
-66,736
-66,737
-66,738
-66,739
-66,740
-66,741
-66,742
-66,743
-66,744
-66,745
-66,746
:74_1,747
:74_1,748
:74_1,749
:74_1,750
:74_1,751
:74_1,752
67,753
67,754
67,755
67,756
67,757
67,758
67,759
67,760
67,761
67,762
67,763
67,764
67,765
67,766
67,767
67,768
67,769
67,770
67,771
67,772
67,773
67,774
67,775
67,776
67,777
67,778
67,779
67,780
67,781
67,782
67,783
67,784
67,785
67,786
67,787
67,788
67,789
67,790
67,791
67,792
67,793
67,794
67,795
67,796
67,797
67,798
67,799
67,800
67,801
67,802
67,803
67,804
67,805
67,806
67,807
67,808
67,809
67,810
67,811
67,812
67,813
67,814
67,815
67,816
67,817
67,818
67,819
67,820
67,821
67,822
67,823
67,824
67,825
67,826
67,827
67,828
67,829
67,830
67,831
67,832
67,833
67,834
67,835
67,836
67,837
67,838
67,839
67,840
67,841
67,842
67,843
67,844
67,845
67,846
67,847
67,848
67,849
67,850
67,851
67,852
67,853
67,854
67,855
67,856
67,857
67,858
67,859
67,860
67,861
67,862
67,863
67,864
67,865
67,866
67,867
67,868
67,869
67,870
67,871
67,872
67,873
67,874
67,875
67,876
67,877
67,878
67,879
67,880
67,881
67,882
67,883
67,884
67,885
67,886
67,887
:77_6,888
:77_6,889
:77_6,890
:77_6,891
:77_6,892
:77_6,893
-121,894
-121,895
-121,896
-121,897
-121,898
-121,899
-121,900
-121,901
-121,902
-121,903
-121,904
-121,905
-121,906
-121,907
-121,908
-121,909
-121,910
-121,911
-121,912
-121,913
-121,914
-121,915
-121,916
-121,917
-121,918
-121,919
-121,920
-121,921
-121,922
-121,923
-121,924
-121,925
-121,926
-121,927
-121,928
-121,929
-121,930
-121,931
-121,932
-121,933
-121,934
-121,935
-121,936
-121,937
-121,938
-121,939
-121,940
-121,941
-121,942
-121,943
-121,944
-121,945
-121,946
-121,947
-121,948
-121,949
-121,950
-121,951
-121,952
-121,953
-121,954
-121,955
-121,956
-121,957
-121,958
-121,959
-121,960
-121,961
-121,962
-121,963
-121,964
-121,965
-121,966
121,1
121,2
121,3
121,1
