-99,15
-99,16
-99,17
-99,18
-99,19
-99,20
-99,21
-99,22
-99,23
-99,24
-99,25
-99,26
-99,27
-99,28
-99,29
-99,30
-99,31
-99,32
-99,33
-99,34
-99,35
-99,36
-99,37
-99,38
-99,39
-99,40
-99,41
-99,42
-99,43
-99,44
-99,45
-99,46
-99,47
-99,48
-99,49
-99,50
-99,51
-99,52
-99,53
-99,54
-99,55
-99,56
-99,57
-99,58
-99,59
-99,60
-99,61
-99,62
-99,63
-99,64
-99,65
-99,66
-99,67
-99,68
-99,69
-99,70
-99,71
-99,72
-99,73
-99,74
-99,75
-99,76
-99,77
-99,78
-99,79
-99,80
-99,81
-99,82
-99,83
-99,84
-99,85
-99,86
-99,87
-99,88
-99,89
-99,90
-99,91
-99,92
-99,93
-99,94
-99,95
-99,96
-99,97
-99,98
-99,99
-99,100
-99,101
-99,102
-99,103
-99,104
-99,105
-99,106
-99,107
-99,108
-99,109
-99,110
-99,111
-99,112
-99,113
-99,114
-99,115
-99,116
-99,117
-99,118
-99,119
-99,120
-99,121
-99,122
-99,123
-99,124
-99,125
-99,126
-99,127
-99,128
-99,129
-99,130
-99,131
-99,132
-99,133
-99,134
-99,135
-99,136
-99,137
-99,138
-99,139
-99,140
-99,141
-99,142
-99,143
-99,144
-99,145
-99,146
-99,147
-99,148
-99,149
-99,150
-99,151
-99,152
-99,153
-99,154
-99,155
-99,156
-99,157
-99,158
-99,159
-99,160
-99,161
-99,162
-99,163
-99,164
-99,165
-99,166
-99,167
-99,168
-99,169
-99,170
-99,171
-99,172
-99,173
-99,174
-99,175
-99,176
-99,177
-99,178
-99,179
-99,180
-99,181
-99,182
-99,183
-99,184
-99,185
-99,186
-99,187
-99,188
-99,189
:115_0,190
:115_0,191
:115_0,192
:115_0,193
:115_0,194
102,195
102,196
102,197
102,198
102,199
102,200
102,201
102,202
102,203
102,204
102,205
102,206
102,207
102,208
102,209
102,210
102,211
102,212
102,213
102,214
102,215
102,216
102,217
102,218
102,219
102,220
102,221
102,222
102,223
102,224
102,225
102,226
102,227
102,228
102,229
102,230
102,231
102,232
102,233
102,234
102,235
102,236
102,237
102,238
102,239
102,240
102,241
102,242
102,243
102,244
102,245
102,246
102,247
102,248
102,249
102,250
102,251
102,252
102,253
102,254
102,255
102,256
102,257
102,258
102,259
102,260
102,261
102,262
102,263
102,264
102,265
102,266
102,267
102,268
102,269
102,270
102,271
102,272
102,273
102,274
102,275
102,276
102,277
102,278
102,279
102,280
102,281
102,282
102,283
102,284
102,285
102,286
102,287
102,288
102,289
102,290
102,291
102,292
102,293
102,294
102,295
102,296
102,297
102,298
102,299
102,300
102,301
102,302
102,303
102,304
102,305
102,306
102,307
102,308
102,309
102,310
102,311
102,312
102,313
102,314
102,315
102,316
102,317
102,318
102,319
102,320
102,321
102,322
102,323
102,324
102,325
102,326
102,327
102,328
102,329
102,330
102,331
102,332
102,333
102,334
102,335
102,336
102,337
102,338
102,339
102,340
102,341
102,342
102,343
102,344
102,345
102,346
102,347
102,348
102,349
102,350
102,351
102,352
102,353
102,354
102,355
102,356
102,357
102,358
102,359
102,360
102,361
102,362
102,363
102,364
102,365
102,366
102,367
102,368
102,369
102,370
102,371
102,372
102,373
102,374
102,375
102,376
102,377
102,378
102,379
102,380
102,381
102,382
102,383
102,384
102,385
102,386
102,387
102,388
102,389
102,390
102,391
102,392
102,393
102,394
102,395
:3_0,396
:3_0,397
:3_0,398
:3_0,399
:3_0,400
:3_0,401
-2,402
-2,403
-2,404
-2,405
-2,406
-2,407
-2,408
-2,409
-2,410
-2,411
-2,412
-2,413
-2,414
-2,415
-2,416
-2,417
-2,418
-2,419
-2,420
-2,421
-2,422
-2,423
-2,424
-2,425
-2,426
-2,427
-2,428
-2,429
-2,430
-2,431
-2,432
-2,433
-2,434
-2,435
-2,436
-2,437
-2,438
-2,439
-2,440
-2,441
-2,442
-2,443
-2,444
-2,445
-2,446
-2,447
-2,448
-2,449
-2,450
-2,451
-2,452
-2,453
-2,454
-2,455
-2,456
-2,457
-2,458
-2,459
-2,460
-2,461
-2,462
-2,463
-2,464
-2,465
-2,466
-2,467
-2,468
-2,469
-2,470
-2,471
-2,472
-2,473
-2,474
-2,475
-2,476
-2,477
-2,478
-2,479
-2,480
-2,481
-2,482
-2,483
-2,484
-2,485
-2,486
-2,487
-2,488
-2,489
-2,490
-2,491
-2,492
-2,493
-2,494
-2,495
-2,496
-2,497
-2,498
-2,499
-2,500
-2,501
-2,502
-2,503
-2,504
-2,505
-2,506
-2,507
-2,508
-2,509
-2,510
-2,511
-2,512
-2,513
-2,514
-2,515
-2,516
:2_1,517
:2_1,518
:2_1,519
:2_1,520
:2_1,521
-1,522
-1,523
-1,524
-1,525
-1,526
-1,527
-1,528
-1,529
-1,530
-1,531
-1,532
-1,533
-1,534
-1,535
-1,536
-1,537
-1,538
-1,539
-1,540
-1,541
-1,542
-1,543
-1,544
-1,545
-1,546
-1,547
-1,548
-1,549
-1,550
-1,551
-1,552
-1,553
-1,554
-1,555
-1,556
-1,557
-1,558
-1,559
:1_0,560
:1_0,561
:1_0,562
:1_0,563
:1_0,564
:1_0,565
-0,566
-0,567
-0,568
-0,569
-0,570
-0,571
-0,572
-0,573
-0,574
-0,575
-0,576
-0,577
-0,578
-0,579
-0,580
-0,581
-0,582
-0,583
-0,584
-0,585
-0,586
-0,587
-0,588
-0,589
-0,590
-0,591
-0,592
-0,593
-0,594
-0,595
-0,596
-0,597
-0,598
-0,599
-0,600
-0,601
-0,602
-0,603
-0,604
-0,605
-0,606
-0,607
-0,608
-0,609
-0,610
-0,611
-0,612
-0,613
-0,614
-0,615
-0,616
-0,617
-0,618
-0,619
-0,620
-0,621
-0,622
-0,623
-0,624
-0,625
-0,626
-0,627
-0,628
-0,629
-0,630
-0,631
-0,632
-0,633
-0,634
-0,635
-0,636
-0,637
-0,638
-0,639
-0,640
-0,641
-0,642
-0,643
-0,644
-0,645
-0,646
-0,647
-0,648
-0,649
-0,650
-0,651
-0,652
-0,653
-0,654
-0,655
-0,656
-0,657
-0,658
-0,659
-0,660
-0,661
-0,662
-0,663
-0,664
-0,665
-0,666
-0,667
-0,668
-0,669
-0,670
-0,671
-0,672
-0,673
-0,674
-0,675
-0,676
-0,677
-0,678
-0,679
-0,680
-0,681
-0,682
-0,683
-0,684
-0,685
-0,686
-0,687
-0,688
-0,689
-0,690
-0,691
-0,692
-0,693
-0,694
-0,695
-0,696
-0,697
-0,698
-0,699
-0,700
-0,701
-0,702
:0_0,703
:0_0,704
:0_0,705
:0_0,706
3,707
3,708
3,709
3,710
3,711
3,712
3,713
3,714
3,715
3,716
3,717
3,718
3,719
3,720
3,721
3,722
3,723
3,724
3,725
3,726
3,727
3,728
3,729
3,730
3,731
3,732
3,733
3,734
3,735
3,736
3,737
3,738
3,739
3,740
3,741
3,742
3,743
3,744
3,745
3,746
3,747
3,748
3,749
3,750
3,751
3,752
3,753
3,754
3,755
3,756
3,757
3,758
3,759
3,760
3,761
3,762
3,763
3,764
3,765
3,766
3,767
3,768
3,769
3,770
3,771
3,772
3,773
3,774
3,775
3,776
3,777
3,778
3,779
3,780
3,781
3,782
3,783
3,784
3,785
3,786
3,787
3,788
3,789
3,790
3,791
3,792
3,793
3,794
3,795
3,796
3,797
3,798
3,799
3,800
3,801
3,802
3,803
3,804
3,805
3,806
3,807
3,808
3,809
3,810
3,811
3,812
3,813
3,814
3,815
3,816
3,817
3,818
3,819
3,820
3,821
3,822
3,823
3,824
3,825
3,826
3,827
3,828
3,829
3,830
3,831
3,832
3,833
3,834
3,835
3,836
3,837
3,838
3,839
3,840
3,841
3,842
3,843
3,844
3,845
3,846
3,847
3,848
3,849
3,850
3,851
3,852
3,853
3,854
3,855
3,856
3,857
3,858
3,859
3,860
3,861
3,862
3,863
3,864
3,865
3,866
3,867
3,868
3,869
3,870
3,871
3,872
3,873
3,874
3,875
3,876
3,877
3,878
3,879
3,880
3,881
3,882
3,883
3,884
3,885
3,886
3,887
3,888
3,889
3,890
3,891
3,892
3,893
3,894
3,895
3,896
3,897
3,898
3,899
3,900
3,901
3,902
3,903
3,904
3,905
3,906
3,907
3,908
3,909
3,910
3,911
3,912
3,913
3,914
3,915
3,916
3,917
3,918
3,919
3,920
3,921
3,922
3,923
3,924
3,925
3,926
3,927
3,928
3,929
3,930
3,931
3,932
3,933
3,934
3,935
3,936
3,937
3,938
3,939
3,940
3,941
3,942
3,943
3,944
3,945
3,946
3,947
3,948
3,949
3,950
3,951
3,952
3,953
3,954
3,955
3,956
3,957
3,958
3,959
3,960
3,961
3,962
3,963
3,964
3,965
