520,1
520,1
520,1
520,2
520,3
520,4
520,5
520,6
520,7
520,8
520,9
520,10
520,11
520,12
520,13
520,14
520,15
520,16
520,17
520,18
520,19
520,20
520,21
520,22
520,23
520,24
520,25
520,26
520,27
520,28
520,29
520,30
520,31
520,32
520,33
520,34
520,35
520,36
520,37
520,38
520,39
520,40
520,41
520,42
520,43
520,44
520,45
520,46
520,47
520,48
520,49
520,50
520,51
520,52
520,53
520,54
520,55
520,56
520,57
520,58
520,59
520,60
520,61
520,62
520,63
520,64
520,65
520,66
520,67
520,68
520,69
520,70
520,71
520,72
520,73
520,74
520,75
520,76
520,77
520,78
520,79
520,80
520,81
520,82
520,83
520,84
520,85
520,86
520,87
520,88
520,89
520,90
520,91
520,92
520,93
520,94
520,95
520,96
520,97
520,98
520,99
520,100
520,101
520,102
520,103
520,104
520,105
520,106
520,107
520,108
520,109
520,110
520,111
520,112
520,113
520,114
520,115
520,116
520,117
520,118
520,119
520,120
520,121
520,122
520,123
520,124
520,125
520,126
520,127
520,128
520,129
520,130
520,131
520,132
520,133
520,134
520,135
520,136
520,137
520,138
520,139
520,140
520,141
520,142
520,143
520,144
520,145
520,146
520,147
520,148
520,149
520,150
520,151
520,152
520,153
520,154
520,155
520,156
520,157
520,158
520,159
520,160
520,161
520,162
520,163
520,164
:302_1,165
:302_1,166
:302_1,167
:302_1,168
324,169
324,170
324,171
324,172
324,173
324,174
324,175
324,176
324,177
324,178
324,179
324,180
324,181
324,182
324,183
324,184
324,185
324,186
324,187
324,188
324,189
324,190
324,191
324,192
324,193
324,194
324,195
324,196
324,197
324,198
324,199
324,200
324,201
324,202
324,203
324,204
324,205
324,206
324,207
324,208
324,209
324,210
324,211
324,212
324,213
324,214
324,215
324,216
324,217
324,218
324,219
324,220
324,221
324,222
324,223
324,224
324,225
324,226
324,227
324,228
324,229
324,230
324,231
324,232
324,233
324,234
324,235
324,236
324,237
324,238
324,239
324,240
324,241
324,242
324,243
324,244
324,245
324,246
324,247
324,248
324,249
324,250
324,251
324,252
324,253
324,254
324,255
324,256
324,257
324,258
324,259
324,260
324,261
324,262
324,263
324,264
324,265
324,266
324,267
324,268
324,269
324,270
324,271
324,272
324,273
324,274
324,275
324,276
324,277
324,278
324,279
324,280
324,281
324,282
324,283
324,284
324,285
324,286
324,287
324,288
324,289
324,290
324,291
324,292
324,293
324,294
324,295
324,296
324,297
324,298
324,299
324,300
324,301
324,302
324,303
324,304
324,305
324,306
324,307
324,308
324,309
324,310
324,311
324,312
324,313
324,314
324,315
324,316
324,317
324,318
324,319
324,320
324,321
324,322
324,323
324,324
324,325
324,326
324,327
324,328
324,329
324,330
324,331
324,332
324,333
324,334
324,335
324,336
324,337
324,338
324,339
324,340
324,341
324,342
324,343
324,344
324,345
324,346
324,347
324,348
324,349
324,350
324,351
324,352
324,353
324,354
324,355
324,356
324,357
324,358
324,359
324,360
324,361
324,362
324,363
324,364
324,365
324,366
324,367
324,368
324,369
324,370
324,371
324,372
324,373
324,374
324,375
324,376
324,377
324,378
324,379
324,380
324,381
324,382
324,383
324,384
324,385
324,386
324,387
324,388
324,389
324,390
324,391
324,392
324,393
324,394
324,395
324,396
324,397
324,398
324,399
324,400
324,401
324,402
324,403
324,404
324,405
324,406
324,407
324,408
324,409
324,410
324,411
324,412
324,413
324,414
324,415
324,416
324,417
324,418
324,419
324,420
324,421
324,422
324,423
324,424
324,425
324,426
324,427
324,428
324,429
324,430
324,431
324,432
324,433
324,434
324,435
324,436
324,437
324,438
324,439
324,440
324,441
324,442
324,443
324,444
324,445
324,446
324,447
324,448
324,449
324,450
324,451
324,452
324,453
324,454
324,455
324,456
324,457
324,458
324,459
324,460
324,461
324,462
324,463
324,464
324,465
324,466
324,467
324,468
324,469
324,470
324,471
324,472
324,473
324,474
324,475
324,476
324,477
324,478
324,479
:170_2,480
:170_2,481
:170_2,482
:170_2,483
:170_2,484
:170_2,485
-154,486
-154,487
-154,488
-154,489
-154,490
-154,491
-154,492
-154,493
-154,494
-154,495
-154,496
-154,497
-154,498
-154,499
-154,500
-154,501
-154,502
-154,503
-154,504
-154,505
-154,506
-154,507
-154,508
-154,509
-154,510
-154,511
-154,512
-154,513
-154,514
-154,515
-154,516
-154,517
-154,518
-154,519
-154,520
-154,521
-154,522
-154,523
-154,524
-154,525
-154,526
-154,527
-154,528
-154,529
-154,530
-154,531
-154,532
-154,533
-154,534
-154,535
-154,536
-154,537
-154,538
-154,539
-154,540
-154,541
-154,542
-154,543
-154,544
-154,545
-154,546
-154,547
-154,548
-154,549
-154,550
-154,551
-154,552
-154,553
-154,554
-154,555
-154,556
-154,557
-154,558
-154,559
-154,560
-154,561
-154,562
-154,563
-154,564
-154,565
-154,566
-154,567
-154,568
-154,569
-154,570
-154,571
-154,572
-154,573
-154,574
-154,575
-154,576
-154,577
-154,578
-154,579
-154,580
-154,581
-154,582
-154,583
-154,584
-154,585
-154,586
-154,587
-154,588
-154,589
-154,590
-154,591
-154,592
-154,593
-154,594
-154,595
-154,596
-154,597
-154,598
-154,599
-154,600
-154,601
-154,602
-154,603
-154,604
-154,605
-154,606
-154,607
-154,608
-154,609
-154,610
-154,611
-154,612
-154,613
-154,614
-154,615
-154,616
-154,617
-154,618
-154,619
-154,620
-154,621
-154,622
-154,623
-154,624
-154,625
-154,626
-154,627
-154,628
-154,629
-154,630
-154,631
-154,632
-154,633
-154,634
-154,635
-154,636
-154,637
-154,638
-154,639
-154,640
-154,641
-154,642
-154,643
-154,644
-154,645
-154,646
-154,647
-154,648
-154,649
-154,650
-154,651
-154,652
-154,653
-154,654
-154,655
-154,656
-154,657
-154,658
-154,659
-154,660
-154,661
-154,662
-154,663
-154,664
-154,665
-154,666
-154,667
-154,668
-154,669
-154,670
-154,671
-154,672
-154,673
-154,674
-154,675
-154,676
-154,677
-154,678
-154,679
-154,680
-154,681
-154,682
-154,683
-154,684
-154,685
-154,686
-154,687
-154,688
-154,689
-154,690
-154,691
-154,692
-154,693
-154,694
-154,695
-154,696
-154,697
-154,698
-154,699
-154,700
-154,701
-154,702
-154,703
-154,704
-154,705
-154,706
-154,707
-154,708
-154,709
-154,710
-154,711
-154,712
-154,713
-154,714
-154,715
-154,716
-154,717
-154,718
-154,719
-154,720
-154,721
-154,722
-154,723
-154,724
-154,725
-154,726
-154,727
-154,728
-154,729
-154,730
-154,731
-154,732
-154,733
-154,734
-154,735
-154,736
-154,737
-154,738
-154,739
-154,740
-154,741
-154,742
-154,743
-154,744
-154,745
-154,746
-154,747
-154,748
-154,749
-154,750
-154,751
-154,752
-154,753
-154,754
-154,755
-154,756
:166_13,757
:166_13,758
:166_13,759
:166_13,760
:166_13,761
:166_13,762
:166_13,763
151,764
151,765
151,766
151,767
151,768
151,769
151,770
151,771
151,772
151,773
151,774
151,775
151,776
151,777
151,778
151,779
151,780
151,781
151,782
151,783
151,784
151,785
151,786
151,787
151,788
151,789
151,790
151,791
151,792
151,793
151,794
151,795
151,796
151,797
151,798
151,799
151,800
151,801
151,802
151,803
151,804
151,805
151,806
151,807
151,808
151,809
151,810
151,811
151,812
151,813
151,814
151,815
151,816
151,817
151,818
151,819
151,820
151,821
151,822
151,823
151,824
151,825
:167_6,826
:167_6,827
:167_6,828
:167_6,829
:167_6,830
-458,831
-458,832
-458,833
-458,834
-458,835
-458,836
-458,837
-458,838
-458,839
-458,840
-458,841
-458,842
-458,843
-458,844
-458,845
-458,846
-458,847
-458,848
-458,849
-458,850
-458,851
-458,852
-458,853
-458,854
-458,855
-458,856
-458,857
-458,858
-458,859
-458,860
-458,861
-458,862
-458,863
-458,864
-458,865
-458,866
-458,867
-458,868
-458,869
-458,870
-458,871
-458,872
-458,873
-458,874
-458,875
-458,876
-458,877
-458,878
-458,879
-458,880
-458,881
-458,882
-458,883
-458,884
-458,885
-458,886
-458,887
-458,888
-458,889
-458,890
-458,891
-458,892
-458,893
-458,894
-458,895
-458,896
-458,897
-458,898
-458,899
-458,900
-458,901
-458,902
-458,903
-458,904
-458,905
-458,906
-458,907
-458,908
-458,909
-458,910
-458,911
-458,912
-458,913
-458,914
-458,915
-458,916
-458,917
-458,918
-458,919
-458,920
-458,921
-458,922
-458,923
-458,924
-458,925
-458,926
:391_0,927
:391_0,928
:391_0,929
:391_0,930
:391_0,931
:391_0,932
460,933
460,934
460,935
460,936
460,937
460,938
460,939
460,940
460,941
460,942
460,943
460,944
460,945
460,946
460,947
460,948
460,949
460,950
460,951
460,952
460,953
460,954
460,955
460,956
460,957
460,958
460,959
460,960
460,961
460,962
460,963
460,964
460,965
460,966
520,1
520,2
520,3
520,1
