79,4
79,5
79,6
79,7
79,8
79,9
79,10
79,11
79,12
79,13
79,14
79,15
79,16
79,17
79,18
79,19
79,20
79,21
79,22
79,23
79,24
79,25
79,26
79,27
79,28
79,29
79,30
79,31
79,32
79,33
79,34
79,35
79,36
79,37
79,38
79,39
79,40
79,41
79,42
79,43
79,44
79,45
79,46
79,47
79,48
79,49
79,50
79,51
79,52
79,53
79,54
79,55
79,56
79,57
79,58
79,59
79,60
79,61
79,62
79,63
79,64
79,65
79,66
79,67
79,68
79,69
79,70
79,71
79,72
79,73
79,74
79,75
79,76
79,77
79,78
79,79
79,80
79,81
79,82
79,83
79,84
79,85
79,86
79,87
79,88
79,89
79,90
79,91
79,92
79,93
79,94
79,95
79,96
79,97
79,98
79,99
79,100
79,101
79,102
79,103
79,104
79,105
79,106
79,107
79,108
79,109
79,110
79,111
79,112
79,113
79,114
79,115
79,116
79,117
:92_3,118
:92_3,119
:92_3,120
:92_3,121
:92_3,122
:92_3,123
-571,124
-571,125
-571,126
-571,127
-571,128
-571,129
-571,130
-571,131
-571,132
-571,133
-571,134
-571,135
-571,136
-571,137
-571,138
-571,139
-571,140
-571,141
-571,142
-571,143
-571,144
-571,145
-571,146
-571,147
-571,148
-571,149
-571,150
-571,151
-571,152
-571,153
-571,154
-571,155
-571,156
-571,157
-571,158
-571,159
-571,160
-571,161
-571,162
-571,163
-571,164
-571,165
-571,166
-571,167
-571,168
-571,169
-571,170
-571,171
-571,172
-571,173
-571,174
-571,175
-571,176
-571,177
-571,178
-571,179
-571,180
-571,181
-571,182
-571,183
-571,184
-571,185
-571,186
-571,187
-571,188
-571,189
-571,190
-571,191
-571,192
-571,193
-571,194
-571,195
-571,196
-571,197
-571,198
-571,199
-571,200
-571,201
-571,202
-571,203
-571,204
-571,205
-571,206
-571,207
-571,208
-571,209
-571,210
-571,211
-571,212
-571,213
-571,214
-571,215
-571,216
-571,217
-571,218
-571,219
-571,220
-571,221
-571,222
-571,223
-571,224
-571,225
-571,226
-571,227
-571,228
-571,229
-571,230
-571,231
-571,232
-571,233
-571,234
-571,235
-571,236
-571,237
-571,238
-571,239
-571,240
-571,241
-571,242
-571,243
-571,244
-571,245
-571,246
-571,247
-571,248
-571,249
-571,250
-571,251
-571,252
-571,253
-571,254
-571,255
-571,256
-571,257
-571,258
-571,259
-571,260
-571,261
-571,262
-571,263
-571,264
-571,265
-571,266
-571,267
-571,268
-571,269
-571,270
-571,271
-571,272
-571,273
-571,274
-571,275
-571,276
-571,277
-571,278
-571,279
-571,280
-571,281
-571,282
-571,283
-571,284
-571,285
-571,286
-571,287
-571,288
-571,289
-571,290
-571,291
-571,292
-571,293
-571,294
-571,295
-571,296
-571,297
-571,298
-571,299
-571,300
-571,301
-571,302
-571,303
-571,304
-571,305
-571,306
-571,307
-571,308
-571,309
-571,310
-571,311
-571,312
-571,313
-571,314
-571,315
-571,316
-571,317
-571,318
-571,319
-571,320
-571,321
-571,322
-571,323
-571,324
-571,325
-571,326
-571,327
-571,328
-571,329
-571,330
-571,331
-571,332
-571,333
-571,334
-571,335
-571,336
-571,337
-571,338
-571,339
-571,340
-571,341
-571,342
-571,343
-571,344
-571,345
:99_7,346
:99_7,347
:99_7,348
:99_7,349
:99_7,350
-570,351
-570,352
-570,353
-570,354
-570,355
-570,356
-570,357
-570,358
-570,359
-570,360
-570,361
-570,362
-570,363
-570,364
-570,365
-570,366
-570,367
-570,368
-570,369
-570,370
-570,371
-570,372
-570,373
-570,374
-570,375
-570,376
-570,377
-570,378
-570,379
-570,380
-570,381
-570,382
-570,383
-570,384
-570,385
-570,386
-570,387
-570,388
-570,389
-570,390
-570,391
-570,392
-570,393
-570,394
-570,395
-570,396
-570,397
-570,398
-570,399
-570,400
-570,401
-570,402
-570,403
-570,404
-570,405
-570,406
-570,407
-570,408
-570,409
-570,410
-570,411
-570,412
-570,413
-570,414
-570,415
-570,416
-570,417
-570,418
-570,419
-570,420
-570,421
-570,422
-570,423
-570,424
-570,425
-570,426
-570,427
-570,428
-570,429
-570,430
-570,431
-570,432
-570,433
-570,434
-570,435
-570,436
-570,437
-570,438
-570,439
-570,440
-570,441
-570,442
-570,443
-570,444
-570,445
-570,446
-570,447
-570,448
-570,449
-570,450
-570,451
-570,452
-570,453
-570,454
-570,455
-570,456
-570,457
-570,458
-570,459
-570,460
-570,461
-570,462
-570,463
-570,464
-570,465
-570,466
-570,467
-570,468
-570,469
-570,470
-570,471
-570,472
-570,473
-570,474
-570,475
-570,476
-570,477
-570,478
-570,479
-570,480
-570,481
-570,482
-570,483
-570,484
-570,485
-570,486
-570,487
-570,488
-570,489
-570,490
-570,491
-570,492
-570,493
-570,494
-570,495
-570,496
-570,497
-570,498
-570,499
-570,500
-570,501
-570,502
-570,503
-570,504
-570,505
-570,506
-570,507
-570,508
-570,509
-570,510
-570,511
-570,512
-570,513
-570,514
-570,515
-570,516
-570,517
-570,518
-570,519
-570,520
-570,521
-570,522
-570,523
-570,524
-570,525
-570,526
-570,527
-570,528
:151_7,529
:151_7,530
:151_7,531
:151_7,532
:151_7,533
:151_7,534
-569,535
-569,536
-569,537
-569,538
-569,539
-569,540
-569,541
-569,542
-569,543
-569,544
-569,545
-569,546
-569,547
-569,548
-569,549
-569,550
-569,551
-569,552
-569,553
-569,554
-569,555
-569,556
-569,557
-569,558
-569,559
-569,560
-569,561
-569,562
-569,563
-569,564
-569,565
-569,566
-569,567
-569,568
-569,569
-569,570
-569,571
-569,572
-569,573
-569,574
-569,575
-569,576
-569,577
-569,578
-569,579
-569,580
-569,581
-569,582
-569,583
-569,584
-569,585
-569,586
-569,587
-569,588
-569,589
-569,590
-569,591
-569,592
-569,593
-569,594
-569,595
-569,596
-569,597
-569,598
-569,599
-569,600
-569,601
-569,602
-569,603
-569,604
-569,605
-569,606
-569,607
-569,608
-569,609
-569,610
-569,611
-569,612
-569,613
-569,614
-569,615
-569,616
-569,617
-569,618
-569,619
-569,620
-569,621
-569,622
-569,623
-569,624
-569,625
-569,626
-569,627
-569,628
-569,629
-569,630
-569,631
-569,632
-569,633
-569,634
-569,635
-569,636
-569,637
-569,638
-569,639
-569,640
-569,641
-569,642
-569,643
-569,644
-569,645
-569,646
:64_3,647
:64_3,648
:64_3,649
:64_3,650
:64_3,651
:64_3,652
-56,653
-56,654
-56,655
-56,656
-56,657
-56,658
-56,659
-56,660
-56,661
-56,662
-56,663
-56,664
-56,665
-56,666
-56,667
-56,668
-56,669
-56,670
-56,671
-56,672
-56,673
-56,674
-56,675
-56,676
-56,677
-56,678
-56,679
-56,680
-56,681
-56,682
-56,683
-56,684
-56,685
-56,686
-56,687
-56,688
-56,689
-56,690
-56,691
-56,692
-56,693
-56,694
-56,695
-56,696
-56,697
-56,698
-56,699
-56,700
-56,701
-56,702
-56,703
-56,704
-56,705
-56,706
-56,707
-56,708
-56,709
-56,710
-56,711
-56,712
-56,713
-56,714
-56,715
-56,716
-56,717
-56,718
-56,719
-56,720
-56,721
-56,722
-56,723
-56,724
-56,725
-56,726
-56,727
-56,728
-56,729
-56,730
-56,731
-56,732
-56,733
-56,734
-56,735
-56,736
-56,737
-56,738
-56,739
-56,740
-56,741
-56,742
-56,743
-56,744
-56,745
-56,746
-56,747
-56,748
-56,749
-56,750
-56,751
-56,752
-56,753
-56,754
-56,755
-56,756
-56,757
-56,758
-56,759
-56,760
-56,761
-56,762
-56,763
-56,764
-56,765
-56,766
-56,767
-56,768
-56,769
-56,770
-56,771
-56,772
-56,773
-56,774
-56,775
-56,776
-56,777
-56,778
-56,779
-56,780
-56,781
-56,782
-56,783
-56,784
-56,785
-56,786
-56,787
-56,788
-56,789
-56,790
-56,791
-56,792
-56,793
-56,794
-56,795
-56,796
-56,797
-56,798
-56,799
-56,800
-56,801
-56,802
-56,803
-56,804
-56,805
-56,806
-56,807
:58_13,808
:58_13,809
:58_13,810
:58_13,811
:58_13,812
:58_13,813
53,814
53,815
53,816
53,817
53,818
53,819
53,820
53,821
53,822
53,823
53,824
53,825
53,826
53,827
53,828
53,829
53,830
53,831
53,832
53,833
53,834
53,835
53,836
53,837
53,838
53,839
53,840
53,841
53,842
53,843
53,844
53,845
53,846
53,847
53,848
53,849
53,850
53,851
53,852
53,853
53,854
53,855
53,856
53,857
53,858
53,859
53,860
53,861
53,862
53,863
53,864
53,865
53,866
53,867
53,868
53,869
53,870
53,871
53,872
53,873
53,874
53,875
53,876
53,877
53,878
53,879
53,880
53,881
53,882
53,883
53,884
53,885
53,886
53,887
53,888
53,889
53,890
53,891
53,892
53,893
53,894
:61_7,895
:61_7,896
:61_7,897
:61_7,898
:61_7,899
:61_7,900
54,901
54,902
54,903
54,904
54,905
54,906
54,907
54,908
54,909
54,910
54,911
54,912
54,913
54,914
54,915
54,916
54,917
54,918
54,919
54,920
54,921
54,922
54,923
54,924
54,925
54,926
54,927
54,928
54,929
54,930
54,931
54,932
54,933
54,934
54,935
54,936
54,937
54,938
54,939
54,940
54,941
54,942
54,943
54,944
54,945
54,946
54,947
54,948
54,949
54,950
54,951
54,952
:62_3,953
:62_3,954
:62_3,955
:62_3,956
:62_3,957
:62_3,958
55,959
55,960
55,961
55,962
55,963
55,964
55,965
79,4
