-454,1
-454,1
-454,1
-454,2
-454,3
-454,4
-454,5
-454,6
-454,7
-454,8
-454,9
-454,10
-454,11
-454,12
-454,13
-454,14
-454,15
-454,16
-454,17
-454,18
-454,19
-454,20
-454,21
-454,22
-454,23
-454,24
-454,25
-454,26
-454,27
-454,28
-454,29
-454,30
-454,31
-454,32
-454,33
-454,34
-454,35
-454,36
-454,37
-454,38
-454,39
-454,40
-454,41
-454,42
-454,43
-454,44
-454,45
-454,46
-454,47
-454,48
-454,49
-454,50
-454,51
-454,52
-454,53
-454,54
-454,55
-454,56
-454,57
-454,58
-454,59
-454,60
-454,61
-454,62
-454,63
-454,64
-454,65
-454,66
-454,67
-454,68
-454,69
-454,70
-454,71
-454,72
-454,73
-454,74
-454,75
-454,76
-454,77
-454,78
-454,79
-454,80
-454,81
-454,82
-454,83
-454,84
-454,85
-454,86
-454,87
-454,88
-454,89
-454,90
-454,91
:279_4,92
:279_4,93
:279_10,94
:279_10,95
:279_10,96
-550,97
-550,98
-550,99
-550,100
-550,101
-550,102
-550,103
-550,104
-550,105
-550,106
-550,107
-550,108
-550,109
-550,110
-550,111
-550,112
-550,113
-550,114
-550,115
-550,116
-550,117
-550,118
-550,119
-550,120
-550,121
-550,122
-550,123
-550,124
-550,125
-550,126
-550,127
-550,128
-550,129
-550,130
-550,131
-550,132
-550,133
-550,134
-550,135
-550,136
-550,137
-550,138
-550,139
-550,140
-550,141
-550,142
-550,143
-550,144
-550,145
-550,146
-550,147
-550,148
-550,149
-550,150
-550,151
-550,152
-550,153
-550,154
-550,155
-550,156
-550,157
-550,158
-550,159
-550,160
-550,161
-550,162
-550,163
-550,164
-550,165
-550,166
-550,167
-550,168
-550,169
-550,170
-550,171
-550,172
-550,173
-550,174
-550,175
-550,176
-550,177
-550,178
-550,179
-550,180
-550,181
-550,182
-550,183
-550,184
-550,185
-550,186
-550,187
-550,188
-550,189
-550,190
-550,191
-550,192
-550,193
-550,194
-550,195
-550,196
-550,197
-550,198
-550,199
-550,200
-550,201
-550,202
-550,203
-550,204
-550,205
-550,206
-550,207
-550,208
-550,209
-550,210
-550,211
-550,212
-550,213
-550,214
-550,215
-550,216
-550,217
-550,218
-550,219
-550,220
-550,221
-550,222
-550,223
-550,224
-550,225
-550,226
-550,227
-550,228
-550,229
-550,230
-550,231
-550,232
-550,233
-550,234
-550,235
-550,236
-550,237
-550,238
:247_3,239
:247_3,240
:247_3,241
-246,242
-246,243
-246,244
-246,245
-246,246
-246,247
-246,248
-246,249
-246,250
-246,251
-246,252
-246,253
-246,254
-246,255
-246,256
-246,257
-246,258
-246,259
-246,260
-246,261
-246,262
-246,263
-246,264
-246,265
-246,266
-246,267
-246,268
-246,269
-246,270
-246,271
-246,272
-246,273
-246,274
-246,275
-246,276
-246,277
-246,278
-246,279
-246,280
-246,281
-246,282
-246,283
-246,284
-246,285
-246,286
-246,287
-246,288
-246,289
-246,290
-246,291
-246,292
-246,293
-246,294
-246,295
-246,296
-246,297
-246,298
-246,299
-246,300
-246,301
-246,302
-246,303
-246,304
-246,305
-246,306
:197_4,307
:197_4,308
:197_4,309
:197_4,310
:197_4,311
:197_4,312
:197_4,313
:197_4,314
-183,315
-183,316
-183,317
-183,318
-183,319
-183,320
-183,321
-183,322
-183,323
-183,324
-183,325
-183,326
-183,327
-183,328
-183,329
-183,330
-183,331
-183,332
-183,333
-183,334
-183,335
-183,336
-183,337
-183,338
-183,339
-183,340
-183,341
-183,342
-183,343
-183,344
-183,345
-183,346
-183,347
-183,348
-183,349
-183,350
-183,351
-183,352
-183,353
-183,354
-183,355
-183,356
-183,357
-183,358
-183,359
-183,360
-183,361
-183,362
-183,363
-183,364
-183,365
-183,366
-183,367
-183,368
-183,369
-183,370
-183,371
-183,372
-183,373
-183,374
-183,375
-183,376
-183,377
-183,378
-183,379
-183,380
-183,381
-183,382
-183,383
-183,384
-183,385
-183,386
-183,387
-183,388
-183,389
-183,390
-183,391
-183,392
-183,393
-183,394
-183,395
-183,396
-183,397
-183,398
-183,399
-183,400
-183,401
-183,402
-183,403
-183,404
-183,405
-183,406
-183,407
-183,408
:194_0,409
:194_0,410
:194_0,411
:194_0,412
:194_0,413
182,414
182,415
182,416
182,417
182,418
182,419
182,420
182,421
182,422
182,423
182,424
182,425
182,426
182,427
182,428
182,429
182,430
182,431
182,432
182,433
182,434
182,435
182,436
182,437
182,438
182,439
182,440
182,441
182,442
182,443
182,444
182,445
182,446
182,447
182,448
182,449
182,450
182,451
182,452
182,453
182,454
182,455
182,456
182,457
182,458
182,459
182,460
182,461
182,462
182,463
182,464
182,465
182,466
182,467
182,468
182,469
182,470
182,471
182,472
182,473
182,474
182,475
182,476
182,477
:196_5,478
:196_5,479
:196_5,480
:196_5,481
:196_5,482
:196_5,483
206,484
206,485
206,486
206,487
206,488
206,489
206,490
206,491
206,492
206,493
206,494
206,495
206,496
206,497
206,498
206,499
206,500
206,501
206,502
206,503
206,504
206,505
206,506
206,507
206,508
206,509
206,510
206,511
206,512
206,513
206,514
206,515
206,516
206,517
206,518
206,519
206,520
206,521
206,522
206,523
206,524
206,525
206,526
206,527
206,528
206,529
206,530
206,531
206,532
206,533
206,534
206,535
206,536
206,537
206,538
206,539
206,540
206,541
206,542
:103_4,543
:103_4,544
:103_4,545
:103_4,546
:103_4,547
-88,548
-88,549
-88,550
-88,551
-88,552
-88,553
-88,554
-88,555
-88,556
-88,557
-88,558
-88,559
-88,560
-88,561
-88,562
-88,563
-88,564
-88,565
-88,566
-88,567
-88,568
-88,569
-88,570
-88,571
-88,572
-88,573
-88,574
-88,575
-88,576
-88,577
-88,578
-88,579
-88,580
-88,581
-88,582
-88,583
-88,584
-88,585
-88,586
-88,587
-88,588
-88,589
-88,590
-88,591
-88,592
-88,593
-88,594
-88,595
-88,596
-88,597
-88,598
-88,599
-88,600
-88,601
-88,602
-88,603
-88,604
-88,605
-88,606
-88,607
-88,608
-88,609
-88,610
-88,611
-88,612
-88,613
-88,614
-88,615
-88,616
-88,617
-88,618
-88,619
-88,620
-88,621
-88,622
-88,623
-88,624
-88,625
-88,626
-88,627
-88,628
-88,629
-88,630
-88,631
-88,632
-88,633
:27_5,634
:27_5,635
:27_5,636
:27_5,637
:27_5,638
:27_5,639
86,640
86,641
86,642
86,643
86,644
86,645
86,646
86,647
86,648
86,649
86,650
86,651
86,652
86,653
86,654
86,655
86,656
86,657
86,658
86,659
86,660
86,661
86,662
86,663
86,664
86,665
86,666
86,667
86,668
86,669
86,670
86,671
86,672
86,673
86,674
86,675
86,676
86,677
86,678
86,679
86,680
86,681
86,682
86,683
86,684
86,685
86,686
86,687
86,688
86,689
86,690
86,691
86,692
86,693
86,694
86,695
86,696
86,697
86,698
86,699
86,700
86,701
86,702
86,703
86,704
86,705
86,706
86,707
86,708
86,709
86,710
86,711
86,712
86,713
86,714
86,715
86,716
86,717
86,718
86,719
86,720
86,721
86,722
86,723
86,724
86,725
86,726
86,727
:101_4,728
:101_4,729
:101_4,730
:101_4,731
:101_4,732
:101_4,733
-147,734
-147,735
-147,736
-147,737
-147,738
-147,739
-147,740
-147,741
-147,742
-147,743
-147,744
-147,745
-147,746
-147,747
-147,748
-147,749
-147,750
-147,751
-147,752
-147,753
-147,754
-147,755
-147,756
-147,757
-147,758
-147,759
-147,760
-147,761
-147,762
-147,763
-147,764
-147,765
-147,766
-147,767
-147,768
-147,769
-147,770
-147,771
-147,772
-147,773
-147,774
-147,775
-147,776
-147,777
-147,778
-147,779
-147,780
-147,781
-147,782
-147,783
-147,784
-147,785
-147,786
-147,787
-147,788
-147,789
-147,790
-147,791
-147,792
-147,793
-147,794
-147,795
:160_5,796
:160_5,797
:160_5,798
:160_5,799
:160_5,800
:160_5,801
148,802
148,803
148,804
148,805
148,806
148,807
148,808
148,809
148,810
148,811
148,812
148,813
148,814
148,815
148,816
148,817
148,818
148,819
148,820
148,821
148,822
148,823
148,824
148,825
148,826
148,827
148,828
148,829
148,830
148,831
148,832
148,833
148,834
148,835
148,836
148,837
148,838
148,839
148,840
148,841
148,842
148,843
148,844
148,845
148,846
148,847
148,848
148,849
148,850
148,851
148,852
148,853
148,854
148,855
148,856
148,857
148,858
148,859
148,860
148,861
148,862
148,863
148,864
148,865
148,866
148,867
148,868
148,869
148,870
148,871
148,872
148,873
148,874
148,875
148,876
148,877
148,878
148,879
148,880
148,881
148,882
148,883
148,884
148,885
:163_4,886
:163_4,887
:163_4,888
-165,889
-165,890
-165,891
-165,892
-165,893
-165,894
-165,895
-165,896
-165,897
-165,898
-165,899
-165,900
-165,901
-165,902
-165,903
-165,904
-165,905
-165,906
-165,907
-165,908
-165,909
-165,910
-165,911
-165,912
-165,913
-165,914
-165,915
-165,916
-165,917
-165,918
-165,919
-165,920
-165,921
-165,922
-165,923
-165,924
-165,925
-165,926
-165,927
-165,928
-165,929
-165,930
-165,931
-165,932
-165,933
-165,934
-165,935
-165,936
-165,937
-165,938
-165,939
-165,940
-165,941
-165,942
-165,943
-165,944
-165,945
-165,946
-165,947
-165,948
-165,949
-165,950
-165,951
-165,952
-165,953
-165,954
-165,955
-165,956
-165,957
-165,958
-165,959
-165,960
-165,961
-165,962
-165,963
-165,964
-165,965
-165,966
-454,1
-454,2
-454,3
-454,1
