-39,4
-39,5
-39,6
-39,7
-39,8
-39,9
-39,10
-39,11
-39,12
-39,13
-39,14
-39,15
-39,16
-39,17
-39,18
-39,19
-39,20
-39,21
-39,22
-39,23
-39,24
-39,25
-39,26
-39,27
-39,28
-39,29
-39,30
-39,31
-39,32
-39,33
-39,34
-39,35
-39,36
-39,37
-39,38
-39,39
-39,40
-39,41
-39,42
-39,43
-39,44
-39,45
-39,46
-39,47
-39,48
-39,49
-39,50
-39,51
-39,52
-39,53
-39,54
-39,55
-39,56
-39,57
-39,58
-39,59
-39,60
-39,61
-39,62
-39,63
-39,64
-39,65
-39,66
-39,67
-39,68
-39,69
-39,70
-39,71
-39,72
-39,73
-39,74
-39,75
-39,76
-39,77
-39,78
-39,79
-39,80
-39,81
-39,82
-39,83
-39,84
-39,85
-39,86
-39,87
-39,88
-39,89
-39,90
-39,91
-39,92
-39,93
-39,94
-39,95
-39,96
-39,97
-39,98
-39,99
-39,100
-39,101
-39,102
-39,103
-39,104
-39,105
-39,106
-39,107
-39,108
-39,109
-39,110
-39,111
-39,112
-39,113
-39,114
-39,115
-39,116
-39,117
-39,118
-39,119
-39,120
-39,121
-39,122
-39,123
-39,124
-39,125
-39,126
-39,127
-39,128
-39,129
-39,130
-39,131
-39,132
-39,133
-39,134
-39,135
-39,136
-39,137
-39,138
-39,139
-39,140
-39,141
-39,142
-39,143
-39,144
-39,145
-39,146
-39,147
-39,148
-39,149
-39,150
-39,151
-39,152
-39,153
-39,154
-39,155
-39,156
-39,157
-39,158
-39,159
-39,160
-39,161
-39,162
-39,163
-39,164
-39,165
-39,166
-39,167
-39,168
-39,169
-39,170
-39,171
-39,172
-39,173
-39,174
-39,175
-39,176
-39,177
-39,178
-39,179
-39,180
-39,181
-39,182
-39,183
-39,184
-39,185
-39,186
-39,187
-39,188
-39,189
-39,190
:43_12,191
:43_12,192
:43_12,193
37,194
37,195
37,196
37,197
37,198
37,199
37,200
37,201
37,202
37,203
37,204
37,205
37,206
37,207
37,208
37,209
37,210
37,211
37,212
37,213
37,214
37,215
37,216
37,217
37,218
37,219
37,220
37,221
37,222
37,223
37,224
37,225
37,226
37,227
37,228
37,229
37,230
37,231
37,232
37,233
37,234
37,235
37,236
37,237
37,238
37,239
37,240
37,241
37,242
37,243
37,244
37,245
37,246
37,247
37,248
37,249
37,250
37,251
37,252
37,253
37,254
37,255
37,256
37,257
37,258
37,259
37,260
37,261
37,262
37,263
37,264
37,265
37,266
37,267
37,268
37,269
37,270
37,271
37,272
37,273
37,274
37,275
37,276
37,277
37,278
37,279
37,280
37,281
37,282
37,283
37,284
37,285
37,286
37,287
37,288
37,289
37,290
37,291
37,292
37,293
37,294
37,295
37,296
37,297
37,298
37,299
37,300
37,301
37,302
37,303
37,304
37,305
37,306
37,307
37,308
37,309
37,310
37,311
37,312
37,313
37,314
37,315
37,316
37,317
37,318
37,319
37,320
37,321
37,322
:45_21,323
:45_21,324
:45_21,325
:45_21,326
:45_21,327
:45_21,328
:45_21,329
:45_21,330
:45_21,331
:45_21,332
:45_21,333
:45_21,334
208,335
208,336
208,337
208,338
208,339
208,340
208,341
208,342
208,343
208,344
208,345
208,346
208,347
208,348
208,349
208,350
208,351
208,352
208,353
208,354
208,355
208,356
208,357
208,358
208,359
208,360
208,361
208,362
208,363
208,364
208,365
208,366
208,367
208,368
208,369
208,370
208,371
208,372
208,373
208,374
208,375
208,376
208,377
208,378
208,379
208,380
208,381
208,382
208,383
208,384
208,385
208,386
208,387
208,388
208,389
208,390
208,391
208,392
208,393
208,394
208,395
208,396
208,397
208,398
208,399
208,400
208,401
208,402
208,403
208,404
208,405
208,406
208,407
208,408
208,409
208,410
208,411
208,412
208,413
208,414
208,415
208,416
208,417
208,418
208,419
208,420
208,421
208,422
208,423
208,424
208,425
208,426
208,427
208,428
208,429
208,430
208,431
208,432
208,433
208,434
208,435
208,436
208,437
208,438
208,439
208,440
208,441
208,442
208,443
208,444
208,445
208,446
208,447
208,448
208,449
208,450
208,451
208,452
208,453
208,454
208,455
208,456
208,457
208,458
208,459
208,460
208,461
208,462
208,463
208,464
208,465
208,466
208,467
208,468
208,469
208,470
208,471
208,472
208,473
208,474
208,475
208,476
208,477
208,478
208,479
208,480
208,481
208,482
208,483
208,484
208,485
208,486
208,487
208,488
208,489
208,490
208,491
208,492
208,493
208,494
208,495
208,496
208,497
208,498
208,499
208,500
208,501
208,502
:215_1,503
:215_1,504
:215_1,505
:215_1,506
:215_1,507
:215_1,508
401,509
401,510
401,511
401,512
401,513
401,514
401,515
401,516
401,517
401,518
401,519
401,520
401,521
401,522
401,523
401,524
401,525
401,526
401,527
401,528
401,529
401,530
401,531
401,532
401,533
401,534
401,535
401,536
401,537
401,538
401,539
401,540
401,541
401,542
401,543
401,544
401,545
401,546
401,547
401,548
401,549
401,550
401,551
401,552
401,553
401,554
401,555
401,556
401,557
401,558
401,559
401,560
401,561
401,562
401,563
401,564
401,565
401,566
401,567
401,568
401,569
401,570
401,571
401,572
401,573
401,574
401,575
401,576
401,577
401,578
401,579
401,580
401,581
401,582
401,583
401,584
401,585
401,586
401,587
401,588
401,589
401,590
401,591
401,592
401,593
401,594
401,595
401,596
401,597
401,598
401,599
401,600
401,601
401,602
401,603
401,604
401,605
401,606
401,607
401,608
401,609
401,610
401,611
401,612
401,613
401,614
401,615
401,616
401,617
401,618
401,619
401,620
401,621
401,622
401,623
401,624
401,625
401,626
401,627
401,628
401,629
401,630
401,631
401,632
401,633
401,634
401,635
401,636
401,637
401,638
401,639
401,640
401,641
401,642
401,643
401,644
401,645
401,646
401,647
401,648
401,649
401,650
401,651
401,652
401,653
401,654
401,655
401,656
401,657
401,658
401,659
401,660
401,661
401,662
401,663
401,664
401,665
401,666
401,667
401,668
401,669
401,670
401,671
401,672
401,673
401,674
401,675
401,676
401,677
401,678
401,679
401,680
401,681
401,682
401,683
401,684
:143_13,685
:143_13,686
:143_13,687
:143_13,688
:143_13,689
:143_13,690
406,691
406,692
406,693
406,694
406,695
406,696
406,697
406,698
406,699
406,700
406,701
406,702
406,703
406,704
406,705
406,706
406,707
406,708
406,709
406,710
406,711
406,712
406,713
406,714
406,715
406,716
406,717
406,718
406,719
406,720
406,721
406,722
406,723
406,724
406,725
406,726
406,727
406,728
406,729
406,730
406,731
406,732
406,733
406,734
406,735
406,736
406,737
406,738
406,739
406,740
406,741
406,742
406,743
406,744
406,745
406,746
406,747
406,748
406,749
406,750
406,751
406,752
406,753
406,754
406,755
406,756
406,757
406,758
406,759
406,760
406,761
406,762
406,763
406,764
406,765
406,766
406,767
406,768
406,769
406,770
406,771
406,772
406,773
406,774
406,775
406,776
406,777
406,778
406,779
406,780
406,781
406,782
406,783
406,784
406,785
406,786
406,787
406,788
406,789
406,790
406,791
406,792
406,793
406,794
406,795
406,796
406,797
406,798
406,799
406,800
406,801
406,802
406,803
406,804
406,805
406,806
406,807
406,808
406,809
406,810
406,811
406,812
406,813
406,814
406,815
406,816
406,817
406,818
406,819
406,820
406,821
406,822
406,823
406,824
406,825
406,826
406,827
406,828
406,829
406,830
406,831
406,832
406,833
406,834
406,835
406,836
406,837
406,838
406,839
406,840
406,841
406,842
406,843
406,844
406,845
406,846
406,847
406,848
406,849
406,850
406,851
406,852
406,853
406,854
406,855
406,856
406,857
406,858
406,859
406,860
406,861
406,862
406,863
406,864
406,865
406,866
406,867
406,868
406,869
406,870
:28_7,871
:28_7,872
:28_7,873
:28_7,874
:28_7,875
:28_7,876
-24,877
-24,878
-24,879
-24,880
-24,881
-24,882
-24,883
-24,884
-24,885
-24,886
-24,887
-24,888
-24,889
-24,890
-24,891
-24,892
-24,893
-24,894
-24,895
-24,896
-24,897
-24,898
-24,899
-24,900
-24,901
-24,902
-24,903
-24,904
-24,905
-24,906
-24,907
-24,908
-24,909
-24,910
-24,911
-24,912
-24,913
-24,914
-24,915
-24,916
-24,917
-24,918
-24,919
-24,920
-24,921
-24,922
-24,923
-24,924
-24,925
-24,926
-24,927
-24,928
-24,929
-24,930
-24,931
-24,932
-24,933
-24,934
-24,935
-24,936
-24,937
-24,938
-24,939
-24,940
-24,941
-24,942
-24,943
-24,944
-24,945
-24,946
-24,947
-24,948
-24,949
-24,950
-24,951
-24,952
-24,953
-24,954
-24,955
-24,956
-24,957
-24,958
-24,959
-24,960
-24,961
-24,962
-24,963
-24,964
:24_2,965
-39,4
