156,1
156,1
156,1
156,2
156,3
156,4
156,5
156,6
156,7
156,8
156,9
156,10
156,11
156,12
156,13
156,14
156,15
156,16
156,17
156,18
156,19
156,20
156,21
156,22
156,23
156,24
156,25
156,26
156,27
156,28
156,29
156,30
156,31
156,32
156,33
156,34
156,35
156,36
156,37
156,38
156,39
156,40
156,41
156,42
156,43
156,44
156,45
156,46
156,47
156,48
156,49
156,50
156,51
156,52
156,53
156,54
156,55
156,56
156,57
156,58
156,59
156,60
156,61
156,62
156,63
156,64
156,65
156,66
156,67
156,68
156,69
156,70
156,71
156,72
156,73
:172_1,74
:172_1,75
:172_1,76
:172_1,77
:172_1,78
297,79
297,80
297,81
297,82
297,83
297,84
297,85
297,86
297,87
297,88
297,89
297,90
297,91
297,92
297,93
297,94
297,95
297,96
297,97
297,98
297,99
297,100
297,101
297,102
297,103
297,104
297,105
297,106
297,107
297,108
297,109
297,110
297,111
297,112
297,113
297,114
297,115
297,116
297,117
297,118
297,119
297,120
297,121
297,122
297,123
297,124
297,125
297,126
297,127
297,128
297,129
297,130
297,131
297,132
297,133
297,134
297,135
297,136
297,137
297,138
297,139
297,140
297,141
297,142
:107_6,143
:107_6,144
:107_6,145
:107_6,146
:107_6,147
-91,148
-91,149
-91,150
-91,151
-91,152
-91,153
-91,154
-91,155
-91,156
-91,157
-91,158
-91,159
-91,160
-91,161
-91,162
-91,163
-91,164
-91,165
-91,166
-91,167
-91,168
-91,169
-91,170
-91,171
-91,172
-91,173
-91,174
-91,175
-91,176
-91,177
-91,178
-91,179
-91,180
-91,181
-91,182
-91,183
-91,184
-91,185
-91,186
-91,187
-91,188
-91,189
-91,190
-91,191
-91,192
-91,193
-91,194
-91,195
-91,196
-91,197
-91,198
-91,199
-91,200
-91,201
-91,202
-91,203
-91,204
-91,205
-91,206
-91,207
-91,208
-91,209
-91,210
-91,211
-91,212
-91,213
-91,214
-91,215
-91,216
-91,217
-91,218
-91,219
-91,220
-91,221
-91,222
-91,223
-91,224
:104_2,225
:104_2,226
:104_16,227
:104_16,228
:104_16,229
89,230
89,231
89,232
89,233
89,234
89,235
89,236
89,237
89,238
89,239
89,240
89,241
89,242
89,243
89,244
89,245
89,246
89,247
89,248
89,249
89,250
89,251
89,252
89,253
89,254
89,255
89,256
89,257
89,258
89,259
89,260
89,261
89,262
89,263
89,264
89,265
89,266
89,267
89,268
89,269
89,270
89,271
89,272
89,273
89,274
89,275
89,276
89,277
89,278
89,279
89,280
89,281
89,282
89,283
89,284
89,285
89,286
89,287
89,288
89,289
89,290
89,291
89,292
89,293
89,294
89,295
89,296
89,297
89,298
89,299
89,300
89,301
89,302
89,303
89,304
89,305
89,306
89,307
89,308
89,309
89,310
89,311
89,312
89,313
89,314
89,315
:105_6,316
:105_6,317
:105_6,318
:105_6,319
92,320
92,321
92,322
92,323
92,324
92,325
92,326
92,327
92,328
92,329
92,330
92,331
92,332
92,333
92,334
92,335
92,336
92,337
92,338
92,339
92,340
92,341
92,342
92,343
92,344
92,345
92,346
92,347
92,348
92,349
92,350
92,351
92,352
92,353
92,354
92,355
92,356
92,357
92,358
92,359
92,360
92,361
92,362
92,363
92,364
92,365
92,366
92,367
92,368
92,369
92,370
92,371
92,372
92,373
92,374
92,375
92,376
92,377
92,378
92,379
92,380
92,381
92,382
92,383
92,384
92,385
92,386
92,387
92,388
92,389
92,390
92,391
92,392
92,393
92,394
92,395
92,396
92,397
92,398
92,399
92,400
92,401
92,402
92,403
92,404
92,405
92,406
92,407
92,408
92,409
92,410
92,411
92,412
92,413
92,414
:108_6,415
:108_6,416
:108_6,417
:108_6,418
-427,419
-427,420
-427,421
-427,422
-427,423
-427,424
-427,425
-427,426
-427,427
-427,428
-427,429
-427,430
-427,431
-427,432
-427,433
-427,434
-427,435
-427,436
-427,437
-427,438
-427,439
-427,440
-427,441
-427,442
-427,443
-427,444
-427,445
-427,446
-427,447
-427,448
-427,449
-427,450
-427,451
-427,452
-427,453
-427,454
-427,455
-427,456
-427,457
-427,458
-427,459
-427,460
:80_0,461
:80_0,462
:80_0,463
:80_0,464
:80_0,465
428,466
428,467
428,468
428,469
428,470
428,471
428,472
428,473
428,474
428,475
428,476
428,477
428,478
428,479
428,480
428,481
428,482
428,483
428,484
428,485
428,486
428,487
428,488
428,489
428,490
428,491
428,492
428,493
428,494
428,495
428,496
428,497
428,498
428,499
428,500
428,501
428,502
428,503
428,504
428,505
428,506
428,507
428,508
428,509
428,510
428,511
428,512
428,513
428,514
:142_4,515
:142_4,516
:142_4,517
:142_4,518
:142_4,519
-125,520
-125,521
-125,522
-125,523
-125,524
-125,525
-125,526
-125,527
-125,528
-125,529
-125,530
-125,531
-125,532
-125,533
-125,534
-125,535
-125,536
-125,537
-125,538
-125,539
156,1
156,2
156,3
156,1
