578,1
578,1
578,1
578,2
578,3
578,4
578,5
578,6
578,7
578,8
578,9
578,10
578,11
578,12
578,13
578,14
578,15
578,16
578,17
578,18
578,19
578,20
578,21
578,22
578,23
578,24
578,25
578,26
578,27
578,28
578,29
578,30
578,31
578,32
578,33
578,34
578,35
578,36
578,37
578,38
578,39
578,40
578,41
578,42
578,43
578,44
578,45
578,46
578,47
578,48
578,49
578,50
578,51
578,52
578,53
578,54
578,55
578,56
578,57
578,58
578,59
578,60
578,61
578,62
578,63
578,64
578,65
578,66
578,67
578,68
578,69
578,70
578,71
578,72
578,73
578,74
578,75
578,76
578,77
578,78
578,79
578,80
578,81
578,82
578,83
578,84
578,85
578,86
578,87
578,88
578,89
578,90
578,91
578,92
578,93
578,94
578,95
578,96
578,97
578,98
578,99
578,100
578,101
578,102
578,103
578,104
578,105
578,106
578,107
578,108
578,109
578,110
:82_10,111
:82_10,112
:82_10,113
:82_10,114
:82_10,115
-70,116
-70,117
-70,118
-70,119
-70,120
-70,121
-70,122
-70,123
-70,124
-70,125
-70,126
-70,127
-70,128
-70,129
-70,130
-70,131
-70,132
-70,133
-70,134
-70,135
-70,136
-70,137
-70,138
-70,139
-70,140
-70,141
-70,142
-70,143
-70,144
-70,145
-70,146
-70,147
-70,148
-70,149
-70,150
-70,151
-70,152
-70,153
-70,154
-70,155
-70,156
-70,157
-70,158
-70,159
-70,160
-70,161
-70,162
-70,163
-70,164
-70,165
:81_7,166
:81_7,167
:81_7,168
:81_7,169
:81_7,170
71,171
71,172
71,173
71,174
71,175
71,176
71,177
71,178
71,179
71,180
71,181
71,182
71,183
71,184
71,185
71,186
71,187
71,188
71,189
71,190
71,191
71,192
71,193
71,194
71,195
71,196
71,197
71,198
71,199
71,200
71,201
71,202
71,203
71,204
71,205
71,206
71,207
71,208
71,209
71,210
71,211
71,212
71,213
71,214
71,215
71,216
71,217
71,218
71,219
71,220
71,221
71,222
71,223
71,224
71,225
71,226
71,227
71,228
71,229
71,230
71,231
71,232
71,233
71,234
71,235
71,236
71,237
71,238
71,239
:83_6,240
:83_6,241
:83_6,242
:83_6,243
:83_6,244
256,245
256,246
256,247
256,248
256,249
256,250
256,251
256,252
256,253
256,254
256,255
256,256
256,257
256,258
256,259
256,260
256,261
256,262
256,263
256,264
256,265
256,266
256,267
256,268
256,269
256,270
256,271
256,272
256,273
256,274
256,275
256,276
256,277
256,278
256,279
256,280
256,281
256,282
256,283
256,284
256,285
256,286
256,287
256,288
256,289
256,290
256,291
256,292
256,293
256,294
256,295
256,296
256,297
256,298
256,299
256,300
256,301
256,302
256,303
256,304
256,305
256,306
256,307
256,308
256,309
256,310
256,311
256,312
256,313
256,314
256,315
256,316
256,317
256,318
256,319
256,320
256,321
256,322
256,323
256,324
256,325
256,326
256,327
256,328
256,329
256,330
256,331
256,332
256,333
256,334
256,335
256,336
256,337
256,338
256,339
256,340
256,341
256,342
256,343
256,344
256,345
256,346
256,347
256,348
256,349
256,350
256,351
256,352
256,353
256,354
256,355
256,356
256,357
256,358
256,359
256,360
256,361
256,362
256,363
256,364
256,365
256,366
256,367
256,368
256,369
256,370
256,371
256,372
256,373
256,374
256,375
256,376
256,377
256,378
256,379
256,380
256,381
256,382
256,383
256,384
256,385
256,386
256,387
256,388
256,389
256,390
256,391
256,392
256,393
256,394
256,395
256,396
256,397
256,398
256,399
256,400
256,401
256,402
256,403
256,404
256,405
256,406
256,407
256,408
256,409
256,410
256,411
256,412
256,413
256,414
256,415
256,416
256,417
256,418
256,419
256,420
256,421
256,422
256,423
578,1
578,2
578,3
578,1
