615,1
615,1
615,1
615,2
615,3
615,4
615,5
615,6
615,7
615,8
615,9
615,10
615,11
615,12
615,13
615,14
615,15
615,16
615,17
615,18
615,19
615,20
615,21
615,22
615,23
615,24
615,25
615,26
615,27
615,28
615,29
615,30
615,31
615,32
615,33
615,34
615,35
615,36
615,37
615,38
615,39
615,40
615,41
615,42
615,43
615,44
615,45
615,46
615,47
615,48
615,49
615,50
615,51
615,52
615,53
615,54
615,55
615,56
615,57
615,58
615,59
615,60
615,61
615,62
615,63
615,64
615,65
615,66
615,67
615,68
615,69
615,70
615,71
615,72
615,73
615,74
615,75
615,76
615,77
615,78
615,79
615,80
615,81
615,82
615,83
615,84
615,85
615,86
615,87
615,88
615,89
615,90
615,91
615,92
615,93
615,94
615,95
615,96
615,97
615,98
615,99
615,100
615,101
615,102
615,103
615,104
615,105
615,106
615,107
615,108
615,109
615,110
615,111
615,112
:104_8,113
:104_8,114
:104_8,115
89,116
89,117
89,118
89,119
89,120
89,121
89,122
89,123
89,124
89,125
89,126
89,127
89,128
89,129
89,130
89,131
89,132
89,133
89,134
89,135
89,136
89,137
89,138
89,139
89,140
89,141
89,142
89,143
89,144
89,145
89,146
89,147
89,148
89,149
89,150
89,151
89,152
89,153
89,154
89,155
89,156
89,157
89,158
89,159
89,160
89,161
89,162
89,163
89,164
89,165
89,166
89,167
89,168
89,169
89,170
89,171
89,172
89,173
89,174
89,175
89,176
89,177
89,178
89,179
89,180
89,181
89,182
89,183
89,184
89,185
89,186
89,187
89,188
89,189
89,190
89,191
89,192
89,193
89,194
89,195
89,196
89,197
89,198
89,199
:105_6,200
:105_6,201
:105_6,202
92,203
92,204
92,205
92,206
92,207
92,208
92,209
92,210
92,211
92,212
92,213
92,214
92,215
92,216
92,217
92,218
92,219
92,220
92,221
92,222
92,223
92,224
92,225
92,226
92,227
92,228
92,229
92,230
92,231
92,232
92,233
92,234
92,235
92,236
92,237
92,238
92,239
92,240
92,241
92,242
92,243
92,244
92,245
92,246
92,247
92,248
92,249
92,250
92,251
92,252
92,253
92,254
92,255
92,256
92,257
92,258
92,259
92,260
92,261
92,262
92,263
92,264
92,265
92,266
92,267
92,268
92,269
92,270
92,271
92,272
92,273
92,274
92,275
92,276
92,277
92,278
92,279
92,280
92,281
92,282
92,283
92,284
92,285
92,286
92,287
92,288
92,289
92,290
92,291
92,292
92,293
92,294
92,295
:108_6,296
:108_6,297
:108_6,298
:108_6,299
-427,300
-427,301
-427,302
-427,303
-427,304
-427,305
-427,306
-427,307
-427,308
-427,309
-427,310
-427,311
-427,312
-427,313
-427,314
-427,315
-427,316
-427,317
-427,318
-427,319
-427,320
-427,321
-427,322
-427,323
-427,324
-427,325
-427,326
-427,327
-427,328
-427,329
-427,330
-427,331
-427,332
-427,333
-427,334
-427,335
-427,336
-427,337
-427,338
-427,339
-427,340
:80_1,341
:80_9,342
:80_9,343
:80_9,344
-69,345
-69,346
-69,347
-69,348
-69,349
-69,350
-69,351
-69,352
-69,353
-69,354
-69,355
-69,356
-69,357
-69,358
-69,359
-69,360
-69,361
-69,362
-69,363
-69,364
-69,365
-69,366
-69,367
-69,368
-69,369
-69,370
-69,371
-69,372
-69,373
-69,374
-69,375
-69,376
-69,377
-69,378
-69,379
-69,380
-69,381
-69,382
-69,383
-69,384
-69,385
-69,386
-69,387
-69,388
-69,389
-69,390
-69,391
-69,392
-69,393
-69,394
-69,395
-69,396
615,1
615,2
615,3
615,1
