626,1
626,1
626,1
626,2
626,3
626,4
626,5
626,6
626,7
626,8
626,9
626,10
626,11
626,12
626,13
626,14
626,15
626,16
626,17
626,18
626,19
626,20
626,21
626,22
626,23
626,24
626,25
626,26
626,27
626,28
626,29
626,30
626,31
626,32
626,33
626,34
626,35
626,36
626,37
626,38
626,39
626,40
626,41
626,42
626,43
626,44
626,45
626,46
626,47
626,48
626,49
626,50
626,51
626,52
626,53
626,54
626,55
626,56
626,57
626,58
626,59
626,60
626,61
626,62
626,63
626,64
626,65
626,66
626,67
626,68
626,69
626,70
626,71
626,72
626,73
626,74
626,75
626,76
626,77
626,78
626,79
626,80
626,81
626,82
626,83
626,84
626,85
626,86
626,87
626,88
626,89
626,90
626,91
626,92
626,93
:101_1,94
:101_1,95
:101_1,96
:101_1,97
:101_1,98
:101_1,99
:101_1,100
:101_1,101
-86,102
-86,103
-86,104
-86,105
-86,106
-86,107
-86,108
-86,109
-86,110
-86,111
-86,112
-86,113
-86,114
-86,115
-86,116
-86,117
-86,118
-86,119
-86,120
-86,121
-86,122
-86,123
-86,124
-86,125
-86,126
-86,127
-86,128
-86,129
-86,130
-86,131
-86,132
-86,133
-86,134
-86,135
-86,136
-86,137
-86,138
-86,139
-86,140
-86,141
-86,142
-86,143
-86,144
-86,145
-86,146
-86,147
-86,148
-86,149
-86,150
-86,151
-86,152
-86,153
-86,154
-86,155
-86,156
-86,157
-86,158
-86,159
-86,160
-86,161
-86,162
-86,163
-86,164
-86,165
-86,166
-86,167
-86,168
-86,169
-86,170
-86,171
-86,172
-86,173
-86,174
-86,175
-86,176
-86,177
-86,178
-86,179
-86,180
-86,181
-86,182
-86,183
-86,184
-86,185
-86,186
-86,187
-86,188
-86,189
-86,190
-86,191
-86,192
-86,193
-86,194
-86,195
-86,196
-86,197
-86,198
-86,199
-86,200
-86,201
-86,202
-86,203
-86,204
-86,205
-86,206
-86,207
-86,208
-86,209
-86,210
-86,211
-86,212
-86,213
-86,214
-86,215
-86,216
-86,217
-86,218
:27_14,219
:27_14,220
:27_14,221
:27_14,222
:27_14,223
-23,224
-23,225
-23,226
-23,227
-23,228
-23,229
-23,230
-23,231
-23,232
-23,233
-23,234
-23,235
-23,236
-23,237
-23,238
-23,239
-23,240
-23,241
-23,242
-23,243
-23,244
-23,245
-23,246
-23,247
-23,248
-23,249
-23,250
-23,251
-23,252
-23,253
-23,254
-23,255
-23,256
-23,257
-23,258
-23,259
-23,260
-23,261
-23,262
-23,263
-23,264
-23,265
-23,266
-23,267
-23,268
-23,269
-23,270
-23,271
-23,272
-23,273
-23,274
-23,275
-23,276
-23,277
-23,278
-23,279
-23,280
-23,281
-23,282
-23,283
-23,284
-23,285
-23,286
-23,287
-23,288
-23,289
-23,290
-23,291
-23,292
-23,293
-23,294
-23,295
-23,296
-23,297
-23,298
-23,299
-23,300
-23,301
-23,302
-23,303
-23,304
-23,305
-23,306
-23,307
-23,308
-23,309
-23,310
-23,311
-23,312
-23,313
-23,314
-23,315
-23,316
-23,317
-23,318
-23,319
-23,320
-23,321
-23,322
-23,323
-23,324
-23,325
-23,326
-23,327
-23,328
-23,329
-23,330
-23,331
-23,332
-23,333
-23,334
-23,335
-23,336
-23,337
-23,338
-23,339
-23,340
-23,341
-23,342
-23,343
-23,344
-23,345
-23,346
-23,347
-23,348
-23,349
-23,350
-23,351
-23,352
-23,353
-23,354
-23,355
-23,356
-23,357
-23,358
-23,359
-23,360
-23,361
-23,362
-23,363
-23,364
-23,365
-23,366
-23,367
-23,368
-23,369
-23,370
-23,371
-23,372
-23,373
-23,374
-23,375
-23,376
-23,377
-23,378
-23,379
-23,380
-23,381
-23,382
:22_9,383
:22_9,384
:22_9,385
:22_9,386
19,387
19,388
19,389
19,390
19,391
19,392
19,393
19,394
19,395
19,396
19,397
19,398
19,399
19,400
19,401
19,402
19,403
19,404
19,405
19,406
19,407
19,408
19,409
19,410
19,411
19,412
19,413
19,414
19,415
19,416
19,417
19,418
19,419
19,420
19,421
19,422
19,423
19,424
19,425
19,426
19,427
19,428
19,429
19,430
19,431
19,432
19,433
19,434
19,435
19,436
19,437
19,438
19,439
19,440
19,441
19,442
19,443
19,444
19,445
19,446
19,447
19,448
19,449
19,450
19,451
19,452
19,453
19,454
19,455
19,456
19,457
19,458
19,459
19,460
19,461
19,462
19,463
19,464
19,465
19,466
19,467
19,468
19,469
19,470
19,471
:23_6,472
:23_6,473
:23_6,474
:23_6,475
:23_6,476
:23_6,477
20,478
20,479
20,480
20,481
20,482
20,483
20,484
20,485
20,486
20,487
20,488
20,489
20,490
20,491
20,492
20,493
20,494
20,495
20,496
20,497
20,498
20,499
20,500
20,501
20,502
20,503
20,504
20,505
20,506
20,507
20,508
20,509
20,510
20,511
20,512
20,513
20,514
20,515
20,516
20,517
20,518
20,519
20,520
20,521
20,522
20,523
20,524
20,525
20,526
20,527
20,528
20,529
20,530
20,531
20,532
20,533
20,534
20,535
20,536
20,537
20,538
20,539
20,540
20,541
20,542
20,543
20,544
20,545
20,546
20,547
20,548
20,549
20,550
20,551
20,552
20,553
20,554
20,555
20,556
20,557
20,558
:24_13,559
:24_13,560
:24_13,561
:24_13,562
:24_13,563
25,564
25,565
25,566
25,567
25,568
25,569
25,570
25,571
25,572
25,573
25,574
25,575
25,576
25,577
25,578
25,579
25,580
25,581
25,582
25,583
25,584
25,585
25,586
25,587
25,588
25,589
25,590
25,591
25,592
25,593
25,594
25,595
25,596
25,597
25,598
25,599
25,600
25,601
25,602
25,603
25,604
25,605
25,606
25,607
25,608
25,609
25,610
25,611
25,612
25,613
25,614
25,615
25,616
25,617
25,618
25,619
25,620
25,621
25,622
25,623
25,624
25,625
25,626
25,627
25,628
25,629
25,630
25,631
25,632
25,633
25,634
25,635
25,636
25,637
25,638
25,639
25,640
25,641
25,642
25,643
25,644
25,645
25,646
25,647
25,648
25,649
25,650
25,651
25,652
25,653
25,654
25,655
25,656
25,657
25,658
25,659
25,660
25,661
25,662
25,663
25,664
25,665
25,666
25,667
25,668
25,669
25,670
25,671
25,672
25,673
25,674
25,675
25,676
25,677
25,678
25,679
25,680
25,681
25,682
25,683
25,684
25,685
25,686
:29_13,687
:29_13,688
:29_13,689
:29_13,690
:29_13,691
210,692
210,693
210,694
210,695
210,696
210,697
210,698
210,699
210,700
210,701
210,702
210,703
210,704
210,705
210,706
210,707
210,708
210,709
210,710
210,711
210,712
210,713
210,714
210,715
210,716
210,717
210,718
210,719
210,720
210,721
210,722
210,723
210,724
210,725
210,726
210,727
210,728
210,729
210,730
210,731
210,732
210,733
210,734
210,735
210,736
210,737
210,738
210,739
210,740
210,741
210,742
210,743
210,744
210,745
210,746
210,747
210,748
210,749
210,750
210,751
210,752
210,753
210,754
210,755
210,756
210,757
210,758
210,759
210,760
210,761
210,762
210,763
210,764
210,765
210,766
210,767
210,768
210,769
210,770
210,771
210,772
210,773
210,774
210,775
210,776
:16_6,777
:16_6,778
:16_6,779
:16_6,780
:16_6,781
-14,782
-14,783
-14,784
-14,785
-14,786
-14,787
-14,788
-14,789
-14,790
-14,791
-14,792
-14,793
-14,794
-14,795
-14,796
-14,797
-14,798
-14,799
-14,800
-14,801
-14,802
-14,803
-14,804
-14,805
-14,806
-14,807
-14,808
-14,809
-14,810
-14,811
-14,812
-14,813
-14,814
-14,815
-14,816
-14,817
-14,818
-14,819
-14,820
-14,821
-14,822
-14,823
-14,824
-14,825
-14,826
-14,827
-14,828
-14,829
-14,830
-14,831
-14,832
-14,833
-14,834
-14,835
-14,836
-14,837
-14,838
-14,839
-14,840
-14,841
-14,842
-14,843
-14,844
-14,845
-14,846
-14,847
-14,848
-14,849
-14,850
-14,851
-14,852
-14,853
-14,854
-14,855
-14,856
-14,857
-14,858
-14,859
-14,860
-14,861
-14,862
-14,863
-14,864
-14,865
-14,866
-14,867
-14,868
-14,869
-14,870
-14,871
-14,872
-14,873
-14,874
-14,875
-14,876
-14,877
-14,878
:14_1,879
:14_1,880
13,881
13,882
13,883
13,884
13,885
13,886
13,887
13,888
13,889
13,890
13,891
13,892
13,893
13,894
13,895
13,896
13,897
13,898
13,899
13,900
13,901
13,902
13,903
13,904
13,905
13,906
13,907
13,908
13,909
13,910
13,911
13,912
13,913
13,914
13,915
13,916
13,917
13,918
13,919
13,920
13,921
13,922
13,923
13,924
13,925
13,926
13,927
13,928
13,929
13,930
13,931
13,932
13,933
13,934
13,935
13,936
13,937
13,938
13,939
13,940
13,941
13,942
13,943
13,944
13,945
13,946
13,947
13,948
13,949
13,950
13,951
13,952
13,953
13,954
13,955
13,956
13,957
13,958
13,959
13,960
13,961
13,962
13,963
13,964
13,965
626,1
626,2
626,3
626,1
