543,1
543,1
543,1
543,2
543,3
543,4
543,5
543,6
543,7
543,8
543,9
543,10
543,11
543,12
543,13
543,14
543,15
543,16
543,17
543,18
543,19
543,20
543,21
543,22
543,23
543,24
543,25
543,26
543,27
543,28
543,29
543,30
543,31
543,32
543,33
543,34
543,35
543,36
543,37
543,38
543,39
543,40
543,41
543,42
543,43
543,44
543,45
543,46
543,47
543,48
543,49
543,50
543,51
543,52
543,53
543,54
543,55
543,56
543,57
543,58
543,59
543,60
543,61
543,62
543,63
543,64
543,65
543,66
543,67
543,68
543,69
543,70
543,71
543,72
543,73
543,74
543,75
543,76
543,77
543,78
543,79
543,80
543,81
543,82
543,83
543,84
543,85
543,86
543,87
543,88
543,89
543,90
543,91
543,92
543,93
543,94
543,95
543,96
543,97
543,98
543,99
543,100
543,101
543,102
543,103
543,104
543,105
543,106
543,107
543,108
543,109
543,110
543,111
543,112
543,113
543,114
543,115
543,116
543,117
543,118
543,119
543,120
543,121
543,122
543,123
543,124
543,125
543,126
543,127
543,128
543,129
543,130
543,131
543,132
543,133
543,134
543,135
543,136
543,137
543,138
543,139
543,140
543,141
543,142
543,143
543,144
543,145
543,146
543,147
543,148
543,149
543,150
543,151
543,152
543,153
543,154
543,155
543,156
543,157
543,158
543,159
543,160
543,161
543,162
543,163
543,164
543,165
543,166
543,167
543,168
-181,169
-181,170
-181,171
-181,172
-181,173
-181,174
-181,175
-181,176
-181,177
-181,178
-181,179
-181,180
-181,181
-181,182
-181,183
-181,184
-181,185
-181,186
-181,187
-181,188
-181,189
-181,190
-181,191
-181,192
-181,193
-181,194
-181,195
-181,196
-181,197
-181,198
-181,199
-181,200
-181,201
-181,202
-181,203
-181,204
-181,205
-181,206
-181,207
-181,208
-181,209
-181,210
-181,211
:194_3,212
:194_3,213
:194_3,214
:194_3,215
183,216
183,217
183,218
183,219
183,220
183,221
183,222
183,223
183,224
183,225
183,226
183,227
183,228
183,229
183,230
183,231
183,232
183,233
183,234
183,235
183,236
183,237
183,238
183,239
183,240
183,241
183,242
183,243
183,244
183,245
183,246
183,247
183,248
183,249
183,250
183,251
183,252
183,253
183,254
183,255
183,256
183,257
183,258
183,259
183,260
183,261
183,262
183,263
183,264
183,265
183,266
183,267
183,268
183,269
183,270
183,271
183,272
183,273
183,274
183,275
183,276
183,277
183,278
183,279
183,280
183,281
183,282
183,283
183,284
183,285
183,286
183,287
183,288
183,289
183,290
183,291
183,292
183,293
183,294
183,295
183,296
183,297
183,298
183,299
183,300
183,301
183,302
183,303
183,304
183,305
:197_7,306
:197_7,307
:197_7,308
:197_7,309
:197_7,310
247,311
247,312
247,313
247,314
247,315
247,316
247,317
247,318
247,319
247,320
247,321
247,322
247,323
247,324
247,325
247,326
247,327
247,328
247,329
247,330
247,331
247,332
247,333
247,334
247,335
247,336
247,337
247,338
247,339
247,340
247,341
247,342
247,343
247,344
247,345
247,346
247,347
247,348
247,349
247,350
247,351
247,352
247,353
247,354
247,355
247,356
247,357
247,358
247,359
247,360
247,361
247,362
247,363
247,364
247,365
247,366
247,367
247,368
247,369
247,370
247,371
247,372
247,373
247,374
247,375
247,376
247,377
247,378
247,379
247,380
247,381
247,382
247,383
247,384
247,385
247,386
247,387
247,388
247,389
247,390
247,391
247,392
247,393
247,394
247,395
247,396
247,397
247,398
247,399
247,400
247,401
247,402
247,403
247,404
247,405
247,406
247,407
247,408
247,409
247,410
247,411
247,412
247,413
247,414
247,415
247,416
247,417
:248_13,418
:248_13,419
:248_13,420
:248_13,421
:248_13,422
:248_13,423
:248_13,424
283,425
283,426
283,427
283,428
283,429
283,430
283,431
283,432
283,433
283,434
283,435
283,436
283,437
283,438
283,439
283,440
283,441
283,442
283,443
283,444
283,445
283,446
283,447
283,448
283,449
283,450
283,451
283,452
283,453
283,454
283,455
283,456
283,457
283,458
283,459
283,460
283,461
283,462
283,463
283,464
283,465
283,466
283,467
283,468
283,469
283,470
283,471
283,472
283,473
283,474
:254_13,475
:254_13,476
:254_13,477
:254_13,478
:254_13,479
-253,480
-253,481
-253,482
-253,483
-253,484
-253,485
-253,486
-253,487
-253,488
-253,489
-253,490
-253,491
-253,492
-253,493
-253,494
-253,495
-253,496
-253,497
-253,498
-253,499
-253,500
-253,501
-253,502
-253,503
-253,504
-253,505
-253,506
-253,507
-253,508
-253,509
-253,510
-253,511
-253,512
-253,513
-253,514
-253,515
-253,516
-253,517
-253,518
-253,519
-253,520
-253,521
-253,522
-253,523
-253,524
-253,525
-253,526
-253,527
-253,528
-253,529
-253,530
-253,531
-253,532
-253,533
-253,534
:252_7,535
:252_7,536
:252_7,537
:252_7,538
:252_7,539
252,540
252,541
252,542
252,543
252,544
252,545
252,546
252,547
252,548
252,549
252,550
252,551
252,552
252,553
252,554
252,555
252,556
252,557
252,558
252,559
252,560
252,561
252,562
252,563
252,564
252,565
252,566
252,567
252,568
252,569
252,570
252,571
252,572
252,573
252,574
252,575
252,576
252,577
252,578
252,579
252,580
252,581
252,582
252,583
252,584
252,585
252,586
252,587
252,588
252,589
252,590
252,591
252,592
252,593
252,594
252,595
252,596
252,597
252,598
252,599
252,600
252,601
252,602
252,603
252,604
252,605
252,606
252,607
252,608
252,609
252,610
252,611
252,612
252,613
252,614
252,615
252,616
252,617
252,618
252,619
252,620
252,621
252,622
252,623
252,624
252,625
252,626
252,627
252,628
252,629
252,630
252,631
252,632
252,633
252,634
252,635
252,636
252,637
252,638
252,639
252,640
252,641
252,642
252,643
252,644
252,645
252,646
252,647
252,648
252,649
252,650
252,651
252,652
252,653
252,654
252,655
252,656
252,657
252,658
252,659
252,660
252,661
252,662
252,663
252,664
252,665
252,666
252,667
252,668
252,669
252,670
252,671
252,672
252,673
252,674
252,675
252,676
252,677
252,678
252,679
252,680
543,1
543,2
543,3
543,1
