289,1
289,1
289,1
289,2
289,3
289,4
289,5
289,6
289,7
289,8
289,9
289,10
289,11
289,12
289,13
289,14
289,15
289,16
289,17
289,18
289,19
289,20
289,21
289,22
289,23
289,24
289,25
289,26
289,27
289,28
289,29
289,30
289,31
289,32
289,33
289,34
289,35
289,36
289,37
289,38
289,39
289,40
289,41
289,42
289,43
289,44
289,45
289,46
289,47
289,48
289,49
289,50
289,51
289,52
289,53
289,54
289,55
289,56
289,57
289,58
289,59
289,60
289,61
289,62
289,63
289,64
289,65
289,66
289,67
289,68
289,69
289,70
289,71
289,72
289,73
289,74
:279_1,75
:279_1,76
:279_1,77
:279_1,78
:279_1,79
454,80
454,81
454,82
454,83
454,84
454,85
454,86
454,87
454,88
454,89
454,90
454,91
454,92
454,93
454,94
454,95
454,96
454,97
454,98
454,99
454,100
454,101
454,102
454,103
454,104
454,105
454,106
454,107
454,108
454,109
454,110
454,111
454,112
454,113
454,114
454,115
454,116
454,117
454,118
454,119
454,120
454,121
454,122
454,123
454,124
454,125
454,126
454,127
454,128
454,129
454,130
454,131
454,132
454,133
454,134
454,135
454,136
454,137
454,138
454,139
454,140
454,141
454,142
454,143
454,144
454,145
454,146
454,147
454,148
454,149
454,150
454,151
454,152
454,153
454,154
454,155
454,156
454,157
454,158
454,159
454,160
454,161
454,162
:338_1,163
:338_1,164
:338_1,165
:338_1,166
:338_1,167
-369,168
-369,169
-369,170
-369,171
-369,172
-369,173
-369,174
-369,175
-369,176
-369,177
-369,178
-369,179
-369,180
-369,181
-369,182
-369,183
-369,184
-369,185
-369,186
-369,187
-369,188
-369,189
-369,190
-369,191
-369,192
-369,193
-369,194
-369,195
-369,196
-369,197
-369,198
-369,199
-369,200
-369,201
-369,202
-369,203
-369,204
-369,205
-369,206
-369,207
-369,208
-369,209
-369,210
-369,211
-369,212
-369,213
-369,214
-369,215
-369,216
-369,217
-369,218
-369,219
-369,220
-369,221
-369,222
-369,223
-369,224
-369,225
-369,226
-369,227
-369,228
-369,229
-369,230
-369,231
-369,232
-369,233
-369,234
-369,235
-369,236
-369,237
-369,238
-369,239
-369,240
-369,241
-369,242
-369,243
-369,244
-369,245
-369,246
-369,247
-369,248
-369,249
-369,250
-369,251
-369,252
-369,253
-369,254
-369,255
-369,256
-369,257
-369,258
-369,259
-369,260
-369,261
-369,262
-369,263
-369,264
-369,265
-369,266
-369,267
-369,268
-369,269
-369,270
-369,271
-369,272
-369,273
-369,274
-369,275
-369,276
-369,277
-369,278
-369,279
-369,280
-369,281
-369,282
-369,283
-369,284
-369,285
-369,286
-369,287
-369,288
-369,289
-369,290
-369,291
-369,292
-369,293
-369,294
-369,295
-369,296
-369,297
-369,298
-369,299
-369,300
-369,301
-369,302
-369,303
-369,304
-369,305
-369,306
-369,307
-369,308
-369,309
-369,310
-369,311
-369,312
-369,313
-369,314
-369,315
-369,316
-369,317
-369,318
-369,319
-369,320
-369,321
-369,322
-369,323
-369,324
-369,325
-369,326
-369,327
-369,328
-369,329
-369,330
-369,331
-369,332
-369,333
-369,334
-369,335
-369,336
-369,337
-369,338
-369,339
-369,340
-369,341
-369,342
-369,343
-369,344
-369,345
-369,346
-369,347
-369,348
-369,349
-369,350
-369,351
-369,352
-369,353
-369,354
-369,355
-369,356
-369,357
-369,358
-369,359
-369,360
-369,361
:73_5,362
:73_5,363
:73_5,364
:73_5,365
:73_5,366
-64,367
-64,368
-64,369
-64,370
-64,371
-64,372
-64,373
-64,374
-64,375
-64,376
-64,377
-64,378
-64,379
-64,380
-64,381
-64,382
-64,383
-64,384
-64,385
-64,386
-64,387
-64,388
-64,389
-64,390
-64,391
-64,392
-64,393
-64,394
-64,395
-64,396
-64,397
-64,398
-64,399
-64,400
-64,401
-64,402
-64,403
-64,404
-64,405
-64,406
-64,407
-64,408
-64,409
-64,410
-64,411
-64,412
-64,413
-64,414
-64,415
-64,416
-64,417
-64,418
-64,419
-64,420
-64,421
-64,422
-64,423
-64,424
-64,425
-64,426
-64,427
-64,428
-64,429
-64,430
-64,431
-64,432
-64,433
-64,434
-64,435
-64,436
-64,437
-64,438
-64,439
-64,440
-64,441
-64,442
-64,443
-64,444
-64,445
-64,446
:72_1,447
:72_1,448
:72_1,449
:72_1,450
:72_1,451
:72_1,452
-63,453
-63,454
-63,455
-63,456
-63,457
-63,458
-63,459
-63,460
-63,461
-63,462
-63,463
-63,464
-63,465
-63,466
-63,467
-63,468
-63,469
-63,470
-63,471
-63,472
-63,473
-63,474
-63,475
-63,476
-63,477
-63,478
-63,479
-63,480
-63,481
-63,482
-63,483
-63,484
-63,485
-63,486
-63,487
-63,488
-63,489
-63,490
-63,491
-63,492
-63,493
-63,494
-63,495
-63,496
-63,497
-63,498
-63,499
-63,500
-63,501
-63,502
-63,503
-63,504
-63,505
-63,506
-63,507
-63,508
-63,509
-63,510
-63,511
-63,512
-63,513
-63,514
-63,515
-63,516
-63,517
-63,518
-63,519
-63,520
-63,521
-63,522
-63,523
-63,524
-63,525
-62,526
-62,527
-62,528
-62,529
-62,530
-62,531
-62,532
-62,533
-62,534
-62,535
-62,536
-62,537
-62,538
-62,539
-62,540
-62,541
-62,542
-62,543
-62,544
-62,545
-62,546
-62,547
-62,548
-62,549
-62,550
-62,551
-62,552
-62,553
-62,554
-62,555
-62,556
-62,557
-62,558
-62,559
-62,560
-62,561
-62,562
-62,563
-62,564
-62,565
-62,566
-62,567
-62,568
-62,569
-62,570
-62,571
-62,572
-62,573
-62,574
-62,575
-62,576
-62,577
-62,578
-62,579
-62,580
-62,581
-62,582
-62,583
-62,584
-62,585
-62,586
-62,587
-62,588
-62,589
-62,590
-62,591
-62,592
-62,593
-62,594
-62,595
-62,596
-62,597
-62,598
-62,599
-62,600
-62,601
-62,602
-62,603
-62,604
-62,605
-62,606
-62,607
-61,608
-61,609
-61,610
-61,611
-61,612
-61,613
-61,614
-61,615
-61,616
-61,617
-61,618
-61,619
-61,620
-61,621
-61,622
-61,623
-61,624
-61,625
-61,626
-61,627
-61,628
-61,629
-61,630
-61,631
-61,632
-61,633
-61,634
-61,635
-61,636
-61,637
-61,638
-61,639
-61,640
-61,641
-61,642
-61,643
-61,644
-61,645
-61,646
-61,647
-61,648
-61,649
-61,650
-61,651
-61,652
-61,653
-61,654
-61,655
-61,656
-61,657
-61,658
-61,659
-61,660
-61,661
-61,662
-61,663
-61,664
-61,665
-61,666
-61,667
-61,668
-61,669
-61,670
-61,671
-61,672
-61,673
-61,674
-61,675
-61,676
-61,677
-61,678
-61,679
-61,680
-61,681
-61,682
-61,683
-61,684
-61,685
-61,686
-61,687
-60,688
-60,689
-60,690
-60,691
-60,692
-60,693
-60,694
-60,695
-60,696
-60,697
-60,698
-60,699
-60,700
-60,701
-60,702
-60,703
-60,704
-60,705
-60,706
-60,707
-60,708
-60,709
-60,710
-60,711
-60,712
-60,713
-60,714
-60,715
-60,716
-60,717
-60,718
-60,719
-60,720
-60,721
-60,722
-60,723
-60,724
-60,725
-60,726
-60,727
-60,728
-60,729
-60,730
-60,731
-60,732
-60,733
-60,734
-60,735
-60,736
-60,737
-60,738
-60,739
-60,740
-60,741
-60,742
-60,743
-60,744
-60,745
-60,746
-60,747
-60,748
-60,749
-60,750
-60,751
-60,752
-60,753
-60,754
-60,755
-60,756
-60,757
-60,758
-60,759
:65_4,760
:65_4,761
:65_4,762
:65_4,763
59,764
59,765
59,766
59,767
59,768
59,769
59,770
59,771
59,772
59,773
59,774
59,775
59,776
59,777
59,778
59,779
59,780
59,781
59,782
59,783
59,784
59,785
59,786
59,787
59,788
59,789
59,790
59,791
59,792
59,793
59,794
59,795
59,796
59,797
59,798
59,799
59,800
59,801
59,802
59,803
59,804
59,805
59,806
59,807
59,808
59,809
59,810
59,811
59,812
59,813
59,814
59,815
59,816
59,817
59,818
59,819
59,820
59,821
59,822
59,823
59,824
:68_9,825
:68_9,826
:68_9,827
:68_9,828
:68_9,829
192,830
192,831
192,832
192,833
192,834
192,835
192,836
192,837
192,838
192,839
192,840
192,841
192,842
192,843
192,844
192,845
192,846
192,847
192,848
192,849
192,850
192,851
192,852
192,853
192,854
192,855
192,856
192,857
192,858
192,859
192,860
192,861
192,862
192,863
192,864
192,865
192,866
192,867
192,868
192,869
192,870
192,871
192,872
192,873
192,874
192,875
192,876
192,877
192,878
192,879
192,880
192,881
192,882
192,883
192,884
192,885
192,886
192,887
192,888
192,889
192,890
192,891
192,892
192,893
192,894
192,895
192,896
192,897
192,898
192,899
192,900
192,901
192,902
192,903
192,904
192,905
192,906
192,907
192,908
192,909
192,910
192,911
192,912
192,913
-302,914
-302,915
-302,916
-302,917
-302,918
-302,919
-302,920
-302,921
-302,922
-302,923
-302,924
-302,925
-302,926
-302,927
-302,928
-302,929
-302,930
-302,931
-302,932
-302,933
-302,934
-302,935
-302,936
-302,937
-302,938
-302,939
-302,940
-302,941
-302,942
-302,943
-302,944
-302,945
-302,946
:289_7,947
:289_7,948
:289_7,949
:289_7,950
:289_7,951
304,952
304,953
304,954
304,955
304,956
304,957
304,958
304,959
304,960
304,961
304,962
304,963
304,964
304,965
289,1
289,2
289,3
289,1
