-5,1
-5,1
-5,1
-5,2
-5,3
-5,4
-5,5
-5,6
-5,7
-5,8
-5,9
-5,10
-5,11
-5,12
-5,13
-5,14
-5,15
-5,16
-5,17
-5,18
-5,19
-5,20
-5,21
-5,22
-5,23
-5,24
-5,25
-5,26
-5,27
-5,28
-5,29
-5,30
-5,31
-5,32
-5,33
-5,34
-5,35
-5,36
-5,37
-5,38
-5,39
-5,40
-5,41
-5,42
-5,43
-5,44
-5,45
-5,46
-5,47
-5,48
-5,49
-5,50
-5,51
-5,52
-5,53
-5,54
-5,55
-5,56
-5,57
-5,58
-5,59
-5,60
-5,61
-5,62
-5,63
-5,64
-5,65
-5,66
-5,67
-5,68
:6_12,69
:6_12,70
:6_12,71
:6_12,72
:6_12,73
:6_12,74
-41,75
-41,76
-41,77
-41,78
-41,79
-41,80
-41,81
-41,82
-41,83
-41,84
-41,85
-41,86
-41,87
-41,88
-41,89
-41,90
-41,91
-41,92
-41,93
-41,94
-41,95
-41,96
-41,97
-41,98
-41,99
-41,100
-41,101
-41,102
-41,103
-41,104
-41,105
-41,106
-41,107
-41,108
-41,109
-41,110
-41,111
-41,112
-41,113
-41,114
-41,115
-41,116
-41,117
-41,118
-41,119
-41,120
-41,121
-41,122
-41,123
-41,124
-41,125
-41,126
-41,127
-41,128
-41,129
-41,130
-41,131
-41,132
-41,133
-41,134
-41,135
-41,136
-41,137
-41,138
-41,139
-41,140
-41,141
-41,142
-41,143
-41,144
-41,145
-41,146
-41,147
-41,148
-41,149
-41,150
-41,151
-41,152
-41,153
-41,154
-41,155
-41,156
-41,157
-41,158
-41,159
-41,160
-41,161
-41,162
-41,163
-41,164
-41,165
-41,166
-41,167
-41,168
-41,169
-41,170
-41,171
-41,172
-41,173
-41,174
-41,175
-41,176
-41,177
-41,178
-41,179
-41,180
-41,181
-41,182
-41,183
-41,184
-41,185
-41,186
-41,187
-41,188
-41,189
-41,190
-41,191
-41,192
-41,193
-41,194
-41,195
-41,196
-41,197
-41,198
-41,199
-41,200
-41,201
-41,202
-41,203
-41,204
-41,205
-41,206
-41,207
-41,208
-41,209
-41,210
-41,211
-41,212
-41,213
-41,214
-41,215
-41,216
-41,217
-41,218
-41,219
-41,220
-41,221
-41,222
-41,223
-41,224
-41,225
-41,226
-41,227
-41,228
-41,229
-41,230
-41,231
-41,232
-41,233
-41,234
-41,235
-41,236
-41,237
-41,238
-41,239
-41,240
-41,241
-41,242
-41,243
-41,244
-41,245
-41,246
-41,247
-41,248
-41,249
-41,250
-41,251
-41,252
-41,253
-41,254
-41,255
-41,256
-41,257
-41,258
-41,259
-41,260
-41,261
-41,262
-41,263
-41,264
-41,265
-41,266
-41,267
-41,268
-41,269
-41,270
-41,271
-41,272
-41,273
-41,274
-41,275
-41,276
-41,277
-41,278
-41,279
-41,280
-41,281
-41,282
-41,283
-41,284
-41,285
-41,286
-41,287
-41,288
-41,289
-41,290
-41,291
-41,292
-41,293
-41,294
-41,295
-41,296
-41,297
-41,298
-41,299
-41,300
-41,301
-41,302
-41,303
-41,304
-41,305
-41,306
-41,307
-41,308
-41,309
-41,310
-41,311
-41,312
-41,313
-41,314
-41,315
-41,316
-41,317
-41,318
-41,319
-41,320
-41,321
-41,322
-41,323
-41,324
-41,325
-41,326
-41,327
-41,328
-41,329
-41,330
-41,331
-41,332
-41,333
-41,334
-41,335
-41,336
-41,337
-41,338
-41,339
-41,340
-41,341
-41,342
-41,343
-41,344
-41,345
-41,346
-41,347
-41,348
-41,349
-41,350
-41,351
-41,352
-41,353
-41,354
-41,355
-41,356
-41,357
-41,358
-41,359
-41,360
-41,361
-41,362
-41,363
-41,364
-41,365
-41,366
-41,367
-41,368
-41,369
-41,370
-41,371
-41,372
-41,373
-41,374
-41,375
-41,376
-41,377
-41,378
-41,379
-41,380
-41,381
-41,382
-41,383
-41,384
-41,385
-41,386
-41,387
-41,388
-41,389
-41,390
-41,391
-41,392
-41,393
-41,394
-41,395
-41,396
-41,397
-41,398
-41,399
-41,400
-41,401
-41,402
-41,403
-41,404
-41,405
-41,406
-41,407
-41,408
-41,409
-41,410
-41,411
-41,412
-41,413
-41,414
-41,415
-41,416
-41,417
-41,418
-41,419
-41,420
-41,421
-41,422
-41,423
-41,424
-41,425
-41,426
-41,427
-41,428
-41,429
-41,430
-41,431
-41,432
-41,433
-41,434
-41,435
-41,436
-41,437
-41,438
-41,439
-41,440
-41,441
-41,442
-41,443
-41,444
-41,445
-41,446
-41,447
-41,448
-41,449
-41,450
-41,451
-41,452
-41,453
-41,454
-41,455
-41,456
-41,457
-41,458
-41,459
-41,460
-41,461
-41,462
-41,463
-41,464
-41,465
-41,466
-41,467
-41,468
-41,469
-41,470
-41,471
-41,472
-41,473
-41,474
-41,475
-41,476
-41,477
-41,478
-41,479
-41,480
-41,481
-41,482
-41,483
-41,484
-41,485
-41,486
-41,487
-41,488
-41,489
-41,490
-41,491
-41,492
-41,493
-41,494
-41,495
-41,496
-41,497
-41,498
-41,499
-41,500
-41,501
-41,502
-41,503
-41,504
-41,505
-41,506
-41,507
-41,508
-41,509
-41,510
-41,511
-41,512
-41,513
-41,514
-41,515
-41,516
-41,517
-41,518
-41,519
-41,520
-41,521
-41,522
:48_2,523
:48_2,524
:48_2,525
:48_2,526
:48_2,527
40,528
40,529
40,530
40,531
40,532
40,533
40,534
40,535
40,536
40,537
40,538
40,539
40,540
40,541
40,542
40,543
40,544
40,545
40,546
40,547
40,548
40,549
40,550
40,551
40,552
40,553
40,554
40,555
40,556
40,557
40,558
40,559
40,560
40,561
40,562
40,563
40,564
40,565
40,566
40,567
40,568
40,569
40,570
40,571
40,572
40,573
40,574
40,575
40,576
40,577
40,578
40,579
40,580
40,581
40,582
40,583
40,584
40,585
40,586
40,587
40,588
40,589
40,590
40,591
40,592
40,593
40,594
40,595
40,596
40,597
40,598
40,599
40,600
40,601
40,602
40,603
40,604
40,605
40,606
40,607
40,608
40,609
40,610
40,611
40,612
40,613
40,614
40,615
40,616
40,617
40,618
40,619
40,620
40,621
40,622
40,623
40,624
40,625
40,626
40,627
40,628
40,629
40,630
40,631
40,632
40,633
40,634
40,635
40,636
40,637
40,638
40,639
40,640
40,641
40,642
40,643
40,644
40,645
40,646
40,647
40,648
40,649
40,650
40,651
40,652
40,653
40,654
40,655
40,656
40,657
40,658
40,659
40,660
40,661
40,662
40,663
40,664
40,665
40,666
40,667
40,668
40,669
40,670
40,671
40,672
40,673
40,674
40,675
40,676
40,677
40,678
40,679
40,680
40,681
40,682
40,683
40,684
40,685
40,686
40,687
40,688
40,689
40,690
40,691
40,692
40,693
40,694
40,695
40,696
40,697
40,698
40,699
40,700
40,701
40,702
40,703
40,704
40,705
40,706
40,707
40,708
40,709
40,710
40,711
40,712
40,713
40,714
40,715
40,716
40,717
40,718
40,719
40,720
40,721
40,722
40,723
40,724
40,725
40,726
40,727
40,728
40,729
40,730
40,731
40,732
40,733
40,734
40,735
40,736
40,737
40,738
40,739
40,740
40,741
40,742
40,743
40,744
40,745
40,746
40,747
40,748
40,749
40,750
40,751
40,752
40,753
40,754
40,755
40,756
40,757
40,758
40,759
40,760
40,761
40,762
40,763
40,764
40,765
40,766
40,767
40,768
40,769
40,770
40,771
40,772
40,773
40,774
40,775
40,776
40,777
40,778
40,779
40,780
40,781
40,782
40,783
40,784
40,785
40,786
40,787
40,788
40,789
40,790
40,791
40,792
40,793
40,794
40,795
40,796
40,797
40,798
40,799
40,800
40,801
40,802
40,803
40,804
40,805
40,806
40,807
40,808
40,809
40,810
40,811
40,812
40,813
40,814
40,815
40,816
40,817
40,818
40,819
40,820
40,821
40,822
40,823
40,824
40,825
40,826
40,827
40,828
40,829
40,830
40,831
40,832
40,833
40,834
40,835
40,836
40,837
40,838
40,839
40,840
40,841
40,842
40,843
40,844
40,845
40,846
40,847
40,848
40,849
40,850
40,851
40,852
40,853
40,854
40,855
40,856
40,857
40,858
40,859
40,860
40,861
40,862
40,863
40,864
40,865
40,866
40,867
40,868
40,869
40,870
40,871
40,872
40,873
40,874
40,875
40,876
40,877
40,878
40,879
40,880
40,881
40,882
40,883
40,884
40,885
40,886
40,887
40,888
40,889
40,890
40,891
40,892
40,893
40,894
40,895
40,896
40,897
40,898
40,899
40,900
40,901
40,902
40,903
40,904
40,905
40,906
40,907
:49_6,908
:49_6,909
:49_6,910
:49_6,911
:49_6,912
-50,913
-50,914
-50,915
-50,916
-50,917
-50,918
-50,919
-50,920
-50,921
-50,922
-50,923
-50,924
-50,925
-50,926
-50,927
-50,928
-50,929
-50,930
-50,931
-50,932
-50,933
-50,934
-50,935
-50,936
-50,937
-50,938
-50,939
-50,940
-50,941
-50,942
-50,943
-50,944
-50,945
-50,946
-50,947
-50,948
-50,949
-50,950
-50,951
-50,952
-50,953
-50,954
-50,955
-50,956
-50,957
-50,958
-50,959
-50,960
-50,961
-50,962
-50,963
-50,964
-50,965
-5,1
-5,2
-5,3
-5,1
