-148,4
-148,5
-148,6
-148,7
-148,8
-148,9
-148,10
-148,11
-148,12
-148,13
-148,14
-148,15
-148,16
-148,17
-148,18
-148,19
-148,20
-148,21
-148,22
-148,23
-148,24
-148,25
-148,26
-148,27
-148,28
-148,29
-148,30
-148,31
-148,32
-148,33
-148,34
-148,35
-148,36
-148,37
-148,38
-148,39
-148,40
-148,41
-148,42
-148,43
-148,44
-148,45
-148,46
-148,47
-148,48
-148,49
-148,50
-148,51
-148,52
-148,53
-148,54
-148,55
-148,56
-148,57
-148,58
-148,59
-148,60
-148,61
-148,62
-148,63
-148,64
-148,65
-148,66
-148,67
-148,68
-148,69
-148,70
-148,71
-148,72
-148,73
-148,74
-148,75
-148,76
-148,77
-148,78
-148,79
-148,80
:160_12,81
:160_12,82
:160_12,83
145,84
145,85
145,86
145,87
145,88
145,89
145,90
145,91
145,92
145,93
145,94
145,95
145,96
145,97
145,98
145,99
145,100
145,101
145,102
145,103
145,104
145,105
145,106
145,107
145,108
145,109
145,110
145,111
145,112
145,113
145,114
145,115
145,116
145,117
145,118
145,119
145,120
145,121
145,122
145,123
145,124
145,125
145,126
145,127
145,128
145,129
145,130
145,131
145,132
145,133
145,134
145,135
145,136
145,137
145,138
145,139
145,140
145,141
145,142
145,143
145,144
145,145
145,146
:161_1,147
:161_1,148
:161_1,149
:161_1,150
:161_1,151
187,152
187,153
187,154
187,155
187,156
187,157
187,158
187,159
187,160
187,161
187,162
187,163
187,164
187,165
187,166
187,167
187,168
187,169
187,170
187,171
187,172
187,173
187,174
187,175
187,176
187,177
187,178
187,179
187,180
187,181
187,182
187,183
187,184
187,185
187,186
187,187
187,188
187,189
187,190
187,191
187,192
187,193
187,194
187,195
187,196
187,197
187,198
187,199
187,200
187,201
187,202
187,203
187,204
187,205
187,206
187,207
187,208
187,209
187,210
187,211
187,212
187,213
187,214
187,215
187,216
187,217
187,218
187,219
187,220
187,221
187,222
187,223
187,224
187,225
187,226
187,227
187,228
187,229
187,230
187,231
187,232
187,233
187,234
187,235
187,236
187,237
187,238
:165_1,239
:165_1,240
:165_1,241
:165_1,242
:165_1,243
-150,244
-150,245
-150,246
-150,247
-150,248
-150,249
-150,250
-150,251
-150,252
-150,253
-150,254
-150,255
-150,256
-150,257
-150,258
-150,259
-150,260
-150,261
-150,262
-150,263
-150,264
-150,265
-150,266
-150,267
-150,268
-150,269
-150,270
-150,271
-150,272
-150,273
-150,274
-150,275
-150,276
-150,277
-150,278
-150,279
-150,280
-150,281
-150,282
-150,283
-150,284
-150,285
-150,286
-150,287
-150,288
-150,289
-150,290
-150,291
-150,292
-150,293
-150,294
-150,295
-150,296
-150,297
-150,298
-150,299
-150,300
-150,301
-150,302
-150,303
-150,304
-150,305
-150,306
-150,307
-150,308
-150,309
-150,310
-150,311
-150,312
-150,313
-150,314
:164_0,315
:164_0,316
:164_0,317
:164_0,318
:164_0,319
-554,320
-554,321
-554,322
-554,323
-554,324
-554,325
-554,326
-554,327
-554,328
-554,329
-554,330
-554,331
-554,332
-554,333
-554,334
-554,335
-554,336
-554,337
-554,338
-554,339
-554,340
-554,341
-554,342
-554,343
-554,344
-554,345
-554,346
-554,347
-554,348
-554,349
-554,350
-554,351
-554,352
-554,353
-554,354
-554,355
-554,356
-554,357
-554,358
-554,359
-554,360
-554,361
-554,362
-554,363
-554,364
-554,365
-554,366
-554,367
-554,368
-554,369
-554,370
-554,371
-554,372
-554,373
-554,374
-554,375
-554,376
-554,377
-554,378
-554,379
-554,380
-554,381
-554,382
-554,383
-554,384
-554,385
-554,386
-554,387
-554,388
-554,389
-554,390
-554,391
-554,392
-554,393
-554,394
-554,395
-554,396
-554,397
-554,398
-554,399
-554,400
-554,401
-554,402
-554,403
-554,404
-554,405
-554,406
-554,407
-554,408
-554,409
-554,410
-554,411
-554,412
-554,413
-554,414
-554,415
-554,416
-554,417
-554,418
-554,419
-554,420
-554,421
-554,422
-554,423
-554,424
-554,425
-554,426
-554,427
-554,428
:335_1,429
:335_1,430
:335_1,431
:335_1,432
:335_1,433
-410,434
-410,435
-410,436
-410,437
-410,438
-410,439
-410,440
-410,441
-410,442
-410,443
-410,444
-410,445
-410,446
-410,447
-410,448
-410,449
-410,450
-410,451
-410,452
-410,453
-410,454
-410,455
-410,456
-410,457
-410,458
-410,459
-410,460
-410,461
-410,462
-410,463
-410,464
-410,465
-410,466
-410,467
-410,468
-410,469
-410,470
-410,471
-410,472
-410,473
-410,474
-410,475
-410,476
-410,477
-410,478
-410,479
-410,480
-410,481
-410,482
-410,483
-410,484
-410,485
-410,486
-410,487
-410,488
-410,489
-410,490
-410,491
-410,492
-410,493
-410,494
-410,495
-410,496
-410,497
-410,498
-410,499
-410,500
-410,501
-410,502
-410,503
-410,504
-410,505
-410,506
-410,507
-410,508
-410,509
-410,510
-410,511
-410,512
-410,513
-410,514
-410,515
-410,516
-410,517
-410,518
-410,519
-410,520
-410,521
-410,522
-410,523
-410,524
-410,525
-410,526
-410,527
-410,528
-410,529
-410,530
-410,531
-410,532
-410,533
-410,534
-410,535
-410,536
-410,537
-410,538
-410,539
-410,540
-410,541
-410,542
-410,543
-410,544
:60_0,545
:60_0,546
:60_0,547
-122,548
-122,549
-122,550
-122,551
-122,552
-122,553
-122,554
-122,555
-122,556
-122,557
-122,558
-122,559
-122,560
-122,561
-122,562
-122,563
-122,564
-122,565
-122,566
-122,567
-122,568
-122,569
-122,570
-122,571
-122,572
-122,573
-122,574
-122,575
-122,576
-122,577
-122,578
-122,579
-122,580
-122,581
-122,582
-122,583
-122,584
-122,585
-122,586
-122,587
-122,588
-122,589
-122,590
-122,591
-122,592
-122,593
-122,594
-122,595
-122,596
-122,597
-122,598
-122,599
-122,600
-122,601
-122,602
-122,603
-122,604
-122,605
-122,606
-122,607
-122,608
-122,609
-122,610
-122,611
-122,612
-122,613
-122,614
-122,615
-122,616
-122,617
-122,618
-122,619
-122,620
-122,621
-122,622
-122,623
:137_6,624
:137_6,625
:137_6,626
:137_6,627
120,628
120,629
120,630
120,631
120,632
120,633
120,634
120,635
120,636
120,637
120,638
120,639
120,640
120,641
120,642
120,643
120,644
120,645
120,646
120,647
120,648
120,649
120,650
120,651
120,652
120,653
120,654
120,655
120,656
120,657
120,658
120,659
120,660
120,661
120,662
120,663
120,664
120,665
120,666
120,667
120,668
120,669
120,670
120,671
120,672
120,673
120,674
120,675
120,676
120,677
120,678
120,679
120,680
120,681
120,682
120,683
120,684
120,685
120,686
120,687
120,688
120,689
120,690
120,691
120,692
120,693
120,694
120,695
120,696
120,697
120,698
120,699
120,700
120,701
120,702
120,703
120,704
120,705
120,706
120,707
120,708
120,709
120,710
120,711
120,712
120,713
120,714
120,715
120,716
120,717
120,718
120,719
120,720
120,721
120,722
120,723
120,724
120,725
120,726
120,727
120,728
120,729
120,730
120,731
120,732
120,733
120,734
120,735
120,736
120,737
-148,4
