267,1
267,1
267,1
267,2
267,3
267,4
267,5
267,6
267,7
267,8
267,9
267,10
267,11
267,12
267,13
267,14
267,15
267,16
267,17
267,18
267,19
267,20
267,21
267,22
267,23
267,24
267,25
267,26
267,27
267,28
267,29
267,30
267,31
267,32
267,33
267,34
267,35
267,36
267,37
267,38
267,39
267,40
267,41
267,42
267,43
267,44
267,45
267,46
267,47
267,48
267,49
267,50
:262_7,51
:262_7,52
:262_7,53
:262_7,54
:262_7,55
:262_7,56
-431,57
-431,58
-431,59
-431,60
-431,61
-431,62
-431,63
-431,64
-431,65
-431,66
-431,67
-431,68
-431,69
-431,70
-431,71
-431,72
-431,73
-431,74
-431,75
-431,76
-431,77
-431,78
-431,79
-431,80
-431,81
-431,82
-431,83
-431,84
-431,85
-431,86
-431,87
-431,88
-431,89
-431,90
-431,91
-431,92
-431,93
-431,94
-431,95
-431,96
-431,97
-431,98
-431,99
-431,100
-431,101
-431,102
-431,103
-431,104
-431,105
-431,106
-431,107
:203_7,108
:203_7,109
:203_7,110
:203_7,111
:203_7,112
194,113
194,114
194,115
194,116
194,117
194,118
194,119
194,120
194,121
194,122
194,123
194,124
194,125
194,126
194,127
194,128
194,129
194,130
194,131
194,132
194,133
194,134
194,135
194,136
194,137
194,138
194,139
194,140
194,141
194,142
194,143
194,144
194,145
194,146
194,147
194,148
194,149
194,150
194,151
194,152
194,153
194,154
194,155
194,156
194,157
194,158
194,159
194,160
194,161
194,162
194,163
194,164
194,165
194,166
194,167
194,168
194,169
194,170
194,171
194,172
194,173
194,174
194,175
194,176
194,177
194,178
194,179
194,180
194,181
194,182
194,183
194,184
194,185
194,186
194,187
194,188
194,189
194,190
194,191
194,192
194,193
194,194
194,195
194,196
194,197
194,198
194,199
194,200
194,201
194,202
194,203
194,204
194,205
194,206
194,207
194,208
194,209
194,210
194,211
194,212
194,213
194,214
194,215
194,216
194,217
194,218
194,219
194,220
194,221
194,222
194,223
194,224
194,225
194,226
194,227
194,228
194,229
194,230
194,231
194,232
194,233
194,234
194,235
194,236
194,237
194,238
194,239
194,240
194,241
194,242
194,243
194,244
194,245
194,246
194,247
194,248
194,249
194,250
194,251
194,252
194,253
194,254
194,255
194,256
194,257
194,258
194,259
194,260
194,261
194,262
194,263
194,264
194,265
194,266
194,267
194,268
194,269
194,270
194,271
194,272
194,273
194,274
194,275
194,276
194,277
194,278
194,279
194,280
194,281
194,282
194,283
194,284
194,285
194,286
194,287
194,288
194,289
194,290
194,291
194,292
194,293
194,294
194,295
194,296
194,297
:204_9,298
:204_9,299
:204_9,300
:204_9,301
:204_9,302
:204_9,303
195,304
195,305
195,306
195,307
195,308
195,309
195,310
195,311
195,312
195,313
195,314
195,315
195,316
195,317
195,318
195,319
195,320
195,321
195,322
195,323
195,324
195,325
195,326
195,327
195,328
195,329
195,330
195,331
195,332
195,333
195,334
195,335
195,336
195,337
195,338
195,339
195,340
195,341
195,342
195,343
195,344
195,345
195,346
195,347
195,348
195,349
195,350
195,351
195,352
195,353
195,354
195,355
195,356
195,357
195,358
195,359
195,360
195,361
195,362
195,363
195,364
195,365
195,366
195,367
195,368
195,369
195,370
195,371
195,372
195,373
195,374
195,375
195,376
195,377
195,378
195,379
195,380
195,381
195,382
195,383
195,384
195,385
195,386
195,387
195,388
195,389
195,390
195,391
195,392
195,393
195,394
195,395
195,396
195,397
195,398
195,399
195,400
195,401
195,402
195,403
195,404
195,405
195,406
195,407
195,408
195,409
195,410
195,411
195,412
195,413
195,414
195,415
195,416
195,417
195,418
195,419
195,420
195,421
195,422
195,423
195,424
195,425
195,426
195,427
195,428
195,429
195,430
195,431
195,432
195,433
195,434
195,435
195,436
195,437
195,438
195,439
195,440
195,441
195,442
195,443
195,444
195,445
195,446
195,447
195,448
195,449
195,450
195,451
195,452
195,453
195,454
195,455
195,456
195,457
195,458
195,459
195,460
195,461
195,462
195,463
195,464
195,465
195,466
195,467
195,468
195,469
195,470
195,471
195,472
195,473
195,474
195,475
195,476
195,477
195,478
195,479
195,480
195,481
195,482
195,483
195,484
195,485
195,486
195,487
195,488
195,489
195,490
195,491
195,492
195,493
195,494
195,495
195,496
195,497
195,498
195,499
195,500
195,501
195,502
195,503
195,504
195,505
195,506
195,507
195,508
195,509
195,510
195,511
195,512
195,513
195,514
195,515
195,516
195,517
:191_13,518
:191_13,519
:191_13,520
:191_13,521
:191_13,522
:191_13,523
:191_13,524
-178,525
-178,526
-178,527
-178,528
-178,529
-178,530
-178,531
-178,532
-178,533
-178,534
-178,535
-178,536
-178,537
-178,538
-178,539
-178,540
-178,541
-178,542
-178,543
-178,544
-178,545
-178,546
-178,547
-178,548
-178,549
-178,550
-178,551
-178,552
-178,553
-178,554
-178,555
-178,556
-178,557
-178,558
-178,559
-178,560
-178,561
-178,562
-178,563
-178,564
-178,565
-178,566
-178,567
-178,568
-178,569
-178,570
-178,571
-178,572
-178,573
-178,574
-178,575
-178,576
-178,577
-178,578
-178,579
-178,580
-178,581
-178,582
-178,583
-178,584
-178,585
-178,586
-178,587
-178,588
-178,589
-178,590
-178,591
-178,592
-178,593
-178,594
-178,595
-178,596
-178,597
-178,598
-178,599
-178,600
-178,601
-178,602
-178,603
-178,604
-178,605
-178,606
-178,607
-178,608
-178,609
-178,610
-178,611
-178,612
-178,613
-178,614
-178,615
-178,616
-178,617
-178,618
-178,619
-178,620
-178,621
-178,622
-178,623
-178,624
-178,625
-178,626
-178,627
-178,628
-178,629
-178,630
-178,631
-178,632
-178,633
-178,634
-178,635
-178,636
-178,637
-178,638
-178,639
-178,640
-178,641
-178,642
-178,643
-178,644
-178,645
-178,646
-178,647
-178,648
-178,649
-178,650
-178,651
-178,652
-178,653
-178,654
-178,655
-178,656
-178,657
-178,658
-178,659
-178,660
-178,661
-178,662
-178,663
-178,664
-178,665
-178,666
-178,667
-178,668
-178,669
-178,670
-178,671
-178,672
-178,673
-178,674
-178,675
-178,676
-178,677
-178,678
-178,679
-178,680
-178,681
-178,682
-178,683
-178,684
-178,685
-178,686
-178,687
-178,688
-178,689
-178,690
-178,691
-178,692
-178,693
-178,694
-178,695
-178,696
-178,697
-178,698
-178,699
-178,700
-178,701
-178,702
-178,703
-178,704
-178,705
-178,706
-178,707
-178,708
-178,709
-178,710
-178,711
-178,712
-178,713
-178,714
-178,715
-178,716
-178,717
-178,718
:190_3,719
:190_3,720
:190_3,721
:190_3,722
:190_3,723
:190_3,724
-177,725
-177,726
-177,727
-177,728
-177,729
-177,730
-177,731
-177,732
-177,733
-177,734
-177,735
-177,736
-177,737
-177,738
-177,739
-177,740
-177,741
-177,742
-177,743
-177,744
-177,745
-177,746
-177,747
-177,748
-177,749
-177,750
-177,751
-177,752
-177,753
-177,754
-177,755
-177,756
-177,757
-177,758
-177,759
-177,760
-177,761
-177,762
-177,763
-177,764
-177,765
-177,766
-177,767
-177,768
-177,769
-177,770
-177,771
-177,772
-177,773
-177,774
-177,775
-177,776
-177,777
-177,778
-177,779
-177,780
-177,781
-177,782
-177,783
-177,784
-177,785
-177,786
-177,787
-177,788
-177,789
-177,790
-177,791
-177,792
-177,793
-177,794
-177,795
-177,796
-177,797
-177,798
-177,799
-177,800
-177,801
-177,802
-177,803
-177,804
-177,805
-177,806
-177,807
-177,808
-177,809
-177,810
-177,811
-177,812
-177,813
-177,814
-177,815
-177,816
-177,817
-177,818
-177,819
-177,820
-177,821
-177,822
-177,823
-177,824
-177,825
-177,826
-177,827
-177,828
-177,829
-177,830
-177,831
-177,832
-177,833
-177,834
-177,835
-177,836
-177,837
-177,838
-177,839
-177,840
-177,841
-177,842
-177,843
-177,844
-177,845
-177,846
-177,847
-177,848
-177,849
-177,850
-177,851
-177,852
-177,853
-177,854
-177,855
-177,856
-177,857
-177,858
-177,859
-177,860
-177,861
-177,862
-177,863
-177,864
-177,865
-177,866
-177,867
-177,868
-177,869
-177,870
-177,871
-177,872
-177,873
-177,874
-177,875
-177,876
-177,877
:13_8,878
:13_8,879
:13_8,880
685,881
685,882
685,883
685,884
685,885
685,886
685,887
685,888
685,889
685,890
685,891
685,892
685,893
685,894
685,895
685,896
685,897
685,898
685,899
685,900
685,901
:373_5,902
684,903
684,904
684,905
684,906
684,907
684,908
684,909
684,910
684,911
684,912
684,913
684,914
684,915
684,916
684,917
684,918
684,919
684,920
684,921
684,922
684,923
684,924
:6_9,925
:6_9,926
6,927
6,928
6,929
6,930
6,931
6,932
6,933
6,934
6,935
6,936
6,937
6,938
6,939
6,940
6,941
6,942
6,943
6,944
6,945
6,946
6,947
6,948
6,949
6,950
6,951
6,952
6,953
6,954
6,955
6,956
6,957
6,958
6,959
6,960
6,961
6,962
6,963
6,964
6,965
267,1
267,2
267,3
267,1
