118,1
118,1
118,1
118,2
118,3
118,4
118,5
118,6
118,7
118,8
118,9
118,10
118,11
118,12
118,13
118,14
118,15
118,16
118,17
118,18
118,19
118,20
118,21
118,22
118,23
118,24
118,25
118,26
118,27
118,28
118,29
118,30
118,31
118,32
118,33
118,34
118,35
118,36
118,37
118,38
118,39
118,40
118,41
118,42
118,43
118,44
118,45
118,46
118,47
118,48
118,49
118,50
118,51
118,52
118,53
118,54
118,55
118,56
118,57
118,58
118,59
118,60
118,61
118,62
118,63
118,64
118,65
118,66
118,67
118,68
118,69
118,70
118,71
118,72
118,73
118,74
118,75
118,76
118,77
118,78
118,79
118,80
118,81
118,82
118,83
118,84
118,85
118,86
118,87
118,88
118,89
118,90
118,91
118,92
118,93
118,94
118,95
118,96
118,97
118,98
118,99
118,100
118,101
118,102
118,103
118,104
118,105
118,106
118,107
118,108
118,109
118,110
118,111
118,112
118,113
118,114
118,115
118,116
118,117
118,118
118,119
118,120
118,121
118,122
118,123
118,124
118,125
118,126
118,127
118,128
118,129
118,130
118,131
118,132
118,133
118,134
118,135
118,136
118,137
118,138
118,139
118,140
118,141
118,142
118,143
118,144
118,145
118,146
118,147
118,148
118,149
118,150
118,151
118,152
118,153
118,154
118,155
118,156
118,157
118,158
118,159
118,160
118,161
118,162
118,163
118,164
118,165
118,166
118,167
118,168
118,169
118,170
118,171
118,172
118,173
118,174
118,175
118,176
118,177
118,178
118,179
118,180
118,181
118,182
118,183
118,184
118,185
118,186
118,187
118,188
118,189
118,190
118,191
118,192
118,193
118,194
118,195
118,196
118,197
118,198
118,199
118,200
118,201
118,202
118,203
118,204
118,205
118,206
118,207
:135_0,208
:135_0,209
:135_0,210
:135_0,211
:135_0,212
:135_0,213
144,214
144,215
144,216
144,217
144,218
144,219
144,220
144,221
144,222
144,223
144,224
144,225
144,226
144,227
144,228
144,229
144,230
144,231
144,232
144,233
144,234
144,235
144,236
144,237
144,238
144,239
144,240
144,241
144,242
144,243
144,244
144,245
144,246
144,247
144,248
144,249
144,250
144,251
144,252
144,253
144,254
144,255
144,256
144,257
144,258
144,259
144,260
144,261
144,262
144,263
144,264
144,265
144,266
144,267
144,268
144,269
144,270
144,271
144,272
144,273
144,274
144,275
144,276
144,277
144,278
144,279
144,280
144,281
144,282
144,283
144,284
144,285
144,286
144,287
144,288
144,289
144,290
144,291
144,292
144,293
144,294
144,295
144,296
144,297
144,298
144,299
144,300
144,301
144,302
144,303
144,304
144,305
144,306
144,307
144,308
144,309
144,310
144,311
144,312
144,313
144,314
144,315
144,316
144,317
144,318
144,319
144,320
144,321
144,322
144,323
144,324
144,325
144,326
144,327
144,328
144,329
144,330
144,331
144,332
144,333
144,334
144,335
144,336
144,337
144,338
144,339
144,340
144,341
144,342
144,343
144,344
144,345
144,346
144,347
144,348
144,349
144,350
144,351
144,352
144,353
144,354
144,355
144,356
144,357
144,358
144,359
144,360
144,361
144,362
144,363
144,364
144,365
144,366
144,367
144,368
144,369
144,370
144,371
144,372
144,373
144,374
144,375
144,376
144,377
144,378
144,379
144,380
144,381
144,382
144,383
144,384
144,385
144,386
144,387
144,388
144,389
144,390
144,391
144,392
144,393
144,394
144,395
144,396
144,397
144,398
144,399
144,400
144,401
144,402
144,403
144,404
144,405
144,406
144,407
144,408
144,409
144,410
144,411
144,412
144,413
144,414
144,415
144,416
144,417
144,418
144,419
144,420
144,421
144,422
144,423
144,424
144,425
144,426
144,427
144,428
144,429
144,430
144,431
144,432
144,433
144,434
144,435
144,436
144,437
144,438
144,439
144,440
144,441
144,442
144,443
144,444
144,445
144,446
144,447
144,448
144,449
144,450
144,451
144,452
144,453
144,454
144,455
144,456
144,457
144,458
144,459
144,460
144,461
144,462
144,463
144,464
144,465
144,466
144,467
144,468
144,469
144,470
144,471
144,472
144,473
144,474
144,475
144,476
144,477
144,478
144,479
144,480
144,481
144,482
144,483
144,484
144,485
144,486
144,487
144,488
144,489
144,490
144,491
144,492
144,493
144,494
144,495
144,496
144,497
144,498
144,499
144,500
144,501
144,502
144,503
144,504
144,505
144,506
:159_0,507
:159_0,508
:159_0,509
:159_0,510
:159_0,511
:159_0,512
399,513
399,514
399,515
399,516
399,517
399,518
399,519
399,520
399,521
399,522
399,523
399,524
399,525
399,526
399,527
399,528
399,529
399,530
399,531
399,532
399,533
399,534
399,535
399,536
399,537
399,538
399,539
399,540
399,541
399,542
399,543
399,544
399,545
399,546
399,547
399,548
399,549
399,550
399,551
399,552
399,553
399,554
399,555
399,556
399,557
399,558
399,559
399,560
399,561
399,562
399,563
399,564
399,565
399,566
399,567
399,568
399,569
399,570
399,571
399,572
399,573
399,574
399,575
399,576
399,577
399,578
399,579
399,580
399,581
399,582
399,583
399,584
399,585
399,586
399,587
399,588
399,589
399,590
399,591
399,592
399,593
399,594
399,595
399,596
399,597
399,598
399,599
399,600
399,601
399,602
399,603
399,604
399,605
399,606
399,607
399,608
399,609
399,610
399,611
399,612
399,613
399,614
399,615
399,616
399,617
399,618
399,619
399,620
399,621
399,622
399,623
399,624
399,625
399,626
399,627
399,628
399,629
399,630
399,631
399,632
399,633
399,634
399,635
399,636
399,637
399,638
399,639
399,640
399,641
399,642
399,643
399,644
399,645
399,646
399,647
399,648
399,649
399,650
399,651
399,652
:169_0,653
:169_0,654
:169_0,655
:169_0,656
:169_0,657
:169_0,658
-153,659
-153,660
-153,661
-153,662
-153,663
-153,664
-153,665
-153,666
-153,667
-153,668
-153,669
-153,670
-153,671
-153,672
-153,673
-153,674
-153,675
-153,676
-153,677
-153,678
-153,679
-153,680
-153,681
-153,682
-153,683
-153,684
-153,685
-153,686
-153,687
-153,688
-153,689
-153,690
-153,691
-153,692
-153,693
-153,694
-153,695
-153,696
-153,697
-153,698
-153,699
-153,700
-153,701
-153,702
-153,703
-153,704
-153,705
-153,706
-153,707
-153,708
-153,709
-153,710
-153,711
-153,712
-153,713
-153,714
-153,715
-153,716
-153,717
-153,718
-153,719
-153,720
-153,721
-153,722
-153,723
-153,724
-153,725
-153,726
-153,727
-153,728
-153,729
-153,730
-153,731
-153,732
-153,733
-153,734
-153,735
-153,736
-153,737
-153,738
-153,739
-153,740
-153,741
-153,742
-153,743
-153,744
-153,745
-153,746
-153,747
-153,748
-153,749
-153,750
-153,751
-153,752
-153,753
-153,754
-153,755
-153,756
-153,757
-153,758
-153,759
-153,760
-153,761
-153,762
-153,763
-153,764
-153,765
-153,766
-153,767
-153,768
-153,769
-153,770
-153,771
-153,772
-153,773
-153,774
-153,775
-153,776
-153,777
-153,778
-153,779
-153,780
-153,781
-153,782
-153,783
-153,784
-153,785
-153,786
-153,787
-153,788
-153,789
-153,790
-153,791
-153,792
-153,793
-153,794
-153,795
-153,796
-153,797
-153,798
-153,799
-153,800
:166_0,801
:166_0,802
:166_0,803
:166_0,804
154,805
154,806
154,807
154,808
154,809
154,810
154,811
154,812
154,813
154,814
154,815
154,816
154,817
154,818
154,819
154,820
154,821
154,822
154,823
154,824
154,825
154,826
154,827
154,828
154,829
154,830
154,831
154,832
154,833
154,834
154,835
154,836
154,837
154,838
154,839
154,840
154,841
154,842
154,843
154,844
154,845
154,846
154,847
154,848
154,849
154,850
154,851
154,852
154,853
154,854
154,855
154,856
154,857
154,858
154,859
154,860
154,861
154,862
154,863
154,864
154,865
154,866
154,867
154,868
154,869
154,870
154,871
154,872
154,873
154,874
154,875
154,876
154,877
154,878
154,879
154,880
154,881
154,882
154,883
154,884
154,885
154,886
154,887
154,888
154,889
154,890
154,891
154,892
154,893
154,894
154,895
154,896
154,897
154,898
154,899
154,900
154,901
154,902
154,903
154,904
154,905
154,906
154,907
154,908
154,909
154,910
154,911
154,912
154,913
154,914
154,915
154,916
154,917
154,918
154,919
154,920
154,921
154,922
154,923
154,924
154,925
154,926
154,927
154,928
154,929
154,930
154,931
154,932
154,933
154,934
154,935
154,936
154,937
154,938
154,939
154,940
154,941
154,942
154,943
154,944
154,945
154,946
154,947
154,948
154,949
154,950
154,951
154,952
154,953
154,954
154,955
154,956
154,957
154,958
154,959
154,960
154,961
154,962
154,963
154,964
154,965
118,1
118,2
118,3
118,1
