174,1
174,1
174,1
174,2
174,3
174,4
174,5
174,6
174,7
174,8
174,9
174,10
174,11
174,12
174,13
174,14
174,15
174,16
174,17
174,18
174,19
174,20
174,21
174,22
174,23
174,24
174,25
174,26
174,27
174,28
174,29
174,30
174,31
174,32
174,33
174,34
174,35
174,36
174,37
174,38
174,39
174,40
174,41
174,42
174,43
174,44
174,45
174,46
174,47
174,48
174,49
174,50
174,51
174,52
174,53
174,54
174,55
174,56
174,57
174,58
174,59
174,60
174,61
174,62
174,63
174,64
174,65
174,66
174,67
174,68
174,69
174,70
174,71
174,72
174,73
174,74
174,75
174,76
174,77
174,78
174,79
174,80
174,81
174,82
174,83
174,84
174,85
174,86
174,87
174,88
174,89
174,90
174,91
174,92
174,93
174,94
174,95
174,96
174,97
174,98
174,99
174,100
174,101
174,102
174,103
174,104
174,105
174,106
174,107
174,108
174,109
174,110
174,111
174,112
174,113
174,114
174,115
174,116
174,117
174,118
174,119
174,120
174,121
174,122
174,123
174,124
174,125
174,126
174,127
174,128
174,129
174,130
174,131
174,132
174,133
174,134
174,135
174,136
174,137
174,138
174,139
174,140
174,141
174,142
174,143
174,144
174,145
174,146
174,147
174,148
174,149
174,150
174,151
174,152
174,153
174,154
174,155
174,156
174,157
174,158
174,159
174,160
174,161
174,162
174,163
174,164
174,165
174,166
174,167
174,168
174,169
174,170
:187_12,171
:187_12,172
:187_12,173
:187_12,174
184,175
184,176
184,177
184,178
184,179
184,180
184,181
184,182
184,183
184,184
184,185
184,186
184,187
184,188
184,189
184,190
184,191
184,192
184,193
184,194
184,195
184,196
184,197
184,198
184,199
184,200
184,201
184,202
184,203
184,204
184,205
184,206
184,207
184,208
184,209
184,210
184,211
184,212
184,213
184,214
184,215
184,216
184,217
184,218
184,219
184,220
184,221
184,222
184,223
184,224
184,225
184,226
184,227
184,228
184,229
184,230
184,231
184,232
184,233
184,234
184,235
184,236
184,237
184,238
184,239
184,240
184,241
184,242
184,243
184,244
184,245
184,246
184,247
184,248
184,249
184,250
184,251
184,252
184,253
184,254
184,255
184,256
184,257
184,258
184,259
184,260
184,261
184,262
184,263
184,264
184,265
184,266
184,267
184,268
184,269
184,270
184,271
184,272
184,273
184,274
184,275
184,276
184,277
184,278
184,279
184,280
184,281
184,282
184,283
184,284
184,285
184,286
184,287
184,288
184,289
184,290
184,291
184,292
184,293
184,294
184,295
184,296
184,297
184,298
184,299
184,300
184,301
184,302
184,303
184,304
184,305
184,306
184,307
184,308
184,309
184,310
184,311
184,312
184,313
184,314
184,315
184,316
184,317
184,318
184,319
184,320
184,321
184,322
184,323
184,324
184,325
184,326
184,327
184,328
184,329
184,330
184,331
184,332
184,333
184,334
184,335
184,336
184,337
184,338
184,339
184,340
184,341
184,342
184,343
184,344
184,345
184,346
184,347
184,348
184,349
184,350
184,351
184,352
184,353
184,354
184,355
184,356
184,357
184,358
184,359
184,360
184,361
184,362
184,363
184,364
184,365
184,366
184,367
184,368
184,369
184,370
184,371
184,372
184,373
184,374
184,375
184,376
184,377
184,378
184,379
184,380
184,381
184,382
184,383
184,384
184,385
184,386
184,387
184,388
184,389
184,390
184,391
184,392
184,393
184,394
184,395
184,396
184,397
184,398
184,399
174,1
174,2
174,3
174,1
