257,1
257,1
257,1
257,2
257,3
257,4
257,5
257,6
257,7
257,8
257,9
257,10
257,11
257,12
257,13
257,14
257,15
257,16
257,17
257,18
257,19
257,20
257,21
257,22
257,23
257,24
257,25
257,26
257,27
257,28
257,29
257,30
257,31
257,32
257,33
257,34
257,35
257,36
257,37
257,38
257,39
257,40
257,41
257,42
257,43
257,44
257,45
257,46
257,47
257,48
257,49
257,50
257,51
257,52
257,53
257,54
257,55
257,56
257,57
257,58
257,59
257,60
257,61
257,62
257,63
257,64
257,65
257,66
257,67
257,68
257,69
257,70
257,71
257,72
257,73
257,74
257,75
257,76
257,77
257,78
257,79
257,80
257,81
257,82
257,83
257,84
257,85
257,86
257,87
257,88
257,89
257,90
257,91
257,92
257,93
257,94
257,95
257,96
257,97
257,98
257,99
257,100
257,101
257,102
257,103
257,104
257,105
257,106
257,107
257,108
257,109
257,110
257,111
257,112
257,113
257,114
257,115
257,116
257,117
257,118
257,119
257,120
257,121
257,122
257,123
257,124
257,125
257,126
257,127
257,128
257,129
257,130
257,131
257,132
257,133
257,134
257,135
257,136
257,137
257,138
257,139
257,140
257,141
257,142
257,143
257,144
257,145
257,146
257,147
257,148
257,149
257,150
257,151
257,152
257,153
257,154
257,155
257,156
257,157
257,158
257,159
257,160
257,161
257,162
257,163
257,164
257,165
257,166
257,167
257,168
257,169
257,170
257,171
257,172
257,173
257,174
257,175
257,176
257,177
257,178
257,179
257,180
257,181
257,182
257,183
257,184
257,185
257,186
257,187
257,188
257,189
257,190
257,191
257,192
257,193
257,194
257,195
257,196
257,197
257,198
257,199
257,200
257,201
257,202
257,203
257,204
257,205
257,206
257,207
257,208
257,209
257,210
257,211
257,212
257,213
257,214
257,215
257,216
257,217
257,218
257,219
257,220
257,221
257,222
257,223
257,224
257,225
257,226
257,227
257,228
257,229
257,230
:231_4,231
:231_4,232
:231_4,233
:231_4,234
:231_4,235
:231_4,236
:231_4,237
-225,238
-225,239
-225,240
-225,241
-225,242
-225,243
-225,244
-225,245
-225,246
-225,247
-225,248
-225,249
-225,250
-225,251
-225,252
-225,253
-225,254
-225,255
-225,256
-225,257
-225,258
-225,259
-225,260
-225,261
-225,262
-225,263
-225,264
-225,265
-225,266
-225,267
-225,268
-225,269
-225,270
-225,271
-225,272
-225,273
-225,274
-225,275
-225,276
-225,277
-225,278
-225,279
-225,280
-225,281
-225,282
-225,283
-225,284
-225,285
-225,286
-225,287
-225,288
-225,289
-225,290
-225,291
-225,292
-225,293
-225,294
-225,295
-225,296
-225,297
-225,298
-225,299
-225,300
-225,301
-225,302
-225,303
-225,304
-225,305
-225,306
-225,307
-225,308
-225,309
-225,310
-225,311
-225,312
-225,313
-225,314
-225,315
-225,316
-225,317
-225,318
-225,319
-225,320
-225,321
-225,322
-225,323
-225,324
-225,325
-225,326
-225,327
-225,328
-225,329
-225,330
-225,331
-225,332
-225,333
-225,334
-225,335
-225,336
-225,337
-225,338
-225,339
-225,340
-225,341
-225,342
-225,343
-225,344
-225,345
-225,346
-225,347
-225,348
-225,349
-225,350
-225,351
-225,352
-225,353
-225,354
-225,355
-225,356
-225,357
-225,358
-225,359
-225,360
-225,361
-225,362
-225,363
-225,364
-225,365
-225,366
-225,367
-225,368
-225,369
-225,370
-225,371
-225,372
-225,373
-225,374
-225,375
-225,376
-225,377
-225,378
-225,379
-225,380
-225,381
-225,382
-225,383
-225,384
-225,385
-225,386
-225,387
-225,388
-225,389
-225,390
-225,391
-225,392
-225,393
-225,394
-225,395
-225,396
-225,397
-225,398
-225,399
-225,400
-225,401
-225,402
-225,403
-225,404
-225,405
-225,406
-225,407
-225,408
-225,409
-225,410
-225,411
-225,412
-225,413
-225,414
-225,415
-225,416
-225,417
-225,418
-225,419
-225,420
-225,421
-225,422
-225,423
-225,424
-225,425
-225,426
-225,427
-225,428
-225,429
-225,430
-225,431
-225,432
-225,433
-225,434
-225,435
-225,436
:227_1,437
:227_1,438
:227_1,439
:227_1,440
:227_1,441
:227_1,442
:227_1,443
222,444
222,445
222,446
222,447
222,448
222,449
222,450
222,451
222,452
222,453
222,454
222,455
222,456
222,457
222,458
222,459
222,460
222,461
222,462
222,463
222,464
222,465
222,466
222,467
222,468
222,469
222,470
222,471
222,472
222,473
222,474
222,475
222,476
222,477
222,478
222,479
222,480
222,481
222,482
222,483
222,484
222,485
222,486
222,487
222,488
222,489
222,490
222,491
222,492
222,493
222,494
222,495
222,496
222,497
222,498
222,499
222,500
222,501
222,502
222,503
222,504
222,505
222,506
222,507
222,508
222,509
222,510
222,511
222,512
222,513
222,514
222,515
222,516
222,517
222,518
222,519
222,520
222,521
222,522
222,523
222,524
222,525
222,526
222,527
222,528
222,529
222,530
222,531
222,532
222,533
222,534
222,535
222,536
222,537
222,538
222,539
222,540
222,541
222,542
222,543
222,544
222,545
222,546
222,547
222,548
222,549
222,550
222,551
222,552
222,553
222,554
222,555
222,556
222,557
222,558
222,559
222,560
222,561
222,562
222,563
222,564
222,565
222,566
222,567
222,568
222,569
222,570
222,571
222,572
222,573
222,574
222,575
222,576
222,577
222,578
222,579
222,580
222,581
222,582
222,583
222,584
222,585
222,586
222,587
222,588
222,589
222,590
222,591
222,592
222,593
222,594
222,595
222,596
222,597
222,598
222,599
222,600
222,601
222,602
222,603
222,604
222,605
222,606
222,607
222,608
222,609
222,610
222,611
222,612
222,613
222,614
222,615
222,616
222,617
222,618
222,619
222,620
222,621
222,622
222,623
222,624
222,625
222,626
222,627
222,628
222,629
222,630
222,631
222,632
222,633
222,634
222,635
222,636
222,637
222,638
222,639
222,640
222,641
222,642
222,643
222,644
222,645
222,646
222,647
222,648
222,649
222,650
222,651
222,652
222,653
222,654
222,655
222,656
222,657
222,658
222,659
222,660
222,661
222,662
222,663
222,664
222,665
222,666
222,667
222,668
222,669
222,670
222,671
222,672
222,673
222,674
222,675
222,676
222,677
222,678
222,679
222,680
222,681
222,682
222,683
222,684
222,685
:228_4,686
:228_4,687
:228_4,688
:228_4,689
:228_4,690
:228_4,691
:228_4,692
223,693
223,694
223,695
223,696
223,697
223,698
223,699
223,700
223,701
223,702
223,703
223,704
223,705
223,706
223,707
223,708
223,709
223,710
223,711
223,712
223,713
223,714
223,715
223,716
223,717
223,718
223,719
223,720
223,721
223,722
223,723
223,724
223,725
223,726
223,727
223,728
223,729
223,730
223,731
223,732
223,733
223,734
223,735
223,736
223,737
223,738
223,739
223,740
223,741
223,742
223,743
223,744
223,745
223,746
223,747
223,748
223,749
223,750
223,751
223,752
223,753
223,754
223,755
223,756
223,757
223,758
223,759
223,760
223,761
223,762
223,763
223,764
223,765
223,766
223,767
223,768
223,769
223,770
223,771
223,772
223,773
223,774
223,775
223,776
223,777
223,778
223,779
223,780
223,781
223,782
223,783
223,784
223,785
223,786
223,787
223,788
223,789
223,790
223,791
223,792
223,793
223,794
223,795
223,796
223,797
223,798
223,799
223,800
223,801
223,802
223,803
223,804
223,805
223,806
223,807
223,808
223,809
223,810
223,811
223,812
223,813
223,814
223,815
223,816
223,817
223,818
223,819
223,820
:229_4,821
:229_4,822
:229_4,823
:229_4,824
:229_4,825
:229_4,826
:229_4,827
:229_4,828
224,829
224,830
224,831
224,832
224,833
224,834
224,835
224,836
224,837
224,838
224,839
224,840
224,841
224,842
224,843
224,844
224,845
224,846
224,847
224,848
224,849
224,850
224,851
224,852
224,853
224,854
224,855
224,856
224,857
224,858
224,859
224,860
224,861
224,862
224,863
224,864
224,865
224,866
224,867
224,868
224,869
224,870
224,871
224,872
224,873
224,874
224,875
224,876
224,877
224,878
224,879
224,880
224,881
224,882
224,883
224,884
224,885
224,886
224,887
224,888
224,889
224,890
224,891
224,892
224,893
224,894
224,895
224,896
224,897
224,898
224,899
224,900
224,901
224,902
224,903
224,904
224,905
224,906
224,907
224,908
224,909
224,910
224,911
224,912
224,913
224,914
224,915
224,916
224,917
224,918
224,919
224,920
224,921
224,922
224,923
224,924
224,925
224,926
224,927
224,928
224,929
224,930
224,931
224,932
224,933
224,934
224,935
224,936
224,937
224,938
224,939
224,940
224,941
224,942
224,943
224,944
224,945
224,946
224,947
:230_1,948
:230_1,949
:230_1,950
:230_1,951
:230_1,952
:230_1,953
:230_1,954
:230_1,955
374,956
374,957
374,958
374,959
374,960
374,961
374,962
374,963
374,964
374,965
257,1
257,2
257,3
257,1
