-161,1
-161,1
-161,1
-161,2
-161,3
-161,4
-161,5
-161,6
-161,7
-161,8
-161,9
-161,10
-161,11
-161,12
-161,13
-161,14
-161,15
-161,16
-161,17
-161,18
-161,19
-161,20
-161,21
-161,22
-161,23
-161,24
-161,25
-161,26
-161,27
-161,28
-161,29
-161,30
-161,31
-161,32
-161,33
-161,34
-161,35
-161,36
-161,37
-161,38
-161,39
-161,40
-161,41
-161,42
-161,43
-161,44
-161,45
-161,46
-161,47
-161,48
-161,49
-161,50
-161,51
-161,52
-161,53
-161,54
-161,55
-161,56
-161,57
-161,58
-161,59
-161,60
-161,61
-161,62
-161,63
-161,64
-161,65
-161,66
-161,67
-161,68
-161,69
-161,70
-161,71
-161,72
-161,73
-161,74
-161,75
-161,76
-161,77
-161,78
-161,79
-161,80
-161,81
-161,82
-161,83
-161,84
-161,85
-161,86
-161,87
-161,88
:175_1,89
:175_1,90
:175_1,91
:175_1,92
:175_1,93
163,94
163,95
163,96
163,97
163,98
163,99
163,100
163,101
163,102
163,103
163,104
163,105
163,106
163,107
163,108
163,109
163,110
163,111
163,112
163,113
163,114
163,115
163,116
163,117
163,118
163,119
163,120
163,121
163,122
163,123
163,124
163,125
163,126
163,127
163,128
163,129
163,130
163,131
163,132
163,133
163,134
163,135
163,136
163,137
163,138
163,139
163,140
163,141
163,142
163,143
163,144
163,145
163,146
163,147
163,148
163,149
163,150
163,151
163,152
163,153
163,154
163,155
163,156
163,157
163,158
163,159
163,160
163,161
163,162
163,163
163,164
163,165
163,166
163,167
163,168
163,169
163,170
163,171
163,172
163,173
163,174
163,175
163,176
163,177
163,178
163,179
163,180
163,181
:177_6,182
:177_6,183
:177_6,184
254,185
254,186
254,187
254,188
254,189
254,190
254,191
254,192
254,193
254,194
254,195
254,196
254,197
254,198
254,199
254,200
254,201
254,202
254,203
254,204
254,205
254,206
254,207
254,208
254,209
254,210
254,211
254,212
254,213
254,214
254,215
254,216
254,217
254,218
254,219
254,220
254,221
254,222
254,223
254,224
254,225
254,226
254,227
254,228
254,229
254,230
254,231
254,232
254,233
254,234
254,235
254,236
254,237
254,238
254,239
254,240
254,241
254,242
254,243
254,244
254,245
254,246
254,247
254,248
254,249
254,250
254,251
254,252
254,253
254,254
254,255
254,256
254,257
254,258
254,259
254,260
254,261
254,262
254,263
254,264
254,265
254,266
254,267
254,268
254,269
254,270
254,271
254,272
254,273
254,274
254,275
254,276
254,277
254,278
:83_12,279
:83_12,280
:83_12,281
:83_12,282
256,283
256,284
256,285
256,286
256,287
256,288
256,289
256,290
256,291
256,292
256,293
256,294
256,295
256,296
256,297
256,298
256,299
256,300
256,301
256,302
256,303
256,304
256,305
256,306
256,307
256,308
256,309
256,310
256,311
256,312
256,313
256,314
256,315
256,316
256,317
256,318
256,319
256,320
256,321
256,322
256,323
256,324
256,325
256,326
256,327
256,328
256,329
256,330
256,331
256,332
256,333
256,334
256,335
256,336
256,337
256,338
256,339
256,340
256,341
256,342
256,343
256,344
256,345
256,346
256,347
256,348
256,349
256,350
256,351
256,352
256,353
256,354
256,355
256,356
256,357
256,358
256,359
256,360
256,361
256,362
256,363
256,364
256,365
256,366
256,367
256,368
256,369
256,370
256,371
256,372
256,373
256,374
256,375
256,376
256,377
256,378
256,379
256,380
256,381
256,382
256,383
256,384
256,385
256,386
256,387
256,388
256,389
256,390
256,391
256,392
256,393
256,394
256,395
256,396
256,397
256,398
256,399
256,400
256,401
256,402
256,403
256,404
256,405
256,406
256,407
256,408
256,409
256,410
256,411
256,412
256,413
256,414
256,415
256,416
256,417
256,418
256,419
256,420
256,421
256,422
256,423
256,424
256,425
256,426
256,427
256,428
256,429
256,430
256,431
256,432
256,433
256,434
256,435
256,436
256,437
256,438
256,439
256,440
256,441
256,442
256,443
256,444
256,445
256,446
256,447
256,448
256,449
256,450
256,451
256,452
256,453
256,454
256,455
256,456
256,457
256,458
256,459
256,460
256,461
256,462
256,463
256,464
256,465
256,466
256,467
256,468
256,469
256,470
256,471
256,472
256,473
256,474
256,475
256,476
256,477
256,478
256,479
256,480
256,481
256,482
256,483
256,484
256,485
256,486
256,487
256,488
256,489
256,490
256,491
256,492
:255_1,493
:255_1,494
:255_1,495
:255_1,496
:255_1,497
498,498
498,499
498,500
498,501
498,502
498,503
498,504
498,505
498,506
498,507
498,508
498,509
498,510
498,511
498,512
498,513
498,514
498,515
498,516
498,517
498,518
498,519
498,520
498,521
498,522
498,523
498,524
498,525
498,526
498,527
498,528
498,529
498,530
498,531
498,532
498,533
498,534
498,535
498,536
498,537
498,538
498,539
498,540
498,541
498,542
498,543
498,544
498,545
498,546
498,547
498,548
498,549
498,550
498,551
498,552
498,553
498,554
498,555
498,556
498,557
498,558
498,559
498,560
498,561
498,562
498,563
498,564
498,565
498,566
498,567
498,568
498,569
498,570
498,571
498,572
498,573
498,574
498,575
498,576
498,577
498,578
498,579
498,580
498,581
498,582
498,583
498,584
498,585
498,586
498,587
:171_1,588
:171_1,589
:171_1,590
:171_1,591
:171_1,592
156,593
156,594
156,595
156,596
156,597
156,598
156,599
156,600
156,601
156,602
156,603
156,604
156,605
156,606
156,607
156,608
156,609
156,610
156,611
156,612
156,613
156,614
156,615
156,616
156,617
156,618
156,619
156,620
156,621
156,622
156,623
156,624
156,625
156,626
156,627
156,628
156,629
156,630
156,631
156,632
156,633
156,634
156,635
156,636
156,637
156,638
156,639
156,640
156,641
156,642
156,643
156,644
156,645
156,646
156,647
156,648
156,649
156,650
156,651
156,652
156,653
156,654
156,655
156,656
156,657
156,658
156,659
156,660
156,661
156,662
156,663
156,664
156,665
156,666
156,667
156,668
156,669
156,670
156,671
:172_0,672
:172_0,673
:172_0,674
:172_0,675
295,676
295,677
295,678
295,679
295,680
295,681
295,682
295,683
295,684
295,685
295,686
295,687
295,688
295,689
295,690
295,691
295,692
295,693
295,694
295,695
295,696
295,697
295,698
295,699
295,700
295,701
295,702
295,703
295,704
295,705
295,706
295,707
295,708
295,709
295,710
295,711
295,712
295,713
295,714
295,715
295,716
295,717
295,718
295,719
295,720
295,721
295,722
295,723
295,724
295,725
295,726
295,727
295,728
295,729
295,730
295,731
295,732
295,733
295,734
295,735
295,736
295,737
295,738
295,739
295,740
295,741
295,742
295,743
295,744
295,745
295,746
295,747
295,748
295,749
295,750
295,751
295,752
295,753
295,754
295,755
295,756
295,757
295,758
295,759
295,760
295,761
295,762
295,763
295,764
295,765
295,766
295,767
295,768
295,769
295,770
295,771
295,772
295,773
295,774
295,775
295,776
295,777
295,778
295,779
295,780
295,781
295,782
295,783
295,784
295,785
295,786
295,787
295,788
295,789
295,790
295,791
295,792
295,793
295,794
295,795
295,796
295,797
295,798
295,799
295,800
295,801
295,802
295,803
295,804
295,805
295,806
295,807
295,808
295,809
295,810
295,811
295,812
295,813
295,814
295,815
295,816
295,817
295,818
295,819
295,820
295,821
295,822
295,823
295,824
295,825
295,826
295,827
295,828
295,829
295,830
295,831
295,832
295,833
295,834
295,835
295,836
295,837
295,838
295,839
295,840
295,841
295,842
295,843
295,844
295,845
295,846
295,847
295,848
295,849
295,850
295,851
295,852
295,853
295,854
295,855
295,856
295,857
295,858
295,859
295,860
295,861
295,862
295,863
295,864
295,865
295,866
295,867
295,868
295,869
295,870
295,871
295,872
295,873
295,874
295,875
295,876
295,877
295,878
295,879
295,880
295,881
295,882
295,883
295,884
295,885
295,886
295,887
295,888
295,889
295,890
295,891
295,892
295,893
295,894
295,895
295,896
295,897
295,898
295,899
295,900
295,901
295,902
295,903
295,904
295,905
295,906
295,907
295,908
295,909
295,910
295,911
295,912
295,913
295,914
295,915
295,916
295,917
295,918
295,919
:216_0,920
:216_0,921
:216_0,922
:216_0,923
:216_0,924
:216_0,925
-209,926
-209,927
-209,928
-209,929
-209,930
-209,931
-209,932
-209,933
-209,934
-209,935
-209,936
-209,937
-209,938
-209,939
-209,940
-209,941
-209,942
-209,943
-209,944
-209,945
-209,946
-209,947
-209,948
-209,949
-209,950
-209,951
-209,952
-209,953
-209,954
-209,955
-209,956
-209,957
-209,958
-209,959
-209,960
-209,961
-209,962
-209,963
-209,964
-209,965
-161,1
-161,2
-161,3
-161,1
