180,1
180,1
180,1
180,2
180,3
180,4
180,5
180,6
180,7
180,8
180,9
180,10
180,11
180,12
180,13
180,14
180,15
180,16
180,17
180,18
180,19
180,20
180,21
180,22
180,23
180,24
180,25
180,26
180,27
180,28
180,29
180,30
180,31
180,32
180,33
180,34
180,35
180,36
180,37
180,38
180,39
180,40
180,41
180,42
180,43
180,44
180,45
180,46
180,47
180,48
180,49
180,50
180,51
180,52
180,53
180,54
180,55
180,56
180,57
180,58
180,59
180,60
180,61
180,62
180,63
180,64
180,65
180,66
180,67
180,68
180,69
180,70
180,71
180,72
180,73
180,74
180,75
180,76
180,77
180,78
180,79
180,80
180,81
180,82
180,83
180,84
180,85
180,86
180,87
180,88
:193_1,89
:193_1,90
:193_1,91
:193_1,92
:193_1,93
:193_1,94
:193_1,95
-412,96
-412,97
-412,98
-412,99
-412,100
-412,101
-412,102
-412,103
-412,104
-412,105
-412,106
-412,107
-412,108
-412,109
-412,110
-412,111
-412,112
-412,113
-412,114
-412,115
-412,116
-412,117
-412,118
-412,119
-412,120
-412,121
-412,122
-412,123
-412,124
-412,125
-412,126
-412,127
-412,128
-412,129
-412,130
-412,131
-412,132
-412,133
-412,134
-412,135
-412,136
-412,137
-412,138
-412,139
-412,140
-412,141
-412,142
-412,143
-412,144
-412,145
-412,146
-412,147
-412,148
-412,149
-412,150
-412,151
-412,152
-412,153
-412,154
-412,155
-412,156
-412,157
-412,158
-412,159
-412,160
-412,161
-412,162
-412,163
-412,164
-412,165
-412,166
-412,167
-412,168
-412,169
-412,170
-412,171
-412,172
-412,173
-412,174
-412,175
-412,176
-412,177
-412,178
-412,179
-412,180
-412,181
-412,182
-412,183
-412,184
-412,185
-412,186
-412,187
-412,188
-412,189
:365_1,190
:365_1,191
:365_1,192
:365_1,193
:365_1,194
414,195
414,196
414,197
414,198
414,199
414,200
414,201
414,202
414,203
414,204
414,205
414,206
414,207
414,208
414,209
414,210
414,211
414,212
414,213
414,214
414,215
414,216
414,217
414,218
414,219
414,220
414,221
414,222
414,223
414,224
414,225
414,226
414,227
414,228
414,229
414,230
414,231
414,232
414,233
414,234
414,235
414,236
414,237
414,238
414,239
414,240
414,241
414,242
414,243
414,244
414,245
414,246
414,247
414,248
414,249
414,250
414,251
414,252
414,253
414,254
414,255
414,256
414,257
414,258
414,259
414,260
414,261
414,262
414,263
414,264
414,265
414,266
414,267
414,268
414,269
414,270
414,271
414,272
414,273
414,274
414,275
414,276
414,277
414,278
414,279
414,280
414,281
414,282
414,283
414,284
414,285
414,286
414,287
414,288
414,289
414,290
414,291
414,292
414,293
414,294
414,295
414,296
414,297
414,298
414,299
414,300
414,301
414,302
414,303
414,304
414,305
414,306
414,307
414,308
414,309
414,310
414,311
414,312
414,313
414,314
414,315
414,316
414,317
414,318
414,319
414,320
414,321
414,322
414,323
414,324
414,325
414,326
414,327
414,328
414,329
:336_1,330
:336_1,331
:336_1,332
:336_1,333
:336_1,334
-367,335
-367,336
-367,337
-367,338
-367,339
-367,340
-367,341
-367,342
-367,343
-367,344
-367,345
-367,346
-367,347
-367,348
-367,349
-367,350
-367,351
-367,352
-367,353
-367,354
-367,355
-367,356
-367,357
-367,358
-367,359
-367,360
-367,361
-367,362
-367,363
-367,364
-367,365
-367,366
-367,367
-367,368
-367,369
-367,370
-367,371
-367,372
-367,373
-367,374
-367,375
-367,376
-367,377
-367,378
-367,379
-367,380
-367,381
-367,382
-367,383
-367,384
-367,385
-367,386
-367,387
-367,388
-367,389
-367,390
-367,391
-367,392
-367,393
-367,394
-367,395
:138_1,396
:138_1,397
:138_1,398
:138_1,399
:138_1,400
-120,401
-120,402
-120,403
-120,404
-120,405
-120,406
-120,407
-120,408
-120,409
-120,410
-120,411
-120,412
-120,413
-120,414
-120,415
-120,416
-120,417
-120,418
-120,419
-120,420
-120,421
-120,422
-120,423
-120,424
-120,425
-120,426
-120,427
-120,428
-120,429
-120,430
-120,431
-120,432
-120,433
-120,434
-120,435
-120,436
-120,437
-120,438
-120,439
-120,440
-120,441
-120,442
-120,443
-120,444
-120,445
-120,446
-120,447
-120,448
-120,449
-120,450
-120,451
-120,452
-120,453
-120,454
-120,455
-120,456
-120,457
-120,458
-120,459
-120,460
-120,461
-120,462
-120,463
-120,464
-120,465
-120,466
-120,467
-120,468
-120,469
-120,470
-120,471
-120,472
-120,473
-120,474
-120,475
-120,476
-120,477
-120,478
-120,479
-120,480
-120,481
-120,482
-120,483
-120,484
-120,485
-120,486
-120,487
-120,488
-120,489
-120,490
-120,491
-120,492
-120,493
-120,494
-120,495
-120,496
-120,497
-120,498
-120,499
-120,500
-120,501
-120,502
-120,503
-120,504
-120,505
-120,506
-120,507
-120,508
-120,509
-120,510
-120,511
-120,512
-120,513
-120,514
-120,515
-120,516
-120,517
-120,518
-120,519
-120,520
:137_4,521
:137_4,522
:137_4,523
:137_4,524
:137_4,525
122,526
122,527
122,528
122,529
122,530
122,531
122,532
122,533
122,534
122,535
122,536
122,537
122,538
122,539
122,540
122,541
122,542
122,543
122,544
122,545
122,546
122,547
122,548
122,549
122,550
122,551
122,552
122,553
122,554
122,555
122,556
122,557
122,558
122,559
122,560
122,561
122,562
122,563
122,564
122,565
122,566
122,567
122,568
122,569
122,570
122,571
122,572
122,573
122,574
122,575
122,576
122,577
122,578
122,579
122,580
122,581
122,582
122,583
122,584
122,585
122,586
122,587
122,588
122,589
122,590
122,591
122,592
122,593
122,594
122,595
122,596
122,597
122,598
122,599
122,600
122,601
122,602
122,603
122,604
122,605
122,606
122,607
122,608
:60_6,609
:60_6,610
:60_6,611
:60_6,612
:60_6,613
-52,614
-52,615
-52,616
-52,617
-52,618
-52,619
-52,620
-52,621
-52,622
-52,623
-52,624
-52,625
-52,626
-52,627
-52,628
-52,629
-52,630
-52,631
-52,632
-52,633
-52,634
-52,635
-52,636
-52,637
-52,638
-52,639
-52,640
-52,641
-52,642
-52,643
-52,644
-52,645
-52,646
-52,647
-52,648
-52,649
-52,650
-52,651
-52,652
-52,653
-52,654
-52,655
-52,656
-52,657
-52,658
-52,659
-52,660
-52,661
-52,662
-52,663
-52,664
-52,665
-52,666
-52,667
-52,668
-52,669
-52,670
-52,671
-52,672
-52,673
-52,674
-52,675
-52,676
-52,677
-52,678
-52,679
-52,680
-52,681
-52,682
-52,683
-52,684
-52,685
-52,686
-52,687
-52,688
-52,689
-52,690
-52,691
-52,692
-52,693
-52,694
-52,695
-52,696
-52,697
-52,698
-52,699
-52,700
-52,701
-52,702
-52,703
-52,704
-52,705
-52,706
-52,707
-52,708
-52,709
-52,710
-52,711
-52,712
-52,713
-52,714
-52,715
-52,716
-52,717
-52,718
-52,719
-52,720
-52,721
-52,722
-52,723
-52,724
-52,725
-52,726
-52,727
-52,728
-52,729
-52,730
-52,731
-52,732
-52,733
-52,734
-52,735
-52,736
-52,737
-52,738
-52,739
-52,740
-52,741
-52,742
-52,743
-52,744
-52,745
-52,746
-52,747
-52,748
-52,749
-52,750
-52,751
-52,752
-52,753
-52,754
-52,755
-52,756
-52,757
-52,758
-52,759
-52,760
-52,761
:58_0,762
:58_0,763
:58_0,764
:58_0,765
56,766
56,767
56,768
56,769
56,770
56,771
56,772
56,773
56,774
56,775
56,776
56,777
56,778
56,779
56,780
56,781
56,782
56,783
56,784
56,785
56,786
56,787
56,788
56,789
56,790
56,791
56,792
56,793
56,794
56,795
56,796
56,797
56,798
56,799
56,800
56,801
56,802
56,803
56,804
56,805
56,806
56,807
56,808
56,809
56,810
56,811
56,812
56,813
56,814
56,815
56,816
56,817
56,818
56,819
56,820
56,821
56,822
56,823
56,824
56,825
56,826
56,827
56,828
56,829
56,830
56,831
56,832
56,833
56,834
56,835
56,836
56,837
56,838
56,839
56,840
56,841
56,842
56,843
56,844
56,845
56,846
56,847
56,848
56,849
56,850
56,851
56,852
56,853
56,854
56,855
56,856
56,857
56,858
56,859
56,860
56,861
56,862
56,863
56,864
56,865
56,866
56,867
56,868
56,869
56,870
56,871
56,872
56,873
56,874
56,875
56,876
56,877
56,878
56,879
56,880
56,881
56,882
56,883
56,884
56,885
56,886
56,887
56,888
56,889
56,890
56,891
56,892
56,893
56,894
56,895
56,896
56,897
56,898
56,899
56,900
56,901
56,902
:64_1,903
:64_1,904
:64_1,905
:64_1,906
:64_1,907
569,908
569,909
569,910
569,911
569,912
569,913
569,914
569,915
569,916
569,917
569,918
569,919
569,920
569,921
569,922
569,923
569,924
569,925
569,926
569,927
569,928
569,929
569,930
569,931
569,932
569,933
569,934
569,935
569,936
569,937
569,938
569,939
569,940
569,941
569,942
569,943
569,944
569,945
569,946
569,947
569,948
569,949
569,950
569,951
569,952
569,953
569,954
569,955
569,956
569,957
569,958
569,959
569,960
569,961
569,962
569,963
569,964
569,965
180,1
180,2
180,3
180,1
