-274,1
-274,1
-274,1
-274,2
-274,3
-274,4
-274,5
-274,6
-274,7
-274,8
-274,9
-274,10
-274,11
-274,12
-274,13
-274,14
-274,15
-274,16
-274,17
-274,18
-274,19
-274,20
-274,21
-274,22
-274,23
-274,24
-274,25
-274,26
-274,27
-274,28
-274,29
-274,30
-274,31
-274,32
-274,33
-274,34
-274,35
-274,36
-274,37
-274,38
-274,39
-274,40
-274,41
-274,42
-274,43
-274,44
-274,45
-274,46
-274,47
-274,48
-274,49
-274,50
-274,51
-274,52
-274,53
-274,54
-274,55
-274,56
-274,57
-274,58
-274,59
-274,60
-274,61
-274,62
-274,63
-274,64
-274,65
-274,66
-274,67
-274,68
-274,69
-274,70
-274,71
-274,72
-274,73
-274,74
-274,75
-274,76
-274,77
-274,78
-274,79
-274,80
-274,81
-274,82
-274,83
-274,84
-274,85
-274,86
-274,87
-274,88
-274,89
-274,90
-274,91
-274,92
:265_2,93
:265_2,94
:265_2,95
:265_16,96
:265_16,97
:265_16,98
:265_16,99
:265_16,100
273,101
273,102
273,103
273,104
273,105
273,106
273,107
273,108
273,109
273,110
273,111
273,112
273,113
273,114
273,115
273,116
273,117
273,118
273,119
273,120
273,121
273,122
273,123
273,124
273,125
273,126
273,127
273,128
273,129
273,130
273,131
273,132
273,133
273,134
273,135
273,136
273,137
273,138
273,139
273,140
273,141
273,142
273,143
273,144
273,145
273,146
273,147
:266_6,148
:266_6,149
:266_6,150
372,151
372,152
372,153
372,154
372,155
372,156
372,157
372,158
372,159
372,160
372,161
372,162
372,163
372,164
372,165
372,166
372,167
372,168
372,169
372,170
372,171
372,172
372,173
372,174
372,175
372,176
372,177
372,178
372,179
372,180
372,181
372,182
372,183
372,184
372,185
372,186
372,187
372,188
372,189
372,190
372,191
372,192
372,193
372,194
372,195
372,196
372,197
372,198
372,199
372,200
372,201
372,202
372,203
372,204
372,205
372,206
372,207
372,208
372,209
372,210
372,211
372,212
372,213
372,214
372,215
372,216
372,217
372,218
372,219
372,220
372,221
372,222
372,223
372,224
372,225
372,226
372,227
372,228
372,229
372,230
372,231
372,232
372,233
372,234
372,235
372,236
372,237
372,238
372,239
372,240
372,241
372,242
372,243
372,244
372,245
372,246
372,247
372,248
372,249
372,250
372,251
372,252
372,253
372,254
372,255
372,256
372,257
372,258
372,259
372,260
372,261
372,262
372,263
372,264
372,265
372,266
372,267
372,268
372,269
372,270
372,271
372,272
372,273
372,274
372,275
372,276
372,277
372,278
372,279
372,280
372,281
372,282
372,283
:155_5,284
:155_5,285
:155_5,286
:155_5,287
:155_5,288
:155_5,289
:155_5,290
:155_5,291
:155_5,292
:155_5,293
-139,294
-139,295
-139,296
-139,297
-139,298
-139,299
-139,300
-139,301
-139,302
-139,303
-139,304
-139,305
-139,306
-139,307
-139,308
-139,309
-139,310
-139,311
-139,312
-139,313
-139,314
-139,315
-139,316
-139,317
-139,318
-139,319
-139,320
-139,321
-139,322
-139,323
-139,324
-139,325
-139,326
-139,327
-139,328
-139,329
-139,330
-139,331
-139,332
-139,333
-139,334
-139,335
-139,336
-139,337
-139,338
-139,339
-139,340
-139,341
-139,342
-139,343
-139,344
-139,345
-139,346
-139,347
-139,348
-139,349
-139,350
-139,351
-139,352
-139,353
-139,354
-139,355
-139,356
-139,357
-139,358
-139,359
-274,1
-274,2
-274,3
-274,1
