687,1
687,1
687,1
687,2
687,3
687,4
687,5
687,6
687,7
687,8
687,9
687,10
687,11
687,12
687,13
687,14
687,15
687,16
687,17
687,18
687,19
687,20
687,21
687,22
687,23
687,24
687,25
687,26
687,27
687,28
687,29
687,30
687,31
687,32
687,33
687,34
687,35
687,36
687,37
687,38
687,39
687,40
687,41
687,42
687,43
687,44
687,45
687,46
687,47
687,48
687,49
687,50
687,51
687,52
687,53
687,54
687,55
:56_10,56
:56_10,57
:56_10,58
-48,59
-48,60
-48,61
-48,62
-48,63
-48,64
-48,65
-48,66
-48,67
-48,68
-48,69
-48,70
-48,71
-48,72
-48,73
-48,74
-48,75
-48,76
-48,77
-48,78
-48,79
-48,80
-48,81
-48,82
-48,83
-48,84
-48,85
-48,86
-48,87
-48,88
-48,89
-48,90
-48,91
-48,92
-48,93
-48,94
-48,95
-48,96
-48,97
-48,98
-48,99
-48,100
-48,101
-48,102
-48,103
-48,104
-48,105
-48,106
-48,107
-48,108
-48,109
-48,110
-48,111
-48,112
-48,113
-48,114
-48,115
-48,116
-48,117
-48,118
-48,119
-48,120
-48,121
-48,122
-48,123
-48,124
-48,125
-48,126
-48,127
-48,128
-48,129
-48,130
-48,131
-48,132
-48,133
-48,134
-48,135
-48,136
-48,137
-48,138
-48,139
-48,140
-48,141
-48,142
-48,143
-48,144
-48,145
-48,146
-48,147
-48,148
-48,149
-48,150
-48,151
-48,152
-48,153
-48,154
-48,155
-48,156
-48,157
-48,158
-48,159
-48,160
-48,161
-48,162
-48,163
-48,164
-48,165
-48,166
-48,167
-48,168
-48,169
-48,170
-48,171
-48,172
-48,173
-48,174
-48,175
-48,176
-48,177
-48,178
-48,179
-48,180
-48,181
-48,182
-48,183
-48,184
-48,185
-48,186
-48,187
-48,188
-48,189
-48,190
-48,191
-48,192
-48,193
-48,194
-48,195
-48,196
-48,197
-48,198
-48,199
-48,200
-48,201
-48,202
:52_2,203
:52_2,204
:52_16,205
:52_16,206
:52_16,207
47,208
47,209
47,210
47,211
47,212
47,213
47,214
47,215
47,216
47,217
47,218
47,219
47,220
47,221
47,222
47,223
47,224
47,225
47,226
47,227
47,228
47,229
47,230
47,231
47,232
47,233
47,234
47,235
47,236
47,237
47,238
47,239
47,240
47,241
47,242
47,243
47,244
47,245
47,246
47,247
47,248
47,249
47,250
47,251
47,252
47,253
47,254
47,255
47,256
47,257
47,258
47,259
47,260
47,261
47,262
47,263
47,264
47,265
47,266
47,267
47,268
47,269
47,270
47,271
47,272
47,273
47,274
47,275
47,276
47,277
47,278
47,279
47,280
47,281
47,282
47,283
47,284
47,285
47,286
47,287
47,288
47,289
47,290
47,291
47,292
47,293
47,294
47,295
47,296
-316,297
-316,298
-316,299
-316,300
-316,301
-316,302
-316,303
-316,304
-316,305
-316,306
-316,307
-316,308
-316,309
-316,310
-316,311
-316,312
-316,313
-316,314
-316,315
-316,316
-316,317
-316,318
-316,319
-316,320
-316,321
-316,322
-316,323
-316,324
-316,325
-316,326
-316,327
-316,328
-316,329
-316,330
-316,331
-316,332
-316,333
-316,334
-316,335
-316,336
-316,337
-316,338
-316,339
-316,340
-316,341
-316,342
-316,343
-316,344
-316,345
-316,346
-316,347
-316,348
-316,349
-316,350
-316,351
-316,352
-316,353
-316,354
-316,355
-316,356
-316,357
-316,358
-316,359
-316,360
-316,361
-316,362
-316,363
-316,364
-316,365
-316,366
-316,367
-316,368
-316,369
-316,370
-316,371
-316,372
-316,373
-316,374
-316,375
-316,376
-316,377
-316,378
-316,379
-316,380
-316,381
-316,382
-316,383
-316,384
-316,385
-316,386
-316,387
-316,388
-316,389
-316,390
-316,391
-316,392
-316,393
:226_0,394
:226_0,395
:226_0,396
:226_0,397
:226_0,398
:226_0,399
-221,400
-221,401
-221,402
-221,403
-221,404
-221,405
-221,406
-221,407
-221,408
-221,409
-221,410
-221,411
-221,412
-221,413
-221,414
-221,415
-221,416
-221,417
-221,418
-221,419
-221,420
-221,421
-221,422
-221,423
-221,424
-221,425
-221,426
-221,427
-221,428
-221,429
-221,430
-221,431
-221,432
-221,433
-221,434
-221,435
-221,436
-221,437
-221,438
-221,439
-221,440
-221,441
-221,442
-221,443
-221,444
-221,445
-221,446
-221,447
-221,448
-221,449
-221,450
-221,451
-221,452
-221,453
-221,454
-221,455
-221,456
-221,457
-221,458
-221,459
-221,460
-221,461
-221,462
-221,463
-221,464
-221,465
-221,466
-221,467
-221,468
-221,469
-221,470
-221,471
-221,472
-221,473
-221,474
-221,475
-221,476
-221,477
-221,478
-221,479
-221,480
-221,481
-221,482
-221,483
-221,484
-221,485
-221,486
-221,487
-221,488
-221,489
-221,490
-221,491
-221,492
-221,493
-221,494
-221,495
:221_1,496
:221_1,497
:221_1,498
:221_1,499
:221_1,500
219,501
219,502
219,503
219,504
219,505
219,506
219,507
219,508
219,509
219,510
219,511
219,512
219,513
219,514
219,515
219,516
219,517
219,518
219,519
219,520
219,521
219,522
219,523
219,524
219,525
219,526
219,527
219,528
219,529
219,530
219,531
219,532
219,533
219,534
219,535
219,536
219,537
219,538
219,539
219,540
219,541
219,542
219,543
219,544
219,545
219,546
219,547
219,548
219,549
219,550
219,551
219,552
219,553
219,554
219,555
219,556
219,557
219,558
219,559
219,560
219,561
219,562
219,563
219,564
219,565
219,566
219,567
219,568
219,569
219,570
219,571
219,572
219,573
219,574
219,575
219,576
219,577
219,578
219,579
219,580
219,581
219,582
219,583
219,584
219,585
219,586
219,587
219,588
219,589
219,590
219,591
219,592
219,593
219,594
219,595
219,596
219,597
:225_1,598
:225_1,599
:225_1,600
:225_1,601
:225_1,602
:225_1,603
-587,604
-587,605
-587,606
-587,607
-587,608
-587,609
-587,610
-587,611
-587,612
-587,613
-587,614
-587,615
-587,616
-587,617
-587,618
-587,619
-587,620
-587,621
-587,622
-587,623
-587,624
-587,625
-587,626
-587,627
-587,628
-587,629
-587,630
-587,631
-587,632
-587,633
-587,634
-587,635
-587,636
-587,637
-587,638
-587,639
-587,640
-587,641
-587,642
-587,643
-587,644
-587,645
-587,646
-587,647
-587,648
-587,649
-587,650
-587,651
-587,652
-587,653
-587,654
-587,655
-587,656
-587,657
-587,658
-587,659
-587,660
-587,661
-587,662
-587,663
-587,664
-587,665
-587,666
-587,667
-587,668
-587,669
-587,670
-587,671
-587,672
-587,673
-587,674
-587,675
-587,676
-587,677
-587,678
-587,679
-587,680
-587,681
-587,682
-587,683
-587,684
-587,685
-587,686
-587,687
-587,688
-587,689
-587,690
-587,691
:376_1,692
:376_1,693
:376_1,694
:376_1,695
:376_1,696
:376_1,697
-432,698
-432,699
-432,700
-432,701
-432,702
-432,703
-432,704
-432,705
-432,706
-432,707
-432,708
-432,709
-432,710
-432,711
-432,712
-432,713
-432,714
-432,715
-432,716
-432,717
-432,718
-432,719
-432,720
-432,721
-432,722
-432,723
-432,724
-432,725
-432,726
-432,727
-432,728
-432,729
-432,730
-432,731
-432,732
-432,733
-432,734
-432,735
-432,736
-432,737
-432,738
-432,739
-432,740
-432,741
-432,742
-432,743
-432,744
-432,745
-432,746
-432,747
-432,748
-432,749
-432,750
-432,751
-432,752
-432,753
-432,754
-432,755
-432,756
-432,757
-432,758
-432,759
-432,760
-432,761
-432,762
-432,763
-432,764
-432,765
-432,766
-432,767
-432,768
-432,769
-432,770
-432,771
-432,772
-432,773
-432,774
:121_1,775
:121_1,776
:121_1,777
:121_1,778
:121_1,779
-105,780
-105,781
-105,782
-105,783
-105,784
-105,785
-105,786
-105,787
-105,788
-105,789
-105,790
-105,791
-105,792
-105,793
-105,794
-105,795
-105,796
-105,797
-105,798
-105,799
-105,800
-105,801
-105,802
-105,803
-105,804
-105,805
-105,806
-105,807
-105,808
-105,809
-105,810
-105,811
-105,812
-105,813
-105,814
-105,815
-105,816
-105,817
-105,818
-105,819
-105,820
-105,821
-105,822
-105,823
-105,824
-105,825
-105,826
-105,827
-105,828
-105,829
-105,830
-105,831
-105,832
-105,833
-105,834
-105,835
-105,836
-105,837
-105,838
-105,839
-105,840
-105,841
-105,842
-105,843
-105,844
-105,845
-105,846
-105,847
-105,848
-105,849
-105,850
-105,851
-105,852
-105,853
-105,854
-105,855
-105,856
-105,857
-105,858
-105,859
-105,860
-105,861
-105,862
-105,863
-105,864
-105,865
-105,866
-105,867
-105,868
-105,869
:119_14,870
:119_14,871
:119_14,872
:119_14,873
:119_14,874
:119_14,875
:119_14,876
103,877
103,878
103,879
103,880
103,881
103,882
103,883
103,884
103,885
103,886
103,887
103,888
103,889
103,890
103,891
103,892
103,893
103,894
103,895
103,896
103,897
103,898
103,899
103,900
103,901
103,902
103,903
103,904
103,905
103,906
103,907
103,908
103,909
103,910
103,911
103,912
103,913
103,914
103,915
103,916
103,917
103,918
103,919
103,920
103,921
103,922
103,923
103,924
103,925
103,926
103,927
103,928
103,929
103,930
103,931
103,932
103,933
103,934
103,935
103,936
103,937
103,938
103,939
103,940
103,941
103,942
103,943
103,944
103,945
103,946
103,947
103,948
103,949
103,950
103,951
103,952
103,953
103,954
103,955
103,956
103,957
103,958
103,959
103,960
103,961
103,962
103,963
103,964
103,965
687,1
687,2
687,3
687,1
