372,1
372,1
372,1
372,2
372,3
372,4
372,5
372,6
372,7
372,8
372,9
372,10
372,11
372,12
372,13
372,14
372,15
372,16
372,17
372,18
372,19
372,20
372,21
372,22
372,23
372,24
372,25
372,26
372,27
372,28
372,29
372,30
372,31
372,32
372,33
372,34
372,35
372,36
372,37
372,38
372,39
372,40
372,41
372,42
372,43
372,44
372,45
372,46
372,47
372,48
372,49
372,50
372,51
372,52
372,53
372,54
372,55
372,56
372,57
372,58
372,59
372,60
372,61
372,62
372,63
372,64
372,65
372,66
372,67
372,68
372,69
372,70
372,71
372,72
372,73
372,74
372,75
372,76
372,77
372,78
372,79
372,80
372,81
372,82
372,83
372,84
372,85
372,86
372,87
372,88
372,89
372,90
372,91
372,92
372,93
372,94
372,95
372,96
372,97
372,98
372,99
372,100
372,101
372,102
372,103
372,104
372,105
372,106
372,107
372,108
372,109
372,110
372,111
372,112
372,113
372,114
372,115
372,116
372,117
372,118
372,119
372,120
372,121
372,122
372,123
372,124
372,125
372,126
372,127
372,128
372,129
372,130
372,131
372,132
372,133
372,134
372,135
372,136
372,137
372,138
372,139
372,140
372,141
372,142
372,143
372,144
372,145
372,146
372,147
372,148
372,149
372,150
372,151
372,152
372,153
372,154
372,155
372,156
372,157
372,158
372,159
372,160
372,161
372,162
372,163
372,164
372,165
372,166
372,167
372,168
372,169
372,170
372,171
372,172
372,173
372,174
372,175
372,176
372,177
372,178
372,179
372,180
372,181
372,182
372,183
372,184
:155_5,185
:155_5,186
:155_5,187
:155_5,188
:155_5,189
:155_5,190
:155_5,191
:155_5,192
:155_5,193
:155_5,194
:155_5,195
:155_5,196
:155_5,197
-139,198
-139,199
-139,200
-139,201
-139,202
-139,203
-139,204
-139,205
-139,206
-139,207
-139,208
-139,209
-139,210
-139,211
-139,212
-139,213
-139,214
-139,215
-139,216
-139,217
-139,218
-139,219
-139,220
-139,221
-139,222
-139,223
-139,224
-139,225
-139,226
-139,227
-139,228
-139,229
-139,230
-139,231
-139,232
-139,233
-139,234
-139,235
-139,236
-139,237
-139,238
-139,239
-139,240
-139,241
-139,242
-139,243
-139,244
-139,245
-139,246
-139,247
-139,248
-139,249
-139,250
-139,251
-139,252
-139,253
-139,254
-139,255
-139,256
-139,257
-139,258
-139,259
-139,260
-139,261
-139,262
-139,263
-139,264
-139,265
-139,266
-139,267
-139,268
-139,269
-139,270
-139,271
-139,272
-139,273
-139,274
-139,275
-139,276
-139,277
-139,278
-139,279
-139,280
-139,281
-139,282
-139,283
-139,284
-139,285
-139,286
-139,287
-139,288
-139,289
-139,290
:153_4,291
:153_4,292
:153_4,293
:153_4,294
138,295
138,296
138,297
138,298
138,299
138,300
138,301
138,302
138,303
138,304
138,305
138,306
138,307
138,308
138,309
138,310
138,311
138,312
138,313
138,314
138,315
138,316
138,317
138,318
138,319
138,320
138,321
138,322
138,323
138,324
138,325
138,326
138,327
138,328
138,329
138,330
138,331
138,332
138,333
138,334
138,335
138,336
138,337
138,338
138,339
138,340
138,341
138,342
138,343
138,344
138,345
138,346
138,347
138,348
138,349
138,350
138,351
138,352
138,353
138,354
138,355
138,356
138,357
138,358
138,359
138,360
138,361
138,362
138,363
138,364
138,365
138,366
138,367
138,368
138,369
138,370
138,371
138,372
138,373
138,374
138,375
138,376
138,377
138,378
138,379
138,380
138,381
138,382
138,383
138,384
138,385
138,386
138,387
138,388
138,389
138,390
138,391
138,392
138,393
138,394
138,395
138,396
138,397
138,398
138,399
138,400
138,401
138,402
138,403
138,404
138,405
138,406
138,407
138,408
138,409
138,410
138,411
138,412
138,413
138,414
138,415
138,416
138,417
138,418
138,419
:154_6,420
:154_6,421
:154_6,422
:154_6,423
563,424
563,425
563,426
563,427
563,428
563,429
563,430
563,431
563,432
563,433
563,434
563,435
563,436
563,437
563,438
563,439
563,440
563,441
563,442
563,443
563,444
563,445
563,446
563,447
563,448
563,449
563,450
563,451
563,452
563,453
563,454
563,455
563,456
563,457
563,458
563,459
563,460
563,461
563,462
563,463
563,464
563,465
563,466
563,467
563,468
563,469
563,470
563,471
563,472
563,473
563,474
563,475
563,476
563,477
563,478
563,479
563,480
563,481
563,482
563,483
563,484
563,485
563,486
563,487
563,488
563,489
563,490
563,491
563,492
563,493
563,494
563,495
563,496
563,497
563,498
563,499
563,500
563,501
563,502
563,503
563,504
563,505
563,506
563,507
563,508
563,509
563,510
563,511
563,512
563,513
563,514
563,515
563,516
563,517
563,518
563,519
563,520
563,521
563,522
563,523
563,524
563,525
563,526
563,527
563,528
563,529
563,530
563,531
563,532
563,533
563,534
563,535
563,536
563,537
563,538
563,539
563,540
563,541
563,542
563,543
563,544
563,545
563,546
563,547
563,548
563,549
563,550
563,551
563,552
563,553
563,554
563,555
563,556
563,557
563,558
563,559
563,560
563,561
563,562
563,563
563,564
563,565
563,566
563,567
563,568
563,569
563,570
563,571
563,572
563,573
563,574
563,575
563,576
563,577
563,578
563,579
563,580
563,581
563,582
563,583
563,584
563,585
563,586
563,587
563,588
563,589
563,590
563,591
563,592
563,593
563,594
563,595
563,596
563,597
563,598
563,599
563,600
563,601
563,602
563,603
563,604
563,605
563,606
563,607
563,608
563,609
563,610
563,611
563,612
563,613
563,614
563,615
563,616
563,617
563,618
563,619
563,620
563,621
563,622
563,623
563,624
563,625
563,626
563,627
563,628
563,629
563,630
563,631
563,632
563,633
563,634
563,635
563,636
563,637
563,638
563,639
563,640
563,641
563,642
563,643
563,644
563,645
563,646
563,647
563,648
563,649
563,650
563,651
563,652
563,653
563,654
563,655
563,656
563,657
563,658
563,659
563,660
563,661
563,662
563,663
563,664
563,665
563,666
563,667
563,668
563,669
563,670
563,671
563,672
563,673
563,674
563,675
563,676
563,677
563,678
563,679
563,680
563,681
563,682
563,683
563,684
563,685
563,686
563,687
563,688
563,689
563,690
563,691
563,692
563,693
563,694
563,695
563,696
563,697
563,698
563,699
563,700
563,701
563,702
563,703
563,704
563,705
563,706
563,707
563,708
563,709
563,710
563,711
563,712
563,713
563,714
563,715
563,716
563,717
563,718
563,719
563,720
563,721
563,722
563,723
563,724
563,725
563,726
563,727
563,728
563,729
563,730
563,731
563,732
563,733
563,734
563,735
563,736
563,737
563,738
563,739
563,740
563,741
563,742
563,743
563,744
563,745
563,746
563,747
563,748
563,749
563,750
563,751
563,752
563,753
563,754
563,755
563,756
563,757
563,758
563,759
563,760
563,761
563,762
563,763
563,764
563,765
563,766
563,767
563,768
563,769
563,770
563,771
563,772
563,773
563,774
563,775
563,776
563,777
563,778
563,779
563,780
563,781
563,782
563,783
563,784
563,785
563,786
563,787
563,788
563,789
563,790
563,791
563,792
563,793
563,794
563,795
563,796
563,797
563,798
563,799
563,800
563,801
563,802
563,803
563,804
563,805
563,806
563,807
563,808
563,809
563,810
563,811
563,812
563,813
563,814
563,815
563,816
563,817
563,818
563,819
563,820
563,821
563,822
563,823
563,824
563,825
563,826
563,827
563,828
563,829
563,830
563,831
563,832
563,833
563,834
563,835
563,836
563,837
563,838
563,839
563,840
563,841
563,842
563,843
563,844
563,845
563,846
563,847
563,848
563,849
563,850
563,851
563,852
563,853
563,854
563,855
563,856
563,857
563,858
563,859
563,860
563,861
563,862
563,863
563,864
563,865
563,866
563,867
563,868
563,869
563,870
563,871
563,872
563,873
563,874
563,875
563,876
563,877
563,878
563,879
563,880
563,881
563,882
563,883
563,884
563,885
563,886
563,887
563,888
563,889
563,890
563,891
563,892
563,893
563,894
563,895
563,896
563,897
563,898
563,899
563,900
563,901
563,902
563,903
563,904
563,905
563,906
563,907
563,908
563,909
563,910
563,911
563,912
563,913
563,914
563,915
563,916
563,917
563,918
563,919
563,920
563,921
563,922
563,923
563,924
563,925
563,926
563,927
563,928
563,929
563,930
563,931
563,932
563,933
563,934
563,935
563,936
563,937
563,938
563,939
563,940
563,941
563,942
563,943
563,944
563,945
563,946
563,947
563,948
563,949
563,950
563,951
563,952
563,953
563,954
563,955
563,956
563,957
563,958
563,959
563,960
563,961
563,962
563,963
563,964
563,965
372,1
372,2
372,3
372,1
