607,1
607,1
607,1
607,2
607,3
607,4
607,5
607,6
607,7
607,8
607,9
607,10
607,11
607,12
607,13
607,14
607,15
607,16
607,17
607,18
607,19
607,20
607,21
607,22
607,23
607,24
607,25
607,26
607,27
607,28
607,29
607,30
607,31
607,32
607,33
607,34
607,35
607,36
607,37
607,38
607,39
607,40
607,41
607,42
607,43
607,44
607,45
607,46
607,47
607,48
607,49
607,50
607,51
607,52
607,53
607,54
607,55
607,56
607,57
607,58
607,59
607,60
607,61
607,62
607,63
607,64
607,65
607,66
607,67
607,68
607,69
607,70
607,71
607,72
607,73
607,74
607,75
607,76
607,77
607,78
607,79
607,80
607,81
607,82
607,83
607,84
607,85
607,86
607,87
607,88
607,89
607,90
607,91
607,92
607,93
607,94
607,95
607,96
607,97
607,98
607,99
607,100
607,101
607,102
607,103
607,104
607,105
607,106
607,107
607,108
607,109
607,110
607,111
607,112
607,113
607,114
607,115
607,116
607,117
607,118
607,119
607,120
607,121
607,122
607,123
607,124
607,125
607,126
607,127
607,128
607,129
607,130
607,131
607,132
607,133
607,134
607,135
607,136
607,137
607,138
607,139
607,140
607,141
607,142
607,143
607,144
607,145
607,146
607,147
607,148
607,149
607,150
607,151
607,152
607,153
607,154
607,155
607,156
607,157
607,158
607,159
607,160
607,161
607,162
607,163
607,164
607,165
607,166
607,167
607,168
607,169
607,170
607,171
607,172
607,173
607,174
607,175
607,176
607,177
607,178
607,179
607,180
607,181
607,182
607,183
607,184
607,185
:339_4,186
:339_4,187
:339_4,188
:339_4,189
:339_4,190
-371,191
-371,192
-371,193
-371,194
-371,195
-371,196
-371,197
-371,198
-371,199
-371,200
-371,201
-371,202
-371,203
-371,204
-371,205
-371,206
-371,207
-371,208
-371,209
-371,210
-371,211
-371,212
-371,213
-371,214
-371,215
-371,216
-371,217
-371,218
-371,219
-371,220
-371,221
-371,222
-371,223
-371,224
-371,225
-371,226
-371,227
-371,228
-371,229
-371,230
-371,231
-371,232
-371,233
-371,234
-371,235
-371,236
-371,237
-371,238
-371,239
-371,240
-371,241
-371,242
-371,243
-371,244
-371,245
-371,246
-371,247
-371,248
-371,249
-371,250
-371,251
-371,252
-371,253
-371,254
-371,255
-371,256
-371,257
-371,258
-371,259
-371,260
-371,261
-371,262
-371,263
-371,264
-371,265
-371,266
-371,267
-371,268
-371,269
-371,270
-371,271
-371,272
-371,273
-371,274
-371,275
-371,276
-371,277
-371,278
-371,279
-371,280
-371,281
-371,282
-371,283
-371,284
-371,285
-371,286
-371,287
-371,288
-371,289
-371,290
-371,291
-371,292
-371,293
-371,294
-371,295
-371,296
-371,297
-371,298
-371,299
-371,300
-371,301
-371,302
-371,303
-371,304
-371,305
-371,306
-371,307
-371,308
-371,309
:170_10,310
:170_10,311
:170_10,312
:170_10,313
:170_10,314
:170_10,315
-196,316
-196,317
-196,318
-196,319
-196,320
-196,321
-196,322
-196,323
-196,324
-196,325
-196,326
-196,327
-196,328
-196,329
-196,330
-196,331
-196,332
-196,333
-196,334
-196,335
-196,336
-196,337
-196,338
-196,339
-196,340
-196,341
-196,342
-196,343
-196,344
-196,345
-196,346
-196,347
-196,348
-196,349
-196,350
-196,351
-196,352
-196,353
-196,354
-196,355
-196,356
-196,357
-196,358
-196,359
-196,360
-196,361
-196,362
-196,363
-196,364
-196,365
-196,366
-196,367
-196,368
-196,369
-196,370
-196,371
-196,372
-196,373
-196,374
-196,375
-196,376
-196,377
-196,378
-196,379
-196,380
-196,381
-196,382
-196,383
-196,384
-196,385
-196,386
-196,387
-196,388
-196,389
-196,390
-196,391
-196,392
-196,393
-196,394
-196,395
-196,396
-196,397
-196,398
-196,399
-196,400
-196,401
-196,402
-196,403
-196,404
-196,405
-196,406
-196,407
-196,408
-196,409
-196,410
-196,411
-196,412
-196,413
-196,414
-196,415
-196,416
-196,417
-196,418
-196,419
-196,420
-196,421
-196,422
-196,423
-196,424
-196,425
-196,426
-196,427
-196,428
-196,429
-196,430
-196,431
-196,432
-196,433
-196,434
-196,435
-196,436
-196,437
-196,438
-196,439
-196,440
-196,441
-196,442
-196,443
-196,444
-196,445
-196,446
-196,447
-196,448
-196,449
-196,450
-196,451
-196,452
-196,453
-196,454
-196,455
-196,456
-196,457
-196,458
-196,459
-196,460
-196,461
-196,462
-196,463
-196,464
-196,465
-196,466
-196,467
-196,468
-196,469
-196,470
-196,471
-196,472
-196,473
-196,474
-196,475
-196,476
-196,477
-196,478
-196,479
-196,480
-196,481
-196,482
-196,483
-196,484
-196,485
-196,486
-196,487
-196,488
-196,489
-196,490
-196,491
-196,492
-196,493
-196,494
-196,495
-196,496
-196,497
-196,498
-196,499
-196,500
-196,501
-196,502
-196,503
-196,504
-196,505
-196,506
-196,507
-196,508
-196,509
-196,510
-196,511
-196,512
-196,513
-196,514
-196,515
-196,516
-196,517
-196,518
-196,519
-196,520
-196,521
-196,522
-196,523
-196,524
-196,525
-196,526
-196,527
-196,528
-196,529
-196,530
-196,531
-196,532
-196,533
-196,534
-196,535
-196,536
-196,537
-196,538
-196,539
-196,540
-196,541
-196,542
-196,543
-196,544
-196,545
-196,546
-196,547
-196,548
-196,549
-196,550
-196,551
-196,552
-196,553
-196,554
-196,555
-196,556
-196,557
-196,558
-196,559
-196,560
-196,561
-196,562
-196,563
-196,564
-196,565
-196,566
-196,567
-196,568
-196,569
-196,570
-196,571
-196,572
-196,573
-196,574
-196,575
-196,576
-196,577
-196,578
-196,579
-196,580
-196,581
-196,582
-196,583
-196,584
-196,585
-196,586
-196,587
-196,588
-196,589
-196,590
-196,591
-196,592
-196,593
-196,594
-196,595
-196,596
-196,597
-196,598
-196,599
-196,600
-196,601
-196,602
-196,603
-196,604
-196,605
-196,606
-196,607
-196,608
-196,609
-196,610
-196,611
-196,612
-196,613
-196,614
-196,615
-196,616
-196,617
-196,618
-196,619
-196,620
-196,621
-196,622
-196,623
:35_6,624
:35_6,625
:35_16,626
:35_16,627
:35_16,628
197,629
197,630
197,631
197,632
197,633
197,634
197,635
197,636
197,637
197,638
197,639
197,640
197,641
197,642
197,643
197,644
197,645
197,646
197,647
197,648
197,649
197,650
197,651
197,652
197,653
197,654
197,655
197,656
197,657
197,658
197,659
197,660
197,661
197,662
197,663
197,664
197,665
197,666
197,667
197,668
197,669
197,670
197,671
197,672
197,673
197,674
197,675
197,676
197,677
197,678
197,679
197,680
197,681
197,682
197,683
197,684
197,685
197,686
197,687
197,688
197,689
197,690
197,691
197,692
197,693
197,694
197,695
197,696
197,697
197,698
197,699
197,700
197,701
197,702
197,703
197,704
197,705
197,706
197,707
197,708
197,709
197,710
197,711
197,712
197,713
197,714
197,715
197,716
197,717
197,718
197,719
197,720
197,721
197,722
197,723
197,724
197,725
197,726
197,727
197,728
197,729
197,730
197,731
197,732
197,733
197,734
197,735
197,736
197,737
197,738
197,739
197,740
197,741
197,742
197,743
197,744
197,745
197,746
197,747
197,748
197,749
197,750
197,751
197,752
197,753
197,754
197,755
197,756
197,757
197,758
197,759
197,760
197,761
197,762
197,763
197,764
197,765
197,766
197,767
197,768
197,769
197,770
197,771
197,772
197,773
197,774
197,775
197,776
197,777
197,778
197,779
197,780
197,781
197,782
197,783
197,784
197,785
197,786
197,787
197,788
197,789
197,790
197,791
197,792
197,793
197,794
197,795
197,796
197,797
197,798
197,799
197,800
197,801
197,802
197,803
197,804
197,805
197,806
197,807
197,808
197,809
197,810
197,811
197,812
197,813
197,814
197,815
197,816
197,817
197,818
197,819
197,820
197,821
197,822
197,823
197,824
197,825
197,826
197,827
197,828
197,829
197,830
197,831
197,832
197,833
197,834
197,835
197,836
197,837
197,838
197,839
197,840
197,841
197,842
197,843
197,844
197,845
197,846
197,847
197,848
197,849
197,850
197,851
197,852
197,853
197,854
197,855
197,856
197,857
197,858
197,859
197,860
197,861
197,862
197,863
197,864
197,865
197,866
197,867
197,868
197,869
197,870
197,871
197,872
197,873
197,874
197,875
197,876
197,877
197,878
197,879
197,880
197,881
197,882
197,883
197,884
197,885
197,886
197,887
197,888
197,889
197,890
197,891
197,892
197,893
197,894
197,895
197,896
197,897
197,898
197,899
197,900
197,901
197,902
197,903
197,904
197,905
197,906
197,907
197,908
197,909
197,910
:205_0,911
:205_0,912
:205_0,913
:205_0,914
:205_0,915
:205_0,916
198,917
198,918
198,919
198,920
198,921
198,922
198,923
198,924
198,925
198,926
198,927
198,928
198,929
198,930
198,931
198,932
198,933
198,934
198,935
198,936
198,937
198,938
198,939
198,940
198,941
198,942
198,943
198,944
198,945
198,946
198,947
198,948
198,949
198,950
198,951
198,952
198,953
198,954
198,955
198,956
198,957
198,958
198,959
198,960
198,961
198,962
198,963
198,964
198,965
607,1
607,2
607,3
607,1
