-41,1
-41,1
-41,1
-41,2
-41,3
-41,4
-41,5
-41,6
-41,7
-41,8
-41,9
-41,10
-41,11
-41,12
-41,13
-41,14
-41,15
-41,16
-41,17
-41,18
-41,19
-41,20
-41,21
-41,22
-41,23
-41,24
-41,25
-41,26
-41,27
-41,28
-41,29
-41,30
-41,31
-41,32
-41,33
-41,34
-41,35
-41,36
-41,37
-41,38
-41,39
-41,40
-41,41
-41,42
-41,43
-41,44
-41,45
-41,46
-41,47
-41,48
-41,49
-41,50
-41,51
-41,52
-41,53
-41,54
-41,55
-41,56
-41,57
-41,58
-41,59
-41,60
-41,61
-41,62
-41,63
-41,64
-41,65
-41,66
-41,67
-41,68
-41,69
-41,70
-41,71
-41,72
-41,73
-41,74
-41,75
-41,76
-41,77
-41,78
-41,79
-41,80
-41,81
-41,82
-41,83
-41,84
-41,85
-41,86
-41,87
-41,88
-41,89
-41,90
-41,91
-41,92
-41,93
-41,94
-41,95
-41,96
-41,97
-41,98
-41,99
-41,100
-41,101
-41,102
-41,103
-41,104
-41,105
-41,106
-41,107
-41,108
-41,109
-41,110
-41,111
-41,112
-41,113
-41,114
-41,115
-41,116
-41,117
-41,118
-41,119
-41,120
-41,121
-41,122
-41,123
-41,124
-41,125
-41,126
-41,127
-41,128
-41,129
-41,130
-41,131
-41,132
-41,133
-41,134
-41,135
-41,136
-41,137
-41,138
-41,139
-41,140
-41,141
-41,142
-41,143
-41,144
-41,145
-41,146
-41,147
-41,148
-41,149
-41,150
-41,151
-41,152
-41,153
-41,154
-41,155
-41,156
-41,157
-41,158
-41,159
-41,160
-41,161
-41,162
-41,163
-41,164
-41,165
-41,166
-41,167
-41,168
-41,169
-41,170
-41,171
-41,172
-41,173
-41,174
-41,175
-41,176
-41,177
-41,178
-41,179
-41,180
-41,181
-41,182
-41,183
-41,184
-41,185
-41,186
-41,187
-41,188
-41,189
-41,190
-41,191
-41,192
-41,193
-41,194
-41,195
-41,196
-41,197
-41,198
-41,199
-41,200
-41,201
-41,202
-41,203
-41,204
-41,205
-41,206
-41,207
-41,208
-41,209
-41,210
-41,211
-41,212
-41,213
-41,214
-41,215
-41,216
-41,217
-41,218
-41,219
-41,220
-41,221
-41,222
-41,223
-41,224
-41,225
-41,226
-41,227
-41,228
-41,229
-41,230
-41,231
-41,232
-41,233
-41,234
-41,235
-41,236
-41,237
-41,238
-41,239
-41,240
-41,241
-41,242
-41,243
-41,244
-41,245
-41,246
-41,247
-41,248
-41,249
-41,250
-41,251
-41,252
-41,253
-41,254
-41,255
-41,256
-41,257
-41,258
-41,259
-41,260
-41,261
-41,262
-41,263
-41,264
-41,265
-41,266
-41,267
-41,268
-41,269
-41,270
-41,271
-41,272
-41,273
-41,274
-41,275
-41,276
-41,277
-41,278
-41,279
-41,280
-41,281
-41,282
-41,283
-41,284
-41,285
-41,286
-41,287
-41,288
-41,289
-41,290
-41,291
-41,292
-41,293
-41,294
-41,295
-41,296
-41,297
-41,298
-41,299
-41,300
-41,301
-41,302
-41,303
-41,304
-41,305
-41,306
-41,307
-41,308
-41,309
-41,310
-41,311
-41,312
-41,313
-41,314
-41,315
-41,316
-41,317
-41,318
-41,319
-41,320
-41,321
-41,322
-41,323
-41,324
-41,325
-41,326
-41,327
-41,328
-41,329
-41,330
-41,331
-41,332
-41,333
-41,334
-41,335
-41,336
-41,337
-41,338
-41,339
-41,340
-41,341
-41,342
-41,343
-41,344
-41,345
-41,346
-41,347
-41,348
-41,349
-41,350
-41,351
-41,352
-41,353
-41,354
-41,355
-41,356
-41,357
-41,358
-41,359
-41,360
-41,361
-41,362
-41,363
-41,364
-41,365
-41,366
-41,367
-41,368
-41,369
-41,370
:48_2,371
:48_2,372
:48_2,373
:48_2,374
:48_2,375
40,376
40,377
40,378
40,379
40,380
40,381
40,382
40,383
40,384
40,385
40,386
40,387
40,388
40,389
40,390
40,391
40,392
40,393
40,394
40,395
40,396
40,397
40,398
40,399
40,400
40,401
40,402
40,403
40,404
40,405
40,406
40,407
40,408
40,409
40,410
40,411
40,412
40,413
40,414
40,415
40,416
40,417
40,418
40,419
40,420
40,421
40,422
40,423
40,424
40,425
40,426
40,427
40,428
40,429
40,430
40,431
40,432
40,433
40,434
40,435
40,436
40,437
40,438
40,439
40,440
40,441
40,442
40,443
40,444
40,445
40,446
40,447
40,448
40,449
40,450
40,451
40,452
40,453
40,454
40,455
40,456
40,457
40,458
40,459
40,460
40,461
40,462
40,463
40,464
40,465
40,466
40,467
40,468
40,469
40,470
40,471
40,472
40,473
40,474
40,475
40,476
40,477
40,478
40,479
40,480
40,481
40,482
40,483
40,484
40,485
40,486
40,487
40,488
40,489
40,490
40,491
40,492
40,493
40,494
40,495
40,496
40,497
40,498
40,499
40,500
40,501
40,502
40,503
40,504
40,505
40,506
40,507
40,508
40,509
40,510
40,511
40,512
40,513
40,514
40,515
40,516
40,517
40,518
40,519
40,520
40,521
40,522
40,523
40,524
40,525
40,526
40,527
40,528
40,529
40,530
40,531
40,532
40,533
40,534
40,535
40,536
40,537
40,538
40,539
40,540
40,541
40,542
40,543
40,544
40,545
40,546
40,547
40,548
40,549
40,550
40,551
40,552
40,553
40,554
40,555
40,556
40,557
40,558
40,559
40,560
40,561
40,562
40,563
40,564
40,565
40,566
40,567
40,568
40,569
40,570
40,571
40,572
40,573
40,574
40,575
40,576
40,577
40,578
40,579
40,580
40,581
40,582
40,583
40,584
40,585
40,586
40,587
40,588
40,589
40,590
40,591
40,592
40,593
40,594
40,595
40,596
40,597
40,598
40,599
40,600
40,601
40,602
40,603
40,604
40,605
40,606
40,607
40,608
40,609
40,610
40,611
40,612
40,613
40,614
40,615
40,616
40,617
40,618
40,619
40,620
40,621
40,622
40,623
40,624
40,625
40,626
40,627
40,628
40,629
40,630
40,631
40,632
40,633
40,634
40,635
40,636
40,637
40,638
40,639
40,640
40,641
40,642
40,643
40,644
40,645
40,646
40,647
40,648
40,649
40,650
40,651
40,652
40,653
40,654
40,655
40,656
40,657
40,658
40,659
40,660
40,661
40,662
40,663
40,664
40,665
40,666
40,667
40,668
40,669
40,670
40,671
40,672
40,673
40,674
40,675
40,676
40,677
40,678
40,679
40,680
40,681
40,682
40,683
40,684
40,685
40,686
40,687
40,688
40,689
40,690
40,691
40,692
40,693
40,694
40,695
40,696
40,697
40,698
40,699
40,700
40,701
40,702
40,703
40,704
:49_6,705
:49_6,706
:49_6,707
:49_6,708
:49_6,709
:49_6,710
-50,711
-50,712
-50,713
-50,714
-50,715
-50,716
-50,717
-50,718
-50,719
-50,720
-50,721
-50,722
-50,723
-50,724
-50,725
-50,726
-50,727
-50,728
-50,729
-50,730
-50,731
-50,732
-50,733
-50,734
-50,735
-50,736
-50,737
-50,738
-50,739
-50,740
-50,741
-50,742
-50,743
-50,744
-50,745
-50,746
-50,747
-50,748
-50,749
-50,750
-50,751
-50,752
-50,753
-50,754
-50,755
-50,756
-50,757
-50,758
-50,759
-50,760
-50,761
-50,762
-50,763
-50,764
-50,765
-50,766
-50,767
-50,768
-50,769
-50,770
-50,771
-50,772
-50,773
-50,774
-50,775
-50,776
-50,777
-50,778
-50,779
-50,780
-50,781
-50,782
-50,783
-50,784
-50,785
-50,786
-50,787
-50,788
-50,789
-50,790
-50,791
-50,792
-50,793
-50,794
-50,795
-50,796
-50,797
-50,798
-50,799
-50,800
-50,801
-50,802
-50,803
-50,804
-50,805
-50,806
-50,807
-50,808
-50,809
-50,810
-50,811
-50,812
-50,813
-50,814
-50,815
-50,816
-50,817
-50,818
-50,819
-50,820
-50,821
-50,822
-50,823
-50,824
-50,825
-50,826
-50,827
-50,828
-50,829
-50,830
-50,831
-50,832
-50,833
-50,834
-50,835
-50,836
-50,837
-50,838
-50,839
-50,840
-50,841
-50,842
-50,843
-50,844
-50,845
-50,846
-50,847
-50,848
-50,849
-50,850
-50,851
-50,852
-50,853
-50,854
-50,855
-50,856
-50,857
-50,858
-50,859
-50,860
-50,861
-50,862
-50,863
:5_20,864
:5_20,865
:5_20,866
:5_20,867
:5_20,868
680,869
680,870
680,871
680,872
680,873
680,874
680,875
680,876
680,877
680,878
680,879
680,880
680,881
680,882
680,883
680,884
680,885
680,886
680,887
680,888
680,889
680,890
680,891
680,892
680,893
680,894
680,895
680,896
680,897
680,898
680,899
680,900
680,901
680,902
680,903
680,904
680,905
680,906
:53_6,907
:53_6,908
:53_6,909
:53_6,910
:53_6,911
-45,912
-45,913
-45,914
-45,915
-45,916
-45,917
-45,918
-45,919
-45,920
-45,921
-45,922
-45,923
-45,924
-45,925
-45,926
-45,927
-45,928
-45,929
-45,930
-45,931
-45,932
-45,933
-45,934
-45,935
-45,936
-45,937
-45,938
-45,939
-45,940
-45,941
-45,942
-45,943
-45,944
-45,945
-45,946
-45,947
-45,948
-45,949
-45,950
-45,951
-45,952
-45,953
-45,954
-45,955
-45,956
-45,957
-45,958
-45,959
-45,960
-45,961
-45,962
-45,963
-45,964
-45,965
-41,1
-41,2
-41,3
-41,1
