-313,7
-313,8
-313,9
-313,10
-313,11
-313,12
-313,13
-313,14
-313,15
-313,16
-313,17
-313,18
-313,19
-313,20
-313,21
-313,22
-313,23
-313,24
-313,25
-313,26
-313,27
-313,28
-313,29
-313,30
-313,31
-313,32
-313,33
-313,34
-313,35
-313,36
-313,37
-313,38
-313,39
-313,40
-313,41
-313,42
-313,43
-313,44
-313,45
-313,46
-313,47
-313,48
-313,49
-313,50
-313,51
-313,52
-313,53
-313,54
-313,55
-313,56
-313,57
-313,58
-313,59
-313,60
-313,61
-313,62
-313,63
-313,64
-313,65
-313,66
-313,67
-313,68
-313,69
-313,70
-313,71
-313,72
-313,73
-313,74
:296_1,75
:296_1,76
:296_1,77
:296_1,78
:296_1,79
:296_1,80
-312,81
-312,82
-312,83
-312,84
-312,85
-312,86
-312,87
-312,88
-312,89
-312,90
-312,91
-312,92
-312,93
-312,94
-312,95
-312,96
-312,97
-312,98
-312,99
-312,100
-312,101
-312,102
-312,103
-312,104
-312,105
-312,106
-312,107
-312,108
-312,109
-312,110
-312,111
-312,112
-312,113
-312,114
-312,115
-312,116
-312,117
-312,118
-312,119
-312,120
-312,121
-312,122
-312,123
-312,124
-312,125
-312,126
-312,127
-312,128
-312,129
-312,130
-312,131
-312,132
-312,133
-312,134
-312,135
-312,136
-312,137
-312,138
-312,139
-312,140
-312,141
-312,142
-312,143
-312,144
-312,145
-312,146
-312,147
-312,148
-312,149
-312,150
-312,151
-312,152
-312,153
-312,154
-312,155
-312,156
-312,157
-312,158
-312,159
-312,160
-312,161
-312,162
-312,163
-312,164
-312,165
-312,166
-312,167
-312,168
-312,169
-312,170
-312,171
-312,172
-312,173
-312,174
-312,175
-312,176
-312,177
-312,178
-312,179
-312,180
-312,181
-312,182
-312,183
-312,184
-312,185
-312,186
-312,187
-312,188
-312,189
-312,190
-312,191
-312,192
-312,193
-312,194
-312,195
-312,196
-312,197
-312,198
-312,199
-312,200
-312,201
-312,202
-312,203
-312,204
-312,205
-312,206
-312,207
-312,208
-312,209
-312,210
-312,211
-312,212
-312,213
-312,214
-312,215
-312,216
-312,217
-312,218
-312,219
-312,220
-312,221
-312,222
:295_5,223
:295_5,224
:295_5,225
:295_5,226
:295_5,227
:295_5,228
315,229
315,230
315,231
315,232
315,233
315,234
315,235
315,236
315,237
315,238
315,239
315,240
315,241
315,242
315,243
315,244
315,245
315,246
315,247
315,248
315,249
315,250
315,251
315,252
315,253
315,254
315,255
315,256
315,257
315,258
315,259
315,260
315,261
315,262
315,263
315,264
315,265
315,266
315,267
315,268
315,269
315,270
315,271
315,272
315,273
315,274
315,275
315,276
315,277
315,278
315,279
315,280
315,281
315,282
315,283
315,284
315,285
315,286
315,287
315,288
315,289
315,290
315,291
315,292
315,293
315,294
315,295
315,296
315,297
315,298
315,299
315,300
315,301
315,302
315,303
315,304
315,305
315,306
315,307
315,308
315,309
315,310
315,311
315,312
315,313
315,314
315,315
315,316
315,317
315,318
315,319
315,320
315,321
315,322
315,323
315,324
315,325
315,326
315,327
315,328
315,329
315,330
315,331
315,332
-97,333
-97,334
-97,335
-97,336
-97,337
-97,338
-97,339
-97,340
-97,341
-97,342
-97,343
-97,344
-97,345
-97,346
-97,347
-97,348
-97,349
-97,350
-97,351
-97,352
-97,353
-97,354
-97,355
-97,356
-97,357
-97,358
-97,359
-97,360
-97,361
-97,362
-97,363
-97,364
-97,365
-97,366
-97,367
-97,368
-97,369
-97,370
-97,371
-97,372
-97,373
-97,374
-97,375
-97,376
-97,377
-97,378
-97,379
-97,380
-97,381
-97,382
-97,383
-97,384
-97,385
-97,386
-97,387
-97,388
-97,389
-97,390
-97,391
-97,392
-97,393
-97,394
-97,395
-97,396
-97,397
-97,398
-97,399
-97,400
-97,401
-97,402
-97,403
-97,404
-97,405
-97,406
-97,407
-97,408
-97,409
-97,410
-97,411
-97,412
-97,413
-97,414
-97,415
-97,416
-97,417
-97,418
-97,419
:111_5,420
:111_5,421
:111_5,422
:111_5,423
:111_5,424
:111_5,425
98,426
98,427
98,428
98,429
98,430
98,431
98,432
98,433
98,434
98,435
98,436
98,437
98,438
98,439
98,440
98,441
98,442
98,443
98,444
98,445
98,446
98,447
98,448
98,449
98,450
98,451
98,452
98,453
98,454
98,455
98,456
98,457
98,458
98,459
98,460
98,461
98,462
98,463
98,464
98,465
98,466
98,467
98,468
98,469
98,470
98,471
98,472
98,473
98,474
98,475
98,476
98,477
98,478
98,479
98,480
98,481
98,482
98,483
98,484
98,485
98,486
98,487
98,488
98,489
98,490
98,491
98,492
98,493
98,494
98,495
98,496
98,497
98,498
98,499
98,500
98,501
98,502
98,503
98,504
98,505
98,506
98,507
98,508
98,509
98,510
98,511
98,512
98,513
98,514
98,515
98,516
98,517
98,518
98,519
98,520
98,521
98,522
98,523
98,524
98,525
98,526
98,527
98,528
98,529
98,530
98,531
98,532
98,533
98,534
98,535
98,536
98,537
98,538
98,539
98,540
98,541
98,542
98,543
98,544
98,545
98,546
98,547
98,548
98,549
98,550
98,551
98,552
98,553
98,554
98,555
98,556
98,557
98,558
98,559
98,560
98,561
98,562
98,563
98,564
98,565
98,566
98,567
98,568
98,569
98,570
98,571
98,572
98,573
98,574
98,575
98,576
98,577
98,578
98,579
98,580
98,581
98,582
98,583
98,584
98,585
98,586
98,587
98,588
98,589
98,590
98,591
98,592
98,593
98,594
98,595
98,596
98,597
98,598
98,599
98,600
98,601
98,602
98,603
98,604
98,605
98,606
98,607
98,608
98,609
98,610
98,611
:56_5,612
:56_5,613
:56_5,614
:56_5,615
:56_5,616
:56_5,617
-48,618
-48,619
-48,620
-48,621
-48,622
-48,623
-48,624
-48,625
-48,626
-48,627
-48,628
-48,629
-48,630
-48,631
-48,632
-48,633
-48,634
-48,635
-48,636
-48,637
-48,638
-48,639
-48,640
-48,641
-48,642
-48,643
-48,644
-48,645
-48,646
-48,647
-48,648
-48,649
-48,650
-48,651
-48,652
-48,653
-48,654
-48,655
-48,656
-48,657
-48,658
-48,659
-48,660
-48,661
-48,662
-48,663
-48,664
-48,665
-48,666
-48,667
-48,668
-48,669
-48,670
-48,671
-48,672
-48,673
-48,674
-48,675
-48,676
-48,677
-48,678
-48,679
-48,680
-48,681
-48,682
-48,683
-48,684
-48,685
-48,686
-48,687
-48,688
-48,689
-48,690
-48,691
-48,692
-48,693
-48,694
-48,695
-48,696
-48,697
-48,698
-48,699
-48,700
-48,701
-48,702
-48,703
-48,704
-48,705
-48,706
-48,707
-48,708
-48,709
-48,710
-48,711
-48,712
-48,713
-48,714
-48,715
-48,716
-48,717
-48,718
-48,719
-48,720
-48,721
-48,722
-48,723
-48,724
-48,725
-48,726
-48,727
-48,728
-48,729
-48,730
-48,731
-48,732
-48,733
-48,734
-48,735
-48,736
-48,737
-48,738
-48,739
-48,740
-48,741
-48,742
-48,743
-48,744
-48,745
-48,746
-48,747
-48,748
-48,749
-48,750
-48,751
-48,752
-48,753
-48,754
-48,755
-48,756
-48,757
-48,758
-48,759
-48,760
-48,761
-48,762
-48,763
-48,764
-48,765
:52_0,766
:52_0,767
:52_0,768
:52_0,769
:52_0,770
46,771
46,772
46,773
46,774
46,775
46,776
46,777
46,778
46,779
46,780
46,781
46,782
46,783
46,784
46,785
46,786
46,787
46,788
46,789
46,790
46,791
46,792
46,793
46,794
46,795
46,796
46,797
46,798
46,799
46,800
46,801
46,802
46,803
46,804
46,805
46,806
46,807
46,808
46,809
46,810
46,811
46,812
46,813
46,814
46,815
46,816
46,817
46,818
46,819
46,820
46,821
46,822
46,823
46,824
46,825
46,826
46,827
46,828
46,829
46,830
46,831
46,832
46,833
46,834
46,835
46,836
46,837
46,838
46,839
46,840
46,841
46,842
46,843
46,844
46,845
46,846
46,847
46,848
46,849
46,850
46,851
46,852
46,853
46,854
46,855
46,856
46,857
46,858
46,859
46,860
46,861
46,862
46,863
46,864
46,865
46,866
46,867
46,868
46,869
46,870
46,871
46,872
46,873
46,874
46,875
46,876
46,877
46,878
46,879
46,880
46,881
46,882
46,883
46,884
46,885
46,886
46,887
46,888
46,889
46,890
46,891
46,892
46,893
:54_4,894
:54_4,895
:54_4,896
:54_4,897
:54_4,898
:54_4,899
310,900
310,901
310,902
310,903
310,904
310,905
310,906
310,907
310,908
310,909
310,910
310,911
310,912
310,913
310,914
310,915
310,916
310,917
310,918
310,919
310,920
310,921
310,922
310,923
310,924
310,925
310,926
310,927
310,928
310,929
310,930
310,931
310,932
310,933
310,934
310,935
310,936
310,937
310,938
310,939
310,940
310,941
310,942
310,943
310,944
310,945
310,946
310,947
310,948
310,949
310,950
310,951
310,952
310,953
310,954
310,955
310,956
310,957
310,958
310,959
310,960
310,961
310,962
310,963
310,964
310,965
