307,1
307,1
307,1
307,2
307,3
307,4
307,5
307,6
307,7
307,8
307,9
307,10
307,11
307,12
307,13
307,14
307,15
307,16
307,17
307,18
307,19
307,20
307,21
307,22
307,23
307,24
307,25
307,26
307,27
307,28
307,29
307,30
307,31
307,32
307,33
307,34
307,35
307,36
307,37
307,38
307,39
307,40
307,41
307,42
307,43
307,44
307,45
307,46
307,47
307,48
307,49
307,50
307,51
307,52
307,53
307,54
307,55
307,56
307,57
307,58
307,59
307,60
307,61
307,62
307,63
307,64
307,65
307,66
307,67
307,68
307,69
307,70
307,71
307,72
307,73
307,74
307,75
307,76
307,77
307,78
307,79
307,80
307,81
307,82
307,83
307,84
307,85
307,86
307,87
307,88
307,89
307,90
307,91
307,92
307,93
307,94
307,95
307,96
307,97
307,98
307,99
307,100
307,101
307,102
307,103
307,104
307,105
307,106
307,107
307,108
307,109
307,110
307,111
:293_5,112
:293_5,113
:293_5,114
:293_5,115
395,116
395,117
395,118
395,119
395,120
395,121
395,122
395,123
395,124
395,125
395,126
395,127
395,128
395,129
395,130
395,131
395,132
395,133
395,134
395,135
395,136
395,137
395,138
395,139
395,140
395,141
395,142
395,143
395,144
395,145
395,146
395,147
395,148
395,149
395,150
395,151
395,152
395,153
395,154
395,155
395,156
395,157
395,158
395,159
395,160
395,161
395,162
395,163
395,164
395,165
395,166
395,167
395,168
395,169
395,170
395,171
:356_1,172
:356_1,173
:356_9,174
:356_9,175
:356_9,176
586,177
586,178
586,179
586,180
586,181
586,182
586,183
586,184
586,185
586,186
586,187
586,188
586,189
586,190
586,191
586,192
586,193
586,194
586,195
586,196
586,197
586,198
586,199
586,200
586,201
586,202
586,203
586,204
586,205
586,206
586,207
586,208
586,209
586,210
586,211
586,212
586,213
586,214
586,215
586,216
586,217
586,218
586,219
586,220
586,221
586,222
586,223
586,224
586,225
586,226
586,227
586,228
586,229
586,230
586,231
586,232
586,233
586,234
586,235
586,236
586,237
586,238
586,239
586,240
586,241
586,242
586,243
586,244
586,245
586,246
586,247
586,248
586,249
586,250
586,251
586,252
586,253
586,254
586,255
586,256
586,257
586,258
586,259
586,260
586,261
586,262
586,263
586,264
586,265
586,266
586,267
586,268
586,269
586,270
586,271
586,272
586,273
586,274
586,275
586,276
586,277
586,278
586,279
586,280
586,281
586,282
586,283
586,284
586,285
586,286
586,287
586,288
586,289
586,290
586,291
586,292
586,293
586,294
586,295
586,296
586,297
586,298
586,299
586,300
586,301
586,302
586,303
:420_1,304
:420_1,305
:420_1,306
:420_1,307
-509,308
-509,309
-509,310
-509,311
-509,312
-509,313
-509,314
-509,315
-509,316
-509,317
-509,318
-509,319
-509,320
-509,321
-509,322
-509,323
-509,324
-509,325
-509,326
-509,327
-509,328
-509,329
-509,330
-509,331
-509,332
-509,333
-509,334
-509,335
-509,336
-509,337
-509,338
-509,339
-509,340
-509,341
-509,342
-509,343
-509,344
-509,345
-509,346
-509,347
-509,348
-509,349
-509,350
-509,351
-509,352
-509,353
-509,354
-509,355
-509,356
-509,357
-509,358
-509,359
-509,360
-509,361
-509,362
-509,363
-509,364
-509,365
-509,366
-509,367
-509,368
-509,369
-509,370
-509,371
-509,372
-509,373
-509,374
-509,375
-509,376
-509,377
-509,378
-509,379
-509,380
-509,381
-509,382
-509,383
-509,384
-509,385
-509,386
-509,387
-509,388
-509,389
-509,390
-509,391
-509,392
-509,393
-509,394
-509,395
-509,396
-509,397
-509,398
-509,399
-509,400
-509,401
-509,402
-509,403
-509,404
-509,405
-509,406
-509,407
-509,408
-509,409
-509,410
-509,411
-509,412
-509,413
-509,414
-509,415
-509,416
-509,417
-509,418
-509,419
-509,420
-509,421
-509,422
-509,423
-509,424
-509,425
-509,426
-509,427
-509,428
-509,429
-509,430
-509,431
-509,432
-509,433
-509,434
-509,435
-509,436
-509,437
-509,438
-509,439
-509,440
-509,441
-509,442
-509,443
-509,444
-509,445
-509,446
-509,447
-509,448
-509,449
-509,450
-509,451
-509,452
-509,453
-509,454
-509,455
-509,456
-509,457
-509,458
-509,459
-509,460
-509,461
-509,462
-509,463
-509,464
-509,465
-509,466
-509,467
-509,468
-509,469
-509,470
-509,471
-509,472
-509,473
-509,474
-509,475
-509,476
-509,477
-509,478
-509,479
-509,480
:294_6,481
:294_6,482
:294_6,483
-309,484
-309,485
-309,486
-309,487
-309,488
-309,489
-309,490
-309,491
-309,492
-309,493
-309,494
-309,495
-309,496
-309,497
-309,498
-309,499
-309,500
-309,501
-309,502
-309,503
-309,504
-309,505
-309,506
-309,507
-309,508
-309,509
-309,510
-309,511
-309,512
-309,513
-309,514
-309,515
-309,516
-309,517
-309,518
:54_0,519
:54_0,520
:54_0,521
310,522
310,523
310,524
310,525
310,526
310,527
310,528
310,529
310,530
310,531
310,532
310,533
310,534
310,535
310,536
310,537
310,538
310,539
310,540
310,541
310,542
310,543
310,544
310,545
310,546
310,547
310,548
310,549
310,550
310,551
310,552
310,553
310,554
310,555
310,556
310,557
310,558
310,559
310,560
310,561
310,562
310,563
310,564
310,565
310,566
310,567
310,568
310,569
310,570
310,571
310,572
310,573
310,574
310,575
310,576
310,577
310,578
310,579
310,580
310,581
310,582
310,583
310,584
310,585
310,586
310,587
310,588
310,589
310,590
310,591
310,592
310,593
310,594
310,595
310,596
310,597
310,598
310,599
310,600
310,601
310,602
310,603
310,604
310,605
310,606
310,607
310,608
310,609
310,610
310,611
310,612
310,613
310,614
310,615
310,616
310,617
310,618
310,619
310,620
310,621
310,622
310,623
310,624
310,625
310,626
310,627
310,628
310,629
310,630
310,631
310,632
310,633
310,634
310,635
310,636
310,637
310,638
310,639
310,640
310,641
310,642
310,643
310,644
310,645
310,646
310,647
310,648
310,649
310,650
310,651
310,652
310,653
310,654
310,655
310,656
310,657
310,658
310,659
310,660
310,661
310,662
310,663
310,664
310,665
310,666
310,667
310,668
310,669
310,670
310,671
310,672
310,673
310,674
310,675
310,676
310,677
310,678
310,679
310,680
310,681
310,682
310,683
310,684
310,685
310,686
310,687
310,688
310,689
310,690
310,691
310,692
310,693
310,694
310,695
310,696
310,697
310,698
310,699
310,700
310,701
310,702
310,703
310,704
310,705
310,706
310,707
310,708
310,709
310,710
310,711
310,712
310,713
310,714
310,715
310,716
310,717
310,718
310,719
310,720
310,721
310,722
310,723
310,724
310,725
310,726
310,727
310,728
310,729
310,730
310,731
310,732
310,733
310,734
310,735
310,736
310,737
310,738
310,739
310,740
310,741
310,742
310,743
310,744
310,745
310,746
310,747
310,748
310,749
310,750
310,751
310,752
310,753
310,754
310,755
310,756
310,757
310,758
310,759
310,760
310,761
310,762
310,763
310,764
310,765
310,766
310,767
310,768
310,769
310,770
310,771
:0_5,772
:0_5,773
:0_5,774
:0_5,775
:0_5,776
:0_5,777
:0_5,778
3,779
3,780
3,781
3,782
3,783
3,784
3,785
3,786
3,787
3,788
3,789
3,790
3,791
3,792
3,793
3,794
3,795
3,796
3,797
3,798
3,799
3,800
3,801
3,802
3,803
3,804
3,805
3,806
3,807
3,808
3,809
3,810
3,811
3,812
3,813
3,814
3,815
3,816
3,817
3,818
3,819
3,820
3,821
3,822
3,823
3,824
3,825
3,826
3,827
3,828
3,829
3,830
3,831
3,832
3,833
3,834
3,835
3,836
3,837
3,838
3,839
3,840
3,841
3,842
3,843
3,844
3,845
3,846
3,847
3,848
3,849
3,850
3,851
3,852
3,853
3,854
3,855
3,856
3,857
3,858
3,859
3,860
3,861
3,862
3,863
3,864
3,865
3,866
3,867
3,868
3,869
3,870
3,871
3,872
3,873
3,874
3,875
3,876
3,877
3,878
3,879
3,880
3,881
3,882
3,883
3,884
3,885
3,886
3,887
3,888
3,889
3,890
3,891
3,892
3,893
3,894
3,895
3,896
3,897
3,898
3,899
3,900
3,901
3,902
3,903
3,904
3,905
3,906
3,907
3,908
3,909
3,910
3,911
3,912
3,913
3,914
3,915
3,916
3,917
3,918
3,919
3,920
3,921
3,922
3,923
3,924
3,925
3,926
3,927
3,928
3,929
3,930
3,931
3,932
3,933
3,934
3,935
3,936
3,937
3,938
3,939
3,940
3,941
3,942
3,943
3,944
3,945
3,946
3,947
3,948
3,949
3,950
3,951
3,952
3,953
3,954
3,955
3,956
3,957
3,958
3,959
3,960
3,961
3,962
3,963
3,964
3,965
307,1
307,2
307,3
307,1
