487,1
487,1
487,1
487,2
487,3
487,4
487,5
487,6
487,7
487,8
487,9
487,10
487,11
487,12
487,13
487,14
487,15
487,16
487,17
487,18
487,19
487,20
487,21
487,22
487,23
487,24
487,25
487,26
487,27
487,28
487,29
487,30
487,31
487,32
487,33
487,34
487,35
487,36
487,37
487,38
487,39
487,40
487,41
487,42
487,43
487,44
487,45
487,46
487,47
487,48
487,49
487,50
487,51
487,52
487,53
487,54
487,55
487,56
487,57
487,58
487,59
487,60
487,61
487,62
487,63
487,64
487,65
487,66
487,67
487,68
487,69
487,70
487,71
487,72
487,73
487,74
487,75
487,76
487,77
487,78
487,79
487,80
487,81
487,82
487,83
487,84
487,85
487,86
487,87
487,88
487,89
487,90
487,91
487,92
487,93
487,94
487,95
487,96
487,97
487,98
487,99
487,100
487,101
487,102
487,103
487,104
487,105
487,106
487,107
487,108
487,109
487,110
487,111
487,112
487,113
487,114
487,115
487,116
487,117
487,118
487,119
487,120
487,121
487,122
487,123
487,124
487,125
487,126
487,127
487,128
487,129
487,130
487,131
487,132
487,133
487,134
487,135
487,136
487,137
487,138
487,139
487,140
487,141
487,142
487,143
487,144
:409_6,145
:409_6,146
:409_6,147
:409_6,148
:409_6,149
-606,150
-606,151
-606,152
-606,153
-606,154
-606,155
-606,156
-606,157
-606,158
-606,159
-606,160
-606,161
-606,162
-606,163
-606,164
-606,165
-606,166
-606,167
-606,168
-606,169
-606,170
-606,171
-606,172
-606,173
-606,174
-606,175
-606,176
-606,177
-606,178
-606,179
-606,180
-606,181
-606,182
-606,183
-606,184
-606,185
-606,186
-606,187
-606,188
-606,189
-606,190
-606,191
-606,192
-606,193
-606,194
-606,195
-606,196
-606,197
-606,198
-606,199
-606,200
-606,201
-606,202
-606,203
-606,204
-606,205
-606,206
-606,207
-606,208
-606,209
-606,210
-606,211
-606,212
-606,213
-606,214
-606,215
-606,216
-606,217
-606,218
-606,219
-606,220
-606,221
-606,222
-606,223
-606,224
-606,225
-606,226
-606,227
-606,228
-606,229
:465_1,230
-605,231
-605,232
-605,233
-605,234
-605,235
-605,236
-605,237
-605,238
-605,239
-605,240
-605,241
-605,242
-605,243
-605,244
-605,245
-605,246
-605,247
-605,248
-605,249
-605,250
-605,251
-605,252
-605,253
-605,254
-605,255
-605,256
-605,257
-605,258
-605,259
-605,260
-605,261
-605,262
-605,263
-605,264
-605,265
-605,266
-605,267
-605,268
-605,269
-605,270
-605,271
-605,272
-605,273
-605,274
-605,275
-605,276
-605,277
-605,278
-605,279
-605,280
-605,281
-605,282
-605,283
-605,284
-605,285
-605,286
-605,287
-605,288
-605,289
-605,290
-605,291
-605,292
-604,293
-604,294
-604,295
-604,296
-604,297
-604,298
-604,299
-604,300
-604,301
-604,302
-604,303
-604,304
-604,305
-604,306
-604,307
-604,308
-604,309
-604,310
-604,311
-604,312
-604,313
-604,314
-604,315
-604,316
-604,317
-604,318
-604,319
-604,320
-604,321
-604,322
-604,323
-604,324
-604,325
-604,326
-604,327
-604,328
-604,329
-604,330
-604,331
-604,332
-604,333
-604,334
-604,335
-604,336
-604,337
-604,338
-604,339
-604,340
-604,341
-604,342
-604,343
-604,344
-604,345
-604,346
-604,347
-604,348
-604,349
-604,350
-604,351
-603,352
-603,353
-603,354
-603,355
-603,356
-603,357
-603,358
-603,359
-603,360
-603,361
-603,362
-603,363
-603,364
-603,365
-603,366
-603,367
-603,368
-603,369
-603,370
-603,371
-603,372
-603,373
-603,374
-603,375
-603,376
-603,377
-603,378
-603,379
-603,380
-603,381
-603,382
-603,383
-603,384
-603,385
-603,386
-603,387
-603,388
-603,389
-603,390
-603,391
-603,392
-603,393
-603,394
-603,395
-603,396
-603,397
-603,398
-603,399
-603,400
-603,401
-603,402
-603,403
-603,404
-603,405
-603,406
-603,407
-603,408
-603,409
-603,410
-603,411
-603,412
-602,413
-602,414
-602,415
-602,416
-602,417
-602,418
-602,419
-602,420
-602,421
-602,422
-602,423
-602,424
-602,425
-602,426
-602,427
-602,428
-602,429
-602,430
-602,431
-602,432
-602,433
-602,434
-602,435
-602,436
-602,437
-602,438
-602,439
-602,440
-602,441
-602,442
-602,443
-602,444
-602,445
-602,446
-602,447
-602,448
-602,449
-602,450
-602,451
-602,452
-602,453
-602,454
-602,455
-602,456
-602,457
-602,458
-602,459
-602,460
-602,461
-602,462
-602,463
-602,464
-602,465
-602,466
-602,467
-602,468
-602,469
-602,470
-602,471
-602,472
-602,473
-602,474
-602,475
-602,476
-602,477
-602,478
-602,479
-602,480
-602,481
-602,482
-602,483
-602,484
-602,485
-601,486
-601,487
-601,488
-601,489
-601,490
-601,491
-601,492
-601,493
-601,494
-601,495
-601,496
-601,497
-601,498
-601,499
-601,500
-601,501
-601,502
-601,503
-601,504
-601,505
-601,506
-601,507
-601,508
-601,509
-601,510
-601,511
-601,512
-601,513
-601,514
-601,515
-601,516
-601,517
-601,518
-601,519
-601,520
-601,521
-601,522
-601,523
-601,524
-601,525
-601,526
-601,527
-601,528
-601,529
-601,530
-601,531
-601,532
-601,533
-601,534
-601,535
-601,536
-601,537
-601,538
-601,539
-601,540
:436_3,541
:436_3,542
:436_3,543
:436_3,544
:436_3,545
:436_3,546
600,547
600,548
600,549
600,550
600,551
600,552
600,553
600,554
600,555
600,556
600,557
600,558
600,559
600,560
600,561
600,562
600,563
600,564
600,565
600,566
600,567
600,568
600,569
600,570
600,571
600,572
600,573
600,574
600,575
600,576
600,577
600,578
600,579
600,580
600,581
600,582
600,583
600,584
600,585
600,586
600,587
600,588
600,589
600,590
600,591
600,592
600,593
600,594
600,595
600,596
600,597
600,598
600,599
600,600
600,601
600,602
600,603
600,604
600,605
600,606
600,607
600,608
600,609
600,610
600,611
600,612
600,613
600,614
600,615
600,616
600,617
600,618
600,619
600,620
600,621
600,622
600,623
600,624
600,625
600,626
600,627
600,628
600,629
600,630
600,631
600,632
600,633
600,634
600,635
600,636
600,637
600,638
600,639
600,640
600,641
600,642
600,643
600,644
600,645
600,646
600,647
600,648
600,649
600,650
600,651
600,652
600,653
600,654
600,655
600,656
600,657
600,658
600,659
600,660
600,661
600,662
600,663
600,664
600,665
600,666
600,667
600,668
600,669
600,670
600,671
600,672
600,673
600,674
600,675
600,676
600,677
600,678
600,679
600,680
600,681
600,682
600,683
600,684
600,685
600,686
600,687
600,688
600,689
600,690
600,691
600,692
600,693
600,694
600,695
600,696
600,697
600,698
600,699
600,700
600,701
600,702
600,703
600,704
600,705
600,706
600,707
600,708
600,709
600,710
600,711
600,712
600,713
600,714
600,715
600,716
600,717
600,718
600,719
600,720
600,721
600,722
600,723
600,724
600,725
600,726
600,727
600,728
600,729
600,730
600,731
600,732
600,733
600,734
600,735
600,736
600,737
600,738
600,739
600,740
600,741
600,742
600,743
600,744
600,745
600,746
600,747
600,748
600,749
600,750
600,751
600,752
600,753
600,754
600,755
600,756
600,757
600,758
600,759
600,760
600,761
600,762
600,763
600,764
600,765
600,766
600,767
600,768
600,769
600,770
600,771
600,772
600,773
600,774
600,775
600,776
600,777
600,778
600,779
600,780
600,781
600,782
600,783
600,784
600,785
600,786
600,787
600,788
600,789
600,790
600,791
600,792
600,793
600,794
600,795
600,796
600,797
600,798
600,799
600,800
600,801
600,802
600,803
600,804
600,805
600,806
600,807
600,808
600,809
600,810
600,811
600,812
600,813
600,814
600,815
600,816
600,817
600,818
600,819
600,820
600,821
600,822
600,823
600,824
600,825
600,826
600,827
600,828
600,829
600,830
600,831
600,832
600,833
600,834
600,835
600,836
600,837
600,838
600,839
600,840
600,841
600,842
600,843
600,844
600,845
600,846
600,847
600,848
600,849
600,850
600,851
600,852
600,853
600,854
600,855
600,856
600,857
600,858
600,859
600,860
600,861
600,862
600,863
600,864
600,865
600,866
600,867
600,868
600,869
600,870
600,871
600,872
600,873
600,874
600,875
600,876
600,877
600,878
600,879
600,880
600,881
600,882
487,1
487,2
487,3
487,1
