-406,1
-406,1
-406,1
-406,2
-406,3
-406,4
-406,5
-406,6
-406,7
-406,8
-406,9
-406,10
-406,11
-406,12
-406,13
-406,14
-406,15
-406,16
-406,17
-406,18
-406,19
-406,20
-406,21
-406,22
-406,23
-406,24
-406,25
-406,26
-406,27
-406,28
-406,29
-406,30
-406,31
-406,32
-406,33
-406,34
-406,35
-406,36
-406,37
-406,38
-406,39
-406,40
-406,41
-406,42
-406,43
-406,44
-406,45
-406,46
-406,47
-406,48
-406,49
-406,50
-406,51
-406,52
-406,53
-406,54
-406,55
-406,56
-406,57
-406,58
-406,59
-406,60
-406,61
-406,62
-406,63
-406,64
-406,65
-406,66
-406,67
-406,68
-406,69
-406,70
-406,71
-406,72
-406,73
-406,74
-406,75
-406,76
-406,77
-406,78
-406,79
-406,80
-406,81
-406,82
-406,83
-406,84
-406,85
-406,86
-406,87
-406,88
-406,89
-406,90
-406,91
-406,92
-406,93
-406,94
-406,95
-406,96
-406,97
-406,98
-406,99
-406,100
-406,101
-406,102
-406,103
-406,104
-406,105
-406,106
-406,107
-406,108
-406,109
-406,110
-406,111
-406,112
-406,113
-406,114
-406,115
-406,116
-406,117
-406,118
-406,119
-406,120
-406,121
-406,122
-406,123
-406,124
-406,125
-406,126
-406,127
-406,128
-406,129
-406,130
-406,131
-406,132
-406,133
-406,134
-406,135
-406,136
-406,137
-406,138
-406,139
-406,140
-406,141
-406,142
-406,143
-406,144
-406,145
-406,146
-406,147
-406,148
-406,149
-406,150
-406,151
-406,152
-406,153
-406,154
-406,155
-406,156
-406,157
-406,158
-406,159
-406,160
-406,161
-406,162
-406,163
-406,164
-406,165
-406,166
-406,167
-406,168
-406,169
-406,170
-406,171
-406,172
-406,173
-406,174
-406,175
-406,176
-406,177
-406,178
-406,179
-406,180
-406,181
-406,182
-406,183
-406,184
-406,185
-406,186
-406,187
-406,188
-406,189
-406,190
-406,191
-406,192
-406,193
:143_5,194
:143_5,195
:143_5,196
:143_5,197
:143_5,198
:143_5,199
-401,200
-401,201
-401,202
-401,203
-401,204
-401,205
-401,206
-401,207
-401,208
-401,209
-401,210
-401,211
-401,212
-401,213
-401,214
-401,215
-401,216
-401,217
-401,218
-401,219
-401,220
-401,221
-401,222
-401,223
-401,224
-401,225
-401,226
-401,227
-401,228
-401,229
-401,230
-401,231
-401,232
-401,233
-401,234
-401,235
-401,236
-401,237
-401,238
-401,239
-401,240
-401,241
-401,242
-401,243
-401,244
-401,245
-401,246
-401,247
-401,248
-401,249
-401,250
-401,251
-401,252
-401,253
-401,254
-401,255
-401,256
-401,257
-401,258
-401,259
-401,260
-401,261
-401,262
-401,263
-401,264
-401,265
-401,266
-401,267
-401,268
-401,269
-401,270
-401,271
-401,272
-401,273
-401,274
-401,275
-401,276
-401,277
-401,278
-401,279
-401,280
-401,281
-401,282
-401,283
-401,284
-401,285
-401,286
-401,287
-401,288
-401,289
-401,290
-401,291
-401,292
-401,293
-401,294
-401,295
-401,296
-401,297
-401,298
-401,299
-401,300
-401,301
-401,302
-401,303
-401,304
-401,305
-401,306
-401,307
-401,308
-401,309
-401,310
-401,311
-401,312
-401,313
-401,314
-401,315
-401,316
-401,317
-401,318
-401,319
-401,320
-401,321
-401,322
-401,323
-401,324
-401,325
-401,326
-401,327
-401,328
-401,329
-401,330
-401,331
-401,332
-401,333
-401,334
-401,335
-401,336
-401,337
-401,338
-401,339
-401,340
-401,341
-401,342
-401,343
-401,344
-401,345
-401,346
-401,347
-401,348
-401,349
-401,350
-401,351
-401,352
-401,353
-401,354
-401,355
-401,356
-401,357
-401,358
-401,359
-401,360
-401,361
-401,362
-401,363
-401,364
-401,365
-401,366
-401,367
-401,368
-401,369
-401,370
-401,371
-401,372
-401,373
-401,374
-401,375
-401,376
-401,377
-401,378
-401,379
-401,380
-401,381
-401,382
-401,383
-401,384
-401,385
-401,386
-401,387
-401,388
-401,389
-401,390
:215_8,391
:215_8,392
:215_8,393
:215_8,394
245,395
245,396
245,397
245,398
245,399
245,400
245,401
245,402
245,403
245,404
245,405
245,406
245,407
245,408
245,409
245,410
245,411
245,412
245,413
245,414
245,415
245,416
245,417
245,418
245,419
245,420
245,421
245,422
245,423
245,424
245,425
245,426
245,427
245,428
245,429
245,430
245,431
245,432
245,433
245,434
245,435
245,436
245,437
245,438
245,439
245,440
245,441
245,442
245,443
245,444
245,445
245,446
245,447
245,448
245,449
245,450
245,451
:246_4,452
:246_4,453
:246_4,454
:246_10,455
:246_10,456
:246_10,457
:246_10,458
326,459
326,460
326,461
326,462
326,463
326,464
326,465
326,466
326,467
326,468
326,469
326,470
326,471
326,472
326,473
326,474
326,475
326,476
326,477
326,478
326,479
326,480
326,481
326,482
326,483
326,484
326,485
326,486
326,487
326,488
326,489
326,490
326,491
326,492
326,493
326,494
326,495
326,496
326,497
326,498
326,499
326,500
326,501
326,502
326,503
326,504
326,505
326,506
326,507
326,508
326,509
326,510
326,511
326,512
326,513
326,514
326,515
326,516
326,517
326,518
326,519
326,520
326,521
326,522
326,523
326,524
326,525
326,526
326,527
326,528
326,529
326,530
326,531
326,532
326,533
326,534
326,535
326,536
326,537
326,538
326,539
326,540
326,541
326,542
326,543
326,544
326,545
326,546
326,547
326,548
326,549
326,550
326,551
326,552
326,553
326,554
326,555
326,556
326,557
326,558
326,559
326,560
326,561
326,562
326,563
326,564
326,565
326,566
326,567
326,568
326,569
326,570
326,571
326,572
326,573
326,574
326,575
326,576
326,577
326,578
326,579
326,580
326,581
326,582
326,583
326,584
326,585
326,586
326,587
326,588
326,589
326,590
326,591
326,592
326,593
326,594
326,595
326,596
326,597
326,598
326,599
326,600
326,601
326,602
326,603
326,604
326,605
326,606
326,607
326,608
326,609
326,610
326,611
326,612
326,613
326,614
326,615
326,616
326,617
326,618
326,619
326,620
326,621
326,622
326,623
326,624
326,625
326,626
326,627
326,628
326,629
326,630
326,631
326,632
326,633
326,634
326,635
326,636
326,637
326,638
326,639
326,640
326,641
326,642
326,643
326,644
326,645
326,646
326,647
326,648
326,649
326,650
326,651
326,652
326,653
326,654
326,655
326,656
326,657
326,658
326,659
326,660
326,661
:45_6,662
:45_6,663
:45_6,664
:45_6,665
:45_6,666
:45_6,667
:45_6,668
:45_6,669
:45_6,670
:45_6,671
:45_6,672
:45_6,673
:45_6,674
-37,675
-37,676
-37,677
-37,678
-37,679
-37,680
-37,681
-37,682
-37,683
-37,684
-37,685
-37,686
-37,687
-37,688
-37,689
-37,690
-37,691
-37,692
-37,693
-37,694
-37,695
-37,696
-37,697
-37,698
-37,699
-37,700
-37,701
-37,702
-37,703
-37,704
-37,705
-37,706
-37,707
-37,708
-37,709
-37,710
-37,711
-37,712
-37,713
-37,714
-37,715
-37,716
-37,717
-37,718
-37,719
-37,720
-37,721
-37,722
-37,723
-37,724
-37,725
-37,726
-37,727
-37,728
-37,729
-37,730
-37,731
-37,732
-37,733
-37,734
-37,735
-37,736
-37,737
-37,738
-37,739
-37,740
-37,741
-37,742
-37,743
-37,744
-37,745
-37,746
-37,747
-37,748
-37,749
-37,750
-37,751
-37,752
-37,753
-37,754
-37,755
-37,756
-37,757
-37,758
-37,759
-37,760
-37,761
-37,762
-37,763
-37,764
-37,765
-37,766
-37,767
-37,768
-37,769
-37,770
-37,771
-37,772
-37,773
-37,774
-37,775
-37,776
-37,777
-37,778
-37,779
-37,780
-37,781
-37,782
-37,783
-37,784
-37,785
-37,786
-37,787
-37,788
-37,789
-37,790
-37,791
-37,792
-37,793
-37,794
-37,795
-37,796
-37,797
-37,798
-37,799
-37,800
-37,801
-37,802
-37,803
-37,804
-37,805
-37,806
-37,807
-37,808
-37,809
-37,810
-37,811
-37,812
-37,813
:43_9,814
:43_9,815
:43_9,816
:43_9,817
:43_9,818
:43_9,819
36,820
36,821
36,822
36,823
36,824
36,825
36,826
36,827
36,828
36,829
36,830
36,831
36,832
36,833
36,834
36,835
36,836
36,837
36,838
36,839
36,840
36,841
36,842
36,843
36,844
36,845
36,846
36,847
36,848
36,849
36,850
36,851
36,852
36,853
36,854
36,855
36,856
36,857
36,858
36,859
36,860
36,861
36,862
36,863
36,864
36,865
36,866
36,867
36,868
36,869
36,870
36,871
36,872
36,873
36,874
36,875
36,876
36,877
36,878
36,879
36,880
36,881
36,882
36,883
36,884
36,885
36,886
36,887
36,888
36,889
36,890
36,891
36,892
36,893
36,894
36,895
36,896
36,897
36,898
36,899
36,900
36,901
36,902
36,903
36,904
36,905
36,906
36,907
36,908
36,909
36,910
36,911
36,912
36,913
36,914
36,915
36,916
36,917
36,918
36,919
36,920
36,921
36,922
36,923
36,924
36,925
36,926
36,927
36,928
36,929
36,930
36,931
36,932
36,933
36,934
36,935
36,936
36,937
36,938
36,939
36,940
36,941
36,942
36,943
36,944
36,945
36,946
36,947
36,948
36,949
36,950
36,951
36,952
36,953
36,954
36,955
36,956
36,957
36,958
36,959
36,960
36,961
36,962
36,963
36,964
36,965
-406,1
-406,2
-406,3
-406,1
