-265,1
-265,1
-265,1
-265,2
-265,3
-265,4
-265,5
-265,6
-265,7
-265,8
-265,9
-265,10
-265,11
-265,12
-265,13
-265,14
-265,15
-265,16
-265,17
-265,18
-265,19
-265,20
-265,21
-265,22
-265,23
-265,24
-265,25
-265,26
-265,27
-265,28
-265,29
-265,30
-265,31
-265,32
-265,33
-265,34
-265,35
-265,36
-265,37
-265,38
-265,39
-265,40
-265,41
-265,42
-265,43
-265,44
-265,45
-265,46
-265,47
-265,48
-265,49
-265,50
-265,51
-265,52
-265,53
-265,54
-265,55
-265,56
-265,57
-265,58
-265,59
-265,60
-265,61
-265,62
-265,63
-265,64
-265,65
-265,66
-265,67
-265,68
-265,69
-265,70
-265,71
-265,72
-265,73
-265,74
-265,75
-265,76
-265,77
-265,78
-265,79
-265,80
-265,81
-265,82
-265,83
-265,84
-265,85
-265,86
-265,87
-265,88
-265,89
-265,90
-265,91
-265,92
-265,93
-265,94
-265,95
-265,96
-265,97
-265,98
-265,99
-265,100
-265,101
-265,102
-265,103
-265,104
-265,105
-265,106
-265,107
-265,108
-265,109
-265,110
-265,111
-265,112
-265,113
-265,114
-265,115
-265,116
-265,117
-265,118
-265,119
-265,120
-265,121
-265,122
-265,123
-265,124
-265,125
-265,126
-265,127
-265,128
-265,129
-265,130
-265,131
-265,132
-265,133
-265,134
-265,135
-265,136
-265,137
-265,138
-265,139
-265,140
-265,141
-265,142
-265,143
-265,144
-265,145
-265,146
-265,147
-265,148
-265,149
-265,150
-265,151
-265,152
-265,153
-265,154
-265,155
-265,156
-265,157
-265,158
-265,159
-265,160
-265,161
-265,162
-265,163
-265,164
-265,165
-265,166
-265,167
-265,168
-265,169
-265,170
-265,171
-265,172
-265,173
-265,174
-265,175
-265,176
-265,177
-265,178
-265,179
-265,180
-265,181
-265,182
-265,183
-265,184
-265,185
-265,186
-265,187
-265,188
-265,189
-265,190
-265,191
-265,192
-265,193
-265,194
-265,195
-265,196
-265,197
-265,198
-265,199
-265,200
-265,201
-265,202
-265,203
-265,204
-265,205
-265,206
-265,207
-265,208
-265,209
-265,210
-265,211
-265,212
-265,213
-265,214
-265,215
:259_13,216
:259_13,217
:259_13,218
:259_13,219
:259_13,220
:259_13,221
:259_13,222
:259_13,223
264,224
264,225
264,226
264,227
264,228
264,229
264,230
264,231
264,232
264,233
264,234
264,235
264,236
264,237
264,238
264,239
264,240
264,241
264,242
264,243
264,244
264,245
264,246
264,247
264,248
264,249
264,250
264,251
264,252
264,253
264,254
264,255
264,256
264,257
264,258
264,259
264,260
264,261
264,262
264,263
264,264
264,265
264,266
264,267
264,268
264,269
264,270
264,271
264,272
264,273
264,274
264,275
264,276
264,277
264,278
264,279
264,280
264,281
264,282
264,283
264,284
264,285
264,286
264,287
264,288
264,289
264,290
264,291
264,292
264,293
264,294
264,295
264,296
264,297
264,298
264,299
264,300
264,301
264,302
264,303
264,304
264,305
264,306
264,307
264,308
264,309
264,310
264,311
264,312
264,313
264,314
264,315
264,316
264,317
264,318
264,319
264,320
264,321
264,322
264,323
264,324
264,325
264,326
264,327
264,328
264,329
264,330
264,331
264,332
264,333
264,334
264,335
264,336
264,337
264,338
264,339
264,340
264,341
264,342
264,343
:66_6,344
:66_6,345
:66_6,346
:66_6,347
:66_6,348
-57,349
-57,350
-57,351
-57,352
-57,353
-57,354
-57,355
-57,356
-57,357
-57,358
-57,359
-57,360
-57,361
-57,362
-57,363
-57,364
-57,365
-57,366
-57,367
-57,368
-57,369
-57,370
-57,371
-57,372
-57,373
-57,374
-57,375
-57,376
-57,377
-57,378
-57,379
-57,380
-57,381
-57,382
-57,383
-57,384
-57,385
-57,386
-57,387
-57,388
-57,389
-57,390
-57,391
-57,392
-57,393
-57,394
-57,395
-57,396
-57,397
-57,398
-57,399
-57,400
-57,401
-57,402
-57,403
-57,404
-57,405
-57,406
-57,407
-57,408
-57,409
-57,410
-57,411
-57,412
-57,413
-57,414
-57,415
:65_13,416
:65_13,417
:65_13,418
:65_13,419
:65_13,420
60,421
60,422
60,423
60,424
60,425
60,426
60,427
60,428
60,429
60,430
60,431
60,432
60,433
60,434
60,435
60,436
60,437
60,438
60,439
60,440
60,441
60,442
60,443
60,444
60,445
60,446
60,447
60,448
60,449
60,450
60,451
60,452
60,453
60,454
60,455
60,456
60,457
60,458
60,459
60,460
60,461
60,462
60,463
60,464
60,465
60,466
60,467
60,468
60,469
60,470
60,471
60,472
60,473
60,474
60,475
60,476
60,477
60,478
60,479
60,480
60,481
60,482
60,483
60,484
60,485
60,486
60,487
60,488
61,489
61,490
61,491
61,492
61,493
61,494
61,495
61,496
61,497
61,498
61,499
61,500
61,501
61,502
61,503
61,504
61,505
61,506
61,507
61,508
61,509
61,510
61,511
61,512
61,513
61,514
61,515
61,516
61,517
61,518
61,519
61,520
61,521
61,522
61,523
61,524
61,525
61,526
61,527
61,528
61,529
61,530
61,531
61,532
61,533
61,534
61,535
61,536
61,537
61,538
61,539
61,540
61,541
61,542
61,543
61,544
61,545
61,546
61,547
61,548
61,549
61,550
61,551
61,552
61,553
61,554
61,555
61,556
61,557
61,558
61,559
61,560
61,561
61,562
62,563
62,564
62,565
62,566
62,567
62,568
62,569
62,570
62,571
62,572
62,573
62,574
62,575
62,576
62,577
62,578
62,579
62,580
62,581
62,582
62,583
62,584
62,585
62,586
62,587
62,588
62,589
62,590
62,591
62,592
62,593
62,594
62,595
62,596
62,597
62,598
62,599
62,600
62,601
62,602
62,603
62,604
62,605
62,606
62,607
62,608
62,609
62,610
62,611
62,612
62,613
62,614
62,615
62,616
62,617
62,618
62,619
62,620
62,621
62,622
62,623
62,624
62,625
62,626
62,627
62,628
62,629
62,630
62,631
62,632
62,633
62,634
62,635
62,636
62,637
62,638
63,639
63,640
63,641
63,642
63,643
63,644
63,645
63,646
63,647
63,648
63,649
63,650
63,651
63,652
63,653
63,654
63,655
63,656
63,657
63,658
63,659
63,660
63,661
63,662
63,663
63,664
63,665
63,666
63,667
63,668
63,669
63,670
63,671
63,672
63,673
63,674
63,675
63,676
63,677
63,678
63,679
63,680
63,681
63,682
63,683
63,684
63,685
63,686
63,687
63,688
63,689
63,690
63,691
63,692
63,693
63,694
63,695
63,696
63,697
63,698
63,699
63,700
63,701
63,702
63,703
63,704
63,705
63,706
63,707
:72_3,708
:72_3,709
:72_3,710
:72_3,711
:72_3,712
:72_3,713
:72_3,714
64,715
64,716
64,717
64,718
64,719
64,720
64,721
64,722
64,723
64,724
64,725
64,726
64,727
64,728
64,729
64,730
64,731
64,732
64,733
64,734
64,735
64,736
64,737
64,738
64,739
64,740
64,741
64,742
64,743
64,744
64,745
64,746
64,747
64,748
64,749
64,750
64,751
64,752
64,753
64,754
64,755
64,756
64,757
64,758
64,759
64,760
64,761
64,762
64,763
64,764
64,765
64,766
64,767
64,768
64,769
64,770
64,771
64,772
64,773
64,774
64,775
64,776
64,777
64,778
64,779
64,780
64,781
64,782
64,783
64,784
64,785
64,786
64,787
64,788
64,789
64,790
64,791
64,792
64,793
64,794
64,795
64,796
64,797
64,798
64,799
64,800
64,801
:73_12,802
:73_12,803
:73_12,804
:73_12,805
368,806
368,807
368,808
368,809
368,810
368,811
368,812
368,813
368,814
368,815
368,816
368,817
368,818
368,819
368,820
368,821
368,822
368,823
368,824
368,825
368,826
368,827
368,828
368,829
368,830
368,831
368,832
368,833
368,834
368,835
368,836
368,837
368,838
368,839
368,840
368,841
368,842
368,843
368,844
368,845
368,846
368,847
368,848
368,849
368,850
368,851
368,852
368,853
368,854
368,855
368,856
368,857
368,858
368,859
368,860
368,861
368,862
368,863
368,864
368,865
368,866
368,867
368,868
368,869
368,870
368,871
368,872
368,873
368,874
368,875
368,876
368,877
368,878
368,879
368,880
368,881
368,882
368,883
368,884
368,885
368,886
368,887
368,888
368,889
368,890
368,891
368,892
368,893
368,894
368,895
368,896
368,897
368,898
368,899
368,900
368,901
368,902
368,903
368,904
368,905
368,906
368,907
368,908
368,909
368,910
368,911
368,912
368,913
368,914
368,915
368,916
368,917
368,918
368,919
368,920
368,921
368,922
368,923
368,924
368,925
368,926
368,927
368,928
368,929
368,930
368,931
368,932
368,933
368,934
368,935
368,936
368,937
368,938
368,939
368,940
368,941
368,942
368,943
368,944
368,945
368,946
368,947
368,948
:337_0,949
:337_0,950
:337_0,951
455,952
455,953
455,954
455,955
455,956
455,957
455,958
455,959
455,960
455,961
455,962
455,963
455,964
455,965
-265,1
-265,2
-265,3
-265,1
