-54,1
-54,1
-54,1
-54,2
-54,3
-54,4
-54,5
-54,6
-54,7
-54,8
-54,9
-54,10
-54,11
-54,12
-54,13
-54,14
-54,15
-54,16
-54,17
-54,18
-54,19
-54,20
-54,21
-54,22
-54,23
-54,24
-54,25
-54,26
-54,27
-54,28
-54,29
-54,30
-54,31
-54,32
-54,33
-54,34
-54,35
-54,36
-54,37
:61_0,38
:61_0,39
:61_0,40
:61_0,41
:61_0,42
-53,43
-53,44
-53,45
-53,46
-53,47
-53,48
-53,49
-53,50
-53,51
-53,52
-53,53
-53,54
-53,55
-53,56
-53,57
-53,58
-53,59
-53,60
-53,61
-53,62
-53,63
-53,64
-53,65
-53,66
-53,67
-53,68
-53,69
-53,70
-53,71
-53,72
-53,73
-53,74
-53,75
-53,76
-53,77
-53,78
-53,79
-53,80
-53,81
-53,82
-53,83
-53,84
-53,85
-53,86
-53,87
-53,88
-53,89
-53,90
-53,91
-53,92
-53,93
-53,94
-53,95
-53,96
-53,97
-53,98
-53,99
-53,100
-53,101
-53,102
:58_5,103
:58_5,104
:58_5,105
:58_5,106
56,107
56,108
56,109
56,110
56,111
56,112
56,113
56,114
56,115
56,116
56,117
56,118
56,119
56,120
56,121
56,122
56,123
56,124
56,125
56,126
56,127
56,128
56,129
56,130
56,131
56,132
56,133
56,134
56,135
56,136
56,137
56,138
56,139
56,140
56,141
56,142
56,143
56,144
56,145
56,146
56,147
56,148
56,149
56,150
56,151
56,152
56,153
56,154
56,155
56,156
56,157
56,158
56,159
56,160
56,161
56,162
56,163
56,164
56,165
56,166
56,167
56,168
56,169
56,170
56,171
56,172
56,173
56,174
56,175
56,176
56,177
56,178
56,179
56,180
56,181
56,182
56,183
56,184
56,185
56,186
56,187
56,188
56,189
56,190
56,191
56,192
56,193
56,194
56,195
56,196
56,197
56,198
56,199
56,200
56,201
56,202
56,203
56,204
56,205
56,206
56,207
56,208
56,209
56,210
56,211
56,212
56,213
56,214
56,215
56,216
56,217
56,218
56,219
56,220
:64_1,221
:64_1,222
:64_1,223
:64_1,224
:64_1,225
569,226
569,227
569,228
569,229
569,230
569,231
569,232
569,233
569,234
569,235
569,236
569,237
569,238
569,239
569,240
569,241
569,242
569,243
569,244
569,245
569,246
569,247
569,248
569,249
569,250
569,251
569,252
569,253
569,254
569,255
569,256
569,257
569,258
569,259
569,260
569,261
569,262
569,263
569,264
569,265
569,266
569,267
569,268
569,269
569,270
569,271
569,272
569,273
569,274
569,275
569,276
569,277
569,278
569,279
569,280
569,281
569,282
569,283
569,284
569,285
569,286
569,287
569,288
569,289
569,290
569,291
569,292
569,293
569,294
569,295
569,296
569,297
569,298
569,299
569,300
569,301
569,302
569,303
569,304
569,305
569,306
569,307
569,308
:151_0,309
:151_0,310
:151_0,311
:151_0,312
570,313
570,314
570,315
570,316
570,317
570,318
570,319
570,320
570,321
570,322
570,323
570,324
570,325
570,326
570,327
570,328
570,329
570,330
570,331
570,332
570,333
570,334
570,335
570,336
570,337
570,338
570,339
570,340
570,341
570,342
570,343
570,344
570,345
570,346
570,347
570,348
570,349
570,350
570,351
570,352
570,353
570,354
570,355
570,356
570,357
570,358
570,359
570,360
570,361
570,362
570,363
570,364
570,365
570,366
570,367
570,368
570,369
570,370
570,371
570,372
570,373
570,374
570,375
570,376
570,377
570,378
570,379
570,380
570,381
570,382
570,383
570,384
570,385
570,386
570,387
570,388
570,389
570,390
570,391
570,392
570,393
570,394
570,395
570,396
570,397
570,398
570,399
570,400
570,401
570,402
570,403
570,404
570,405
570,406
570,407
570,408
570,409
570,410
570,411
570,412
570,413
570,414
570,415
570,416
570,417
570,418
570,419
570,420
570,421
570,422
570,423
570,424
570,425
570,426
570,427
570,428
570,429
570,430
570,431
570,432
570,433
570,434
570,435
570,436
570,437
570,438
570,439
570,440
570,441
570,442
570,443
570,444
:99_0,445
:99_0,446
:99_0,447
571,448
571,449
571,450
571,451
571,452
571,453
571,454
571,455
571,456
571,457
571,458
571,459
571,460
571,461
571,462
571,463
571,464
571,465
571,466
571,467
571,468
571,469
571,470
571,471
571,472
571,473
571,474
571,475
571,476
571,477
571,478
571,479
571,480
571,481
571,482
571,483
571,484
571,485
571,486
571,487
571,488
571,489
571,490
571,491
571,492
571,493
571,494
571,495
571,496
571,497
571,498
571,499
571,500
571,501
571,502
571,503
571,504
571,505
571,506
571,507
571,508
571,509
571,510
571,511
571,512
571,513
571,514
571,515
571,516
571,517
571,518
571,519
571,520
571,521
571,522
571,523
571,524
571,525
571,526
571,527
571,528
571,529
571,530
571,531
571,532
571,533
571,534
571,535
571,536
571,537
571,538
571,539
571,540
571,541
571,542
571,543
571,544
571,545
571,546
571,547
571,548
571,549
571,550
571,551
571,552
571,553
571,554
571,555
571,556
571,557
571,558
571,559
571,560
571,561
571,562
571,563
571,564
571,565
571,566
571,567
571,568
571,569
571,570
571,571
571,572
571,573
571,574
571,575
571,576
571,577
571,578
571,579
571,580
571,581
571,582
571,583
571,584
571,585
571,586
571,587
571,588
571,589
571,590
571,591
571,592
571,593
571,594
571,595
571,596
571,597
571,598
571,599
571,600
571,601
571,602
571,603
571,604
571,605
571,606
571,607
571,608
571,609
571,610
571,611
571,612
:92_1,613
:92_1,614
:92_1,615
:92_1,616
-79,617
-79,618
-79,619
-79,620
-79,621
-79,622
-79,623
-79,624
-79,625
-79,626
-79,627
-79,628
-79,629
-79,630
-79,631
-79,632
-79,633
-79,634
-79,635
-79,636
-79,637
-79,638
-79,639
-79,640
-79,641
-79,642
-79,643
-79,644
-79,645
-79,646
-79,647
-79,648
-79,649
-79,650
-79,651
-79,652
-79,653
-79,654
-79,655
-79,656
-79,657
-79,658
-79,659
-79,660
-79,661
-79,662
-79,663
-79,664
-79,665
-79,666
-79,667
-79,668
-79,669
-79,670
-79,671
-79,672
-79,673
-79,674
-79,675
-79,676
-79,677
-79,678
-79,679
-79,680
-79,681
-79,682
-79,683
-79,684
-79,685
-79,686
-79,687
-79,688
-79,689
-79,690
-79,691
-79,692
-79,693
-79,694
-79,695
-79,696
-79,697
-79,698
-79,699
-79,700
-79,701
:91_0,702
:91_0,703
:91_0,704
:91_0,705
:91_0,706
:91_0,707
80,708
80,709
80,710
80,711
80,712
80,713
80,714
80,715
80,716
80,717
80,718
80,719
80,720
80,721
80,722
80,723
80,724
80,725
80,726
80,727
80,728
80,729
80,730
80,731
80,732
80,733
80,734
80,735
80,736
80,737
80,738
80,739
80,740
80,741
80,742
80,743
80,744
80,745
80,746
80,747
80,748
80,749
80,750
80,751
80,752
80,753
80,754
80,755
80,756
80,757
80,758
80,759
80,760
80,761
80,762
80,763
80,764
80,765
80,766
80,767
80,768
80,769
80,770
80,771
80,772
80,773
80,774
80,775
80,776
80,777
80,778
80,779
80,780
80,781
80,782
80,783
80,784
80,785
80,786
80,787
80,788
80,789
80,790
80,791
80,792
80,793
80,794
80,795
80,796
80,797
80,798
80,799
80,800
:93_4,801
:93_4,802
:93_4,803
:93_4,804
630,805
630,806
630,807
630,808
630,809
630,810
630,811
630,812
630,813
630,814
630,815
630,816
630,817
630,818
630,819
630,820
630,821
630,822
630,823
630,824
630,825
630,826
630,827
630,828
630,829
630,830
630,831
630,832
630,833
630,834
630,835
630,836
630,837
630,838
630,839
630,840
630,841
630,842
630,843
630,844
630,845
630,846
630,847
630,848
630,849
630,850
630,851
630,852
630,853
630,854
630,855
630,856
630,857
630,858
630,859
630,860
630,861
630,862
630,863
630,864
630,865
630,866
630,867
630,868
630,869
630,870
630,871
630,872
630,873
630,874
630,875
630,876
630,877
630,878
630,879
630,880
630,881
630,882
630,883
630,884
630,885
630,886
630,887
630,888
630,889
630,890
630,891
630,892
630,893
630,894
630,895
630,896
630,897
630,898
:213_4,899
:213_4,900
:213_4,901
:213_4,902
-205,903
-205,904
-205,905
-205,906
-205,907
-205,908
-205,909
-205,910
-205,911
-205,912
-205,913
-205,914
-205,915
-205,916
-205,917
-205,918
-205,919
-205,920
-205,921
-205,922
-205,923
-205,924
-205,925
-205,926
-205,927
-205,928
-205,929
-205,930
-205,931
-205,932
-205,933
-205,934
-205,935
-205,936
-205,937
-205,938
-205,939
-205,940
-205,941
-205,942
-205,943
-205,944
-205,945
-205,946
-205,947
-205,948
-205,949
-205,950
-205,951
-205,952
-205,953
-205,954
-205,955
-205,956
-205,957
-205,958
-205,959
-205,960
-205,961
-205,962
-205,963
-205,964
-205,965
-54,1
-54,2
-54,3
-54,1
