-504,1
-504,1
-504,1
-504,2
-504,3
-504,4
-504,5
-504,6
-504,7
-504,8
-504,9
-504,10
-504,11
-504,12
-504,13
-504,14
-504,15
-504,16
-504,17
-504,18
-504,19
-504,20
-504,21
-504,22
-504,23
-504,24
-504,25
-504,26
-504,27
:421_0,28
:421_0,29
:421_0,30
:421_0,31
503,32
503,33
503,34
503,35
503,36
503,37
503,38
503,39
503,40
503,41
503,42
503,43
503,44
503,45
503,46
503,47
503,48
503,49
503,50
503,51
503,52
503,53
503,54
503,55
503,56
503,57
503,58
503,59
503,60
503,61
503,62
503,63
503,64
503,65
503,66
503,67
503,68
503,69
503,70
503,71
503,72
503,73
503,74
503,75
503,76
503,77
503,78
503,79
503,80
503,81
503,82
503,83
503,84
503,85
503,86
503,87
503,88
503,89
503,90
503,91
:399_4,92
:399_4,93
:399_4,94
523,95
523,96
523,97
523,98
523,99
523,100
523,101
523,102
523,103
523,104
523,105
523,106
523,107
523,108
523,109
523,110
523,111
523,112
523,113
523,114
523,115
523,116
523,117
523,118
523,119
523,120
523,121
523,122
523,123
523,124
523,125
523,126
523,127
523,128
523,129
523,130
523,131
523,132
523,133
523,134
523,135
523,136
523,137
523,138
523,139
523,140
523,141
523,142
:282_4,143
:282_4,144
:282_4,145
:282_10,146
:282_10,147
:282_10,148
-293,149
-293,150
-293,151
-293,152
-293,153
-293,154
-293,155
-293,156
-293,157
-293,158
-293,159
-293,160
-293,161
-293,162
-293,163
-293,164
-293,165
-293,166
-293,167
-293,168
-293,169
-293,170
-293,171
-293,172
-293,173
-293,174
-293,175
-293,176
-293,177
-293,178
-293,179
-293,180
-293,181
-293,182
-293,183
-293,184
-293,185
-293,186
-293,187
-293,188
-293,189
-293,190
-293,191
-293,192
-293,193
-293,194
-293,195
-293,196
-293,197
-293,198
-293,199
-293,200
-293,201
-293,202
-293,203
-293,204
-293,205
-293,206
-293,207
-293,208
-293,209
-293,210
-293,211
-293,212
-293,213
-293,214
-293,215
-293,216
-293,217
-293,218
-293,219
-293,220
-293,221
-293,222
-293,223
-293,224
-293,225
-293,226
-293,227
-293,228
-293,229
-293,230
-293,231
-293,232
-293,233
-293,234
-293,235
-293,236
-293,237
-293,238
-293,239
-293,240
-293,241
-293,242
-293,243
-293,244
-293,245
-293,246
-293,247
-293,248
-293,249
-293,250
-293,251
-293,252
-293,253
-293,254
-293,255
-293,256
-293,257
-293,258
-293,259
-293,260
-293,261
-293,262
-293,263
-293,264
-293,265
-293,266
-293,267
-293,268
-293,269
-293,270
-293,271
-293,272
-293,273
-293,274
-293,275
-293,276
-293,277
-293,278
-293,279
-293,280
-293,281
-293,282
-293,283
-293,284
-293,285
-293,286
-293,287
-293,288
-293,289
-293,290
-293,291
-293,292
:122_0,293
:122_0,294
:122_0,295
:122_0,296
-106,297
-106,298
-106,299
-106,300
-106,301
-106,302
-106,303
-106,304
-106,305
-106,306
-106,307
-106,308
-106,309
-106,310
-106,311
-106,312
-106,313
-106,314
-106,315
-106,316
-106,317
-106,318
-106,319
-106,320
-106,321
-106,322
-106,323
-106,324
-106,325
-106,326
-106,327
-106,328
-106,329
-106,330
-106,331
-106,332
-106,333
-106,334
-106,335
-106,336
-106,337
-106,338
-106,339
-106,340
-106,341
-106,342
-106,343
-106,344
-106,345
-106,346
-106,347
-106,348
-106,349
-106,350
-106,351
-106,352
-106,353
-106,354
-106,355
-106,356
-106,357
-106,358
-106,359
-106,360
-106,361
-106,362
-106,363
-106,364
-106,365
-106,366
:119_6,367
:119_6,368
:119_6,369
:119_6,370
:119_6,371
104,372
104,373
104,374
104,375
104,376
104,377
104,378
104,379
104,380
104,381
104,382
104,383
104,384
104,385
104,386
104,387
104,388
104,389
104,390
104,391
104,392
104,393
104,394
104,395
104,396
104,397
104,398
104,399
104,400
104,401
104,402
104,403
104,404
104,405
104,406
104,407
104,408
104,409
104,410
104,411
104,412
104,413
104,414
104,415
104,416
104,417
104,418
104,419
104,420
104,421
104,422
104,423
104,424
104,425
104,426
104,427
104,428
104,429
104,430
104,431
104,432
104,433
104,434
104,435
104,436
104,437
104,438
104,439
104,440
104,441
104,442
104,443
104,444
104,445
104,446
104,447
104,448
104,449
104,450
104,451
104,452
104,453
104,454
104,455
104,456
104,457
104,458
104,459
104,460
104,461
104,462
104,463
104,464
104,465
104,466
104,467
104,468
104,469
104,470
104,471
104,472
104,473
104,474
104,475
104,476
104,477
104,478
104,479
104,480
104,481
104,482
104,483
:87_0,484
:87_0,485
:87_0,486
:87_0,487
396,488
396,489
396,490
396,491
396,492
396,493
396,494
396,495
396,496
396,497
396,498
396,499
396,500
396,501
396,502
396,503
396,504
396,505
396,506
396,507
396,508
396,509
396,510
396,511
396,512
396,513
396,514
396,515
396,516
396,517
396,518
396,519
396,520
396,521
396,522
396,523
396,524
396,525
396,526
396,527
396,528
396,529
396,530
396,531
396,532
396,533
396,534
396,535
396,536
396,537
396,538
396,539
396,540
396,541
396,542
396,543
396,544
396,545
396,546
396,547
396,548
396,549
396,550
396,551
396,552
396,553
396,554
396,555
396,556
396,557
396,558
396,559
396,560
396,561
396,562
:357_8,563
:357_8,564
:357_8,565
643,566
643,567
643,568
643,569
643,570
643,571
643,572
643,573
643,574
643,575
643,576
643,577
643,578
643,579
643,580
643,581
643,582
643,583
643,584
643,585
643,586
643,587
643,588
643,589
643,590
643,591
643,592
643,593
643,594
643,595
643,596
643,597
643,598
643,599
643,600
643,601
643,602
643,603
643,604
643,605
643,606
643,607
643,608
643,609
643,610
643,611
643,612
643,613
643,614
643,615
643,616
643,617
643,618
643,619
643,620
643,621
643,622
643,623
643,624
643,625
643,626
643,627
643,628
643,629
643,630
643,631
643,632
643,633
643,634
643,635
643,636
643,637
643,638
643,639
643,640
643,641
643,642
643,643
643,644
643,645
643,646
643,647
643,648
643,649
643,650
643,651
643,652
643,653
643,654
643,655
643,656
643,657
643,658
643,659
643,660
643,661
643,662
643,663
643,664
643,665
643,666
643,667
643,668
643,669
643,670
643,671
643,672
643,673
643,674
643,675
643,676
643,677
643,678
643,679
643,680
:121_7,681
:121_7,682
:121_7,683
:121_7,684
:121_7,685
432,686
432,687
432,688
432,689
432,690
432,691
432,692
432,693
432,694
432,695
432,696
432,697
432,698
432,699
432,700
432,701
432,702
432,703
432,704
432,705
432,706
432,707
432,708
432,709
432,710
432,711
432,712
432,713
432,714
432,715
432,716
432,717
432,718
432,719
432,720
432,721
432,722
432,723
432,724
432,725
432,726
432,727
432,728
432,729
432,730
432,731
432,732
432,733
432,734
432,735
432,736
432,737
432,738
432,739
432,740
432,741
432,742
432,743
432,744
432,745
432,746
432,747
432,748
432,749
432,750
432,751
432,752
432,753
432,754
432,755
432,756
432,757
:376_3,758
:376_3,759
:376_3,760
:376_3,761
:376_3,762
:376_3,763
587,764
587,765
587,766
587,767
587,768
587,769
587,770
587,771
587,772
587,773
587,774
587,775
587,776
587,777
587,778
587,779
587,780
587,781
587,782
587,783
587,784
587,785
587,786
587,787
587,788
587,789
587,790
587,791
587,792
587,793
587,794
587,795
587,796
587,797
587,798
587,799
587,800
587,801
587,802
587,803
587,804
587,805
587,806
587,807
587,808
587,809
587,810
587,811
587,812
587,813
587,814
587,815
587,816
587,817
587,818
587,819
587,820
587,821
587,822
587,823
587,824
587,825
587,826
587,827
587,828
587,829
587,830
587,831
587,832
587,833
587,834
587,835
587,836
587,837
587,838
587,839
587,840
587,841
587,842
587,843
587,844
:225_3,845
:225_3,846
:225_3,847
:225_3,848
:225_3,849
:225_3,850
-219,851
-219,852
-219,853
-219,854
-219,855
-219,856
-219,857
-219,858
-219,859
-219,860
-219,861
-219,862
-219,863
-219,864
-219,865
-219,866
-219,867
-219,868
-219,869
-219,870
-219,871
-219,872
-219,873
-219,874
-219,875
-219,876
-219,877
-219,878
-219,879
-219,880
-219,881
-219,882
-219,883
-219,884
-219,885
-219,886
-219,887
-219,888
-219,889
-219,890
-219,891
-219,892
-219,893
-219,894
-219,895
-219,896
-219,897
-219,898
-219,899
-219,900
-219,901
-219,902
-219,903
-219,904
-219,905
-219,906
-219,907
-219,908
-219,909
-219,910
-219,911
-219,912
-219,913
-219,914
-219,915
-219,916
-219,917
-219,918
-219,919
-219,920
-219,921
-219,922
-219,923
-219,924
-219,925
-219,926
-219,927
-219,928
-219,929
-219,930
-219,931
-219,932
-219,933
-219,934
-219,935
-219,936
-219,937
-219,938
-219,939
-219,940
-504,1
-504,2
-504,3
-504,1
