-96,1
-96,1
-96,1
-96,2
-96,3
-96,4
-96,5
-96,6
-96,7
-96,8
-96,9
-96,10
-96,11
-96,12
-96,13
-96,14
-96,15
-96,16
-96,17
-96,18
-96,19
-96,20
-96,21
-96,22
-96,23
-96,24
-96,25
-96,26
-96,27
-96,28
-96,29
-96,30
-96,31
-96,32
-96,33
-96,34
-96,35
-96,36
-96,37
-96,38
-96,39
-96,40
-96,41
-96,42
-96,43
-96,44
-96,45
-96,46
-96,47
-96,48
-96,49
-96,50
-96,51
-96,52
-96,53
-96,54
-96,55
-96,56
-96,57
-96,58
-96,59
-96,60
-96,61
-96,62
-96,63
-96,64
-96,65
:112_1,66
:112_1,67
:112_1,68
:112_1,69
:112_1,70
:112_1,71
-95,72
-95,73
-95,74
-95,75
-95,76
-95,77
-95,78
-95,79
-95,80
-95,81
-95,82
-95,83
-95,84
-95,85
-95,86
-95,87
-95,88
-95,89
-95,90
-95,91
-95,92
-95,93
-95,94
-95,95
-95,96
-95,97
-95,98
-95,99
-95,100
-95,101
-95,102
-95,103
-95,104
-95,105
-95,106
-95,107
-95,108
-95,109
-95,110
-95,111
-95,112
-95,113
-95,114
-95,115
-95,116
-95,117
-95,118
-95,119
-95,120
:111_0,121
:111_0,122
:111_0,123
:111_0,124
98,125
98,126
98,127
98,128
98,129
98,130
98,131
98,132
98,133
98,134
98,135
98,136
98,137
98,138
98,139
98,140
98,141
98,142
98,143
98,144
98,145
98,146
98,147
98,148
98,149
98,150
98,151
98,152
98,153
98,154
98,155
98,156
98,157
98,158
98,159
98,160
98,161
98,162
98,163
98,164
98,165
98,166
98,167
98,168
98,169
98,170
98,171
98,172
98,173
98,174
98,175
98,176
98,177
98,178
98,179
98,180
98,181
98,182
98,183
98,184
98,185
98,186
98,187
98,188
98,189
98,190
98,191
98,192
98,193
98,194
98,195
98,196
98,197
98,198
98,199
98,200
98,201
98,202
98,203
98,204
98,205
98,206
98,207
98,208
98,209
98,210
98,211
98,212
98,213
98,214
98,215
98,216
98,217
98,218
98,219
98,220
98,221
98,222
98,223
98,224
98,225
98,226
98,227
98,228
98,229
98,230
98,231
98,232
98,233
98,234
98,235
98,236
98,237
98,238
98,239
98,240
98,241
98,242
98,243
98,244
98,245
98,246
98,247
98,248
98,249
98,250
98,251
98,252
98,253
98,254
98,255
98,256
98,257
98,258
98,259
98,260
98,261
98,262
98,263
98,264
98,265
98,266
98,267
98,268
98,269
98,270
98,271
98,272
98,273
98,274
98,275
98,276
98,277
98,278
98,279
98,280
98,281
98,282
98,283
98,284
98,285
98,286
98,287
98,288
98,289
98,290
98,291
98,292
98,293
98,294
98,295
98,296
98,297
98,298
98,299
98,300
98,301
98,302
98,303
98,304
:56_5,305
:56_5,306
:56_5,307
:56_5,308
:56_5,309
:56_5,310
-48,311
-48,312
-48,313
-48,314
-48,315
-48,316
-48,317
-48,318
-48,319
-48,320
-48,321
-48,322
-48,323
-48,324
-48,325
-48,326
-48,327
-48,328
-48,329
-48,330
-48,331
-48,332
-48,333
-48,334
-48,335
-48,336
-48,337
-48,338
-48,339
-48,340
-48,341
-48,342
-48,343
-48,344
-48,345
-48,346
-48,347
-48,348
-48,349
-48,350
-48,351
-48,352
-48,353
-48,354
-48,355
-48,356
-48,357
-48,358
-48,359
-48,360
-48,361
-48,362
-48,363
-48,364
-48,365
-48,366
-48,367
-48,368
-48,369
-48,370
-48,371
-48,372
-48,373
-48,374
-48,375
-48,376
-48,377
-48,378
-48,379
-48,380
-48,381
-48,382
-48,383
-48,384
-48,385
-48,386
-48,387
-48,388
-48,389
-48,390
-48,391
-48,392
-48,393
-48,394
-48,395
-48,396
-48,397
-48,398
-48,399
-48,400
-48,401
-48,402
-48,403
-48,404
-48,405
-48,406
-48,407
-48,408
-48,409
-48,410
-48,411
-48,412
-48,413
-48,414
-48,415
-48,416
-48,417
-48,418
-48,419
-48,420
-48,421
-48,422
-48,423
-48,424
-48,425
-48,426
-48,427
-48,428
-48,429
-48,430
-48,431
-48,432
-48,433
-48,434
-48,435
-48,436
-48,437
-48,438
-48,439
-48,440
-48,441
-48,442
-48,443
-48,444
-48,445
-48,446
-48,447
-48,448
-48,449
-48,450
-48,451
-48,452
-48,453
:52_1,454
:52_1,455
:52_1,456
:52_1,457
:52_1,458
:52_1,459
45,460
45,461
45,462
45,463
45,464
45,465
45,466
45,467
45,468
45,469
45,470
45,471
45,472
45,473
45,474
45,475
45,476
45,477
45,478
45,479
45,480
45,481
45,482
45,483
45,484
45,485
45,486
45,487
45,488
45,489
45,490
45,491
45,492
45,493
45,494
45,495
45,496
45,497
45,498
45,499
45,500
45,501
45,502
45,503
45,504
45,505
45,506
45,507
45,508
45,509
45,510
45,511
45,512
45,513
45,514
45,515
45,516
45,517
45,518
45,519
45,520
45,521
45,522
45,523
45,524
45,525
45,526
45,527
45,528
45,529
45,530
45,531
45,532
45,533
45,534
45,535
45,536
45,537
45,538
45,539
45,540
45,541
45,542
45,543
45,544
45,545
45,546
45,547
45,548
45,549
45,550
45,551
45,552
45,553
45,554
45,555
45,556
45,557
45,558
45,559
45,560
45,561
45,562
45,563
45,564
45,565
45,566
45,567
45,568
45,569
45,570
45,571
45,572
45,573
45,574
45,575
45,576
45,577
45,578
45,579
45,580
45,581
45,582
45,583
45,584
45,585
45,586
45,587
45,588
45,589
45,590
45,591
45,592
45,593
45,594
45,595
45,596
45,597
45,598
45,599
45,600
45,601
45,602
45,603
45,604
45,605
45,606
45,607
45,608
45,609
45,610
45,611
45,612
45,613
45,614
45,615
45,616
45,617
45,618
45,619
45,620
45,621
45,622
45,623
45,624
45,625
45,626
45,627
45,628
45,629
45,630
45,631
45,632
45,633
45,634
45,635
:53_0,636
:53_0,637
:53_0,638
-680,639
-680,640
-680,641
-680,642
-680,643
-680,644
-680,645
-680,646
-680,647
-680,648
-680,649
-680,650
-680,651
-680,652
-680,653
-680,654
-680,655
-680,656
-680,657
-680,658
-680,659
-680,660
-680,661
-680,662
-680,663
-680,664
-680,665
-680,666
-680,667
-680,668
-680,669
-680,670
-680,671
-680,672
-680,673
-680,674
-680,675
-680,676
-680,677
-680,678
:5_7,679
:5_7,680
:5_7,681
49,682
49,683
49,684
49,685
49,686
49,687
49,688
49,689
49,690
49,691
49,692
49,693
49,694
49,695
49,696
49,697
49,698
49,699
49,700
49,701
49,702
49,703
49,704
49,705
49,706
49,707
49,708
49,709
49,710
49,711
49,712
49,713
49,714
49,715
49,716
49,717
49,718
49,719
49,720
49,721
49,722
49,723
49,724
49,725
49,726
49,727
49,728
49,729
49,730
49,731
49,732
49,733
49,734
49,735
49,736
49,737
49,738
49,739
49,740
49,741
49,742
49,743
49,744
49,745
49,746
49,747
49,748
49,749
49,750
49,751
49,752
49,753
49,754
49,755
49,756
49,757
49,758
49,759
49,760
49,761
49,762
49,763
49,764
49,765
49,766
49,767
49,768
49,769
49,770
49,771
49,772
49,773
49,774
49,775
49,776
49,777
49,778
49,779
49,780
49,781
49,782
49,783
49,784
49,785
49,786
49,787
49,788
49,789
49,790
49,791
49,792
49,793
49,794
49,795
49,796
49,797
49,798
49,799
49,800
49,801
49,802
49,803
49,804
49,805
49,806
49,807
49,808
49,809
49,810
49,811
49,812
49,813
49,814
49,815
49,816
49,817
49,818
49,819
49,820
49,821
49,822
49,823
49,824
49,825
49,826
49,827
49,828
49,829
49,830
49,831
49,832
49,833
49,834
49,835
49,836
49,837
49,838
49,839
49,840
49,841
49,842
49,843
49,844
49,845
49,846
49,847
49,848
49,849
49,850
49,851
49,852
49,853
49,854
49,855
49,856
49,857
49,858
49,859
49,860
49,861
49,862
49,863
49,864
49,865
49,866
49,867
49,868
49,869
49,870
49,871
49,872
49,873
49,874
49,875
49,876
49,877
49,878
49,879
49,880
49,881
49,882
49,883
49,884
49,885
49,886
49,887
49,888
49,889
49,890
49,891
49,892
49,893
49,894
49,895
49,896
49,897
49,898
49,899
49,900
49,901
49,902
49,903
49,904
49,905
49,906
49,907
49,908
49,909
49,910
49,911
49,912
49,913
49,914
49,915
49,916
49,917
49,918
49,919
49,920
49,921
:57_0,922
:57_0,923
:57_0,924
:57_0,925
:57_0,926
:57_0,927
:57_0,928
-158,929
-158,930
-158,931
-158,932
-158,933
-158,934
-158,935
-158,936
-158,937
-158,938
-158,939
-158,940
-158,941
-158,942
-158,943
-158,944
-158,945
-158,946
-158,947
-158,948
-158,949
-158,950
-158,951
-158,952
-158,953
-158,954
-158,955
-158,956
-158,957
-158,958
-158,959
-158,960
-158,961
-158,962
-158,963
-158,964
-158,965
-96,1
-96,2
-96,3
-96,1
