-37,4
-37,5
-37,6
-37,7
-37,8
-37,9
-37,10
-37,11
-37,12
-37,13
-37,14
-37,15
-37,16
-37,17
-37,18
-37,19
-37,20
-37,21
-37,22
-37,23
-37,24
-37,25
-37,26
-37,27
-37,28
-37,29
-37,30
-37,31
-37,32
-37,33
-37,34
-37,35
-37,36
-37,37
-37,38
-37,39
-37,40
-37,41
-37,42
-37,43
-37,44
-37,45
-37,46
-37,47
-37,48
-37,49
-37,50
-37,51
-37,52
-37,53
-37,54
-37,55
-37,56
-37,57
-37,58
-37,59
-37,60
-37,61
-37,62
-37,63
-37,64
-37,65
-37,66
-37,67
-37,68
-37,69
-37,70
-37,71
-37,72
-37,73
-37,74
-37,75
-37,76
-37,77
-37,78
-37,79
-37,80
-37,81
-37,82
-37,83
-37,84
-37,85
-37,86
-37,87
-37,88
-37,89
-37,90
-37,91
-37,92
-37,93
-37,94
-37,95
-37,96
-37,97
-37,98
-37,99
-37,100
-37,101
-37,102
-37,103
-37,104
-37,105
-37,106
-37,107
-37,108
-37,109
-37,110
-37,111
-37,112
-37,113
-37,114
-37,115
-37,116
-37,117
-37,118
-37,119
-37,120
-37,121
-37,122
-37,123
-37,124
-37,125
-37,126
-37,127
-37,128
-37,129
-37,130
-37,131
-37,132
-37,133
-37,134
:43_9,135
:43_9,136
:43_9,137
:43_9,138
:43_9,139
36,140
36,141
36,142
36,143
36,144
36,145
36,146
36,147
36,148
36,149
36,150
36,151
36,152
36,153
36,154
36,155
36,156
36,157
36,158
36,159
36,160
36,161
36,162
36,163
36,164
36,165
36,166
36,167
36,168
36,169
36,170
36,171
36,172
36,173
36,174
36,175
36,176
36,177
36,178
36,179
36,180
36,181
36,182
36,183
36,184
36,185
36,186
36,187
36,188
36,189
36,190
36,191
36,192
36,193
36,194
36,195
36,196
36,197
36,198
36,199
36,200
36,201
36,202
36,203
36,204
36,205
36,206
36,207
36,208
36,209
36,210
36,211
36,212
36,213
36,214
36,215
36,216
36,217
36,218
36,219
36,220
36,221
36,222
36,223
36,224
36,225
36,226
36,227
36,228
36,229
36,230
36,231
36,232
36,233
36,234
36,235
36,236
36,237
36,238
36,239
36,240
36,241
36,242
36,243
36,244
36,245
36,246
36,247
36,248
36,249
36,250
36,251
36,252
36,253
36,254
36,255
36,256
36,257
36,258
36,259
36,260
36,261
36,262
36,263
36,264
36,265
36,266
36,267
36,268
36,269
36,270
36,271
36,272
36,273
36,274
36,275
36,276
36,277
36,278
36,279
36,280
36,281
36,282
36,283
36,284
36,285
36,286
36,287
36,288
36,289
:44_3,290
:44_3,291
:44_3,292
:44_3,293
:44_3,294
-42,295
-42,296
-42,297
-42,298
-42,299
-42,300
-42,301
-42,302
-42,303
-42,304
-42,305
-42,306
-42,307
-42,308
-42,309
-42,310
-42,311
-42,312
-42,313
-42,314
-42,315
-42,316
-42,317
-42,318
-42,319
-42,320
-42,321
-42,322
-42,323
-42,324
-42,325
-42,326
-42,327
-42,328
-42,329
-42,330
-42,331
-42,332
-42,333
-42,334
-42,335
-42,336
-42,337
-42,338
-42,339
-42,340
-42,341
-42,342
-42,343
-42,344
-42,345
-42,346
-42,347
-42,348
-42,349
-42,350
-42,351
-42,352
-42,353
-42,354
-42,355
-42,356
-42,357
-42,358
-42,359
-42,360
-42,361
-42,362
-42,363
-42,364
-42,365
-42,366
-42,367
-42,368
-42,369
-42,370
-42,371
-42,372
-42,373
-42,374
-42,375
-42,376
-42,377
-42,378
-42,379
-42,380
-42,381
-42,382
-42,383
-42,384
-42,385
-42,386
-42,387
-42,388
-42,389
-42,390
-42,391
-42,392
-42,393
-42,394
-42,395
-42,396
-42,397
-42,398
-42,399
-42,400
-42,401
-42,402
-42,403
-42,404
-42,405
-42,406
-42,407
-42,408
-42,409
-42,410
-42,411
-42,412
-42,413
-42,414
-42,415
-42,416
-42,417
-42,418
-42,419
-42,420
-42,421
-42,422
-42,423
-42,424
-42,425
:48_8,426
:48_8,427
:48_8,428
40,429
40,430
40,431
40,432
40,433
40,434
40,435
40,436
40,437
40,438
40,439
40,440
40,441
40,442
40,443
40,444
40,445
40,446
40,447
40,448
40,449
40,450
40,451
40,452
40,453
40,454
40,455
40,456
40,457
40,458
40,459
40,460
40,461
40,462
40,463
40,464
40,465
40,466
40,467
40,468
40,469
40,470
40,471
40,472
40,473
40,474
40,475
40,476
40,477
40,478
40,479
40,480
40,481
40,482
40,483
40,484
40,485
40,486
40,487
40,488
40,489
40,490
40,491
40,492
40,493
40,494
40,495
40,496
40,497
40,498
40,499
40,500
40,501
40,502
40,503
40,504
40,505
40,506
40,507
40,508
40,509
40,510
40,511
40,512
40,513
40,514
40,515
40,516
40,517
40,518
40,519
40,520
40,521
40,522
40,523
40,524
40,525
40,526
40,527
40,528
40,529
40,530
40,531
40,532
40,533
40,534
40,535
40,536
40,537
40,538
40,539
40,540
40,541
40,542
40,543
40,544
40,545
40,546
40,547
40,548
40,549
40,550
40,551
40,552
40,553
40,554
40,555
40,556
40,557
40,558
40,559
40,560
40,561
40,562
40,563
40,564
40,565
40,566
40,567
40,568
40,569
40,570
40,571
40,572
40,573
40,574
40,575
40,576
40,577
40,578
40,579
40,580
40,581
40,582
40,583
40,584
40,585
40,586
40,587
40,588
40,589
40,590
40,591
40,592
40,593
40,594
40,595
40,596
40,597
40,598
40,599
40,600
40,601
40,602
40,603
40,604
40,605
40,606
40,607
40,608
40,609
40,610
40,611
40,612
40,613
40,614
40,615
40,616
40,617
40,618
40,619
40,620
40,621
40,622
40,623
40,624
40,625
40,626
40,627
40,628
40,629
40,630
40,631
40,632
40,633
40,634
40,635
40,636
40,637
40,638
40,639
40,640
40,641
40,642
40,643
40,644
40,645
40,646
40,647
40,648
40,649
40,650
40,651
40,652
40,653
40,654
40,655
40,656
40,657
40,658
40,659
40,660
40,661
40,662
40,663
40,664
40,665
40,666
40,667
40,668
40,669
40,670
40,671
40,672
40,673
40,674
40,675
40,676
40,677
40,678
40,679
40,680
40,681
40,682
40,683
40,684
40,685
40,686
40,687
40,688
40,689
40,690
40,691
40,692
40,693
40,694
40,695
40,696
40,697
40,698
40,699
40,700
40,701
40,702
40,703
40,704
40,705
40,706
40,707
40,708
40,709
40,710
40,711
40,712
40,713
40,714
40,715
40,716
40,717
40,718
40,719
40,720
40,721
40,722
40,723
40,724
40,725
40,726
40,727
40,728
40,729
40,730
40,731
40,732
40,733
40,734
40,735
40,736
40,737
40,738
40,739
40,740
40,741
40,742
40,743
40,744
40,745
40,746
40,747
40,748
40,749
40,750
40,751
40,752
40,753
40,754
40,755
40,756
40,757
40,758
40,759
40,760
40,761
40,762
40,763
40,764
40,765
40,766
40,767
40,768
40,769
40,770
40,771
40,772
40,773
40,774
40,775
40,776
40,777
40,778
40,779
40,780
40,781
40,782
40,783
40,784
40,785
40,786
40,787
40,788
40,789
40,790
40,791
40,792
40,793
40,794
40,795
40,796
40,797
40,798
40,799
40,800
40,801
40,802
40,803
40,804
40,805
40,806
40,807
40,808
40,809
40,810
40,811
40,812
40,813
40,814
40,815
40,816
:49_6,817
:49_6,818
:49_6,819
:49_6,820
:49_6,821
-50,822
-50,823
-50,824
-50,825
-50,826
-50,827
-50,828
-50,829
-50,830
-50,831
-50,832
-50,833
-50,834
-50,835
-50,836
-50,837
-50,838
-50,839
-50,840
-50,841
-50,842
-50,843
-50,844
-50,845
-50,846
-50,847
-50,848
-50,849
-50,850
-50,851
-50,852
-50,853
-50,854
-50,855
-50,856
-50,857
-50,858
-50,859
-50,860
-50,861
-50,862
-50,863
-50,864
-50,865
-50,866
-50,867
-50,868
-50,869
-50,870
-50,871
-50,872
-50,873
-50,874
-50,875
-50,876
-50,877
-50,878
-50,879
-50,880
-50,881
-50,882
-50,883
-50,884
-50,885
-50,886
-50,887
-50,888
-50,889
-50,890
-50,891
-50,892
-50,893
-50,894
-50,895
-50,896
-50,897
-50,898
-50,899
-50,900
-50,901
-50,902
-50,903
-50,904
-50,905
-50,906
-50,907
-50,908
-50,909
-50,910
-50,911
-50,912
-50,913
-50,914
-50,915
-50,916
-50,917
-50,918
-50,919
-50,920
-50,921
-50,922
-50,923
-50,924
-50,925
-50,926
-50,927
-50,928
-50,929
-50,930
-50,931
-50,932
-50,933
-50,934
-50,935
-50,936
-50,937
-50,938
-50,939
-50,940
-50,941
-50,942
-50,943
-50,944
-50,945
-50,946
-50,947
-50,948
-50,949
-50,950
-50,951
:5_21,952
:5_21,953
:5_21,954
:5_21,955
:5_21,956
:5_21,957
:5_21,958
-4,959
-4,960
-4,961
-4,962
-4,963
-4,964
-4,965
-37,4
