304,1
304,1
304,1
304,2
304,3
304,4
304,5
304,6
304,7
304,8
304,9
304,10
304,11
304,12
304,13
304,14
304,15
304,16
304,17
304,18
304,19
304,20
304,21
304,22
304,23
304,24
304,25
304,26
304,27
304,28
304,29
304,30
304,31
304,32
304,33
304,34
304,35
304,36
304,37
304,38
304,39
304,40
304,41
304,42
304,43
304,44
304,45
304,46
304,47
304,48
304,49
304,50
304,51
304,52
304,53
304,54
304,55
304,56
304,57
304,58
304,59
304,60
304,61
304,62
304,63
304,64
304,65
304,66
304,67
304,68
304,69
304,70
304,71
304,72
304,73
304,74
304,75
304,76
304,77
304,78
304,79
304,80
304,81
304,82
304,83
304,84
304,85
304,86
304,87
304,88
304,89
304,90
:59_0,91
:59_0,92
:59_0,93
:59_0,94
:59_0,95
:59_0,96
-51,97
-51,98
-51,99
-51,100
-51,101
-51,102
-51,103
-51,104
-51,105
-51,106
-51,107
-51,108
-51,109
-51,110
-51,111
-51,112
-51,113
-51,114
-51,115
-51,116
-51,117
-51,118
-51,119
-51,120
-51,121
-51,122
-51,123
-51,124
-51,125
-51,126
-51,127
-51,128
-51,129
-51,130
-51,131
-51,132
-51,133
-51,134
-51,135
-51,136
-51,137
-51,138
-51,139
-51,140
-51,141
-51,142
-51,143
-51,144
-51,145
-51,146
-51,147
-51,148
-51,149
-51,150
-51,151
-51,152
-51,153
-51,154
-51,155
-51,156
-51,157
-51,158
-51,159
-51,160
-51,161
-51,162
-51,163
-51,164
-51,165
-51,166
-51,167
-51,168
-51,169
-51,170
-51,171
-51,172
-51,173
-51,174
-51,175
-51,176
-51,177
-51,178
-51,179
-51,180
-51,181
-51,182
-51,183
-51,184
-51,185
-51,186
-51,187
-51,188
-51,189
-51,190
-51,191
-51,192
-51,193
-51,194
-51,195
-51,196
-51,197
-51,198
-51,199
-51,200
-51,201
-51,202
-51,203
-51,204
-51,205
-51,206
-51,207
-51,208
-51,209
-51,210
-51,211
-51,212
-51,213
-51,214
-51,215
-51,216
-51,217
-51,218
-51,219
-51,220
-51,221
-51,222
-51,223
-51,224
-51,225
-51,226
-51,227
-51,228
-51,229
-51,230
-51,231
-51,232
-51,233
-51,234
-51,235
-51,236
-51,237
-51,238
-51,239
-51,240
-51,241
-51,242
:58_8,243
:58_8,244
:58_8,245
53,246
53,247
53,248
53,249
53,250
53,251
53,252
53,253
53,254
53,255
53,256
53,257
53,258
53,259
53,260
53,261
53,262
53,263
53,264
53,265
53,266
53,267
53,268
53,269
53,270
53,271
53,272
53,273
53,274
53,275
53,276
53,277
53,278
53,279
53,280
53,281
53,282
53,283
53,284
53,285
53,286
53,287
53,288
53,289
53,290
53,291
53,292
53,293
53,294
53,295
53,296
53,297
53,298
53,299
53,300
53,301
53,302
53,303
53,304
53,305
53,306
53,307
53,308
53,309
53,310
53,311
53,312
53,313
53,314
53,315
53,316
53,317
53,318
53,319
53,320
53,321
53,322
:61_7,323
:61_7,324
:61_7,325
:61_7,326
:61_7,327
:61_7,328
54,329
54,330
54,331
54,332
54,333
54,334
54,335
54,336
54,337
54,338
54,339
54,340
54,341
54,342
54,343
54,344
54,345
54,346
54,347
54,348
54,349
54,350
54,351
54,352
54,353
54,354
54,355
54,356
54,357
54,358
54,359
54,360
54,361
54,362
54,363
54,364
54,365
54,366
54,367
54,368
54,369
54,370
54,371
54,372
54,373
54,374
54,375
54,376
54,377
:62_3,378
:62_3,379
:62_3,380
:62_3,381
:62_3,382
:62_3,383
55,384
55,385
55,386
55,387
55,388
55,389
55,390
55,391
55,392
55,393
55,394
55,395
55,396
55,397
55,398
55,399
55,400
55,401
55,402
55,403
55,404
55,405
55,406
55,407
55,408
55,409
55,410
55,411
55,412
55,413
55,414
55,415
55,416
55,417
55,418
55,419
55,420
55,421
55,422
55,423
55,424
55,425
55,426
55,427
55,428
55,429
55,430
55,431
55,432
55,433
55,434
55,435
55,436
55,437
55,438
55,439
55,440
55,441
55,442
55,443
55,444
55,445
55,446
55,447
55,448
55,449
55,450
55,451
55,452
55,453
55,454
55,455
55,456
55,457
55,458
55,459
55,460
55,461
55,462
55,463
55,464
55,465
55,466
55,467
55,468
55,469
55,470
55,471
55,472
55,473
55,474
55,475
55,476
55,477
55,478
55,479
55,480
55,481
55,482
55,483
55,484
55,485
55,486
55,487
55,488
55,489
55,490
55,491
55,492
55,493
55,494
55,495
55,496
55,497
55,498
55,499
55,500
55,501
55,502
:63_13,503
:63_13,504
:63_13,505
:63_13,506
:63_13,507
:63_13,508
:63_13,509
:63_13,510
159,511
159,512
159,513
159,514
159,515
159,516
159,517
159,518
159,519
159,520
159,521
159,522
159,523
159,524
159,525
159,526
159,527
159,528
159,529
159,530
159,531
159,532
159,533
159,534
159,535
159,536
159,537
159,538
159,539
159,540
159,541
159,542
159,543
159,544
159,545
159,546
159,547
159,548
159,549
159,550
159,551
159,552
159,553
159,554
159,555
159,556
159,557
159,558
159,559
159,560
159,561
159,562
159,563
159,564
159,565
159,566
159,567
159,568
159,569
159,570
159,571
159,572
159,573
159,574
159,575
159,576
159,577
159,578
159,579
159,580
159,581
159,582
159,583
159,584
159,585
159,586
159,587
159,588
159,589
159,590
159,591
159,592
159,593
159,594
159,595
159,596
159,597
159,598
159,599
159,600
159,601
159,602
159,603
159,604
159,605
159,606
159,607
159,608
159,609
159,610
159,611
159,612
:102_7,613
:102_7,614
:102_7,615
:102_7,616
:102_7,617
:102_7,618
-87,619
-87,620
-87,621
-87,622
-87,623
-87,624
-87,625
-87,626
-87,627
-87,628
-87,629
-87,630
-87,631
-87,632
-87,633
-87,634
-87,635
-87,636
-87,637
-87,638
-87,639
-87,640
-87,641
-87,642
-87,643
-87,644
-87,645
-87,646
-87,647
-87,648
-87,649
-87,650
-87,651
-87,652
-87,653
-87,654
-87,655
-87,656
-87,657
-87,658
-87,659
-87,660
-87,661
-87,662
-87,663
-87,664
-87,665
-87,666
-87,667
-87,668
-87,669
-87,670
-87,671
-87,672
-87,673
-87,674
-87,675
-87,676
-87,677
-87,678
-87,679
-87,680
-87,681
-87,682
-87,683
-87,684
-87,685
-87,686
-87,687
-87,688
-87,689
-87,690
-87,691
-87,692
-87,693
-87,694
-87,695
-87,696
-87,697
-87,698
-87,699
-87,700
-87,701
-87,702
-87,703
-87,704
-87,705
-87,706
-87,707
-87,708
-87,709
-87,710
-87,711
-87,712
-87,713
-87,714
-87,715
-87,716
-87,717
-87,718
-87,719
-87,720
-87,721
-87,722
-87,723
-87,724
-87,725
-87,726
-87,727
-87,728
-87,729
-87,730
-87,731
-87,732
-87,733
-87,734
-87,735
-87,736
-87,737
-87,738
-87,739
-87,740
-87,741
-87,742
-87,743
-87,744
-87,745
-87,746
-87,747
-87,748
-87,749
-87,750
-87,751
-87,752
-87,753
-87,754
-87,755
-87,756
-87,757
-87,758
-87,759
-87,760
-87,761
-87,762
-87,763
-87,764
-87,765
-87,766
-87,767
-87,768
-87,769
-87,770
-87,771
-87,772
-87,773
-87,774
-87,775
-87,776
-87,777
-87,778
-87,779
-87,780
-87,781
-87,782
-87,783
-87,784
-87,785
-87,786
-87,787
-87,788
:27_9,789
:27_9,790
:27_9,791
:27_9,792
:27_9,793
:27_9,794
-23,795
-23,796
-23,797
-23,798
-23,799
-23,800
-23,801
-23,802
-23,803
-23,804
-23,805
-23,806
-23,807
-23,808
-23,809
-23,810
-23,811
-23,812
-23,813
-23,814
-23,815
-23,816
-23,817
-23,818
-23,819
-23,820
-23,821
-23,822
-23,823
-23,824
-23,825
-23,826
-23,827
-23,828
-23,829
-23,830
-23,831
-23,832
-23,833
-23,834
-23,835
-23,836
-23,837
-23,838
-23,839
-23,840
-23,841
-23,842
-23,843
-23,844
-23,845
-23,846
-23,847
-23,848
-23,849
-23,850
-23,851
-23,852
-23,853
-23,854
-23,855
-23,856
-23,857
-23,858
-23,859
-23,860
-23,861
-23,862
-23,863
-23,864
-23,865
-23,866
-23,867
-23,868
-23,869
-23,870
-23,871
-23,872
-23,873
-23,874
-23,875
-23,876
-23,877
-23,878
-23,879
-23,880
-23,881
-23,882
-23,883
-23,884
-23,885
-23,886
-23,887
-23,888
-23,889
-23,890
-23,891
-23,892
-23,893
-23,894
-23,895
-23,896
-23,897
-23,898
-23,899
-23,900
-23,901
-23,902
-23,903
-23,904
-23,905
-23,906
-23,907
-23,908
-23,909
-23,910
-23,911
-23,912
-23,913
-23,914
-23,915
-23,916
-23,917
-23,918
-23,919
-23,920
-23,921
-23,922
-23,923
-23,924
-23,925
-23,926
-23,927
-23,928
-23,929
-23,930
-23,931
-23,932
-23,933
-23,934
-23,935
-23,936
-23,937
-23,938
-23,939
-23,940
-23,941
-23,942
-23,943
-23,944
-23,945
-23,946
-23,947
-23,948
-23,949
-23,950
-23,951
-23,952
-23,953
-23,954
-23,955
-23,956
-23,957
-23,958
-23,959
-23,960
-23,961
-23,962
-23,963
-23,964
-23,965
304,1
304,2
304,3
304,1
