110,1
110,1
110,1
110,2
110,3
110,4
110,5
110,6
110,7
110,8
110,9
110,10
110,11
110,12
110,13
110,14
110,15
110,16
110,17
110,18
110,19
110,20
110,21
110,22
110,23
110,24
110,25
110,26
110,27
110,28
110,29
110,30
110,31
110,32
110,33
110,34
110,35
110,36
110,37
110,38
110,39
110,40
110,41
110,42
110,43
110,44
110,45
110,46
110,47
110,48
110,49
110,50
110,51
110,52
110,53
110,54
110,55
110,56
110,57
110,58
110,59
110,60
110,61
110,62
110,63
110,64
110,65
110,66
110,67
110,68
110,69
110,70
110,71
:127_7,72
:127_7,73
:127_7,74
:127_7,75
:127_7,76
111,77
111,78
111,79
111,80
111,81
111,82
111,83
111,84
111,85
111,86
111,87
111,88
111,89
111,90
111,91
111,92
111,93
111,94
111,95
111,96
111,97
111,98
111,99
111,100
111,101
111,102
111,103
111,104
111,105
111,106
111,107
111,108
111,109
111,110
111,111
111,112
111,113
112,114
112,115
112,116
112,117
112,118
112,119
112,120
112,121
112,122
112,123
112,124
112,125
112,126
112,127
112,128
112,129
112,130
112,131
112,132
112,133
112,134
112,135
112,136
112,137
112,138
112,139
112,140
112,141
112,142
112,143
112,144
112,145
112,146
112,147
112,148
112,149
112,150
112,151
113,152
113,153
113,154
113,155
113,156
113,157
113,158
113,159
113,160
113,161
113,162
113,163
113,164
113,165
113,166
113,167
113,168
113,169
113,170
113,171
113,172
113,173
113,174
113,175
113,176
113,177
113,178
113,179
113,180
113,181
113,182
113,183
113,184
113,185
113,186
113,187
113,188
113,189
114,190
114,191
114,192
114,193
114,194
114,195
114,196
114,197
114,198
114,199
114,200
114,201
114,202
114,203
114,204
114,205
114,206
114,207
114,208
114,209
114,210
114,211
114,212
114,213
114,214
114,215
114,216
114,217
114,218
114,219
114,220
114,221
114,222
114,223
114,224
114,225
114,226
114,227
114,228
114,229
114,230
114,231
114,232
114,233
114,234
114,235
114,236
114,237
114,238
114,239
114,240
114,241
114,242
114,243
114,244
114,245
114,246
114,247
114,248
:24_10,249
:24_10,250
:24_10,251
:24_10,252
:24_10,253
-20,254
-20,255
-20,256
-20,257
-20,258
-20,259
-20,260
-20,261
-20,262
-20,263
-20,264
-20,265
-20,266
-20,267
-20,268
-20,269
-20,270
-20,271
-20,272
-20,273
-20,274
-20,275
-20,276
-20,277
-20,278
-20,279
-20,280
-20,281
-20,282
-20,283
-20,284
-20,285
-20,286
-20,287
-20,288
-20,289
-20,290
-20,291
-20,292
-20,293
-20,294
-20,295
-20,296
-20,297
-20,298
-20,299
-20,300
-20,301
-20,302
-20,303
-20,304
-20,305
-20,306
-20,307
-20,308
-20,309
-20,310
-20,311
-20,312
-20,313
-20,314
-20,315
-20,316
-20,317
-20,318
-20,319
-20,320
-20,321
-20,322
-20,323
-20,324
-20,325
-20,326
-20,327
-20,328
-20,329
-20,330
-20,331
-20,332
-20,333
-20,334
:23_4,335
:23_4,336
:23_4,337
:23_4,338
:23_4,339
:23_4,340
-19,341
-19,342
-19,343
-19,344
-19,345
-19,346
-19,347
-19,348
-19,349
-19,350
-19,351
-19,352
-19,353
-19,354
-19,355
-19,356
-19,357
-19,358
-19,359
-19,360
-19,361
-19,362
-19,363
-19,364
-19,365
-19,366
-19,367
-19,368
-19,369
-19,370
-19,371
-19,372
-19,373
-19,374
-19,375
-19,376
-19,377
-19,378
-19,379
-19,380
-19,381
-19,382
-19,383
-19,384
-19,385
-19,386
-19,387
-19,388
-19,389
-19,390
-19,391
-19,392
-19,393
-19,394
-19,395
-19,396
-19,397
-19,398
-19,399
-19,400
-19,401
-19,402
-19,403
-19,404
-19,405
-19,406
-19,407
-19,408
-19,409
-19,410
-19,411
-19,412
-19,413
-19,414
-19,415
-19,416
-19,417
-19,418
-19,419
-19,420
-19,421
-19,422
-19,423
-19,424
-19,425
:22_1,426
:22_1,427
:22_1,428
:22_1,429
:22_1,430
23,431
23,432
23,433
23,434
23,435
23,436
23,437
23,438
23,439
23,440
23,441
23,442
23,443
23,444
23,445
23,446
23,447
23,448
23,449
23,450
23,451
23,452
23,453
23,454
23,455
23,456
23,457
23,458
23,459
23,460
23,461
23,462
23,463
23,464
23,465
23,466
23,467
23,468
23,469
23,470
23,471
23,472
23,473
23,474
23,475
23,476
23,477
23,478
23,479
23,480
23,481
23,482
23,483
23,484
23,485
23,486
23,487
23,488
23,489
23,490
23,491
23,492
23,493
23,494
23,495
23,496
23,497
23,498
23,499
23,500
23,501
23,502
23,503
23,504
23,505
23,506
23,507
23,508
23,509
23,510
23,511
23,512
23,513
23,514
23,515
23,516
23,517
23,518
23,519
23,520
23,521
23,522
23,523
23,524
23,525
23,526
23,527
23,528
23,529
23,530
23,531
23,532
23,533
23,534
23,535
23,536
23,537
23,538
23,539
23,540
23,541
23,542
23,543
23,544
23,545
23,546
23,547
23,548
23,549
23,550
23,551
23,552
23,553
23,554
23,555
23,556
23,557
23,558
23,559
23,560
23,561
23,562
23,563
23,564
23,565
23,566
23,567
23,568
23,569
23,570
23,571
23,572
23,573
23,574
23,575
23,576
23,577
23,578
23,579
23,580
23,581
23,582
23,583
23,584
23,585
23,586
23,587
23,588
23,589
:27_1,590
:27_1,591
:27_1,592
:27_1,593
:27_1,594
87,595
87,596
87,597
87,598
87,599
87,600
87,601
87,602
87,603
87,604
87,605
87,606
87,607
87,608
87,609
87,610
87,611
87,612
87,613
87,614
87,615
87,616
87,617
87,618
87,619
87,620
87,621
87,622
87,623
87,624
87,625
87,626
87,627
87,628
87,629
87,630
87,631
87,632
87,633
87,634
87,635
87,636
87,637
87,638
87,639
87,640
87,641
87,642
87,643
87,644
87,645
87,646
87,647
87,648
87,649
87,650
87,651
87,652
87,653
87,654
87,655
87,656
87,657
87,658
87,659
87,660
87,661
87,662
87,663
87,664
87,665
87,666
87,667
87,668
87,669
87,670
87,671
87,672
87,673
87,674
87,675
87,676
87,677
87,678
87,679
87,680
87,681
87,682
87,683
87,684
87,685
87,686
87,687
87,688
87,689
87,690
87,691
87,692
87,693
87,694
87,695
87,696
87,697
87,698
87,699
87,700
87,701
87,702
87,703
87,704
87,705
87,706
87,707
87,708
87,709
87,710
87,711
87,712
87,713
87,714
87,715
87,716
87,717
87,718
87,719
87,720
87,721
87,722
87,723
87,724
87,725
87,726
87,727
87,728
87,729
87,730
87,731
87,732
87,733
87,734
87,735
87,736
87,737
87,738
87,739
:102_0,740
:102_0,741
:102_0,742
:102_0,743
-159,744
-159,745
-159,746
-159,747
-159,748
-159,749
-159,750
-159,751
-159,752
-159,753
-159,754
-159,755
-159,756
-159,757
-159,758
-159,759
-159,760
-159,761
-159,762
-159,763
-159,764
-159,765
-159,766
-159,767
-159,768
-159,769
-159,770
-159,771
-159,772
-159,773
-159,774
-159,775
-159,776
-159,777
-159,778
-159,779
-159,780
-159,781
-159,782
-159,783
-159,784
-159,785
-159,786
-159,787
-159,788
-159,789
-159,790
-159,791
-159,792
-159,793
-159,794
-159,795
-159,796
-159,797
-159,798
-159,799
-159,800
-159,801
-159,802
-159,803
-159,804
-159,805
-159,806
-159,807
-159,808
-159,809
-159,810
-159,811
-159,812
-159,813
-159,814
-159,815
-159,816
-159,817
-159,818
-159,819
-159,820
-159,821
-159,822
-159,823
-159,824
-159,825
-159,826
-159,827
-159,828
-159,829
-159,830
:63_5,831
:63_5,832
:63_5,833
:63_5,834
:63_5,835
-55,836
-55,837
-55,838
-55,839
-55,840
-55,841
-55,842
-55,843
-55,844
-55,845
-55,846
-55,847
-55,848
-55,849
-55,850
-55,851
-55,852
-55,853
-55,854
-55,855
-55,856
-55,857
-55,858
-55,859
-55,860
-55,861
-55,862
-55,863
-55,864
-55,865
-55,866
-55,867
-55,868
-55,869
-55,870
-55,871
-55,872
-55,873
-55,874
-55,875
-55,876
-55,877
-55,878
-55,879
-55,880
-55,881
-55,882
-55,883
-55,884
-55,885
-55,886
-55,887
-55,888
-55,889
-55,890
-55,891
-55,892
-55,893
-55,894
-55,895
-55,896
-55,897
-55,898
-55,899
-55,900
-55,901
-55,902
-55,903
-55,904
-55,905
-55,906
-55,907
-55,908
-55,909
-55,910
-55,911
-55,912
-55,913
-55,914
-55,915
-55,916
-55,917
-55,918
-55,919
-55,920
-55,921
-55,922
-55,923
-55,924
-55,925
-55,926
-55,927
-55,928
-55,929
-55,930
-55,931
-55,932
-55,933
-55,934
-55,935
-55,936
-55,937
-55,938
-55,939
-55,940
-55,941
-55,942
-55,943
-55,944
-55,945
-55,946
-55,947
-55,948
-55,949
-55,950
-55,951
-55,952
-55,953
:62_1,954
:62_1,955
:62_1,956
:62_1,957
:62_1,958
:62_1,959
-54,960
-54,961
-54,962
-54,963
-54,964
-54,965
110,1
110,2
110,3
110,1
