-409,1
-409,1
-409,1
-409,2
-409,3
-409,4
-409,5
-409,6
-409,7
-409,8
-409,9
-409,10
-409,11
-409,12
-409,13
-409,14
-409,15
-409,16
-409,17
-409,18
-409,19
-409,20
-409,21
-409,22
-409,23
-409,24
-409,25
-409,26
-409,27
-409,28
-409,29
-409,30
-409,31
-409,32
-409,33
-409,34
-409,35
-409,36
-409,37
-409,38
-409,39
-409,40
-409,41
-409,42
-409,43
-409,44
-409,45
-409,46
-409,47
-409,48
-409,49
-409,50
-409,51
-409,52
-409,53
-409,54
-409,55
-409,56
-409,57
-409,58
:363_6,59
:363_6,60
:363_6,61
408,62
408,63
408,64
408,65
408,66
408,67
408,68
408,69
408,70
408,71
408,72
408,73
408,74
408,75
408,76
408,77
408,78
408,79
408,80
408,81
408,82
408,83
408,84
408,85
408,86
408,87
408,88
408,89
408,90
408,91
408,92
408,93
408,94
408,95
408,96
408,97
408,98
408,99
408,100
408,101
408,102
408,103
408,104
408,105
408,106
408,107
408,108
408,109
408,110
408,111
408,112
408,113
408,114
408,115
408,116
408,117
408,118
408,119
408,120
408,121
408,122
408,123
408,124
408,125
408,126
408,127
408,128
408,129
408,130
408,131
408,132
408,133
408,134
408,135
408,136
408,137
408,138
408,139
408,140
408,141
408,142
408,143
408,144
408,145
408,146
408,147
408,148
408,149
408,150
408,151
408,152
408,153
408,154
408,155
408,156
408,157
408,158
408,159
408,160
408,161
408,162
408,163
408,164
408,165
408,166
408,167
408,168
408,169
408,170
408,171
408,172
408,173
408,174
408,175
408,176
408,177
408,178
408,179
408,180
408,181
408,182
408,183
408,184
408,185
408,186
408,187
408,188
408,189
408,190
408,191
408,192
408,193
408,194
408,195
408,196
408,197
408,198
408,199
408,200
408,201
408,202
408,203
408,204
408,205
408,206
408,207
408,208
408,209
408,210
408,211
408,212
408,213
408,214
408,215
408,216
408,217
408,218
408,219
408,220
408,221
408,222
408,223
408,224
408,225
408,226
408,227
408,228
408,229
408,230
408,231
408,232
408,233
408,234
408,235
408,236
408,237
408,238
408,239
408,240
408,241
408,242
408,243
408,244
408,245
408,246
408,247
408,248
408,249
408,250
408,251
408,252
408,253
408,254
408,255
408,256
:364_6,257
:364_6,258
:364_6,259
:364_6,260
:364_6,261
:364_6,262
-591,263
-591,264
-591,265
-591,266
-591,267
-591,268
-591,269
-591,270
-591,271
-591,272
-591,273
-591,274
-591,275
-591,276
-591,277
-591,278
-591,279
-591,280
-591,281
-591,282
-591,283
-591,284
-591,285
-591,286
-591,287
-591,288
-591,289
-591,290
-591,291
-591,292
-591,293
-591,294
-591,295
-591,296
-591,297
-591,298
-591,299
-591,300
-591,301
-591,302
-591,303
-591,304
-591,305
-591,306
-591,307
-591,308
-591,309
-591,310
-591,311
-591,312
-591,313
-591,314
-591,315
-591,316
-591,317
-591,318
-591,319
-591,320
-591,321
-591,322
-591,323
-591,324
-591,325
-591,326
-591,327
-591,328
-591,329
-591,330
-591,331
-591,332
-591,333
-591,334
-591,335
-591,336
-591,337
-591,338
-591,339
-591,340
-591,341
-591,342
-591,343
-591,344
-591,345
-591,346
-591,347
-591,348
-591,349
-591,350
-591,351
-591,352
-591,353
-591,354
-591,355
-591,356
-591,357
-591,358
-591,359
-591,360
-591,361
-591,362
-591,363
-591,364
-591,365
-591,366
-591,367
-591,368
-591,369
-591,370
-591,371
-591,372
-591,373
-591,374
-591,375
-591,376
-591,377
-591,378
-591,379
-591,380
:72_6,381
:72_6,382
:72_6,383
-63,384
-63,385
-63,386
-63,387
-63,388
-63,389
-63,390
-63,391
-63,392
-63,393
-63,394
-63,395
-63,396
-63,397
-63,398
-63,399
-63,400
-63,401
-63,402
-63,403
-63,404
-63,405
-63,406
-63,407
-63,408
-63,409
-63,410
-63,411
-63,412
-63,413
-63,414
-63,415
-63,416
-63,417
-63,418
-63,419
-63,420
-63,421
-63,422
-63,423
-63,424
-63,425
-63,426
-63,427
-63,428
-63,429
-63,430
-63,431
-63,432
-63,433
-63,434
-63,435
-63,436
-63,437
-63,438
-63,439
-63,440
-63,441
-63,442
-63,443
-63,444
-63,445
-63,446
-63,447
-63,448
-63,449
-63,450
-63,451
-63,452
-63,453
:71_0,454
-62,455
-62,456
-62,457
-62,458
-62,459
-62,460
-62,461
-62,462
-62,463
-62,464
-62,465
-62,466
-62,467
-62,468
-62,469
-62,470
-62,471
-62,472
-62,473
-62,474
-62,475
-62,476
-62,477
-62,478
-62,479
-62,480
-62,481
-62,482
-62,483
-62,484
-62,485
-62,486
-62,487
-62,488
-62,489
-62,490
-62,491
-62,492
-62,493
-62,494
-62,495
-62,496
-62,497
-62,498
-62,499
-62,500
-62,501
-62,502
-62,503
-62,504
-62,505
-62,506
-62,507
-62,508
-62,509
-62,510
-62,511
-62,512
-62,513
-62,514
-62,515
-62,516
-62,517
-62,518
-62,519
-62,520
-62,521
-62,522
-62,523
-62,524
-62,525
-62,526
-62,527
-62,528
-62,529
-62,530
-62,531
-62,532
-62,533
-61,534
-61,535
-61,536
-61,537
-61,538
-61,539
-61,540
-61,541
-61,542
-61,543
-61,544
-61,545
-61,546
-61,547
-61,548
-61,549
-61,550
-61,551
-61,552
-61,553
-61,554
-61,555
-61,556
-61,557
-61,558
-61,559
-61,560
-61,561
-61,562
-61,563
-61,564
-61,565
-61,566
-61,567
-61,568
-61,569
-61,570
-61,571
-61,572
-61,573
-61,574
-61,575
-61,576
-61,577
-61,578
-61,579
-61,580
-61,581
-61,582
-61,583
-61,584
-61,585
-61,586
-61,587
-61,588
-61,589
-61,590
-61,591
-61,592
-61,593
-61,594
-61,595
-61,596
-61,597
-61,598
-61,599
-61,600
-61,601
-61,602
-61,603
-61,604
-61,605
-61,606
-61,607
-61,608
-61,609
-61,610
-61,611
-409,1
-409,2
-409,3
-409,1
