116,1
116,1
116,1
116,2
116,3
116,4
116,5
116,6
116,7
116,8
116,9
116,10
116,11
116,12
116,13
116,14
116,15
116,16
116,17
116,18
116,19
116,20
116,21
116,22
116,23
116,24
116,25
116,26
116,27
116,28
116,29
116,30
116,31
116,32
116,33
116,34
116,35
116,36
116,37
116,38
116,39
116,40
116,41
116,42
116,43
116,44
116,45
116,46
116,47
116,48
116,49
116,50
116,51
116,52
116,53
116,54
116,55
116,56
116,57
116,58
116,59
116,60
116,61
116,62
116,63
116,64
116,65
116,66
116,67
116,68
116,69
116,70
116,71
116,72
116,73
116,74
:133_6,75
:133_6,76
:133_6,77
:133_6,78
:133_6,79
-135,80
-135,81
-135,82
-135,83
-135,84
-135,85
-135,86
-135,87
-135,88
-135,89
-135,90
-135,91
-135,92
-135,93
-135,94
-135,95
-135,96
-135,97
-135,98
-135,99
-135,100
-135,101
-135,102
-135,103
-135,104
-135,105
-135,106
-135,107
-135,108
-135,109
-135,110
-135,111
-135,112
-135,113
-135,114
-135,115
-135,116
-135,117
-135,118
-135,119
-135,120
-135,121
-135,122
-135,123
-135,124
-135,125
-135,126
-135,127
-135,128
-135,129
-135,130
-135,131
-135,132
-135,133
-135,134
-135,135
-135,136
-135,137
-135,138
-135,139
-135,140
-135,141
-135,142
-135,143
-135,144
-135,145
-135,146
-135,147
-135,148
-135,149
-135,150
-135,151
-135,152
-135,153
-135,154
-135,155
-135,156
-135,157
-135,158
-135,159
-135,160
-135,161
-135,162
-135,163
-135,164
-135,165
-135,166
-135,167
-135,168
-135,169
-135,170
-135,171
-135,172
-135,173
-135,174
-135,175
-135,176
-135,177
-135,178
-135,179
-135,180
-135,181
-135,182
-135,183
-135,184
-135,185
-135,186
-135,187
-135,188
-135,189
-135,190
-135,191
-135,192
-135,193
-135,194
-135,195
-135,196
-135,197
-135,198
-135,199
-135,200
-135,201
-135,202
-135,203
-135,204
-135,205
-135,206
-135,207
-135,208
-135,209
-135,210
-135,211
-135,212
-135,213
-135,214
-135,215
-135,216
-135,217
-135,218
-135,219
-135,220
-135,221
-135,222
-135,223
-135,224
-135,225
-135,226
-135,227
-135,228
-135,229
-135,230
-135,231
-135,232
-135,233
-135,234
-135,235
-135,236
-135,237
-135,238
-135,239
-135,240
-135,241
-135,242
-135,243
-135,244
-135,245
-135,246
-135,247
:150_7,248
:150_7,249
:150_10,250
:150_10,251
:150_10,252
-405,253
-405,254
-405,255
-405,256
-405,257
-405,258
-405,259
-405,260
-405,261
-405,262
-405,263
-405,264
-405,265
-405,266
-405,267
-405,268
-405,269
-405,270
-405,271
-405,272
-405,273
-405,274
-405,275
-405,276
-405,277
-405,278
-405,279
-405,280
-405,281
-405,282
-405,283
-405,284
-405,285
-405,286
-405,287
-405,288
-405,289
-405,290
-405,291
-405,292
-405,293
-405,294
-405,295
-405,296
-405,297
-405,298
-405,299
-405,300
-405,301
-405,302
-405,303
-405,304
-405,305
-405,306
-405,307
-405,308
-405,309
-405,310
-405,311
-405,312
-405,313
-405,314
-405,315
-405,316
-405,317
-405,318
-405,319
-405,320
-405,321
-405,322
-405,323
-405,324
-405,325
-405,326
-405,327
-405,328
-405,329
-405,330
-405,331
-405,332
-405,333
-405,334
-405,335
-405,336
-405,337
-405,338
-405,339
-405,340
-405,341
-405,342
-405,343
-405,344
-405,345
-405,346
-405,347
-405,348
-405,349
-405,350
-405,351
-405,352
-405,353
-405,354
-405,355
-405,356
-405,357
-405,358
-405,359
-405,360
-405,361
-405,362
-405,363
-405,364
-405,365
-405,366
-405,367
-405,368
-405,369
-405,370
-405,371
-405,372
-405,373
-405,374
-405,375
-405,376
-405,377
-405,378
-405,379
-405,380
-405,381
:269_6,382
:269_6,383
:269_6,384
404,385
404,386
404,387
404,388
404,389
404,390
404,391
404,392
404,393
404,394
404,395
404,396
404,397
404,398
404,399
404,400
404,401
404,402
404,403
404,404
404,405
404,406
404,407
404,408
404,409
404,410
404,411
404,412
404,413
404,414
404,415
404,416
404,417
404,418
404,419
404,420
404,421
404,422
404,423
404,424
404,425
404,426
404,427
404,428
404,429
404,430
404,431
404,432
404,433
404,434
404,435
404,436
404,437
404,438
404,439
404,440
404,441
404,442
404,443
404,444
404,445
404,446
404,447
404,448
404,449
404,450
404,451
404,452
404,453
404,454
404,455
404,456
404,457
404,458
404,459
404,460
404,461
404,462
404,463
404,464
404,465
404,466
404,467
404,468
404,469
404,470
404,471
404,472
404,473
404,474
404,475
404,476
404,477
404,478
404,479
404,480
404,481
404,482
404,483
404,484
404,485
404,486
404,487
404,488
404,489
404,490
404,491
404,492
404,493
404,494
404,495
404,496
404,497
404,498
404,499
404,500
404,501
404,502
404,503
404,504
404,505
404,506
404,507
404,508
404,509
404,510
404,511
404,512
404,513
404,514
404,515
404,516
404,517
404,518
404,519
404,520
404,521
404,522
404,523
404,524
404,525
404,526
404,527
404,528
404,529
404,530
404,531
404,532
404,533
404,534
:260_1,535
:260_1,536
-262,537
-262,538
-262,539
-262,540
-262,541
-262,542
-262,543
-262,544
-262,545
-262,546
-262,547
-262,548
-262,549
-262,550
-262,551
-262,552
-262,553
-262,554
-262,555
-262,556
-262,557
-262,558
-262,559
-262,560
-262,561
-262,562
-262,563
-262,564
-262,565
-262,566
-262,567
-262,568
-262,569
-262,570
-262,571
-262,572
-262,573
-262,574
-262,575
-262,576
-262,577
-262,578
-262,579
-262,580
-262,581
-262,582
-262,583
-262,584
-262,585
-262,586
-262,587
-262,588
-262,589
-262,590
-262,591
-262,592
-262,593
-262,594
-262,595
-262,596
-262,597
-262,598
-262,599
-262,600
-262,601
-262,602
-262,603
-262,604
-262,605
-262,606
-262,607
-262,608
-262,609
-262,610
-262,611
-262,612
-262,613
-262,614
-262,615
-262,616
-262,617
-262,618
-262,619
-262,620
-262,621
-262,622
-262,623
-262,624
-262,625
-262,626
-262,627
-262,628
-262,629
-262,630
-262,631
-262,632
-262,633
-262,634
-262,635
-262,636
-262,637
-262,638
-262,639
-262,640
-262,641
-262,642
-262,643
-262,644
-262,645
-262,646
-262,647
-262,648
-262,649
-262,650
-262,651
-262,652
-262,653
-262,654
-262,655
-262,656
:259_9,657
:259_9,658
:259_9,659
:259_9,660
:259_9,661
:259_9,662
:259_9,663
:259_9,664
:259_9,665
:259_9,666
263,667
263,668
263,669
263,670
263,671
263,672
263,673
263,674
263,675
263,676
263,677
263,678
263,679
263,680
263,681
263,682
263,683
263,684
263,685
263,686
263,687
263,688
263,689
263,690
263,691
263,692
263,693
263,694
263,695
263,696
263,697
263,698
263,699
263,700
263,701
263,702
263,703
263,704
263,705
263,706
263,707
263,708
263,709
263,710
263,711
263,712
263,713
263,714
263,715
263,716
263,717
:201_4,718
:201_10,719
:201_10,720
:201_10,721
-440,722
-440,723
-440,724
-440,725
-440,726
-440,727
-440,728
-440,729
-440,730
-440,731
-440,732
-440,733
-440,734
-440,735
-440,736
-440,737
-440,738
-440,739
-440,740
-440,741
-440,742
-440,743
-440,744
-440,745
-440,746
-440,747
-440,748
-440,749
-440,750
-440,751
-440,752
-440,753
-440,754
-440,755
-440,756
-440,757
-440,758
-440,759
-440,760
-440,761
-440,762
-440,763
-440,764
-440,765
-440,766
-440,767
-440,768
-440,769
-440,770
-440,771
-440,772
-440,773
-440,774
-440,775
-440,776
-440,777
-440,778
-440,779
-440,780
-440,781
-440,782
-440,783
-440,784
-440,785
-440,786
-440,787
-440,788
-440,789
-440,790
-440,791
-440,792
-440,793
-440,794
-440,795
-440,796
-440,797
-440,798
-440,799
-440,800
-440,801
-440,802
-440,803
-440,804
-440,805
-440,806
-440,807
-440,808
-440,809
-440,810
-440,811
-440,812
-440,813
-440,814
-440,815
-440,816
-440,817
-440,818
-440,819
-440,820
-440,821
-440,822
-440,823
-440,824
-440,825
-440,826
-440,827
-440,828
-440,829
-440,830
-440,831
-440,832
-440,833
-440,834
-440,835
-440,836
-440,837
116,1
116,2
116,3
116,1
