-178,1
-178,1
-178,1
-178,2
-178,3
-178,4
-178,5
-178,6
-178,7
-178,8
-178,9
-178,10
-178,11
-178,12
-178,13
-178,14
-178,15
-178,16
-178,17
-178,18
-178,19
-178,20
-178,21
-178,22
-178,23
-178,24
-178,25
-178,26
-178,27
-178,28
-178,29
-178,30
-178,31
-178,32
-178,33
-178,34
-178,35
-178,36
-178,37
-178,38
-178,39
-178,40
-178,41
-178,42
-178,43
-178,44
-178,45
-178,46
-178,47
-178,48
-178,49
-178,50
-178,51
-178,52
-178,53
-178,54
-178,55
-178,56
-178,57
-178,58
-178,59
-178,60
-178,61
-178,62
-178,63
-178,64
-178,65
-178,66
-178,67
-178,68
-178,69
-178,70
-178,71
-178,72
-178,73
-178,74
-178,75
-178,76
-178,77
-178,78
-178,79
-178,80
-178,81
-178,82
-178,83
-178,84
-178,85
-178,86
-178,87
-178,88
-178,89
-178,90
-178,91
-178,92
-178,93
-178,94
-178,95
-178,96
-178,97
-178,98
-178,99
-178,100
-178,101
-178,102
-178,103
-178,104
-178,105
-178,106
-178,107
-178,108
-178,109
-178,110
-178,111
-178,112
-178,113
-178,114
-178,115
-178,116
-178,117
-178,118
-178,119
-178,120
-178,121
-178,122
-178,123
-178,124
-178,125
-178,126
-178,127
-178,128
-178,129
-178,130
-178,131
-178,132
-178,133
-178,134
-178,135
-178,136
-178,137
-178,138
-178,139
-178,140
-178,141
-178,142
-178,143
-178,144
-178,145
-178,146
-178,147
-178,148
-178,149
-178,150
-178,151
-178,152
-178,153
-178,154
-178,155
-178,156
-178,157
-178,158
-178,159
-178,160
-178,161
-178,162
-178,163
-178,164
-178,165
-178,166
-178,167
-178,168
-178,169
-178,170
-178,171
-178,172
-178,173
-178,174
-178,175
-178,176
-178,177
-178,178
-178,179
-178,180
-178,181
-178,182
-178,183
-178,184
-178,185
-178,186
-178,187
-178,188
-178,189
-178,190
-178,191
-178,192
-178,193
-178,194
-178,195
-178,196
-178,197
-178,198
-178,199
-178,200
-178,201
-178,202
-178,203
-178,204
-178,205
-178,206
-178,207
-178,208
-178,209
-178,210
-178,211
-178,212
-178,213
-178,214
-178,215
-178,216
-178,217
-178,218
-178,219
-178,220
-178,221
-178,222
-178,223
-178,224
-178,225
-178,226
-178,227
-178,228
-178,229
-178,230
-178,231
-178,232
-178,233
-178,234
-178,235
-178,236
-178,237
-178,238
-178,239
-178,240
-178,241
-178,242
-178,243
-178,244
-178,245
-178,246
-178,247
-178,248
-178,249
-178,250
-178,251
-178,252
-178,253
-178,254
-178,255
-178,256
-178,257
-178,258
-178,259
-178,260
-178,261
-178,262
-178,263
-178,264
-178,265
-178,266
-178,267
-178,268
-178,269
-178,270
-178,271
-178,272
-178,273
-178,274
-178,275
-178,276
-178,277
-178,278
-178,279
-178,280
-178,281
-178,282
-178,283
-178,284
-178,285
-178,286
-178,287
-178,288
-178,289
-178,290
-178,291
-178,292
-178,293
-178,294
-178,295
-178,296
-178,297
-178,298
-178,299
-178,300
-178,301
-178,302
-178,303
-178,304
-178,305
-178,306
-178,307
-178,308
-178,309
-178,310
-178,311
-178,312
-178,313
-178,314
-178,315
-178,316
-178,317
-178,318
-178,319
-178,320
-178,321
-178,322
-178,323
-178,324
-178,325
-178,326
-178,327
-178,328
-178,329
-178,330
-178,331
-178,332
-178,333
-178,334
-178,335
-178,336
-178,337
-178,338
-178,339
-178,340
-178,341
-178,342
-178,343
-178,344
-178,345
-178,346
-178,347
-178,348
-178,349
-178,350
-178,351
-178,352
-178,353
-178,354
-178,355
-178,356
-178,357
-178,358
-178,359
-178,360
-178,361
:190_3,362
:190_3,363
:190_3,364
:190_3,365
:190_3,366
:190_3,367
:190_3,368
:190_3,369
:190_3,370
:190_3,371
:190_3,372
-177,373
-177,374
-177,375
-177,376
-177,377
-177,378
-177,379
-177,380
-177,381
-177,382
-177,383
-177,384
-177,385
-177,386
-177,387
-177,388
-177,389
-177,390
-177,391
-177,392
-177,393
-177,394
-177,395
-177,396
-177,397
-177,398
-177,399
-177,400
-177,401
-177,402
-177,403
-177,404
-177,405
-177,406
-177,407
-177,408
-177,409
-177,410
-177,411
-177,412
-177,413
-177,414
-177,415
-177,416
-177,417
-177,418
-177,419
-177,420
-177,421
-177,422
-177,423
-177,424
-177,425
-177,426
-177,427
-177,428
-177,429
-177,430
-177,431
-177,432
-177,433
-177,434
-177,435
-177,436
-177,437
-177,438
-177,439
-177,440
-177,441
-177,442
-177,443
-177,444
-177,445
-177,446
-177,447
-177,448
-177,449
-177,450
-177,451
-177,452
-177,453
-177,454
-177,455
-177,456
-177,457
-177,458
-177,459
-177,460
-177,461
-177,462
-177,463
-177,464
-177,465
-177,466
-177,467
-177,468
-177,469
-177,470
-177,471
-177,472
-177,473
-177,474
-177,475
-177,476
-177,477
-177,478
-177,479
-177,480
-177,481
-177,482
-177,483
-177,484
-177,485
-177,486
-177,487
-177,488
-177,489
-177,490
-177,491
-177,492
-177,493
-177,494
-177,495
-177,496
-177,497
-177,498
-177,499
-177,500
-177,501
-177,502
-177,503
-177,504
-177,505
-177,506
-177,507
-177,508
-177,509
:13_9,510
:13_9,511
:13_9,512
:13_9,513
:13_9,514
176,515
176,516
176,517
176,518
176,519
176,520
176,521
176,522
176,523
176,524
176,525
176,526
176,527
176,528
176,529
176,530
176,531
176,532
176,533
176,534
176,535
176,536
176,537
176,538
176,539
176,540
176,541
176,542
176,543
176,544
176,545
176,546
176,547
176,548
176,549
176,550
176,551
176,552
176,553
176,554
176,555
176,556
176,557
176,558
176,559
176,560
176,561
176,562
176,563
176,564
176,565
176,566
176,567
176,568
176,569
176,570
176,571
176,572
176,573
176,574
176,575
176,576
176,577
176,578
176,579
176,580
176,581
176,582
176,583
176,584
176,585
176,586
176,587
176,588
176,589
176,590
176,591
176,592
176,593
176,594
176,595
176,596
176,597
176,598
176,599
176,600
176,601
176,602
176,603
176,604
176,605
176,606
176,607
176,608
176,609
176,610
176,611
176,612
176,613
176,614
176,615
176,616
176,617
176,618
176,619
176,620
176,621
:189_9,622
:189_9,623
:189_9,624
:189_9,625
:189_9,626
212,627
212,628
212,629
212,630
212,631
212,632
212,633
212,634
212,635
212,636
212,637
212,638
212,639
212,640
212,641
212,642
212,643
212,644
212,645
212,646
212,647
212,648
212,649
212,650
212,651
212,652
212,653
212,654
212,655
212,656
212,657
212,658
212,659
212,660
212,661
212,662
212,663
212,664
212,665
212,666
212,667
212,668
212,669
212,670
212,671
212,672
:218_4,673
:218_4,674
:218_4,675
:218_4,676
:218_4,677
-558,678
-558,679
-558,680
-558,681
-558,682
-558,683
-558,684
-558,685
-558,686
-558,687
-558,688
-558,689
-558,690
-558,691
-558,692
-558,693
-558,694
-558,695
-558,696
-558,697
-558,698
-558,699
-558,700
-558,701
-558,702
-558,703
-558,704
-558,705
-558,706
-558,707
-558,708
-558,709
-558,710
-558,711
-558,712
-558,713
-558,714
-558,715
-558,716
-558,717
-558,718
-558,719
-558,720
-558,721
-558,722
-558,723
-558,724
-558,725
-558,726
-558,727
-558,728
-558,729
-558,730
-558,731
-558,732
-558,733
-558,734
-558,735
-558,736
-558,737
-558,738
-558,739
-558,740
-558,741
-558,742
-558,743
-558,744
-558,745
-558,746
-558,747
-558,748
-558,749
-558,750
-558,751
-558,752
-558,753
-558,754
-558,755
-558,756
-178,1
-178,2
-178,3
-178,1
