-426,11
-426,12
-426,13
-426,14
-426,15
-426,16
-426,17
-426,18
-426,19
-426,20
-426,21
-426,22
-426,23
-426,24
-426,25
-426,26
-426,27
-426,28
-426,29
-426,30
-426,31
-426,32
-426,33
-426,34
-426,35
-426,36
-426,37
-426,38
-426,39
-426,40
-426,41
-426,42
-426,43
-426,44
-426,45
-426,46
-426,47
-426,48
-426,49
-426,50
-426,51
-426,52
-426,53
-426,54
-426,55
-426,56
-426,57
-426,58
-426,59
-426,60
-426,61
-426,62
-426,63
-426,64
-426,65
-426,66
-426,67
-426,68
-426,69
-426,70
-426,71
-426,72
-426,73
-426,74
-426,75
-426,76
-426,77
-426,78
-426,79
-426,80
-426,81
-426,82
-426,83
-426,84
-426,85
-426,86
-426,87
-426,88
-426,89
-426,90
-426,91
-426,92
-426,93
-426,94
-426,95
-426,96
-426,97
-426,98
-426,99
-426,100
-426,101
-426,102
-426,103
-426,104
-426,105
-426,106
-426,107
-426,108
-426,109
-426,110
-426,111
-426,112
-426,113
-426,114
-426,115
-426,116
-426,117
-426,118
-426,119
-426,120
-426,121
-426,122
-426,123
-426,124
-426,125
-426,126
-426,127
-426,128
-426,129
-426,130
-426,131
-426,132
:7_1,133
:7_1,134
:7_16,135
:7_16,136
:7_16,137
:7_16,138
:7_16,139
:7_16,140
425,141
425,142
425,143
425,144
425,145
425,146
425,147
425,148
425,149
425,150
425,151
425,152
425,153
425,154
425,155
425,156
425,157
425,158
425,159
425,160
425,161
425,162
425,163
425,164
425,165
425,166
425,167
425,168
425,169
425,170
425,171
425,172
425,173
425,174
425,175
425,176
425,177
425,178
425,179
425,180
425,181
425,182
425,183
425,184
425,185
425,186
425,187
425,188
425,189
425,190
425,191
425,192
425,193
425,194
425,195
425,196
425,197
425,198
425,199
425,200
425,201
425,202
425,203
425,204
425,205
425,206
425,207
425,208
425,209
425,210
425,211
425,212
425,213
425,214
425,215
425,216
425,217
425,218
425,219
425,220
425,221
425,222
425,223
425,224
425,225
425,226
425,227
425,228
425,229
425,230
425,231
425,232
425,233
425,234
425,235
425,236
425,237
425,238
425,239
425,240
425,241
425,242
425,243
425,244
425,245
425,246
425,247
425,248
425,249
425,250
425,251
425,252
425,253
425,254
425,255
425,256
425,257
425,258
425,259
425,260
425,261
425,262
425,263
425,264
425,265
425,266
425,267
425,268
425,269
425,270
425,271
425,272
425,273
425,274
425,275
425,276
425,277
425,278
425,279
425,280
:373_1,281
:373_7,282
:373_7,283
:373_7,284
684,285
684,286
684,287
684,288
684,289
684,290
684,291
684,292
684,293
684,294
684,295
684,296
684,297
684,298
684,299
684,300
684,301
684,302
684,303
684,304
684,305
684,306
684,307
684,308
:6_9,309
:6_9,310
6,311
6,312
6,313
6,314
6,315
6,316
6,317
6,318
6,319
6,320
6,321
6,322
6,323
6,324
6,325
6,326
6,327
6,328
6,329
6,330
6,331
6,332
6,333
6,334
6,335
6,336
6,337
6,338
6,339
6,340
6,341
6,342
6,343
6,344
6,345
6,346
6,347
6,348
6,349
6,350
6,351
6,352
6,353
6,354
6,355
6,356
6,357
6,358
6,359
6,360
6,361
6,362
6,363
6,364
6,365
6,366
6,367
6,368
6,369
6,370
6,371
6,372
6,373
6,374
6,375
6,376
6,377
6,378
6,379
6,380
6,381
6,382
6,383
6,384
6,385
6,386
6,387
6,388
6,389
6,390
6,391
6,392
6,393
6,394
6,395
6,396
6,397
6,398
6,399
6,400
6,401
6,402
6,403
6,404
6,405
6,406
6,407
6,408
6,409
6,410
6,411
6,412
6,413
6,414
6,415
6,416
6,417
6,418
6,419
6,420
6,421
6,422
6,423
6,424
6,425
6,426
6,427
6,428
6,429
6,430
6,431
6,432
6,433
6,434
6,435
6,436
6,437
6,438
6,439
6,440
6,441
6,442
6,443
6,444
6,445
6,446
6,447
6,448
6,449
6,450
6,451
6,452
6,453
6,454
6,455
6,456
6,457
6,458
6,459
6,460
6,461
6,462
6,463
6,464
6,465
6,466
6,467
6,468
6,469
6,470
6,471
6,472
6,473
6,474
6,475
6,476
6,477
6,478
6,479
6,480
6,481
6,482
6,483
6,484
6,485
6,486
6,487
6,488
6,489
6,490
6,491
6,492
6,493
6,494
6,495
6,496
6,497
6,498
6,499
6,500
6,501
6,502
6,503
6,504
6,505
6,506
6,507
6,508
6,509
6,510
6,511
6,512
6,513
6,514
6,515
6,516
6,517
6,518
6,519
6,520
6,521
6,522
6,523
6,524
6,525
6,526
6,527
6,528
6,529
6,530
6,531
6,532
6,533
6,534
6,535
6,536
6,537
6,538
6,539
6,540
6,541
6,542
6,543
6,544
6,545
6,546
6,547
6,548
6,549
6,550
6,551
6,552
6,553
6,554
6,555
6,556
6,557
6,558
6,559
6,560
6,561
6,562
6,563
6,564
6,565
6,566
6,567
6,568
7,569
7,570
7,571
7,572
7,573
7,574
7,575
7,576
7,577
7,578
7,579
7,580
7,581
7,582
7,583
7,584
7,585
7,586
7,587
7,588
7,589
7,590
7,591
7,592
7,593
7,594
7,595
7,596
7,597
7,598
7,599
7,600
7,601
7,602
7,603
7,604
7,605
7,606
7,607
7,608
7,609
7,610
7,611
7,612
7,613
7,614
7,615
7,616
7,617
7,618
7,619
7,620
7,621
7,622
7,623
7,624
7,625
7,626
7,627
7,628
7,629
7,630
7,631
7,632
7,633
7,634
7,635
7,636
7,637
7,638
7,639
7,640
7,641
7,642
7,643
7,644
7,645
7,646
7,647
7,648
7,649
7,650
7,651
7,652
7,653
7,654
7,655
8,656
8,657
8,658
8,659
8,660
8,661
8,662
8,663
8,664
8,665
8,666
8,667
8,668
8,669
8,670
8,671
8,672
8,673
8,674
8,675
8,676
8,677
8,678
8,679
8,680
8,681
8,682
8,683
8,684
8,685
8,686
8,687
8,688
8,689
8,690
8,691
8,692
8,693
8,694
8,695
8,696
8,697
8,698
8,699
8,700
8,701
8,702
8,703
8,704
8,705
8,706
8,707
8,708
8,709
8,710
8,711
8,712
8,713
8,714
8,715
8,716
8,717
8,718
8,719
8,720
8,721
8,722
8,723
8,724
8,725
8,726
8,727
8,728
8,729
8,730
8,731
8,732
9,733
9,734
9,735
9,736
9,737
9,738
9,739
9,740
9,741
9,742
9,743
9,744
9,745
9,746
9,747
9,748
9,749
9,750
9,751
9,752
9,753
9,754
9,755
9,756
9,757
9,758
9,759
9,760
9,761
9,762
9,763
9,764
9,765
9,766
9,767
9,768
9,769
9,770
9,771
9,772
9,773
9,774
9,775
9,776
9,777
9,778
9,779
9,780
9,781
9,782
9,783
9,784
9,785
9,786
9,787
9,788
9,789
9,790
9,791
9,792
9,793
9,794
9,795
9,796
9,797
9,798
9,799
9,800
9,801
9,802
9,803
9,804
9,805
10,806
10,807
10,808
10,809
10,810
10,811
10,812
10,813
10,814
10,815
10,816
10,817
10,818
10,819
10,820
10,821
10,822
10,823
10,824
10,825
10,826
10,827
10,828
10,829
10,830
10,831
10,832
10,833
10,834
10,835
10,836
10,837
10,838
10,839
10,840
10,841
10,842
10,843
10,844
10,845
10,846
10,847
10,848
10,849
10,850
10,851
10,852
10,853
10,854
10,855
10,856
10,857
10,858
10,859
10,860
10,861
10,862
10,863
10,864
10,865
10,866
10,867
10,868
10,869
10,870
10,871
10,872
10,873
10,874
10,875
10,876
10,877
10,878
11,879
11,880
11,881
11,882
11,883
11,884
11,885
11,886
11,887
11,888
11,889
11,890
11,891
11,892
11,893
11,894
11,895
11,896
11,897
11,898
11,899
11,900
11,901
11,902
11,903
11,904
11,905
11,906
11,907
11,908
11,909
11,910
11,911
11,912
11,913
11,914
11,915
11,916
11,917
11,918
11,919
11,920
11,921
11,922
11,923
11,924
11,925
11,926
11,927
11,928
11,929
11,930
11,931
11,932
11,933
11,934
11,935
11,936
11,937
11,938
11,939
11,940
11,941
11,942
11,943
11,944
11,945
11,946
11,947
11,948
11,949
11,950
11,951
11,952
11,953
11,954
11,955
11,956
11,957
11,958
11,959
11,960
11,961
11,962
11,963
11,964
11,965
