-285,1
-285,1
-285,1
-285,2
-285,3
-285,4
-285,5
-285,6
-285,7
-285,8
-285,9
-285,10
-285,11
-285,12
-285,13
-285,14
-285,15
-285,16
-285,17
-285,18
-285,19
-285,20
-285,21
-285,22
-285,23
-285,24
-285,25
-285,26
-285,27
-285,28
-285,29
-285,30
-285,31
-285,32
-285,33
-285,34
-285,35
-285,36
-285,37
-285,38
-285,39
-285,40
-285,41
-285,42
-285,43
-285,44
-285,45
-285,46
-285,47
-285,48
:274_0,49
-284,50
-284,51
-284,52
-284,53
-284,54
-284,55
-284,56
-284,57
-284,58
-284,59
-284,60
-284,61
-284,62
-284,63
-284,64
-284,65
-284,66
-284,67
-284,68
-284,69
-284,70
-284,71
-284,72
-284,73
-284,74
-284,75
-284,76
-284,77
-284,78
-284,79
-284,80
-284,81
-284,82
-284,83
-284,84
-284,85
-284,86
-284,87
-284,88
-284,89
-284,90
-284,91
-284,92
-284,93
-284,94
-284,95
-284,96
-284,97
-284,98
-284,99
-284,100
-284,101
-284,102
-284,103
-284,104
-284,105
-284,106
:248_0,107
:248_0,108
:248_0,109
-247,110
-247,111
-247,112
-247,113
-247,114
-247,115
-247,116
-247,117
-247,118
-247,119
-247,120
-247,121
-247,122
-247,123
-247,124
-247,125
-247,126
-247,127
-247,128
-247,129
-247,130
-247,131
-247,132
-247,133
-247,134
-247,135
-247,136
-247,137
-247,138
-247,139
-247,140
-247,141
-247,142
-247,143
-247,144
-247,145
-247,146
-247,147
-247,148
-247,149
-247,150
-247,151
-247,152
-247,153
-247,154
-247,155
-247,156
-247,157
-247,158
-247,159
-247,160
-247,161
-247,162
-247,163
-247,164
-247,165
-247,166
-247,167
-247,168
-247,169
-247,170
-247,171
-247,172
-247,173
-247,174
-247,175
-247,176
-247,177
-247,178
-247,179
-247,180
-247,181
-247,182
-247,183
-247,184
-247,185
-247,186
-247,187
-247,188
-247,189
-247,190
-247,191
-247,192
-247,193
-247,194
-247,195
-247,196
-247,197
-247,198
-247,199
-247,200
-247,201
-247,202
-247,203
-247,204
-247,205
-247,206
-247,207
-247,208
-247,209
-247,210
-247,211
-247,212
-247,213
-247,214
-247,215
-247,216
-247,217
-247,218
-247,219
-247,220
-247,221
-247,222
-247,223
-247,224
-247,225
-247,226
-247,227
-247,228
-247,229
-247,230
-247,231
-247,232
-247,233
-247,234
-247,235
-247,236
-247,237
-247,238
-247,239
-247,240
-247,241
-247,242
-247,243
-247,244
-247,245
-247,246
-247,247
-247,248
-247,249
-247,250
-247,251
-247,252
-247,253
-247,254
-247,255
-247,256
-247,257
-247,258
-247,259
-247,260
-247,261
-247,262
-247,263
-247,264
-247,265
-247,266
-247,267
-247,268
-247,269
-247,270
-247,271
-247,272
-247,273
-247,274
-247,275
-247,276
-247,277
-247,278
-247,279
-247,280
-247,281
-247,282
-247,283
-247,284
-247,285
-247,286
-247,287
-247,288
-247,289
-247,290
:197_0,291
:197_0,292
:197_0,293
:197_0,294
:197_0,295
:197_0,296
-183,297
-183,298
-183,299
-183,300
-183,301
-183,302
-183,303
-183,304
-183,305
-183,306
-183,307
-183,308
-183,309
-183,310
-183,311
-183,312
-183,313
-183,314
-183,315
-183,316
-183,317
-183,318
-183,319
-183,320
-183,321
-183,322
-183,323
-183,324
-183,325
-183,326
-183,327
-183,328
-183,329
-183,330
-183,331
-183,332
-183,333
-183,334
-183,335
-183,336
-183,337
-183,338
-183,339
-183,340
-183,341
-183,342
-183,343
-183,344
-183,345
-183,346
-183,347
-183,348
-183,349
-183,350
-183,351
-183,352
-183,353
-183,354
-183,355
-183,356
-183,357
-183,358
-183,359
-183,360
-183,361
-183,362
-183,363
-183,364
-183,365
-183,366
-183,367
-183,368
-183,369
-183,370
-183,371
-183,372
-183,373
-183,374
-183,375
-183,376
-183,377
-183,378
-183,379
-183,380
-183,381
-183,382
-183,383
-183,384
-183,385
-183,386
-183,387
-183,388
-183,389
-183,390
-183,391
:194_1,392
:194_9,393
:194_9,394
:194_9,395
181,396
181,397
181,398
181,399
181,400
181,401
181,402
181,403
181,404
181,405
181,406
181,407
181,408
181,409
181,410
181,411
181,412
181,413
181,414
181,415
181,416
181,417
181,418
181,419
181,420
181,421
181,422
181,423
181,424
181,425
181,426
181,427
181,428
181,429
181,430
181,431
181,432
181,433
-543,434
-543,435
-543,436
-543,437
-543,438
-543,439
-543,440
-543,441
-543,442
-543,443
-543,444
-543,445
-543,446
-543,447
-543,448
-543,449
-543,450
-543,451
-543,452
-543,453
-543,454
-543,455
-543,456
-543,457
-543,458
-543,459
-543,460
-543,461
-543,462
-543,463
-543,464
-543,465
-543,466
-543,467
-543,468
-543,469
-543,470
-543,471
-543,472
-543,473
-543,474
-543,475
-543,476
-543,477
-543,478
-543,479
-543,480
-543,481
-543,482
-543,483
-543,484
-543,485
-543,486
-543,487
-543,488
-543,489
-543,490
-543,491
-543,492
-543,493
-543,494
-543,495
-543,496
-543,497
-543,498
-543,499
-543,500
-543,501
-543,502
-543,503
-543,504
-543,505
-543,506
-543,507
-543,508
-543,509
-543,510
-543,511
-543,512
-543,513
-543,514
-543,515
-543,516
-543,517
-543,518
-543,519
-543,520
-543,521
-543,522
-543,523
-543,524
-543,525
-543,526
-543,527
-543,528
-543,529
-543,530
-543,531
-543,532
-543,533
-543,534
-543,535
-543,536
-543,537
-543,538
-543,539
-543,540
-543,541
-543,542
-543,543
-543,544
-543,545
-543,546
-543,547
-543,548
-543,549
-543,550
-543,551
-543,552
-543,553
-543,554
-543,555
-543,556
-543,557
-543,558
-543,559
-543,560
-543,561
-543,562
-543,563
-543,564
-543,565
-543,566
-543,567
-543,568
-543,569
-543,570
-543,571
-543,572
-543,573
-543,574
-543,575
-543,576
-543,577
-543,578
-543,579
-543,580
-543,581
-543,582
-285,1
-285,2
-285,3
-285,1
