558,4
558,5
558,6
558,7
558,8
558,9
558,10
558,11
558,12
558,13
558,14
558,15
558,16
558,17
558,18
558,19
558,20
558,21
558,22
558,23
558,24
558,25
558,26
558,27
558,28
558,29
558,30
558,31
558,32
558,33
558,34
558,35
558,36
558,37
558,38
558,39
558,40
558,41
558,42
558,43
558,44
558,45
558,46
558,47
558,48
558,49
558,50
558,51
558,52
558,53
558,54
558,55
558,56
558,57
558,58
558,59
558,60
558,61
558,62
558,63
558,64
558,65
558,66
558,67
558,68
558,69
558,70
558,71
558,72
558,73
558,74
558,75
558,76
558,77
558,78
558,79
558,80
558,81
558,82
558,83
558,84
558,85
558,86
558,87
558,88
558,89
558,90
558,91
558,92
558,93
558,94
558,95
558,96
558,97
:218_6,98
:218_6,99
:218_6,100
:218_6,101
:218_6,102
-212,103
-212,104
-212,105
-212,106
-212,107
-212,108
-212,109
-212,110
-212,111
-212,112
-212,113
-212,114
-212,115
-212,116
-212,117
-212,118
-212,119
-212,120
-212,121
-212,122
-212,123
-212,124
-212,125
-212,126
-212,127
-212,128
-212,129
-212,130
-212,131
-212,132
-212,133
-212,134
-212,135
-212,136
-212,137
-212,138
-212,139
-212,140
-212,141
-212,142
-212,143
-212,144
-212,145
-212,146
-212,147
-212,148
-212,149
-212,150
-212,151
-212,152
-212,153
-212,154
-212,155
-212,156
-212,157
:189_0,158
:189_0,159
:189_0,160
:189_0,161
211,162
211,163
211,164
211,165
211,166
211,167
211,168
211,169
211,170
211,171
211,172
211,173
211,174
211,175
211,176
211,177
211,178
211,179
211,180
211,181
211,182
211,183
211,184
211,185
211,186
211,187
211,188
211,189
211,190
211,191
211,192
211,193
211,194
211,195
211,196
211,197
211,198
211,199
211,200
211,201
211,202
211,203
211,204
211,205
211,206
211,207
211,208
211,209
211,210
211,211
211,212
211,213
211,214
211,215
-227,216
-227,217
-227,218
-227,219
-227,220
-227,221
-227,222
-227,223
-227,224
-227,225
-227,226
-227,227
-227,228
-227,229
-227,230
-227,231
-227,232
-227,233
-227,234
-227,235
-227,236
-227,237
-227,238
-227,239
-227,240
-227,241
-227,242
-227,243
-227,244
-227,245
-227,246
-227,247
-227,248
-227,249
-227,250
-227,251
-227,252
-227,253
-227,254
-227,255
-227,256
-227,257
-227,258
-227,259
-227,260
-227,261
-227,262
-227,263
-227,264
-227,265
-227,266
-227,267
-227,268
-227,269
-227,270
-227,271
-227,272
-227,273
-227,274
-227,275
-227,276
-227,277
-227,278
-227,279
-227,280
-227,281
-227,282
-227,283
-227,284
-227,285
-227,286
-227,287
:186_5,288
:186_5,289
:186_5,290
:186_5,291
:186_5,292
:186_5,293
-173,294
-173,295
-173,296
-173,297
-173,298
-173,299
-173,300
-173,301
-173,302
-173,303
-173,304
-173,305
-173,306
-173,307
-173,308
-173,309
-173,310
-173,311
-173,312
-173,313
-173,314
-173,315
-173,316
-173,317
-173,318
-173,319
-173,320
-173,321
-173,322
-173,323
-173,324
-173,325
-173,326
-173,327
-173,328
-173,329
-173,330
-173,331
-173,332
-173,333
-173,334
-173,335
-173,336
-173,337
-173,338
-173,339
-173,340
-173,341
-173,342
-173,343
-173,344
-173,345
-173,346
-173,347
-173,348
-173,349
-173,350
-173,351
-173,352
-173,353
-173,354
-173,355
-173,356
-173,357
-173,358
-173,359
-173,360
-173,361
-173,362
-173,363
-173,364
-173,365
-173,366
-173,367
-173,368
-173,369
-173,370
-173,371
-173,372
-173,373
-173,374
-173,375
-173,376
-173,377
-173,378
-173,379
-173,380
-173,381
-173,382
-173,383
-173,384
-173,385
-173,386
-173,387
-173,388
-173,389
-173,390
-173,391
-173,392
-173,393
-173,394
-173,395
-173,396
-173,397
-173,398
-173,399
-173,400
-173,401
-173,402
-173,403
-173,404
-173,405
-173,406
-173,407
-173,408
-173,409
-173,410
-173,411
-173,412
-173,413
-173,414
-173,415
-173,416
-173,417
-173,418
-173,419
-173,420
-173,421
-173,422
-173,423
-173,424
-173,425
-173,426
-173,427
-173,428
-173,429
-173,430
-173,431
-173,432
-173,433
-173,434
-173,435
-173,436
-173,437
-173,438
-173,439
-173,440
-173,441
-173,442
-173,443
-173,444
-173,445
-173,446
-173,447
-173,448
-173,449
-173,450
-173,451
-173,452
-173,453
-173,454
-173,455
-173,456
-173,457
-173,458
-173,459
-173,460
-173,461
-173,462
-173,463
-173,464
-173,465
-173,466
-173,467
-173,468
-173,469
-173,470
-173,471
-173,472
-173,473
-173,474
-173,475
-173,476
-173,477
-173,478
-173,479
-173,480
:181_6,481
:181_6,482
:181_6,483
:181_6,484
:181_6,485
:181_6,486
174,487
174,488
174,489
174,490
174,491
174,492
174,493
174,494
174,495
174,496
174,497
174,498
174,499
174,500
174,501
174,502
174,503
174,504
174,505
174,506
174,507
174,508
174,509
174,510
174,511
174,512
174,513
174,514
174,515
174,516
174,517
174,518
174,519
174,520
174,521
174,522
174,523
174,524
174,525
174,526
174,527
174,528
174,529
174,530
174,531
174,532
174,533
174,534
174,535
174,536
174,537
174,538
174,539
174,540
174,541
174,542
174,543
174,544
174,545
174,546
174,547
174,548
174,549
174,550
174,551
174,552
174,553
174,554
174,555
174,556
174,557
174,558
174,559
174,560
174,561
174,562
174,563
174,564
174,565
174,566
174,567
174,568
174,569
174,570
174,571
174,572
174,573
174,574
174,575
174,576
174,577
174,578
174,579
174,580
174,581
174,582
174,583
174,584
174,585
174,586
174,587
174,588
174,589
174,590
174,591
174,592
174,593
174,594
174,595
174,596
174,597
174,598
174,599
174,600
174,601
174,602
174,603
174,604
174,605
174,606
174,607
174,608
174,609
174,610
174,611
174,612
174,613
174,614
174,615
174,616
174,617
174,618
174,619
174,620
174,621
174,622
174,623
174,624
174,625
174,626
174,627
174,628
174,629
174,630
174,631
174,632
174,633
174,634
174,635
174,636
174,637
174,638
174,639
174,640
174,641
174,642
174,643
174,644
174,645
174,646
174,647
174,648
174,649
174,650
174,651
174,652
174,653
174,654
174,655
174,656
174,657
174,658
174,659
174,660
174,661
558,4
