174,4
174,5
174,6
174,7
174,8
174,9
174,10
174,11
174,12
174,13
174,14
174,15
174,16
174,17
174,18
174,19
174,20
174,21
174,22
174,23
174,24
174,25
174,26
174,27
174,28
174,29
174,30
174,31
174,32
174,33
174,34
174,35
174,36
174,37
174,38
174,39
174,40
174,41
174,42
174,43
174,44
174,45
174,46
174,47
174,48
174,49
174,50
174,51
174,52
174,53
174,54
174,55
174,56
174,57
174,58
174,59
174,60
174,61
174,62
174,63
174,64
174,65
174,66
174,67
174,68
174,69
174,70
174,71
174,72
174,73
174,74
174,75
174,76
174,77
174,78
174,79
174,80
174,81
174,82
174,83
174,84
174,85
174,86
174,87
174,88
174,89
174,90
174,91
174,92
174,93
174,94
174,95
174,96
174,97
174,98
174,99
174,100
174,101
174,102
174,103
174,104
174,105
174,106
174,107
174,108
174,109
174,110
174,111
174,112
174,113
174,114
174,115
174,116
174,117
174,118
174,119
174,120
174,121
174,122
174,123
174,124
174,125
174,126
174,127
174,128
174,129
174,130
174,131
174,132
174,133
174,134
174,135
174,136
174,137
174,138
174,139
174,140
174,141
174,142
174,143
174,144
174,145
174,146
174,147
174,148
174,149
174,150
174,151
174,152
174,153
174,154
174,155
174,156
174,157
174,158
174,159
174,160
174,161
174,162
174,163
174,164
174,165
174,166
174,167
174,168
174,169
174,170
174,171
174,172
174,173
174,174
:187_12,175
:187_12,176
:187_12,177
:187_12,178
184,179
184,180
184,181
184,182
184,183
184,184
184,185
184,186
184,187
184,188
184,189
184,190
184,191
184,192
184,193
184,194
184,195
184,196
184,197
184,198
184,199
184,200
184,201
184,202
184,203
184,204
184,205
184,206
184,207
184,208
184,209
184,210
184,211
184,212
184,213
184,214
184,215
184,216
184,217
184,218
184,219
184,220
184,221
184,222
184,223
184,224
184,225
184,226
184,227
184,228
184,229
184,230
184,231
184,232
184,233
184,234
184,235
184,236
184,237
184,238
184,239
184,240
184,241
184,242
184,243
184,244
184,245
184,246
184,247
184,248
184,249
184,250
184,251
184,252
184,253
184,254
184,255
184,256
184,257
184,258
184,259
184,260
184,261
184,262
184,263
184,264
184,265
184,266
184,267
184,268
184,269
184,270
184,271
184,272
184,273
184,274
184,275
184,276
184,277
184,278
184,279
184,280
184,281
184,282
184,283
184,284
184,285
184,286
184,287
184,288
184,289
184,290
184,291
184,292
184,293
184,294
184,295
184,296
184,297
184,298
184,299
184,300
184,301
184,302
184,303
184,304
184,305
184,306
184,307
184,308
184,309
184,310
184,311
184,312
184,313
184,314
184,315
184,316
184,317
184,318
184,319
184,320
184,321
184,322
184,323
184,324
184,325
184,326
184,327
184,328
184,329
184,330
184,331
184,332
184,333
184,334
184,335
184,336
184,337
184,338
184,339
184,340
184,341
184,342
184,343
184,344
184,345
184,346
184,347
184,348
184,349
184,350
184,351
184,352
184,353
184,354
184,355
184,356
184,357
184,358
184,359
184,360
184,361
184,362
184,363
184,364
184,365
184,366
184,367
184,368
184,369
184,370
184,371
184,372
184,373
184,374
184,375
184,376
184,377
184,378
184,379
184,380
184,381
184,382
184,383
184,384
184,385
184,386
184,387
184,388
184,389
184,390
184,391
184,392
184,393
184,394
184,395
184,396
184,397
184,398
184,399
184,400
184,401
184,402
:182_1,403
:182_1,404
:182_1,405
:182_1,406
:182_1,407
:182_1,408
234,409
234,410
234,411
234,412
234,413
234,414
234,415
234,416
234,417
234,418
234,419
234,420
234,421
234,422
234,423
234,424
234,425
234,426
234,427
234,428
234,429
234,430
234,431
234,432
234,433
234,434
234,435
234,436
234,437
234,438
234,439
234,440
234,441
234,442
234,443
234,444
234,445
234,446
234,447
234,448
234,449
234,450
234,451
234,452
234,453
234,454
234,455
234,456
234,457
234,458
234,459
234,460
234,461
234,462
234,463
234,464
234,465
234,466
234,467
234,468
234,469
234,470
234,471
234,472
234,473
234,474
234,475
234,476
234,477
234,478
234,479
234,480
234,481
234,482
234,483
234,484
234,485
234,486
234,487
234,488
234,489
234,490
234,491
234,492
234,493
234,494
234,495
234,496
234,497
234,498
234,499
234,500
234,501
234,502
234,503
234,504
234,505
234,506
234,507
234,508
234,509
234,510
234,511
234,512
234,513
234,514
234,515
234,516
234,517
234,518
234,519
234,520
234,521
234,522
234,523
234,524
234,525
234,526
234,527
234,528
234,529
234,530
234,531
234,532
234,533
234,534
234,535
234,536
234,537
234,538
234,539
234,540
234,541
234,542
234,543
234,544
234,545
234,546
234,547
234,548
234,549
234,550
234,551
234,552
234,553
234,554
234,555
234,556
234,557
234,558
234,559
234,560
234,561
234,562
234,563
234,564
234,565
234,566
234,567
234,568
234,569
234,570
234,571
234,572
234,573
234,574
234,575
234,576
234,577
234,578
234,579
234,580
234,581
234,582
234,583
234,584
234,585
234,586
234,587
234,588
234,589
234,590
234,591
234,592
234,593
234,594
234,595
234,596
234,597
234,598
234,599
234,600
234,601
234,602
234,603
234,604
234,605
234,606
234,607
234,608
234,609
234,610
234,611
234,612
234,613
234,614
234,615
:238_2,616
:238_2,617
:238_2,618
:238_2,619
:238_2,620
:238_2,621
267,622
267,623
267,624
267,625
267,626
267,627
267,628
267,629
267,630
267,631
267,632
267,633
267,634
267,635
267,636
267,637
267,638
267,639
267,640
267,641
267,642
267,643
267,644
267,645
267,646
267,647
267,648
267,649
267,650
267,651
267,652
267,653
267,654
267,655
267,656
267,657
267,658
267,659
267,660
267,661
267,662
267,663
267,664
267,665
267,666
267,667
267,668
267,669
267,670
:262_7,671
:262_7,672
:262_7,673
:262_7,674
:262_7,675
:262_7,676
-431,677
-431,678
-431,679
-431,680
-431,681
-431,682
-431,683
-431,684
-431,685
-431,686
-431,687
-431,688
-431,689
-431,690
-431,691
-431,692
-431,693
-431,694
-431,695
-431,696
-431,697
-431,698
-431,699
-431,700
-431,701
-431,702
-431,703
-431,704
-431,705
-431,706
-431,707
-431,708
-431,709
-431,710
-431,711
-431,712
-431,713
-431,714
-431,715
-431,716
-431,717
-431,718
-431,719
-431,720
-431,721
-431,722
-431,723
:203_6,724
:203_6,725
:203_6,726
:203_6,727
-193,728
-193,729
-193,730
-193,731
-193,732
-193,733
-193,734
-193,735
-193,736
-193,737
-193,738
-193,739
-193,740
-193,741
-193,742
-193,743
-193,744
-193,745
-193,746
-193,747
-193,748
-193,749
-193,750
-193,751
-193,752
-193,753
-193,754
-193,755
-193,756
-193,757
-193,758
-193,759
-193,760
-193,761
-193,762
-193,763
-193,764
-193,765
-193,766
-193,767
-193,768
-193,769
-193,770
-193,771
-193,772
-193,773
-193,774
-193,775
-193,776
-193,777
-193,778
-193,779
-193,780
-193,781
-193,782
-193,783
-193,784
-193,785
-193,786
-193,787
-193,788
-193,789
-193,790
-193,791
-193,792
-193,793
-193,794
-193,795
-193,796
-193,797
-193,798
-193,799
-193,800
-193,801
-193,802
-193,803
-193,804
-193,805
-193,806
-193,807
-193,808
-193,809
-193,810
-193,811
-193,812
-193,813
-193,814
-193,815
-193,816
-193,817
-193,818
-193,819
-193,820
-193,821
-193,822
-193,823
-193,824
-193,825
-193,826
-193,827
-193,828
-193,829
-193,830
-193,831
-193,832
-193,833
-193,834
-193,835
-193,836
-193,837
-193,838
-193,839
-193,840
-193,841
-193,842
-193,843
-193,844
-193,845
-193,846
-193,847
-193,848
-193,849
-193,850
-193,851
-193,852
-193,853
-193,854
-193,855
-193,856
-193,857
-193,858
-193,859
-193,860
-193,861
-193,862
-193,863
-193,864
-193,865
-193,866
-193,867
-193,868
-193,869
-193,870
-193,871
-193,872
-193,873
-193,874
-193,875
-193,876
-193,877
-193,878
-193,879
-193,880
-193,881
-193,882
-193,883
-193,884
-193,885
-193,886
-193,887
-193,888
-193,889
-193,890
-193,891
-193,892
-193,893
-193,894
-193,895
-193,896
:35_2,897
:35_2,898
:35_2,899
:35_2,900
:35_2,901
:35_2,902
:35_2,903
:35_2,904
:35_2,905
196,906
196,907
196,908
196,909
196,910
196,911
196,912
196,913
196,914
196,915
196,916
196,917
196,918
196,919
196,920
196,921
196,922
196,923
196,924
196,925
196,926
196,927
196,928
196,929
196,930
196,931
196,932
196,933
196,934
196,935
196,936
196,937
196,938
196,939
196,940
196,941
196,942
196,943
196,944
196,945
196,946
196,947
196,948
196,949
196,950
196,951
196,952
196,953
196,954
196,955
196,956
196,957
196,958
196,959
196,960
196,961
196,962
196,963
196,964
196,965
174,4
