-383,1
-383,1
-383,1
-383,2
-383,3
-383,4
-383,5
-383,6
-383,7
-383,8
-383,9
-383,10
-383,11
-383,12
-383,13
-383,14
-383,15
-383,16
-383,17
-383,18
-383,19
-383,20
-383,21
-383,22
-383,23
-383,24
-383,25
-383,26
-383,27
-383,28
-383,29
-383,30
-383,31
-383,32
-383,33
-383,34
-383,35
-383,36
-383,37
-383,38
-383,39
-383,40
-383,41
-383,42
-383,43
-383,44
-383,45
-383,46
-383,47
-383,48
-383,49
-383,50
-383,51
-383,52
-383,53
-383,54
-383,55
-383,56
-383,57
-383,58
-383,59
-383,60
-383,61
-383,62
-383,63
-383,64
-383,65
-383,66
-383,67
-383,68
-383,69
-383,70
-383,71
-383,72
-383,73
-383,74
-383,75
-383,76
-383,77
:268_0,78
-275,79
-275,80
-275,81
-275,82
-275,83
-275,84
-275,85
-275,86
-275,87
-275,88
-275,89
-275,90
-275,91
-275,92
-275,93
-275,94
-275,95
-275,96
-275,97
-275,98
-275,99
-275,100
-275,101
-275,102
-275,103
-275,104
-275,105
-275,106
-275,107
-275,108
-275,109
-275,110
-275,111
-275,112
-275,113
-275,114
-275,115
-275,116
-275,117
-275,118
-275,119
-275,120
-275,121
-275,122
-275,123
-275,124
-275,125
-275,126
-275,127
-275,128
-275,129
-275,130
-275,131
-275,132
-275,133
-275,134
-275,135
-275,136
-275,137
-275,138
-275,139
-275,140
-275,141
-275,142
-275,143
-275,144
-275,145
-275,146
-275,147
-275,148
-275,149
-275,150
-275,151
-275,152
-275,153
-275,154
-275,155
-275,156
-275,157
-275,158
-275,159
-275,160
-275,161
-275,162
-275,163
-275,164
-275,165
-275,166
-275,167
-275,168
-275,169
-275,170
-275,171
-275,172
-275,173
-275,174
-275,175
-275,176
-275,177
-275,178
-275,179
-275,180
-275,181
-275,182
-275,183
-275,184
-275,185
:265_13,186
:265_13,187
:265_13,188
:265_13,189
:265_13,190
:265_13,191
273,192
273,193
273,194
273,195
273,196
273,197
273,198
273,199
273,200
273,201
273,202
273,203
273,204
273,205
273,206
273,207
273,208
273,209
273,210
273,211
273,212
273,213
273,214
273,215
273,216
273,217
273,218
273,219
273,220
273,221
273,222
273,223
273,224
273,225
273,226
273,227
273,228
273,229
273,230
273,231
273,232
273,233
273,234
273,235
273,236
273,237
273,238
273,239
273,240
:266_7,241
:266_7,242
:266_7,243
:266_7,244
:266_7,245
373,246
373,247
373,248
373,249
373,250
373,251
373,252
373,253
373,254
373,255
373,256
373,257
373,258
373,259
373,260
373,261
373,262
373,263
373,264
373,265
373,266
373,267
373,268
373,269
373,270
373,271
373,272
373,273
373,274
373,275
373,276
373,277
373,278
373,279
373,280
373,281
373,282
373,283
:90_6,284
:90_6,285
:90_6,286
501,287
501,288
501,289
501,290
501,291
501,292
501,293
501,294
501,295
501,296
501,297
501,298
501,299
501,300
501,301
501,302
501,303
501,304
501,305
501,306
501,307
501,308
501,309
501,310
501,311
501,312
501,313
501,314
501,315
501,316
501,317
501,318
501,319
501,320
501,321
501,322
501,323
501,324
501,325
501,326
501,327
501,328
501,329
501,330
501,331
501,332
501,333
501,334
501,335
501,336
501,337
:419_0,338
:419_0,339
:419_0,340
:419_0,341
:419_0,342
593,343
593,344
593,345
593,346
593,347
593,348
593,349
593,350
593,351
593,352
593,353
593,354
593,355
593,356
593,357
593,358
593,359
593,360
593,361
593,362
593,363
593,364
593,365
593,366
593,367
593,368
593,369
593,370
593,371
593,372
593,373
593,374
593,375
593,376
593,377
593,378
593,379
593,380
593,381
593,382
593,383
593,384
593,385
593,386
593,387
593,388
593,389
593,390
593,391
593,392
593,393
593,394
593,395
593,396
593,397
593,398
593,399
593,400
593,401
593,402
593,403
593,404
593,405
593,406
593,407
593,408
593,409
593,410
593,411
593,412
593,413
593,414
593,415
593,416
593,417
593,418
593,419
593,420
593,421
593,422
593,423
593,424
593,425
593,426
593,427
593,428
593,429
593,430
593,431
:353_0,432
:353_0,433
:353_0,434
-391,435
-391,436
-391,437
-391,438
-391,439
-391,440
-391,441
-391,442
-391,443
-391,444
-391,445
-391,446
-391,447
-391,448
-391,449
-391,450
-391,451
-391,452
-391,453
-391,454
-391,455
-391,456
-391,457
-391,458
-391,459
-391,460
-391,461
-391,462
-391,463
-391,464
-391,465
-391,466
-391,467
:155_10,468
:155_10,469
:155_10,470
:155_10,471
-139,472
-139,473
-139,474
-139,475
-139,476
-139,477
-139,478
-139,479
-139,480
-139,481
-139,482
-139,483
-139,484
-139,485
-139,486
-139,487
-139,488
-139,489
-139,490
-139,491
-139,492
-139,493
-139,494
-139,495
-139,496
-139,497
-139,498
-139,499
-139,500
-139,501
-139,502
-139,503
-139,504
-139,505
-139,506
-139,507
-139,508
-139,509
-139,510
-139,511
-139,512
-139,513
-139,514
-139,515
-139,516
-139,517
-139,518
-139,519
-139,520
-139,521
-139,522
-139,523
-139,524
-139,525
-139,526
-139,527
-139,528
-139,529
-139,530
-139,531
-139,532
-139,533
-139,534
-139,535
-139,536
-139,537
-139,538
-139,539
-139,540
-139,541
:153_4,542
:153_4,543
138,544
138,545
138,546
138,547
138,548
138,549
138,550
138,551
138,552
138,553
138,554
138,555
138,556
138,557
138,558
138,559
138,560
138,561
138,562
138,563
138,564
138,565
138,566
138,567
138,568
138,569
138,570
138,571
138,572
138,573
138,574
138,575
138,576
138,577
138,578
138,579
138,580
138,581
138,582
138,583
138,584
138,585
138,586
138,587
138,588
138,589
138,590
138,591
138,592
138,593
138,594
138,595
138,596
138,597
138,598
138,599
138,600
138,601
138,602
138,603
138,604
138,605
138,606
138,607
138,608
138,609
138,610
138,611
138,612
138,613
138,614
138,615
138,616
138,617
138,618
138,619
138,620
138,621
138,622
138,623
138,624
138,625
138,626
138,627
138,628
138,629
138,630
138,631
138,632
138,633
138,634
138,635
138,636
138,637
:154_7,638
:154_7,639
:154_7,640
:154_7,641
-450,642
-450,643
-450,644
-450,645
-450,646
-450,647
-450,648
-450,649
-450,650
-450,651
-450,652
-450,653
-450,654
-450,655
-450,656
-450,657
-450,658
-450,659
-450,660
-450,661
-450,662
-450,663
-450,664
-450,665
-450,666
-450,667
-450,668
-450,669
-450,670
-450,671
-450,672
-450,673
-450,674
-450,675
-450,676
-450,677
:40_4,678
:40_4,679
:40_4,680
:40_4,681
-33,682
-33,683
-33,684
-33,685
-33,686
-33,687
-33,688
-33,689
-33,690
-33,691
-33,692
-33,693
-33,694
-33,695
-33,696
-33,697
-33,698
-33,699
-33,700
-33,701
-33,702
-33,703
-33,704
-33,705
-33,706
-33,707
-33,708
-33,709
-33,710
-33,711
-33,712
-33,713
-33,714
-33,715
-33,716
-33,717
-33,718
-33,719
-33,720
-33,721
-33,722
-33,723
-33,724
-33,725
-33,726
-33,727
-33,728
-33,729
-33,730
-33,731
-33,732
-33,733
-33,734
-33,735
-33,736
-33,737
-33,738
-33,739
-33,740
-33,741
-33,742
-33,743
-33,744
-33,745
-33,746
-33,747
-33,748
-33,749
-33,750
-33,751
-33,752
-33,753
-33,754
-33,755
-33,756
-33,757
-33,758
-33,759
-33,760
-33,761
-33,762
-33,763
-33,764
-33,765
-33,766
-33,767
-33,768
-33,769
-33,770
-33,771
-33,772
-33,773
-33,774
-33,775
-33,776
-33,777
-33,778
-33,779
-33,780
-33,781
-33,782
-33,783
-33,784
-33,785
-33,786
-33,787
-33,788
-33,789
-33,790
-33,791
-33,792
-33,793
-33,794
-33,795
-33,796
-33,797
-33,798
-33,799
-33,800
-33,801
-33,802
-33,803
-33,804
-33,805
-33,806
-33,807
-33,808
-33,809
-33,810
-33,811
-33,812
-33,813
-33,814
-33,815
-33,816
-33,817
-33,818
-33,819
-33,820
-33,821
-33,822
-33,823
-33,824
-33,825
-33,826
-33,827
-33,828
-33,829
-33,830
-33,831
-33,832
-33,833
-33,834
-33,835
-33,836
-33,837
-33,838
:38_9,839
:38_9,840
:38_9,841
:38_9,842
34,843
34,844
34,845
34,846
34,847
34,848
34,849
34,850
34,851
34,852
34,853
34,854
34,855
34,856
34,857
34,858
34,859
34,860
34,861
34,862
34,863
34,864
34,865
34,866
34,867
34,868
34,869
34,870
34,871
34,872
34,873
34,874
34,875
34,876
34,877
34,878
34,879
34,880
34,881
34,882
34,883
34,884
34,885
34,886
34,887
34,888
34,889
34,890
34,891
34,892
34,893
34,894
34,895
34,896
34,897
34,898
34,899
34,900
34,901
34,902
34,903
34,904
34,905
34,906
34,907
34,908
34,909
34,910
34,911
34,912
34,913
34,914
34,915
34,916
34,917
34,918
34,919
34,920
34,921
34,922
34,923
34,924
34,925
34,926
34,927
34,928
34,929
34,930
34,931
34,932
34,933
34,934
34,935
34,936
34,937
34,938
34,939
34,940
34,941
34,942
34,943
34,944
34,945
34,946
34,947
34,948
34,949
:41_3,950
:41_3,951
:41_3,952
:41_3,953
:41_3,954
552,955
552,956
552,957
552,958
552,959
552,960
552,961
552,962
552,963
552,964
552,965
-383,1
-383,2
-383,3
-383,1
