-262,1
-262,1
-262,1
-262,2
-262,3
-262,4
-262,5
-262,6
-262,7
-262,8
-262,9
-262,10
-262,11
-262,12
-262,13
-262,14
-262,15
-262,16
-262,17
-262,18
-262,19
-262,20
-262,21
-262,22
-262,23
-262,24
-262,25
-262,26
-262,27
-262,28
-262,29
-262,30
-262,31
-262,32
-262,33
-262,34
-262,35
-262,36
-262,37
-262,38
-262,39
-262,40
-262,41
-262,42
-262,43
-262,44
-262,45
-262,46
-262,47
-262,48
-262,49
-262,50
-262,51
-262,52
-262,53
-262,54
-262,55
-262,56
-262,57
-262,58
-262,59
-262,60
-262,61
-262,62
-262,63
-262,64
-262,65
-262,66
-262,67
-262,68
-262,69
-262,70
-262,71
-262,72
-262,73
-262,74
-262,75
-262,76
-262,77
-262,78
-262,79
-262,80
-262,81
-262,82
-262,83
-262,84
-262,85
-262,86
-262,87
-262,88
-262,89
-262,90
-262,91
-262,92
-262,93
-262,94
-262,95
-262,96
-262,97
-262,98
-262,99
-262,100
-262,101
-262,102
-262,103
-262,104
-262,105
-262,106
-262,107
-262,108
-262,109
-262,110
-262,111
-262,112
-262,113
-262,114
-262,115
-262,116
-262,117
-262,118
-262,119
-262,120
-262,121
-262,122
-262,123
-262,124
-262,125
-262,126
-262,127
-262,128
-262,129
-262,130
-262,131
-262,132
-262,133
-262,134
-262,135
-262,136
:259_8,137
:259_8,138
:259_8,139
:259_8,140
:259_8,141
:259_8,142
:259_8,143
264,144
264,145
264,146
264,147
264,148
264,149
264,150
264,151
264,152
264,153
264,154
264,155
264,156
264,157
264,158
264,159
264,160
264,161
264,162
264,163
264,164
264,165
264,166
264,167
264,168
264,169
264,170
264,171
264,172
264,173
264,174
264,175
264,176
264,177
264,178
264,179
264,180
264,181
264,182
264,183
264,184
264,185
264,186
264,187
264,188
264,189
264,190
264,191
264,192
264,193
264,194
264,195
264,196
264,197
264,198
264,199
264,200
264,201
264,202
264,203
264,204
264,205
264,206
264,207
264,208
264,209
264,210
264,211
264,212
264,213
264,214
264,215
264,216
264,217
264,218
264,219
264,220
264,221
264,222
264,223
264,224
264,225
264,226
264,227
264,228
264,229
264,230
264,231
264,232
264,233
264,234
264,235
264,236
264,237
264,238
264,239
264,240
264,241
264,242
264,243
264,244
264,245
264,246
264,247
264,248
264,249
264,250
264,251
264,252
264,253
264,254
264,255
264,256
264,257
264,258
264,259
264,260
264,261
264,262
264,263
264,264
264,265
264,266
264,267
264,268
264,269
264,270
264,271
264,272
264,273
264,274
264,275
264,276
264,277
264,278
264,279
264,280
264,281
264,282
264,283
264,284
264,285
264,286
264,287
264,288
264,289
264,290
264,291
264,292
264,293
264,294
264,295
264,296
264,297
264,298
264,299
264,300
264,301
264,302
264,303
264,304
264,305
264,306
264,307
264,308
:66_6,309
:66_6,310
:66_6,311
:66_6,312
:66_6,313
:66_6,314
-57,315
-57,316
-57,317
-57,318
-57,319
-57,320
-57,321
-57,322
-57,323
-57,324
-57,325
-57,326
-57,327
-57,328
-57,329
-57,330
-57,331
-57,332
-57,333
-57,334
-57,335
-57,336
-57,337
-57,338
-57,339
-57,340
-57,341
-57,342
-57,343
-57,344
-57,345
-57,346
-57,347
-57,348
-57,349
-57,350
-57,351
-57,352
-57,353
-57,354
-57,355
-57,356
-57,357
-57,358
-57,359
-57,360
-57,361
-57,362
-57,363
-57,364
-57,365
-57,366
-57,367
-57,368
-57,369
-57,370
-57,371
-57,372
-57,373
-57,374
-57,375
-57,376
-57,377
-57,378
-57,379
-57,380
-57,381
-57,382
-57,383
-57,384
-57,385
-57,386
-57,387
:65_13,388
:65_13,389
:65_13,390
:65_13,391
:65_13,392
:65_13,393
60,394
60,395
60,396
60,397
60,398
60,399
60,400
60,401
60,402
60,403
60,404
60,405
60,406
60,407
60,408
60,409
60,410
60,411
60,412
60,413
60,414
60,415
60,416
60,417
60,418
60,419
60,420
60,421
60,422
60,423
60,424
60,425
60,426
60,427
60,428
60,429
60,430
60,431
60,432
60,433
60,434
60,435
60,436
60,437
60,438
60,439
60,440
60,441
60,442
60,443
60,444
60,445
60,446
60,447
60,448
60,449
60,450
60,451
60,452
60,453
60,454
60,455
60,456
60,457
60,458
60,459
60,460
60,461
60,462
60,463
60,464
60,465
60,466
61,467
61,468
61,469
61,470
61,471
61,472
61,473
61,474
61,475
61,476
61,477
61,478
61,479
61,480
61,481
61,482
61,483
61,484
61,485
61,486
61,487
61,488
61,489
61,490
61,491
61,492
61,493
61,494
61,495
61,496
61,497
61,498
61,499
61,500
61,501
61,502
61,503
61,504
61,505
61,506
61,507
61,508
61,509
61,510
61,511
61,512
61,513
61,514
61,515
61,516
61,517
61,518
61,519
61,520
61,521
61,522
61,523
61,524
61,525
61,526
61,527
61,528
61,529
61,530
61,531
61,532
61,533
61,534
61,535
61,536
61,537
61,538
61,539
61,540
61,541
61,542
61,543
61,544
61,545
61,546
61,547
62,548
62,549
62,550
62,551
62,552
62,553
62,554
62,555
62,556
62,557
62,558
62,559
62,560
62,561
62,562
62,563
62,564
62,565
62,566
62,567
62,568
62,569
62,570
62,571
62,572
62,573
62,574
62,575
62,576
62,577
62,578
62,579
62,580
62,581
62,582
62,583
62,584
62,585
62,586
62,587
62,588
62,589
62,590
62,591
62,592
62,593
62,594
62,595
62,596
62,597
62,598
62,599
62,600
62,601
62,602
62,603
62,604
62,605
62,606
62,607
62,608
62,609
62,610
62,611
62,612
62,613
62,614
62,615
62,616
62,617
62,618
62,619
62,620
62,621
62,622
62,623
62,624
62,625
62,626
62,627
62,628
62,629
62,630
:71_1,631
63,632
63,633
63,634
63,635
63,636
63,637
63,638
63,639
63,640
63,641
63,642
63,643
63,644
63,645
63,646
63,647
63,648
63,649
63,650
63,651
63,652
63,653
63,654
63,655
63,656
63,657
63,658
63,659
63,660
63,661
63,662
63,663
63,664
63,665
63,666
63,667
63,668
63,669
63,670
63,671
63,672
63,673
63,674
63,675
63,676
63,677
63,678
63,679
63,680
63,681
63,682
63,683
63,684
63,685
63,686
63,687
63,688
63,689
63,690
63,691
63,692
63,693
63,694
63,695
63,696
63,697
63,698
63,699
63,700
63,701
63,702
63,703
:72_3,704
:72_3,705
:72_3,706
:72_3,707
:72_3,708
:72_3,709
64,710
64,711
64,712
64,713
64,714
64,715
64,716
64,717
64,718
64,719
64,720
64,721
64,722
64,723
64,724
64,725
64,726
64,727
64,728
64,729
64,730
64,731
64,732
64,733
64,734
64,735
64,736
64,737
64,738
64,739
64,740
64,741
64,742
64,743
64,744
64,745
64,746
64,747
64,748
64,749
64,750
64,751
64,752
64,753
64,754
64,755
64,756
64,757
64,758
64,759
64,760
64,761
64,762
64,763
64,764
64,765
64,766
64,767
64,768
64,769
64,770
64,771
64,772
64,773
64,774
64,775
64,776
64,777
64,778
64,779
64,780
64,781
64,782
64,783
64,784
64,785
64,786
64,787
64,788
64,789
64,790
64,791
64,792
64,793
64,794
64,795
64,796
64,797
:73_13,798
:73_13,799
:73_13,800
:73_13,801
:73_13,802
:73_13,803
:73_13,804
369,805
369,806
369,807
369,808
369,809
369,810
369,811
369,812
369,813
369,814
369,815
369,816
369,817
369,818
369,819
369,820
369,821
369,822
369,823
369,824
369,825
369,826
369,827
369,828
369,829
369,830
369,831
369,832
369,833
369,834
369,835
369,836
369,837
369,838
369,839
369,840
369,841
369,842
369,843
369,844
369,845
369,846
369,847
369,848
369,849
369,850
369,851
369,852
369,853
369,854
369,855
369,856
369,857
369,858
369,859
369,860
369,861
369,862
369,863
369,864
369,865
369,866
369,867
369,868
369,869
369,870
369,871
369,872
369,873
369,874
369,875
369,876
369,877
369,878
369,879
369,880
369,881
369,882
369,883
369,884
369,885
369,886
369,887
369,888
369,889
369,890
369,891
369,892
369,893
369,894
369,895
369,896
369,897
369,898
369,899
369,900
369,901
369,902
369,903
369,904
369,905
369,906
369,907
369,908
369,909
369,910
369,911
369,912
369,913
369,914
369,915
369,916
369,917
369,918
369,919
369,920
369,921
369,922
369,923
369,924
369,925
369,926
369,927
369,928
369,929
369,930
369,931
369,932
369,933
369,934
369,935
369,936
369,937
369,938
369,939
369,940
369,941
369,942
369,943
369,944
369,945
369,946
369,947
369,948
369,949
369,950
369,951
369,952
369,953
369,954
369,955
369,956
369,957
369,958
369,959
369,960
369,961
369,962
369,963
369,964
369,965
-262,1
-262,2
-262,3
-262,1
