548,1
548,1
548,1
548,2
548,3
548,4
548,5
548,6
548,7
548,8
548,9
548,10
548,11
548,12
548,13
548,14
548,15
548,16
548,17
548,18
548,19
548,20
548,21
548,22
548,23
548,24
548,25
548,26
548,27
548,28
548,29
548,30
548,31
548,32
548,33
548,34
548,35
548,36
548,37
548,38
548,39
548,40
548,41
548,42
548,43
548,44
548,45
548,46
548,47
548,48
548,49
548,50
548,51
548,52
548,53
548,54
548,55
548,56
548,57
548,58
548,59
548,60
548,61
548,62
548,63
548,64
548,65
548,66
548,67
548,68
548,69
548,70
548,71
548,72
548,73
548,74
548,75
548,76
548,77
548,78
548,79
548,80
548,81
548,82
548,83
548,84
548,85
548,86
548,87
548,88
548,89
548,90
548,91
548,92
548,93
548,94
548,95
548,96
548,97
548,98
:85_6,99
:85_6,100
:85_16,101
:85_16,102
:85_16,103
73,104
73,105
73,106
73,107
73,108
73,109
73,110
73,111
73,112
73,113
73,114
73,115
73,116
73,117
73,118
73,119
73,120
73,121
73,122
73,123
73,124
73,125
73,126
73,127
73,128
73,129
73,130
73,131
73,132
73,133
73,134
73,135
73,136
73,137
73,138
73,139
73,140
73,141
73,142
73,143
73,144
73,145
73,146
73,147
73,148
73,149
73,150
73,151
73,152
73,153
73,154
73,155
73,156
73,157
73,158
73,159
73,160
73,161
73,162
73,163
73,164
73,165
73,166
73,167
73,168
73,169
73,170
73,171
73,172
73,173
73,174
73,175
73,176
73,177
73,178
73,179
73,180
73,181
73,182
73,183
73,184
73,185
73,186
73,187
73,188
73,189
73,190
73,191
73,192
73,193
73,194
:86_0,195
:86_0,196
:86_0,197
:86_0,198
:86_0,199
130,200
130,201
130,202
130,203
130,204
130,205
130,206
130,207
130,208
130,209
130,210
130,211
130,212
130,213
130,214
130,215
130,216
130,217
130,218
130,219
130,220
130,221
130,222
130,223
130,224
130,225
130,226
130,227
130,228
130,229
130,230
130,231
130,232
130,233
130,234
130,235
130,236
-93,237
-93,238
-93,239
-93,240
-93,241
-93,242
-93,243
-93,244
-93,245
-93,246
-93,247
-93,248
-93,249
-93,250
-93,251
-93,252
-93,253
-93,254
-93,255
-93,256
-93,257
-93,258
-93,259
-93,260
-93,261
-93,262
-93,263
-93,264
-93,265
-93,266
-93,267
-93,268
-93,269
-93,270
-93,271
-93,272
-93,273
-93,274
-93,275
-93,276
-93,277
-93,278
-93,279
-93,280
-93,281
-93,282
-93,283
-93,284
-93,285
-93,286
-93,287
-93,288
-93,289
-93,290
-93,291
-93,292
-93,293
-93,294
-93,295
-93,296
-93,297
-93,298
-93,299
:105_0,300
:105_0,301
:105_0,302
:105_0,303
:105_0,304
-89,305
-89,306
-89,307
-89,308
-89,309
-89,310
-89,311
-89,312
-89,313
-89,314
-89,315
-89,316
-89,317
-89,318
-89,319
-89,320
-89,321
-89,322
-89,323
-89,324
-89,325
-89,326
-89,327
-89,328
-89,329
-89,330
-89,331
-89,332
-89,333
-89,334
-89,335
-89,336
-89,337
-89,338
-89,339
-89,340
-89,341
-89,342
-89,343
-89,344
-89,345
-89,346
-89,347
-89,348
-89,349
-89,350
-89,351
-89,352
-89,353
-89,354
-89,355
-89,356
-89,357
-89,358
-89,359
-89,360
-89,361
-89,362
-89,363
-89,364
-89,365
-89,366
-89,367
-89,368
-89,369
-89,370
-89,371
-89,372
-89,373
-89,374
-89,375
-89,376
-89,377
-89,378
-89,379
-89,380
-89,381
-89,382
-89,383
-89,384
-89,385
-89,386
-89,387
-89,388
-89,389
-89,390
-89,391
:104_5,392
:104_5,393
:104_5,394
:104_5,395
:104_5,396
90,397
90,398
90,399
90,400
90,401
90,402
90,403
90,404
90,405
90,406
90,407
90,408
90,409
90,410
90,411
90,412
90,413
90,414
90,415
90,416
90,417
90,418
90,419
90,420
90,421
90,422
90,423
90,424
90,425
90,426
90,427
90,428
90,429
90,430
90,431
90,432
90,433
90,434
90,435
90,436
90,437
90,438
90,439
90,440
90,441
90,442
90,443
90,444
90,445
90,446
90,447
90,448
90,449
90,450
90,451
90,452
90,453
90,454
90,455
90,456
90,457
90,458
90,459
90,460
90,461
90,462
90,463
90,464
90,465
90,466
90,467
90,468
90,469
90,470
90,471
90,472
90,473
90,474
90,475
90,476
90,477
90,478
90,479
90,480
90,481
90,482
90,483
90,484
90,485
90,486
90,487
90,488
90,489
90,490
90,491
90,492
90,493
90,494
90,495
90,496
90,497
90,498
90,499
90,500
90,501
90,502
90,503
90,504
90,505
90,506
90,507
90,508
90,509
90,510
90,511
90,512
90,513
90,514
90,515
90,516
90,517
90,518
90,519
90,520
90,521
90,522
90,523
90,524
90,525
90,526
90,527
90,528
90,529
90,530
90,531
90,532
90,533
90,534
90,535
90,536
90,537
90,538
90,539
90,540
90,541
90,542
90,543
90,544
90,545
90,546
90,547
90,548
90,549
90,550
90,551
90,552
90,553
90,554
90,555
90,556
90,557
:106_0,558
:106_0,559
:106_0,560
:106_0,561
:106_0,562
-325,563
-325,564
-325,565
-325,566
-325,567
-325,568
-325,569
-325,570
-325,571
-325,572
-325,573
-325,574
-325,575
-325,576
-325,577
-325,578
-325,579
-325,580
-325,581
-325,582
-325,583
-325,584
-325,585
-325,586
-325,587
-325,588
-325,589
-325,590
-325,591
-325,592
-325,593
-325,594
-325,595
-325,596
-325,597
-325,598
-325,599
-325,600
-325,601
-325,602
-325,603
-325,604
-325,605
-325,606
-325,607
-325,608
-325,609
-325,610
-325,611
-325,612
-325,613
-325,614
-325,615
-325,616
-325,617
-325,618
-325,619
-325,620
-325,621
-325,622
-325,623
-325,624
-325,625
-325,626
-325,627
-325,628
-325,629
-325,630
-325,631
-325,632
-325,633
-325,634
-325,635
-325,636
-325,637
-325,638
-325,639
-325,640
-325,641
-325,642
-325,643
-325,644
-325,645
-325,646
-325,647
-325,648
-325,649
-325,650
-325,651
-325,652
-325,653
-325,654
-325,655
-325,656
-325,657
-325,658
:246_1,659
:246_1,660
:246_1,661
:246_1,662
:246_1,663
:246_1,664
-245,665
-245,666
-245,667
-245,668
-245,669
-245,670
-245,671
-245,672
-245,673
-245,674
-245,675
-245,676
-245,677
-245,678
-245,679
-245,680
-245,681
-245,682
-245,683
-245,684
-245,685
-245,686
-245,687
-245,688
-245,689
-245,690
-245,691
-245,692
-245,693
-245,694
-245,695
-245,696
-245,697
-245,698
-245,699
-245,700
-245,701
-245,702
-245,703
-245,704
-245,705
-245,706
-245,707
-245,708
-245,709
-245,710
-245,711
-245,712
-245,713
-245,714
-245,715
-245,716
:215_5,717
:215_5,718
:215_5,719
:215_5,720
:215_5,721
-244,722
-244,723
-244,724
-244,725
-244,726
-244,727
-244,728
-244,729
-244,730
-244,731
-244,732
-244,733
-244,734
-244,735
-244,736
-244,737
-244,738
-244,739
-244,740
-244,741
-244,742
-244,743
-244,744
-244,745
-244,746
-244,747
-244,748
-244,749
-244,750
-244,751
-244,752
-244,753
-244,754
-244,755
-244,756
-244,757
-244,758
-244,759
-244,760
-244,761
-244,762
-244,763
-244,764
-244,765
-244,766
-244,767
-244,768
-244,769
-244,770
-244,771
-244,772
-244,773
-244,774
-244,775
-244,776
-244,777
-244,778
-244,779
-244,780
-244,781
-244,782
-244,783
-244,784
-244,785
-244,786
-244,787
-244,788
-244,789
-244,790
-244,791
-244,792
-244,793
-244,794
-244,795
-244,796
-244,797
-244,798
-244,799
-244,800
-244,801
-244,802
-244,803
-244,804
-244,805
-244,806
-244,807
-244,808
-244,809
-244,810
-244,811
-244,812
-244,813
-244,814
-244,815
-244,816
-244,817
-244,818
-244,819
-244,820
-244,821
-244,822
-244,823
-244,824
-244,825
-244,826
-244,827
-244,828
-244,829
-244,830
-244,831
-244,832
-244,833
-244,834
-244,835
-244,836
-244,837
-244,838
-244,839
-244,840
-244,841
-244,842
-244,843
-244,844
-244,845
-244,846
-244,847
-244,848
-244,849
-244,850
-244,851
-244,852
-244,853
-244,854
-244,855
-244,856
-244,857
-244,858
-244,859
-244,860
-244,861
-244,862
-244,863
-244,864
-244,865
-244,866
-244,867
-244,868
-244,869
-244,870
-244,871
-244,872
-244,873
-244,874
-244,875
-244,876
-244,877
-244,878
-244,879
-244,880
-244,881
-244,882
-244,883
-244,884
-244,885
-244,886
-244,887
-244,888
-244,889
-244,890
-244,891
-244,892
:179_5,893
:179_5,894
:179_5,895
:179_5,896
:179_5,897
:179_5,898
-243,899
-243,900
-243,901
-243,902
-243,903
-243,904
-243,905
-243,906
-243,907
-243,908
-243,909
-243,910
-243,911
-243,912
-243,913
-243,914
-243,915
-243,916
-243,917
-243,918
-243,919
-243,920
-243,921
-243,922
-243,923
-243,924
-243,925
-243,926
-243,927
-243,928
-243,929
-243,930
-243,931
-243,932
-243,933
-243,934
-243,935
-243,936
-243,937
-243,938
-243,939
-243,940
-243,941
-243,942
-243,943
-243,944
-243,945
-243,946
-243,947
-243,948
-243,949
-243,950
-243,951
-243,952
-243,953
-243,954
-243,955
-243,956
-243,957
-243,958
-243,959
-243,960
-243,961
-243,962
-243,963
-243,964
-243,965
548,1
548,2
548,3
548,1
