144,1
144,1
144,1
144,2
144,3
144,4
144,5
144,6
144,7
144,8
144,9
144,10
144,11
144,12
144,13
144,14
144,15
144,16
144,17
144,18
144,19
144,20
144,21
144,22
144,23
144,24
144,25
144,26
144,27
144,28
144,29
144,30
144,31
144,32
144,33
144,34
144,35
144,36
144,37
144,38
144,39
144,40
144,41
144,42
144,43
144,44
144,45
144,46
144,47
144,48
144,49
144,50
144,51
144,52
144,53
144,54
144,55
144,56
144,57
144,58
144,59
144,60
144,61
144,62
144,63
144,64
144,65
144,66
144,67
144,68
144,69
144,70
144,71
144,72
144,73
144,74
144,75
144,76
144,77
144,78
144,79
144,80
144,81
144,82
144,83
144,84
144,85
144,86
144,87
144,88
144,89
144,90
144,91
144,92
144,93
144,94
144,95
144,96
144,97
144,98
144,99
144,100
144,101
144,102
144,103
144,104
144,105
144,106
144,107
144,108
144,109
144,110
144,111
144,112
144,113
144,114
144,115
144,116
144,117
144,118
144,119
144,120
144,121
144,122
144,123
144,124
144,125
144,126
144,127
144,128
144,129
144,130
144,131
144,132
144,133
144,134
144,135
144,136
144,137
144,138
144,139
144,140
144,141
144,142
144,143
144,144
144,145
144,146
144,147
144,148
144,149
144,150
144,151
144,152
144,153
144,154
144,155
144,156
144,157
144,158
144,159
144,160
144,161
144,162
144,163
144,164
144,165
144,166
144,167
144,168
144,169
144,170
144,171
144,172
144,173
144,174
144,175
144,176
144,177
144,178
144,179
144,180
144,181
144,182
144,183
144,184
144,185
144,186
144,187
144,188
144,189
144,190
144,191
144,192
144,193
144,194
144,195
144,196
144,197
144,198
144,199
144,200
144,201
144,202
144,203
144,204
144,205
144,206
144,207
144,208
144,209
144,210
144,211
144,212
144,213
144,214
144,215
144,216
144,217
144,218
144,219
144,220
144,221
144,222
144,223
144,224
144,225
144,226
144,227
144,228
144,229
144,230
144,231
144,232
144,233
144,234
144,235
:159_0,236
:159_0,237
:159_0,238
:159_0,239
:159_0,240
399,241
399,242
399,243
399,244
399,245
399,246
399,247
399,248
399,249
399,250
399,251
399,252
399,253
399,254
399,255
399,256
399,257
399,258
399,259
399,260
399,261
399,262
399,263
399,264
399,265
399,266
399,267
399,268
399,269
399,270
399,271
399,272
399,273
399,274
399,275
399,276
399,277
399,278
399,279
399,280
399,281
399,282
399,283
399,284
399,285
399,286
399,287
399,288
399,289
399,290
399,291
399,292
399,293
399,294
399,295
399,296
399,297
399,298
399,299
399,300
399,301
399,302
399,303
399,304
399,305
399,306
399,307
399,308
399,309
399,310
399,311
399,312
399,313
399,314
399,315
399,316
399,317
399,318
399,319
399,320
399,321
399,322
399,323
399,324
399,325
399,326
399,327
399,328
399,329
399,330
399,331
399,332
399,333
399,334
399,335
399,336
399,337
399,338
399,339
399,340
399,341
399,342
399,343
399,344
399,345
399,346
399,347
399,348
399,349
399,350
399,351
399,352
399,353
:169_0,354
:169_0,355
:169_0,356
:169_0,357
:169_0,358
-153,359
-153,360
-153,361
-153,362
-153,363
-153,364
-153,365
-153,366
-153,367
-153,368
-153,369
-153,370
-153,371
-153,372
-153,373
-153,374
-153,375
-153,376
-153,377
-153,378
-153,379
-153,380
-153,381
-153,382
-153,383
-153,384
-153,385
-153,386
-153,387
-153,388
-153,389
-153,390
-153,391
-153,392
-153,393
-153,394
-153,395
-153,396
-153,397
-153,398
-153,399
-153,400
-153,401
-153,402
-153,403
-153,404
-153,405
-153,406
-153,407
-153,408
-153,409
-153,410
-153,411
-153,412
-153,413
-153,414
-153,415
-153,416
-153,417
-153,418
-153,419
-153,420
-153,421
-153,422
-153,423
-153,424
-153,425
-153,426
-153,427
-153,428
-153,429
-153,430
-153,431
-153,432
-153,433
-153,434
-153,435
-153,436
-153,437
-153,438
-153,439
-153,440
-153,441
-153,442
-153,443
-153,444
-153,445
-153,446
-153,447
-153,448
-153,449
-153,450
-153,451
-153,452
-153,453
-153,454
-153,455
-153,456
-153,457
-153,458
-153,459
-153,460
-153,461
-153,462
-153,463
-153,464
-153,465
-153,466
-153,467
-153,468
-153,469
-153,470
-153,471
-153,472
:166_0,473
:166_0,474
:166_0,475
154,476
154,477
154,478
154,479
154,480
154,481
154,482
154,483
154,484
154,485
154,486
154,487
154,488
154,489
154,490
154,491
154,492
154,493
154,494
154,495
154,496
154,497
154,498
154,499
154,500
154,501
154,502
154,503
154,504
154,505
154,506
154,507
154,508
154,509
154,510
154,511
154,512
154,513
154,514
154,515
154,516
154,517
154,518
154,519
154,520
154,521
154,522
154,523
154,524
154,525
154,526
154,527
154,528
154,529
154,530
154,531
154,532
154,533
154,534
154,535
154,536
154,537
154,538
154,539
154,540
154,541
154,542
154,543
154,544
154,545
154,546
154,547
154,548
154,549
154,550
154,551
154,552
154,553
154,554
154,555
154,556
154,557
154,558
154,559
154,560
154,561
154,562
154,563
154,564
154,565
154,566
154,567
154,568
154,569
154,570
154,571
154,572
154,573
154,574
154,575
154,576
154,577
154,578
154,579
154,580
154,581
154,582
154,583
154,584
154,585
154,586
154,587
154,588
154,589
154,590
154,591
154,592
154,593
154,594
154,595
154,596
154,597
154,598
154,599
154,600
154,601
154,602
154,603
154,604
154,605
154,606
154,607
154,608
154,609
154,610
154,611
154,612
154,613
154,614
154,615
154,616
154,617
154,618
154,619
154,620
154,621
154,622
154,623
154,624
154,625
154,626
154,627
154,628
154,629
154,630
154,631
154,632
154,633
154,634
154,635
154,636
154,637
154,638
154,639
154,640
154,641
154,642
154,643
154,644
154,645
154,646
154,647
154,648
154,649
154,650
154,651
154,652
154,653
154,654
154,655
154,656
154,657
154,658
154,659
154,660
154,661
154,662
154,663
154,664
154,665
154,666
154,667
154,668
154,669
154,670
154,671
154,672
154,673
154,674
154,675
154,676
154,677
154,678
154,679
154,680
154,681
154,682
154,683
154,684
154,685
154,686
154,687
154,688
154,689
154,690
154,691
154,692
154,693
154,694
154,695
154,696
154,697
154,698
154,699
154,700
154,701
154,702
154,703
154,704
:170_4,705
:170_4,706
:170_4,707
:170_4,708
-324,709
-324,710
-324,711
-324,712
-324,713
-324,714
-324,715
-324,716
-324,717
-324,718
-324,719
-324,720
-324,721
-324,722
-324,723
-324,724
-324,725
-324,726
-324,727
-324,728
-324,729
-324,730
-324,731
-324,732
-324,733
-324,734
-324,735
-324,736
-324,737
-324,738
-324,739
-324,740
-324,741
-324,742
-324,743
-324,744
-324,745
-324,746
-324,747
-324,748
-324,749
-324,750
-324,751
-324,752
-324,753
-324,754
-324,755
-324,756
-324,757
-324,758
-324,759
-324,760
-324,761
-324,762
-324,763
-324,764
-324,765
-324,766
-324,767
-324,768
-324,769
-324,770
-324,771
-324,772
-324,773
-324,774
-324,775
-324,776
-324,777
-324,778
-324,779
-324,780
-324,781
-324,782
-324,783
-324,784
-324,785
-324,786
-324,787
-324,788
-324,789
-324,790
-324,791
-324,792
-324,793
-324,794
-324,795
-324,796
-324,797
-324,798
-324,799
-324,800
-324,801
-324,802
-324,803
-324,804
-324,805
-324,806
-324,807
-324,808
-324,809
-324,810
-324,811
-324,812
-324,813
-324,814
-324,815
-324,816
-324,817
-324,818
-324,819
-324,820
-324,821
-324,822
-324,823
-324,824
-324,825
-324,826
-324,827
-324,828
-324,829
-324,830
-324,831
-324,832
-324,833
-324,834
-324,835
-324,836
-324,837
-324,838
-324,839
-324,840
-324,841
-324,842
-324,843
-324,844
-324,845
-324,846
-324,847
-324,848
-324,849
-324,850
-324,851
-324,852
-324,853
-324,854
-324,855
-324,856
-324,857
-324,858
-324,859
-324,860
-324,861
-324,862
-324,863
-324,864
-324,865
-324,866
-324,867
-324,868
-324,869
-324,870
-324,871
-324,872
-324,873
-324,874
-324,875
-324,876
-324,877
-324,878
-324,879
-324,880
-324,881
-324,882
-324,883
-324,884
-324,885
-324,886
-324,887
-324,888
-324,889
-324,890
-324,891
-324,892
-324,893
-324,894
-324,895
-324,896
-324,897
-324,898
-324,899
-324,900
-324,901
-324,902
-324,903
-324,904
-324,905
-324,906
-324,907
-324,908
-324,909
-324,910
-324,911
-324,912
-324,913
-324,914
-324,915
-324,916
-324,917
-324,918
-324,919
-324,920
-324,921
-324,922
-324,923
-324,924
-324,925
-324,926
-324,927
-324,928
-324,929
-324,930
-324,931
-324,932
-324,933
-324,934
-324,935
-324,936
-324,937
-324,938
-324,939
-324,940
-324,941
-324,942
-324,943
-324,944
-324,945
-324,946
-324,947
-324,948
-324,949
-324,950
-324,951
-324,952
-324,953
-324,954
-324,955
-324,956
-324,957
-324,958
-324,959
-324,960
-324,961
-324,962
-324,963
-324,964
-324,965
144,1
144,2
144,3
144,1
