151,1
151,1
151,1
151,2
151,3
151,4
151,5
151,6
151,7
151,8
151,9
151,10
151,11
151,12
151,13
151,14
151,15
151,16
151,17
151,18
151,19
151,20
151,21
151,22
151,23
151,24
151,25
151,26
151,27
151,28
151,29
151,30
151,31
151,32
151,33
151,34
151,35
151,36
151,37
151,38
151,39
151,40
151,41
151,42
151,43
151,44
151,45
151,46
151,47
151,48
151,49
151,50
151,51
151,52
151,53
151,54
151,55
151,56
:167_6,57
:167_6,58
:167_6,59
:167_6,60
:167_6,61
-458,62
-458,63
-458,64
-458,65
-458,66
-458,67
-458,68
-458,69
-458,70
-458,71
-458,72
-458,73
-458,74
-458,75
-458,76
-458,77
-458,78
-458,79
-458,80
-458,81
-458,82
-458,83
-458,84
-458,85
-458,86
-458,87
-458,88
-458,89
-458,90
-458,91
-458,92
-458,93
-458,94
-458,95
-458,96
-458,97
-458,98
-458,99
-458,100
-458,101
-458,102
-458,103
-458,104
-458,105
-458,106
-458,107
-458,108
-458,109
-458,110
-458,111
-458,112
-458,113
-458,114
-458,115
-458,116
-458,117
-458,118
-458,119
-458,120
-458,121
-458,122
-458,123
-458,124
-458,125
-458,126
-458,127
-458,128
-458,129
-458,130
-458,131
-458,132
-458,133
-458,134
-458,135
-458,136
-458,137
-458,138
-458,139
-458,140
-458,141
-458,142
-458,143
-458,144
-458,145
-458,146
-458,147
-458,148
-458,149
:391_0,150
:391_0,151
:391_0,152
:391_0,153
:391_0,154
:391_0,155
460,156
460,157
460,158
460,159
460,160
460,161
460,162
460,163
460,164
460,165
460,166
460,167
460,168
460,169
460,170
460,171
460,172
460,173
460,174
460,175
460,176
460,177
460,178
460,179
460,180
460,181
460,182
460,183
460,184
460,185
460,186
460,187
460,188
460,189
460,190
460,191
460,192
460,193
460,194
460,195
460,196
460,197
460,198
460,199
460,200
460,201
460,202
460,203
460,204
460,205
460,206
460,207
460,208
460,209
460,210
460,211
460,212
460,213
460,214
460,215
460,216
460,217
460,218
460,219
460,220
460,221
460,222
460,223
460,224
460,225
460,226
460,227
:76_1,228
:76_1,229
:76_1,230
:76_1,231
:76_1,232
:76_1,233
-66,234
-66,235
-66,236
-66,237
-66,238
-66,239
-66,240
-66,241
-66,242
-66,243
-66,244
-66,245
-66,246
-66,247
-66,248
-66,249
-66,250
-66,251
-66,252
-66,253
-66,254
-66,255
-66,256
-66,257
-66,258
-66,259
-66,260
-66,261
-66,262
-66,263
-66,264
-66,265
-66,266
-66,267
-66,268
-66,269
-66,270
-66,271
-66,272
-66,273
-66,274
-66,275
-66,276
-66,277
-66,278
-66,279
-66,280
-66,281
-66,282
-66,283
-66,284
-66,285
-66,286
-66,287
-66,288
-66,289
-66,290
-66,291
-66,292
-66,293
-66,294
-66,295
-66,296
-66,297
-66,298
-66,299
-66,300
-66,301
-66,302
-66,303
-66,304
-66,305
-66,306
-66,307
-66,308
-66,309
-66,310
-66,311
-66,312
-66,313
-66,314
-66,315
-66,316
-66,317
-66,318
-66,319
-66,320
-66,321
-66,322
-66,323
-66,324
-66,325
-66,326
-66,327
-66,328
-66,329
-66,330
-66,331
-66,332
-66,333
-66,334
-66,335
-66,336
-66,337
-66,338
-66,339
-66,340
-66,341
-66,342
-66,343
-66,344
-66,345
-66,346
-66,347
-66,348
-66,349
-66,350
-66,351
:74_1,352
:74_1,353
:74_1,354
:74_1,355
:74_1,356
:74_1,357
67,358
67,359
67,360
67,361
67,362
67,363
67,364
67,365
67,366
67,367
67,368
67,369
67,370
67,371
67,372
67,373
67,374
67,375
67,376
67,377
67,378
67,379
67,380
67,381
67,382
67,383
67,384
67,385
67,386
67,387
67,388
67,389
67,390
67,391
67,392
67,393
67,394
67,395
67,396
67,397
67,398
67,399
67,400
67,401
67,402
67,403
67,404
67,405
67,406
67,407
67,408
67,409
67,410
67,411
67,412
67,413
67,414
67,415
67,416
67,417
67,418
67,419
67,420
67,421
67,422
67,423
67,424
67,425
67,426
67,427
67,428
67,429
67,430
67,431
67,432
67,433
67,434
67,435
67,436
67,437
67,438
67,439
67,440
67,441
67,442
67,443
67,444
67,445
67,446
67,447
67,448
67,449
67,450
67,451
67,452
67,453
67,454
67,455
67,456
67,457
67,458
67,459
67,460
67,461
67,462
67,463
67,464
67,465
67,466
67,467
67,468
67,469
67,470
67,471
67,472
67,473
67,474
67,475
67,476
67,477
67,478
67,479
67,480
67,481
67,482
67,483
67,484
67,485
67,486
67,487
67,488
67,489
:77_6,490
:77_6,491
:77_6,492
:77_6,493
:77_6,494
-121,495
-121,496
-121,497
-121,498
-121,499
-121,500
-121,501
-121,502
-121,503
-121,504
-121,505
-121,506
-121,507
-121,508
-121,509
-121,510
-121,511
-121,512
-121,513
-121,514
-121,515
-121,516
-121,517
-121,518
-121,519
-121,520
-121,521
-121,522
-121,523
-121,524
-121,525
-121,526
-121,527
-121,528
-121,529
-121,530
-121,531
-121,532
-121,533
-121,534
-121,535
-121,536
-121,537
-121,538
-121,539
-121,540
-121,541
-121,542
-121,543
-121,544
-121,545
-121,546
-121,547
-121,548
-121,549
-121,550
-121,551
-121,552
-121,553
-121,554
-121,555
-121,556
-121,557
-121,558
-121,559
-121,560
-121,561
-121,562
-121,563
-121,564
-121,565
-121,566
-121,567
-121,568
-121,569
-121,570
-121,571
-121,572
-121,573
-121,574
:137_0,575
:137_0,576
:137_0,577
:137_0,578
:137_0,579
:137_0,580
122,581
122,582
122,583
122,584
122,585
122,586
122,587
122,588
122,589
122,590
122,591
122,592
122,593
122,594
122,595
122,596
122,597
122,598
122,599
122,600
122,601
122,602
122,603
122,604
122,605
122,606
122,607
122,608
122,609
122,610
122,611
122,612
122,613
122,614
122,615
122,616
122,617
122,618
122,619
122,620
122,621
122,622
122,623
122,624
122,625
122,626
122,627
122,628
122,629
122,630
122,631
122,632
122,633
122,634
122,635
122,636
122,637
122,638
122,639
122,640
122,641
122,642
122,643
122,644
122,645
122,646
122,647
122,648
122,649
122,650
122,651
122,652
122,653
122,654
122,655
122,656
122,657
122,658
122,659
122,660
122,661
122,662
122,663
122,664
122,665
122,666
122,667
122,668
122,669
:60_6,670
:60_6,671
:60_6,672
:60_6,673
:60_6,674
:60_6,675
-52,676
-52,677
-52,678
-52,679
-52,680
-52,681
-52,682
-52,683
-52,684
-52,685
-52,686
-52,687
-52,688
-52,689
-52,690
-52,691
-52,692
-52,693
-52,694
-52,695
-52,696
-52,697
-52,698
-52,699
-52,700
-52,701
-52,702
-52,703
-52,704
-52,705
-52,706
-52,707
-52,708
-52,709
-52,710
-52,711
-52,712
-52,713
-52,714
-52,715
-52,716
-52,717
-52,718
-52,719
-52,720
-52,721
-52,722
-52,723
-52,724
-52,725
-52,726
-52,727
-52,728
-52,729
-52,730
-52,731
-52,732
-52,733
-52,734
-52,735
-52,736
-52,737
-52,738
-52,739
-52,740
-52,741
-52,742
-52,743
-52,744
-52,745
-52,746
-52,747
-52,748
-52,749
-52,750
-52,751
-52,752
-52,753
-52,754
-52,755
-52,756
-52,757
-52,758
-52,759
-52,760
-52,761
-52,762
-52,763
-52,764
-52,765
-52,766
-52,767
-52,768
-52,769
-52,770
-52,771
-52,772
-52,773
-52,774
-52,775
-52,776
-52,777
-52,778
-52,779
-52,780
-52,781
-52,782
-52,783
-52,784
-52,785
-52,786
-52,787
-52,788
-52,789
-52,790
-52,791
-52,792
-52,793
-52,794
-52,795
-52,796
-52,797
-52,798
-52,799
-52,800
-52,801
-52,802
-52,803
-52,804
-52,805
-52,806
-52,807
-52,808
-52,809
-52,810
-52,811
-52,812
-52,813
-52,814
-52,815
-52,816
-52,817
-52,818
-52,819
-52,820
-52,821
-52,822
-52,823
-52,824
-52,825
-52,826
-52,827
-52,828
-52,829
-52,830
-52,831
-52,832
-52,833
-52,834
:58_0,835
:58_0,836
:58_0,837
:58_0,838
56,839
56,840
56,841
56,842
56,843
56,844
56,845
56,846
56,847
56,848
56,849
56,850
56,851
56,852
56,853
56,854
56,855
56,856
56,857
56,858
56,859
56,860
56,861
56,862
56,863
56,864
56,865
56,866
56,867
56,868
56,869
56,870
56,871
56,872
56,873
56,874
56,875
56,876
56,877
56,878
56,879
56,880
56,881
56,882
56,883
56,884
56,885
56,886
56,887
56,888
56,889
56,890
56,891
56,892
56,893
56,894
56,895
56,896
56,897
56,898
56,899
56,900
56,901
56,902
56,903
56,904
56,905
56,906
56,907
56,908
56,909
56,910
56,911
56,912
56,913
56,914
56,915
56,916
56,917
56,918
56,919
56,920
56,921
56,922
56,923
56,924
56,925
56,926
56,927
56,928
56,929
56,930
56,931
56,932
56,933
56,934
56,935
56,936
56,937
56,938
56,939
56,940
56,941
56,942
56,943
56,944
56,945
56,946
56,947
56,948
56,949
56,950
56,951
56,952
56,953
56,954
56,955
56,956
56,957
56,958
56,959
56,960
56,961
56,962
56,963
56,964
56,965
151,1
151,2
151,3
151,1
