-212,1
-212,1
-212,1
-212,2
-212,3
-212,4
-212,5
-212,6
-212,7
-212,8
-212,9
-212,10
-212,11
-212,12
-212,13
-212,14
-212,15
-212,16
-212,17
-212,18
-212,19
-212,20
-212,21
-212,22
-212,23
-212,24
-212,25
-212,26
-212,27
-212,28
-212,29
-212,30
-212,31
-212,32
-212,33
-212,34
-212,35
-212,36
-212,37
-212,38
-212,39
-212,40
-212,41
-212,42
-212,43
-212,44
-212,45
-212,46
-212,47
:189_1,48
:189_1,49
:189_1,50
:189_1,51
:189_1,52
:189_1,53
-176,54
-176,55
-176,56
-176,57
-176,58
-176,59
-176,60
-176,61
-176,62
-176,63
-176,64
-176,65
-176,66
-176,67
-176,68
-176,69
-176,70
-176,71
-176,72
-176,73
-176,74
-176,75
-176,76
-176,77
-176,78
-176,79
-176,80
-176,81
-176,82
-176,83
-176,84
-176,85
-176,86
-176,87
-176,88
-176,89
-176,90
-176,91
-176,92
-176,93
-176,94
-176,95
-176,96
-176,97
-176,98
-176,99
-176,100
-176,101
-176,102
-176,103
-176,104
-176,105
-176,106
-176,107
-176,108
-176,109
-176,110
-176,111
-176,112
-176,113
-176,114
-176,115
-176,116
-176,117
-176,118
-176,119
-176,120
-176,121
-176,122
-176,123
-176,124
-176,125
-176,126
-176,127
-176,128
-176,129
-176,130
-176,131
-176,132
-176,133
-176,134
-176,135
-176,136
-176,137
-176,138
-176,139
-176,140
-176,141
-176,142
-176,143
-176,144
-176,145
-176,146
-176,147
-176,148
-176,149
-176,150
-176,151
-176,152
-176,153
-176,154
-176,155
-176,156
-176,157
-176,158
-176,159
-176,160
-176,161
-176,162
-176,163
-176,164
-176,165
-176,166
-176,167
-176,168
:13_13,169
:13_17,170
685,171
685,172
685,173
685,174
685,175
685,176
685,177
685,178
685,179
685,180
685,181
685,182
685,183
685,184
685,185
685,186
685,187
685,188
685,189
685,190
685,191
:373_5,192
684,193
684,194
684,195
684,196
684,197
684,198
684,199
684,200
684,201
684,202
684,203
684,204
684,205
684,206
684,207
684,208
684,209
684,210
684,211
684,212
684,213
:6_9,214
:6_9,215
6,216
6,217
6,218
6,219
6,220
6,221
6,222
6,223
6,224
6,225
6,226
6,227
6,228
6,229
6,230
6,231
6,232
6,233
6,234
6,235
6,236
6,237
6,238
6,239
6,240
6,241
6,242
6,243
6,244
6,245
6,246
6,247
6,248
6,249
6,250
6,251
6,252
6,253
6,254
6,255
6,256
6,257
6,258
6,259
6,260
6,261
6,262
6,263
6,264
6,265
6,266
6,267
6,268
6,269
6,270
6,271
6,272
6,273
6,274
6,275
6,276
6,277
6,278
6,279
6,280
6,281
6,282
6,283
6,284
6,285
6,286
6,287
6,288
6,289
6,290
6,291
6,292
6,293
6,294
6,295
6,296
6,297
6,298
6,299
6,300
6,301
6,302
6,303
6,304
6,305
6,306
6,307
6,308
6,309
6,310
6,311
6,312
6,313
6,314
6,315
6,316
6,317
6,318
6,319
6,320
6,321
6,322
6,323
6,324
6,325
6,326
6,327
6,328
6,329
6,330
6,331
6,332
6,333
6,334
6,335
6,336
6,337
6,338
6,339
6,340
6,341
6,342
6,343
6,344
6,345
6,346
6,347
6,348
6,349
6,350
6,351
6,352
6,353
6,354
6,355
6,356
6,357
6,358
6,359
6,360
6,361
6,362
6,363
6,364
6,365
6,366
6,367
6,368
6,369
6,370
6,371
6,372
6,373
6,374
6,375
6,376
6,377
6,378
6,379
6,380
6,381
6,382
6,383
6,384
6,385
6,386
6,387
6,388
6,389
6,390
6,391
6,392
6,393
6,394
6,395
6,396
6,397
6,398
6,399
6,400
6,401
6,402
6,403
6,404
6,405
6,406
6,407
6,408
6,409
6,410
6,411
6,412
6,413
6,414
6,415
6,416
6,417
6,418
6,419
6,420
6,421
6,422
6,423
6,424
6,425
6,426
6,427
6,428
6,429
6,430
6,431
6,432
6,433
6,434
6,435
6,436
6,437
6,438
6,439
6,440
6,441
6,442
6,443
6,444
6,445
6,446
6,447
6,448
6,449
6,450
6,451
6,452
6,453
6,454
6,455
6,456
6,457
6,458
6,459
6,460
6,461
6,462
6,463
6,464
6,465
6,466
6,467
6,468
6,469
6,470
6,471
6,472
6,473
6,474
6,475
6,476
6,477
6,478
6,479
:8_1,480
7,481
7,482
7,483
7,484
7,485
7,486
7,487
7,488
7,489
7,490
7,491
7,492
7,493
7,494
7,495
7,496
7,497
7,498
7,499
7,500
7,501
7,502
7,503
7,504
7,505
7,506
7,507
7,508
7,509
7,510
7,511
7,512
7,513
7,514
7,515
7,516
7,517
7,518
7,519
7,520
7,521
7,522
7,523
7,524
7,525
7,526
7,527
7,528
7,529
7,530
7,531
7,532
7,533
7,534
7,535
7,536
7,537
7,538
7,539
7,540
7,541
7,542
7,543
7,544
7,545
7,546
7,547
7,548
7,549
7,550
7,551
7,552
7,553
7,554
7,555
7,556
7,557
7,558
7,559
7,560
7,561
7,562
7,563
7,564
7,565
7,566
7,567
7,568
7,569
7,570
7,571
7,572
7,573
7,574
7,575
:9_1,576
8,577
8,578
8,579
8,580
8,581
8,582
8,583
8,584
8,585
8,586
8,587
8,588
8,589
8,590
8,591
8,592
8,593
8,594
8,595
8,596
8,597
8,598
8,599
8,600
8,601
8,602
8,603
8,604
8,605
8,606
8,607
8,608
8,609
8,610
8,611
8,612
8,613
8,614
8,615
8,616
8,617
8,618
8,619
8,620
8,621
8,622
8,623
8,624
8,625
8,626
8,627
8,628
8,629
8,630
8,631
8,632
8,633
8,634
8,635
8,636
8,637
8,638
8,639
8,640
8,641
8,642
8,643
8,644
8,645
8,646
8,647
8,648
8,649
8,650
8,651
8,652
8,653
8,654
8,655
8,656
8,657
8,658
8,659
:10_1,660
9,661
9,662
9,663
9,664
9,665
9,666
9,667
9,668
9,669
9,670
9,671
9,672
9,673
9,674
9,675
9,676
9,677
9,678
9,679
9,680
9,681
9,682
9,683
9,684
9,685
9,686
9,687
9,688
9,689
9,690
9,691
9,692
9,693
9,694
9,695
9,696
9,697
9,698
9,699
9,700
9,701
9,702
9,703
9,704
9,705
9,706
9,707
9,708
9,709
9,710
9,711
9,712
9,713
9,714
9,715
9,716
9,717
9,718
9,719
9,720
9,721
9,722
9,723
9,724
9,725
9,726
9,727
9,728
9,729
9,730
9,731
9,732
9,733
9,734
9,735
9,736
9,737
9,738
9,739
10,740
10,741
10,742
10,743
10,744
10,745
10,746
10,747
10,748
10,749
10,750
10,751
10,752
10,753
10,754
10,755
10,756
10,757
10,758
10,759
10,760
10,761
10,762
10,763
10,764
10,765
10,766
10,767
10,768
10,769
10,770
10,771
10,772
10,773
10,774
10,775
10,776
10,777
10,778
10,779
10,780
10,781
10,782
10,783
10,784
10,785
10,786
10,787
10,788
10,789
10,790
10,791
10,792
10,793
10,794
10,795
10,796
10,797
10,798
10,799
10,800
10,801
10,802
10,803
10,804
10,805
10,806
10,807
10,808
10,809
10,810
10,811
10,812
10,813
10,814
10,815
10,816
10,817
10,818
10,819
10,820
11,821
11,822
11,823
11,824
11,825
11,826
11,827
11,828
11,829
11,830
11,831
11,832
11,833
11,834
11,835
11,836
11,837
11,838
11,839
11,840
11,841
11,842
11,843
11,844
11,845
11,846
11,847
11,848
11,849
11,850
11,851
11,852
11,853
11,854
11,855
11,856
11,857
11,858
11,859
11,860
11,861
11,862
11,863
11,864
11,865
11,866
11,867
11,868
11,869
11,870
11,871
11,872
11,873
11,874
11,875
11,876
11,877
11,878
11,879
11,880
11,881
11,882
11,883
11,884
11,885
11,886
11,887
11,888
11,889
11,890
11,891
11,892
11,893
11,894
11,895
11,896
11,897
11,898
11,899
11,900
11,901
11,902
11,903
11,904
11,905
11,906
11,907
11,908
11,909
11,910
11,911
11,912
11,913
11,914
11,915
11,916
11,917
11,918
11,919
11,920
11,921
11,922
11,923
11,924
11,925
11,926
11,927
11,928
11,929
11,930
11,931
11,932
11,933
11,934
11,935
11,936
11,937
11,938
11,939
11,940
11,941
11,942
11,943
11,944
11,945
11,946
11,947
11,948
11,949
11,950
11,951
11,952
11,953
11,954
11,955
11,956
11,957
11,958
11,959
11,960
11,961
11,962
11,963
11,964
11,965
-212,1
-212,2
-212,3
-212,1
