554,1
554,1
554,1
554,2
554,3
554,4
554,5
554,6
554,7
554,8
554,9
554,10
554,11
554,12
554,13
554,14
554,15
554,16
554,17
554,18
554,19
554,20
554,21
554,22
554,23
554,24
554,25
554,26
554,27
554,28
554,29
554,30
554,31
554,32
554,33
554,34
554,35
554,36
554,37
554,38
554,39
554,40
554,41
554,42
554,43
554,44
554,45
554,46
554,47
554,48
554,49
554,50
554,51
554,52
554,53
554,54
554,55
554,56
554,57
554,58
554,59
554,60
554,61
554,62
554,63
554,64
554,65
554,66
554,67
554,68
554,69
554,70
554,71
554,72
554,73
554,74
554,75
554,76
554,77
554,78
554,79
554,80
554,81
554,82
554,83
554,84
554,85
554,86
554,87
554,88
554,89
554,90
554,91
554,92
554,93
554,94
554,95
554,96
554,97
554,98
554,99
554,100
554,101
554,102
554,103
554,104
554,105
554,106
554,107
554,108
554,109
554,110
554,111
554,112
554,113
554,114
554,115
554,116
554,117
554,118
554,119
554,120
:164_6,121
:164_6,122
:164_6,123
149,124
149,125
149,126
149,127
149,128
149,129
149,130
149,131
149,132
149,133
149,134
149,135
149,136
149,137
149,138
149,139
149,140
149,141
149,142
149,143
149,144
149,145
149,146
149,147
149,148
149,149
149,150
149,151
149,152
149,153
149,154
149,155
149,156
149,157
149,158
149,159
149,160
149,161
149,162
149,163
149,164
149,165
149,166
149,167
149,168
149,169
149,170
149,171
149,172
149,173
149,174
149,175
149,176
149,177
149,178
149,179
149,180
149,181
149,182
149,183
149,184
149,185
149,186
149,187
149,188
149,189
149,190
149,191
149,192
149,193
149,194
149,195
149,196
149,197
149,198
149,199
149,200
149,201
149,202
149,203
149,204
149,205
149,206
149,207
149,208
149,209
149,210
149,211
149,212
149,213
149,214
149,215
149,216
149,217
149,218
149,219
149,220
149,221
149,222
149,223
149,224
149,225
149,226
149,227
149,228
149,229
149,230
149,231
149,232
149,233
149,234
149,235
149,236
149,237
149,238
149,239
149,240
149,241
149,242
149,243
149,244
149,245
149,246
149,247
149,248
149,249
149,250
149,251
149,252
149,253
:63_0,254
:63_0,255
-55,256
-55,257
-55,258
-55,259
-55,260
-55,261
-55,262
-55,263
-55,264
-55,265
-55,266
-55,267
-55,268
-55,269
-55,270
-55,271
-55,272
-55,273
-55,274
-55,275
-55,276
-55,277
-55,278
-55,279
-55,280
-55,281
-55,282
-55,283
-55,284
-55,285
-55,286
-55,287
-55,288
-55,289
-55,290
-55,291
-55,292
-55,293
-55,294
-55,295
-55,296
-55,297
-55,298
-55,299
-55,300
-55,301
-55,302
-55,303
-55,304
-55,305
-55,306
-55,307
-55,308
-55,309
-55,310
-55,311
-55,312
-55,313
-55,314
-55,315
-55,316
-55,317
-55,318
-55,319
-55,320
-55,321
-55,322
-55,323
-55,324
-55,325
-55,326
-55,327
-55,328
-55,329
-55,330
-55,331
-55,332
-55,333
-55,334
-55,335
-55,336
-55,337
-55,338
-55,339
-55,340
-55,341
-55,342
-55,343
-55,344
-55,345
-55,346
-55,347
-55,348
-55,349
-55,350
-55,351
-55,352
-55,353
-55,354
:62_1,355
:62_1,356
:62_1,357
:62_1,358
-54,359
-54,360
-54,361
-54,362
-54,363
-54,364
-54,365
-54,366
-54,367
-54,368
-54,369
-54,370
-54,371
-54,372
-54,373
-54,374
-54,375
-54,376
-54,377
-54,378
-54,379
-54,380
-54,381
-54,382
-54,383
-54,384
-54,385
-54,386
-54,387
-54,388
-54,389
-54,390
-54,391
-54,392
-54,393
-54,394
-54,395
-54,396
-54,397
-54,398
:61_0,399
:61_0,400
:61_0,401
:61_0,402
:61_0,403
-53,404
-53,405
-53,406
-53,407
-53,408
-53,409
-53,410
-53,411
-53,412
-53,413
-53,414
-53,415
-53,416
-53,417
-53,418
-53,419
-53,420
-53,421
-53,422
-53,423
-53,424
-53,425
-53,426
-53,427
-53,428
-53,429
-53,430
-53,431
-53,432
-53,433
-53,434
-53,435
-53,436
-53,437
-53,438
-53,439
-53,440
-53,441
-53,442
-53,443
-53,444
-53,445
-53,446
-53,447
-53,448
-53,449
-53,450
-53,451
-53,452
-53,453
-53,454
-53,455
-53,456
-53,457
-53,458
-53,459
-53,460
-53,461
-53,462
-53,463
-53,464
-53,465
-53,466
:58_5,467
:58_5,468
:58_5,469
:58_5,470
:58_5,471
56,472
56,473
56,474
56,475
56,476
56,477
56,478
56,479
56,480
56,481
56,482
56,483
56,484
56,485
56,486
56,487
56,488
56,489
56,490
56,491
56,492
56,493
56,494
56,495
56,496
56,497
56,498
56,499
56,500
56,501
56,502
56,503
56,504
56,505
56,506
56,507
56,508
56,509
56,510
56,511
56,512
56,513
56,514
56,515
56,516
56,517
56,518
56,519
56,520
56,521
56,522
56,523
56,524
56,525
56,526
56,527
56,528
56,529
56,530
56,531
56,532
56,533
56,534
56,535
56,536
56,537
56,538
56,539
56,540
56,541
56,542
56,543
56,544
56,545
56,546
56,547
56,548
56,549
56,550
56,551
56,552
56,553
56,554
56,555
56,556
56,557
56,558
56,559
56,560
56,561
56,562
56,563
56,564
56,565
56,566
56,567
56,568
56,569
56,570
56,571
56,572
56,573
56,574
56,575
56,576
56,577
56,578
56,579
56,580
56,581
56,582
56,583
56,584
56,585
56,586
56,587
56,588
56,589
56,590
:64_1,591
:64_1,592
:64_1,593
:64_1,594
:64_1,595
569,596
569,597
569,598
569,599
569,600
569,601
569,602
569,603
569,604
569,605
569,606
569,607
569,608
569,609
569,610
569,611
569,612
569,613
569,614
569,615
569,616
569,617
569,618
569,619
569,620
569,621
569,622
569,623
569,624
569,625
569,626
569,627
569,628
569,629
569,630
569,631
569,632
569,633
569,634
569,635
569,636
569,637
569,638
569,639
569,640
569,641
569,642
569,643
569,644
569,645
569,646
569,647
569,648
569,649
569,650
569,651
569,652
569,653
569,654
569,655
569,656
569,657
569,658
569,659
569,660
569,661
569,662
569,663
569,664
569,665
569,666
569,667
569,668
569,669
569,670
569,671
569,672
569,673
569,674
569,675
569,676
569,677
569,678
569,679
569,680
569,681
569,682
:151_0,683
:151_0,684
:151_0,685
:151_0,686
570,687
570,688
570,689
570,690
570,691
570,692
570,693
570,694
570,695
570,696
570,697
570,698
570,699
570,700
570,701
570,702
570,703
570,704
570,705
570,706
570,707
570,708
570,709
570,710
570,711
570,712
570,713
570,714
570,715
570,716
570,717
570,718
570,719
570,720
570,721
570,722
570,723
570,724
570,725
570,726
570,727
570,728
570,729
570,730
570,731
570,732
570,733
570,734
570,735
570,736
570,737
570,738
570,739
570,740
570,741
570,742
570,743
570,744
570,745
570,746
570,747
570,748
570,749
570,750
570,751
570,752
570,753
570,754
570,755
570,756
570,757
570,758
570,759
570,760
570,761
570,762
570,763
570,764
570,765
570,766
570,767
570,768
570,769
570,770
570,771
570,772
570,773
570,774
570,775
570,776
570,777
570,778
570,779
570,780
570,781
570,782
570,783
570,784
570,785
570,786
570,787
570,788
570,789
570,790
570,791
570,792
570,793
570,794
570,795
570,796
570,797
570,798
570,799
570,800
570,801
570,802
570,803
570,804
570,805
570,806
570,807
570,808
570,809
570,810
570,811
570,812
570,813
570,814
570,815
570,816
570,817
570,818
570,819
570,820
570,821
570,822
570,823
570,824
:99_0,825
:99_0,826
:99_0,827
:99_0,828
571,829
571,830
571,831
571,832
571,833
571,834
571,835
571,836
571,837
571,838
571,839
571,840
571,841
571,842
571,843
571,844
571,845
571,846
571,847
571,848
571,849
571,850
571,851
571,852
571,853
571,854
571,855
571,856
571,857
571,858
571,859
571,860
571,861
571,862
571,863
571,864
571,865
571,866
571,867
571,868
571,869
571,870
571,871
571,872
571,873
571,874
571,875
571,876
571,877
571,878
571,879
571,880
571,881
571,882
571,883
571,884
571,885
571,886
571,887
571,888
571,889
571,890
571,891
571,892
571,893
571,894
571,895
571,896
571,897
571,898
571,899
571,900
571,901
571,902
571,903
571,904
571,905
571,906
571,907
571,908
571,909
571,910
571,911
571,912
571,913
571,914
571,915
571,916
571,917
571,918
571,919
571,920
571,921
571,922
571,923
571,924
571,925
571,926
571,927
571,928
571,929
571,930
571,931
571,932
571,933
571,934
571,935
571,936
571,937
571,938
571,939
571,940
571,941
571,942
571,943
571,944
571,945
571,946
571,947
571,948
571,949
571,950
571,951
571,952
571,953
571,954
571,955
571,956
571,957
571,958
571,959
571,960
571,961
571,962
571,963
571,964
571,965
554,1
554,2
554,3
554,1
