3,1
3,1
3,1
3,2
3,3
3,4
3,5
3,6
3,7
3,8
3,9
3,10
3,11
3,12
3,13
3,14
3,15
3,16
3,17
3,18
3,19
3,20
3,21
3,22
3,23
3,24
3,25
3,26
3,27
3,28
3,29
3,30
3,31
3,32
3,33
3,34
3,35
3,36
3,37
3,38
3,39
3,40
3,41
3,42
3,43
3,44
3,45
3,46
3,47
3,48
3,49
3,50
3,51
3,52
3,53
3,54
3,55
3,56
3,57
3,58
3,59
3,60
3,61
3,62
3,63
3,64
3,65
3,66
3,67
3,68
3,69
3,70
3,71
3,72
3,73
3,74
3,75
3,76
3,77
3,78
3,79
3,80
3,81
3,82
3,83
3,84
3,85
3,86
3,87
3,88
3,89
3,90
3,91
3,92
3,93
3,94
3,95
3,96
3,97
3,98
3,99
3,100
3,101
3,102
3,103
3,104
3,105
3,106
3,107
3,108
3,109
3,110
3,111
3,112
3,113
3,114
3,115
3,116
3,117
3,118
3,119
3,120
3,121
3,122
3,123
3,124
3,125
3,126
3,127
3,128
3,129
3,130
3,131
3,132
3,133
3,134
3,135
3,136
3,137
3,138
3,139
3,140
3,141
3,142
3,143
3,144
3,145
3,146
3,147
3,148
3,149
3,150
3,151
3,152
3,153
3,154
3,155
3,156
3,157
3,158
3,159
3,160
3,161
3,162
3,163
3,164
3,165
3,166
3,167
3,168
3,169
3,170
3,171
3,172
3,173
3,174
3,175
3,176
3,177
3,178
3,179
3,180
3,181
3,182
3,183
3,184
3,185
3,186
3,187
3,188
3,189
3,190
3,191
3,192
3,193
3,194
3,195
3,196
3,197
3,198
3,199
3,200
3,201
3,202
3,203
3,204
3,205
3,206
3,207
3,208
3,209
3,210
3,211
3,212
3,213
3,214
3,215
3,216
3,217
3,218
3,219
3,220
3,221
3,222
3,223
3,224
3,225
3,226
3,227
:4_3,228
:4_3,229
-390,230
-390,231
-390,232
-390,233
-390,234
-390,235
-390,236
-390,237
-390,238
-390,239
-390,240
-390,241
-390,242
-390,243
-390,244
-390,245
-390,246
-390,247
-390,248
-390,249
-390,250
-390,251
-390,252
-390,253
-390,254
-390,255
-390,256
-390,257
-390,258
-390,259
-390,260
-390,261
-390,262
-390,263
-390,264
-390,265
:346_1,266
384,267
384,268
384,269
384,270
384,271
384,272
384,273
384,274
384,275
384,276
384,277
384,278
384,279
384,280
384,281
384,282
384,283
384,284
384,285
384,286
384,287
384,288
384,289
384,290
384,291
384,292
384,293
384,294
384,295
384,296
384,297
384,298
384,299
384,300
384,301
384,302
384,303
384,304
384,305
384,306
384,307
384,308
384,309
384,310
384,311
384,312
384,313
384,314
384,315
384,316
384,317
384,318
384,319
385,320
385,321
385,322
385,323
385,324
385,325
385,326
385,327
385,328
385,329
385,330
385,331
385,332
385,333
385,334
385,335
385,336
385,337
385,338
385,339
385,340
385,341
385,342
385,343
385,344
385,345
385,346
385,347
385,348
385,349
385,350
385,351
385,352
385,353
385,354
385,355
385,356
385,357
385,358
385,359
385,360
385,361
385,362
385,363
385,364
385,365
385,366
385,367
385,368
385,369
385,370
385,371
385,372
385,373
385,374
386,375
386,376
386,377
386,378
386,379
386,380
386,381
386,382
386,383
386,384
386,385
386,386
386,387
386,388
386,389
386,390
386,391
386,392
386,393
386,394
386,395
386,396
386,397
386,398
386,399
386,400
386,401
386,402
386,403
386,404
386,405
386,406
386,407
386,408
386,409
386,410
386,411
386,412
386,413
386,414
386,415
386,416
386,417
386,418
386,419
386,420
386,421
386,422
386,423
386,424
386,425
386,426
386,427
386,428
386,429
387,430
387,431
387,432
387,433
387,434
387,435
387,436
387,437
387,438
387,439
387,440
387,441
387,442
387,443
387,444
387,445
387,446
387,447
387,448
387,449
387,450
387,451
387,452
387,453
387,454
387,455
387,456
387,457
387,458
387,459
387,460
387,461
387,462
387,463
387,464
387,465
387,466
387,467
387,468
387,469
387,470
387,471
387,472
387,473
387,474
387,475
387,476
387,477
387,478
387,479
387,480
387,481
387,482
387,483
387,484
387,485
387,486
387,487
387,488
387,489
388,490
388,491
388,492
388,493
388,494
388,495
388,496
388,497
388,498
388,499
388,500
388,501
388,502
388,503
388,504
388,505
388,506
388,507
388,508
388,509
388,510
388,511
388,512
388,513
388,514
388,515
388,516
388,517
388,518
388,519
388,520
388,521
388,522
388,523
388,524
388,525
388,526
388,527
388,528
388,529
388,530
388,531
388,532
388,533
388,534
388,535
388,536
388,537
388,538
388,539
388,540
388,541
388,542
389,543
389,544
389,545
389,546
389,547
389,548
389,549
389,550
389,551
389,552
389,553
389,554
389,555
389,556
389,557
389,558
389,559
389,560
389,561
389,562
389,563
389,564
389,565
389,566
389,567
389,568
389,569
389,570
389,571
:352_7,572
:352_7,573
:352_7,574
:352_7,575
567,576
567,577
567,578
567,579
567,580
567,581
567,582
567,583
567,584
567,585
567,586
567,587
567,588
567,589
567,590
567,591
567,592
567,593
567,594
567,595
567,596
567,597
567,598
567,599
567,600
567,601
567,602
567,603
567,604
567,605
567,606
567,607
567,608
567,609
567,610
567,611
567,612
567,613
567,614
567,615
567,616
567,617
567,618
567,619
567,620
567,621
567,622
567,623
567,624
567,625
567,626
567,627
567,628
567,629
567,630
567,631
567,632
567,633
567,634
567,635
567,636
567,637
567,638
567,639
567,640
567,641
567,642
567,643
567,644
567,645
567,646
567,647
567,648
567,649
567,650
567,651
567,652
567,653
567,654
567,655
567,656
567,657
567,658
567,659
567,660
567,661
567,662
567,663
567,664
567,665
567,666
567,667
567,668
567,669
567,670
567,671
567,672
567,673
567,674
567,675
567,676
567,677
567,678
567,679
567,680
567,681
567,682
567,683
567,684
567,685
567,686
567,687
567,688
567,689
567,690
567,691
567,692
567,693
567,694
567,695
567,696
567,697
567,698
567,699
567,700
567,701
567,702
567,703
567,704
567,705
567,706
567,707
567,708
567,709
567,710
567,711
567,712
567,713
567,714
567,715
567,716
567,717
567,718
567,719
567,720
567,721
567,722
567,723
567,724
567,725
567,726
567,727
567,728
567,729
567,730
567,731
567,732
567,733
567,734
567,735
567,736
567,737
567,738
567,739
567,740
567,741
567,742
567,743
567,744
567,745
567,746
567,747
567,748
567,749
3,1
3,2
3,3
3,1
