558,38
558,39
558,40
558,41
558,42
558,43
558,44
558,45
558,46
558,47
558,48
558,49
558,50
558,51
558,52
558,53
558,54
558,55
558,56
558,57
558,58
558,59
558,60
558,61
558,62
558,63
558,64
558,65
558,66
558,67
558,68
558,69
558,70
558,71
558,72
558,73
558,74
558,75
558,76
558,77
558,78
558,79
558,80
558,81
558,82
558,83
558,84
558,85
558,86
558,87
558,88
558,89
558,90
558,91
558,92
558,93
558,94
558,95
558,96
558,97
558,98
558,99
558,100
558,101
558,102
558,103
558,104
558,105
558,106
558,107
558,108
558,109
558,110
558,111
558,112
558,113
558,114
558,115
558,116
558,117
558,118
558,119
558,120
558,121
558,122
558,123
558,124
558,125
558,126
558,127
558,128
558,129
558,130
:218_6,131
:218_6,132
:218_6,133
:218_6,134
:218_6,135
-212,136
-212,137
-212,138
-212,139
-212,140
-212,141
-212,142
-212,143
-212,144
-212,145
-212,146
-212,147
-212,148
-212,149
-212,150
-212,151
-212,152
-212,153
-212,154
-212,155
-212,156
-212,157
-212,158
-212,159
-212,160
-212,161
-212,162
-212,163
-212,164
-212,165
-212,166
-212,167
-212,168
-212,169
-212,170
-212,171
-212,172
-212,173
-212,174
-212,175
-212,176
-212,177
-212,178
-212,179
-212,180
-212,181
-212,182
-212,183
-212,184
-212,185
-212,186
-212,187
-212,188
:189_1,189
:189_1,190
:189_1,191
:189_1,192
:189_1,193
:189_1,194
-176,195
-176,196
-176,197
-176,198
-176,199
-176,200
-176,201
-176,202
-176,203
-176,204
-176,205
-176,206
-176,207
-176,208
-176,209
-176,210
-176,211
-176,212
-176,213
-176,214
-176,215
-176,216
-176,217
-176,218
-176,219
-176,220
-176,221
-176,222
-176,223
-176,224
-176,225
-176,226
-176,227
-176,228
-176,229
-176,230
-176,231
-176,232
-176,233
-176,234
-176,235
-176,236
-176,237
-176,238
-176,239
-176,240
-176,241
-176,242
-176,243
-176,244
-176,245
-176,246
-176,247
-176,248
-176,249
-176,250
-176,251
-176,252
-176,253
-176,254
-176,255
-176,256
-176,257
-176,258
-176,259
-176,260
-176,261
-176,262
-176,263
-176,264
-176,265
-176,266
-176,267
-176,268
-176,269
-176,270
-176,271
-176,272
-176,273
-176,274
-176,275
-176,276
-176,277
-176,278
-176,279
-176,280
-176,281
-176,282
-176,283
-176,284
-176,285
-176,286
-176,287
-176,288
-176,289
-176,290
-176,291
-176,292
-176,293
-176,294
-176,295
-176,296
-176,297
-176,298
-176,299
-176,300
-176,301
-176,302
-176,303
-176,304
-176,305
-176,306
-176,307
:13_12,308
:13_12,309
:13_12,310
:13_12,311
:13_12,312
:13_12,313
175,314
175,315
175,316
175,317
175,318
175,319
175,320
175,321
175,322
175,323
175,324
175,325
175,326
175,327
175,328
175,329
175,330
175,331
175,332
175,333
175,334
175,335
175,336
175,337
175,338
175,339
175,340
175,341
175,342
175,343
175,344
175,345
175,346
175,347
175,348
175,349
175,350
175,351
175,352
175,353
175,354
175,355
175,356
175,357
175,358
175,359
175,360
175,361
175,362
175,363
175,364
175,365
175,366
175,367
175,368
175,369
175,370
175,371
175,372
175,373
175,374
175,375
175,376
175,377
175,378
175,379
175,380
175,381
175,382
464,383
464,384
464,385
464,386
464,387
464,388
464,389
464,390
464,391
464,392
464,393
464,394
464,395
464,396
464,397
464,398
464,399
464,400
464,401
464,402
464,403
464,404
464,405
464,406
464,407
464,408
464,409
464,410
464,411
464,412
464,413
464,414
464,415
464,416
464,417
464,418
464,419
464,420
464,421
464,422
464,423
464,424
464,425
464,426
464,427
464,428
464,429
464,430
464,431
464,432
464,433
464,434
464,435
464,436
464,437
464,438
464,439
464,440
464,441
464,442
464,443
464,444
464,445
464,446
464,447
464,448
464,449
464,450
464,451
464,452
464,453
464,454
464,455
464,456
464,457
464,458
464,459
464,460
464,461
464,462
464,463
464,464
464,465
464,466
464,467
464,468
464,469
464,470
464,471
464,472
464,473
464,474
464,475
464,476
464,477
464,478
464,479
:396_0,480
:396_0,481
:396_0,482
:396_0,483
:396_0,484
:396_0,485
679,486
679,487
679,488
679,489
679,490
679,491
679,492
679,493
679,494
679,495
679,496
679,497
679,498
679,499
679,500
679,501
679,502
679,503
679,504
679,505
679,506
679,507
679,508
679,509
679,510
679,511
679,512
679,513
679,514
679,515
679,516
679,517
679,518
679,519
679,520
679,521
679,522
679,523
679,524
679,525
679,526
679,527
679,528
679,529
679,530
679,531
679,532
679,533
679,534
679,535
679,536
679,537
679,538
679,539
679,540
679,541
679,542
679,543
679,544
679,545
679,546
679,547
679,548
679,549
679,550
679,551
679,552
679,553
679,554
:375_0,555
:375_0,556
:375_0,557
652,558
652,559
652,560
652,561
652,562
652,563
652,564
652,565
652,566
652,567
652,568
652,569
652,570
652,571
652,572
652,573
652,574
652,575
652,576
652,577
652,578
652,579
652,580
652,581
652,582
652,583
652,584
652,585
652,586
652,587
652,588
652,589
652,590
652,591
652,592
652,593
652,594
652,595
652,596
652,597
652,598
652,599
652,600
652,601
652,602
652,603
652,604
652,605
652,606
652,607
652,608
652,609
652,610
652,611
652,612
652,613
652,614
652,615
652,616
652,617
652,618
652,619
652,620
652,621
652,622
652,623
652,624
652,625
652,626
652,627
652,628
652,629
652,630
652,631
652,632
652,633
652,634
652,635
652,636
652,637
652,638
652,639
652,640
652,641
652,642
652,643
652,644
652,645
652,646
652,647
652,648
652,649
652,650
652,651
652,652
652,653
652,654
652,655
652,656
652,657
652,658
652,659
652,660
652,661
652,662
652,663
652,664
652,665
652,666
652,667
652,668
652,669
652,670
652,671
652,672
652,673
652,674
652,675
652,676
652,677
652,678
652,679
652,680
652,681
652,682
652,683
652,684
652,685
652,686
652,687
652,688
652,689
652,690
652,691
652,692
652,693
652,694
652,695
652,696
652,697
652,698
652,699
652,700
652,701
652,702
652,703
652,704
652,705
652,706
652,707
652,708
652,709
652,710
652,711
652,712
652,713
652,714
652,715
652,716
652,717
652,718
652,719
652,720
652,721
652,722
652,723
652,724
652,725
652,726
652,727
652,728
652,729
652,730
652,731
:51_0,732
:51_0,733
:51_0,734
:51_0,735
:51_0,736
:51_0,737
94,738
94,739
94,740
94,741
94,742
94,743
94,744
94,745
94,746
94,747
94,748
94,749
94,750
94,751
94,752
94,753
94,754
94,755
94,756
94,757
94,758
94,759
94,760
94,761
94,762
94,763
94,764
94,765
94,766
94,767
94,768
94,769
94,770
94,771
94,772
94,773
94,774
94,775
94,776
94,777
94,778
94,779
94,780
94,781
94,782
94,783
94,784
94,785
94,786
94,787
94,788
94,789
94,790
94,791
94,792
94,793
94,794
94,795
94,796
94,797
94,798
94,799
94,800
94,801
94,802
94,803
94,804
94,805
94,806
94,807
94,808
94,809
94,810
94,811
94,812
94,813
94,814
94,815
94,816
94,817
94,818
94,819
94,820
94,821
94,822
94,823
94,824
94,825
94,826
94,827
94,828
94,829
94,830
94,831
94,832
94,833
94,834
94,835
94,836
94,837
94,838
94,839
94,840
94,841
94,842
94,843
94,844
94,845
94,846
94,847
94,848
94,849
94,850
94,851
94,852
94,853
94,854
94,855
94,856
94,857
94,858
94,859
94,860
94,861
94,862
94,863
:110_1,864
:110_1,865
:110_1,866
:110_1,867
:110_1,868
:110_1,869
520,870
520,871
520,872
520,873
520,874
520,875
520,876
520,877
520,878
520,879
520,880
520,881
520,882
520,883
520,884
520,885
520,886
520,887
520,888
520,889
520,890
520,891
520,892
520,893
520,894
520,895
520,896
520,897
520,898
520,899
520,900
520,901
520,902
520,903
520,904
520,905
520,906
520,907
520,908
520,909
520,910
520,911
520,912
520,913
520,914
520,915
520,916
520,917
520,918
520,919
520,920
520,921
520,922
520,923
520,924
520,925
520,926
520,927
520,928
520,929
520,930
520,931
520,932
520,933
520,934
520,935
520,936
520,937
520,938
520,939
520,940
520,941
520,942
520,943
520,944
520,945
520,946
520,947
520,948
520,949
520,950
520,951
520,952
520,953
520,954
520,955
520,956
520,957
520,958
520,959
520,960
520,961
520,962
520,963
520,964
520,965
