45,1
45,1
45,1
45,2
45,3
45,4
45,5
45,6
45,7
45,8
45,9
45,10
45,11
45,12
45,13
45,14
45,15
45,16
45,17
45,18
45,19
45,20
45,21
45,22
45,23
45,24
45,25
45,26
45,27
45,28
45,29
45,30
45,31
45,32
45,33
45,34
45,35
45,36
45,37
45,38
45,39
45,40
45,41
45,42
45,43
45,44
45,45
45,46
45,47
45,48
45,49
45,50
45,51
45,52
45,53
45,54
45,55
45,56
45,57
45,58
45,59
45,60
45,61
45,62
45,63
45,64
45,65
45,66
45,67
45,68
45,69
45,70
45,71
45,72
45,73
45,74
45,75
45,76
45,77
45,78
45,79
45,80
45,81
45,82
45,83
45,84
45,85
45,86
45,87
45,88
45,89
45,90
45,91
45,92
45,93
45,94
45,95
45,96
45,97
45,98
45,99
45,100
45,101
45,102
45,103
45,104
45,105
45,106
45,107
45,108
45,109
45,110
45,111
45,112
45,113
45,114
45,115
45,116
45,117
45,118
45,119
45,120
45,121
45,122
45,123
45,124
45,125
45,126
45,127
45,128
45,129
45,130
45,131
45,132
45,133
45,134
45,135
45,136
45,137
45,138
45,139
45,140
45,141
45,142
45,143
45,144
45,145
45,146
45,147
45,148
45,149
45,150
45,151
45,152
45,153
45,154
45,155
45,156
45,157
45,158
45,159
45,160
45,161
45,162
45,163
45,164
45,165
45,166
45,167
45,168
45,169
45,170
45,171
45,172
45,173
45,174
45,175
45,176
45,177
45,178
45,179
:53_0,180
:53_0,181
:53_0,182
:53_0,183
:53_0,184
:53_0,185
-680,186
-680,187
-680,188
-680,189
-680,190
-680,191
-680,192
-680,193
-680,194
-680,195
-680,196
-680,197
-680,198
-680,199
-680,200
-680,201
-680,202
-680,203
-680,204
-680,205
-680,206
-680,207
-680,208
-680,209
-680,210
-680,211
-680,212
-680,213
-680,214
-680,215
-680,216
-680,217
-680,218
-680,219
-680,220
-680,221
-680,222
-680,223
-680,224
-680,225
-680,226
:5_5,227
:5_5,228
-4,229
-4,230
-4,231
-4,232
-4,233
-4,234
-4,235
-4,236
-4,237
-4,238
-4,239
-4,240
-4,241
-4,242
-4,243
-4,244
-4,245
-4,246
-4,247
-4,248
-4,249
-4,250
-4,251
-4,252
-4,253
-4,254
-4,255
-4,256
-4,257
-4,258
-4,259
-4,260
-4,261
-4,262
-4,263
-4,264
-4,265
-4,266
-4,267
-4,268
-4,269
-4,270
-4,271
-4,272
-4,273
-4,274
-4,275
-4,276
-4,277
-4,278
-4,279
-4,280
-4,281
-4,282
-4,283
-4,284
-4,285
-4,286
-4,287
-4,288
-4,289
-4,290
-4,291
-4,292
-4,293
-4,294
-4,295
-4,296
-4,297
-4,298
-4,299
-4,300
-4,301
-4,302
-4,303
-4,304
-4,305
-4,306
-4,307
-4,308
-4,309
-4,310
-4,311
-4,312
-4,313
-4,314
-4,315
-4,316
-4,317
-4,318
-4,319
-4,320
-4,321
-4,322
-4,323
-4,324
-4,325
-4,326
-4,327
-4,328
-4,329
-4,330
-4,331
-4,332
-4,333
-4,334
-4,335
-4,336
-4,337
-4,338
-4,339
-4,340
-4,341
-4,342
-4,343
-4,344
-4,345
-4,346
-4,347
-4,348
-4,349
-4,350
-4,351
-4,352
-4,353
-4,354
-4,355
-4,356
-4,357
-4,358
-4,359
-4,360
-4,361
-4,362
-4,363
-4,364
-4,365
-4,366
-4,367
-4,368
-4,369
-4,370
-4,371
-4,372
-4,373
-4,374
-4,375
-4,376
-4,377
-4,378
-4,379
-4,380
-4,381
-4,382
-4,383
-4,384
-4,385
-4,386
-4,387
-4,388
-4,389
-4,390
-4,391
-4,392
-4,393
-4,394
-4,395
-4,396
-4,397
-4,398
-4,399
-4,400
-4,401
-4,402
-4,403
-4,404
-4,405
-4,406
-4,407
-4,408
-4,409
-4,410
-4,411
-4,412
-4,413
-4,414
-4,415
-4,416
-4,417
-4,418
-4,419
-4,420
-4,421
-4,422
-4,423
-4,424
-4,425
-4,426
-4,427
-4,428
-4,429
-4,430
-4,431
-4,432
-4,433
-4,434
-4,435
-4,436
-4,437
-4,438
-4,439
-4,440
-4,441
-4,442
-4,443
-4,444
-4,445
-4,446
-4,447
-4,448
-4,449
-4,450
-4,451
-4,452
-4,453
-4,454
-4,455
-4,456
-4,457
-4,458
-4,459
-4,460
-4,461
-4,462
-4,463
-4,464
-4,465
-4,466
-4,467
-4,468
-4,469
-4,470
-4,471
-4,472
-4,473
-4,474
-4,475
-4,476
-4,477
-4,478
-4,479
-4,480
-4,481
-4,482
-4,483
-4,484
-4,485
-4,486
-4,487
-4,488
-4,489
-4,490
-4,491
-4,492
-4,493
-4,494
-4,495
-4,496
-4,497
-4,498
-4,499
-4,500
-4,501
-4,502
-4,503
-4,504
-4,505
-4,506
-4,507
-4,508
-4,509
-4,510
-4,511
-4,512
-4,513
-4,514
-4,515
-4,516
-4,517
-4,518
-4,519
-4,520
-4,521
-4,522
-4,523
-4,524
-4,525
-4,526
-4,527
-4,528
-4,529
-4,530
-4,531
-4,532
-4,533
-4,534
-4,535
-4,536
-4,537
-4,538
-4,539
-4,540
-4,541
-4,542
-4,543
-4,544
-4,545
-4,546
-4,547
-4,548
-4,549
-4,550
-4,551
-4,552
-4,553
-4,554
-4,555
-4,556
-4,557
-4,558
-4,559
-4,560
-4,561
-4,562
-4,563
-4,564
-4,565
-4,566
-4,567
-4,568
-4,569
-4,570
-4,571
-4,572
-4,573
-4,574
-4,575
-4,576
-4,577
-4,578
-4,579
-4,580
-4,581
-4,582
-4,583
-4,584
-4,585
-4,586
-4,587
-4,588
-4,589
-4,590
-4,591
:0_9,592
:0_9,593
:0_9,594
:0_9,595
:0_9,596
0,597
0,598
0,599
0,600
0,601
0,602
0,603
0,604
0,605
0,606
0,607
0,608
0,609
0,610
0,611
0,612
0,613
0,614
0,615
0,616
0,617
0,618
0,619
0,620
0,621
0,622
0,623
0,624
0,625
0,626
0,627
0,628
0,629
0,630
0,631
0,632
0,633
0,634
0,635
0,636
0,637
0,638
0,639
0,640
0,641
0,642
0,643
0,644
0,645
0,646
0,647
0,648
0,649
0,650
0,651
0,652
0,653
0,654
0,655
0,656
0,657
0,658
0,659
0,660
0,661
0,662
0,663
0,664
0,665
0,666
0,667
0,668
0,669
0,670
0,671
0,672
0,673
0,674
0,675
0,676
0,677
0,678
0,679
0,680
0,681
0,682
0,683
0,684
0,685
0,686
0,687
0,688
0,689
0,690
0,691
0,692
0,693
0,694
0,695
0,696
0,697
0,698
0,699
0,700
0,701
0,702
0,703
0,704
0,705
0,706
0,707
0,708
0,709
0,710
0,711
0,712
0,713
0,714
0,715
0,716
0,717
0,718
:1_7,719
:1_7,720
:1_7,721
:1_7,722
:1_7,723
1,724
1,725
1,726
1,727
1,728
1,729
1,730
1,731
1,732
1,733
1,734
1,735
1,736
1,737
1,738
1,739
1,740
1,741
1,742
1,743
1,744
1,745
1,746
1,747
1,748
1,749
1,750
1,751
1,752
1,753
1,754
1,755
1,756
1,757
:2_3,758
:2_3,759
:2_3,760
:2_3,761
:2_3,762
2,763
2,764
2,765
2,766
2,767
2,768
2,769
2,770
2,771
2,772
2,773
2,774
2,775
2,776
2,777
2,778
2,779
2,780
2,781
2,782
2,783
2,784
2,785
2,786
2,787
2,788
2,789
2,790
2,791
2,792
2,793
2,794
2,795
2,796
2,797
2,798
2,799
2,800
2,801
2,802
2,803
2,804
2,805
2,806
2,807
2,808
2,809
2,810
2,811
2,812
2,813
2,814
2,815
2,816
2,817
2,818
2,819
2,820
2,821
2,822
2,823
2,824
2,825
2,826
2,827
2,828
2,829
2,830
2,831
2,832
2,833
2,834
2,835
2,836
2,837
2,838
2,839
2,840
2,841
2,842
2,843
2,844
2,845
2,846
2,847
2,848
2,849
2,850
2,851
2,852
2,853
2,854
2,855
2,856
2,857
2,858
2,859
2,860
2,861
2,862
2,863
2,864
:3_7,865
:3_7,866
:3_7,867
:3_7,868
:3_7,869
-102,870
-102,871
-102,872
-102,873
-102,874
-102,875
-102,876
-102,877
-102,878
-102,879
-102,880
-102,881
-102,882
-102,883
-102,884
-102,885
-102,886
-102,887
-102,888
-102,889
-102,890
-102,891
-102,892
-102,893
-102,894
-102,895
-102,896
-102,897
-102,898
-102,899
-102,900
-102,901
-102,902
-102,903
-102,904
-102,905
-102,906
-102,907
-102,908
-102,909
-102,910
-102,911
-102,912
-102,913
-102,914
-102,915
-102,916
-102,917
-102,918
-102,919
-102,920
-102,921
-102,922
-102,923
-102,924
-102,925
-102,926
-102,927
-102,928
-102,929
-102,930
-102,931
-102,932
-102,933
-102,934
-102,935
-102,936
-102,937
-102,938
-102,939
-102,940
-102,941
-102,942
-102,943
-102,944
-102,945
-102,946
-102,947
-102,948
-102,949
-102,950
-102,951
-102,952
-102,953
-102,954
-102,955
-102,956
-102,957
-102,958
-102,959
-102,960
-102,961
-102,962
-102,963
-102,964
-102,965
45,1
45,2
45,3
45,1
