-117,11
-117,12
-117,13
-117,14
-117,15
-117,16
-117,17
-117,18
-117,19
-117,20
-117,21
-117,22
-117,23
-117,24
-117,25
-117,26
-117,27
-117,28
-117,29
-117,30
-117,31
-117,32
-117,33
-117,34
-117,35
-117,36
-117,37
-117,38
-117,39
-117,40
-117,41
-117,42
-117,43
-117,44
-117,45
-117,46
-117,47
-117,48
-117,49
-117,50
-117,51
-117,52
-117,53
-117,54
-117,55
-117,56
-117,57
-117,58
-117,59
-117,60
-117,61
-117,62
-117,63
-117,64
-117,65
-117,66
-117,67
-117,68
-117,69
-117,70
-117,71
-117,72
-117,73
-117,74
-117,75
-117,76
-117,77
-117,78
-117,79
-117,80
-117,81
-117,82
-117,83
-117,84
-117,85
-117,86
-117,87
-117,88
-117,89
-117,90
-117,91
-117,92
-117,93
-117,94
-117,95
-117,96
-117,97
-117,98
-117,99
-117,100
-117,101
-117,102
-117,103
-117,104
-117,105
-117,106
-117,107
-117,108
-117,109
-117,110
-117,111
-117,112
-117,113
-117,114
-117,115
-117,116
-117,117
-117,118
-117,119
-117,120
-117,121
-117,122
-117,123
:47_1,124
:47_1,125
:47_1,126
:47_1,127
:47_1,128
119,129
119,130
119,131
119,132
119,133
119,134
119,135
119,136
119,137
119,138
119,139
119,140
119,141
119,142
119,143
119,144
119,145
119,146
119,147
119,148
119,149
119,150
119,151
119,152
119,153
119,154
119,155
119,156
119,157
119,158
119,159
119,160
119,161
119,162
119,163
119,164
119,165
119,166
119,167
119,168
119,169
119,170
119,171
119,172
119,173
119,174
119,175
119,176
119,177
119,178
119,179
119,180
119,181
119,182
119,183
119,184
119,185
119,186
119,187
119,188
119,189
119,190
119,191
119,192
119,193
119,194
119,195
119,196
119,197
119,198
119,199
119,200
119,201
119,202
119,203
119,204
119,205
119,206
119,207
119,208
119,209
119,210
119,211
119,212
119,213
119,214
119,215
119,216
119,217
119,218
119,219
119,220
119,221
119,222
119,223
119,224
119,225
119,226
119,227
119,228
119,229
119,230
119,231
119,232
119,233
119,234
119,235
119,236
119,237
119,238
119,239
119,240
119,241
119,242
119,243
119,244
119,245
119,246
119,247
119,248
119,249
119,250
119,251
119,252
119,253
119,254
119,255
119,256
119,257
119,258
119,259
119,260
119,261
119,262
119,263
119,264
119,265
119,266
119,267
119,268
119,269
:136_13,270
:136_13,271
:136_13,272
:136_13,273
:136_13,274
204,275
204,276
204,277
204,278
204,279
204,280
204,281
204,282
204,283
204,284
204,285
204,286
204,287
204,288
204,289
204,290
204,291
204,292
204,293
204,294
204,295
204,296
204,297
204,298
204,299
204,300
204,301
204,302
204,303
204,304
204,305
204,306
204,307
204,308
204,309
204,310
204,311
204,312
204,313
204,314
204,315
204,316
204,317
204,318
204,319
204,320
204,321
204,322
204,323
204,324
204,325
204,326
204,327
204,328
204,329
204,330
204,331
204,332
204,333
204,334
204,335
204,336
:211_1,337
:211_1,338
:211_1,339
:211_1,340
:211_1,341
646,342
646,343
646,344
646,345
646,346
646,347
646,348
646,349
646,350
646,351
646,352
646,353
646,354
646,355
646,356
646,357
646,358
646,359
646,360
646,361
646,362
646,363
646,364
646,365
646,366
646,367
646,368
646,369
646,370
646,371
646,372
646,373
646,374
646,375
646,376
646,377
646,378
646,379
646,380
646,381
646,382
646,383
646,384
646,385
646,386
646,387
646,388
646,389
646,390
646,391
646,392
646,393
646,394
646,395
646,396
646,397
646,398
646,399
646,400
646,401
646,402
646,403
646,404
646,405
646,406
646,407
646,408
646,409
646,410
646,411
646,412
646,413
646,414
646,415
646,416
646,417
646,418
646,419
646,420
646,421
646,422
646,423
646,424
646,425
646,426
646,427
646,428
646,429
646,430
646,431
646,432
646,433
646,434
646,435
646,436
:179_1,437
:179_1,438
:179_1,439
:179_1,440
-164,441
-164,442
-164,443
-164,444
-164,445
-164,446
-164,447
-164,448
-164,449
-164,450
-164,451
-164,452
-164,453
-164,454
-164,455
-164,456
-164,457
-164,458
-164,459
-164,460
-164,461
-164,462
-164,463
-164,464
-164,465
-164,466
-164,467
-164,468
-164,469
-164,470
-164,471
-164,472
-164,473
-164,474
-164,475
-164,476
-164,477
-164,478
-164,479
-164,480
-164,481
-164,482
-164,483
-164,484
-164,485
-164,486
-164,487
-164,488
-164,489
-164,490
-164,491
-164,492
-164,493
-164,494
-164,495
-164,496
-164,497
-164,498
-164,499
-164,500
-164,501
-164,502
-164,503
-164,504
-164,505
-164,506
-164,507
-164,508
-164,509
-164,510
-164,511
-164,512
-164,513
-164,514
-164,515
-164,516
-164,517
-164,518
-164,519
-164,520
-164,521
-164,522
-164,523
-164,524
-164,525
-164,526
-164,527
-164,528
-164,529
-164,530
-164,531
-164,532
-164,533
-164,534
-164,535
-164,536
-164,537
-164,538
-164,539
-164,540
-164,541
-164,542
-164,543
-164,544
-164,545
-164,546
-164,547
-164,548
-164,549
-164,550
-164,551
-164,552
-164,553
-164,554
-164,555
-164,556
-164,557
-164,558
-164,559
-164,560
-164,561
-164,562
-164,563
-164,564
-164,565
-164,566
-164,567
-164,568
-164,569
-164,570
-164,571
-164,572
-164,573
-164,574
-164,575
-164,576
-164,577
-164,578
-164,579
-164,580
-164,581
-164,582
-164,583
-164,584
-164,585
-164,586
-164,587
-164,588
-164,589
-164,590
-164,591
-164,592
-164,593
-164,594
-164,595
-164,596
-164,597
-164,598
-164,599
-164,600
-164,601
-164,602
-164,603
-164,604
-164,605
-164,606
-164,607
-164,608
-164,609
-164,610
-164,611
-164,612
-164,613
-164,614
-164,615
-164,616
-164,617
-164,618
-164,619
-164,620
-164,621
-164,622
-164,623
-164,624
-164,625
-164,626
-164,627
-164,628
:178_13,629
:178_13,630
:178_13,631
:178_13,632
:178_13,633
167,634
167,635
167,636
167,637
167,638
167,639
167,640
167,641
167,642
167,643
167,644
167,645
167,646
167,647
167,648
167,649
167,650
167,651
167,652
167,653
167,654
167,655
167,656
167,657
167,658
167,659
167,660
167,661
167,662
167,663
167,664
167,665
167,666
167,667
167,668
167,669
167,670
167,671
167,672
167,673
167,674
167,675
167,676
167,677
167,678
167,679
167,680
167,681
167,682
167,683
167,684
167,685
167,686
167,687
167,688
167,689
167,690
167,691
167,692
167,693
167,694
167,695
167,696
167,697
:26_1,698
:26_1,699
:26_1,700
:26_1,701
-22,702
-22,703
-22,704
-22,705
-22,706
-22,707
-22,708
-22,709
-22,710
-22,711
-22,712
-22,713
-22,714
-22,715
-22,716
-22,717
-22,718
-22,719
-22,720
-22,721
-22,722
-22,723
-22,724
-22,725
-22,726
-22,727
-22,728
-22,729
-22,730
-22,731
-22,732
-22,733
-22,734
-22,735
-22,736
-22,737
-22,738
-22,739
-22,740
-22,741
-22,742
-22,743
-22,744
-22,745
-22,746
-22,747
-22,748
-22,749
-22,750
-22,751
-22,752
-22,753
-22,754
-22,755
-22,756
-22,757
-22,758
-22,759
-22,760
-22,761
-22,762
-22,763
-22,764
-22,765
-22,766
-22,767
-22,768
-22,769
-22,770
-22,771
-22,772
-22,773
-22,774
-22,775
-22,776
-22,777
-22,778
-22,779
-22,780
-22,781
-22,782
-22,783
-22,784
-22,785
-22,786
-22,787
-22,788
-22,789
-22,790
-22,791
-22,792
-22,793
-22,794
-22,795
-22,796
-22,797
-22,798
-22,799
-22,800
-22,801
-22,802
-22,803
-22,804
-22,805
-22,806
-22,807
-22,808
-22,809
-22,810
-22,811
-22,812
-22,813
-22,814
-22,815
-22,816
-22,817
-22,818
-22,819
-22,820
-22,821
-22,822
-22,823
-22,824
-22,825
-22,826
-22,827
-22,828
-22,829
-22,830
-22,831
-22,832
-22,833
-22,834
-22,835
-22,836
-22,837
-22,838
-22,839
-22,840
-22,841
-22,842
-22,843
-22,844
:22_13,845
:22_13,846
:22_13,847
:22_13,848
21,849
21,850
21,851
21,852
21,853
21,854
21,855
21,856
21,857
21,858
21,859
21,860
21,861
21,862
21,863
21,864
21,865
21,866
21,867
21,868
21,869
21,870
21,871
21,872
21,873
21,874
21,875
21,876
21,877
21,878
21,879
21,880
21,881
21,882
21,883
21,884
21,885
21,886
21,887
21,888
21,889
21,890
21,891
21,892
21,893
21,894
21,895
21,896
21,897
21,898
21,899
21,900
21,901
21,902
21,903
21,904
21,905
21,906
21,907
21,908
21,909
21,910
21,911
21,912
21,913
21,914
21,915
21,916
21,917
21,918
21,919
21,920
21,921
:25_1,922
:25_1,923
:25_1,924
:25_1,925
453,926
453,927
453,928
453,929
453,930
453,931
453,932
453,933
453,934
453,935
453,936
453,937
453,938
453,939
453,940
453,941
453,942
453,943
453,944
453,945
453,946
453,947
453,948
453,949
453,950
453,951
453,952
453,953
453,954
453,955
453,956
453,957
453,958
453,959
453,960
453,961
453,962
453,963
453,964
453,965
