39,4
39,5
39,6
39,7
39,8
39,9
39,10
39,11
39,12
39,13
39,14
39,15
39,16
39,17
39,18
39,19
39,20
39,21
39,22
39,23
39,24
39,25
39,26
39,27
39,28
39,29
39,30
39,31
39,32
39,33
39,34
39,35
39,36
39,37
39,38
39,39
39,40
39,41
39,42
39,43
39,44
39,45
39,46
39,47
39,48
39,49
39,50
39,51
39,52
39,53
39,54
39,55
39,56
39,57
39,58
39,59
39,60
39,61
39,62
39,63
39,64
39,65
39,66
39,67
39,68
39,69
39,70
39,71
39,72
39,73
39,74
39,75
39,76
39,77
39,78
39,79
39,80
39,81
39,82
39,83
39,84
39,85
39,86
39,87
39,88
39,89
39,90
39,91
39,92
39,93
39,94
39,95
39,96
39,97
39,98
39,99
39,100
39,101
39,102
39,103
39,104
39,105
39,106
39,107
39,108
39,109
39,110
39,111
39,112
39,113
39,114
39,115
39,116
39,117
39,118
39,119
39,120
39,121
39,122
39,123
39,124
39,125
39,126
39,127
39,128
39,129
39,130
39,131
39,132
39,133
39,134
39,135
39,136
39,137
39,138
39,139
39,140
39,141
39,142
39,143
39,144
39,145
39,146
39,147
39,148
39,149
39,150
39,151
39,152
39,153
39,154
39,155
39,156
39,157
39,158
39,159
39,160
39,161
39,162
39,163
39,164
39,165
39,166
39,167
39,168
39,169
39,170
39,171
39,172
39,173
39,174
39,175
39,176
39,177
39,178
39,179
39,180
39,181
39,182
39,183
39,184
39,185
39,186
39,187
39,188
39,189
39,190
39,191
39,192
39,193
39,194
39,195
39,196
39,197
39,198
39,199
39,200
39,201
39,202
39,203
39,204
39,205
39,206
39,207
39,208
39,209
39,210
39,211
39,212
39,213
39,214
39,215
39,216
39,217
39,218
39,219
39,220
39,221
39,222
39,223
39,224
39,225
39,226
39,227
39,228
39,229
39,230
39,231
39,232
39,233
:47_4,234
:47_4,235
:47_4,236
:47_4,237
:47_4,238
117,239
117,240
117,241
117,242
117,243
117,244
117,245
117,246
117,247
117,248
117,249
117,250
117,251
117,252
117,253
117,254
117,255
117,256
117,257
117,258
117,259
117,260
117,261
117,262
117,263
117,264
117,265
117,266
117,267
117,268
117,269
117,270
117,271
117,272
117,273
117,274
117,275
117,276
117,277
117,278
117,279
117,280
117,281
117,282
117,283
117,284
117,285
117,286
117,287
117,288
117,289
117,290
117,291
117,292
117,293
117,294
117,295
117,296
117,297
117,298
117,299
117,300
117,301
117,302
117,303
117,304
117,305
117,306
117,307
117,308
117,309
117,310
117,311
117,312
117,313
117,314
117,315
117,316
117,317
117,318
117,319
117,320
117,321
117,322
117,323
117,324
117,325
117,326
117,327
117,328
117,329
117,330
117,331
117,332
117,333
117,334
117,335
117,336
117,337
117,338
117,339
117,340
117,341
117,342
117,343
117,344
117,345
117,346
117,347
117,348
117,349
117,350
117,351
117,352
117,353
117,354
117,355
117,356
117,357
117,358
117,359
117,360
117,361
117,362
117,363
117,364
117,365
117,366
117,367
117,368
117,369
117,370
117,371
117,372
117,373
117,374
117,375
117,376
117,377
117,378
117,379
117,380
:134_6,381
:134_6,382
:134_6,383
:134_6,384
:134_6,385
-653,386
-653,387
-653,388
-653,389
-653,390
-653,391
-653,392
-653,393
-653,394
-653,395
-653,396
-653,397
-653,398
-653,399
-653,400
-653,401
-653,402
-653,403
-653,404
-653,405
-653,406
-653,407
-653,408
-653,409
-653,410
-653,411
-653,412
-653,413
-653,414
-653,415
-653,416
-653,417
-653,418
-653,419
-653,420
-653,421
-653,422
-653,423
-653,424
-653,425
-653,426
-653,427
-653,428
-653,429
-653,430
-653,431
-653,432
-653,433
-653,434
-653,435
-653,436
-653,437
-653,438
-653,439
-653,440
-653,441
-653,442
-653,443
-653,444
-653,445
-653,446
-653,447
-653,448
-653,449
-653,450
-653,451
-653,452
-653,453
-653,454
-653,455
-653,456
-653,457
-653,458
-653,459
-653,460
-653,461
-653,462
-653,463
-653,464
-653,465
-653,466
-653,467
-653,468
-653,469
-653,470
-653,471
-653,472
-653,473
-653,474
-653,475
-653,476
-653,477
-653,478
-653,479
-653,480
-653,481
-653,482
-653,483
-653,484
-653,485
-653,486
-653,487
-653,488
-653,489
-653,490
-653,491
-653,492
-653,493
-653,494
-653,495
-653,496
-653,497
-653,498
-653,499
-653,500
-653,501
-653,502
-653,503
-653,504
-653,505
-653,506
-653,507
-653,508
-653,509
-653,510
-653,511
-653,512
-653,513
-653,514
-653,515
-653,516
-653,517
-653,518
-653,519
-653,520
-653,521
-653,522
-653,523
-653,524
-653,525
-653,526
-653,527
-653,528
-653,529
-653,530
-653,531
-653,532
-653,533
-653,534
-653,535
-653,536
-653,537
-653,538
-653,539
-653,540
-653,541
-653,542
-653,543
-653,544
-653,545
-653,546
-653,547
-653,548
-653,549
-653,550
-653,551
-653,552
-653,553
-653,554
-653,555
-653,556
-653,557
-653,558
-653,559
-653,560
-653,561
-653,562
-653,563
-653,564
-653,565
-653,566
-653,567
-653,568
-653,569
-653,570
-653,571
-653,572
-653,573
-653,574
-653,575
-653,576
-653,577
-653,578
-653,579
-653,580
-653,581
-653,582
-653,583
-653,584
-653,585
-653,586
-653,587
-653,588
-653,589
-653,590
-653,591
-653,592
-653,593
-653,594
-653,595
-653,596
-653,597
-653,598
-653,599
-653,600
-653,601
-653,602
-653,603
-653,604
-653,605
-653,606
-653,607
-653,608
-653,609
-653,610
-653,611
-653,612
-653,613
-653,614
-653,615
:44_6,616
:44_6,617
:44_6,618
:44_6,619
-36,620
-36,621
-36,622
-36,623
-36,624
-36,625
-36,626
-36,627
-36,628
-36,629
-36,630
-36,631
-36,632
-36,633
-36,634
-36,635
-36,636
-36,637
-36,638
-36,639
-36,640
-36,641
-36,642
-36,643
-36,644
-36,645
-36,646
-36,647
-36,648
-36,649
-36,650
-36,651
-36,652
-36,653
-36,654
-36,655
-36,656
-36,657
-36,658
-36,659
-36,660
-36,661
-36,662
-36,663
-36,664
-36,665
-36,666
-36,667
-36,668
-36,669
-36,670
-36,671
-36,672
-36,673
-36,674
-36,675
-36,676
-36,677
-36,678
-36,679
-36,680
-36,681
-36,682
-36,683
-36,684
-36,685
-36,686
-36,687
-36,688
-36,689
-36,690
-36,691
-36,692
-36,693
-36,694
-36,695
-36,696
-36,697
-36,698
-36,699
-36,700
-36,701
-36,702
-36,703
-36,704
-36,705
-36,706
-36,707
-36,708
-36,709
-36,710
-36,711
-36,712
-36,713
-36,714
-36,715
-36,716
-36,717
-36,718
-36,719
-36,720
-36,721
-36,722
-36,723
-36,724
-36,725
-36,726
-36,727
-36,728
-36,729
-36,730
-36,731
-36,732
-36,733
-36,734
-36,735
-36,736
-36,737
-36,738
-36,739
-36,740
-36,741
-36,742
-36,743
-36,744
-36,745
-36,746
-36,747
-36,748
-36,749
-36,750
-36,751
-36,752
-36,753
-36,754
-36,755
-36,756
-36,757
-36,758
-36,759
-36,760
-36,761
-36,762
-36,763
-36,764
-36,765
-36,766
-36,767
-36,768
-36,769
-36,770
-36,771
-36,772
-36,773
-36,774
-36,775
-36,776
-36,777
-36,778
-36,779
-36,780
-36,781
-36,782
-36,783
-36,784
-36,785
-36,786
-36,787
-36,788
-36,789
-36,790
-36,791
-36,792
-36,793
-36,794
-36,795
-36,796
-36,797
-36,798
-36,799
:43_0,800
:43_0,801
:43_0,802
:43_0,803
39,804
39,805
39,806
39,807
39,808
39,809
39,810
39,811
39,812
39,813
39,814
39,815
39,816
39,817
39,818
39,819
39,820
39,821
39,822
39,823
39,824
39,825
39,826
39,827
39,828
39,829
39,830
39,831
39,832
39,833
39,834
39,835
39,836
39,837
39,838
39,839
39,840
39,841
39,842
39,843
39,844
39,845
39,846
39,847
39,848
39,849
39,850
39,851
39,852
39,853
39,854
39,855
39,856
39,857
39,858
39,859
39,860
39,861
39,862
39,863
39,864
39,865
39,866
39,867
39,868
39,869
39,870
39,871
39,872
39,873
39,874
39,875
39,876
39,877
39,878
39,879
39,880
39,881
39,882
39,883
39,884
39,885
39,886
39,887
39,888
39,889
39,890
39,891
39,892
39,893
39,894
39,895
39,896
39,897
39,898
39,899
39,900
39,901
39,902
39,903
39,904
39,905
39,906
39,907
39,908
39,909
39,910
39,911
39,912
39,913
39,914
39,915
39,916
39,917
39,918
39,919
39,920
39,921
39,922
39,923
39,924
39,925
39,926
39,927
39,928
39,929
39,930
39,931
39,932
39,933
39,934
39,935
39,936
39,937
39,938
39,939
39,940
39,941
39,942
39,943
39,944
39,945
39,946
39,947
39,948
39,949
39,950
39,951
39,952
39,953
39,954
39,955
39,956
39,957
39,958
39,959
39,960
39,961
39,962
39,963
39,964
39,965
39,4
