-57,4
-57,5
-57,6
-57,7
-57,8
-57,9
-57,10
-57,11
-57,12
-57,13
-57,14
-57,15
-57,16
-57,17
-57,18
-57,19
-57,20
-57,21
-57,22
-57,23
-57,24
-57,25
-57,26
-57,27
-57,28
-57,29
-57,30
-57,31
-57,32
-57,33
-57,34
-57,35
-57,36
-57,37
-57,38
-57,39
-57,40
-57,41
-57,42
-57,43
-57,44
-57,45
-57,46
-57,47
-57,48
-57,49
-57,50
-57,51
-57,52
-57,53
-57,54
-57,55
-57,56
-57,57
-57,58
-57,59
-57,60
-57,61
-57,62
-57,63
-57,64
-57,65
-57,66
-57,67
-57,68
-57,69
-57,70
-57,71
-57,72
-57,73
-57,74
-57,75
-57,76
-57,77
-57,78
-57,79
-57,80
-57,81
-57,82
-57,83
-57,84
-57,85
-57,86
-57,87
-57,88
-57,89
-57,90
-57,91
-57,92
-57,93
-57,94
-57,95
-57,96
-57,97
-57,98
-57,99
-57,100
-57,101
-57,102
-57,103
-57,104
-57,105
-57,106
-57,107
-57,108
-57,109
-57,110
-57,111
-57,112
-57,113
-57,114
-57,115
-57,116
-57,117
-57,118
-57,119
-57,120
-57,121
-57,122
-57,123
-57,124
-57,125
-57,126
-57,127
-57,128
-57,129
-57,130
-57,131
-57,132
-57,133
-57,134
-57,135
-57,136
-57,137
-57,138
-57,139
-57,140
-57,141
-57,142
-57,143
-57,144
-57,145
-57,146
-57,147
-57,148
-57,149
-57,150
-57,151
-57,152
-57,153
-57,154
-57,155
-57,156
-57,157
-57,158
-57,159
-57,160
-57,161
-57,162
-57,163
-57,164
-57,165
-57,166
-57,167
-57,168
-57,169
-57,170
-57,171
-57,172
-57,173
-57,174
-57,175
-57,176
-57,177
-57,178
-57,179
-57,180
-57,181
-57,182
-57,183
-57,184
-57,185
-57,186
-57,187
-57,188
-57,189
-57,190
-57,191
-57,192
-57,193
-57,194
-57,195
-57,196
-57,197
-57,198
-57,199
-57,200
-57,201
-57,202
-57,203
-57,204
-57,205
-57,206
-57,207
-57,208
-57,209
-57,210
-57,211
-57,212
-57,213
-57,214
-57,215
-57,216
-57,217
-57,218
-57,219
-57,220
-57,221
-57,222
-57,223
-57,224
-57,225
-57,226
-57,227
-57,228
-57,229
-57,230
-57,231
-57,232
-57,233
-57,234
-57,235
-57,236
-57,237
-57,238
-57,239
-57,240
-57,241
-57,242
-57,243
-57,244
-57,245
-57,246
-57,247
-57,248
-57,249
-57,250
-57,251
-57,252
-57,253
-57,254
-57,255
-57,256
-57,257
-57,258
-57,259
-57,260
-57,261
-57,262
-57,263
-57,264
-57,265
-57,266
-57,267
-57,268
-57,269
-57,270
-57,271
-57,272
-57,273
-57,274
-57,275
-57,276
-57,277
-57,278
-57,279
-57,280
-57,281
-57,282
-57,283
-57,284
-57,285
-57,286
-57,287
-57,288
-57,289
-57,290
-57,291
-57,292
-57,293
-57,294
-57,295
-57,296
-57,297
-57,298
-57,299
-57,300
-57,301
-57,302
-57,303
-57,304
60,305
60,306
60,307
60,308
60,309
60,310
60,311
60,312
60,313
60,314
60,315
60,316
60,317
60,318
60,319
60,320
60,321
60,322
60,323
60,324
60,325
60,326
60,327
60,328
60,329
60,330
60,331
60,332
60,333
60,334
60,335
60,336
60,337
60,338
60,339
60,340
60,341
60,342
60,343
60,344
60,345
60,346
60,347
60,348
60,349
60,350
60,351
60,352
60,353
60,354
60,355
60,356
60,357
60,358
60,359
60,360
60,361
60,362
60,363
60,364
60,365
60,366
60,367
60,368
60,369
60,370
60,371
61,372
61,373
61,374
61,375
61,376
61,377
61,378
61,379
61,380
61,381
61,382
61,383
61,384
61,385
61,386
61,387
61,388
61,389
61,390
61,391
61,392
61,393
61,394
61,395
61,396
61,397
61,398
61,399
61,400
61,401
61,402
61,403
61,404
61,405
61,406
61,407
61,408
61,409
61,410
61,411
61,412
61,413
61,414
61,415
61,416
61,417
61,418
61,419
61,420
61,421
61,422
61,423
61,424
61,425
61,426
61,427
61,428
61,429
61,430
61,431
61,432
61,433
61,434
61,435
61,436
61,437
61,438
61,439
61,440
61,441
61,442
61,443
61,444
61,445
:70_1,446
62,447
62,448
62,449
62,450
62,451
62,452
62,453
62,454
62,455
62,456
62,457
62,458
62,459
62,460
62,461
62,462
62,463
62,464
62,465
62,466
62,467
62,468
62,469
62,470
62,471
62,472
62,473
62,474
62,475
62,476
62,477
62,478
62,479
62,480
62,481
62,482
62,483
62,484
62,485
62,486
62,487
62,488
62,489
62,490
62,491
62,492
62,493
62,494
62,495
62,496
62,497
62,498
62,499
62,500
62,501
62,502
62,503
62,504
62,505
62,506
62,507
62,508
62,509
62,510
62,511
62,512
62,513
62,514
62,515
62,516
62,517
62,518
62,519
62,520
62,521
63,522
63,523
63,524
63,525
63,526
63,527
63,528
63,529
63,530
63,531
63,532
63,533
63,534
63,535
63,536
63,537
63,538
63,539
63,540
63,541
63,542
63,543
63,544
63,545
63,546
63,547
63,548
63,549
63,550
63,551
63,552
63,553
63,554
63,555
63,556
63,557
63,558
63,559
63,560
63,561
63,562
63,563
63,564
63,565
63,566
63,567
63,568
63,569
63,570
63,571
63,572
63,573
63,574
63,575
63,576
63,577
63,578
63,579
63,580
63,581
63,582
63,583
63,584
63,585
63,586
63,587
:72_3,588
:72_3,589
:72_3,590
:72_3,591
:72_3,592
:72_3,593
64,594
64,595
64,596
64,597
64,598
64,599
64,600
64,601
64,602
64,603
64,604
64,605
64,606
64,607
64,608
64,609
64,610
64,611
64,612
64,613
64,614
64,615
64,616
64,617
64,618
64,619
64,620
64,621
64,622
64,623
64,624
64,625
64,626
64,627
64,628
64,629
64,630
64,631
64,632
64,633
64,634
64,635
64,636
64,637
64,638
64,639
64,640
64,641
64,642
64,643
64,644
64,645
64,646
64,647
64,648
64,649
64,650
64,651
64,652
64,653
64,654
64,655
64,656
64,657
64,658
64,659
64,660
64,661
64,662
64,663
64,664
64,665
64,666
64,667
64,668
64,669
64,670
64,671
64,672
64,673
:73_12,674
:73_12,675
:73_12,676
368,677
368,678
368,679
368,680
368,681
368,682
368,683
368,684
368,685
368,686
368,687
368,688
368,689
368,690
368,691
368,692
368,693
368,694
368,695
368,696
368,697
368,698
368,699
368,700
368,701
368,702
368,703
368,704
368,705
368,706
368,707
368,708
368,709
368,710
368,711
368,712
368,713
368,714
368,715
368,716
368,717
368,718
368,719
368,720
368,721
368,722
368,723
368,724
368,725
368,726
368,727
368,728
368,729
368,730
368,731
368,732
368,733
368,734
368,735
368,736
368,737
368,738
368,739
368,740
368,741
368,742
368,743
368,744
368,745
368,746
368,747
368,748
368,749
368,750
368,751
368,752
368,753
368,754
368,755
368,756
368,757
368,758
368,759
368,760
368,761
368,762
368,763
368,764
368,765
368,766
368,767
368,768
368,769
368,770
368,771
368,772
368,773
368,774
368,775
368,776
368,777
368,778
368,779
368,780
368,781
368,782
368,783
368,784
368,785
368,786
368,787
368,788
368,789
368,790
368,791
368,792
368,793
368,794
368,795
368,796
368,797
368,798
368,799
368,800
368,801
368,802
368,803
368,804
368,805
368,806
368,807
368,808
368,809
368,810
368,811
368,812
368,813
368,814
368,815
368,816
368,817
368,818
:337_0,819
:337_0,820
:337_0,821
455,822
455,823
455,824
455,825
455,826
455,827
455,828
455,829
455,830
455,831
455,832
455,833
455,834
455,835
455,836
455,837
455,838
455,839
455,840
455,841
455,842
455,843
455,844
455,845
455,846
455,847
455,848
455,849
455,850
455,851
455,852
455,853
455,854
455,855
455,856
455,857
455,858
455,859
455,860
455,861
455,862
455,863
455,864
455,865
455,866
455,867
455,868
455,869
455,870
455,871
455,872
455,873
455,874
455,875
455,876
455,877
455,878
455,879
455,880
455,881
455,882
455,883
455,884
455,885
455,886
455,887
455,888
455,889
455,890
455,891
455,892
455,893
455,894
455,895
455,896
455,897
455,898
455,899
455,900
455,901
455,902
455,903
455,904
455,905
455,906
455,907
455,908
455,909
455,910
455,911
455,912
455,913
455,914
455,915
455,916
455,917
455,918
455,919
455,920
455,921
455,922
455,923
455,924
455,925
455,926
455,927
455,928
455,929
455,930
455,931
455,932
455,933
455,934
455,935
455,936
455,937
455,938
455,939
455,940
455,941
455,942
455,943
455,944
455,945
455,946
455,947
455,948
455,949
455,950
455,951
455,952
455,953
455,954
455,955
455,956
455,957
455,958
455,959
455,960
455,961
455,962
455,963
455,964
455,965
-57,4
