-416,1
-416,1
-416,1
-416,2
-416,3
-416,4
-416,5
-416,6
-416,7
-416,8
-416,9
-416,10
-416,11
-416,12
-416,13
-416,14
-416,15
-416,16
-416,17
-416,18
-416,19
-416,20
-416,21
-416,22
-416,23
-416,24
-416,25
-416,26
-416,27
-416,28
-416,29
-416,30
-416,31
-416,32
-416,33
-416,34
-416,35
-416,36
-416,37
-416,38
-416,39
-416,40
-416,41
-416,42
-416,43
-416,44
-416,45
-416,46
-416,47
-416,48
-416,49
-416,50
-416,51
-416,52
-416,53
-416,54
-416,55
-416,56
-416,57
-416,58
-416,59
-416,60
-416,61
-416,62
-416,63
-416,64
-416,65
-416,66
-416,67
-416,68
-416,69
-416,70
-416,71
:120_8,72
:120_8,73
:120_8,74
-141,75
-141,76
-141,77
-141,78
-141,79
-141,80
-141,81
-141,82
-141,83
-141,84
-141,85
-141,86
-141,87
-141,88
-141,89
-141,90
-141,91
-141,92
-141,93
-141,94
-141,95
-141,96
-141,97
-141,98
-141,99
-141,100
-141,101
-141,102
-141,103
-141,104
-141,105
-141,106
-141,107
-141,108
-141,109
-141,110
-141,111
-141,112
-141,113
-141,114
-141,115
-141,116
-141,117
-141,118
-141,119
-141,120
-141,121
-141,122
-141,123
-141,124
-141,125
-141,126
-141,127
-141,128
-141,129
-141,130
-141,131
-141,132
-141,133
-141,134
-141,135
-141,136
:156_7,137
:156_7,138
:156_7,139
:156_7,140
:156_7,141
-140,142
-140,143
-140,144
-140,145
-140,146
-140,147
-140,148
-140,149
-140,150
-140,151
-140,152
-140,153
-140,154
-140,155
-140,156
-140,157
-140,158
-140,159
-140,160
-140,161
-140,162
-140,163
-140,164
-140,165
-140,166
-140,167
-140,168
-140,169
-140,170
-140,171
-140,172
-140,173
-140,174
-140,175
-140,176
-140,177
-140,178
-140,179
-140,180
-140,181
-140,182
-140,183
-140,184
-140,185
-140,186
-140,187
-140,188
-140,189
-140,190
-140,191
-140,192
-140,193
-140,194
-140,195
-140,196
-140,197
-140,198
-140,199
-140,200
-140,201
-140,202
-140,203
-140,204
-140,205
-140,206
-140,207
-140,208
-140,209
-140,210
-140,211
-140,212
-140,213
-140,214
-140,215
-140,216
-140,217
-140,218
-140,219
-140,220
-140,221
-140,222
-140,223
-140,224
-140,225
-140,226
-140,227
-140,228
-140,229
-140,230
-140,231
-140,232
-140,233
-140,234
:153_13,235
:153_13,236
:153_13,237
:153_13,238
:153_13,239
:153_13,240
139,241
139,242
139,243
139,244
139,245
139,246
139,247
139,248
139,249
139,250
139,251
139,252
139,253
139,254
139,255
139,256
139,257
139,258
139,259
139,260
139,261
139,262
139,263
139,264
139,265
139,266
139,267
139,268
139,269
139,270
139,271
139,272
139,273
139,274
139,275
139,276
139,277
139,278
139,279
139,280
139,281
139,282
139,283
139,284
139,285
139,286
139,287
139,288
139,289
139,290
139,291
139,292
139,293
139,294
139,295
139,296
139,297
139,298
139,299
139,300
139,301
139,302
139,303
139,304
139,305
139,306
139,307
139,308
139,309
139,310
139,311
139,312
139,313
139,314
139,315
139,316
139,317
139,318
139,319
:155_12,320
:155_12,321
:155_12,322
:155_12,323
391,324
391,325
391,326
391,327
391,328
391,329
391,330
391,331
391,332
391,333
391,334
391,335
391,336
391,337
391,338
391,339
391,340
391,341
391,342
391,343
391,344
391,345
391,346
391,347
391,348
391,349
391,350
391,351
391,352
391,353
391,354
391,355
391,356
391,357
391,358
391,359
391,360
:353_7,361
:353_7,362
:353_10,363
:353_10,364
:353_10,365
:353_10,366
-593,367
-593,368
-593,369
-593,370
-593,371
-593,372
-593,373
-593,374
-593,375
-593,376
-593,377
-593,378
-593,379
-593,380
-593,381
-593,382
-593,383
-593,384
-593,385
-593,386
-593,387
-593,388
-593,389
-593,390
-593,391
-593,392
-593,393
-593,394
-593,395
-593,396
-593,397
-593,398
-593,399
-593,400
-593,401
-593,402
-593,403
-593,404
-593,405
-593,406
-593,407
-593,408
-593,409
-593,410
-593,411
-593,412
-593,413
-593,414
-593,415
-593,416
-593,417
-593,418
-593,419
-593,420
-593,421
-593,422
-593,423
-593,424
-593,425
-593,426
-593,427
-593,428
-593,429
-593,430
-593,431
-593,432
-593,433
-593,434
-593,435
-593,436
-593,437
-593,438
-593,439
-593,440
-593,441
-593,442
-593,443
-593,444
-593,445
-593,446
-593,447
-593,448
-593,449
-593,450
-593,451
-593,452
-593,453
-593,454
-593,455
-593,456
-593,457
-593,458
-593,459
-593,460
-593,461
-593,462
-593,463
-593,464
-593,465
-593,466
-593,467
-593,468
-593,469
:419_7,470
:419_7,471
:419_7,472
:419_7,473
:419_7,474
-501,475
-501,476
-501,477
-501,478
-501,479
-501,480
-501,481
-501,482
-501,483
-501,484
-501,485
-501,486
-501,487
-501,488
-501,489
-501,490
-501,491
-501,492
-501,493
-501,494
-501,495
-501,496
-501,497
-501,498
-501,499
-501,500
-501,501
-501,502
-501,503
-501,504
-501,505
-501,506
-501,507
-501,508
-501,509
-501,510
-501,511
-501,512
-501,513
-501,514
-501,515
-501,516
-501,517
-501,518
-501,519
-501,520
-501,521
-501,522
-501,523
-501,524
-501,525
-501,526
-501,527
-501,528
-501,529
-501,530
-501,531
-501,532
:90_3,533
:90_3,534
:90_3,535
:90_3,536
-78,537
-78,538
-78,539
-78,540
-78,541
-78,542
-78,543
-78,544
-78,545
-78,546
-78,547
-78,548
-78,549
-78,550
-78,551
-78,552
-78,553
-78,554
-78,555
-78,556
-78,557
-78,558
-78,559
-78,560
-78,561
-78,562
-78,563
-78,564
-78,565
-78,566
-78,567
-78,568
-78,569
-78,570
-78,571
-78,572
-78,573
-78,574
-78,575
-78,576
-78,577
-78,578
-78,579
-78,580
-78,581
-78,582
-78,583
-78,584
-78,585
-78,586
-78,587
-78,588
-78,589
-78,590
-78,591
-78,592
-78,593
-78,594
-78,595
-78,596
-78,597
-78,598
-78,599
-78,600
-78,601
-78,602
-78,603
-78,604
-78,605
-78,606
-78,607
-78,608
-78,609
-78,610
-78,611
-78,612
-78,613
-78,614
-78,615
-78,616
-78,617
-78,618
-78,619
-78,620
-78,621
-78,622
-78,623
-78,624
-78,625
-416,1
-416,2
-416,3
-416,1
