429,4
429,5
429,6
429,7
429,8
429,9
429,10
429,11
429,12
429,13
429,14
429,15
429,16
429,17
429,18
429,19
429,20
429,21
429,22
429,23
429,24
429,25
429,26
429,27
429,28
429,29
429,30
429,31
429,32
429,33
429,34
429,35
429,36
429,37
429,38
429,39
429,40
429,41
429,42
429,43
429,44
429,45
429,46
429,47
429,48
429,49
429,50
429,51
429,52
429,53
429,54
429,55
429,56
429,57
429,58
429,59
429,60
429,61
429,62
429,63
429,64
429,65
429,66
429,67
429,68
429,69
429,70
429,71
429,72
429,73
429,74
429,75
429,76
429,77
429,78
429,79
429,80
429,81
429,82
429,83
429,84
429,85
429,86
429,87
429,88
429,89
429,90
429,91
429,92
429,93
429,94
429,95
429,96
429,97
429,98
429,99
429,100
429,101
429,102
429,103
429,104
429,105
429,106
429,107
429,108
429,109
429,110
429,111
429,112
429,113
429,114
429,115
429,116
429,117
429,118
429,119
429,120
429,121
429,122
429,123
429,124
429,125
429,126
429,127
429,128
429,129
429,130
429,131
429,132
429,133
429,134
429,135
429,136
429,137
429,138
429,139
429,140
429,141
429,142
429,143
429,144
429,145
429,146
429,147
429,148
429,149
429,150
429,151
429,152
429,153
429,154
429,155
429,156
429,157
429,158
:23_0,159
:23_0,160
:23_0,161
:23_0,162
:23_0,163
:23_0,164
:23_0,165
-19,166
-19,167
-19,168
-19,169
-19,170
-19,171
-19,172
-19,173
-19,174
-19,175
-19,176
-19,177
-19,178
-19,179
-19,180
-19,181
-19,182
-19,183
-19,184
-19,185
-19,186
-19,187
-19,188
-19,189
-19,190
-19,191
-19,192
-19,193
-19,194
-19,195
-19,196
-19,197
-19,198
-19,199
-19,200
-19,201
-19,202
-19,203
-19,204
-19,205
-19,206
-19,207
-19,208
-19,209
-19,210
-19,211
-19,212
-19,213
-19,214
-19,215
-19,216
-19,217
-19,218
-19,219
-19,220
-19,221
-19,222
-19,223
-19,224
-19,225
-19,226
-19,227
-19,228
-19,229
-19,230
-19,231
-19,232
-19,233
-19,234
-19,235
-19,236
-19,237
-19,238
-19,239
-19,240
-19,241
-19,242
-19,243
-19,244
-19,245
-19,246
-19,247
-19,248
-19,249
-19,250
-19,251
-19,252
-19,253
-19,254
-19,255
-19,256
-19,257
-19,258
-19,259
-19,260
-19,261
-19,262
-19,263
-19,264
-19,265
-19,266
-19,267
-19,268
-19,269
-19,270
-19,271
-19,272
-19,273
-19,274
-19,275
-19,276
-19,277
:22_0,278
:22_0,279
:22_0,280
22,281
22,282
22,283
22,284
22,285
22,286
22,287
22,288
22,289
22,290
22,291
22,292
22,293
22,294
22,295
22,296
22,297
22,298
22,299
22,300
22,301
22,302
22,303
22,304
22,305
22,306
22,307
22,308
22,309
22,310
22,311
22,312
22,313
22,314
22,315
22,316
22,317
22,318
22,319
22,320
22,321
22,322
22,323
22,324
22,325
22,326
22,327
22,328
22,329
22,330
22,331
22,332
22,333
22,334
22,335
22,336
22,337
22,338
22,339
22,340
22,341
22,342
22,343
22,344
22,345
22,346
22,347
22,348
22,349
22,350
22,351
22,352
22,353
22,354
22,355
22,356
22,357
22,358
22,359
22,360
22,361
22,362
22,363
22,364
22,365
22,366
22,367
22,368
22,369
22,370
22,371
22,372
22,373
22,374
22,375
22,376
22,377
22,378
22,379
22,380
22,381
22,382
22,383
22,384
22,385
22,386
22,387
22,388
22,389
22,390
22,391
22,392
22,393
22,394
22,395
22,396
22,397
22,398
22,399
22,400
22,401
22,402
22,403
22,404
22,405
22,406
22,407
22,408
22,409
22,410
22,411
22,412
22,413
22,414
22,415
22,416
22,417
22,418
22,419
22,420
22,421
22,422
22,423
22,424
22,425
22,426
22,427
22,428
22,429
22,430
22,431
22,432
22,433
22,434
22,435
22,436
22,437
22,438
22,439
22,440
22,441
22,442
22,443
22,444
22,445
22,446
:26_3,447
:26_3,448
:26_3,449
:26_3,450
:26_3,451
-167,452
-167,453
-167,454
-167,455
-167,456
-167,457
-167,458
-167,459
-167,460
-167,461
-167,462
-167,463
-167,464
-167,465
-167,466
-167,467
-167,468
-167,469
-167,470
-167,471
-167,472
-167,473
-167,474
-167,475
-167,476
-167,477
-167,478
-167,479
-167,480
-167,481
-167,482
-167,483
-167,484
-167,485
-167,486
-167,487
-167,488
-167,489
-167,490
-167,491
-167,492
-167,493
-167,494
-167,495
-167,496
-167,497
-167,498
-167,499
-167,500
-167,501
-167,502
-167,503
-167,504
-167,505
-167,506
-167,507
-167,508
-167,509
-167,510
-167,511
-167,512
-167,513
-167,514
-167,515
-167,516
-167,517
-167,518
-167,519
-167,520
-167,521
-167,522
-167,523
-167,524
-167,525
:178_4,526
:178_4,527
:178_4,528
:178_4,529
166,530
166,531
166,532
166,533
166,534
166,535
166,536
166,537
166,538
166,539
166,540
166,541
166,542
166,543
166,544
166,545
166,546
166,547
166,548
166,549
166,550
166,551
166,552
166,553
166,554
166,555
166,556
166,557
166,558
166,559
166,560
166,561
166,562
166,563
166,564
166,565
166,566
166,567
166,568
166,569
166,570
166,571
166,572
166,573
166,574
166,575
166,576
166,577
166,578
166,579
166,580
166,581
166,582
166,583
166,584
166,585
166,586
166,587
166,588
166,589
166,590
166,591
166,592
166,593
166,594
166,595
166,596
166,597
166,598
166,599
166,600
166,601
166,602
166,603
166,604
166,605
166,606
166,607
166,608
166,609
166,610
166,611
166,612
166,613
166,614
166,615
166,616
166,617
166,618
166,619
166,620
166,621
166,622
166,623
166,624
166,625
166,626
166,627
166,628
166,629
166,630
166,631
166,632
166,633
166,634
166,635
166,636
166,637
166,638
166,639
166,640
166,641
166,642
166,643
166,644
166,645
166,646
166,647
166,648
166,649
166,650
166,651
166,652
166,653
166,654
166,655
166,656
166,657
166,658
166,659
166,660
166,661
166,662
166,663
166,664
166,665
166,666
166,667
166,668
166,669
166,670
166,671
166,672
166,673
166,674
166,675
166,676
166,677
166,678
166,679
166,680
166,681
166,682
166,683
166,684
166,685
166,686
166,687
166,688
166,689
166,690
166,691
166,692
166,693
166,694
166,695
166,696
166,697
166,698
166,699
166,700
166,701
166,702
166,703
166,704
166,705
166,706
166,707
166,708
166,709
166,710
166,711
166,712
166,713
166,714
166,715
166,716
166,717
166,718
166,719
166,720
166,721
166,722
166,723
:143_8,724
:143_8,725
:143_8,726
406,727
406,728
406,729
406,730
406,731
406,732
406,733
406,734
406,735
406,736
406,737
406,738
406,739
406,740
406,741
406,742
406,743
406,744
406,745
406,746
406,747
406,748
406,749
406,750
406,751
406,752
406,753
406,754
406,755
406,756
406,757
406,758
406,759
406,760
406,761
406,762
406,763
406,764
406,765
406,766
406,767
406,768
406,769
406,770
406,771
406,772
406,773
406,774
406,775
406,776
406,777
406,778
406,779
406,780
406,781
406,782
406,783
406,784
406,785
406,786
406,787
406,788
406,789
406,790
406,791
406,792
406,793
406,794
406,795
406,796
406,797
406,798
406,799
406,800
406,801
406,802
406,803
406,804
406,805
406,806
406,807
406,808
406,809
406,810
406,811
406,812
406,813
406,814
406,815
406,816
406,817
406,818
406,819
406,820
406,821
406,822
406,823
406,824
406,825
406,826
406,827
406,828
406,829
406,830
406,831
406,832
406,833
406,834
406,835
406,836
406,837
406,838
406,839
406,840
406,841
406,842
406,843
406,844
406,845
406,846
406,847
406,848
406,849
406,850
406,851
406,852
406,853
406,854
406,855
406,856
406,857
406,858
406,859
406,860
406,861
406,862
406,863
406,864
406,865
406,866
406,867
406,868
406,869
406,870
406,871
406,872
406,873
406,874
406,875
406,876
406,877
406,878
406,879
406,880
406,881
406,882
406,883
406,884
406,885
406,886
406,887
406,888
406,889
406,890
406,891
406,892
406,893
406,894
406,895
406,896
406,897
406,898
406,899
406,900
406,901
406,902
406,903
406,904
406,905
406,906
406,907
406,908
406,909
406,910
406,911
406,912
406,913
:28_7,914
:28_7,915
:28_7,916
:28_7,917
:28_7,918
:28_7,919
:28_7,920
-24,921
-24,922
-24,923
-24,924
-24,925
-24,926
-24,927
-24,928
-24,929
-24,930
-24,931
-24,932
-24,933
-24,934
-24,935
-24,936
-24,937
-24,938
-24,939
-24,940
-24,941
-24,942
-24,943
-24,944
-24,945
-24,946
-24,947
-24,948
-24,949
-24,950
-24,951
-24,952
-24,953
-24,954
-24,955
-24,956
-24,957
-24,958
-24,959
-24,960
-24,961
-24,962
-24,963
-24,964
-24,965
429,4
