-375,1
-375,1
-375,1
-375,2
-375,3
-375,4
-375,5
-375,6
-375,7
-375,8
-375,9
-375,10
-375,11
-375,12
-375,13
-375,14
-375,15
-375,16
-375,17
-375,18
-375,19
-375,20
-375,21
-375,22
-375,23
-375,24
-375,25
-375,26
-375,27
-375,28
-375,29
-375,30
-375,31
-375,32
-375,33
-375,34
-375,35
-375,36
-375,37
-375,38
-375,39
-375,40
-375,41
-375,42
-375,43
-375,44
-375,45
-375,46
-375,47
-375,48
-375,49
-375,50
-375,51
-375,52
-375,53
-375,54
-375,55
-375,56
-375,57
-375,58
-375,59
-375,60
-375,61
-375,62
-375,63
-375,64
-375,65
-375,66
-375,67
-375,68
-375,69
-375,70
-375,71
-375,72
-375,73
-375,74
-375,75
-375,76
-375,77
-375,78
-375,79
-375,80
-375,81
-375,82
-375,83
-375,84
-375,85
-375,86
-375,87
-375,88
-375,89
-375,90
-375,91
-375,92
-375,93
-375,94
-375,95
-375,96
-375,97
-375,98
-374,99
-374,100
-374,101
-374,102
-374,103
-374,104
-374,105
-374,106
-374,107
-374,108
-374,109
-374,110
-374,111
-374,112
-374,113
-374,114
-374,115
-374,116
-374,117
-374,118
-374,119
-374,120
-374,121
-374,122
-374,123
-374,124
-374,125
-374,126
-374,127
-374,128
-374,129
-374,130
-374,131
-374,132
-374,133
-374,134
-374,135
-374,136
-374,137
-374,138
-374,139
-374,140
-374,141
-374,142
-374,143
-374,144
-374,145
-374,146
-374,147
-374,148
-374,149
-374,150
-374,151
-374,152
-374,153
-374,154
-374,155
-374,156
-374,157
-374,158
-374,159
-374,160
-374,161
-374,162
-374,163
-374,164
-374,165
-374,166
-374,167
-374,168
-374,169
:230_9,170
:230_9,171
:230_9,172
:230_9,173
:230_9,174
-224,175
-224,176
-224,177
-224,178
-224,179
-224,180
-224,181
-224,182
-224,183
-224,184
-224,185
-224,186
-224,187
-224,188
-224,189
-224,190
-224,191
-224,192
-224,193
-224,194
-224,195
-224,196
-224,197
-224,198
-224,199
-224,200
-224,201
-224,202
-224,203
-224,204
-224,205
-224,206
-224,207
-224,208
-224,209
-224,210
-224,211
-224,212
-224,213
-224,214
-224,215
-224,216
-224,217
-224,218
-224,219
-224,220
-224,221
-224,222
-224,223
-224,224
-224,225
-224,226
-224,227
-224,228
-224,229
-224,230
-224,231
-224,232
-224,233
-224,234
-224,235
-224,236
-224,237
-224,238
-224,239
-224,240
-224,241
-224,242
-224,243
-224,244
-224,245
-224,246
-224,247
-224,248
-224,249
-224,250
-224,251
-224,252
-224,253
-224,254
-224,255
:229_6,256
:229_6,257
:229_6,258
:229_6,259
:229_6,260
-223,261
-223,262
-223,263
-223,264
-223,265
-223,266
-223,267
-223,268
-223,269
-223,270
-223,271
-223,272
-223,273
-223,274
-223,275
-223,276
-223,277
-223,278
-223,279
-223,280
-223,281
-223,282
-223,283
-223,284
-223,285
-223,286
-223,287
-223,288
-223,289
-223,290
-223,291
-223,292
-223,293
-223,294
-223,295
-223,296
-223,297
-223,298
-223,299
-223,300
-223,301
-223,302
-223,303
-223,304
-223,305
-223,306
-223,307
-223,308
-223,309
-223,310
-223,311
-223,312
-223,313
-223,314
-223,315
-223,316
-223,317
-223,318
-223,319
-223,320
-223,321
-223,322
-223,323
-223,324
-223,325
-223,326
-223,327
-223,328
-223,329
-223,330
-223,331
-223,332
-223,333
-223,334
-223,335
-223,336
-223,337
-223,338
-223,339
-223,340
-223,341
-223,342
-223,343
-223,344
-223,345
-223,346
-223,347
:228_6,348
:228_6,349
:228_6,350
:228_6,351
:228_6,352
-222,353
-222,354
-222,355
-222,356
-222,357
-222,358
-222,359
-222,360
-222,361
-222,362
-222,363
-222,364
-222,365
-222,366
-222,367
-222,368
-222,369
-222,370
-222,371
-222,372
-222,373
-222,374
-222,375
-222,376
-222,377
-222,378
-222,379
-222,380
-222,381
-222,382
-222,383
-222,384
-222,385
-222,386
-222,387
-222,388
-222,389
-222,390
-222,391
-222,392
-222,393
-222,394
-222,395
-222,396
-222,397
-222,398
-222,399
-222,400
-222,401
-222,402
-222,403
-222,404
-222,405
-222,406
-222,407
-222,408
-222,409
-222,410
-222,411
-222,412
-222,413
-222,414
-222,415
-222,416
-222,417
-222,418
-222,419
-222,420
-222,421
-222,422
-222,423
-222,424
-222,425
-222,426
-222,427
-222,428
-222,429
-222,430
-222,431
-222,432
-222,433
-222,434
-222,435
-222,436
-222,437
-222,438
-222,439
-222,440
-222,441
-222,442
-222,443
-222,444
-222,445
-222,446
-222,447
-222,448
-222,449
-222,450
-222,451
-222,452
-222,453
-222,454
-222,455
-222,456
-222,457
-222,458
-222,459
-222,460
-222,461
-222,462
-222,463
-222,464
-222,465
-222,466
-222,467
-222,468
-222,469
-222,470
-222,471
-222,472
-222,473
-222,474
-222,475
-222,476
-222,477
-222,478
-222,479
-222,480
-222,481
-222,482
-222,483
-222,484
-222,485
-222,486
-222,487
-222,488
-222,489
-222,490
-222,491
-222,492
-222,493
-222,494
-222,495
-222,496
-222,497
-222,498
-222,499
-222,500
-222,501
-222,502
-222,503
-222,504
-222,505
-222,506
-222,507
-222,508
-222,509
-222,510
-222,511
-222,512
-222,513
-222,514
-222,515
-222,516
:227_3,517
:227_3,518
:227_3,519
:227_3,520
:227_3,521
225,522
225,523
225,524
225,525
225,526
225,527
225,528
225,529
225,530
225,531
225,532
225,533
225,534
225,535
225,536
225,537
225,538
225,539
225,540
225,541
225,542
225,543
225,544
225,545
225,546
225,547
225,548
225,549
225,550
225,551
225,552
225,553
225,554
225,555
225,556
225,557
225,558
225,559
225,560
225,561
225,562
225,563
225,564
225,565
225,566
225,567
225,568
225,569
225,570
225,571
225,572
225,573
225,574
225,575
225,576
225,577
225,578
225,579
225,580
225,581
225,582
225,583
225,584
225,585
225,586
225,587
225,588
225,589
225,590
225,591
225,592
225,593
225,594
225,595
225,596
225,597
225,598
225,599
225,600
225,601
225,602
225,603
225,604
225,605
225,606
225,607
225,608
225,609
225,610
225,611
225,612
225,613
225,614
225,615
225,616
225,617
225,618
225,619
225,620
225,621
225,622
225,623
225,624
225,625
225,626
225,627
225,628
225,629
225,630
225,631
225,632
225,633
225,634
225,635
225,636
225,637
225,638
225,639
225,640
225,641
225,642
225,643
225,644
225,645
225,646
225,647
225,648
225,649
225,650
225,651
225,652
225,653
225,654
225,655
225,656
:231_6,657
:231_6,658
:231_6,659
:231_6,660
:231_6,661
-257,662
-257,663
-257,664
-257,665
-257,666
-257,667
-257,668
-257,669
-257,670
-257,671
-257,672
-257,673
-257,674
-257,675
-257,676
-257,677
-257,678
-257,679
-257,680
-257,681
-257,682
-257,683
-257,684
-257,685
-257,686
-257,687
-257,688
-257,689
-257,690
-257,691
-257,692
-257,693
-257,694
-257,695
-257,696
-257,697
-257,698
-257,699
-257,700
-257,701
-257,702
-257,703
-257,704
-257,705
-257,706
-257,707
-257,708
-257,709
-257,710
-257,711
-257,712
-257,713
-257,714
-257,715
-257,716
-257,717
-257,718
-257,719
-257,720
-257,721
-257,722
-257,723
-257,724
-257,725
-257,726
-257,727
-257,728
-257,729
-257,730
-257,731
-257,732
-257,733
-257,734
-257,735
-257,736
-257,737
-257,738
-257,739
-257,740
-257,741
-257,742
-257,743
-257,744
-257,745
-257,746
-257,747
-257,748
-257,749
-257,750
-257,751
-257,752
-257,753
-257,754
-257,755
-257,756
-257,757
-257,758
-257,759
-257,760
-257,761
-257,762
-257,763
-257,764
-257,765
-257,766
-257,767
-257,768
-257,769
-257,770
-257,771
-257,772
-257,773
-257,774
-257,775
-257,776
-257,777
-257,778
-257,779
-257,780
-257,781
-257,782
-257,783
-257,784
-257,785
-257,786
-257,787
-257,788
-257,789
-257,790
-257,791
-257,792
-257,793
-257,794
-257,795
-257,796
-257,797
-257,798
-257,799
-257,800
-257,801
-257,802
-257,803
-257,804
-257,805
-257,806
-257,807
-257,808
-257,809
-257,810
-257,811
-257,812
-257,813
-257,814
-257,815
-257,816
-257,817
-257,818
-257,819
:21_6,820
:21_6,821
:21_6,822
:21_6,823
:21_6,824
-18,825
-18,826
-18,827
-18,828
-18,829
-18,830
-18,831
-18,832
-18,833
-18,834
-18,835
-18,836
-18,837
-18,838
-18,839
-18,840
-18,841
-18,842
-18,843
-18,844
-18,845
-18,846
-18,847
-18,848
-18,849
-18,850
-18,851
-18,852
-18,853
-18,854
-18,855
-18,856
-18,857
-18,858
-18,859
-18,860
-18,861
-18,862
-18,863
-18,864
-18,865
-18,866
-18,867
-18,868
-18,869
-18,870
-18,871
-18,872
-18,873
-18,874
-18,875
-18,876
-18,877
-18,878
-18,879
-18,880
-18,881
-18,882
-18,883
-18,884
-18,885
-18,886
-18,887
-18,888
-18,889
-18,890
-18,891
-18,892
-18,893
-18,894
-18,895
-18,896
-18,897
-18,898
-18,899
-18,900
-18,901
-18,902
-18,903
-18,904
-18,905
-18,906
-18,907
-18,908
-18,909
-18,910
-18,911
-18,912
-18,913
-18,914
-18,915
-18,916
-18,917
-18,918
-18,919
-18,920
-18,921
:20_6,922
:20_6,923
:20_6,924
:20_6,925
:20_6,926
-17,927
-17,928
-17,929
-17,930
-17,931
-17,932
-17,933
-17,934
-17,935
-17,936
-17,937
-17,938
-17,939
-17,940
-17,941
-17,942
-17,943
-17,944
-17,945
-17,946
-17,947
-17,948
-17,949
-17,950
-17,951
-17,952
-17,953
-17,954
-17,955
-17,956
-17,957
-17,958
-17,959
-17,960
-17,961
-17,962
-17,963
-17,964
-17,965
-375,1
-375,2
-375,3
-375,1
