116,4
116,5
116,6
116,7
116,8
116,9
116,10
116,11
116,12
116,13
116,14
116,15
116,16
116,17
116,18
116,19
116,20
116,21
116,22
116,23
116,24
116,25
116,26
116,27
116,28
116,29
116,30
116,31
116,32
116,33
116,34
116,35
116,36
116,37
116,38
116,39
116,40
116,41
116,42
116,43
116,44
116,45
116,46
116,47
116,48
116,49
116,50
116,51
116,52
116,53
116,54
116,55
116,56
116,57
116,58
116,59
116,60
116,61
116,62
116,63
116,64
116,65
116,66
116,67
116,68
116,69
116,70
116,71
116,72
116,73
116,74
116,75
116,76
116,77
116,78
116,79
116,80
116,81
116,82
116,83
116,84
116,85
116,86
116,87
116,88
116,89
116,90
116,91
116,92
116,93
116,94
116,95
116,96
116,97
116,98
116,99
116,100
:133_6,101
:133_6,102
:133_6,103
:133_6,104
:133_6,105
:133_6,106
-135,107
-135,108
-135,109
-135,110
-135,111
-135,112
-135,113
-135,114
-135,115
-135,116
-135,117
-135,118
-135,119
-135,120
-135,121
-135,122
-135,123
-135,124
-135,125
-135,126
-135,127
-135,128
-135,129
-135,130
-135,131
-135,132
-135,133
-135,134
-135,135
-135,136
-135,137
-135,138
-135,139
-135,140
-135,141
-135,142
-135,143
-135,144
-135,145
-135,146
-135,147
-135,148
-135,149
-135,150
-135,151
-135,152
-135,153
-135,154
-135,155
-135,156
-135,157
-135,158
-135,159
-135,160
-135,161
-135,162
-135,163
-135,164
-135,165
-135,166
-135,167
-135,168
-135,169
-135,170
-135,171
-135,172
-135,173
-135,174
-135,175
-135,176
-135,177
-135,178
-135,179
-135,180
-135,181
-135,182
-135,183
-135,184
-135,185
-135,186
-135,187
-135,188
-135,189
-135,190
-135,191
-135,192
-135,193
-135,194
-135,195
-135,196
-135,197
-135,198
-135,199
-135,200
-135,201
-135,202
-135,203
-135,204
-135,205
-135,206
-135,207
-135,208
-135,209
-135,210
-135,211
-135,212
-135,213
-135,214
-135,215
-135,216
-135,217
-135,218
-135,219
-135,220
-135,221
-135,222
-135,223
-135,224
-135,225
-135,226
-135,227
-135,228
-135,229
-135,230
-135,231
-135,232
-135,233
-135,234
-135,235
-135,236
-135,237
-135,238
-135,239
-135,240
-135,241
-135,242
-135,243
-135,244
-135,245
-135,246
-135,247
-135,248
-135,249
-135,250
-135,251
-135,252
-135,253
-135,254
-135,255
-135,256
-135,257
-135,258
-135,259
-135,260
-135,261
-135,262
-135,263
-135,264
-135,265
-135,266
-135,267
-135,268
-135,269
-135,270
-135,271
-135,272
-135,273
-135,274
-135,275
-135,276
-135,277
-135,278
-135,279
-135,280
-135,281
-135,282
-135,283
-135,284
-135,285
-135,286
-135,287
-135,288
-135,289
-135,290
-135,291
-135,292
-135,293
-135,294
-135,295
-135,296
-135,297
-135,298
-135,299
-135,300
-135,301
-135,302
-135,303
-135,304
-135,305
-135,306
-135,307
-135,308
-135,309
-135,310
-135,311
-135,312
-135,313
-135,314
-135,315
-135,316
-135,317
-135,318
-135,319
-135,320
-135,321
-135,322
-135,323
-135,324
:150_6,325
:150_6,326
:150_6,327
:150_6,328
:150_6,329
:150_6,330
:150_6,331
136,332
136,333
136,334
136,335
136,336
136,337
136,338
136,339
136,340
136,341
136,342
136,343
136,344
136,345
136,346
136,347
136,348
136,349
136,350
136,351
136,352
136,353
136,354
136,355
136,356
136,357
136,358
136,359
136,360
136,361
136,362
136,363
136,364
136,365
136,366
136,367
136,368
136,369
136,370
136,371
136,372
136,373
136,374
136,375
136,376
136,377
136,378
136,379
136,380
136,381
136,382
136,383
136,384
136,385
136,386
136,387
136,388
136,389
136,390
136,391
136,392
136,393
136,394
136,395
136,396
136,397
136,398
136,399
136,400
136,401
136,402
136,403
136,404
136,405
136,406
136,407
136,408
136,409
136,410
136,411
136,412
136,413
136,414
136,415
136,416
136,417
136,418
136,419
136,420
136,421
136,422
136,423
136,424
136,425
136,426
136,427
136,428
136,429
136,430
136,431
136,432
136,433
136,434
136,435
136,436
136,437
136,438
136,439
136,440
136,441
136,442
136,443
136,444
136,445
136,446
136,447
136,448
136,449
136,450
136,451
136,452
136,453
136,454
136,455
136,456
136,457
136,458
136,459
136,460
136,461
136,462
136,463
136,464
136,465
136,466
136,467
136,468
136,469
136,470
136,471
136,472
136,473
136,474
136,475
136,476
136,477
136,478
136,479
136,480
136,481
136,482
136,483
136,484
136,485
136,486
136,487
136,488
136,489
136,490
136,491
136,492
136,493
136,494
136,495
136,496
136,497
136,498
136,499
136,500
136,501
136,502
136,503
136,504
136,505
136,506
136,507
136,508
136,509
136,510
136,511
136,512
136,513
136,514
136,515
136,516
136,517
136,518
136,519
136,520
136,521
136,522
136,523
136,524
136,525
136,526
136,527
136,528
136,529
136,530
136,531
136,532
136,533
136,534
136,535
136,536
136,537
136,538
136,539
136,540
136,541
136,542
136,543
136,544
136,545
136,546
136,547
136,548
136,549
136,550
136,551
136,552
136,553
136,554
136,555
136,556
136,557
136,558
136,559
136,560
136,561
136,562
136,563
136,564
136,565
136,566
136,567
136,568
136,569
136,570
136,571
136,572
136,573
136,574
136,575
136,576
136,577
136,578
136,579
136,580
136,581
136,582
136,583
136,584
136,585
136,586
136,587
136,588
136,589
136,590
136,591
136,592
136,593
136,594
136,595
136,596
136,597
136,598
136,599
136,600
136,601
136,602
136,603
136,604
136,605
136,606
136,607
136,608
136,609
136,610
136,611
136,612
136,613
136,614
136,615
136,616
136,617
136,618
136,619
136,620
136,621
136,622
136,623
136,624
136,625
136,626
136,627
136,628
136,629
136,630
136,631
136,632
136,633
136,634
136,635
136,636
136,637
136,638
136,639
136,640
136,641
136,642
136,643
136,644
136,645
136,646
136,647
136,648
136,649
-81,650
-81,651
-81,652
-81,653
-81,654
-81,655
-81,656
-81,657
-81,658
-81,659
-81,660
-81,661
-81,662
-81,663
-81,664
-81,665
-81,666
-81,667
-81,668
-81,669
-81,670
-81,671
-81,672
-81,673
-81,674
-81,675
-81,676
-81,677
-81,678
-81,679
-81,680
-81,681
-81,682
-81,683
-81,684
-81,685
-81,686
-81,687
-81,688
-81,689
-81,690
-81,691
-81,692
-81,693
-81,694
-81,695
-81,696
-81,697
-81,698
-81,699
-81,700
-81,701
-81,702
-81,703
-81,704
-81,705
-81,706
-81,707
-81,708
-81,709
-81,710
-81,711
-81,712
-81,713
-81,714
-81,715
-81,716
-81,717
-81,718
-81,719
-81,720
-81,721
-81,722
-81,723
-81,724
-81,725
-81,726
-81,727
-81,728
-81,729
-81,730
-81,731
-81,732
-81,733
-81,734
-81,735
-81,736
-81,737
-81,738
-81,739
-81,740
-81,741
-81,742
-81,743
-81,744
-81,745
-81,746
-81,747
-81,748
-81,749
-81,750
-81,751
-81,752
-81,753
-81,754
-81,755
-81,756
-81,757
-81,758
-81,759
-81,760
-81,761
-81,762
-81,763
-81,764
-81,765
-81,766
-81,767
-81,768
-81,769
-81,770
-81,771
-81,772
-81,773
-81,774
-81,775
-81,776
-81,777
-81,778
-81,779
-81,780
-81,781
-81,782
-81,783
-81,784
-81,785
-81,786
-81,787
-81,788
-81,789
-81,790
-81,791
-81,792
-81,793
-81,794
-81,795
-81,796
-81,797
-81,798
-81,799
-81,800
-81,801
-81,802
-81,803
-81,804
-81,805
-81,806
-81,807
-81,808
-81,809
-81,810
-81,811
-81,812
-81,813
-81,814
-81,815
-81,816
:94_6,817
:94_6,818
:94_6,819
:94_6,820
:94_6,821
:94_6,822
82,823
82,824
82,825
82,826
82,827
82,828
82,829
82,830
82,831
82,832
82,833
82,834
82,835
82,836
82,837
83,838
83,839
83,840
83,841
83,842
83,843
83,844
83,845
83,846
83,847
83,848
83,849
83,850
83,851
83,852
83,853
83,854
83,855
83,856
83,857
83,858
83,859
83,860
83,861
83,862
83,863
83,864
83,865
83,866
83,867
83,868
83,869
83,870
83,871
83,872
83,873
83,874
83,875
83,876
83,877
83,878
83,879
83,880
83,881
83,882
83,883
83,884
83,885
83,886
83,887
83,888
83,889
83,890
83,891
83,892
83,893
83,894
83,895
83,896
83,897
83,898
83,899
83,900
83,901
83,902
83,903
83,904
83,905
83,906
83,907
83,908
83,909
83,910
83,911
83,912
83,913
83,914
83,915
83,916
83,917
83,918
83,919
83,920
83,921
83,922
83,923
83,924
83,925
83,926
83,927
83,928
83,929
83,930
83,931
83,932
83,933
83,934
83,935
83,936
83,937
:97_6,938
:97_6,939
:97_6,940
:97_6,941
-489,942
-489,943
-489,944
-489,945
-489,946
-489,947
-489,948
-489,949
-489,950
-489,951
-489,952
-489,953
-489,954
-489,955
-489,956
-489,957
-489,958
-489,959
-489,960
-489,961
-489,962
-489,963
-489,964
-489,965
116,4
