-150,1
-150,1
-150,1
-150,2
-150,3
-150,4
-150,5
-150,6
-150,7
-150,8
-150,9
-150,10
-150,11
-150,12
-150,13
-150,14
-150,15
-150,16
-150,17
-150,18
-150,19
-150,20
-150,21
-150,22
-150,23
-150,24
-150,25
-150,26
-150,27
-150,28
-150,29
-150,30
-150,31
-150,32
-150,33
-150,34
-150,35
-150,36
-150,37
-150,38
-150,39
-150,40
-150,41
-150,42
-150,43
-150,44
-150,45
-150,46
-150,47
-150,48
-150,49
-150,50
-150,51
-150,52
-150,53
-150,54
-150,55
-150,56
-150,57
-150,58
-150,59
-150,60
-150,61
-150,62
-150,63
-150,64
-150,65
-150,66
-150,67
-150,68
-150,69
-150,70
-150,71
-150,72
-150,73
-150,74
-150,75
-150,76
-150,77
-150,78
-150,79
:164_0,80
:164_0,81
:164_0,82
:164_0,83
:164_0,84
-554,85
-554,86
-554,87
-554,88
-554,89
-554,90
-554,91
-554,92
-554,93
-554,94
-554,95
-554,96
-554,97
-554,98
-554,99
-554,100
-554,101
-554,102
-554,103
-554,104
-554,105
-554,106
-554,107
-554,108
-554,109
-554,110
-554,111
-554,112
-554,113
-554,114
-554,115
-554,116
-554,117
-554,118
-554,119
-554,120
-554,121
-554,122
-554,123
-554,124
-554,125
-554,126
-554,127
-554,128
-554,129
-554,130
-554,131
-554,132
-554,133
-554,134
-554,135
-554,136
-554,137
-554,138
-554,139
-554,140
-554,141
-554,142
-554,143
-554,144
-554,145
-554,146
-554,147
-554,148
-554,149
-554,150
-554,151
-554,152
-554,153
-554,154
-554,155
-554,156
-554,157
-554,158
-554,159
-554,160
-554,161
-554,162
-554,163
-554,164
-554,165
-554,166
-554,167
-554,168
-554,169
-554,170
-554,171
-554,172
-554,173
-554,174
-554,175
-554,176
-554,177
-554,178
-554,179
-554,180
-554,181
-554,182
-554,183
-554,184
-554,185
-554,186
-554,187
-554,188
-554,189
-554,190
-554,191
-554,192
-554,193
-554,194
-554,195
-554,196
-554,197
-554,198
-554,199
-554,200
-554,201
-554,202
-554,203
-554,204
-554,205
-554,206
-554,207
-554,208
:335_1,209
:335_1,210
:335_1,211
:335_1,212
:335_1,213
-410,214
-410,215
-410,216
-410,217
-410,218
-410,219
-410,220
-410,221
-410,222
-410,223
-410,224
-410,225
-410,226
-410,227
-410,228
-410,229
-410,230
-410,231
-410,232
-410,233
-410,234
-410,235
-410,236
-410,237
-410,238
-410,239
-410,240
-410,241
-410,242
-410,243
-410,244
-410,245
-410,246
-410,247
-410,248
-410,249
-410,250
-410,251
-410,252
-410,253
-410,254
-410,255
-410,256
-410,257
-410,258
-410,259
-410,260
-410,261
-410,262
-410,263
-410,264
-410,265
-410,266
-410,267
-410,268
-410,269
-410,270
-410,271
-410,272
-410,273
-410,274
-410,275
-410,276
-410,277
-410,278
-410,279
-410,280
-410,281
-410,282
-410,283
-410,284
-410,285
-410,286
-410,287
-410,288
-410,289
-410,290
-410,291
-410,292
-410,293
-410,294
-410,295
-410,296
-410,297
-410,298
-410,299
-410,300
-410,301
-410,302
-410,303
-410,304
-410,305
-410,306
-410,307
-410,308
-410,309
-410,310
-410,311
-410,312
-410,313
-410,314
-410,315
-410,316
-410,317
-410,318
-410,319
-410,320
-410,321
-410,322
-410,323
-410,324
-410,325
-410,326
-410,327
-410,328
-410,329
-410,330
-410,331
-410,332
-410,333
-410,334
-410,335
-410,336
-410,337
-410,338
-410,339
:60_0,340
:60_0,341
:60_0,342
-122,343
-122,344
-122,345
-122,346
-122,347
-122,348
-122,349
-122,350
-122,351
-122,352
-122,353
-122,354
-122,355
-122,356
-122,357
-122,358
-122,359
-122,360
-122,361
-122,362
-122,363
-122,364
-122,365
-122,366
-122,367
-122,368
-122,369
-122,370
-122,371
-122,372
-122,373
-122,374
-122,375
-122,376
-122,377
-122,378
-122,379
-122,380
-122,381
-122,382
-122,383
-122,384
-122,385
-122,386
-122,387
-122,388
-122,389
-122,390
-122,391
-122,392
-122,393
-122,394
-122,395
-122,396
-122,397
-122,398
-122,399
-122,400
-122,401
-122,402
-122,403
-122,404
-122,405
-122,406
-122,407
-122,408
-122,409
-122,410
-122,411
-122,412
-122,413
-122,414
-122,415
-122,416
-122,417
-122,418
-122,419
-122,420
-122,421
-122,422
-122,423
-122,424
-122,425
-122,426
-122,427
-122,428
-122,429
-122,430
:137_7,431
:137_7,432
:137_7,433
:137_7,434
:137_7,435
121,436
121,437
121,438
121,439
121,440
121,441
121,442
121,443
121,444
121,445
121,446
121,447
121,448
121,449
121,450
121,451
121,452
121,453
121,454
121,455
121,456
121,457
121,458
121,459
121,460
121,461
121,462
121,463
121,464
121,465
121,466
121,467
121,468
121,469
121,470
121,471
121,472
121,473
121,474
121,475
121,476
121,477
121,478
121,479
121,480
121,481
121,482
121,483
121,484
121,485
121,486
121,487
121,488
121,489
121,490
121,491
121,492
121,493
121,494
121,495
121,496
121,497
121,498
121,499
121,500
121,501
121,502
121,503
121,504
121,505
121,506
121,507
121,508
121,509
121,510
121,511
121,512
121,513
:77_4,514
:77_4,515
:77_4,516
:77_4,517
:77_4,518
-67,519
-67,520
-67,521
-67,522
-67,523
-67,524
-67,525
-67,526
-67,527
-67,528
-67,529
-67,530
-67,531
-67,532
-67,533
-67,534
-67,535
-67,536
-67,537
-67,538
-67,539
-67,540
-67,541
-67,542
-67,543
-67,544
-67,545
-67,546
-67,547
-67,548
-67,549
-67,550
-67,551
-67,552
-67,553
-67,554
-67,555
-67,556
-67,557
-67,558
-67,559
-67,560
-67,561
-67,562
-67,563
-67,564
-67,565
-67,566
-67,567
-67,568
-67,569
-67,570
-67,571
-67,572
-67,573
-67,574
-67,575
-67,576
-67,577
-67,578
-67,579
-67,580
-67,581
-67,582
-67,583
-67,584
-67,585
-67,586
-67,587
-67,588
-67,589
-67,590
-67,591
-67,592
-67,593
-67,594
-67,595
-67,596
-67,597
-67,598
-67,599
-67,600
-67,601
-67,602
-67,603
-67,604
-67,605
-67,606
-67,607
-67,608
-67,609
-67,610
-67,611
-67,612
-67,613
-67,614
-67,615
-67,616
-67,617
-67,618
-67,619
-67,620
-67,621
-67,622
-67,623
-67,624
-67,625
-67,626
-67,627
-67,628
-67,629
-67,630
-67,631
-67,632
-67,633
-67,634
-67,635
-67,636
-67,637
-67,638
-67,639
-67,640
-67,641
-67,642
-67,643
-67,644
-67,645
-67,646
-67,647
:74_9,648
:74_9,649
:74_9,650
:74_9,651
:74_9,652
66,653
66,654
66,655
66,656
66,657
66,658
66,659
66,660
66,661
66,662
66,663
66,664
66,665
66,666
66,667
66,668
66,669
66,670
66,671
66,672
66,673
66,674
66,675
66,676
66,677
66,678
66,679
66,680
66,681
66,682
66,683
66,684
66,685
66,686
66,687
66,688
66,689
66,690
66,691
66,692
66,693
66,694
66,695
66,696
66,697
66,698
66,699
66,700
66,701
66,702
66,703
66,704
66,705
66,706
66,707
66,708
66,709
66,710
66,711
66,712
66,713
66,714
66,715
66,716
66,717
66,718
66,719
66,720
66,721
66,722
66,723
66,724
66,725
66,726
66,727
66,728
66,729
66,730
66,731
66,732
66,733
66,734
66,735
66,736
66,737
66,738
66,739
66,740
66,741
66,742
66,743
66,744
66,745
66,746
66,747
66,748
66,749
66,750
66,751
66,752
66,753
66,754
66,755
66,756
66,757
66,758
66,759
66,760
66,761
66,762
66,763
66,764
66,765
66,766
66,767
:76_9,768
:76_9,769
:76_9,770
:76_9,771
:76_9,772
:76_9,773
-460,774
-460,775
-460,776
-460,777
-460,778
-460,779
-460,780
-460,781
-460,782
-460,783
-460,784
-460,785
-460,786
-460,787
-460,788
-460,789
-460,790
-460,791
-460,792
-460,793
-460,794
-460,795
-460,796
-460,797
-460,798
-460,799
-460,800
-460,801
-460,802
-460,803
-460,804
-460,805
-460,806
-460,807
-460,808
-460,809
-460,810
-460,811
-460,812
-460,813
-460,814
-460,815
-460,816
-460,817
-460,818
-460,819
-460,820
-460,821
-460,822
-460,823
-460,824
-460,825
-460,826
-460,827
-460,828
-460,829
-460,830
-460,831
-460,832
-460,833
-460,834
-460,835
-460,836
-460,837
-460,838
-460,839
-460,840
-460,841
-460,842
-460,843
:391_7,844
:391_7,845
:391_7,846
:391_7,847
:391_7,848
:391_7,849
458,850
458,851
458,852
458,853
458,854
458,855
458,856
458,857
458,858
458,859
458,860
458,861
458,862
458,863
458,864
458,865
458,866
458,867
458,868
458,869
458,870
458,871
458,872
458,873
458,874
458,875
458,876
458,877
458,878
458,879
458,880
458,881
458,882
458,883
458,884
458,885
458,886
458,887
458,888
458,889
458,890
458,891
458,892
458,893
458,894
458,895
458,896
458,897
458,898
458,899
458,900
458,901
458,902
458,903
458,904
458,905
458,906
458,907
458,908
458,909
458,910
458,911
458,912
458,913
458,914
458,915
458,916
458,917
458,918
458,919
458,920
458,921
458,922
458,923
458,924
458,925
458,926
458,927
458,928
458,929
458,930
458,931
458,932
458,933
458,934
458,935
:167_4,936
:167_4,937
:167_4,938
:167_4,939
:167_4,940
-151,941
-151,942
-151,943
-151,944
-151,945
-151,946
-151,947
-151,948
-151,949
-151,950
-151,951
-151,952
-151,953
-151,954
-151,955
-151,956
-151,957
-151,958
-151,959
-151,960
-151,961
-151,962
-151,963
-151,964
-151,965
-150,1
-150,2
-150,3
-150,1
