-79,1
-79,1
-79,1
-79,2
-79,3
-79,4
-79,5
-79,6
-79,7
-79,8
-79,9
-79,10
-79,11
-79,12
-79,13
-79,14
-79,15
-79,16
-79,17
-79,18
-79,19
-79,20
-79,21
-79,22
-79,23
-79,24
-79,25
-79,26
-79,27
-79,28
-79,29
-79,30
-79,31
-79,32
-79,33
-79,34
-79,35
-79,36
-79,37
-79,38
-79,39
-79,40
-79,41
-79,42
-79,43
-79,44
-79,45
-79,46
-79,47
-79,48
-79,49
-79,50
-79,51
-79,52
-79,53
-79,54
-79,55
-79,56
-79,57
-79,58
-79,59
-79,60
-79,61
-79,62
-79,63
-79,64
-79,65
-79,66
-79,67
-79,68
-79,69
-79,70
-79,71
-79,72
-79,73
-79,74
-79,75
-79,76
-79,77
-79,78
-79,79
-79,80
-79,81
-79,82
-79,83
-79,84
-79,85
-79,86
:91_1,87
:91_1,88
:91_1,89
:91_1,90
-277,91
-277,92
-277,93
-277,94
-277,95
-277,96
-277,97
-277,98
-277,99
-277,100
-277,101
-277,102
-277,103
-277,104
-277,105
-277,106
-277,107
-277,108
-277,109
-277,110
-277,111
-277,112
-277,113
-277,114
-277,115
-277,116
-277,117
-277,118
-277,119
-277,120
-277,121
-277,122
-277,123
-277,124
-277,125
-277,126
-277,127
-277,128
-277,129
-277,130
-277,131
-277,132
-277,133
-277,134
-277,135
-277,136
-277,137
-277,138
-277,139
-277,140
-277,141
-277,142
-277,143
-277,144
-277,145
-277,146
-277,147
-277,148
-277,149
-277,150
-277,151
-277,152
-277,153
-277,154
-277,155
-277,156
-277,157
-277,158
-277,159
-277,160
-277,161
-277,162
-277,163
-277,164
-277,165
-277,166
-277,167
-277,168
-277,169
-277,170
-277,171
-277,172
-277,173
-277,174
-277,175
-277,176
-277,177
-277,178
-277,179
-277,180
-277,181
-277,182
-277,183
-277,184
-277,185
-277,186
-277,187
-277,188
-277,189
-277,190
-277,191
-277,192
-277,193
-277,194
-277,195
-277,196
-277,197
-277,198
-277,199
-277,200
-277,201
-277,202
-277,203
-277,204
-277,205
-277,206
-277,207
-277,208
-277,209
-277,210
-277,211
-277,212
-277,213
-277,214
-277,215
-277,216
-277,217
-277,218
-277,219
-277,220
-277,221
-277,222
-277,223
-277,224
-277,225
-277,226
-277,227
-277,228
-277,229
-277,230
-277,231
-277,232
-277,233
-277,234
-277,235
-277,236
-277,237
-277,238
-277,239
-277,240
-277,241
-277,242
-277,243
-277,244
-277,245
-277,246
-277,247
-277,248
-277,249
-277,250
-277,251
-277,252
-277,253
-277,254
-277,255
-277,256
-277,257
-277,258
-277,259
-277,260
-277,261
-277,262
-277,263
-277,264
-277,265
-277,266
-277,267
-277,268
-277,269
-277,270
-277,271
-277,272
-277,273
-277,274
-277,275
-277,276
-277,277
-277,278
-277,279
-277,280
-277,281
-277,282
-277,283
-277,284
-277,285
-277,286
-277,287
-277,288
-277,289
-277,290
-277,291
-277,292
-277,293
-277,294
-277,295
-277,296
-277,297
-277,298
-277,299
-277,300
-277,301
-277,302
-277,303
-277,304
-277,305
-277,306
-277,307
-277,308
-277,309
-277,310
-277,311
-277,312
-277,313
-277,314
-277,315
-277,316
-277,317
-277,318
-277,319
-277,320
-277,321
-277,322
-277,323
-277,324
-277,325
-277,326
-277,327
-277,328
-277,329
-277,330
-277,331
-277,332
-277,333
-277,334
-277,335
-277,336
-277,337
-277,338
-277,339
-277,340
-277,341
-277,342
-277,343
-277,344
-277,345
-277,346
-277,347
-277,348
-277,349
-277,350
-277,351
-277,352
-277,353
-277,354
-277,355
-277,356
-277,357
-277,358
-277,359
-277,360
:261_13,361
:261_13,362
:261_13,363
:261_13,364
:261_13,365
-265,366
-265,367
-265,368
-265,369
-265,370
-265,371
-265,372
-265,373
-265,374
-265,375
-265,376
-265,377
-265,378
-265,379
-265,380
-265,381
-265,382
-265,383
-265,384
-265,385
-265,386
-265,387
-265,388
-265,389
-265,390
-265,391
-265,392
-265,393
-265,394
-265,395
-265,396
-265,397
-265,398
-265,399
-265,400
-265,401
-265,402
-265,403
-265,404
-265,405
-265,406
-265,407
-265,408
-265,409
-265,410
-265,411
-265,412
-265,413
-265,414
-265,415
-265,416
-265,417
-265,418
-265,419
-265,420
-265,421
-265,422
-265,423
-265,424
-265,425
-265,426
-265,427
-265,428
-265,429
-265,430
-265,431
-265,432
-265,433
-265,434
-265,435
-265,436
-265,437
-265,438
-265,439
-265,440
-265,441
-265,442
-265,443
-265,444
-265,445
-265,446
-265,447
-265,448
-265,449
-265,450
-265,451
-265,452
-265,453
-265,454
-265,455
-265,456
-265,457
-265,458
-265,459
-265,460
-265,461
-265,462
-265,463
-265,464
-265,465
-265,466
-265,467
-265,468
-265,469
-265,470
-265,471
-265,472
-265,473
-265,474
-265,475
-265,476
-265,477
-265,478
-265,479
-265,480
-265,481
-265,482
-265,483
-265,484
-265,485
-265,486
-265,487
-265,488
-265,489
-265,490
-265,491
-265,492
-265,493
-265,494
-265,495
-265,496
-265,497
-265,498
-265,499
-265,500
-265,501
-265,502
-265,503
-265,504
-265,505
-265,506
-265,507
-265,508
-265,509
-265,510
-265,511
-265,512
-265,513
-265,514
-265,515
-265,516
-265,517
-265,518
-265,519
-265,520
-265,521
-265,522
-265,523
-265,524
-265,525
-265,526
-265,527
-265,528
-265,529
-265,530
-265,531
-265,532
-265,533
-265,534
-265,535
-265,536
-265,537
-265,538
-265,539
-265,540
-265,541
-265,542
-265,543
-265,544
:259_13,545
:259_13,546
:259_13,547
:259_13,548
:259_13,549
:259_13,550
264,551
264,552
264,553
264,554
264,555
264,556
264,557
264,558
264,559
264,560
264,561
264,562
264,563
264,564
264,565
264,566
264,567
264,568
264,569
264,570
264,571
264,572
264,573
264,574
264,575
264,576
264,577
264,578
264,579
264,580
264,581
264,582
264,583
264,584
264,585
264,586
264,587
264,588
264,589
264,590
264,591
264,592
264,593
264,594
264,595
264,596
264,597
264,598
264,599
264,600
264,601
264,602
264,603
264,604
264,605
264,606
264,607
264,608
264,609
264,610
264,611
264,612
264,613
264,614
264,615
264,616
264,617
264,618
264,619
264,620
264,621
264,622
264,623
264,624
264,625
264,626
264,627
264,628
264,629
264,630
264,631
264,632
264,633
264,634
264,635
264,636
264,637
264,638
264,639
264,640
264,641
264,642
264,643
264,644
264,645
264,646
264,647
264,648
264,649
:66_6,650
:66_6,651
:66_6,652
:66_6,653
-57,654
-57,655
-57,656
-57,657
-57,658
-57,659
-57,660
-57,661
-57,662
-57,663
-57,664
-57,665
-57,666
-57,667
-57,668
-57,669
-57,670
-57,671
-57,672
-57,673
-57,674
-57,675
-57,676
-57,677
-57,678
-57,679
-57,680
-57,681
-57,682
-57,683
-57,684
-57,685
-57,686
-57,687
-57,688
-57,689
-57,690
-57,691
-57,692
-57,693
-57,694
-57,695
-57,696
-57,697
-57,698
-57,699
-57,700
-57,701
-57,702
-57,703
-57,704
-57,705
-57,706
-57,707
-57,708
:65_14,709
:65_14,710
:65_18,711
:65_18,712
:65_18,713
59,714
59,715
59,716
59,717
59,718
59,719
59,720
59,721
59,722
59,723
59,724
59,725
59,726
59,727
59,728
59,729
59,730
59,731
59,732
59,733
59,734
59,735
59,736
59,737
59,738
59,739
59,740
59,741
59,742
59,743
59,744
59,745
59,746
59,747
59,748
59,749
59,750
59,751
59,752
59,753
59,754
59,755
59,756
59,757
59,758
59,759
59,760
59,761
59,762
59,763
59,764
59,765
59,766
59,767
59,768
59,769
59,770
:68_9,771
:68_9,772
:68_9,773
:68_9,774
192,775
192,776
192,777
192,778
192,779
192,780
192,781
192,782
192,783
192,784
192,785
192,786
192,787
192,788
192,789
192,790
192,791
192,792
192,793
192,794
192,795
192,796
192,797
192,798
192,799
192,800
192,801
192,802
192,803
192,804
192,805
192,806
192,807
192,808
192,809
192,810
192,811
192,812
192,813
192,814
192,815
192,816
192,817
192,818
192,819
192,820
192,821
192,822
192,823
192,824
192,825
192,826
192,827
192,828
192,829
192,830
192,831
192,832
192,833
192,834
192,835
192,836
192,837
192,838
192,839
192,840
192,841
192,842
192,843
192,844
192,845
192,846
192,847
192,848
192,849
192,850
192,851
192,852
192,853
-79,1
-79,2
-79,3
-79,1
