637,1
637,1
637,1
637,2
637,3
637,4
637,5
637,6
637,7
637,8
637,9
637,10
637,11
637,12
637,13
637,14
637,15
637,16
637,17
637,18
637,19
637,20
637,21
637,22
637,23
637,24
637,25
637,26
637,27
637,28
637,29
637,30
637,31
637,32
637,33
637,34
637,35
637,36
637,37
637,38
637,39
637,40
637,41
637,42
637,43
637,44
637,45
637,46
637,47
637,48
637,49
637,50
637,51
637,52
637,53
637,54
637,55
637,56
637,57
637,58
637,59
637,60
637,61
637,62
637,63
637,64
637,65
637,66
637,67
637,68
637,69
637,70
637,71
:290_1,72
:290_1,73
:290_1,74
:290_1,75
:290_1,76
-409,77
-409,78
-409,79
-409,80
-409,81
-409,82
-409,83
-409,84
-409,85
-409,86
-409,87
-409,88
-409,89
-409,90
-409,91
-409,92
-409,93
-409,94
-409,95
-409,96
-409,97
-409,98
-409,99
-409,100
-409,101
-409,102
-409,103
-409,104
-409,105
-409,106
-409,107
-409,108
-409,109
-409,110
-409,111
-409,112
-409,113
-409,114
-409,115
-409,116
-409,117
-409,118
-409,119
-409,120
-409,121
-409,122
-409,123
-409,124
-409,125
-409,126
-409,127
-409,128
-409,129
-409,130
-409,131
-409,132
:363_7,133
:363_7,134
:363_7,135
:363_7,136
:363_7,137
407,138
407,139
407,140
407,141
407,142
407,143
407,144
407,145
407,146
407,147
407,148
407,149
407,150
407,151
407,152
407,153
407,154
407,155
407,156
407,157
407,158
407,159
407,160
407,161
407,162
407,163
407,164
407,165
407,166
407,167
407,168
407,169
407,170
407,171
407,172
407,173
407,174
407,175
407,176
407,177
:271_6,178
:271_6,179
:271_6,180
:271_6,181
:271_6,182
-279,183
-279,184
-279,185
-279,186
-279,187
-279,188
-279,189
-279,190
-279,191
-279,192
-279,193
-279,194
-279,195
-279,196
-279,197
-279,198
-279,199
-279,200
-279,201
-279,202
-279,203
-279,204
-279,205
-279,206
-279,207
-279,208
-279,209
-279,210
-279,211
-279,212
-279,213
-279,214
-279,215
-279,216
-279,217
-279,218
-279,219
-279,220
-279,221
-279,222
-279,223
-279,224
-279,225
-279,226
-279,227
-279,228
-279,229
-279,230
-279,231
-279,232
-279,233
-279,234
-279,235
-279,236
-279,237
-279,238
-279,239
-279,240
-279,241
-279,242
-279,243
-279,244
-279,245
-279,246
-279,247
-279,248
:270_10,249
:270_10,250
:270_18,251
:270_18,252
:270_18,253
281,254
281,255
281,256
281,257
281,258
281,259
281,260
281,261
281,262
281,263
281,264
281,265
281,266
281,267
281,268
281,269
281,270
281,271
281,272
281,273
281,274
281,275
281,276
281,277
281,278
281,279
281,280
281,281
281,282
281,283
281,284
281,285
281,286
281,287
281,288
281,289
281,290
281,291
281,292
281,293
281,294
281,295
281,296
281,297
281,298
281,299
281,300
281,301
281,302
281,303
281,304
281,305
281,306
281,307
281,308
281,309
281,310
281,311
281,312
281,313
281,314
281,315
281,316
281,317
281,318
281,319
281,320
281,321
281,322
281,323
281,324
281,325
281,326
:174_0,327
:174_0,328
:174_0,329
:174_0,330
:174_0,331
:174_0,332
-160,333
-160,334
-160,335
-160,336
-160,337
-160,338
-160,339
-160,340
-160,341
-160,342
-160,343
-160,344
-160,345
-160,346
-160,347
-160,348
-160,349
-160,350
-160,351
-160,352
-160,353
-160,354
-160,355
-160,356
-160,357
-160,358
-160,359
-160,360
-160,361
-160,362
-160,363
-160,364
-160,365
-160,366
-160,367
-160,368
-160,369
-160,370
-160,371
-160,372
-160,373
-160,374
-160,375
-160,376
-160,377
-160,378
-160,379
-160,380
-160,381
-160,382
-160,383
-160,384
-160,385
-160,386
-160,387
-160,388
-160,389
-160,390
-160,391
-160,392
-160,393
-160,394
-160,395
-160,396
-160,397
-160,398
-160,399
-160,400
-160,401
-160,402
-160,403
-160,404
-160,405
-160,406
-160,407
-160,408
-160,409
-160,410
-160,411
-160,412
-160,413
-160,414
-160,415
-160,416
-160,417
-160,418
-160,419
-160,420
-160,421
-160,422
-160,423
-160,424
-160,425
-160,426
-160,427
-160,428
-160,429
-160,430
-160,431
-160,432
-160,433
-160,434
-160,435
-160,436
-160,437
-160,438
-160,439
-160,440
-160,441
-160,442
-160,443
-160,444
-160,445
-160,446
-160,447
-160,448
-160,449
-160,450
-160,451
-160,452
-160,453
-160,454
-160,455
-160,456
-160,457
-160,458
-160,459
-160,460
-160,461
-160,462
-160,463
-160,464
-160,465
-160,466
-160,467
-160,468
-160,469
-160,470
-160,471
-160,472
-160,473
-160,474
-160,475
-160,476
-160,477
-160,478
-160,479
-160,480
:63_9,481
:63_9,482
:63_9,483
:63_9,484
:63_9,485
-149,486
-149,487
-149,488
-149,489
-149,490
-149,491
-149,492
-149,493
-149,494
-149,495
-149,496
-149,497
-149,498
-149,499
-149,500
-149,501
-149,502
-149,503
-149,504
-149,505
-149,506
-149,507
-149,508
-149,509
-149,510
-149,511
-149,512
-149,513
-149,514
-149,515
-149,516
-149,517
-149,518
-149,519
-149,520
-149,521
-149,522
-149,523
-149,524
-149,525
-149,526
-149,527
-149,528
-149,529
-149,530
-149,531
-149,532
-149,533
-149,534
-149,535
-149,536
-149,537
-149,538
-149,539
-149,540
-149,541
-149,542
-149,543
-149,544
-149,545
-149,546
-149,547
-149,548
-149,549
-149,550
-149,551
-149,552
-149,553
-149,554
-149,555
-149,556
-149,557
-149,558
-149,559
-149,560
-149,561
-149,562
-149,563
-149,564
-149,565
-149,566
-149,567
-149,568
-149,569
-149,570
-149,571
-149,572
-149,573
-149,574
-149,575
-149,576
-149,577
-149,578
-149,579
-149,580
-149,581
-149,582
-149,583
-149,584
-149,585
-149,586
-149,587
-149,588
-149,589
-149,590
-149,591
-149,592
-149,593
-149,594
-149,595
-149,596
-149,597
-149,598
-149,599
-149,600
-149,601
-149,602
-149,603
-149,604
-149,605
-149,606
-149,607
-149,608
-149,609
-149,610
-149,611
-149,612
-149,613
-149,614
-149,615
-149,616
-149,617
-149,618
-149,619
-149,620
-149,621
-149,622
-149,623
-149,624
-149,625
-149,626
-149,627
-149,628
-149,629
-149,630
-149,631
-149,632
-149,633
-149,634
-149,635
:164_3,636
:164_3,637
:164_3,638
:164_3,639
150,640
150,641
150,642
150,643
150,644
150,645
150,646
150,647
150,648
150,649
150,650
150,651
150,652
150,653
150,654
150,655
150,656
150,657
150,658
150,659
150,660
150,661
150,662
150,663
150,664
150,665
150,666
150,667
150,668
150,669
150,670
150,671
150,672
150,673
150,674
150,675
150,676
150,677
150,678
150,679
150,680
150,681
150,682
150,683
150,684
150,685
150,686
150,687
150,688
150,689
150,690
150,691
150,692
150,693
150,694
150,695
150,696
150,697
150,698
150,699
150,700
150,701
150,702
150,703
150,704
150,705
150,706
150,707
150,708
150,709
150,710
150,711
150,712
150,713
150,714
150,715
150,716
:165_3,717
:165_3,718
:165_3,719
:165_3,720
:165_3,721
:165_3,722
-187,723
-187,724
-187,725
-187,726
-187,727
-187,728
-187,729
-187,730
-187,731
-187,732
-187,733
-187,734
-187,735
-187,736
-187,737
-187,738
-187,739
-187,740
-187,741
-187,742
-187,743
-187,744
-187,745
-187,746
-187,747
-187,748
-187,749
-187,750
-187,751
-187,752
-187,753
-187,754
-187,755
-187,756
-187,757
-187,758
-187,759
-187,760
-187,761
-187,762
-187,763
-187,764
-187,765
-187,766
-187,767
-187,768
-187,769
-187,770
-187,771
-187,772
-187,773
-187,774
-187,775
-187,776
-187,777
-187,778
-187,779
-187,780
-187,781
-187,782
-187,783
-187,784
-187,785
-187,786
-187,787
-187,788
-187,789
-187,790
-187,791
-187,792
-187,793
-187,794
-187,795
-187,796
-187,797
-187,798
-187,799
-187,800
-187,801
-187,802
-187,803
-187,804
-187,805
-187,806
-187,807
-187,808
-187,809
-187,810
-187,811
-187,812
-187,813
-187,814
-187,815
-187,816
-187,817
:161_4,818
:161_4,819
:161_10,820
:161_10,821
:161_10,822
188,823
188,824
188,825
188,826
188,827
188,828
188,829
188,830
188,831
188,832
188,833
188,834
188,835
188,836
188,837
188,838
188,839
188,840
188,841
188,842
188,843
188,844
188,845
188,846
188,847
188,848
188,849
188,850
188,851
188,852
188,853
188,854
188,855
188,856
188,857
188,858
188,859
188,860
188,861
188,862
188,863
188,864
188,865
188,866
188,867
188,868
188,869
188,870
188,871
188,872
188,873
188,874
188,875
188,876
188,877
188,878
188,879
188,880
188,881
188,882
188,883
188,884
188,885
188,886
188,887
188,888
188,889
188,890
188,891
188,892
188,893
188,894
188,895
188,896
188,897
188,898
188,899
188,900
188,901
188,902
188,903
:193_5,904
:193_5,905
:193_5,906
:193_5,907
:193_5,908
-525,909
-525,910
-525,911
-525,912
-525,913
-525,914
-525,915
-525,916
-525,917
-525,918
-525,919
-525,920
-525,921
-525,922
-525,923
-525,924
-525,925
-525,926
-525,927
-525,928
-525,929
-525,930
-525,931
-525,932
-525,933
-525,934
-525,935
-525,936
-525,937
-525,938
-525,939
-525,940
-525,941
-525,942
-525,943
-525,944
-525,945
-525,946
-525,947
-525,948
-525,949
-525,950
-525,951
-525,952
-525,953
-525,954
-525,955
-525,956
-525,957
-525,958
-525,959
-525,960
-525,961
-525,962
-525,963
-525,964
-525,965
637,1
637,2
637,3
637,1
