-179,1
-179,1
-179,1
-179,2
-179,3
-179,4
-179,5
-179,6
-179,7
-179,8
-179,9
-179,10
-179,11
-179,12
-179,13
-179,14
-179,15
-179,16
-179,17
-179,18
-179,19
-179,20
-179,21
-179,22
-179,23
-179,24
-179,25
-179,26
-179,27
-179,28
-179,29
-179,30
-179,31
-179,32
-179,33
-179,34
-179,35
-179,36
-179,37
-179,38
-179,39
-179,40
-179,41
-179,42
-179,43
-179,44
-179,45
-179,46
-179,47
-179,48
-179,49
-179,50
-179,51
-179,52
-179,53
-179,54
-179,55
-179,56
-179,57
-179,58
-179,59
-179,60
-179,61
-179,62
-179,63
-179,64
-179,65
-179,66
-179,67
-179,68
-179,69
-179,70
-179,71
-179,72
-179,73
-179,74
-179,75
-179,76
-179,77
-179,78
-179,79
-179,80
-179,81
-179,82
-179,83
-179,84
-179,85
-179,86
-179,87
-179,88
-179,89
:163_12,90
:163_12,91
:163_12,92
180,93
180,94
180,95
180,96
180,97
180,98
180,99
180,100
180,101
180,102
180,103
180,104
180,105
180,106
180,107
180,108
180,109
180,110
180,111
180,112
180,113
180,114
180,115
180,116
180,117
180,118
180,119
180,120
180,121
180,122
180,123
180,124
180,125
180,126
180,127
180,128
180,129
180,130
180,131
180,132
180,133
180,134
180,135
180,136
180,137
180,138
180,139
180,140
180,141
180,142
180,143
180,144
180,145
180,146
180,147
180,148
180,149
180,150
180,151
180,152
180,153
180,154
180,155
180,156
180,157
180,158
180,159
180,160
180,161
180,162
180,163
180,164
180,165
180,166
180,167
180,168
180,169
180,170
180,171
:193_1,172
:193_1,173
:193_1,174
:193_1,175
:193_1,176
:193_1,177
-412,178
-412,179
-412,180
-412,181
-412,182
-412,183
-412,184
-412,185
-412,186
-412,187
-412,188
-412,189
-412,190
-412,191
-412,192
-412,193
-412,194
-412,195
-412,196
-412,197
-412,198
-412,199
-412,200
-412,201
-412,202
-412,203
-412,204
-412,205
-412,206
-412,207
-412,208
-412,209
-412,210
-412,211
-412,212
-412,213
-412,214
-412,215
-412,216
-412,217
-412,218
-412,219
-412,220
-412,221
-412,222
-412,223
-412,224
-412,225
-412,226
-412,227
-412,228
-412,229
-412,230
-412,231
-412,232
-412,233
-412,234
-412,235
-412,236
-412,237
-412,238
-412,239
-412,240
-412,241
-412,242
-412,243
-412,244
-412,245
-412,246
-412,247
-412,248
-412,249
-412,250
-412,251
-412,252
-412,253
-412,254
-412,255
-412,256
-412,257
-412,258
-412,259
-412,260
-412,261
-412,262
-412,263
-412,264
-412,265
-412,266
-412,267
-412,268
-412,269
-412,270
-412,271
-412,272
-412,273
-412,274
-412,275
-412,276
-412,277
-412,278
-412,279
-412,280
-412,281
:365_1,282
:365_1,283
:365_1,284
:365_1,285
:365_1,286
:365_1,287
414,288
414,289
414,290
414,291
414,292
414,293
414,294
414,295
414,296
414,297
414,298
414,299
414,300
414,301
414,302
414,303
414,304
414,305
414,306
414,307
414,308
414,309
414,310
414,311
414,312
414,313
414,314
414,315
414,316
414,317
414,318
414,319
414,320
414,321
414,322
414,323
414,324
414,325
414,326
414,327
414,328
414,329
414,330
414,331
414,332
414,333
414,334
414,335
414,336
414,337
414,338
414,339
414,340
414,341
414,342
414,343
414,344
414,345
414,346
414,347
414,348
414,349
414,350
414,351
414,352
414,353
414,354
414,355
414,356
414,357
414,358
414,359
414,360
414,361
414,362
414,363
414,364
414,365
414,366
414,367
414,368
414,369
414,370
414,371
414,372
414,373
414,374
414,375
414,376
414,377
414,378
414,379
414,380
414,381
414,382
414,383
414,384
414,385
414,386
414,387
414,388
414,389
414,390
414,391
414,392
414,393
414,394
414,395
414,396
414,397
414,398
414,399
414,400
414,401
414,402
414,403
414,404
414,405
414,406
414,407
414,408
414,409
414,410
414,411
414,412
414,413
414,414
414,415
414,416
414,417
414,418
414,419
414,420
414,421
414,422
414,423
414,424
414,425
414,426
414,427
414,428
414,429
414,430
414,431
414,432
414,433
414,434
414,435
414,436
414,437
414,438
-179,1
-179,2
-179,3
-179,1
