367,1
367,1
367,1
367,2
367,3
367,4
367,5
367,6
367,7
367,8
367,9
367,10
367,11
367,12
367,13
367,14
367,15
367,16
367,17
367,18
367,19
367,20
367,21
367,22
367,23
367,24
367,25
367,26
367,27
367,28
367,29
367,30
367,31
367,32
367,33
367,34
367,35
367,36
367,37
367,38
367,39
367,40
367,41
367,42
367,43
367,44
367,45
367,46
367,47
367,48
367,49
367,50
367,51
367,52
367,53
367,54
367,55
367,56
367,57
367,58
367,59
367,60
367,61
367,62
367,63
367,64
:336_3,65
:336_3,66
:336_3,67
:336_3,68
:336_3,69
-414,70
-414,71
-414,72
-414,73
-414,74
-414,75
-414,76
-414,77
-414,78
-414,79
-414,80
-414,81
-414,82
-414,83
-414,84
-414,85
-414,86
-414,87
-414,88
-414,89
-414,90
-414,91
-414,92
-414,93
-414,94
-414,95
-414,96
-414,97
-414,98
-414,99
-414,100
-414,101
-414,102
-414,103
-414,104
-414,105
-414,106
-414,107
-414,108
-414,109
-414,110
-414,111
-414,112
-414,113
-414,114
-414,115
-414,116
-414,117
-414,118
-414,119
-414,120
-414,121
-414,122
-414,123
-414,124
-414,125
-414,126
-414,127
-414,128
-414,129
-414,130
-414,131
-414,132
-414,133
-414,134
-414,135
-414,136
-414,137
-414,138
-414,139
-414,140
-414,141
-414,142
-414,143
-414,144
-414,145
-414,146
-414,147
-414,148
-414,149
-414,150
-414,151
-414,152
-414,153
-414,154
-414,155
-414,156
-414,157
-414,158
-414,159
-414,160
-414,161
-414,162
-414,163
-414,164
-414,165
-414,166
-414,167
-414,168
-414,169
-414,170
-414,171
-414,172
-414,173
-414,174
-414,175
-414,176
-414,177
-414,178
-414,179
-414,180
-414,181
-414,182
-414,183
-414,184
-414,185
-414,186
-414,187
-414,188
-414,189
-414,190
-414,191
-414,192
-414,193
-414,194
-414,195
-414,196
-414,197
-414,198
-414,199
-414,200
-414,201
-414,202
-414,203
-414,204
-414,205
-414,206
-414,207
-414,208
-414,209
-414,210
-414,211
-414,212
-414,213
-414,214
-414,215
:365_9,216
:365_9,217
:365_9,218
:365_9,219
:365_9,220
:365_9,221
412,222
412,223
412,224
412,225
412,226
412,227
412,228
412,229
412,230
412,231
412,232
412,233
412,234
412,235
412,236
412,237
412,238
412,239
412,240
412,241
412,242
412,243
412,244
412,245
412,246
412,247
412,248
412,249
412,250
412,251
412,252
412,253
412,254
412,255
412,256
412,257
412,258
412,259
412,260
412,261
412,262
412,263
412,264
412,265
412,266
412,267
412,268
412,269
412,270
412,271
412,272
412,273
412,274
412,275
412,276
412,277
412,278
412,279
412,280
412,281
412,282
412,283
412,284
412,285
412,286
412,287
412,288
412,289
412,290
412,291
412,292
412,293
412,294
412,295
412,296
412,297
412,298
412,299
412,300
412,301
412,302
412,303
412,304
412,305
412,306
412,307
412,308
412,309
412,310
412,311
412,312
412,313
412,314
412,315
412,316
412,317
412,318
412,319
412,320
412,321
412,322
:193_10,323
:193_10,324
:193_10,325
:193_10,326
:193_10,327
-525,328
-525,329
-525,330
-525,331
-525,332
-525,333
-525,334
-525,335
-525,336
-525,337
-525,338
-525,339
-525,340
-525,341
-525,342
-525,343
-525,344
-525,345
-525,346
-525,347
-525,348
-525,349
-525,350
-525,351
-525,352
-525,353
-525,354
-525,355
-525,356
-525,357
-525,358
-525,359
-525,360
-525,361
-525,362
-525,363
-525,364
-525,365
-525,366
-525,367
-525,368
-525,369
-525,370
-525,371
-525,372
-525,373
-525,374
-525,375
-525,376
-525,377
-525,378
-525,379
-525,380
-525,381
-525,382
-525,383
-525,384
-525,385
-525,386
-525,387
-525,388
-525,389
-525,390
-525,391
-525,392
-525,393
-525,394
-525,395
-525,396
-525,397
-525,398
-525,399
-525,400
-525,401
-525,402
-525,403
-525,404
-525,405
-525,406
-525,407
-525,408
:401_3,409
:401_3,410
:401_3,411
:401_3,412
-471,413
-471,414
-471,415
-471,416
-471,417
-471,418
-471,419
-471,420
-471,421
-471,422
-471,423
-471,424
-471,425
-471,426
-471,427
-471,428
-471,429
-471,430
-471,431
-471,432
-471,433
-471,434
-471,435
-471,436
-471,437
-471,438
-471,439
-471,440
-471,441
-471,442
-471,443
-471,444
-471,445
-471,446
-471,447
-471,448
-471,449
-471,450
-471,451
-471,452
-471,453
-471,454
-471,455
-471,456
-471,457
-471,458
-471,459
-471,460
-471,461
-471,462
-471,463
-471,464
-471,465
-471,466
-471,467
-471,468
-471,469
-471,470
-471,471
-471,472
-471,473
-471,474
-471,475
-471,476
-471,477
-471,478
-471,479
-471,480
-471,481
-471,482
-471,483
-471,484
-471,485
-471,486
-471,487
-471,488
:192_4,489
:192_4,490
:192_4,491
:192_4,492
:192_4,493
:192_4,494
-436,495
-436,496
-436,497
-436,498
-436,499
-436,500
-436,501
-436,502
-436,503
-436,504
-436,505
-436,506
-436,507
-436,508
-436,509
-436,510
-436,511
-436,512
-436,513
-436,514
-436,515
-436,516
-436,517
-436,518
-436,519
-436,520
-436,521
-436,522
-436,523
-436,524
-436,525
-436,526
-436,527
-436,528
-436,529
-436,530
-436,531
-436,532
-436,533
-436,534
-436,535
-436,536
-436,537
-436,538
-436,539
-436,540
-436,541
-436,542
-436,543
-436,544
-436,545
-436,546
-436,547
-436,548
-436,549
-436,550
-436,551
-436,552
-436,553
-436,554
-436,555
-436,556
-436,557
-436,558
-436,559
-436,560
-436,561
-436,562
-436,563
-436,564
-436,565
-436,566
-436,567
-436,568
-436,569
-436,570
-436,571
-436,572
-436,573
-436,574
-436,575
-436,576
-436,577
-436,578
-436,579
-436,580
-436,581
-436,582
-436,583
-436,584
-436,585
-436,586
-436,587
-436,588
-436,589
-436,590
-436,591
-436,592
-436,593
-436,594
-436,595
-436,596
-436,597
-436,598
-436,599
-436,600
-436,601
-436,602
-436,603
-436,604
-436,605
-436,606
-436,607
-436,608
-436,609
-436,610
-436,611
-436,612
-436,613
-436,614
:244_8,615
:244_8,616
:244_8,617
:244_8,618
242,619
242,620
242,621
242,622
242,623
242,624
242,625
242,626
242,627
242,628
242,629
242,630
242,631
242,632
242,633
242,634
242,635
242,636
242,637
242,638
242,639
242,640
242,641
242,642
242,643
242,644
242,645
242,646
242,647
242,648
242,649
242,650
242,651
242,652
242,653
242,654
242,655
242,656
242,657
242,658
242,659
242,660
242,661
242,662
242,663
242,664
242,665
242,666
242,667
242,668
242,669
242,670
242,671
242,672
242,673
242,674
242,675
242,676
242,677
242,678
242,679
242,680
242,681
242,682
242,683
242,684
242,685
242,686
242,687
242,688
242,689
242,690
242,691
242,692
242,693
242,694
242,695
242,696
242,697
242,698
242,699
242,700
242,701
242,702
242,703
242,704
242,705
242,706
242,707
242,708
242,709
242,710
242,711
242,712
242,713
242,714
242,715
242,716
242,717
242,718
242,719
242,720
242,721
242,722
242,723
242,724
242,725
242,726
242,727
242,728
242,729
242,730
242,731
242,732
:245_3,733
:245_3,734
:245_3,735
:245_3,736
:245_3,737
243,738
243,739
243,740
243,741
243,742
243,743
243,744
243,745
243,746
243,747
243,748
243,749
243,750
243,751
243,752
243,753
243,754
243,755
243,756
243,757
243,758
243,759
243,760
243,761
243,762
243,763
243,764
243,765
243,766
243,767
243,768
243,769
243,770
243,771
243,772
243,773
243,774
243,775
243,776
243,777
243,778
243,779
243,780
243,781
243,782
243,783
243,784
243,785
243,786
243,787
243,788
243,789
243,790
243,791
243,792
243,793
243,794
243,795
243,796
243,797
243,798
243,799
243,800
243,801
243,802
243,803
243,804
243,805
243,806
243,807
243,808
243,809
243,810
243,811
243,812
243,813
243,814
243,815
243,816
243,817
243,818
243,819
:179_13,820
:179_13,821
:179_13,822
:179_13,823
:179_13,824
244,825
244,826
244,827
244,828
244,829
244,830
244,831
244,832
244,833
244,834
244,835
244,836
244,837
244,838
244,839
244,840
244,841
244,842
244,843
244,844
244,845
244,846
244,847
244,848
244,849
244,850
244,851
244,852
244,853
244,854
244,855
244,856
244,857
244,858
244,859
244,860
244,861
244,862
244,863
244,864
244,865
244,866
244,867
244,868
244,869
244,870
244,871
244,872
244,873
244,874
244,875
244,876
244,877
244,878
244,879
244,880
244,881
244,882
244,883
244,884
244,885
244,886
244,887
244,888
244,889
244,890
244,891
244,892
244,893
244,894
244,895
244,896
244,897
244,898
244,899
244,900
244,901
244,902
244,903
244,904
244,905
244,906
244,907
244,908
244,909
244,910
244,911
244,912
244,913
244,914
244,915
244,916
244,917
244,918
244,919
244,920
244,921
244,922
244,923
244,924
244,925
244,926
244,927
244,928
244,929
244,930
244,931
244,932
244,933
244,934
244,935
244,936
244,937
244,938
244,939
244,940
244,941
244,942
244,943
244,944
244,945
244,946
244,947
244,948
244,949
244,950
244,951
244,952
244,953
244,954
244,955
244,956
244,957
244,958
244,959
244,960
244,961
244,962
244,963
244,964
244,965
367,1
367,2
367,3
367,1
