-295,1
-295,1
-295,1
-295,2
-295,3
-295,4
-295,5
-295,6
-295,7
-295,8
-295,9
-295,10
-295,11
-295,12
-295,13
-295,14
-295,15
-295,16
-295,17
-295,18
-295,19
-295,20
-295,21
-295,22
-295,23
-295,24
-295,25
-295,26
-295,27
-295,28
-295,29
-295,30
-295,31
-295,32
-295,33
-295,34
-295,35
-295,36
-295,37
-295,38
-295,39
-295,40
-295,41
-295,42
-295,43
-295,44
-295,45
-295,46
-295,47
-295,48
-295,49
-295,50
-295,51
-295,52
-295,53
-295,54
-295,55
-295,56
-295,57
-295,58
-295,59
-295,60
-295,61
-295,62
-295,63
-295,64
-295,65
-295,66
-295,67
-295,68
-295,69
-295,70
-295,71
-295,72
-295,73
-295,74
-295,75
-295,76
-295,77
-295,78
-295,79
-295,80
-295,81
-295,82
-295,83
-295,84
-295,85
-295,86
-295,87
-295,88
-295,89
-295,90
-295,91
-295,92
-295,93
-295,94
-295,95
-295,96
-295,97
-295,98
-295,99
-295,100
-295,101
-295,102
-295,103
-295,104
-295,105
-295,106
-295,107
-295,108
-295,109
-295,110
-295,111
-295,112
-295,113
-295,114
-295,115
-295,116
-295,117
-295,118
-295,119
-295,120
-295,121
-295,122
-295,123
-295,124
-295,125
-295,126
-295,127
-295,128
-295,129
-295,130
-295,131
-295,132
-295,133
-295,134
-295,135
-295,136
-295,137
-295,138
-295,139
-295,140
-295,141
-295,142
-295,143
-295,144
-295,145
-295,146
-295,147
-295,148
-295,149
-295,150
-295,151
-295,152
-295,153
-295,154
-295,155
-295,156
-295,157
-295,158
-295,159
-295,160
-295,161
-295,162
-295,163
-295,164
-295,165
-295,166
-295,167
-295,168
-295,169
-295,170
-295,171
-295,172
-295,173
-295,174
-295,175
-295,176
-295,177
-295,178
-295,179
-295,180
-295,181
-295,182
-295,183
-295,184
-295,185
-295,186
-295,187
-295,188
-295,189
-295,190
-295,191
-295,192
-295,193
-295,194
-295,195
-295,196
-295,197
-295,198
-295,199
-295,200
-295,201
-295,202
-295,203
-295,204
-295,205
-295,206
-295,207
-295,208
-295,209
-295,210
-295,211
-295,212
-295,213
-295,214
-295,215
-295,216
-295,217
-295,218
-295,219
-295,220
-295,221
-295,222
-295,223
-295,224
-295,225
-295,226
-295,227
-295,228
-295,229
-295,230
-295,231
-295,232
-295,233
-295,234
-295,235
-295,236
-295,237
-295,238
-295,239
-295,240
-295,241
-295,242
-295,243
-295,244
-295,245
-295,246
-295,247
:172_14,248
:172_14,249
:172_14,250
:172_14,251
:172_14,252
:172_14,253
:172_14,254
:172_14,255
:172_14,256
:172_14,257
-156,258
-156,259
-156,260
-156,261
-156,262
-156,263
-156,264
-156,265
-156,266
-156,267
-156,268
-156,269
-156,270
-156,271
-156,272
-156,273
-156,274
-156,275
-156,276
-156,277
-156,278
-156,279
-156,280
-156,281
-156,282
-156,283
-156,284
-156,285
-156,286
-156,287
-156,288
-156,289
-156,290
-156,291
-156,292
-156,293
-156,294
-156,295
-156,296
-156,297
-156,298
-156,299
-156,300
-156,301
-156,302
-156,303
-156,304
-156,305
-156,306
-156,307
-156,308
-156,309
-156,310
-156,311
-156,312
-156,313
-156,314
-156,315
-156,316
-156,317
-156,318
-156,319
-156,320
-156,321
-156,322
-156,323
-156,324
-156,325
-156,326
-156,327
-156,328
-156,329
-156,330
-156,331
-156,332
-156,333
-156,334
:171_4,335
:171_4,336
:171_4,337
:171_4,338
:171_4,339
155,340
155,341
155,342
155,343
155,344
155,345
155,346
155,347
155,348
155,349
155,350
155,351
155,352
155,353
155,354
155,355
155,356
155,357
155,358
155,359
155,360
155,361
155,362
155,363
155,364
155,365
155,366
155,367
155,368
155,369
155,370
155,371
155,372
155,373
155,374
155,375
155,376
155,377
155,378
155,379
155,380
155,381
155,382
155,383
155,384
155,385
155,386
155,387
155,388
155,389
155,390
155,391
155,392
155,393
155,394
155,395
155,396
155,397
155,398
155,399
155,400
155,401
155,402
155,403
155,404
155,405
155,406
155,407
155,408
155,409
155,410
155,411
155,412
155,413
155,414
155,415
155,416
155,417
155,418
155,419
155,420
155,421
155,422
155,423
155,424
155,425
155,426
155,427
155,428
155,429
155,430
155,431
155,432
155,433
:46_9,434
:46_9,435
:46_9,436
:46_9,437
:46_9,438
:46_9,439
158,440
158,441
158,442
158,443
158,444
158,445
158,446
158,447
158,448
158,449
158,450
158,451
158,452
158,453
158,454
158,455
158,456
158,457
158,458
158,459
158,460
158,461
158,462
158,463
158,464
158,465
158,466
158,467
158,468
158,469
158,470
158,471
158,472
158,473
158,474
158,475
158,476
158,477
158,478
158,479
158,480
158,481
158,482
158,483
158,484
158,485
158,486
158,487
158,488
158,489
158,490
158,491
158,492
158,493
158,494
158,495
158,496
158,497
158,498
158,499
158,500
158,501
158,502
158,503
158,504
158,505
158,506
158,507
158,508
158,509
158,510
158,511
158,512
158,513
158,514
158,515
158,516
158,517
158,518
158,519
158,520
158,521
158,522
158,523
158,524
158,525
158,526
158,527
158,528
158,529
158,530
158,531
158,532
158,533
158,534
158,535
158,536
158,537
158,538
158,539
158,540
158,541
158,542
158,543
158,544
158,545
158,546
158,547
158,548
158,549
158,550
158,551
158,552
158,553
:57_7,554
:57_7,555
:57_7,556
:57_7,557
:57_7,558
:57_7,559
-49,560
-49,561
-49,562
-49,563
-49,564
-49,565
-49,566
-49,567
-49,568
-49,569
-49,570
-49,571
-49,572
-49,573
-49,574
-49,575
-49,576
-49,577
-49,578
-49,579
-49,580
-49,581
-49,582
-49,583
-49,584
-49,585
-49,586
-49,587
-49,588
-49,589
-49,590
-49,591
-49,592
-49,593
-49,594
-49,595
-49,596
-49,597
-49,598
-49,599
-49,600
-49,601
-49,602
-49,603
-49,604
-49,605
-49,606
-49,607
-49,608
-49,609
-49,610
-49,611
-49,612
-49,613
-49,614
-49,615
-49,616
-49,617
-49,618
-49,619
-49,620
-49,621
-49,622
-49,623
-49,624
-49,625
-49,626
-49,627
-49,628
-49,629
-49,630
-49,631
-49,632
-49,633
-49,634
-49,635
-49,636
-49,637
-49,638
-49,639
-49,640
-49,641
-49,642
-49,643
-49,644
-49,645
-49,646
-49,647
-49,648
-49,649
-49,650
-49,651
-49,652
-49,653
-49,654
-49,655
-49,656
-49,657
-49,658
-49,659
-49,660
-49,661
-49,662
-49,663
-49,664
-49,665
-49,666
-49,667
-49,668
-49,669
-49,670
-49,671
-49,672
-49,673
-49,674
-49,675
-49,676
-49,677
-49,678
-49,679
-49,680
-49,681
-49,682
-49,683
-49,684
-49,685
-49,686
-49,687
-49,688
-49,689
-49,690
-49,691
-49,692
-49,693
-49,694
-49,695
-49,696
-49,697
-49,698
-49,699
-49,700
-49,701
-49,702
-49,703
-49,704
-49,705
-49,706
-49,707
-49,708
-49,709
-49,710
-49,711
-49,712
-49,713
-49,714
-49,715
-49,716
-49,717
-49,718
-49,719
-49,720
-49,721
-49,722
-49,723
-49,724
-49,725
-49,726
-49,727
-49,728
-49,729
-49,730
-49,731
-49,732
-49,733
-49,734
-49,735
-49,736
-49,737
-49,738
-49,739
-49,740
-49,741
-49,742
-49,743
-49,744
-49,745
-49,746
-49,747
-49,748
-49,749
-49,750
-49,751
-49,752
-49,753
-49,754
-49,755
-49,756
-49,757
-49,758
-49,759
-49,760
-49,761
-49,762
-49,763
-49,764
-49,765
-49,766
-49,767
-49,768
-49,769
-49,770
-49,771
-49,772
-49,773
-49,774
-49,775
-49,776
-49,777
-49,778
-49,779
-49,780
-49,781
-49,782
:5_15,783
:5_15,784
:5_15,785
:5_15,786
:5_15,787
:5_15,788
:5_15,789
:5_15,790
:5_15,791
-4,792
-4,793
-4,794
-4,795
-4,796
-4,797
-4,798
-4,799
-4,800
-4,801
-4,802
-4,803
-4,804
-4,805
-4,806
-4,807
-4,808
-4,809
-4,810
-4,811
-4,812
-4,813
-4,814
-4,815
-4,816
-4,817
-4,818
-4,819
-4,820
-4,821
-4,822
-4,823
-4,824
-4,825
-4,826
-4,827
-4,828
-4,829
-4,830
-4,831
-4,832
-4,833
-4,834
-4,835
-4,836
-4,837
-4,838
-4,839
-4,840
-4,841
-4,842
-4,843
-4,844
-4,845
-4,846
-4,847
-4,848
-4,849
-4,850
-4,851
-4,852
-4,853
-4,854
-4,855
-4,856
-4,857
-4,858
-4,859
-4,860
-4,861
-4,862
-4,863
-4,864
-4,865
-4,866
-4,867
-4,868
-4,869
-4,870
-4,871
-4,872
-4,873
-4,874
-4,875
-4,876
-4,877
-4,878
-4,879
-4,880
-4,881
-4,882
-4,883
-4,884
-4,885
-4,886
-4,887
-4,888
-4,889
-4,890
-4,891
-4,892
-4,893
-4,894
-4,895
-4,896
-4,897
-4,898
-4,899
-4,900
-4,901
-4,902
-4,903
-4,904
-4,905
-4,906
-4,907
-4,908
-4,909
-4,910
-4,911
-4,912
-4,913
-4,914
-4,915
-4,916
-4,917
-4,918
-4,919
-4,920
-4,921
-4,922
-4,923
-4,924
-4,925
-4,926
-4,927
-4,928
-4,929
-4,930
-4,931
-4,932
-4,933
-4,934
-4,935
-4,936
-4,937
-4,938
-4,939
-4,940
-4,941
-4,942
-4,943
-4,944
-4,945
-4,946
-4,947
-4,948
-4,949
-4,950
-4,951
-4,952
-4,953
-4,954
-4,955
-4,956
-4,957
-4,958
-4,959
-4,960
-4,961
-4,962
-4,963
-4,964
-4,965
-295,1
-295,2
-295,3
-295,1
