300,1
300,1
300,1
300,2
300,3
300,4
300,5
300,6
300,7
300,8
300,9
300,10
300,11
300,12
300,13
300,14
300,15
300,16
300,17
300,18
300,19
300,20
300,21
300,22
300,23
300,24
300,25
300,26
300,27
300,28
300,29
300,30
300,31
300,32
300,33
300,34
300,35
300,36
300,37
300,38
300,39
300,40
300,41
300,42
300,43
300,44
300,45
300,46
300,47
300,48
300,49
300,50
300,51
300,52
300,53
300,54
300,55
300,56
300,57
300,58
300,59
300,60
300,61
300,62
300,63
300,64
300,65
300,66
300,67
300,68
300,69
300,70
300,71
300,72
300,73
300,74
300,75
300,76
300,77
300,78
300,79
300,80
300,81
300,82
300,83
300,84
300,85
300,86
300,87
300,88
300,89
300,90
300,91
300,92
300,93
300,94
300,95
300,96
300,97
300,98
300,99
300,100
300,101
300,102
300,103
300,104
300,105
300,106
300,107
300,108
300,109
300,110
300,111
300,112
300,113
300,114
300,115
:244_1,116
:244_1,117
:244_1,118
:244_1,119
:244_1,120
436,121
436,122
436,123
436,124
436,125
436,126
436,127
436,128
436,129
436,130
436,131
436,132
436,133
436,134
436,135
436,136
436,137
436,138
436,139
436,140
436,141
436,142
436,143
436,144
436,145
436,146
436,147
436,148
436,149
436,150
436,151
436,152
436,153
436,154
436,155
436,156
436,157
436,158
436,159
436,160
436,161
436,162
436,163
436,164
436,165
436,166
436,167
436,168
436,169
436,170
436,171
436,172
436,173
436,174
436,175
436,176
436,177
436,178
436,179
436,180
436,181
436,182
436,183
436,184
436,185
436,186
436,187
436,188
436,189
436,190
436,191
436,192
436,193
436,194
436,195
436,196
436,197
436,198
436,199
436,200
436,201
436,202
436,203
436,204
436,205
436,206
436,207
436,208
436,209
436,210
436,211
436,212
436,213
436,214
436,215
436,216
436,217
436,218
436,219
436,220
436,221
436,222
436,223
436,224
436,225
436,226
436,227
436,228
436,229
436,230
436,231
:192_7,232
:192_7,233
:192_7,234
:192_7,235
:192_7,236
-179,237
-179,238
-179,239
-179,240
-179,241
-179,242
-179,243
-179,244
-179,245
-179,246
-179,247
-179,248
-179,249
-179,250
-179,251
-179,252
-179,253
-179,254
-179,255
-179,256
-179,257
-179,258
-179,259
-179,260
-179,261
-179,262
-179,263
-179,264
-179,265
-179,266
-179,267
-179,268
-179,269
-179,270
-179,271
-179,272
-179,273
-179,274
-179,275
-179,276
-179,277
-179,278
-179,279
-179,280
-179,281
-179,282
-179,283
-179,284
-179,285
-179,286
-179,287
-179,288
-179,289
-179,290
-179,291
-179,292
-179,293
-179,294
-179,295
-179,296
-179,297
-179,298
-179,299
-179,300
-179,301
-179,302
-179,303
-179,304
-179,305
-179,306
-179,307
-179,308
-179,309
-179,310
-179,311
-179,312
-179,313
-179,314
-179,315
-179,316
-179,317
:163_13,318
:163_13,319
:163_13,320
:163_13,321
:163_13,322
:163_13,323
-148,324
-148,325
-148,326
-148,327
-148,328
-148,329
-148,330
-148,331
-148,332
-148,333
-148,334
-148,335
-148,336
-148,337
-148,338
-148,339
-148,340
-148,341
-148,342
-148,343
-148,344
-148,345
-148,346
-148,347
-148,348
-148,349
-148,350
-148,351
-148,352
-148,353
-148,354
-148,355
-148,356
-148,357
-148,358
-148,359
-148,360
-148,361
-148,362
-148,363
-148,364
-148,365
-148,366
-148,367
-148,368
-148,369
-148,370
-148,371
-148,372
-148,373
-148,374
-148,375
-148,376
-148,377
-148,378
-148,379
-148,380
-148,381
-148,382
-148,383
-148,384
-148,385
-148,386
-148,387
-148,388
-148,389
-148,390
-148,391
-148,392
-148,393
-148,394
-148,395
-148,396
-148,397
-148,398
-148,399
-148,400
-148,401
-148,402
-148,403
-148,404
-148,405
-148,406
:160_14,407
:160_14,408
:160_18,409
:160_18,410
:160_18,411
146,412
146,413
146,414
146,415
146,416
146,417
146,418
146,419
146,420
146,421
146,422
146,423
146,424
146,425
146,426
146,427
146,428
146,429
146,430
146,431
146,432
146,433
146,434
146,435
146,436
146,437
146,438
146,439
146,440
146,441
146,442
146,443
146,444
146,445
146,446
146,447
146,448
146,449
146,450
146,451
146,452
-625,453
-625,454
-625,455
-625,456
-625,457
-625,458
-625,459
-625,460
-625,461
-625,462
-625,463
-625,464
-625,465
-625,466
-625,467
-625,468
-625,469
-625,470
-625,471
-625,472
-625,473
-625,474
-625,475
-625,476
-625,477
-625,478
-625,479
-625,480
-625,481
-625,482
-625,483
-625,484
-625,485
-625,486
-625,487
-625,488
-625,489
-625,490
-625,491
-625,492
-625,493
-625,494
-625,495
-625,496
-625,497
-625,498
-625,499
:367_7,500
:367_7,501
:367_7,502
:367_7,503
:367_7,504
-415,505
-415,506
-415,507
-415,508
-415,509
-415,510
-415,511
-415,512
-415,513
-415,514
-415,515
-415,516
-415,517
-415,518
-415,519
-415,520
-415,521
-415,522
-415,523
-415,524
-415,525
-415,526
-415,527
-415,528
-415,529
-415,530
-415,531
-415,532
-415,533
-415,534
-415,535
-415,536
-415,537
-415,538
-415,539
-415,540
-415,541
-415,542
-415,543
-415,544
-415,545
-415,546
-415,547
-415,548
-415,549
-415,550
-415,551
-415,552
-415,553
-415,554
-415,555
-415,556
-415,557
-415,558
-415,559
-415,560
-415,561
-415,562
-415,563
-415,564
-415,565
-415,566
-415,567
-415,568
-415,569
-415,570
-415,571
-415,572
-415,573
-415,574
-415,575
-415,576
-415,577
-415,578
-415,579
-415,580
-415,581
-415,582
-415,583
-415,584
-415,585
-415,586
-415,587
-415,588
-415,589
:26_7,590
:26_7,591
:26_7,592
:26_7,593
:26_7,594
-167,595
-167,596
-167,597
-167,598
-167,599
-167,600
-167,601
-167,602
-167,603
-167,604
-167,605
-167,606
-167,607
-167,608
-167,609
-167,610
-167,611
-167,612
-167,613
-167,614
-167,615
-167,616
-167,617
-167,618
-167,619
-167,620
-167,621
-167,622
-167,623
-167,624
-167,625
-167,626
-167,627
-167,628
-167,629
-167,630
-167,631
-167,632
-167,633
-167,634
-167,635
-167,636
-167,637
-167,638
-167,639
-167,640
-167,641
-167,642
-167,643
-167,644
-167,645
-167,646
-167,647
-167,648
-167,649
-167,650
-167,651
-167,652
-167,653
-167,654
-167,655
-167,656
-167,657
-167,658
-167,659
-167,660
-167,661
-167,662
-167,663
-167,664
-167,665
-167,666
:178_5,667
:178_5,668
:178_5,669
:178_5,670
:178_5,671
:178_5,672
164,673
164,674
164,675
164,676
164,677
164,678
164,679
164,680
164,681
164,682
164,683
164,684
164,685
164,686
164,687
164,688
164,689
164,690
164,691
164,692
164,693
164,694
164,695
164,696
164,697
164,698
164,699
164,700
164,701
164,702
164,703
164,704
164,705
164,706
164,707
164,708
164,709
164,710
164,711
164,712
164,713
164,714
164,715
164,716
164,717
164,718
164,719
164,720
164,721
164,722
164,723
164,724
164,725
164,726
164,727
164,728
164,729
164,730
164,731
164,732
164,733
164,734
164,735
164,736
164,737
164,738
164,739
164,740
164,741
164,742
164,743
164,744
164,745
164,746
164,747
164,748
164,749
164,750
164,751
164,752
164,753
164,754
164,755
164,756
164,757
164,758
164,759
164,760
164,761
164,762
164,763
164,764
164,765
164,766
164,767
164,768
164,769
164,770
164,771
164,772
164,773
164,774
164,775
164,776
164,777
164,778
164,779
164,780
164,781
164,782
164,783
164,784
164,785
164,786
164,787
164,788
164,789
164,790
164,791
164,792
164,793
164,794
164,795
164,796
164,797
164,798
164,799
164,800
164,801
164,802
164,803
164,804
164,805
164,806
164,807
164,808
164,809
164,810
164,811
164,812
164,813
164,814
164,815
164,816
164,817
164,818
164,819
164,820
164,821
164,822
164,823
164,824
164,825
164,826
164,827
164,828
164,829
164,830
164,831
164,832
164,833
164,834
164,835
164,836
164,837
164,838
164,839
164,840
164,841
164,842
164,843
164,844
164,845
164,846
164,847
164,848
164,849
164,850
164,851
164,852
164,853
164,854
164,855
164,856
164,857
164,858
164,859
164,860
164,861
164,862
164,863
164,864
164,865
164,866
164,867
164,868
164,869
164,870
164,871
164,872
164,873
164,874
164,875
164,876
164,877
164,878
164,879
164,880
164,881
164,882
164,883
:179_9,884
:179_9,885
:179_9,886
:179_9,887
:179_9,888
-646,889
-646,890
-646,891
-646,892
-646,893
-646,894
-646,895
-646,896
-646,897
-646,898
-646,899
-646,900
-646,901
-646,902
-646,903
-646,904
-646,905
-646,906
-646,907
-646,908
-646,909
-646,910
-646,911
-646,912
-646,913
-646,914
-646,915
-646,916
-646,917
-646,918
-646,919
-646,920
-646,921
-646,922
-646,923
-646,924
-646,925
-646,926
-646,927
-646,928
-646,929
-646,930
-646,931
-646,932
-646,933
-646,934
-646,935
-646,936
-646,937
-646,938
-646,939
-646,940
-646,941
-646,942
-646,943
-646,944
-646,945
-646,946
-646,947
-646,948
-646,949
-646,950
-646,951
-646,952
-646,953
-646,954
-646,955
-646,956
-646,957
-646,958
-646,959
-646,960
-646,961
-646,962
-646,963
-646,964
-646,965
300,1
300,2
300,3
300,1
