-154,4
-154,5
-154,6
-154,7
-154,8
-154,9
-154,10
-154,11
-154,12
-154,13
-154,14
-154,15
-154,16
-154,17
-154,18
-154,19
-154,20
-154,21
-154,22
-154,23
-154,24
-154,25
-154,26
-154,27
-154,28
-154,29
-154,30
-154,31
-154,32
-154,33
-154,34
-154,35
-154,36
-154,37
-154,38
-154,39
-154,40
-154,41
-154,42
-154,43
-154,44
-154,45
-154,46
-154,47
-154,48
-154,49
-154,50
-154,51
-154,52
-154,53
-154,54
-154,55
-154,56
-154,57
-154,58
-154,59
-154,60
-154,61
-154,62
-154,63
-154,64
-154,65
-154,66
-154,67
-154,68
-154,69
-154,70
-154,71
-154,72
-154,73
-154,74
-154,75
-154,76
-154,77
-154,78
-154,79
-154,80
-154,81
-154,82
-154,83
-154,84
-154,85
-154,86
-154,87
-154,88
-154,89
-154,90
-154,91
-154,92
-154,93
-154,94
-154,95
-154,96
-154,97
-154,98
-154,99
-154,100
-154,101
-154,102
-154,103
-154,104
-154,105
-154,106
-154,107
-154,108
-154,109
-154,110
-154,111
-154,112
-154,113
-154,114
-154,115
-154,116
-154,117
-154,118
-154,119
-154,120
-154,121
-154,122
-154,123
-154,124
-154,125
-154,126
-154,127
-154,128
-154,129
-154,130
-154,131
-154,132
-154,133
-154,134
-154,135
-154,136
-154,137
-154,138
-154,139
-154,140
-154,141
-154,142
-154,143
-154,144
-154,145
-154,146
-154,147
-154,148
-154,149
-154,150
-154,151
-154,152
-154,153
-154,154
-154,155
-154,156
-154,157
-154,158
-154,159
-154,160
-154,161
-154,162
-154,163
-154,164
-154,165
-154,166
-154,167
-154,168
-154,169
-154,170
-154,171
-154,172
-154,173
-154,174
-154,175
-154,176
-154,177
-154,178
-154,179
-154,180
-154,181
-154,182
-154,183
-154,184
-154,185
-154,186
-154,187
-154,188
-154,189
-154,190
-154,191
-154,192
-154,193
-154,194
-154,195
-154,196
-154,197
-154,198
-154,199
-154,200
-154,201
-154,202
-154,203
-154,204
-154,205
-154,206
-154,207
-154,208
-154,209
-154,210
-154,211
-154,212
-154,213
-154,214
-154,215
-154,216
-154,217
-154,218
-154,219
-154,220
-154,221
-154,222
-154,223
-154,224
-154,225
-154,226
-154,227
-154,228
-154,229
-154,230
-154,231
-154,232
-154,233
-154,234
-154,235
-154,236
-154,237
-154,238
-154,239
-154,240
-154,241
-154,242
-154,243
-154,244
-154,245
-154,246
-154,247
-154,248
-154,249
:166_14,250
:166_14,251
:166_18,252
:166_18,253
:166_18,254
153,255
153,256
153,257
153,258
153,259
153,260
153,261
153,262
153,263
153,264
153,265
153,266
153,267
153,268
153,269
153,270
153,271
153,272
153,273
153,274
153,275
153,276
153,277
153,278
153,279
153,280
153,281
153,282
153,283
153,284
153,285
153,286
153,287
153,288
153,289
153,290
153,291
153,292
153,293
153,294
153,295
153,296
153,297
153,298
153,299
153,300
153,301
153,302
153,303
153,304
153,305
153,306
153,307
153,308
153,309
153,310
153,311
153,312
153,313
153,314
153,315
153,316
153,317
153,318
153,319
153,320
153,321
153,322
153,323
153,324
153,325
153,326
153,327
153,328
153,329
153,330
153,331
153,332
153,333
153,334
153,335
153,336
153,337
153,338
153,339
153,340
153,341
153,342
153,343
153,344
153,345
153,346
153,347
153,348
153,349
153,350
153,351
153,352
153,353
153,354
153,355
153,356
153,357
153,358
153,359
153,360
153,361
153,362
153,363
153,364
153,365
153,366
153,367
153,368
153,369
153,370
153,371
153,372
153,373
153,374
153,375
153,376
153,377
153,378
153,379
153,380
153,381
153,382
153,383
153,384
153,385
153,386
153,387
153,388
153,389
153,390
153,391
153,392
153,393
153,394
153,395
153,396
153,397
153,398
153,399
153,400
153,401
:169_7,402
:169_7,403
:169_7,404
:169_7,405
:169_7,406
:169_7,407
:169_7,408
-399,409
-399,410
-399,411
-399,412
-399,413
-399,414
-399,415
-399,416
-399,417
-399,418
-399,419
-399,420
-399,421
-399,422
-399,423
-399,424
-399,425
-399,426
-399,427
-399,428
-399,429
-399,430
-399,431
-399,432
-399,433
-399,434
-399,435
-399,436
-399,437
-399,438
-399,439
-399,440
-399,441
-399,442
-399,443
-399,444
-399,445
-399,446
-399,447
-399,448
-399,449
-399,450
-399,451
-399,452
-399,453
-399,454
-399,455
-399,456
-399,457
-399,458
-399,459
-399,460
-399,461
-399,462
-399,463
-399,464
-399,465
-399,466
-399,467
-399,468
-399,469
-399,470
-399,471
-399,472
-399,473
-399,474
-399,475
-399,476
-399,477
-399,478
-399,479
-399,480
-399,481
-399,482
-399,483
-399,484
-399,485
-399,486
-399,487
-399,488
-399,489
-399,490
-399,491
-399,492
-399,493
-399,494
-399,495
-399,496
-399,497
-399,498
-399,499
-399,500
-399,501
-399,502
-399,503
-399,504
-399,505
-399,506
-399,507
-399,508
-399,509
-399,510
-399,511
-399,512
-399,513
-399,514
-399,515
-399,516
-399,517
-399,518
-399,519
-399,520
-399,521
-399,522
-399,523
-399,524
-399,525
-399,526
-399,527
-399,528
-399,529
-399,530
-399,531
-399,532
-399,533
-399,534
-399,535
-399,536
-399,537
-399,538
-399,539
-399,540
-399,541
-399,542
-399,543
-399,544
-399,545
-399,546
-399,547
-399,548
-399,549
-399,550
-399,551
-399,552
-399,553
-399,554
-399,555
-399,556
-399,557
-399,558
-399,559
-399,560
-399,561
-399,562
-399,563
-399,564
-399,565
-399,566
-399,567
-399,568
-399,569
-399,570
-399,571
:159_7,572
:159_7,573
:159_7,574
:159_7,575
:159_7,576
:159_7,577
-144,578
-144,579
-144,580
-144,581
-144,582
-144,583
-144,584
-144,585
-144,586
-144,587
-144,588
-144,589
-144,590
-144,591
-144,592
-144,593
-144,594
-144,595
-144,596
-144,597
-144,598
-144,599
-144,600
-144,601
-144,602
-144,603
-144,604
-144,605
-144,606
-144,607
-144,608
-144,609
-144,610
-144,611
-144,612
-144,613
-144,614
-144,615
-144,616
-144,617
-144,618
-144,619
-144,620
-144,621
-144,622
-144,623
-144,624
-144,625
-144,626
-144,627
-144,628
-144,629
-144,630
-144,631
-144,632
-144,633
-144,634
-144,635
-144,636
-144,637
-144,638
-144,639
-144,640
-144,641
-144,642
-144,643
-144,644
-144,645
-144,646
-144,647
-144,648
-144,649
-144,650
-144,651
-144,652
-144,653
-144,654
-144,655
-144,656
-144,657
-144,658
-144,659
-144,660
-144,661
-144,662
-144,663
-144,664
-144,665
-144,666
-144,667
-144,668
-144,669
-144,670
-144,671
-144,672
-144,673
-144,674
-144,675
-144,676
-144,677
-144,678
-144,679
-144,680
-144,681
-144,682
-144,683
-144,684
-144,685
-144,686
-144,687
-144,688
-144,689
-144,690
-144,691
-144,692
-144,693
-144,694
-144,695
-144,696
-144,697
-144,698
-144,699
-144,700
-144,701
-144,702
-144,703
-144,704
-144,705
-144,706
-144,707
-144,708
-144,709
-144,710
-144,711
-144,712
-144,713
-144,714
-144,715
-144,716
-144,717
-144,718
-144,719
-144,720
-144,721
-144,722
-144,723
-144,724
-144,725
-144,726
-144,727
-144,728
-144,729
-144,730
-144,731
-144,732
-144,733
-144,734
-144,735
-144,736
-144,737
-144,738
-144,739
-144,740
-144,741
-144,742
-144,743
-144,744
-144,745
-144,746
-144,747
-144,748
-144,749
-144,750
-144,751
-144,752
-144,753
-144,754
-144,755
-144,756
-144,757
-144,758
-144,759
-144,760
-144,761
-144,762
-144,763
-144,764
-144,765
-144,766
-144,767
-144,768
-144,769
-144,770
-144,771
-144,772
-144,773
-144,774
-144,775
-144,776
-144,777
-144,778
-144,779
-144,780
-144,781
-144,782
-144,783
-144,784
-144,785
-144,786
-144,787
-144,788
-144,789
-144,790
-144,791
-144,792
-144,793
-144,794
-144,795
-144,796
-144,797
-144,798
-144,799
-144,800
-144,801
-144,802
-144,803
-144,804
-144,805
-144,806
-144,807
-144,808
-144,809
-144,810
-144,811
-144,812
-144,813
-144,814
-144,815
-144,816
-144,817
-144,818
-144,819
-144,820
-144,821
-144,822
-144,823
-144,824
-144,825
-144,826
-144,827
-144,828
-144,829
-144,830
-144,831
-144,832
:135_7,833
:135_7,834
:135_7,835
:135_7,836
:135_7,837
:135_7,838
-118,839
-118,840
-118,841
-118,842
-118,843
-118,844
-118,845
-118,846
-118,847
-118,848
-118,849
-118,850
-118,851
-118,852
-118,853
-118,854
-118,855
-118,856
-118,857
-118,858
-118,859
-118,860
-118,861
-118,862
-118,863
-118,864
-118,865
-118,866
-118,867
-118,868
-118,869
-118,870
-118,871
-118,872
-118,873
-118,874
-118,875
-118,876
-118,877
-118,878
-118,879
-118,880
-118,881
-118,882
-118,883
-118,884
-118,885
-118,886
-118,887
-118,888
-118,889
-118,890
-118,891
-118,892
-118,893
-118,894
-118,895
-118,896
-118,897
-118,898
-118,899
-118,900
-118,901
-118,902
-118,903
-118,904
-118,905
-118,906
-118,907
-118,908
-118,909
-118,910
-118,911
-118,912
-118,913
-118,914
-118,915
-118,916
-118,917
-118,918
-118,919
-118,920
-118,921
-118,922
-118,923
-118,924
-118,925
-118,926
-118,927
-118,928
-118,929
-118,930
-118,931
-118,932
-118,933
-118,934
-118,935
-118,936
-118,937
-118,938
-118,939
-118,940
-118,941
-118,942
-118,943
-118,944
-118,945
-118,946
-118,947
-118,948
-118,949
-118,950
-118,951
-118,952
-118,953
-118,954
-118,955
-118,956
-118,957
-118,958
-118,959
-118,960
-118,961
-118,962
-118,963
-118,964
-118,965
-154,4
