659,1
659,1
659,1
659,2
659,3
659,4
659,5
659,6
659,7
659,8
659,9
659,10
659,11
659,12
659,13
659,14
659,15
659,16
659,17
659,18
659,19
659,20
659,21
659,22
659,23
659,24
659,25
659,26
659,27
659,28
659,29
659,30
659,31
659,32
659,33
659,34
659,35
659,36
659,37
659,38
659,39
659,40
659,41
659,42
659,43
659,44
659,45
659,46
659,47
659,48
659,49
659,50
659,51
659,52
659,53
659,54
659,55
659,56
659,57
659,58
659,59
659,60
659,61
659,62
659,63
659,64
659,65
659,66
659,67
659,68
659,69
659,70
659,71
659,72
659,73
659,74
659,75
659,76
659,77
659,78
659,79
659,80
659,81
659,82
659,83
659,84
:75_0,85
:75_0,86
:75_0,87
-65,88
-65,89
-65,90
-65,91
-65,92
-65,93
-65,94
-65,95
-65,96
-65,97
-65,98
-65,99
-65,100
-65,101
-65,102
-65,103
-65,104
-65,105
-65,106
-65,107
-65,108
-65,109
-65,110
-65,111
-65,112
-65,113
-65,114
-65,115
-65,116
-65,117
-65,118
-65,119
-65,120
-65,121
-65,122
-65,123
-65,124
-65,125
-65,126
-65,127
-65,128
-65,129
-65,130
-65,131
-65,132
-65,133
-65,134
-65,135
-65,136
-65,137
-65,138
-65,139
-65,140
-65,141
-65,142
-65,143
-65,144
-65,145
-65,146
-65,147
-65,148
-65,149
-65,150
-65,151
-65,152
-65,153
-65,154
-65,155
-65,156
-65,157
-65,158
-65,159
-65,160
-65,161
-65,162
-65,163
-65,164
-65,165
-65,166
-65,167
-65,168
-65,169
-65,170
-65,171
-65,172
-65,173
-65,174
-65,175
-65,176
-65,177
-65,178
-65,179
-65,180
-65,181
-65,182
-65,183
-65,184
-65,185
-65,186
-65,187
:74_6,188
:74_6,189
:74_16,190
:74_16,191
67,192
67,193
67,194
67,195
67,196
67,197
67,198
67,199
67,200
67,201
67,202
67,203
67,204
67,205
67,206
67,207
67,208
67,209
67,210
67,211
67,212
67,213
67,214
67,215
67,216
67,217
67,218
67,219
67,220
67,221
67,222
67,223
67,224
67,225
67,226
67,227
67,228
67,229
67,230
67,231
67,232
67,233
67,234
67,235
67,236
67,237
67,238
67,239
67,240
67,241
67,242
67,243
67,244
67,245
67,246
67,247
67,248
67,249
67,250
67,251
67,252
67,253
67,254
67,255
67,256
67,257
67,258
67,259
67,260
67,261
67,262
67,263
67,264
67,265
67,266
67,267
67,268
67,269
67,270
67,271
67,272
67,273
67,274
67,275
67,276
67,277
67,278
67,279
67,280
67,281
67,282
67,283
67,284
67,285
67,286
67,287
67,288
67,289
67,290
67,291
67,292
:77_6,293
:77_6,294
:77_6,295
:77_6,296
-121,297
-121,298
-121,299
-121,300
-121,301
-121,302
-121,303
-121,304
-121,305
-121,306
-121,307
-121,308
-121,309
-121,310
-121,311
-121,312
-121,313
-121,314
-121,315
-121,316
-121,317
-121,318
-121,319
-121,320
-121,321
-121,322
-121,323
-121,324
-121,325
-121,326
-121,327
-121,328
-121,329
-121,330
-121,331
-121,332
-121,333
-121,334
-121,335
-121,336
-121,337
-121,338
-121,339
-121,340
-121,341
-121,342
-121,343
-121,344
-121,345
-121,346
-121,347
-121,348
-121,349
-121,350
-121,351
-121,352
-121,353
-121,354
-121,355
-121,356
-121,357
:137_0,358
:137_0,359
:137_0,360
:137_0,361
:137_0,362
122,363
122,364
122,365
122,366
122,367
122,368
122,369
122,370
122,371
122,372
122,373
122,374
122,375
122,376
122,377
122,378
122,379
122,380
122,381
122,382
122,383
122,384
122,385
122,386
122,387
122,388
122,389
122,390
122,391
122,392
122,393
122,394
122,395
122,396
122,397
122,398
122,399
122,400
122,401
122,402
122,403
122,404
122,405
122,406
122,407
122,408
122,409
122,410
122,411
122,412
122,413
122,414
122,415
122,416
122,417
122,418
122,419
122,420
122,421
122,422
122,423
122,424
122,425
122,426
122,427
122,428
122,429
122,430
122,431
122,432
122,433
122,434
122,435
122,436
122,437
:60_6,438
:60_6,439
:60_6,440
:60_6,441
:60_6,442
-52,443
-52,444
-52,445
-52,446
-52,447
-52,448
-52,449
-52,450
-52,451
-52,452
-52,453
-52,454
-52,455
-52,456
-52,457
-52,458
-52,459
-52,460
-52,461
-52,462
-52,463
-52,464
-52,465
-52,466
-52,467
-52,468
-52,469
-52,470
-52,471
-52,472
-52,473
-52,474
-52,475
-52,476
-52,477
-52,478
-52,479
-52,480
-52,481
-52,482
-52,483
-52,484
-52,485
-52,486
-52,487
-52,488
-52,489
-52,490
-52,491
-52,492
-52,493
-52,494
-52,495
-52,496
-52,497
-52,498
-52,499
-52,500
-52,501
-52,502
-52,503
-52,504
-52,505
-52,506
-52,507
-52,508
-52,509
-52,510
-52,511
-52,512
-52,513
-52,514
-52,515
-52,516
-52,517
-52,518
-52,519
-52,520
-52,521
-52,522
-52,523
-52,524
-52,525
-52,526
-52,527
-52,528
-52,529
-52,530
-52,531
-52,532
-52,533
-52,534
-52,535
-52,536
-52,537
-52,538
-52,539
-52,540
-52,541
-52,542
-52,543
-52,544
-52,545
-52,546
-52,547
-52,548
-52,549
-52,550
-52,551
-52,552
-52,553
-52,554
-52,555
-52,556
-52,557
-52,558
-52,559
-52,560
-52,561
-52,562
-52,563
-52,564
-52,565
-52,566
-52,567
-52,568
-52,569
-52,570
-52,571
-52,572
-52,573
-52,574
-52,575
:58_1,576
:58_1,577
:58_1,578
:58_1,579
:58_1,580
51,581
51,582
51,583
51,584
51,585
51,586
51,587
51,588
51,589
51,590
51,591
51,592
51,593
51,594
51,595
51,596
51,597
51,598
51,599
51,600
51,601
51,602
51,603
51,604
51,605
51,606
51,607
51,608
51,609
51,610
51,611
51,612
51,613
51,614
51,615
51,616
51,617
51,618
51,619
51,620
51,621
51,622
51,623
51,624
51,625
51,626
51,627
51,628
51,629
51,630
51,631
51,632
51,633
51,634
51,635
51,636
51,637
51,638
51,639
51,640
51,641
51,642
51,643
51,644
51,645
51,646
51,647
51,648
51,649
51,650
51,651
51,652
51,653
51,654
51,655
51,656
51,657
51,658
51,659
51,660
51,661
51,662
51,663
51,664
51,665
51,666
51,667
51,668
51,669
51,670
51,671
51,672
51,673
51,674
51,675
51,676
51,677
51,678
51,679
51,680
51,681
51,682
51,683
51,684
51,685
51,686
51,687
51,688
51,689
51,690
51,691
51,692
51,693
:59_6,694
:59_6,695
:59_6,696
402,697
402,698
402,699
402,700
402,701
402,702
402,703
402,704
402,705
402,706
402,707
402,708
402,709
402,710
402,711
402,712
402,713
402,714
402,715
402,716
402,717
402,718
402,719
402,720
402,721
402,722
402,723
402,724
402,725
402,726
402,727
402,728
402,729
402,730
402,731
402,732
402,733
402,734
402,735
402,736
402,737
402,738
402,739
402,740
402,741
402,742
402,743
402,744
402,745
402,746
402,747
402,748
402,749
402,750
402,751
402,752
402,753
402,754
402,755
402,756
402,757
402,758
402,759
402,760
402,761
402,762
402,763
402,764
402,765
402,766
402,767
402,768
402,769
402,770
402,771
402,772
402,773
402,774
402,775
402,776
402,777
402,778
402,779
402,780
402,781
402,782
402,783
402,784
402,785
402,786
402,787
402,788
402,789
402,790
402,791
402,792
402,793
402,794
402,795
402,796
402,797
402,798
402,799
402,800
402,801
402,802
402,803
402,804
402,805
402,806
402,807
402,808
402,809
402,810
402,811
:361_0,812
:361_0,813
:361_0,814
:361_0,815
-442,816
-442,817
-442,818
-442,819
-442,820
-442,821
-442,822
-442,823
-442,824
-442,825
-442,826
-442,827
-442,828
-442,829
-442,830
-442,831
-442,832
-442,833
-442,834
-442,835
-442,836
-442,837
-442,838
-442,839
-442,840
-442,841
-442,842
-442,843
-442,844
-442,845
-442,846
-442,847
-442,848
-442,849
-442,850
-442,851
-442,852
-442,853
-442,854
-442,855
-442,856
-442,857
-442,858
-442,859
-442,860
-442,861
-442,862
-442,863
-442,864
-442,865
-442,866
-442,867
-442,868
-442,869
-442,870
-442,871
-442,872
-442,873
-442,874
-442,875
-442,876
-442,877
-442,878
-442,879
-442,880
-442,881
-442,882
-442,883
-442,884
-442,885
-442,886
-442,887
-442,888
-442,889
-442,890
-442,891
-442,892
:152_0,893
:152_0,894
:152_0,895
:152_0,896
-137,897
-137,898
-137,899
-137,900
-137,901
-137,902
-137,903
-137,904
-137,905
-137,906
-137,907
-137,908
-137,909
-137,910
-137,911
-137,912
-137,913
-137,914
-137,915
-137,916
-137,917
-137,918
-137,919
-137,920
-137,921
-137,922
-137,923
-137,924
-137,925
-137,926
-137,927
-137,928
-137,929
-137,930
-137,931
-137,932
-137,933
-137,934
-137,935
-137,936
-137,937
-137,938
-137,939
-137,940
-137,941
-137,942
-137,943
-137,944
-137,945
-137,946
-137,947
-137,948
-137,949
-137,950
-137,951
-137,952
-137,953
-137,954
-137,955
-137,956
-137,957
-137,958
-137,959
-137,960
-137,961
-137,962
-137,963
-137,964
-137,965
659,1
659,2
659,3
659,1
