369,1
369,1
369,1
369,2
369,3
369,4
369,5
369,6
369,7
369,8
369,9
369,10
369,11
369,12
369,13
369,14
369,15
369,16
369,17
369,18
369,19
369,20
369,21
369,22
369,23
369,24
369,25
369,26
369,27
369,28
369,29
369,30
369,31
369,32
369,33
369,34
369,35
369,36
369,37
369,38
369,39
369,40
369,41
369,42
369,43
369,44
369,45
369,46
369,47
369,48
369,49
369,50
369,51
369,52
369,53
369,54
369,55
369,56
369,57
369,58
369,59
369,60
369,61
369,62
369,63
369,64
369,65
369,66
369,67
369,68
369,69
369,70
369,71
369,72
369,73
369,74
369,75
369,76
369,77
369,78
369,79
369,80
369,81
369,82
369,83
369,84
369,85
369,86
369,87
369,88
369,89
369,90
369,91
369,92
369,93
369,94
369,95
369,96
369,97
369,98
369,99
369,100
369,101
369,102
369,103
369,104
369,105
369,106
369,107
369,108
369,109
369,110
369,111
369,112
369,113
369,114
369,115
369,116
369,117
369,118
369,119
369,120
369,121
369,122
369,123
369,124
369,125
369,126
369,127
369,128
369,129
369,130
369,131
369,132
369,133
369,134
369,135
369,136
369,137
369,138
369,139
369,140
369,141
369,142
369,143
369,144
369,145
369,146
369,147
369,148
369,149
369,150
369,151
369,152
369,153
369,154
369,155
369,156
369,157
369,158
369,159
369,160
369,161
369,162
369,163
369,164
369,165
369,166
369,167
369,168
369,169
369,170
369,171
369,172
369,173
369,174
369,175
369,176
369,177
369,178
369,179
369,180
369,181
369,182
369,183
369,184
369,185
369,186
369,187
369,188
369,189
369,190
369,191
369,192
369,193
369,194
369,195
369,196
369,197
369,198
369,199
369,200
369,201
369,202
369,203
369,204
369,205
369,206
369,207
369,208
369,209
369,210
369,211
369,212
369,213
369,214
369,215
369,216
369,217
369,218
369,219
369,220
:338_3,221
:338_3,222
:338_3,223
:338_3,224
:338_3,225
:338_3,226
-454,227
-454,228
-454,229
-454,230
-454,231
-454,232
-454,233
-454,234
-454,235
-454,236
-454,237
-454,238
-454,239
-454,240
-454,241
-454,242
-454,243
-454,244
-454,245
-454,246
-454,247
-454,248
-454,249
-454,250
-454,251
-454,252
-454,253
-454,254
-454,255
-454,256
-454,257
-454,258
-454,259
-454,260
-454,261
-454,262
-454,263
-454,264
-454,265
-454,266
-454,267
-454,268
-454,269
-454,270
-454,271
-454,272
-454,273
-454,274
-454,275
-454,276
-454,277
-454,278
-454,279
-454,280
-454,281
-454,282
-454,283
-454,284
-454,285
-454,286
-454,287
-454,288
-454,289
-454,290
-454,291
-454,292
-454,293
-454,294
-454,295
-454,296
-454,297
-454,298
-454,299
-454,300
-454,301
-454,302
-454,303
-454,304
-454,305
-454,306
-454,307
-454,308
-454,309
-454,310
-454,311
-454,312
-454,313
-454,314
-454,315
-454,316
-454,317
-454,318
-454,319
-454,320
-454,321
:279_3,322
:279_3,323
:279_3,324
:279_3,325
:279_3,326
:279_3,327
-289,328
-289,329
-289,330
-289,331
-289,332
-289,333
-289,334
-289,335
-289,336
-289,337
-289,338
-289,339
-289,340
-289,341
-289,342
-289,343
-289,344
-289,345
-289,346
-289,347
-289,348
-289,349
-289,350
-289,351
-289,352
-289,353
-289,354
-289,355
-289,356
-289,357
-289,358
-289,359
-289,360
-289,361
-289,362
-289,363
-289,364
-289,365
-289,366
-289,367
-289,368
-289,369
-289,370
-289,371
-289,372
-289,373
-289,374
-289,375
-289,376
-289,377
-289,378
-289,379
-289,380
-289,381
-289,382
-289,383
-289,384
-289,385
-289,386
-289,387
-289,388
-289,389
-289,390
-289,391
-289,392
-289,393
-289,394
-289,395
-289,396
-289,397
-289,398
-289,399
-289,400
-289,401
-289,402
-289,403
-289,404
-289,405
-289,406
-289,407
-289,408
-289,409
-289,410
-289,411
-289,412
-289,413
-289,414
:248_10,415
:248_10,416
:248_18,417
:248_18,418
:248_18,419
:248_18,420
-247,421
-247,422
-247,423
-247,424
-247,425
-247,426
-247,427
-247,428
-247,429
-247,430
-247,431
-247,432
-247,433
-247,434
-247,435
-247,436
-247,437
-247,438
-247,439
-247,440
-247,441
-247,442
-247,443
-247,444
-247,445
-247,446
-247,447
-247,448
-247,449
-247,450
-247,451
-247,452
-247,453
-247,454
-247,455
-247,456
-247,457
-247,458
-247,459
-247,460
-247,461
-247,462
-247,463
-247,464
-247,465
-247,466
-247,467
-247,468
-247,469
-247,470
-247,471
-247,472
-247,473
-247,474
-247,475
-247,476
-247,477
-247,478
-247,479
-247,480
-247,481
-247,482
-247,483
-247,484
-247,485
-247,486
-247,487
-247,488
-247,489
-247,490
-247,491
-247,492
-247,493
-247,494
-247,495
-247,496
-247,497
-247,498
-247,499
-247,500
-247,501
-247,502
-247,503
-247,504
-247,505
-247,506
-247,507
-247,508
-247,509
-247,510
-247,511
-247,512
-247,513
-247,514
-247,515
-247,516
-247,517
-247,518
-247,519
-247,520
-247,521
-247,522
-247,523
-247,524
-247,525
-247,526
:197_0,527
:197_0,528
:197_0,529
:197_0,530
:197_0,531
:197_0,532
-183,533
-183,534
-183,535
-183,536
-183,537
-183,538
-183,539
-183,540
-183,541
-183,542
-183,543
-183,544
-183,545
-183,546
-183,547
-183,548
-183,549
-183,550
-183,551
-183,552
-183,553
-183,554
-183,555
-183,556
-183,557
-183,558
-183,559
-183,560
-183,561
-183,562
-183,563
-183,564
-183,565
-183,566
-183,567
-183,568
-183,569
-183,570
-183,571
-183,572
-183,573
-183,574
-183,575
-183,576
-183,577
-183,578
-183,579
-183,580
-183,581
-183,582
-183,583
-183,584
-183,585
-183,586
-183,587
-183,588
-183,589
-183,590
-183,591
-183,592
-183,593
-183,594
-183,595
-183,596
-183,597
-183,598
-183,599
-183,600
-183,601
-183,602
-183,603
-183,604
-183,605
-183,606
-183,607
-183,608
-183,609
-183,610
-183,611
-183,612
-183,613
-183,614
-183,615
-183,616
-183,617
-183,618
-183,619
-183,620
-183,621
-183,622
-183,623
-183,624
-183,625
-183,626
-183,627
-183,628
:194_0,629
:194_0,630
:194_0,631
:194_0,632
:194_0,633
182,634
182,635
182,636
182,637
182,638
182,639
182,640
182,641
182,642
182,643
182,644
182,645
182,646
182,647
182,648
182,649
182,650
182,651
182,652
182,653
182,654
182,655
182,656
182,657
182,658
182,659
182,660
182,661
182,662
182,663
182,664
182,665
182,666
182,667
182,668
182,669
182,670
182,671
182,672
182,673
182,674
182,675
182,676
182,677
182,678
182,679
182,680
182,681
182,682
182,683
182,684
182,685
182,686
182,687
182,688
182,689
182,690
182,691
182,692
182,693
182,694
182,695
182,696
182,697
182,698
182,699
182,700
:196_5,701
:196_5,702
:196_5,703
:196_5,704
:196_5,705
:196_5,706
206,707
206,708
206,709
206,710
206,711
206,712
206,713
206,714
206,715
206,716
206,717
206,718
206,719
206,720
206,721
206,722
206,723
206,724
206,725
206,726
206,727
206,728
206,729
206,730
206,731
206,732
206,733
206,734
206,735
206,736
206,737
206,738
206,739
206,740
206,741
206,742
206,743
206,744
206,745
206,746
206,747
206,748
206,749
206,750
206,751
206,752
206,753
206,754
206,755
206,756
206,757
206,758
206,759
206,760
206,761
206,762
206,763
206,764
206,765
206,766
:103_4,767
:103_4,768
:103_4,769
:103_4,770
:103_4,771
:103_4,772
-88,773
-88,774
-88,775
-88,776
-88,777
-88,778
-88,779
-88,780
-88,781
-88,782
-88,783
-88,784
-88,785
-88,786
-88,787
-88,788
-88,789
-88,790
-88,791
-88,792
-88,793
-88,794
-88,795
-88,796
-88,797
-88,798
-88,799
-88,800
-88,801
-88,802
-88,803
-88,804
-88,805
-88,806
-88,807
-88,808
-88,809
-88,810
-88,811
-88,812
-88,813
-88,814
-88,815
-88,816
-88,817
-88,818
-88,819
-88,820
-88,821
-88,822
-88,823
-88,824
-88,825
-88,826
-88,827
-88,828
-88,829
-88,830
-88,831
-88,832
-88,833
-88,834
-88,835
-88,836
-88,837
-88,838
-88,839
-88,840
-88,841
-88,842
-88,843
-88,844
-88,845
-88,846
-88,847
-88,848
-88,849
-88,850
-88,851
-88,852
-88,853
-88,854
-88,855
-88,856
-88,857
-88,858
-88,859
-88,860
-88,861
:27_5,862
:27_5,863
:27_5,864
:27_5,865
:27_5,866
:27_5,867
86,868
86,869
86,870
86,871
86,872
86,873
86,874
86,875
86,876
86,877
86,878
86,879
86,880
86,881
86,882
86,883
86,884
86,885
86,886
86,887
86,888
86,889
86,890
86,891
86,892
86,893
86,894
86,895
86,896
86,897
86,898
86,899
86,900
86,901
86,902
86,903
86,904
86,905
86,906
86,907
86,908
86,909
86,910
86,911
86,912
86,913
86,914
86,915
86,916
86,917
86,918
86,919
86,920
86,921
86,922
86,923
86,924
86,925
86,926
86,927
86,928
86,929
86,930
86,931
86,932
86,933
86,934
86,935
86,936
86,937
86,938
86,939
86,940
86,941
86,942
86,943
86,944
86,945
86,946
86,947
86,948
86,949
86,950
86,951
86,952
86,953
86,954
86,955
86,956
86,957
86,958
86,959
:101_4,960
:101_4,961
:101_4,962
:101_4,963
:101_4,964
-147,965
369,1
369,2
369,3
369,1
