-123,1
-123,1
-123,1
-123,2
-123,3
-123,4
-123,5
-123,6
-123,7
-123,8
-123,9
-123,10
-123,11
-123,12
-123,13
-123,14
-123,15
-123,16
-123,17
-123,18
-123,19
-123,20
-123,21
-123,22
-123,23
-123,24
-123,25
-123,26
-123,27
-123,28
-123,29
-123,30
-123,31
-123,32
-123,33
-123,34
-123,35
-123,36
-123,37
-123,38
-123,39
-123,40
-123,41
-123,42
-123,43
-123,44
-123,45
-123,46
-123,47
-123,48
-123,49
-123,50
-123,51
-123,52
-123,53
-123,54
-123,55
-123,56
-123,57
-123,58
-123,59
-123,60
-123,61
-123,62
-123,63
-123,64
-123,65
-123,66
-123,67
-123,68
-123,69
-123,70
-123,71
-123,72
-123,73
-123,74
-123,75
-123,76
-123,77
-123,78
-123,79
-123,80
-123,81
-123,82
-123,83
-123,84
-123,85
:139_4,86
:139_4,87
:139_4,88
:139_4,89
124,90
124,91
124,92
124,93
124,94
124,95
124,96
124,97
124,98
124,99
124,100
124,101
124,102
124,103
124,104
124,105
124,106
124,107
124,108
124,109
124,110
124,111
124,112
124,113
124,114
124,115
124,116
124,117
124,118
124,119
124,120
124,121
124,122
124,123
124,124
124,125
124,126
124,127
124,128
124,129
124,130
124,131
124,132
124,133
124,134
124,135
124,136
124,137
124,138
124,139
124,140
124,141
124,142
124,143
124,144
124,145
124,146
124,147
124,148
124,149
124,150
124,151
124,152
124,153
124,154
124,155
124,156
124,157
124,158
124,159
124,160
124,161
124,162
124,163
124,164
124,165
124,166
124,167
124,168
124,169
124,170
124,171
124,172
124,173
124,174
124,175
124,176
124,177
124,178
124,179
124,180
124,181
124,182
124,183
124,184
124,185
124,186
124,187
124,188
124,189
124,190
124,191
124,192
124,193
124,194
124,195
124,196
124,197
124,198
124,199
124,200
124,201
124,202
124,203
124,204
124,205
124,206
124,207
124,208
124,209
124,210
:141_1,211
125,212
125,213
125,214
125,215
125,216
125,217
125,218
125,219
125,220
125,221
125,222
125,223
125,224
125,225
125,226
125,227
:142_6,228
:142_6,229
:142_6,230
:142_6,231
:142_6,232
-428,233
-428,234
-428,235
-428,236
-428,237
-428,238
-428,239
-428,240
-428,241
-428,242
-428,243
-428,244
-428,245
-428,246
-428,247
-428,248
-428,249
-428,250
-428,251
-428,252
-428,253
-428,254
-428,255
-428,256
-428,257
-428,258
-428,259
-428,260
-428,261
-428,262
-428,263
-428,264
-428,265
-428,266
-428,267
-428,268
-428,269
-428,270
-428,271
-428,272
-428,273
-428,274
:80_7,275
:80_7,276
:80_7,277
:80_7,278
427,279
427,280
427,281
427,282
427,283
427,284
427,285
427,286
427,287
427,288
427,289
427,290
427,291
427,292
427,293
427,294
427,295
427,296
427,297
427,298
427,299
427,300
427,301
427,302
427,303
427,304
427,305
427,306
427,307
427,308
427,309
427,310
427,311
427,312
427,313
427,314
:108_3,315
:108_3,316
:108_3,317
:108_3,318
-359,319
-359,320
-359,321
-359,322
-359,323
-359,324
-359,325
-359,326
-359,327
-359,328
-359,329
-359,330
-359,331
-359,332
-359,333
-359,334
-359,335
-359,336
-359,337
-359,338
-359,339
-359,340
-359,341
-359,342
-359,343
-359,344
-359,345
-359,346
-359,347
-359,348
-359,349
-359,350
-359,351
-359,352
-359,353
-359,354
-359,355
-359,356
-359,357
-359,358
-359,359
-359,360
-359,361
-359,362
-359,363
-359,364
-359,365
-359,366
-359,367
-359,368
-359,369
-359,370
-359,371
-359,372
-359,373
-359,374
-359,375
-359,376
-359,377
-359,378
-359,379
-359,380
-359,381
-359,382
-359,383
-359,384
-359,385
-359,386
-359,387
-359,388
-359,389
-359,390
-359,391
-359,392
-359,393
-359,394
-359,395
-359,396
-359,397
-359,398
-359,399
-359,400
-359,401
-359,402
-359,403
-359,404
:145_9,405
:145_9,406
:145_9,407
:145_9,408
:145_9,409
356,410
356,411
356,412
356,413
356,414
356,415
356,416
356,417
356,418
356,419
356,420
356,421
356,422
356,423
356,424
356,425
356,426
356,427
356,428
356,429
356,430
356,431
356,432
356,433
356,434
356,435
356,436
356,437
356,438
356,439
356,440
356,441
356,442
356,443
356,444
356,445
356,446
356,447
356,448
356,449
356,450
356,451
356,452
356,453
356,454
356,455
356,456
356,457
356,458
356,459
356,460
356,461
356,462
356,463
356,464
356,465
356,466
356,467
356,468
356,469
356,470
356,471
356,472
356,473
356,474
356,475
356,476
356,477
356,478
356,479
356,480
:332_13,481
:332_13,482
:332_13,483
:332_13,484
549,485
549,486
549,487
549,488
549,489
549,490
549,491
549,492
549,493
549,494
549,495
549,496
549,497
549,498
549,499
549,500
549,501
549,502
549,503
549,504
549,505
549,506
549,507
549,508
549,509
549,510
549,511
549,512
549,513
549,514
549,515
549,516
549,517
549,518
549,519
549,520
549,521
549,522
549,523
549,524
549,525
549,526
549,527
549,528
549,529
549,530
549,531
549,532
549,533
549,534
549,535
549,536
549,537
549,538
549,539
549,540
549,541
549,542
549,543
549,544
549,545
549,546
549,547
549,548
549,549
549,550
549,551
549,552
549,553
549,554
549,555
549,556
549,557
549,558
549,559
:444_6,560
:444_6,561
:444_6,562
595,563
595,564
595,565
595,566
595,567
595,568
595,569
595,570
595,571
595,572
595,573
595,574
595,575
595,576
595,577
595,578
595,579
595,580
595,581
595,582
595,583
595,584
595,585
595,586
595,587
595,588
595,589
595,590
595,591
595,592
595,593
595,594
595,595
595,596
595,597
595,598
595,599
595,600
595,601
595,602
595,603
595,604
595,605
595,606
595,607
595,608
595,609
595,610
595,611
595,612
595,613
595,614
595,615
595,616
595,617
595,618
595,619
595,620
595,621
595,622
595,623
595,624
595,625
595,626
595,627
595,628
595,629
595,630
595,631
595,632
595,633
595,634
595,635
595,636
595,637
595,638
595,639
595,640
595,641
595,642
595,643
595,644
595,645
595,646
595,647
595,648
595,649
595,650
595,651
595,652
595,653
595,654
595,655
595,656
595,657
-123,1
-123,2
-123,3
-123,1
