223,1
223,1
223,1
223,2
223,3
223,4
223,5
223,6
223,7
223,8
223,9
223,10
223,11
223,12
223,13
223,14
223,15
223,16
223,17
223,18
223,19
223,20
223,21
223,22
223,23
223,24
223,25
223,26
223,27
223,28
223,29
223,30
223,31
223,32
223,33
223,34
223,35
223,36
223,37
223,38
223,39
223,40
223,41
223,42
223,43
223,44
223,45
223,46
223,47
223,48
223,49
223,50
223,51
223,52
223,53
223,54
223,55
223,56
223,57
223,58
223,59
223,60
223,61
223,62
223,63
223,64
223,65
223,66
223,67
223,68
223,69
223,70
223,71
223,72
223,73
223,74
223,75
223,76
223,77
223,78
223,79
223,80
223,81
223,82
223,83
223,84
223,85
223,86
223,87
223,88
223,89
223,90
223,91
223,92
223,93
223,94
:229_4,95
:229_4,96
:229_4,97
:229_4,98
:229_4,99
:229_4,100
224,101
224,102
224,103
224,104
224,105
224,106
224,107
224,108
224,109
224,110
224,111
224,112
224,113
224,114
224,115
224,116
224,117
224,118
224,119
224,120
224,121
224,122
224,123
224,124
224,125
224,126
224,127
224,128
224,129
224,130
224,131
224,132
224,133
224,134
224,135
224,136
224,137
224,138
224,139
224,140
224,141
224,142
224,143
224,144
224,145
224,146
224,147
224,148
224,149
224,150
224,151
224,152
224,153
224,154
224,155
224,156
224,157
224,158
224,159
224,160
224,161
224,162
224,163
224,164
224,165
224,166
224,167
224,168
224,169
224,170
224,171
224,172
224,173
224,174
224,175
224,176
224,177
224,178
224,179
224,180
224,181
224,182
224,183
224,184
224,185
224,186
224,187
224,188
224,189
:230_1,190
:230_1,191
:230_1,192
:230_1,193
:230_1,194
:230_1,195
374,196
374,197
374,198
374,199
374,200
374,201
374,202
374,203
374,204
374,205
374,206
374,207
374,208
374,209
374,210
374,211
374,212
374,213
374,214
374,215
374,216
374,217
374,218
374,219
374,220
374,221
374,222
374,223
374,224
374,225
374,226
374,227
374,228
374,229
374,230
374,231
374,232
374,233
374,234
374,235
374,236
374,237
374,238
374,239
374,240
374,241
374,242
374,243
374,244
374,245
374,246
374,247
374,248
374,249
374,250
374,251
374,252
374,253
374,254
374,255
374,256
374,257
374,258
374,259
374,260
374,261
374,262
374,263
374,264
374,265
374,266
374,267
374,268
374,269
374,270
374,271
374,272
374,273
:340_0,274
375,275
375,276
375,277
375,278
375,279
375,280
375,281
375,282
375,283
375,284
375,285
375,286
375,287
375,288
375,289
375,290
375,291
375,292
375,293
375,294
375,295
375,296
375,297
375,298
375,299
375,300
375,301
375,302
375,303
375,304
375,305
375,306
375,307
375,308
375,309
375,310
375,311
375,312
375,313
375,314
375,315
375,316
375,317
375,318
375,319
375,320
375,321
375,322
375,323
375,324
375,325
375,326
375,327
375,328
375,329
375,330
375,331
375,332
375,333
375,334
375,335
375,336
375,337
375,338
375,339
375,340
375,341
375,342
375,343
375,344
375,345
375,346
375,347
375,348
375,349
375,350
375,351
375,352
375,353
375,354
375,355
375,356
375,357
375,358
375,359
375,360
375,361
375,362
375,363
375,364
375,365
375,366
375,367
375,368
375,369
375,370
375,371
375,372
375,373
375,374
375,375
375,376
375,377
375,378
375,379
375,380
375,381
375,382
375,383
375,384
:15_1,385
:15_1,386
:15_1,387
:15_1,388
:15_1,389
:15_1,390
-13,391
-13,392
-13,393
-13,394
-13,395
-13,396
-13,397
-13,398
-13,399
-13,400
-13,401
-13,402
-13,403
-13,404
-13,405
-13,406
-13,407
-13,408
-13,409
-13,410
-13,411
-13,412
-13,413
-13,414
-13,415
-13,416
-13,417
-13,418
-13,419
-13,420
-13,421
-13,422
-13,423
-13,424
-13,425
-13,426
-13,427
-13,428
-13,429
-13,430
-13,431
-13,432
-13,433
-13,434
-13,435
-13,436
-13,437
-13,438
-13,439
-13,440
-13,441
-13,442
-13,443
-13,444
-13,445
-13,446
-13,447
-13,448
-13,449
-13,450
-13,451
-13,452
-13,453
-13,454
-13,455
-13,456
-13,457
-13,458
-13,459
-13,460
-13,461
-13,462
-13,463
-13,464
-13,465
-13,466
-13,467
-13,468
-13,469
-13,470
-13,471
-13,472
-13,473
-13,474
-13,475
-13,476
-13,477
-13,478
-13,479
-13,480
-13,481
-13,482
-13,483
-13,484
-13,485
-13,486
-13,487
-13,488
-13,489
-13,490
-13,491
-13,492
:14_0,493
14,494
14,495
14,496
14,497
14,498
14,499
14,500
14,501
14,502
14,503
14,504
14,505
14,506
14,507
14,508
14,509
14,510
14,511
14,512
14,513
14,514
14,515
14,516
14,517
14,518
14,519
14,520
14,521
14,522
14,523
14,524
14,525
14,526
14,527
14,528
14,529
14,530
14,531
14,532
14,533
14,534
14,535
14,536
14,537
14,538
14,539
14,540
14,541
14,542
14,543
14,544
14,545
14,546
14,547
14,548
14,549
14,550
14,551
14,552
14,553
14,554
14,555
14,556
14,557
14,558
14,559
14,560
14,561
14,562
14,563
14,564
14,565
14,566
14,567
14,568
14,569
14,570
14,571
14,572
14,573
14,574
14,575
14,576
14,577
14,578
14,579
14,580
14,581
14,582
14,583
14,584
14,585
14,586
14,587
14,588
14,589
14,590
14,591
14,592
14,593
14,594
14,595
14,596
14,597
14,598
14,599
14,600
14,601
14,602
14,603
14,604
14,605
14,606
14,607
:16_4,608
:16_4,609
:16_4,610
:16_4,611
:16_4,612
-210,613
-210,614
-210,615
-210,616
-210,617
-210,618
-210,619
-210,620
-210,621
-210,622
-210,623
-210,624
-210,625
-210,626
-210,627
-210,628
-210,629
-210,630
-210,631
-210,632
-210,633
-210,634
-210,635
-210,636
-210,637
-210,638
-210,639
-210,640
-210,641
-210,642
-210,643
-210,644
-210,645
-210,646
-210,647
-210,648
-210,649
-210,650
-210,651
-210,652
-210,653
-210,654
-210,655
-210,656
-210,657
-210,658
-210,659
-210,660
-210,661
-210,662
-210,663
-210,664
-210,665
-210,666
-210,667
-210,668
-210,669
-210,670
-210,671
-210,672
-210,673
-210,674
-210,675
-210,676
-210,677
-210,678
-210,679
-210,680
-210,681
-210,682
-210,683
-210,684
-210,685
-210,686
-210,687
-210,688
-210,689
-210,690
-210,691
-210,692
-210,693
-210,694
-210,695
-210,696
-210,697
-210,698
-210,699
-210,700
-210,701
-210,702
-210,703
-210,704
-210,705
-210,706
-210,707
-210,708
-210,709
-210,710
-210,711
-210,712
-210,713
:29_5,714
:29_5,715
:29_5,716
:29_5,717
:29_5,718
:29_5,719
-25,720
-25,721
-25,722
-25,723
-25,724
-25,725
-25,726
-25,727
-25,728
-25,729
-25,730
-25,731
-25,732
-25,733
-25,734
-25,735
-25,736
-25,737
-25,738
-25,739
-25,740
-25,741
-25,742
-25,743
-25,744
-25,745
-25,746
-25,747
-25,748
-25,749
-25,750
-25,751
-25,752
-25,753
-25,754
-25,755
-25,756
-25,757
-25,758
-25,759
-25,760
-25,761
-25,762
-25,763
-25,764
-25,765
-25,766
-25,767
-25,768
-25,769
-25,770
-25,771
-25,772
-25,773
-25,774
-25,775
-25,776
-25,777
-25,778
-25,779
-25,780
-25,781
-25,782
-25,783
-25,784
-25,785
-25,786
-25,787
-25,788
-25,789
-25,790
-25,791
-25,792
-25,793
-25,794
-25,795
-25,796
-25,797
-25,798
-25,799
-25,800
-25,801
-25,802
-25,803
-25,804
-25,805
-25,806
-25,807
-25,808
-25,809
-25,810
-25,811
-25,812
-25,813
-25,814
-25,815
-25,816
-25,817
-25,818
-25,819
-25,820
-25,821
-25,822
-25,823
-25,824
-25,825
-25,826
-25,827
-25,828
-25,829
-25,830
-25,831
-25,832
-25,833
-25,834
-25,835
-25,836
-25,837
-25,838
-25,839
-25,840
-25,841
-25,842
-25,843
-25,844
-25,845
-25,846
-25,847
-25,848
-25,849
-25,850
-25,851
-25,852
-25,853
-25,854
-25,855
-25,856
-25,857
-25,858
-25,859
-25,860
-25,861
-25,862
-25,863
-25,864
-25,865
:24_5,866
:24_5,867
:24_5,868
:24_5,869
:24_5,870
:24_5,871
-20,872
-20,873
-20,874
-20,875
-20,876
-20,877
-20,878
-20,879
-20,880
-20,881
-20,882
-20,883
-20,884
-20,885
-20,886
-20,887
-20,888
-20,889
-20,890
-20,891
-20,892
-20,893
-20,894
-20,895
-20,896
-20,897
-20,898
-20,899
-20,900
-20,901
-20,902
-20,903
-20,904
-20,905
-20,906
-20,907
-20,908
-20,909
-20,910
-20,911
-20,912
-20,913
-20,914
-20,915
-20,916
-20,917
-20,918
-20,919
-20,920
-20,921
-20,922
-20,923
-20,924
-20,925
-20,926
-20,927
-20,928
-20,929
-20,930
-20,931
-20,932
-20,933
-20,934
-20,935
-20,936
-20,937
-20,938
-20,939
-20,940
-20,941
-20,942
-20,943
-20,944
-20,945
-20,946
-20,947
-20,948
-20,949
-20,950
-20,951
-20,952
-20,953
-20,954
-20,955
-20,956
-20,957
-20,958
-20,959
-20,960
-20,961
-20,962
-20,963
-20,964
-20,965
223,1
223,2
223,3
223,1
