320,1
320,1
320,1
320,2
320,3
320,4
320,5
320,6
320,7
320,8
320,9
320,10
320,11
320,12
320,13
320,14
320,15
320,16
320,17
320,18
320,19
320,20
320,21
320,22
320,23
320,24
320,25
320,26
320,27
320,28
320,29
320,30
320,31
320,32
320,33
320,34
320,35
320,36
320,37
320,38
320,39
320,40
320,41
320,42
320,43
320,44
320,45
320,46
320,47
320,48
320,49
320,50
320,51
320,52
320,53
320,54
320,55
320,56
320,57
320,58
320,59
320,60
320,61
320,62
320,63
320,64
320,65
320,66
320,67
320,68
320,69
320,70
320,71
320,72
320,73
320,74
320,75
320,76
320,77
320,78
320,79
320,80
320,81
320,82
320,83
320,84
320,85
320,86
320,87
320,88
320,89
320,90
320,91
320,92
320,93
320,94
320,95
320,96
320,97
320,98
320,99
320,100
320,101
320,102
320,103
320,104
320,105
320,106
320,107
320,108
320,109
320,110
320,111
320,112
320,113
320,114
320,115
320,116
320,117
320,118
320,119
320,120
320,121
320,122
320,123
320,124
320,125
320,126
320,127
320,128
320,129
320,130
320,131
320,132
320,133
320,134
320,135
320,136
320,137
320,138
320,139
320,140
320,141
320,142
320,143
320,144
320,145
320,146
320,147
320,148
320,149
320,150
320,151
320,152
320,153
320,154
320,155
320,156
320,157
320,158
320,159
320,160
320,161
320,162
320,163
320,164
320,165
320,166
320,167
320,168
320,169
320,170
320,171
320,172
:300_7,173
:300_7,174
:300_7,175
:300_7,176
:300_7,177
556,178
556,179
556,180
556,181
556,182
556,183
556,184
556,185
556,186
556,187
556,188
556,189
556,190
556,191
556,192
556,193
556,194
556,195
556,196
556,197
556,198
556,199
556,200
556,201
556,202
556,203
556,204
556,205
556,206
556,207
556,208
556,209
556,210
556,211
556,212
556,213
556,214
556,215
556,216
556,217
556,218
556,219
556,220
556,221
556,222
556,223
556,224
556,225
556,226
556,227
556,228
556,229
556,230
556,231
556,232
556,233
556,234
556,235
556,236
556,237
556,238
556,239
556,240
556,241
556,242
556,243
556,244
556,245
556,246
556,247
556,248
556,249
556,250
:184_7,251
:184_7,252
:184_7,253
:184_7,254
:184_7,255
-171,256
-171,257
-171,258
-171,259
-171,260
-171,261
-171,262
-171,263
-171,264
-171,265
-171,266
-171,267
-171,268
-171,269
-171,270
-171,271
-171,272
-171,273
-171,274
-171,275
-171,276
-171,277
-171,278
-171,279
-171,280
-171,281
-171,282
-171,283
-171,284
-171,285
-171,286
-171,287
-171,288
-171,289
-171,290
-171,291
-171,292
-171,293
-171,294
-171,295
-171,296
-171,297
-171,298
-171,299
-171,300
-171,301
-171,302
-171,303
-171,304
-171,305
-171,306
-171,307
-171,308
-171,309
-171,310
-171,311
-171,312
-171,313
-171,314
-171,315
-171,316
-171,317
-171,318
-171,319
-171,320
-171,321
-171,322
-171,323
-171,324
-171,325
-171,326
-171,327
-171,328
-171,329
-171,330
-171,331
-171,332
-171,333
-171,334
-171,335
-171,336
-171,337
-171,338
-171,339
-171,340
-171,341
-171,342
-171,343
-171,344
-171,345
-171,346
-171,347
-171,348
-171,349
-171,350
-171,351
-171,352
-171,353
-171,354
-170,355
-170,356
-170,357
-170,358
-170,359
-170,360
-170,361
-170,362
-170,363
-170,364
-170,365
-170,366
-170,367
-170,368
-170,369
-170,370
-170,371
-170,372
-170,373
-170,374
-170,375
-170,376
-170,377
-170,378
-170,379
-170,380
-170,381
-170,382
-170,383
-170,384
-170,385
-170,386
-170,387
-170,388
-170,389
-170,390
-170,391
-170,392
-170,393
-170,394
-170,395
-170,396
-170,397
-170,398
-170,399
-170,400
-170,401
-170,402
-170,403
-170,404
-170,405
-170,406
-170,407
-170,408
-170,409
-170,410
-170,411
-170,412
-170,413
-170,414
-170,415
-170,416
-170,417
-170,418
-170,419
-170,420
-170,421
-170,422
-170,423
-170,424
-170,425
-170,426
-170,427
-170,428
-170,429
-170,430
-170,431
-170,432
-170,433
-170,434
-170,435
-170,436
-170,437
-170,438
-170,439
-170,440
-170,441
-170,442
-170,443
-170,444
-170,445
-170,446
-170,447
-170,448
-170,449
-170,450
-170,451
-170,452
-170,453
-170,454
-170,455
-170,456
-170,457
-170,458
-170,459
-170,460
-170,461
-170,462
-170,463
-170,464
-170,465
-170,466
-170,467
:180_7,468
:180_7,469
:180_7,470
:180_7,471
:180_7,472
168,473
168,474
168,475
168,476
168,477
168,478
168,479
168,480
168,481
168,482
168,483
168,484
168,485
168,486
168,487
168,488
168,489
168,490
168,491
168,492
168,493
168,494
168,495
168,496
168,497
168,498
168,499
168,500
168,501
168,502
168,503
168,504
168,505
168,506
168,507
168,508
168,509
168,510
168,511
168,512
168,513
168,514
168,515
168,516
168,517
168,518
168,519
168,520
168,521
168,522
168,523
168,524
168,525
168,526
168,527
168,528
168,529
168,530
168,531
168,532
168,533
168,534
168,535
168,536
168,537
168,538
168,539
168,540
168,541
168,542
168,543
168,544
168,545
168,546
168,547
168,548
168,549
168,550
168,551
168,552
168,553
168,554
168,555
168,556
168,557
168,558
168,559
168,560
168,561
168,562
168,563
168,564
168,565
168,566
168,567
168,568
168,569
168,570
168,571
168,572
168,573
168,574
168,575
168,576
168,577
168,578
168,579
168,580
168,581
168,582
168,583
168,584
168,585
168,586
168,587
168,588
168,589
168,590
168,591
168,592
168,593
168,594
168,595
168,596
168,597
168,598
168,599
168,600
168,601
168,602
168,603
168,604
168,605
168,606
168,607
168,608
168,609
168,610
168,611
168,612
168,613
168,614
168,615
168,616
168,617
168,618
168,619
168,620
168,621
168,622
168,623
168,624
168,625
168,626
168,627
168,628
168,629
168,630
168,631
168,632
168,633
168,634
168,635
168,636
168,637
168,638
168,639
168,640
168,641
168,642
168,643
168,644
168,645
168,646
168,647
168,648
168,649
168,650
168,651
168,652
168,653
168,654
:181_13,655
:181_13,656
:181_13,657
:181_13,658
173,659
173,660
173,661
173,662
173,663
173,664
173,665
173,666
173,667
173,668
173,669
173,670
173,671
173,672
173,673
173,674
173,675
173,676
173,677
173,678
173,679
173,680
173,681
173,682
173,683
173,684
173,685
173,686
173,687
173,688
173,689
173,690
173,691
173,692
173,693
173,694
173,695
173,696
173,697
173,698
173,699
173,700
173,701
173,702
173,703
173,704
173,705
173,706
173,707
173,708
173,709
173,710
173,711
173,712
173,713
173,714
173,715
173,716
173,717
173,718
173,719
173,720
173,721
173,722
173,723
173,724
173,725
173,726
173,727
173,728
173,729
173,730
173,731
173,732
173,733
173,734
173,735
173,736
173,737
173,738
173,739
173,740
173,741
173,742
173,743
173,744
173,745
173,746
173,747
173,748
173,749
173,750
173,751
173,752
173,753
173,754
173,755
173,756
173,757
173,758
173,759
173,760
173,761
173,762
173,763
173,764
173,765
173,766
173,767
173,768
173,769
173,770
173,771
173,772
173,773
173,774
173,775
173,776
173,777
173,778
173,779
173,780
173,781
173,782
173,783
173,784
173,785
173,786
173,787
173,788
173,789
173,790
173,791
173,792
173,793
173,794
173,795
173,796
173,797
173,798
173,799
173,800
173,801
173,802
173,803
173,804
:186_13,805
:186_13,806
:186_13,807
:186_13,808
227,809
227,810
227,811
227,812
227,813
227,814
227,815
227,816
227,817
227,818
227,819
227,820
227,821
227,822
227,823
227,824
227,825
227,826
227,827
227,828
227,829
227,830
227,831
227,832
227,833
227,834
227,835
227,836
227,837
227,838
227,839
227,840
227,841
227,842
227,843
227,844
227,845
227,846
227,847
227,848
227,849
227,850
227,851
227,852
227,853
227,854
227,855
227,856
227,857
227,858
227,859
227,860
227,861
227,862
227,863
227,864
-211,865
-211,866
-211,867
-211,868
-211,869
-211,870
-211,871
-211,872
-211,873
-211,874
-211,875
-211,876
-211,877
-211,878
-211,879
-211,880
-211,881
-211,882
-211,883
-211,884
-211,885
-211,886
-211,887
-211,888
-211,889
-211,890
-211,891
-211,892
-211,893
-211,894
-211,895
-211,896
-211,897
-211,898
-211,899
-211,900
-211,901
-211,902
-211,903
-211,904
-211,905
-211,906
:189_12,907
:189_12,908
:189_12,909
:189_12,910
-176,911
-176,912
-176,913
-176,914
-176,915
-176,916
-176,917
-176,918
-176,919
-176,920
-176,921
-176,922
-176,923
-176,924
-176,925
-176,926
-176,927
-176,928
-176,929
-176,930
-176,931
-176,932
-176,933
-176,934
-176,935
-176,936
-176,937
-176,938
-176,939
-176,940
-176,941
-176,942
-176,943
-176,944
-176,945
-176,946
-176,947
-176,948
-176,949
-176,950
-176,951
-176,952
-176,953
-176,954
-176,955
-176,956
-176,957
-176,958
-176,959
-176,960
-176,961
-176,962
-176,963
-176,964
-176,965
320,1
320,2
320,3
320,1
