411,1
411,1
411,1
411,2
411,3
411,4
411,5
411,6
411,7
411,8
411,9
411,10
411,11
411,12
411,13
411,14
411,15
411,16
411,17
411,18
411,19
411,20
411,21
411,22
411,23
411,24
411,25
411,26
411,27
411,28
411,29
411,30
411,31
411,32
411,33
411,34
411,35
411,36
411,37
411,38
411,39
411,40
411,41
411,42
411,43
411,44
411,45
411,46
411,47
411,48
411,49
411,50
411,51
411,52
411,53
411,54
411,55
411,56
411,57
411,58
411,59
411,60
411,61
411,62
411,63
411,64
411,65
411,66
411,67
411,68
:366_3,69
:366_3,70
:366_3,71
493,72
493,73
493,74
493,75
493,76
493,77
493,78
493,79
493,80
493,81
493,82
493,83
493,84
493,85
493,86
493,87
493,88
493,89
493,90
493,91
493,92
493,93
493,94
493,95
493,96
493,97
493,98
493,99
493,100
493,101
493,102
493,103
493,104
493,105
493,106
493,107
493,108
493,109
493,110
493,111
493,112
493,113
493,114
493,115
493,116
493,117
493,118
493,119
493,120
493,121
493,122
493,123
493,124
493,125
493,126
493,127
493,128
493,129
493,130
493,131
493,132
493,133
493,134
493,135
493,136
493,137
493,138
493,139
493,140
493,141
493,142
493,143
493,144
493,145
493,146
493,147
493,148
493,149
493,150
493,151
493,152
493,153
493,154
493,155
493,156
493,157
493,158
493,159
493,160
493,161
493,162
493,163
493,164
493,165
493,166
493,167
493,168
493,169
493,170
493,171
493,172
493,173
493,174
493,175
493,176
493,177
493,178
493,179
493,180
493,181
493,182
493,183
493,184
493,185
493,186
493,187
493,188
493,189
493,190
493,191
493,192
493,193
411,1
411,2
411,3
411,1
