28,1
28,1
28,1
28,2
28,3
28,4
28,5
28,6
28,7
28,8
28,9
28,10
28,11
28,12
28,13
28,14
28,15
28,16
28,17
28,18
28,19
28,20
28,21
28,22
28,23
28,24
28,25
28,26
28,27
28,28
28,29
28,30
28,31
28,32
28,33
28,34
28,35
28,36
28,37
28,38
28,39
28,40
28,41
28,42
28,43
28,44
28,45
28,46
28,47
28,48
28,49
28,50
28,51
28,52
28,53
28,54
28,55
28,56
28,57
28,58
28,59
28,60
28,61
28,62
28,63
28,64
28,65
28,66
28,67
:33_0,68
233,69
233,70
233,71
233,72
233,73
233,74
233,75
233,76
233,77
233,78
233,79
233,80
233,81
233,82
233,83
233,84
233,85
233,86
233,87
233,88
233,89
233,90
233,91
233,92
233,93
233,94
233,95
233,96
233,97
233,98
233,99
233,100
233,101
233,102
233,103
233,104
233,105
233,106
233,107
233,108
233,109
233,110
233,111
233,112
233,113
233,114
233,115
233,116
233,117
233,118
233,119
233,120
233,121
233,122
233,123
233,124
233,125
233,126
233,127
233,128
233,129
233,130
233,131
233,132
233,133
233,134
233,135
233,136
233,137
233,138
233,139
233,140
233,141
233,142
233,143
233,144
233,145
233,146
233,147
233,148
233,149
233,150
233,151
233,152
233,153
233,154
233,155
233,156
233,157
233,158
233,159
233,160
233,161
233,162
233,163
233,164
233,165
233,166
233,167
233,168
:237_1,169
:237_1,170
:237_1,171
:237_1,172
:237_1,173
379,174
379,175
379,176
379,177
379,178
379,179
379,180
379,181
379,182
379,183
379,184
379,185
379,186
379,187
379,188
379,189
379,190
379,191
379,192
379,193
379,194
379,195
379,196
379,197
379,198
379,199
379,200
379,201
379,202
379,203
379,204
379,205
379,206
379,207
379,208
379,209
379,210
379,211
379,212
379,213
379,214
379,215
379,216
379,217
379,218
379,219
379,220
379,221
379,222
379,223
379,224
379,225
379,226
379,227
379,228
379,229
379,230
379,231
379,232
379,233
379,234
379,235
379,236
379,237
379,238
379,239
379,240
379,241
379,242
379,243
379,244
379,245
379,246
379,247
379,248
379,249
379,250
379,251
379,252
379,253
379,254
379,255
379,256
379,257
379,258
379,259
379,260
379,261
379,262
379,263
379,264
379,265
379,266
379,267
379,268
379,269
379,270
379,271
379,272
:343_0,273
:343_0,274
:343_0,275
:343_0,276
-420,277
-420,278
-420,279
-420,280
-420,281
-420,282
-420,283
-420,284
-420,285
-420,286
-420,287
-420,288
-420,289
-420,290
-420,291
-420,292
-420,293
-420,294
-420,295
-420,296
-420,297
-420,298
-420,299
-420,300
-420,301
-420,302
-420,303
-420,304
-420,305
-420,306
-420,307
-420,308
-420,309
-420,310
-420,311
-420,312
-420,313
-420,314
-420,315
-420,316
-420,317
-420,318
-420,319
-420,320
-420,321
-420,322
-420,323
-420,324
-420,325
-420,326
-420,327
-420,328
-420,329
-420,330
-420,331
-420,332
-420,333
-420,334
-420,335
-420,336
-420,337
-420,338
-420,339
-420,340
-420,341
-420,342
-420,343
-420,344
:369_0,345
:369_0,346
418,347
418,348
418,349
418,350
418,351
418,352
418,353
418,354
418,355
418,356
418,357
418,358
418,359
418,360
418,361
418,362
418,363
418,364
418,365
418,366
418,367
418,368
418,369
418,370
418,371
418,372
418,373
418,374
418,375
418,376
418,377
418,378
418,379
418,380
418,381
418,382
418,383
418,384
418,385
418,386
418,387
418,388
418,389
418,390
418,391
418,392
418,393
418,394
418,395
418,396
418,397
418,398
418,399
418,400
418,401
418,402
418,403
418,404
418,405
418,406
418,407
418,408
418,409
418,410
418,411
418,412
418,413
418,414
418,415
418,416
418,417
418,418
418,419
418,420
418,421
418,422
:207_6,423
:207_6,424
:207_6,425
:207_6,426
:207_6,427
:207_6,428
419,429
419,430
419,431
419,432
419,433
419,434
419,435
419,436
419,437
419,438
419,439
419,440
419,441
419,442
419,443
419,444
419,445
419,446
419,447
419,448
419,449
419,450
419,451
419,452
419,453
419,454
419,455
419,456
419,457
419,458
419,459
419,460
419,461
419,462
419,463
419,464
419,465
419,466
419,467
419,468
419,469
419,470
419,471
419,472
419,473
419,474
419,475
419,476
419,477
419,478
419,479
419,480
419,481
419,482
419,483
419,484
419,485
419,486
419,487
419,488
419,489
419,490
419,491
419,492
419,493
419,494
419,495
419,496
419,497
419,498
419,499
419,500
419,501
419,502
419,503
419,504
419,505
419,506
419,507
419,508
419,509
419,510
419,511
419,512
419,513
419,514
419,515
419,516
419,517
419,518
419,519
419,520
419,521
419,522
419,523
419,524
419,525
419,526
419,527
419,528
419,529
419,530
419,531
419,532
419,533
419,534
419,535
419,536
419,537
419,538
419,539
419,540
419,541
419,542
419,543
419,544
419,545
419,546
419,547
419,548
419,549
419,550
419,551
419,552
419,553
419,554
419,555
419,556
419,557
419,558
419,559
419,560
419,561
419,562
419,563
419,564
419,565
419,566
419,567
419,568
419,569
419,570
419,571
419,572
419,573
419,574
419,575
419,576
419,577
419,578
419,579
419,580
419,581
419,582
419,583
419,584
419,585
419,586
419,587
419,588
419,589
419,590
419,591
419,592
419,593
419,594
419,595
419,596
419,597
419,598
419,599
419,600
419,601
419,602
419,603
419,604
419,605
419,606
419,607
419,608
419,609
419,610
419,611
419,612
419,613
419,614
419,615
28,1
28,2
28,3
28,1
