-49,1
-49,1
-49,1
-49,2
-49,3
-49,4
-49,5
-49,6
-49,7
-49,8
-49,9
-49,10
-49,11
-49,12
-49,13
-49,14
-49,15
-49,16
-49,17
-49,18
-49,19
-49,20
-49,21
-49,22
-49,23
-49,24
-49,25
-49,26
-49,27
-49,28
-49,29
-49,30
-49,31
-49,32
-49,33
-49,34
-49,35
-49,36
-49,37
-49,38
-49,39
-49,40
-49,41
-49,42
-49,43
-49,44
-49,45
-49,46
-49,47
-49,48
-49,49
-49,50
-49,51
-49,52
-49,53
-49,54
-49,55
-49,56
-49,57
-49,58
-49,59
-49,60
-49,61
-49,62
-49,63
-49,64
-49,65
-49,66
-49,67
-49,68
-49,69
-49,70
-49,71
-49,72
-49,73
-49,74
-49,75
-49,76
-49,77
-49,78
-49,79
-49,80
-49,81
-49,82
-49,83
-49,84
-49,85
-49,86
-49,87
-49,88
-49,89
-49,90
-49,91
-49,92
-49,93
-49,94
-49,95
-49,96
-49,97
-49,98
-49,99
-49,100
-49,101
-49,102
-49,103
-49,104
-49,105
-49,106
-49,107
-49,108
-49,109
-49,110
-49,111
-49,112
-49,113
-49,114
-49,115
-49,116
-49,117
-49,118
-49,119
-49,120
-49,121
-49,122
-49,123
-49,124
-49,125
-49,126
-49,127
-49,128
-49,129
-49,130
-49,131
-49,132
-49,133
-49,134
-49,135
-49,136
-49,137
-49,138
-49,139
-49,140
-49,141
-49,142
-49,143
-49,144
-49,145
-49,146
-49,147
-49,148
-49,149
-49,150
-49,151
-49,152
-49,153
-49,154
-49,155
-49,156
-49,157
-49,158
-49,159
-49,160
-49,161
-49,162
-49,163
-49,164
-49,165
-49,166
-49,167
-49,168
-49,169
-49,170
-49,171
-49,172
-49,173
-49,174
-49,175
-49,176
-49,177
-49,178
-49,179
-49,180
-49,181
-49,182
-49,183
-49,184
-49,185
-49,186
-49,187
-49,188
-49,189
-49,190
-49,191
-49,192
-49,193
-49,194
-49,195
-49,196
-49,197
-49,198
-49,199
-49,200
-49,201
-49,202
-49,203
-49,204
-49,205
-49,206
-49,207
-49,208
-49,209
-49,210
-49,211
-49,212
-49,213
-49,214
-49,215
-49,216
-49,217
-49,218
-49,219
-49,220
-49,221
-49,222
-49,223
-49,224
-49,225
-49,226
-49,227
-49,228
-49,229
-49,230
-49,231
-49,232
-49,233
-49,234
-49,235
-49,236
-49,237
-49,238
-49,239
-49,240
-49,241
-49,242
-49,243
-49,244
-49,245
-49,246
-49,247
-49,248
:5_15,249
:5_15,250
:5_15,251
:5_15,252
:5_15,253
:5_15,254
:5_15,255
:5_15,256
:5_15,257
:5_15,258
-4,259
-4,260
-4,261
-4,262
-4,263
-4,264
-4,265
-4,266
-4,267
-4,268
-4,269
-4,270
-4,271
-4,272
-4,273
-4,274
-4,275
-4,276
-4,277
-4,278
-4,279
-4,280
-4,281
-4,282
-4,283
-4,284
-4,285
-4,286
-4,287
-4,288
-4,289
-4,290
-4,291
-4,292
-4,293
-4,294
-4,295
-4,296
-4,297
-4,298
-4,299
-4,300
-4,301
-4,302
-4,303
-4,304
-4,305
-4,306
-4,307
-4,308
-4,309
-4,310
-4,311
-4,312
-4,313
-4,314
-4,315
-4,316
-4,317
-4,318
-4,319
-4,320
-4,321
-4,322
-4,323
-4,324
-4,325
-4,326
-4,327
-4,328
-4,329
-4,330
-4,331
-4,332
-4,333
-4,334
-4,335
-4,336
-4,337
-4,338
-4,339
-4,340
-4,341
-4,342
-4,343
-4,344
-4,345
-4,346
-4,347
-4,348
-4,349
-4,350
-4,351
-4,352
-4,353
-4,354
-4,355
-4,356
-4,357
-4,358
-4,359
-4,360
-4,361
-4,362
-4,363
-4,364
-4,365
-4,366
-4,367
-4,368
-4,369
-4,370
-4,371
-4,372
-4,373
-4,374
-4,375
-4,376
-4,377
-4,378
-4,379
-4,380
-4,381
-4,382
-4,383
-4,384
-4,385
-4,386
-4,387
-4,388
-4,389
-4,390
-4,391
-4,392
-4,393
-4,394
-4,395
-4,396
-4,397
-4,398
-4,399
-4,400
-4,401
-4,402
-4,403
-4,404
-4,405
-4,406
-4,407
-4,408
-4,409
-4,410
-4,411
-4,412
-4,413
-4,414
-4,415
-4,416
-4,417
-4,418
-4,419
-4,420
-4,421
-4,422
-4,423
-4,424
-4,425
-4,426
-4,427
-4,428
-4,429
-4,430
-4,431
-4,432
-4,433
-4,434
-4,435
-4,436
-4,437
-4,438
-4,439
-4,440
-4,441
-4,442
-4,443
-4,444
-4,445
-4,446
-4,447
-4,448
-4,449
-4,450
-4,451
-4,452
-4,453
-4,454
-4,455
-4,456
-4,457
-4,458
-4,459
-4,460
-4,461
-4,462
-4,463
-4,464
-4,465
-4,466
-4,467
-4,468
-4,469
-4,470
-4,471
-4,472
-4,473
-4,474
-4,475
-4,476
-4,477
-4,478
-4,479
-4,480
-4,481
-4,482
-4,483
-4,484
-4,485
-4,486
-4,487
-4,488
-4,489
-4,490
-4,491
-4,492
-4,493
-4,494
-4,495
-4,496
-4,497
-4,498
-4,499
-4,500
-4,501
-4,502
-4,503
-4,504
-4,505
-4,506
-4,507
-4,508
-4,509
-4,510
-4,511
-4,512
-4,513
-4,514
-4,515
-4,516
-4,517
-4,518
-4,519
-4,520
-4,521
-4,522
-4,523
-4,524
-4,525
-4,526
-4,527
-4,528
-4,529
-4,530
-4,531
-4,532
-4,533
-4,534
-4,535
-4,536
-4,537
-4,538
-4,539
-4,540
-4,541
-4,542
-4,543
-4,544
-4,545
-4,546
-4,547
-4,548
-4,549
-4,550
-4,551
-4,552
-4,553
-4,554
-4,555
-4,556
-4,557
-4,558
-4,559
-4,560
-4,561
-4,562
-4,563
-4,564
-4,565
-4,566
-4,567
-4,568
-4,569
-4,570
-4,571
-4,572
-4,573
-4,574
-4,575
-4,576
-4,577
-4,578
-4,579
-4,580
-4,581
-4,582
-4,583
-4,584
-4,585
-4,586
-4,587
-4,588
-4,589
-4,590
-4,591
-4,592
-4,593
-4,594
-4,595
-4,596
-4,597
-4,598
-4,599
-4,600
-4,601
-4,602
-4,603
-4,604
-4,605
-4,606
-4,607
-4,608
-4,609
-4,610
-4,611
-4,612
-4,613
-4,614
-4,615
-4,616
-4,617
-4,618
-4,619
-4,620
-4,621
-4,622
-4,623
-4,624
-4,625
-4,626
-4,627
-4,628
-4,629
-4,630
-4,631
-4,632
-4,633
-4,634
-4,635
-4,636
-4,637
-4,638
-4,639
-4,640
-4,641
-4,642
-4,643
-4,644
-4,645
-4,646
-4,647
-4,648
-4,649
-4,650
-4,651
-4,652
-4,653
-4,654
-4,655
-4,656
-4,657
-4,658
-4,659
-4,660
-4,661
-4,662
-4,663
-4,664
-4,665
-4,666
-4,667
-4,668
-4,669
-4,670
-4,671
-4,672
-4,673
-4,674
-4,675
-4,676
-4,677
-4,678
-4,679
-4,680
:0_10,681
:0_10,682
:0_10,683
:0_10,684
:0_10,685
:0_10,686
:0_10,687
3,688
3,689
3,690
3,691
3,692
3,693
3,694
3,695
3,696
3,697
3,698
3,699
3,700
3,701
3,702
3,703
3,704
3,705
3,706
3,707
3,708
3,709
3,710
3,711
3,712
3,713
3,714
3,715
3,716
3,717
3,718
3,719
3,720
3,721
3,722
3,723
3,724
3,725
3,726
3,727
3,728
3,729
3,730
3,731
3,732
3,733
3,734
3,735
3,736
3,737
3,738
3,739
3,740
3,741
3,742
3,743
3,744
3,745
3,746
3,747
3,748
3,749
3,750
3,751
3,752
3,753
3,754
3,755
3,756
3,757
3,758
3,759
3,760
3,761
3,762
3,763
3,764
3,765
3,766
3,767
3,768
3,769
3,770
3,771
3,772
3,773
3,774
3,775
3,776
3,777
3,778
3,779
3,780
3,781
3,782
3,783
3,784
3,785
3,786
3,787
3,788
3,789
3,790
3,791
3,792
3,793
3,794
3,795
3,796
3,797
3,798
3,799
3,800
3,801
3,802
3,803
3,804
3,805
3,806
3,807
3,808
3,809
3,810
3,811
3,812
3,813
3,814
3,815
3,816
3,817
3,818
3,819
3,820
3,821
3,822
3,823
3,824
3,825
3,826
3,827
3,828
3,829
3,830
3,831
3,832
3,833
3,834
3,835
3,836
3,837
3,838
3,839
3,840
3,841
3,842
3,843
3,844
3,845
3,846
3,847
3,848
3,849
3,850
3,851
3,852
3,853
3,854
3,855
3,856
3,857
3,858
3,859
3,860
3,861
3,862
3,863
3,864
3,865
3,866
3,867
3,868
3,869
3,870
3,871
3,872
3,873
3,874
3,875
3,876
3,877
3,878
3,879
3,880
3,881
3,882
3,883
3,884
3,885
3,886
3,887
3,888
3,889
3,890
3,891
3,892
3,893
3,894
3,895
3,896
3,897
3,898
3,899
3,900
3,901
3,902
3,903
3,904
3,905
3,906
3,907
3,908
3,909
3,910
3,911
3,912
3,913
3,914
3,915
3,916
3,917
3,918
3,919
3,920
3,921
3,922
3,923
3,924
3,925
3,926
3,927
3,928
3,929
3,930
3,931
3,932
3,933
3,934
3,935
3,936
3,937
3,938
3,939
3,940
3,941
3,942
3,943
3,944
3,945
3,946
3,947
3,948
3,949
3,950
3,951
3,952
3,953
3,954
3,955
3,956
3,957
3,958
3,959
3,960
3,961
3,962
3,963
3,964
3,965
-49,1
-49,2
-49,3
-49,1
