-264,1
-264,1
-264,1
-264,2
-264,3
-264,4
-264,5
-264,6
-264,7
-264,8
-264,9
-264,10
-264,11
-264,12
-264,13
-264,14
-264,15
-264,16
-264,17
-264,18
-264,19
-264,20
-264,21
-264,22
-264,23
-264,24
-264,25
-264,26
-264,27
-264,28
-264,29
-264,30
-264,31
-264,32
-264,33
-264,34
-264,35
-264,36
-264,37
-264,38
-264,39
-264,40
-264,41
-264,42
-264,43
-264,44
-264,45
-264,46
-264,47
-264,48
-264,49
-264,50
-264,51
-264,52
-264,53
-264,54
-264,55
-264,56
-264,57
-264,58
-264,59
-264,60
-264,61
-264,62
-264,63
-264,64
-264,65
-264,66
-264,67
-264,68
-264,69
-264,70
-264,71
-264,72
-264,73
-264,74
-264,75
-264,76
-264,77
-264,78
-264,79
-264,80
-264,81
-264,82
-264,83
-264,84
-264,85
-264,86
-264,87
-264,88
-264,89
-264,90
-264,91
-264,92
-264,93
-264,94
-264,95
-264,96
-264,97
-264,98
-264,99
-264,100
-264,101
-264,102
-264,103
-264,104
-264,105
-264,106
-264,107
:259_5,108
:259_5,109
:259_5,110
:259_5,111
:259_5,112
:259_5,113
:259_5,114
265,115
265,116
265,117
265,118
265,119
265,120
265,121
265,122
265,123
265,124
265,125
265,126
265,127
265,128
265,129
265,130
265,131
265,132
265,133
265,134
265,135
265,136
265,137
265,138
265,139
265,140
265,141
265,142
265,143
265,144
265,145
265,146
265,147
265,148
265,149
265,150
265,151
265,152
265,153
265,154
265,155
265,156
265,157
265,158
265,159
265,160
265,161
265,162
265,163
265,164
265,165
265,166
265,167
265,168
265,169
265,170
265,171
265,172
265,173
265,174
265,175
265,176
265,177
265,178
265,179
265,180
265,181
265,182
265,183
265,184
265,185
265,186
265,187
265,188
265,189
265,190
265,191
265,192
265,193
265,194
265,195
265,196
265,197
265,198
265,199
265,200
265,201
265,202
265,203
265,204
265,205
265,206
265,207
265,208
265,209
265,210
265,211
265,212
265,213
265,214
265,215
265,216
265,217
265,218
265,219
265,220
265,221
265,222
265,223
265,224
265,225
265,226
265,227
265,228
265,229
265,230
265,231
265,232
265,233
265,234
265,235
265,236
265,237
265,238
265,239
265,240
265,241
265,242
265,243
265,244
265,245
265,246
265,247
265,248
265,249
265,250
265,251
265,252
265,253
265,254
265,255
265,256
265,257
265,258
265,259
265,260
265,261
265,262
265,263
265,264
265,265
265,266
265,267
265,268
265,269
265,270
265,271
265,272
265,273
265,274
265,275
265,276
265,277
265,278
265,279
265,280
265,281
265,282
265,283
265,284
265,285
265,286
265,287
265,288
265,289
265,290
265,291
265,292
265,293
265,294
265,295
265,296
265,297
265,298
265,299
265,300
265,301
265,302
265,303
265,304
265,305
265,306
265,307
265,308
265,309
265,310
:261_5,311
:261_5,312
:261_5,313
:261_5,314
:261_5,315
277,316
277,317
277,318
277,319
277,320
277,321
277,322
277,323
277,324
277,325
277,326
277,327
277,328
277,329
277,330
277,331
277,332
277,333
277,334
277,335
277,336
277,337
277,338
277,339
277,340
277,341
277,342
277,343
277,344
277,345
277,346
277,347
277,348
277,349
277,350
277,351
277,352
277,353
277,354
277,355
277,356
277,357
277,358
277,359
277,360
277,361
277,362
277,363
277,364
277,365
277,366
277,367
277,368
277,369
277,370
277,371
277,372
277,373
277,374
277,375
277,376
277,377
277,378
277,379
277,380
277,381
277,382
277,383
277,384
277,385
277,386
277,387
277,388
277,389
277,390
277,391
277,392
277,393
277,394
277,395
277,396
277,397
277,398
277,399
277,400
277,401
277,402
277,403
277,404
277,405
277,406
277,407
277,408
277,409
277,410
277,411
277,412
277,413
277,414
277,415
277,416
277,417
277,418
277,419
277,420
277,421
277,422
277,423
277,424
277,425
277,426
277,427
277,428
277,429
277,430
277,431
277,432
277,433
277,434
277,435
277,436
277,437
277,438
277,439
277,440
277,441
277,442
277,443
277,444
277,445
277,446
277,447
277,448
277,449
277,450
277,451
277,452
277,453
277,454
277,455
277,456
277,457
277,458
277,459
277,460
277,461
277,462
277,463
277,464
277,465
277,466
277,467
277,468
277,469
277,470
277,471
277,472
277,473
277,474
277,475
277,476
277,477
277,478
277,479
277,480
277,481
277,482
277,483
277,484
277,485
277,486
277,487
277,488
277,489
277,490
277,491
277,492
277,493
277,494
277,495
277,496
277,497
277,498
277,499
277,500
277,501
277,502
277,503
277,504
277,505
277,506
277,507
277,508
277,509
277,510
277,511
277,512
277,513
277,514
277,515
277,516
277,517
277,518
277,519
277,520
277,521
277,522
277,523
277,524
277,525
277,526
277,527
277,528
277,529
277,530
277,531
277,532
277,533
277,534
277,535
277,536
277,537
277,538
277,539
277,540
277,541
277,542
277,543
277,544
277,545
277,546
277,547
277,548
277,549
277,550
277,551
277,552
277,553
277,554
277,555
277,556
277,557
277,558
277,559
277,560
277,561
277,562
277,563
277,564
277,565
277,566
277,567
277,568
277,569
277,570
277,571
277,572
277,573
277,574
277,575
277,576
277,577
277,578
277,579
277,580
277,581
277,582
277,583
277,584
277,585
277,586
277,587
277,588
277,589
277,590
277,591
277,592
277,593
277,594
277,595
277,596
277,597
277,598
277,599
277,600
277,601
277,602
277,603
277,604
277,605
277,606
277,607
277,608
277,609
277,610
277,611
:91_4,612
:91_4,613
:91_4,614
:91_4,615
:91_4,616
:91_4,617
:91_4,618
80,619
80,620
80,621
80,622
80,623
80,624
80,625
80,626
80,627
80,628
80,629
80,630
80,631
80,632
80,633
80,634
80,635
80,636
80,637
80,638
80,639
80,640
80,641
80,642
80,643
80,644
80,645
80,646
80,647
80,648
80,649
80,650
80,651
80,652
80,653
80,654
80,655
80,656
80,657
80,658
80,659
80,660
80,661
80,662
80,663
80,664
80,665
80,666
80,667
80,668
80,669
80,670
80,671
80,672
80,673
80,674
80,675
80,676
80,677
80,678
80,679
80,680
80,681
80,682
80,683
80,684
80,685
80,686
80,687
80,688
80,689
80,690
80,691
80,692
80,693
80,694
80,695
80,696
80,697
80,698
80,699
80,700
80,701
80,702
80,703
80,704
80,705
80,706
80,707
80,708
80,709
80,710
80,711
80,712
80,713
80,714
80,715
80,716
80,717
80,718
80,719
80,720
80,721
:93_4,722
:93_4,723
:93_4,724
:93_4,725
:93_4,726
630,727
630,728
630,729
630,730
630,731
630,732
630,733
630,734
630,735
630,736
630,737
630,738
630,739
630,740
630,741
630,742
630,743
630,744
630,745
630,746
630,747
630,748
630,749
630,750
630,751
630,752
630,753
630,754
630,755
630,756
630,757
630,758
630,759
630,760
630,761
630,762
630,763
630,764
630,765
630,766
630,767
630,768
630,769
630,770
630,771
630,772
630,773
630,774
630,775
630,776
630,777
630,778
630,779
630,780
630,781
630,782
630,783
630,784
630,785
630,786
630,787
630,788
630,789
630,790
630,791
630,792
630,793
630,794
630,795
630,796
630,797
630,798
630,799
630,800
630,801
630,802
630,803
630,804
630,805
630,806
630,807
630,808
630,809
630,810
630,811
630,812
630,813
630,814
630,815
630,816
630,817
630,818
630,819
630,820
630,821
630,822
630,823
630,824
630,825
630,826
630,827
630,828
630,829
630,830
630,831
:213_4,832
:213_4,833
:213_4,834
:213_4,835
:213_4,836
-205,837
-205,838
-205,839
-205,840
-205,841
-205,842
-205,843
-205,844
-205,845
-205,846
-205,847
-205,848
-205,849
-205,850
-205,851
-205,852
-205,853
-205,854
-205,855
-205,856
-205,857
-205,858
-205,859
-205,860
-205,861
-205,862
-205,863
-205,864
-205,865
-205,866
-205,867
-205,868
-205,869
-205,870
-205,871
-205,872
-205,873
-205,874
-205,875
-205,876
-205,877
-205,878
-205,879
-205,880
-205,881
-205,882
-205,883
-205,884
-205,885
-205,886
-205,887
-205,888
-205,889
-205,890
-205,891
-205,892
-205,893
-205,894
-205,895
-205,896
-205,897
-205,898
-205,899
-205,900
-205,901
-205,902
-205,903
-205,904
-205,905
-205,906
-205,907
-205,908
-205,909
-205,910
-205,911
-205,912
-205,913
-205,914
-205,915
-205,916
-205,917
-205,918
-205,919
-205,920
-205,921
-205,922
-205,923
-205,924
-205,925
-205,926
-205,927
-205,928
-205,929
-205,930
-205,931
-205,932
-205,933
-205,934
-205,935
-205,936
-205,937
-205,938
-205,939
-205,940
-264,1
-264,2
-264,3
-264,1
