28,4
28,5
28,6
28,7
28,8
28,9
28,10
28,11
28,12
28,13
28,14
28,15
28,16
28,17
28,18
28,19
28,20
28,21
28,22
28,23
28,24
28,25
28,26
28,27
28,28
28,29
28,30
28,31
28,32
28,33
28,34
28,35
28,36
28,37
28,38
28,39
28,40
28,41
28,42
28,43
28,44
28,45
28,46
28,47
28,48
28,49
28,50
28,51
28,52
28,53
28,54
28,55
28,56
28,57
28,58
28,59
28,60
28,61
28,62
28,63
28,64
28,65
28,66
28,67
28,68
28,69
28,70
28,71
28,72
28,73
28,74
28,75
28,76
28,77
28,78
28,79
28,80
28,81
28,82
28,83
28,84
28,85
28,86
28,87
:33_0,88
233,89
233,90
233,91
233,92
233,93
233,94
233,95
233,96
233,97
233,98
233,99
233,100
233,101
233,102
233,103
233,104
233,105
233,106
233,107
233,108
233,109
233,110
233,111
233,112
233,113
233,114
233,115
233,116
233,117
233,118
233,119
233,120
233,121
233,122
233,123
233,124
233,125
233,126
233,127
233,128
233,129
233,130
233,131
233,132
233,133
233,134
233,135
233,136
233,137
233,138
233,139
233,140
233,141
233,142
233,143
233,144
233,145
233,146
233,147
233,148
233,149
233,150
233,151
233,152
233,153
233,154
233,155
233,156
233,157
233,158
233,159
233,160
233,161
233,162
233,163
233,164
233,165
233,166
233,167
233,168
233,169
233,170
233,171
233,172
233,173
233,174
233,175
233,176
233,177
233,178
233,179
233,180
233,181
233,182
233,183
233,184
233,185
233,186
233,187
233,188
233,189
233,190
233,191
233,192
233,193
233,194
233,195
233,196
233,197
233,198
233,199
233,200
233,201
233,202
233,203
233,204
233,205
233,206
233,207
233,208
233,209
233,210
233,211
233,212
233,213
233,214
233,215
:237_1,216
:237_1,217
:237_1,218
:237_1,219
:237_1,220
:237_1,221
379,222
379,223
379,224
379,225
379,226
379,227
379,228
379,229
379,230
379,231
379,232
379,233
379,234
379,235
379,236
379,237
379,238
379,239
379,240
379,241
379,242
379,243
379,244
379,245
379,246
379,247
379,248
379,249
379,250
379,251
379,252
379,253
379,254
379,255
379,256
379,257
379,258
379,259
379,260
379,261
379,262
379,263
379,264
379,265
379,266
379,267
379,268
379,269
379,270
379,271
379,272
379,273
379,274
379,275
379,276
379,277
379,278
379,279
379,280
379,281
379,282
379,283
379,284
379,285
379,286
379,287
379,288
379,289
379,290
379,291
379,292
379,293
379,294
379,295
379,296
379,297
379,298
379,299
379,300
379,301
379,302
379,303
379,304
379,305
379,306
379,307
379,308
379,309
379,310
379,311
379,312
379,313
379,314
379,315
379,316
379,317
379,318
379,319
379,320
379,321
379,322
379,323
379,324
379,325
379,326
379,327
379,328
379,329
379,330
379,331
379,332
379,333
379,334
379,335
379,336
379,337
379,338
379,339
379,340
379,341
379,342
379,343
379,344
379,345
:343_0,346
:343_0,347
:343_0,348
:343_0,349
:343_0,350
:343_0,351
-420,352
-420,353
-420,354
-420,355
-420,356
-420,357
-420,358
-420,359
-420,360
-420,361
-420,362
-420,363
-420,364
-420,365
-420,366
-420,367
-420,368
-420,369
-420,370
-420,371
-420,372
-420,373
-420,374
-420,375
-420,376
-420,377
-420,378
-420,379
-420,380
-420,381
-420,382
-420,383
-420,384
-420,385
-420,386
-420,387
-420,388
-420,389
-420,390
-420,391
-420,392
-420,393
-420,394
-420,395
-420,396
-420,397
-420,398
-420,399
-420,400
-420,401
-420,402
-420,403
-420,404
-420,405
-420,406
-420,407
-420,408
-420,409
-420,410
-420,411
-420,412
-420,413
-420,414
-420,415
-420,416
-420,417
-420,418
-420,419
-420,420
-420,421
-420,422
-420,423
-420,424
-420,425
-420,426
-420,427
-420,428
-420,429
-420,430
-420,431
-420,432
-420,433
-420,434
-420,435
-420,436
:369_0,437
:369_0,438
:369_0,439
418,440
418,441
418,442
418,443
418,444
418,445
418,446
418,447
418,448
418,449
418,450
418,451
418,452
418,453
418,454
418,455
418,456
418,457
418,458
418,459
418,460
418,461
418,462
418,463
418,464
418,465
418,466
418,467
418,468
418,469
418,470
418,471
418,472
418,473
418,474
418,475
418,476
418,477
418,478
418,479
418,480
418,481
418,482
418,483
418,484
418,485
418,486
418,487
418,488
418,489
418,490
418,491
418,492
418,493
418,494
418,495
418,496
418,497
418,498
418,499
418,500
418,501
418,502
418,503
418,504
418,505
418,506
418,507
418,508
418,509
418,510
418,511
418,512
418,513
418,514
418,515
418,516
418,517
418,518
418,519
418,520
418,521
418,522
418,523
418,524
418,525
418,526
418,527
418,528
418,529
418,530
418,531
418,532
418,533
418,534
:207_7,535
:207_7,536
:207_7,537
:207_10,538
:207_10,539
:207_10,540
:207_10,541
-199,542
-199,543
-199,544
-199,545
-199,546
-199,547
-199,548
-199,549
-199,550
-199,551
-199,552
-199,553
-199,554
-199,555
-199,556
-199,557
-199,558
-199,559
-199,560
-199,561
-199,562
-199,563
-199,564
-199,565
-199,566
-199,567
-199,568
-199,569
-199,570
-199,571
-199,572
-199,573
-199,574
-199,575
-199,576
-199,577
-199,578
-199,579
-199,580
-199,581
-199,582
-199,583
-199,584
-199,585
-199,586
-199,587
-199,588
-199,589
-199,590
-199,591
-199,592
-199,593
-199,594
-199,595
-199,596
-199,597
-199,598
-199,599
-199,600
-199,601
-199,602
-199,603
-199,604
-199,605
-199,606
-199,607
-199,608
-199,609
-199,610
-199,611
-199,612
-199,613
-199,614
-199,615
-199,616
-199,617
-199,618
-199,619
-199,620
-199,621
-199,622
-199,623
-199,624
-199,625
-199,626
-199,627
-199,628
-199,629
-199,630
:206_3,631
:206_3,632
:206_3,633
:206_3,634
:206_3,635
:206_3,636
-198,637
-198,638
-198,639
-198,640
-198,641
-198,642
-198,643
-198,644
-198,645
-198,646
-198,647
-198,648
-198,649
-198,650
-198,651
-198,652
-198,653
-198,654
-198,655
-198,656
-198,657
-198,658
-198,659
-198,660
-198,661
-198,662
-198,663
-198,664
-198,665
-198,666
-198,667
-198,668
-198,669
-198,670
-198,671
-198,672
-198,673
-198,674
-198,675
-198,676
-198,677
-198,678
-198,679
-198,680
-198,681
-198,682
-198,683
-198,684
-198,685
-198,686
-198,687
-198,688
-198,689
-198,690
-198,691
-198,692
-198,693
-198,694
-198,695
-198,696
-198,697
-198,698
-198,699
-198,700
-198,701
-198,702
-198,703
-198,704
-198,705
-198,706
-198,707
-198,708
-198,709
-198,710
-198,711
-198,712
-198,713
-198,714
-198,715
-198,716
-198,717
-198,718
-198,719
-198,720
-198,721
-198,722
-198,723
-198,724
-198,725
-198,726
-198,727
-198,728
-198,729
-198,730
-198,731
-198,732
-198,733
-198,734
-198,735
-198,736
-198,737
-198,738
-198,739
-198,740
-198,741
-198,742
-198,743
-198,744
-198,745
-198,746
-198,747
-198,748
-198,749
-198,750
-198,751
-198,752
-198,753
-198,754
-198,755
-198,756
-198,757
-198,758
-198,759
-198,760
-198,761
-198,762
-198,763
-198,764
-198,765
-198,766
-198,767
-198,768
-198,769
-198,770
-198,771
-198,772
-198,773
-198,774
-198,775
-198,776
-198,777
-198,778
-198,779
-198,780
-198,781
-198,782
-198,783
-198,784
-198,785
-198,786
-198,787
-198,788
-198,789
-198,790
-198,791
-198,792
-198,793
-198,794
-198,795
-198,796
-198,797
-198,798
-198,799
-198,800
-198,801
-198,802
-198,803
-198,804
-198,805
-198,806
-198,807
-198,808
-198,809
-198,810
-198,811
-198,812
-198,813
-198,814
-198,815
-198,816
-198,817
-198,818
-198,819
-198,820
-198,821
-198,822
-198,823
-198,824
-198,825
-198,826
-198,827
-198,828
-198,829
-198,830
-198,831
-198,832
-198,833
-198,834
-198,835
-198,836
-198,837
-198,838
-198,839
-198,840
-198,841
-198,842
-198,843
-198,844
-198,845
-198,846
-198,847
-198,848
-198,849
-198,850
-198,851
-198,852
-198,853
-198,854
-198,855
-198,856
-198,857
-198,858
-198,859
-198,860
-198,861
-198,862
-198,863
-198,864
-198,865
-198,866
-198,867
-198,868
-198,869
-198,870
-198,871
-198,872
-198,873
28,4
