-299,1
-299,1
-299,1
-299,2
-299,3
-299,4
-299,5
-299,6
-299,7
-299,8
-299,9
-299,10
-299,11
-299,12
-299,13
-299,14
-299,15
-299,16
-299,17
-299,18
-299,19
-299,20
-299,21
-299,22
-299,23
-299,24
-299,25
-299,26
-299,27
-299,28
-299,29
-299,30
-299,31
-299,32
-299,33
-299,34
-299,35
-299,36
-299,37
-299,38
-299,39
-299,40
-299,41
-299,42
-299,43
-299,44
-299,45
-299,46
-299,47
-299,48
-299,49
-299,50
-299,51
-299,52
-299,53
-299,54
-299,55
-299,56
-299,57
-299,58
-299,59
-299,60
-299,61
-299,62
-299,63
-299,64
-299,65
-299,66
-299,67
-299,68
-299,69
-299,70
-299,71
-299,72
-299,73
-299,74
-299,75
-299,76
-299,77
-299,78
-299,79
-299,80
-299,81
:285_0,82
:285_0,83
:285_0,84
298,85
298,86
298,87
298,88
298,89
298,90
298,91
298,92
298,93
298,94
298,95
298,96
298,97
298,98
298,99
298,100
298,101
298,102
298,103
298,104
298,105
298,106
298,107
298,108
298,109
298,110
298,111
298,112
298,113
298,114
298,115
298,116
298,117
298,118
298,119
298,120
298,121
298,122
298,123
298,124
298,125
298,126
298,127
298,128
298,129
298,130
298,131
298,132
298,133
298,134
298,135
298,136
298,137
298,138
298,139
298,140
298,141
298,142
298,143
298,144
298,145
298,146
298,147
:286_9,148
:286_9,149
:286_9,150
:286_9,151
:286_9,152
477,153
477,154
477,155
477,156
477,157
477,158
477,159
477,160
477,161
477,162
477,163
477,164
477,165
477,166
477,167
477,168
477,169
477,170
477,171
477,172
477,173
477,174
477,175
477,176
477,177
477,178
477,179
477,180
477,181
477,182
477,183
477,184
477,185
477,186
477,187
477,188
477,189
477,190
477,191
477,192
477,193
477,194
477,195
477,196
477,197
477,198
477,199
477,200
477,201
477,202
477,203
477,204
477,205
477,206
477,207
477,208
477,209
477,210
477,211
477,212
477,213
477,214
477,215
477,216
477,217
477,218
477,219
477,220
477,221
477,222
477,223
477,224
477,225
477,226
477,227
:158_9,228
:158_9,229
:158_9,230
:158_9,231
:158_9,232
-143,233
-143,234
-143,235
-143,236
-143,237
-143,238
-143,239
-143,240
-143,241
-143,242
-143,243
-143,244
-143,245
-143,246
-143,247
-143,248
-143,249
-143,250
-143,251
-143,252
-143,253
-143,254
-143,255
-143,256
-143,257
-143,258
-143,259
-143,260
-143,261
-143,262
-143,263
-143,264
-143,265
-143,266
-143,267
-143,268
-143,269
-143,270
-143,271
-143,272
-143,273
-143,274
-143,275
-143,276
-143,277
-143,278
-143,279
-143,280
-143,281
-143,282
-143,283
-143,284
-143,285
-143,286
-143,287
-143,288
-143,289
-143,290
-143,291
-143,292
-143,293
-143,294
:135_3,295
:135_3,296
:135_3,297
-118,298
-118,299
-118,300
-118,301
-118,302
-118,303
-118,304
-118,305
-118,306
-118,307
-118,308
-118,309
-118,310
-118,311
-118,312
-118,313
-118,314
-118,315
-118,316
-118,317
-118,318
-118,319
-118,320
-118,321
-118,322
-118,323
-118,324
-118,325
-118,326
-118,327
-118,328
-118,329
-118,330
-118,331
-118,332
-118,333
-118,334
-118,335
-118,336
-118,337
-118,338
-118,339
-118,340
-118,341
-118,342
-118,343
-118,344
-118,345
-118,346
-118,347
-118,348
-118,349
-118,350
-118,351
-118,352
-118,353
-118,354
-118,355
-118,356
-118,357
-118,358
-118,359
-118,360
-118,361
-118,362
-118,363
-118,364
-118,365
-118,366
-118,367
-118,368
-118,369
-118,370
-118,371
-118,372
-118,373
-118,374
-118,375
-118,376
-118,377
-118,378
-118,379
-118,380
-118,381
-118,382
-118,383
-118,384
-118,385
-118,386
-118,387
-118,388
-118,389
-118,390
-118,391
-118,392
-118,393
-118,394
-118,395
-118,396
-118,397
-118,398
-118,399
-118,400
-118,401
-118,402
-118,403
-118,404
-118,405
-118,406
-118,407
-118,408
-118,409
-118,410
-118,411
-118,412
-118,413
-118,414
-118,415
-118,416
-118,417
-118,418
-118,419
-118,420
-118,421
-118,422
-118,423
-118,424
-118,425
-118,426
-118,427
-118,428
-118,429
-118,430
-118,431
-118,432
-118,433
-118,434
-118,435
-118,436
-118,437
-118,438
-118,439
-118,440
-118,441
-118,442
-118,443
-118,444
-118,445
-118,446
-118,447
-118,448
-118,449
-118,450
-118,451
-118,452
-118,453
-118,454
-118,455
-118,456
-118,457
-118,458
-118,459
-118,460
-118,461
-118,462
-118,463
-118,464
-118,465
-118,466
-118,467
-118,468
:47_14,469
:47_14,470
:47_14,471
:47_14,472
:47_14,473
:47_14,474
117,475
117,476
117,477
117,478
117,479
117,480
117,481
117,482
117,483
117,484
117,485
117,486
117,487
117,488
117,489
117,490
117,491
117,492
117,493
117,494
117,495
117,496
117,497
117,498
117,499
117,500
117,501
117,502
117,503
117,504
117,505
117,506
117,507
117,508
117,509
117,510
117,511
117,512
117,513
117,514
117,515
117,516
117,517
117,518
117,519
117,520
117,521
117,522
117,523
117,524
117,525
117,526
117,527
117,528
117,529
117,530
117,531
117,532
117,533
117,534
117,535
117,536
117,537
117,538
117,539
117,540
117,541
117,542
117,543
117,544
117,545
117,546
117,547
117,548
117,549
117,550
117,551
117,552
117,553
117,554
117,555
117,556
117,557
117,558
117,559
117,560
117,561
117,562
117,563
117,564
117,565
117,566
117,567
117,568
117,569
117,570
117,571
117,572
117,573
117,574
117,575
117,576
117,577
117,578
117,579
117,580
117,581
117,582
117,583
117,584
117,585
117,586
117,587
117,588
117,589
117,590
117,591
117,592
117,593
117,594
117,595
117,596
117,597
:134_7,598
:134_7,599
:134_7,600
:134_7,601
:134_7,602
:134_7,603
-322,604
-322,605
-322,606
-322,607
-322,608
-322,609
-322,610
-322,611
-322,612
-322,613
-322,614
-322,615
-322,616
-322,617
-322,618
-322,619
-322,620
-322,621
-322,622
-322,623
-322,624
-322,625
-322,626
-322,627
-322,628
-322,629
-322,630
-322,631
-322,632
-322,633
-322,634
-322,635
-322,636
-322,637
-322,638
-322,639
-322,640
-322,641
-322,642
-322,643
-322,644
-322,645
-322,646
-322,647
-322,648
-322,649
-322,650
-322,651
-322,652
-322,653
-322,654
-322,655
-322,656
-322,657
-322,658
-322,659
-322,660
-322,661
-322,662
-322,663
-322,664
-322,665
-322,666
-322,667
-322,668
-322,669
-322,670
-322,671
-322,672
-322,673
-322,674
-322,675
-322,676
-322,677
-322,678
-322,679
-322,680
-322,681
-322,682
-322,683
-322,684
-322,685
-322,686
-322,687
-322,688
-322,689
-322,690
-322,691
-322,692
-322,693
-322,694
-322,695
-322,696
-322,697
-322,698
-322,699
-322,700
-322,701
-322,702
-322,703
-322,704
-322,705
-322,706
-322,707
-322,708
-322,709
-322,710
-322,711
-322,712
-322,713
-322,714
-322,715
-322,716
-322,717
-322,718
-322,719
-322,720
-322,721
-322,722
-322,723
-322,724
-322,725
-322,726
-322,727
-322,728
-322,729
-322,730
-322,731
-322,732
-322,733
-322,734
-322,735
:50_5,736
:50_5,737
:50_5,738
:50_5,739
:50_5,740
:50_5,741
:50_5,742
:50_5,743
-430,744
-430,745
-430,746
-430,747
-430,748
-430,749
-430,750
-430,751
-430,752
-430,753
-430,754
-430,755
-430,756
-430,757
-430,758
-430,759
-430,760
-430,761
-430,762
-430,763
-430,764
-430,765
-430,766
-430,767
-430,768
-430,769
-430,770
-430,771
-430,772
-430,773
-430,774
-430,775
-430,776
-430,777
-430,778
-430,779
-430,780
-430,781
-430,782
-430,783
-430,784
-430,785
-430,786
-430,787
-430,788
-430,789
-430,790
-430,791
-430,792
-430,793
-430,794
-430,795
-430,796
-430,797
-430,798
-430,799
-430,800
-430,801
-430,802
-430,803
-430,804
-430,805
-430,806
-430,807
-430,808
-430,809
-430,810
-430,811
-430,812
-430,813
-430,814
-430,815
-430,816
-430,817
-430,818
-430,819
-430,820
-430,821
-430,822
-430,823
-430,824
-430,825
-430,826
-430,827
-430,828
-430,829
-430,830
-430,831
-430,832
-430,833
-430,834
-430,835
-430,836
-430,837
-430,838
-430,839
-430,840
-430,841
-430,842
-430,843
-430,844
-430,845
-430,846
-430,847
-430,848
-430,849
-430,850
-430,851
-430,852
-430,853
-430,854
-430,855
-430,856
-430,857
-430,858
-430,859
-430,860
-430,861
-430,862
-430,863
-430,864
-430,865
-430,866
-430,867
-430,868
-430,869
-430,870
-430,871
-430,872
-430,873
-430,874
-430,875
-430,876
-430,877
-430,878
-430,879
-430,880
-430,881
-430,882
-430,883
-430,884
-430,885
-430,886
-430,887
-430,888
-430,889
-430,890
-430,891
-430,892
-430,893
-430,894
-430,895
-430,896
-430,897
-430,898
-430,899
-430,900
-430,901
-430,902
-430,903
-430,904
-430,905
-430,906
-430,907
-430,908
-430,909
-430,910
-430,911
-430,912
-430,913
-430,914
-430,915
-430,916
-430,917
-430,918
-430,919
-430,920
-430,921
-430,922
-430,923
-430,924
-430,925
-430,926
-430,927
-430,928
-430,929
-430,930
-430,931
-430,932
-430,933
-430,934
-430,935
-430,936
-430,937
-430,938
-430,939
-430,940
-430,941
-430,942
-430,943
-430,944
-430,945
:375_3,946
:375_3,947
:375_3,948
:375_3,949
:375_3,950
-679,951
-679,952
-679,953
-679,954
-679,955
-679,956
-679,957
-679,958
-679,959
-679,960
-679,961
-679,962
-679,963
-679,964
-679,965
-299,1
-299,2
-299,3
-299,1
