-27,1
-27,1
-27,1
-27,2
-27,3
-27,4
-27,5
-27,6
-27,7
-27,8
-27,9
-27,10
-27,11
-27,12
-27,13
-27,14
-27,15
-27,16
-27,17
-27,18
-27,19
-27,20
-27,21
-27,22
-27,23
-27,24
-27,25
-27,26
-27,27
-27,28
-27,29
-27,30
-27,31
-27,32
-27,33
-27,34
-27,35
-27,36
-27,37
-27,38
-27,39
-27,40
-27,41
-27,42
-27,43
-27,44
-27,45
-27,46
-27,47
-27,48
-27,49
-27,50
-27,51
-27,52
-27,53
-27,54
-27,55
-27,56
-27,57
-27,58
-27,59
-27,60
-27,61
-27,62
-27,63
-27,64
-27,65
-27,66
-27,67
-27,68
-27,69
-27,70
-27,71
-27,72
-27,73
-27,74
-27,75
-27,76
-27,77
-27,78
-27,79
-27,80
-27,81
-27,82
-27,83
-27,84
-27,85
-27,86
-27,87
-27,88
-27,89
-27,90
-27,91
-27,92
-27,93
-27,94
-27,95
-27,96
-27,97
-27,98
-27,99
-27,100
-27,101
-27,102
-27,103
-27,104
-27,105
:30_7,106
:30_7,107
:30_7,108
:30_7,109
26,110
26,111
26,112
26,113
26,114
26,115
26,116
26,117
26,118
26,119
26,120
26,121
26,122
26,123
26,124
26,125
26,126
26,127
26,128
26,129
26,130
26,131
26,132
26,133
26,134
26,135
26,136
26,137
26,138
26,139
26,140
26,141
26,142
26,143
26,144
26,145
26,146
26,147
26,148
26,149
26,150
26,151
26,152
26,153
26,154
26,155
26,156
26,157
26,158
26,159
26,160
26,161
26,162
26,163
26,164
26,165
26,166
26,167
26,168
26,169
26,170
26,171
26,172
26,173
26,174
26,175
26,176
26,177
26,178
26,179
26,180
26,181
26,182
26,183
26,184
26,185
26,186
26,187
26,188
26,189
26,190
26,191
26,192
26,193
26,194
26,195
26,196
26,197
26,198
26,199
26,200
26,201
26,202
26,203
:31_8,204
:31_8,205
:31_8,206
:31_8,207
319,208
319,209
319,210
319,211
319,212
319,213
319,214
319,215
319,216
319,217
319,218
319,219
319,220
319,221
319,222
319,223
319,224
319,225
319,226
319,227
319,228
319,229
319,230
319,231
319,232
319,233
319,234
319,235
319,236
319,237
319,238
319,239
319,240
319,241
319,242
319,243
319,244
319,245
319,246
319,247
319,248
319,249
319,250
319,251
319,252
319,253
319,254
319,255
319,256
319,257
319,258
319,259
319,260
319,261
319,262
319,263
319,264
319,265
319,266
319,267
319,268
319,269
319,270
319,271
319,272
319,273
319,274
319,275
319,276
319,277
319,278
319,279
319,280
319,281
319,282
319,283
319,284
319,285
319,286
319,287
319,288
319,289
319,290
319,291
319,292
319,293
319,294
319,295
319,296
319,297
319,298
319,299
319,300
319,301
319,302
319,303
319,304
319,305
319,306
319,307
319,308
319,309
319,310
:37_1,311
:37_1,312
-31,313
-31,314
-31,315
-31,316
-31,317
-31,318
-31,319
-31,320
-31,321
-31,322
-31,323
-31,324
-31,325
-31,326
-31,327
-31,328
-31,329
-31,330
-31,331
-31,332
-31,333
-31,334
-31,335
-31,336
-31,337
-31,338
-31,339
-31,340
-31,341
-31,342
-31,343
-31,344
-31,345
-31,346
-31,347
-31,348
-31,349
-31,350
-31,351
-31,352
-31,353
-31,354
-31,355
-31,356
-31,357
-31,358
-31,359
-31,360
-31,361
-31,362
-31,363
-31,364
-31,365
-31,366
-31,367
-31,368
-31,369
-31,370
-31,371
-31,372
-31,373
-31,374
-31,375
-31,376
-31,377
-31,378
-31,379
-31,380
-31,381
-31,382
-31,383
-31,384
-31,385
-31,386
-31,387
-31,388
-31,389
-31,390
-31,391
-31,392
-31,393
-31,394
-31,395
-31,396
-31,397
:34_6,398
:34_6,399
:34_6,400
:34_6,401
29,402
29,403
29,404
29,405
29,406
29,407
29,408
29,409
29,410
29,411
29,412
29,413
29,414
29,415
29,416
29,417
29,418
29,419
29,420
29,421
29,422
29,423
29,424
29,425
29,426
29,427
29,428
29,429
29,430
29,431
29,432
29,433
29,434
29,435
29,436
29,437
29,438
29,439
29,440
29,441
29,442
29,443
29,444
29,445
29,446
29,447
29,448
29,449
29,450
29,451
29,452
29,453
29,454
29,455
29,456
29,457
29,458
29,459
29,460
29,461
29,462
29,463
29,464
29,465
29,466
29,467
29,468
29,469
29,470
29,471
29,472
29,473
29,474
29,475
29,476
29,477
29,478
29,479
29,480
29,481
29,482
29,483
29,484
29,485
29,486
29,487
29,488
29,489
29,490
29,491
29,492
29,493
29,494
29,495
29,496
29,497
29,498
29,499
29,500
29,501
29,502
29,503
29,504
29,505
29,506
29,507
:35_13,508
:35_13,509
:35_13,510
:35_13,511
:35_13,512
196,513
196,514
196,515
196,516
196,517
196,518
196,519
196,520
196,521
196,522
196,523
196,524
196,525
196,526
196,527
196,528
196,529
196,530
196,531
196,532
196,533
196,534
196,535
196,536
196,537
196,538
196,539
196,540
196,541
196,542
196,543
196,544
196,545
196,546
196,547
196,548
196,549
196,550
196,551
196,552
196,553
196,554
196,555
196,556
196,557
196,558
196,559
196,560
196,561
196,562
196,563
196,564
196,565
196,566
196,567
196,568
196,569
196,570
196,571
196,572
196,573
196,574
196,575
196,576
196,577
196,578
196,579
196,580
196,581
196,582
196,583
196,584
196,585
196,586
196,587
196,588
196,589
196,590
196,591
196,592
196,593
196,594
196,595
196,596
196,597
196,598
196,599
196,600
196,601
196,602
196,603
196,604
196,605
196,606
196,607
196,608
196,609
196,610
196,611
196,612
196,613
196,614
196,615
196,616
196,617
196,618
196,619
196,620
196,621
196,622
196,623
196,624
196,625
196,626
196,627
196,628
196,629
196,630
196,631
196,632
196,633
196,634
196,635
196,636
196,637
196,638
196,639
196,640
196,641
196,642
196,643
196,644
196,645
196,646
196,647
196,648
196,649
196,650
196,651
196,652
196,653
196,654
196,655
196,656
196,657
196,658
196,659
196,660
196,661
196,662
196,663
196,664
196,665
196,666
196,667
196,668
196,669
196,670
196,671
196,672
196,673
196,674
196,675
196,676
196,677
196,678
196,679
196,680
196,681
196,682
196,683
196,684
196,685
196,686
196,687
196,688
196,689
196,690
196,691
196,692
196,693
196,694
196,695
196,696
196,697
196,698
196,699
196,700
196,701
196,702
196,703
196,704
196,705
196,706
196,707
196,708
196,709
196,710
196,711
196,712
196,713
196,714
196,715
196,716
196,717
196,718
196,719
196,720
196,721
196,722
196,723
196,724
196,725
196,726
196,727
196,728
196,729
196,730
196,731
196,732
196,733
196,734
196,735
196,736
196,737
196,738
196,739
196,740
196,741
196,742
196,743
196,744
196,745
196,746
196,747
196,748
196,749
196,750
196,751
196,752
196,753
196,754
196,755
196,756
196,757
196,758
196,759
196,760
196,761
196,762
196,763
196,764
196,765
196,766
196,767
196,768
196,769
196,770
196,771
196,772
196,773
196,774
196,775
196,776
196,777
196,778
196,779
196,780
196,781
196,782
196,783
196,784
196,785
196,786
196,787
196,788
196,789
196,790
196,791
196,792
196,793
196,794
196,795
196,796
196,797
196,798
196,799
196,800
196,801
196,802
196,803
196,804
196,805
196,806
196,807
196,808
196,809
196,810
196,811
196,812
196,813
196,814
196,815
:170_13,816
:170_13,817
:170_13,818
:170_13,819
:170_13,820
:170_13,821
-154,822
-154,823
-154,824
-154,825
-154,826
-154,827
-154,828
-154,829
-154,830
-154,831
-154,832
-154,833
-154,834
-154,835
-154,836
-154,837
-154,838
-154,839
-154,840
-154,841
-154,842
-154,843
-154,844
-154,845
-154,846
-154,847
-154,848
-154,849
-154,850
-154,851
-154,852
-154,853
-154,854
-154,855
-154,856
-154,857
-154,858
-154,859
-154,860
-154,861
-154,862
-154,863
-154,864
-154,865
-154,866
-154,867
-154,868
-154,869
-154,870
-154,871
-154,872
-154,873
-154,874
-154,875
-154,876
-154,877
-154,878
-154,879
-154,880
-154,881
-154,882
-154,883
-154,884
-154,885
-154,886
-154,887
-154,888
-154,889
-154,890
-154,891
-154,892
-154,893
-154,894
-154,895
-154,896
-154,897
-154,898
-154,899
-154,900
-154,901
-154,902
-154,903
-154,904
-154,905
-154,906
-154,907
-154,908
-154,909
-154,910
-154,911
-154,912
-154,913
-154,914
-154,915
-154,916
-154,917
-154,918
-154,919
-154,920
-154,921
-154,922
-154,923
-154,924
-154,925
-154,926
-154,927
-154,928
-154,929
-154,930
-154,931
-154,932
-154,933
-154,934
-154,935
-154,936
-154,937
-154,938
-154,939
-154,940
-154,941
-154,942
-154,943
-154,944
-154,945
-154,946
-154,947
-154,948
-154,949
-154,950
-154,951
-154,952
-154,953
-154,954
-154,955
-154,956
-154,957
-154,958
-154,959
-154,960
-154,961
-154,962
-154,963
-154,964
-154,965
-27,1
-27,2
-27,3
-27,1
