-52,1
-52,1
-52,1
-52,2
-52,3
-52,4
-52,5
-52,6
-52,7
-52,8
-52,9
-52,10
-52,11
-52,12
-52,13
-52,14
-52,15
-52,16
-52,17
-52,18
-52,19
-52,20
-52,21
-52,22
-52,23
-52,24
-52,25
-52,26
-52,27
-52,28
-52,29
-52,30
-52,31
-52,32
-52,33
-52,34
-52,35
-52,36
-52,37
-52,38
-52,39
-52,40
-52,41
-52,42
-52,43
-52,44
-52,45
-52,46
-52,47
-52,48
-52,49
-52,50
-52,51
-52,52
-52,53
-52,54
-52,55
-52,56
-52,57
-52,58
-52,59
-52,60
-52,61
-52,62
-52,63
-52,64
-52,65
-52,66
-52,67
-52,68
-52,69
-52,70
-52,71
-52,72
-52,73
-52,74
-52,75
-52,76
-52,77
-52,78
-52,79
-52,80
-52,81
-52,82
-52,83
-52,84
-52,85
-52,86
-52,87
-52,88
-52,89
-52,90
-52,91
-52,92
-52,93
-52,94
-52,95
-52,96
-52,97
-52,98
-52,99
-52,100
-52,101
-52,102
-52,103
-52,104
-52,105
-52,106
-52,107
-52,108
-52,109
-52,110
-52,111
-52,112
-52,113
-52,114
-52,115
-52,116
-52,117
-52,118
-52,119
-52,120
-52,121
-52,122
-52,123
-52,124
-52,125
-52,126
-52,127
-52,128
-52,129
-52,130
-52,131
-52,132
-52,133
-52,134
-52,135
:58_1,136
:58_1,137
:58_1,138
:58_1,139
:58_1,140
51,141
51,142
51,143
51,144
51,145
51,146
51,147
51,148
51,149
51,150
51,151
51,152
51,153
51,154
51,155
51,156
51,157
51,158
51,159
51,160
51,161
51,162
51,163
51,164
51,165
51,166
51,167
51,168
51,169
51,170
51,171
51,172
51,173
51,174
51,175
51,176
51,177
51,178
51,179
51,180
51,181
51,182
51,183
51,184
51,185
51,186
51,187
51,188
51,189
51,190
51,191
51,192
51,193
51,194
51,195
51,196
51,197
51,198
51,199
51,200
51,201
51,202
51,203
51,204
51,205
51,206
51,207
51,208
51,209
51,210
51,211
51,212
51,213
51,214
51,215
51,216
51,217
51,218
51,219
51,220
51,221
51,222
51,223
51,224
51,225
51,226
51,227
51,228
51,229
51,230
51,231
51,232
51,233
51,234
51,235
51,236
51,237
51,238
51,239
51,240
51,241
51,242
51,243
51,244
51,245
51,246
51,247
51,248
51,249
51,250
51,251
51,252
51,253
51,254
51,255
51,256
51,257
51,258
51,259
51,260
51,261
51,262
51,263
51,264
51,265
51,266
:59_7,267
:59_7,268
:59_7,269
:59_7,270
:59_7,271
:59_7,272
-304,273
-304,274
-304,275
-304,276
-304,277
-304,278
-304,279
-304,280
-304,281
-304,282
-304,283
-304,284
-304,285
-304,286
-304,287
-304,288
-304,289
-304,290
-304,291
-304,292
-304,293
-304,294
-304,295
-304,296
-304,297
-304,298
-304,299
-304,300
-304,301
-304,302
-304,303
-304,304
-304,305
-304,306
-304,307
-304,308
-304,309
-304,310
-304,311
-304,312
-304,313
-304,314
-304,315
-304,316
-304,317
-304,318
-304,319
-304,320
-304,321
-304,322
-304,323
-304,324
-304,325
-304,326
-304,327
-304,328
-304,329
-304,330
-304,331
-304,332
-304,333
-304,334
-304,335
-304,336
-304,337
-304,338
-304,339
-304,340
-304,341
-304,342
-304,343
-304,344
-304,345
-304,346
-304,347
-304,348
-304,349
-304,350
-304,351
:289_0,352
:289_0,353
:289_0,354
:289_0,355
:289_0,356
302,357
302,358
302,359
302,360
302,361
302,362
302,363
302,364
302,365
302,366
302,367
302,368
302,369
302,370
302,371
302,372
302,373
302,374
302,375
302,376
302,377
302,378
302,379
302,380
302,381
302,382
302,383
302,384
302,385
302,386
302,387
302,388
302,389
302,390
-192,391
-192,392
-192,393
-192,394
-192,395
-192,396
-192,397
-192,398
-192,399
-192,400
-192,401
-192,402
-192,403
-192,404
-192,405
-192,406
-192,407
-192,408
-192,409
-192,410
-192,411
-192,412
-192,413
-192,414
-192,415
-192,416
-192,417
-192,418
-192,419
-192,420
-192,421
-192,422
-192,423
-192,424
-192,425
-192,426
-192,427
-192,428
-192,429
-192,430
-192,431
-192,432
-192,433
-192,434
-192,435
-192,436
-192,437
-192,438
-192,439
-192,440
-192,441
-192,442
-192,443
-192,444
-192,445
-192,446
-192,447
-192,448
-192,449
-192,450
-192,451
-192,452
-192,453
-192,454
-192,455
-192,456
-192,457
-192,458
-192,459
-192,460
-192,461
-192,462
-192,463
-192,464
-192,465
-192,466
-192,467
-192,468
-192,469
-192,470
-192,471
-192,472
-192,473
-192,474
-192,475
:68_0,476
:68_0,477
:68_0,478
:68_0,479
190,480
190,481
190,482
190,483
190,484
190,485
190,486
190,487
190,488
190,489
190,490
190,491
190,492
190,493
190,494
190,495
190,496
190,497
190,498
190,499
190,500
190,501
190,502
190,503
190,504
190,505
190,506
190,507
190,508
190,509
190,510
190,511
190,512
190,513
190,514
190,515
190,516
190,517
190,518
190,519
190,520
190,521
190,522
190,523
190,524
190,525
190,526
190,527
190,528
190,529
190,530
190,531
190,532
190,533
190,534
190,535
190,536
190,537
190,538
190,539
:200_4,540
:200_4,541
:200_4,542
561,543
561,544
561,545
561,546
561,547
561,548
561,549
561,550
561,551
561,552
561,553
561,554
561,555
561,556
561,557
561,558
561,559
561,560
561,561
561,562
561,563
561,564
561,565
561,566
561,567
561,568
561,569
561,570
561,571
561,572
561,573
561,574
561,575
561,576
561,577
561,578
561,579
561,580
561,581
561,582
:405_0,583
-478,584
-478,585
-478,586
-478,587
-478,588
-478,589
-478,590
-478,591
-478,592
-478,593
-478,594
-478,595
-478,596
-478,597
-478,598
-478,599
-478,600
-478,601
-478,602
-478,603
-478,604
-478,605
-478,606
-478,607
-478,608
-478,609
-478,610
-478,611
-478,612
-478,613
-478,614
-478,615
-478,616
-478,617
-478,618
-478,619
-478,620
-478,621
-478,622
-478,623
-478,624
-478,625
-478,626
-478,627
-478,628
-478,629
-478,630
-478,631
-478,632
-478,633
-478,634
-478,635
-478,636
-478,637
-478,638
-478,639
-478,640
-478,641
-478,642
-478,643
-478,644
-478,645
-478,646
-478,647
-478,648
-478,649
-478,650
-478,651
-478,652
-478,653
-478,654
-478,655
-478,656
-478,657
-478,658
-478,659
-478,660
-478,661
-478,662
-478,663
-478,664
-478,665
-478,666
-478,667
-478,668
-478,669
-478,670
-478,671
-478,672
-478,673
-478,674
-478,675
-478,676
-478,677
-478,678
-478,679
-478,680
-52,1
-52,2
-52,3
-52,1
