319,1
319,1
319,1
319,2
319,3
319,4
319,5
319,6
319,7
319,8
319,9
319,10
319,11
319,12
319,13
319,14
319,15
319,16
319,17
319,18
319,19
319,20
319,21
319,22
319,23
319,24
319,25
319,26
319,27
319,28
319,29
319,30
319,31
319,32
319,33
319,34
319,35
319,36
319,37
319,38
319,39
319,40
319,41
319,42
319,43
319,44
319,45
319,46
319,47
319,48
319,49
319,50
319,51
319,52
319,53
319,54
319,55
319,56
319,57
319,58
319,59
319,60
319,61
319,62
319,63
319,64
319,65
319,66
319,67
319,68
319,69
319,70
319,71
319,72
319,73
319,74
319,75
319,76
319,77
319,78
319,79
319,80
319,81
319,82
319,83
319,84
319,85
319,86
319,87
319,88
319,89
319,90
319,91
319,92
319,93
319,94
319,95
:37_1,96
-31,97
-31,98
-31,99
-31,100
-31,101
-31,102
-31,103
-31,104
-31,105
-31,106
-31,107
-31,108
-31,109
-31,110
-31,111
-31,112
-31,113
-31,114
-31,115
-31,116
-31,117
-31,118
-31,119
-31,120
-31,121
-31,122
-31,123
-31,124
-31,125
-31,126
-31,127
-31,128
-31,129
-31,130
-31,131
-31,132
-31,133
-31,134
-31,135
-31,136
-31,137
-31,138
-31,139
-31,140
-31,141
-31,142
-31,143
-31,144
-31,145
-31,146
-31,147
-31,148
-31,149
-31,150
-31,151
-31,152
-31,153
-31,154
-31,155
-31,156
-31,157
-31,158
-31,159
-31,160
-31,161
-31,162
-31,163
-31,164
-31,165
-31,166
-31,167
-31,168
-31,169
-31,170
-31,171
-31,172
-31,173
-31,174
-31,175
-31,176
:34_6,177
:34_6,178
:34_6,179
:34_6,180
29,181
29,182
29,183
29,184
29,185
29,186
29,187
29,188
29,189
29,190
29,191
29,192
29,193
29,194
29,195
29,196
29,197
29,198
29,199
29,200
29,201
29,202
29,203
29,204
29,205
29,206
29,207
29,208
29,209
29,210
29,211
29,212
29,213
29,214
29,215
29,216
29,217
29,218
29,219
29,220
29,221
29,222
29,223
29,224
29,225
29,226
29,227
29,228
29,229
29,230
29,231
29,232
29,233
29,234
29,235
29,236
29,237
29,238
29,239
29,240
29,241
29,242
29,243
29,244
29,245
29,246
29,247
29,248
29,249
29,250
29,251
29,252
29,253
29,254
29,255
29,256
29,257
29,258
29,259
29,260
29,261
29,262
29,263
29,264
29,265
29,266
29,267
29,268
29,269
29,270
29,271
29,272
29,273
29,274
29,275
29,276
29,277
29,278
29,279
:35_12,280
:35_12,281
:35_12,282
197,283
197,284
197,285
197,286
197,287
197,288
197,289
197,290
197,291
197,292
197,293
197,294
197,295
197,296
197,297
197,298
197,299
197,300
197,301
197,302
197,303
197,304
197,305
197,306
197,307
197,308
197,309
197,310
197,311
197,312
197,313
197,314
197,315
197,316
197,317
197,318
197,319
197,320
197,321
197,322
197,323
197,324
197,325
197,326
197,327
197,328
197,329
197,330
197,331
197,332
197,333
197,334
197,335
197,336
197,337
197,338
197,339
197,340
197,341
197,342
197,343
197,344
197,345
197,346
197,347
197,348
197,349
197,350
197,351
197,352
197,353
197,354
197,355
197,356
197,357
197,358
197,359
197,360
197,361
197,362
197,363
197,364
197,365
197,366
197,367
197,368
197,369
197,370
197,371
197,372
197,373
197,374
197,375
197,376
197,377
197,378
197,379
197,380
197,381
197,382
197,383
197,384
197,385
197,386
197,387
197,388
197,389
197,390
197,391
197,392
197,393
197,394
197,395
197,396
197,397
197,398
197,399
197,400
197,401
197,402
197,403
197,404
197,405
197,406
197,407
197,408
197,409
197,410
197,411
197,412
197,413
197,414
197,415
197,416
197,417
197,418
197,419
197,420
197,421
197,422
197,423
197,424
197,425
197,426
197,427
197,428
197,429
197,430
197,431
197,432
197,433
197,434
197,435
197,436
197,437
197,438
197,439
197,440
197,441
197,442
197,443
197,444
197,445
197,446
197,447
197,448
197,449
197,450
197,451
197,452
197,453
197,454
197,455
197,456
197,457
197,458
197,459
197,460
197,461
197,462
197,463
197,464
197,465
197,466
197,467
197,468
197,469
197,470
197,471
197,472
197,473
197,474
197,475
197,476
197,477
197,478
197,479
197,480
197,481
197,482
197,483
197,484
197,485
197,486
197,487
197,488
197,489
197,490
197,491
197,492
197,493
197,494
197,495
197,496
197,497
197,498
197,499
197,500
197,501
197,502
197,503
197,504
197,505
197,506
197,507
197,508
197,509
197,510
197,511
197,512
197,513
197,514
197,515
197,516
197,517
197,518
197,519
197,520
197,521
197,522
197,523
197,524
197,525
197,526
197,527
197,528
197,529
197,530
197,531
197,532
197,533
197,534
197,535
197,536
197,537
197,538
197,539
197,540
197,541
197,542
:205_0,543
:205_0,544
:205_0,545
:205_0,546
:205_0,547
198,548
198,549
198,550
198,551
198,552
198,553
198,554
198,555
198,556
198,557
198,558
198,559
198,560
198,561
198,562
198,563
198,564
198,565
198,566
198,567
198,568
198,569
198,570
198,571
198,572
198,573
198,574
198,575
198,576
198,577
198,578
198,579
198,580
198,581
198,582
198,583
198,584
198,585
198,586
198,587
198,588
198,589
198,590
198,591
198,592
198,593
198,594
198,595
198,596
198,597
198,598
198,599
198,600
198,601
198,602
198,603
198,604
198,605
198,606
198,607
198,608
198,609
198,610
198,611
198,612
198,613
198,614
198,615
198,616
198,617
198,618
198,619
198,620
198,621
198,622
198,623
198,624
198,625
198,626
198,627
198,628
198,629
198,630
198,631
198,632
198,633
198,634
198,635
198,636
198,637
198,638
198,639
198,640
198,641
198,642
198,643
198,644
198,645
198,646
198,647
198,648
198,649
198,650
198,651
198,652
198,653
198,654
198,655
198,656
198,657
198,658
198,659
198,660
198,661
198,662
198,663
198,664
198,665
198,666
198,667
198,668
198,669
198,670
198,671
198,672
198,673
198,674
198,675
198,676
198,677
198,678
198,679
198,680
198,681
198,682
198,683
198,684
198,685
198,686
198,687
198,688
198,689
198,690
198,691
198,692
198,693
198,694
198,695
198,696
198,697
198,698
198,699
198,700
198,701
198,702
198,703
198,704
198,705
198,706
198,707
198,708
198,709
198,710
198,711
198,712
198,713
198,714
198,715
198,716
198,717
198,718
198,719
198,720
198,721
198,722
198,723
198,724
198,725
198,726
198,727
198,728
198,729
198,730
198,731
198,732
198,733
198,734
198,735
198,736
198,737
198,738
198,739
198,740
198,741
198,742
198,743
198,744
198,745
198,746
198,747
198,748
198,749
198,750
198,751
198,752
198,753
198,754
198,755
198,756
198,757
:206_0,758
:206_0,759
:206_0,760
-483,761
-483,762
-483,763
-483,764
-483,765
-483,766
-483,767
-483,768
-483,769
-483,770
-483,771
-483,772
-483,773
-483,774
-483,775
-483,776
-483,777
-483,778
-483,779
-483,780
-483,781
-483,782
-483,783
-483,784
-483,785
-483,786
-483,787
-483,788
-483,789
-483,790
-483,791
-483,792
-483,793
-483,794
-483,795
-483,796
-483,797
-483,798
-483,799
-483,800
-483,801
-483,802
-483,803
-483,804
-483,805
-483,806
-483,807
-483,808
-483,809
-483,810
-483,811
-483,812
-483,813
-483,814
-483,815
-483,816
-483,817
-483,818
-483,819
-483,820
-483,821
-483,822
-483,823
-483,824
-483,825
-483,826
-483,827
-483,828
-483,829
-483,830
-483,831
-483,832
-483,833
-483,834
-483,835
-483,836
-483,837
-483,838
-483,839
-483,840
-483,841
-483,842
-483,843
319,1
319,2
319,3
319,1
