-313,4
-313,5
-313,6
-313,7
-313,8
-313,9
-313,10
-313,11
-313,12
-313,13
-313,14
-313,15
-313,16
-313,17
-313,18
-313,19
-313,20
-313,21
-313,22
-313,23
-313,24
-313,25
-313,26
-313,27
-313,28
-313,29
-313,30
-313,31
-313,32
-313,33
-313,34
-313,35
-313,36
-313,37
-313,38
-313,39
-313,40
-313,41
-313,42
-313,43
-313,44
-313,45
-313,46
-313,47
-313,48
-313,49
-313,50
-313,51
-313,52
-313,53
-313,54
-313,55
-313,56
-313,57
-313,58
-313,59
-313,60
-313,61
-313,62
-313,63
:296_1,64
:296_1,65
:296_1,66
:296_1,67
:296_1,68
-312,69
-312,70
-312,71
-312,72
-312,73
-312,74
-312,75
-312,76
-312,77
-312,78
-312,79
-312,80
-312,81
-312,82
-312,83
-312,84
-312,85
-312,86
-312,87
-312,88
-312,89
-312,90
-312,91
-312,92
-312,93
-312,94
-312,95
-312,96
-312,97
-312,98
-312,99
-312,100
-312,101
-312,102
-312,103
-312,104
-312,105
-312,106
-312,107
-312,108
-312,109
-312,110
-312,111
-312,112
-312,113
-312,114
-312,115
-312,116
-312,117
-312,118
-312,119
-312,120
-312,121
-312,122
-312,123
-312,124
-312,125
-312,126
-312,127
-312,128
-312,129
-312,130
-312,131
-312,132
-312,133
-312,134
-312,135
-312,136
-312,137
-312,138
-312,139
-312,140
-312,141
-312,142
-312,143
-312,144
-312,145
-312,146
-312,147
-312,148
-312,149
-312,150
-312,151
-312,152
-312,153
-312,154
-312,155
-312,156
-312,157
-312,158
-312,159
-312,160
-312,161
-312,162
-312,163
-312,164
-312,165
-312,166
-312,167
-312,168
-312,169
-312,170
-312,171
-312,172
-312,173
-312,174
-312,175
-312,176
-312,177
-312,178
-312,179
-312,180
-312,181
-312,182
-312,183
-312,184
-312,185
-312,186
-312,187
-312,188
-312,189
-312,190
-312,191
-312,192
-312,193
:295_5,194
:295_5,195
:295_5,196
:295_5,197
:295_5,198
315,199
315,200
315,201
315,202
315,203
315,204
315,205
315,206
315,207
315,208
315,209
315,210
315,211
315,212
315,213
315,214
315,215
315,216
315,217
315,218
315,219
315,220
315,221
315,222
315,223
315,224
315,225
315,226
315,227
315,228
315,229
315,230
315,231
315,232
315,233
315,234
315,235
315,236
315,237
315,238
315,239
315,240
315,241
315,242
315,243
315,244
315,245
315,246
315,247
315,248
315,249
315,250
315,251
315,252
315,253
315,254
315,255
315,256
315,257
315,258
315,259
315,260
315,261
315,262
315,263
315,264
315,265
315,266
315,267
315,268
315,269
315,270
315,271
315,272
315,273
315,274
315,275
315,276
315,277
315,278
315,279
315,280
315,281
315,282
315,283
315,284
315,285
315,286
315,287
315,288
315,289
315,290
-97,291
-97,292
-97,293
-97,294
-97,295
-97,296
-97,297
-97,298
-97,299
-97,300
-97,301
-97,302
-97,303
-97,304
-97,305
-97,306
-97,307
-97,308
-97,309
-97,310
-97,311
-97,312
-97,313
-97,314
-97,315
-97,316
-97,317
-97,318
-97,319
-97,320
-97,321
-97,322
-97,323
-97,324
-97,325
-97,326
-97,327
-97,328
-97,329
-97,330
-97,331
-97,332
-97,333
-97,334
-97,335
-97,336
-97,337
-97,338
-97,339
-97,340
-97,341
-97,342
-97,343
-97,344
-97,345
-97,346
-97,347
-97,348
-97,349
-97,350
-97,351
-97,352
-97,353
-97,354
-97,355
-97,356
-97,357
-97,358
-97,359
-97,360
-97,361
-97,362
-97,363
-97,364
-97,365
-97,366
:111_6,367
:111_6,368
:111_16,369
:111_16,370
:111_16,371
-552,372
-552,373
-552,374
-552,375
-552,376
-552,377
-552,378
-552,379
-552,380
-552,381
-552,382
-552,383
-552,384
-552,385
-552,386
-552,387
-552,388
-552,389
-552,390
-552,391
-552,392
-552,393
-552,394
-552,395
-552,396
-552,397
-552,398
-552,399
-552,400
-552,401
-552,402
-552,403
-552,404
-552,405
-552,406
-552,407
-552,408
-552,409
-552,410
-552,411
-552,412
-552,413
-552,414
-552,415
-552,416
-552,417
-552,418
-552,419
-552,420
-552,421
-552,422
-552,423
-552,424
-552,425
-552,426
-552,427
-552,428
-552,429
-552,430
-552,431
-552,432
-552,433
-552,434
-552,435
-552,436
-552,437
-552,438
-552,439
-552,440
-552,441
-552,442
-552,443
-552,444
-552,445
-552,446
-552,447
-552,448
-552,449
-552,450
-552,451
-552,452
-552,453
-552,454
-552,455
-552,456
-552,457
-552,458
-552,459
-552,460
-552,461
-552,462
-552,463
-552,464
-552,465
-552,466
-552,467
-552,468
-552,469
-552,470
-552,471
-552,472
-552,473
-552,474
-552,475
-552,476
-552,477
-552,478
-552,479
-552,480
-552,481
-552,482
-552,483
-552,484
-552,485
-552,486
-552,487
-552,488
-552,489
-552,490
-552,491
-552,492
-552,493
-552,494
-552,495
-552,496
-552,497
-552,498
-552,499
-552,500
-552,501
-552,502
:41_1,503
:41_1,504
:41_1,505
:41_1,506
:41_1,507
-34,508
-34,509
-34,510
-34,511
-34,512
-34,513
-34,514
-34,515
-34,516
-34,517
-34,518
-34,519
-34,520
-34,521
-34,522
-34,523
-34,524
-34,525
-34,526
-34,527
-34,528
-34,529
-34,530
-34,531
-34,532
-34,533
-34,534
-34,535
-34,536
-34,537
-34,538
-34,539
-34,540
-34,541
-34,542
-34,543
-34,544
-34,545
-34,546
-34,547
-34,548
-34,549
-34,550
-34,551
-34,552
-34,553
-34,554
-34,555
-34,556
-34,557
-34,558
-34,559
-34,560
-34,561
-34,562
-34,563
-34,564
-34,565
-34,566
-34,567
-34,568
-34,569
-34,570
-34,571
-34,572
-34,573
-34,574
-34,575
-34,576
-34,577
-34,578
-34,579
-34,580
-34,581
-34,582
-34,583
-34,584
-34,585
-34,586
-34,587
-34,588
-34,589
-34,590
-34,591
-34,592
-34,593
-34,594
-34,595
-34,596
-34,597
-34,598
-34,599
-34,600
-34,601
-34,602
-34,603
-34,604
-34,605
-34,606
-34,607
-34,608
-34,609
-34,610
-34,611
-34,612
-34,613
-34,614
-34,615
-34,616
-34,617
-34,618
-34,619
-34,620
-34,621
-34,622
-34,623
:38_1,624
:38_1,625
:38_1,626
:38_1,627
:38_1,628
33,629
33,630
33,631
33,632
33,633
33,634
33,635
33,636
33,637
33,638
33,639
33,640
33,641
33,642
33,643
33,644
33,645
33,646
33,647
33,648
33,649
33,650
33,651
33,652
33,653
33,654
33,655
33,656
33,657
33,658
33,659
33,660
33,661
33,662
33,663
33,664
33,665
33,666
33,667
33,668
33,669
33,670
33,671
33,672
33,673
33,674
33,675
33,676
33,677
33,678
33,679
33,680
33,681
33,682
33,683
33,684
33,685
33,686
33,687
33,688
33,689
33,690
33,691
33,692
33,693
33,694
33,695
33,696
33,697
33,698
33,699
33,700
33,701
33,702
33,703
33,704
33,705
33,706
33,707
33,708
33,709
33,710
33,711
33,712
33,713
33,714
33,715
33,716
33,717
33,718
33,719
33,720
33,721
33,722
33,723
33,724
33,725
33,726
33,727
33,728
33,729
33,730
33,731
33,732
33,733
33,734
33,735
33,736
33,737
33,738
33,739
33,740
33,741
33,742
33,743
33,744
33,745
33,746
33,747
33,748
33,749
33,750
33,751
33,752
33,753
33,754
33,755
33,756
33,757
33,758
33,759
33,760
33,761
33,762
33,763
33,764
33,765
33,766
33,767
33,768
33,769
33,770
33,771
33,772
33,773
33,774
33,775
33,776
33,777
33,778
33,779
33,780
33,781
33,782
33,783
33,784
33,785
33,786
33,787
33,788
33,789
33,790
33,791
33,792
33,793
33,794
33,795
33,796
33,797
33,798
:40_6,799
:40_6,800
:40_6,801
:40_6,802
:40_6,803
450,804
450,805
450,806
450,807
450,808
450,809
450,810
450,811
450,812
450,813
450,814
450,815
450,816
450,817
450,818
450,819
450,820
450,821
450,822
450,823
450,824
450,825
450,826
450,827
450,828
450,829
450,830
450,831
450,832
450,833
450,834
450,835
450,836
450,837
450,838
450,839
450,840
450,841
:154_0,842
:154_0,843
:154_0,844
:154_0,845
:154_0,846
-138,847
-138,848
-138,849
-138,850
-138,851
-138,852
-138,853
-138,854
-138,855
-138,856
-138,857
-138,858
-138,859
-138,860
-138,861
-138,862
-138,863
-138,864
-138,865
-138,866
-138,867
-138,868
-138,869
-138,870
-138,871
-138,872
-138,873
-138,874
-138,875
-138,876
-138,877
-138,878
-138,879
-138,880
-138,881
-138,882
-138,883
-138,884
-138,885
-138,886
-138,887
-138,888
-138,889
-138,890
-138,891
-138,892
-138,893
-138,894
-138,895
-138,896
-138,897
-138,898
-138,899
-138,900
-138,901
-138,902
-138,903
-138,904
-138,905
-138,906
-138,907
-138,908
-138,909
-138,910
-138,911
-138,912
-138,913
-138,914
-138,915
-138,916
-138,917
-138,918
-138,919
-138,920
-138,921
-138,922
-138,923
-138,924
-138,925
-138,926
-138,927
-138,928
-138,929
-138,930
-138,931
-138,932
-138,933
-138,934
-138,935
-138,936
-138,937
-138,938
-138,939
-138,940
-138,941
-138,942
-138,943
-138,944
-138,945
-138,946
-138,947
-138,948
:153_2,949
:153_2,950
:153_16,951
:153_16,952
:153_16,953
139,954
139,955
139,956
139,957
139,958
139,959
139,960
139,961
139,962
139,963
139,964
139,965
-313,4
