-311,1
-311,1
-311,1
-311,2
-311,3
-311,4
-311,5
-311,6
-311,7
-311,8
-311,9
-311,10
-311,11
-311,12
-311,13
-311,14
-311,15
-311,16
-311,17
-311,18
-311,19
-311,20
-311,21
-311,22
-311,23
-311,24
-311,25
-311,26
-311,27
-311,28
-311,29
-311,30
-311,31
-311,32
-311,33
-311,34
-311,35
-311,36
-311,37
-311,38
-311,39
-311,40
-311,41
-311,42
-311,43
-311,44
-311,45
-311,46
-311,47
-311,48
-311,49
-311,50
-311,51
-311,52
-311,53
-311,54
-311,55
-311,56
-311,57
-311,58
-311,59
-311,60
-311,61
-311,62
-311,63
-311,64
-311,65
-311,66
-311,67
-311,68
-311,69
-311,70
-311,71
-311,72
-311,73
-311,74
-311,75
-311,76
-311,77
-311,78
-311,79
-311,80
-311,81
-311,82
-311,83
-311,84
-311,85
-311,86
-311,87
-311,88
-311,89
-311,90
-311,91
-311,92
-311,93
-311,94
-311,95
-311,96
-311,97
-311,98
-311,99
-311,100
-311,101
-311,102
-311,103
-311,104
-311,105
-311,106
-311,107
-311,108
-311,109
-311,110
-311,111
-311,112
-311,113
-311,114
-311,115
-311,116
-311,117
-311,118
-311,119
-311,120
-311,121
-311,122
-311,123
-311,124
-311,125
-311,126
-311,127
-311,128
-311,129
-311,130
-311,131
-311,132
-311,133
-311,134
-311,135
-311,136
-311,137
-311,138
-311,139
-311,140
-311,141
-311,142
-311,143
-311,144
-311,145
-311,146
-311,147
-311,148
-311,149
-311,150
-311,151
-311,152
-311,153
-311,154
-311,155
-311,156
-311,157
-311,158
-311,159
-311,160
-311,161
-311,162
-311,163
-311,164
-311,165
-311,166
-311,167
-311,168
-311,169
-311,170
-311,171
-311,172
-311,173
-311,174
-311,175
-311,176
-311,177
-311,178
-311,179
-311,180
-311,181
-311,182
-311,183
-311,184
-311,185
-311,186
-311,187
-311,188
-311,189
-311,190
-311,191
-311,192
-311,193
-311,194
-311,195
-311,196
-311,197
-311,198
-311,199
-311,200
-311,201
-311,202
-311,203
-311,204
-311,205
-311,206
-311,207
-311,208
-311,209
-311,210
-311,211
-311,212
-311,213
-311,214
-311,215
-311,216
-311,217
-311,218
-311,219
-311,220
-311,221
-311,222
-311,223
-311,224
-311,225
-311,226
-311,227
-311,228
-311,229
-311,230
-311,231
-311,232
-311,233
-311,234
-311,235
-311,236
:295_9,237
:295_9,238
:295_9,239
:295_9,240
:295_9,241
:295_9,242
314,243
314,244
314,245
314,246
314,247
314,248
314,249
314,250
314,251
314,252
314,253
314,254
314,255
314,256
314,257
314,258
314,259
314,260
314,261
314,262
314,263
314,264
314,265
314,266
314,267
314,268
314,269
314,270
314,271
314,272
314,273
314,274
314,275
314,276
314,277
314,278
314,279
314,280
314,281
314,282
314,283
314,284
314,285
314,286
314,287
314,288
314,289
314,290
314,291
314,292
314,293
314,294
314,295
314,296
314,297
314,298
314,299
314,300
314,301
314,302
314,303
314,304
314,305
314,306
314,307
314,308
314,309
314,310
314,311
314,312
314,313
314,314
314,315
314,316
314,317
314,318
314,319
314,320
314,321
314,322
314,323
314,324
314,325
314,326
314,327
314,328
314,329
314,330
314,331
314,332
314,333
314,334
314,335
314,336
314,337
314,338
314,339
314,340
314,341
314,342
314,343
314,344
314,345
314,346
314,347
314,348
314,349
314,350
314,351
314,352
314,353
314,354
314,355
314,356
314,357
314,358
314,359
314,360
314,361
314,362
314,363
314,364
314,365
314,366
314,367
314,368
-311,1
-311,2
-311,3
-311,1
