-554,1
-554,1
-554,1
-554,2
-554,3
-554,4
-554,5
-554,6
-554,7
-554,8
-554,9
-554,10
-554,11
-554,12
-554,13
-554,14
-554,15
-554,16
-554,17
-554,18
-554,19
-554,20
-554,21
-554,22
-554,23
-554,24
-554,25
-554,26
-554,27
-554,28
-554,29
-554,30
-554,31
-554,32
-554,33
-554,34
-554,35
-554,36
-554,37
-554,38
-554,39
-554,40
-554,41
-554,42
-554,43
-554,44
-554,45
-554,46
-554,47
-554,48
-554,49
-554,50
-554,51
-554,52
-554,53
-554,54
-554,55
-554,56
-554,57
-554,58
-554,59
-554,60
-554,61
-554,62
-554,63
-554,64
-554,65
-554,66
-554,67
-554,68
-554,69
-554,70
-554,71
-554,72
-554,73
-554,74
-554,75
-554,76
-554,77
-554,78
-554,79
-554,80
-554,81
-554,82
-554,83
-554,84
-554,85
-554,86
-554,87
-554,88
-554,89
-554,90
-554,91
-554,92
-554,93
-554,94
-554,95
-554,96
-554,97
-554,98
-554,99
-554,100
-554,101
-554,102
-554,103
-554,104
-554,105
-554,106
-554,107
-554,108
-554,109
-554,110
-554,111
-554,112
-554,113
-554,114
-554,115
-554,116
-554,117
-554,118
-554,119
-554,120
-554,121
-554,122
-554,123
-554,124
-554,125
-554,126
:335_2,127
:335_2,128
:335_16,129
:335_16,130
:335_16,131
:335_16,132
555,133
555,134
555,135
555,136
555,137
555,138
555,139
555,140
555,141
555,142
555,143
555,144
555,145
555,146
555,147
555,148
555,149
555,150
555,151
555,152
555,153
555,154
555,155
555,156
555,157
555,158
555,159
555,160
555,161
555,162
555,163
555,164
555,165
555,166
555,167
555,168
555,169
555,170
555,171
555,172
555,173
555,174
555,175
555,176
555,177
555,178
555,179
555,180
555,181
555,182
555,183
555,184
555,185
555,186
555,187
555,188
555,189
555,190
555,191
555,192
555,193
555,194
555,195
555,196
555,197
555,198
555,199
555,200
555,201
555,202
555,203
555,204
-457,205
-457,206
-457,207
-457,208
-457,209
-457,210
-457,211
-457,212
-457,213
-457,214
-457,215
-457,216
-457,217
-457,218
-457,219
-457,220
-457,221
-457,222
-457,223
-457,224
-457,225
-457,226
-457,227
-457,228
-457,229
-457,230
-457,231
-457,232
-457,233
-457,234
-457,235
-457,236
-457,237
-457,238
-457,239
-457,240
-457,241
-457,242
-457,243
-457,244
-457,245
-457,246
-457,247
-457,248
-457,249
-457,250
-457,251
-457,252
-457,253
-457,254
-457,255
-457,256
-457,257
-457,258
-457,259
-457,260
-457,261
-457,262
-457,263
-457,264
-457,265
-457,266
-457,267
-457,268
-457,269
-457,270
-457,271
-457,272
-457,273
-457,274
-457,275
-457,276
-457,277
-457,278
-457,279
-457,280
-457,281
-457,282
-457,283
-457,284
-457,285
-457,286
-457,287
-457,288
-457,289
-457,290
-457,291
-457,292
-457,293
:62_6,294
:62_6,295
:62_6,296
-54,297
-54,298
-54,299
-54,300
-54,301
-54,302
-54,303
-54,304
-54,305
-54,306
-54,307
-54,308
-54,309
-54,310
-54,311
-54,312
-54,313
-54,314
-54,315
-54,316
-54,317
-54,318
-54,319
-54,320
-54,321
-54,322
-54,323
-54,324
-54,325
-54,326
-54,327
-54,328
-54,329
-54,330
-54,331
-54,332
-54,333
-54,334
-54,335
-54,336
-54,337
-54,338
-54,339
-54,340
-54,341
-54,342
-54,343
-54,344
-54,345
-54,346
:61_0,347
:61_0,348
:61_0,349
:61_0,350
:61_0,351
:61_0,352
-53,353
-53,354
-53,355
-53,356
-53,357
-53,358
-53,359
-53,360
-53,361
-53,362
-53,363
-53,364
-53,365
-53,366
-53,367
-53,368
-53,369
-53,370
-53,371
-53,372
-53,373
-53,374
-53,375
-53,376
-53,377
-53,378
-53,379
-53,380
-53,381
-53,382
-53,383
-53,384
-53,385
-53,386
-53,387
-53,388
-53,389
-53,390
-53,391
-53,392
-53,393
-53,394
-53,395
-53,396
-53,397
-53,398
-53,399
-53,400
-53,401
-53,402
-53,403
-53,404
-53,405
-53,406
-53,407
-53,408
-53,409
-53,410
-53,411
-53,412
-53,413
-53,414
-53,415
-53,416
-53,417
-53,418
-53,419
-53,420
-53,421
-53,422
-53,423
-53,424
-53,425
-53,426
-53,427
-53,428
-53,429
-53,430
:58_6,431
:58_6,432
:58_6,433
:58_6,434
:58_6,435
:58_6,436
51,437
51,438
51,439
51,440
51,441
51,442
51,443
51,444
51,445
51,446
51,447
51,448
51,449
51,450
51,451
51,452
51,453
51,454
51,455
51,456
51,457
51,458
51,459
51,460
51,461
51,462
51,463
51,464
51,465
51,466
51,467
51,468
51,469
51,470
51,471
51,472
51,473
51,474
51,475
51,476
51,477
51,478
51,479
51,480
51,481
51,482
51,483
51,484
51,485
51,486
51,487
51,488
51,489
51,490
51,491
51,492
51,493
51,494
51,495
51,496
51,497
51,498
51,499
51,500
51,501
51,502
51,503
51,504
51,505
51,506
51,507
51,508
51,509
51,510
51,511
51,512
51,513
51,514
51,515
51,516
51,517
51,518
51,519
51,520
51,521
51,522
51,523
51,524
51,525
51,526
51,527
51,528
51,529
51,530
51,531
51,532
51,533
51,534
51,535
51,536
51,537
51,538
51,539
51,540
51,541
51,542
51,543
51,544
51,545
51,546
51,547
51,548
51,549
51,550
51,551
51,552
51,553
51,554
51,555
51,556
51,557
51,558
51,559
51,560
51,561
51,562
51,563
51,564
51,565
51,566
51,567
51,568
51,569
51,570
51,571
51,572
51,573
51,574
51,575
51,576
51,577
51,578
51,579
51,580
51,581
51,582
51,583
51,584
:59_7,585
:59_7,586
:59_7,587
:59_7,588
:59_7,589
:59_7,590
-304,591
-304,592
-304,593
-304,594
-304,595
-304,596
-304,597
-304,598
-304,599
-304,600
-304,601
-304,602
-304,603
-304,604
-304,605
-304,606
-304,607
-304,608
-304,609
-304,610
-304,611
-304,612
-304,613
-304,614
-304,615
-304,616
-304,617
-304,618
-304,619
-304,620
-304,621
-304,622
-304,623
-304,624
-304,625
-304,626
-304,627
-304,628
-304,629
-304,630
-304,631
-304,632
-304,633
-304,634
-304,635
-304,636
-304,637
-304,638
-304,639
-304,640
-304,641
-304,642
-304,643
-304,644
-304,645
-304,646
-304,647
-304,648
-304,649
-304,650
-304,651
-304,652
-304,653
-304,654
-304,655
-304,656
-304,657
-304,658
-304,659
-304,660
-304,661
-304,662
-304,663
-304,664
-304,665
-304,666
-304,667
-304,668
-304,669
-304,670
-304,671
-304,672
-304,673
-304,674
-304,675
-304,676
-304,677
-304,678
-304,679
-304,680
-304,681
-304,682
-304,683
-304,684
:289_0,685
:289_0,686
:289_0,687
:289_0,688
:289_0,689
302,690
302,691
302,692
302,693
302,694
302,695
302,696
302,697
302,698
302,699
302,700
302,701
302,702
302,703
302,704
302,705
302,706
302,707
302,708
302,709
302,710
302,711
302,712
302,713
302,714
302,715
302,716
302,717
302,718
302,719
302,720
302,721
302,722
302,723
302,724
302,725
302,726
302,727
302,728
:202_0,729
-192,730
-192,731
-192,732
-192,733
-192,734
-192,735
-192,736
-192,737
-192,738
-192,739
-192,740
-192,741
-192,742
-192,743
-192,744
-192,745
-192,746
-192,747
-192,748
-192,749
-192,750
-192,751
-192,752
-192,753
-192,754
-192,755
-192,756
-192,757
-192,758
-192,759
-192,760
-192,761
-192,762
-192,763
-192,764
-192,765
-192,766
-192,767
-192,768
-192,769
-192,770
-192,771
-192,772
-192,773
-192,774
-192,775
-192,776
-192,777
-192,778
-192,779
-192,780
-192,781
-192,782
-192,783
-192,784
-192,785
-192,786
-192,787
-192,788
-192,789
-192,790
-192,791
-192,792
-192,793
-192,794
-192,795
-192,796
-192,797
-192,798
-192,799
-192,800
-192,801
-192,802
-192,803
-192,804
-192,805
-192,806
-192,807
-192,808
-192,809
-192,810
-192,811
-192,812
-192,813
-192,814
-192,815
-192,816
-192,817
-192,818
-192,819
-192,820
-192,821
-192,822
-192,823
-192,824
-192,825
-192,826
-192,827
-192,828
-192,829
:68_1,830
:68_1,831
:68_1,832
:68_1,833
:68_1,834
:68_1,835
-59,836
-59,837
-59,838
-59,839
-59,840
-59,841
-59,842
-59,843
-59,844
-59,845
-59,846
-59,847
-59,848
-59,849
-59,850
-59,851
-59,852
-59,853
-59,854
-59,855
-59,856
-59,857
-59,858
-59,859
-59,860
-59,861
-59,862
-59,863
-59,864
-59,865
-59,866
-59,867
-59,868
-59,869
-59,870
-59,871
-59,872
-59,873
-59,874
-59,875
-59,876
-59,877
-59,878
-59,879
-59,880
-59,881
-59,882
-59,883
-59,884
-59,885
-59,886
-59,887
-59,888
-59,889
-59,890
-59,891
-59,892
-59,893
-59,894
-59,895
-59,896
-59,897
-59,898
-59,899
-59,900
-59,901
-59,902
-59,903
-59,904
-59,905
-59,906
-59,907
-59,908
:65_0,909
:65_0,910
:65_0,911
:65_0,912
57,913
57,914
57,915
57,916
57,917
57,918
57,919
57,920
57,921
57,922
57,923
57,924
57,925
57,926
57,927
57,928
57,929
57,930
57,931
57,932
57,933
57,934
57,935
57,936
57,937
57,938
57,939
57,940
57,941
57,942
57,943
57,944
57,945
57,946
57,947
57,948
57,949
57,950
57,951
57,952
57,953
57,954
57,955
57,956
57,957
57,958
57,959
57,960
57,961
57,962
57,963
57,964
57,965
-554,1
-554,2
-554,3
-554,1
