-151,1
-151,1
-151,1
-151,2
-151,3
-151,4
-151,5
-151,6
-151,7
-151,8
-151,9
-151,10
-151,11
-151,12
-151,13
-151,14
-151,15
-151,16
-151,17
-151,18
-151,19
-151,20
-151,21
-151,22
-151,23
-151,24
-151,25
-151,26
-151,27
-151,28
-151,29
-151,30
-151,31
-151,32
-151,33
-151,34
-151,35
-151,36
-151,37
-151,38
-151,39
-151,40
-151,41
-151,42
-151,43
-151,44
-151,45
-151,46
-151,47
-151,48
-151,49
:166_5,50
:166_5,51
:166_5,52
:166_5,53
:166_5,54
:166_5,55
154,56
154,57
154,58
154,59
154,60
154,61
154,62
154,63
154,64
154,65
154,66
154,67
154,68
154,69
154,70
154,71
154,72
154,73
154,74
154,75
154,76
154,77
154,78
154,79
154,80
154,81
154,82
154,83
154,84
154,85
154,86
154,87
154,88
154,89
154,90
154,91
154,92
154,93
154,94
154,95
154,96
154,97
154,98
154,99
154,100
154,101
154,102
154,103
154,104
154,105
154,106
154,107
154,108
154,109
154,110
154,111
154,112
154,113
154,114
154,115
154,116
154,117
154,118
154,119
154,120
154,121
154,122
154,123
154,124
154,125
154,126
154,127
154,128
154,129
154,130
154,131
154,132
154,133
154,134
154,135
154,136
154,137
154,138
154,139
154,140
154,141
154,142
154,143
154,144
154,145
154,146
154,147
154,148
154,149
154,150
154,151
154,152
154,153
154,154
154,155
154,156
154,157
154,158
154,159
154,160
154,161
154,162
154,163
154,164
154,165
154,166
154,167
154,168
154,169
154,170
154,171
154,172
154,173
154,174
154,175
154,176
154,177
154,178
154,179
154,180
154,181
154,182
154,183
154,184
154,185
154,186
154,187
154,188
154,189
154,190
154,191
154,192
154,193
154,194
154,195
154,196
154,197
154,198
154,199
154,200
154,201
154,202
154,203
154,204
154,205
154,206
154,207
154,208
154,209
154,210
154,211
154,212
154,213
154,214
154,215
154,216
154,217
154,218
154,219
154,220
154,221
154,222
154,223
154,224
154,225
154,226
154,227
154,228
154,229
154,230
154,231
154,232
154,233
154,234
154,235
154,236
154,237
154,238
154,239
154,240
154,241
154,242
154,243
154,244
154,245
154,246
154,247
154,248
154,249
154,250
154,251
154,252
154,253
154,254
154,255
154,256
154,257
154,258
154,259
154,260
154,261
154,262
154,263
154,264
154,265
154,266
154,267
154,268
154,269
154,270
154,271
154,272
154,273
154,274
154,275
154,276
154,277
154,278
154,279
154,280
154,281
154,282
154,283
154,284
154,285
154,286
154,287
:170_5,288
:170_5,289
:170_5,290
:170_5,291
:170_5,292
:170_5,293
-196,294
-196,295
-196,296
-196,297
-196,298
-196,299
-196,300
-196,301
-196,302
-196,303
-196,304
-196,305
-196,306
-196,307
-196,308
-196,309
-196,310
-196,311
-196,312
-196,313
-196,314
-196,315
-196,316
-196,317
-196,318
-196,319
-196,320
-196,321
-196,322
-196,323
-196,324
-196,325
-196,326
-196,327
-196,328
-196,329
-196,330
-196,331
-196,332
-196,333
-196,334
-196,335
-196,336
-196,337
-196,338
-196,339
-196,340
-196,341
-196,342
-196,343
-196,344
-196,345
-196,346
-196,347
-196,348
-196,349
-196,350
-196,351
-196,352
-196,353
-196,354
-196,355
-196,356
-196,357
-196,358
-196,359
-196,360
-196,361
-196,362
-196,363
-196,364
-196,365
-196,366
-196,367
-196,368
-196,369
-196,370
-196,371
-196,372
-196,373
-196,374
-196,375
-196,376
-196,377
-196,378
-196,379
-196,380
-196,381
-196,382
-196,383
-196,384
-196,385
-196,386
-196,387
-196,388
-196,389
-196,390
-196,391
-196,392
-196,393
-196,394
-196,395
-196,396
-196,397
-196,398
-196,399
-196,400
-196,401
-196,402
-196,403
-196,404
-196,405
-196,406
-196,407
-196,408
-196,409
-196,410
-196,411
-196,412
-196,413
-196,414
-196,415
-196,416
-196,417
-196,418
-196,419
-196,420
-196,421
-196,422
-196,423
-196,424
-196,425
-196,426
-196,427
-196,428
-196,429
-196,430
-196,431
-196,432
-196,433
-196,434
-196,435
-196,436
-196,437
-196,438
-196,439
-196,440
-196,441
-196,442
-196,443
-196,444
-196,445
-196,446
-196,447
-196,448
-196,449
-196,450
-196,451
-196,452
-196,453
-196,454
-196,455
-196,456
-196,457
-196,458
-196,459
-196,460
-196,461
-196,462
-196,463
-196,464
-196,465
-196,466
-196,467
-196,468
-196,469
-196,470
-196,471
-196,472
-196,473
-196,474
-196,475
-196,476
-196,477
-196,478
-196,479
-196,480
-196,481
-196,482
-196,483
-196,484
-196,485
-196,486
-196,487
-196,488
-196,489
-196,490
-196,491
-196,492
-196,493
-196,494
-196,495
-196,496
-196,497
-196,498
-196,499
-196,500
-196,501
-196,502
-196,503
-196,504
-196,505
-196,506
-196,507
-196,508
-196,509
-196,510
-196,511
-196,512
-196,513
-196,514
-196,515
-196,516
-196,517
-196,518
-196,519
-196,520
-196,521
-196,522
-196,523
-196,524
-196,525
-196,526
-196,527
-196,528
-196,529
-196,530
-196,531
-196,532
-196,533
-196,534
-196,535
-196,536
-196,537
-196,538
-196,539
-196,540
-196,541
-196,542
-196,543
-196,544
-196,545
-196,546
-196,547
-196,548
-196,549
-196,550
-196,551
-196,552
-196,553
-196,554
-196,555
-196,556
-196,557
-196,558
-196,559
-196,560
-196,561
-196,562
-196,563
-196,564
-196,565
-196,566
-196,567
-196,568
-196,569
-196,570
-196,571
-196,572
:35_5,573
:35_5,574
:35_5,575
:35_5,576
:35_5,577
-29,578
-29,579
-29,580
-29,581
-29,582
-29,583
-29,584
-29,585
-29,586
-29,587
-29,588
-29,589
-29,590
-29,591
-29,592
-29,593
-29,594
-29,595
-29,596
-29,597
-29,598
-29,599
-29,600
-29,601
-29,602
-29,603
-29,604
-29,605
-29,606
-29,607
-29,608
-29,609
-29,610
-29,611
-29,612
-29,613
-29,614
-29,615
-29,616
-29,617
-29,618
-29,619
-29,620
-29,621
-29,622
-29,623
-29,624
-29,625
-29,626
-29,627
-29,628
-29,629
-29,630
-29,631
-29,632
-29,633
-29,634
-29,635
-29,636
-29,637
-29,638
-29,639
-29,640
-29,641
-29,642
-29,643
-29,644
-29,645
-29,646
-29,647
-29,648
-29,649
-29,650
-29,651
-29,652
-29,653
-29,654
-29,655
-29,656
-29,657
-29,658
-29,659
-29,660
-29,661
-29,662
-29,663
-29,664
-29,665
-29,666
-29,667
-29,668
-29,669
-29,670
-29,671
-29,672
-29,673
-29,674
-29,675
:34_3,676
:34_3,677
:34_3,678
30,679
30,680
30,681
30,682
30,683
30,684
30,685
30,686
30,687
30,688
30,689
30,690
30,691
30,692
30,693
30,694
30,695
30,696
30,697
30,698
30,699
30,700
30,701
30,702
30,703
30,704
30,705
30,706
30,707
30,708
30,709
30,710
30,711
30,712
30,713
30,714
30,715
30,716
30,717
30,718
30,719
30,720
30,721
30,722
30,723
30,724
30,725
30,726
30,727
30,728
30,729
30,730
30,731
30,732
30,733
30,734
30,735
30,736
30,737
30,738
30,739
30,740
30,741
30,742
30,743
30,744
30,745
30,746
30,747
30,748
30,749
30,750
30,751
30,752
30,753
30,754
30,755
30,756
30,757
30,758
30,759
30,760
30,761
30,762
30,763
30,764
30,765
:36_3,766
:36_3,767
:36_3,768
:36_3,769
:36_3,770
-268,771
-268,772
-268,773
-268,774
-268,775
-268,776
-268,777
-268,778
-268,779
-268,780
-268,781
-268,782
-268,783
-268,784
-268,785
-268,786
-268,787
-268,788
-268,789
-268,790
-268,791
-268,792
-268,793
-268,794
-268,795
-268,796
-268,797
-268,798
-268,799
-268,800
-268,801
-268,802
-268,803
-268,804
-268,805
-268,806
-268,807
-268,808
-268,809
-268,810
-268,811
-268,812
-268,813
-268,814
-268,815
-268,816
-268,817
-268,818
-268,819
-268,820
-268,821
-268,822
-268,823
-268,824
-268,825
-268,826
-268,827
-268,828
-268,829
-268,830
-268,831
-268,832
-268,833
-268,834
-268,835
-268,836
-268,837
-268,838
-268,839
-268,840
-268,841
-268,842
-268,843
-151,1
-151,2
-151,3
-151,1
