124,1
124,1
124,1
124,2
124,3
124,4
124,5
124,6
124,7
124,8
124,9
124,10
124,11
124,12
124,13
124,14
124,15
124,16
124,17
124,18
124,19
124,20
124,21
124,22
124,23
124,24
124,25
124,26
124,27
124,28
124,29
124,30
124,31
124,32
124,33
124,34
124,35
124,36
124,37
124,38
124,39
124,40
124,41
124,42
124,43
124,44
124,45
124,46
124,47
124,48
124,49
124,50
124,51
124,52
124,53
124,54
124,55
124,56
124,57
124,58
124,59
124,60
124,61
124,62
124,63
124,64
124,65
124,66
124,67
124,68
124,69
124,70
124,71
124,72
124,73
124,74
124,75
124,76
124,77
124,78
124,79
124,80
124,81
124,82
124,83
124,84
124,85
124,86
124,87
124,88
124,89
124,90
124,91
124,92
124,93
124,94
124,95
124,96
124,97
124,98
124,99
124,100
124,101
124,102
124,103
124,104
124,105
124,106
124,107
124,108
124,109
124,110
124,111
124,112
124,113
124,114
124,115
124,116
124,117
124,118
124,119
124,120
124,121
124,122
124,123
124,124
124,125
124,126
124,127
124,128
124,129
124,130
124,131
124,132
124,133
124,134
124,135
124,136
124,137
124,138
124,139
124,140
124,141
124,142
124,143
124,144
124,145
124,146
124,147
124,148
124,149
125,150
125,151
125,152
125,153
125,154
125,155
125,156
125,157
125,158
125,159
125,160
125,161
125,162
125,163
125,164
125,165
125,166
125,167
125,168
125,169
125,170
:142_6,171
:142_6,172
:142_6,173
:142_6,174
:142_6,175
-428,176
-428,177
-428,178
-428,179
-428,180
-428,181
-428,182
-428,183
-428,184
-428,185
-428,186
-428,187
-428,188
-428,189
-428,190
-428,191
-428,192
-428,193
-428,194
-428,195
-428,196
-428,197
-428,198
-428,199
-428,200
-428,201
-428,202
-428,203
-428,204
-428,205
-428,206
-428,207
-428,208
-428,209
-428,210
-428,211
-428,212
-428,213
-428,214
-428,215
-428,216
-428,217
-428,218
-428,219
-428,220
-428,221
-428,222
-428,223
-428,224
-428,225
-428,226
-428,227
-428,228
:80_7,229
:80_7,230
:80_7,231
:80_7,232
:80_7,233
427,234
427,235
427,236
427,237
427,238
427,239
427,240
427,241
427,242
427,243
427,244
427,245
427,246
427,247
427,248
427,249
427,250
427,251
427,252
427,253
427,254
427,255
427,256
427,257
427,258
427,259
427,260
427,261
427,262
427,263
427,264
427,265
427,266
427,267
427,268
427,269
427,270
427,271
427,272
427,273
427,274
427,275
427,276
427,277
:108_3,278
:108_3,279
:108_3,280
:108_3,281
:108_3,282
-359,283
-359,284
-359,285
-359,286
-359,287
-359,288
-359,289
-359,290
-359,291
-359,292
-359,293
-359,294
-359,295
-359,296
-359,297
-359,298
-359,299
-359,300
-359,301
-359,302
-359,303
-359,304
-359,305
-359,306
-359,307
-359,308
-359,309
-359,310
-359,311
-359,312
-359,313
-359,314
-359,315
-359,316
-359,317
-359,318
-359,319
-359,320
-359,321
-359,322
-359,323
-359,324
-359,325
-359,326
-359,327
-359,328
-359,329
-359,330
-359,331
-359,332
-359,333
-359,334
-359,335
-359,336
-359,337
-359,338
-359,339
-359,340
-359,341
-359,342
-359,343
-359,344
-359,345
-359,346
-359,347
-359,348
-359,349
-359,350
-359,351
-359,352
-359,353
-359,354
-359,355
-359,356
-359,357
-359,358
-359,359
-359,360
-359,361
-359,362
-359,363
-359,364
-359,365
-359,366
-359,367
-359,368
-359,369
-359,370
-359,371
-359,372
-359,373
-359,374
-359,375
-359,376
-359,377
-359,378
-359,379
-359,380
-359,381
-359,382
-359,383
-359,384
-359,385
-359,386
-359,387
-359,388
-359,389
-359,390
:145_10,391
:145_10,392
:145_10,393
:145_10,394
:145_10,395
-131,396
-131,397
-131,398
-131,399
-131,400
-131,401
-131,402
-131,403
-131,404
-131,405
-131,406
-131,407
-131,408
-131,409
-131,410
-131,411
-131,412
-131,413
-131,414
-131,415
-131,416
-131,417
-131,418
-131,419
-131,420
-131,421
-131,422
-131,423
-131,424
-131,425
-131,426
-131,427
-131,428
-131,429
-131,430
-131,431
-131,432
-131,433
-131,434
-131,435
-131,436
-131,437
-131,438
-131,439
-131,440
-131,441
-131,442
-131,443
-131,444
-131,445
-131,446
-131,447
-131,448
-131,449
-131,450
-131,451
-131,452
-131,453
-131,454
-131,455
-131,456
-131,457
-131,458
-131,459
-131,460
-131,461
-131,462
-131,463
-131,464
-131,465
-131,466
-131,467
-131,468
-131,469
-131,470
-131,471
-131,472
-131,473
-131,474
-131,475
-131,476
-131,477
-131,478
-131,479
-131,480
-131,481
-131,482
-131,483
-131,484
-131,485
-131,486
-131,487
-131,488
-131,489
-131,490
-131,491
-131,492
-131,493
:86_3,494
:86_3,495
:86_3,496
:86_3,497
-73,498
-73,499
-73,500
-73,501
-73,502
-73,503
-73,504
-73,505
-73,506
-73,507
-73,508
-73,509
-73,510
-73,511
-73,512
-73,513
-73,514
-73,515
-73,516
-73,517
-73,518
-73,519
-73,520
-73,521
-73,522
-73,523
-73,524
-73,525
-73,526
-73,527
-73,528
-73,529
-73,530
-73,531
-73,532
-73,533
-73,534
-73,535
-73,536
-73,537
-73,538
-73,539
-73,540
-73,541
-73,542
-73,543
-73,544
-73,545
-73,546
-73,547
-73,548
-73,549
-73,550
-73,551
-73,552
-73,553
-73,554
-73,555
-73,556
-73,557
-73,558
-73,559
-73,560
-73,561
-73,562
-73,563
-73,564
-73,565
-73,566
-73,567
-73,568
-73,569
-73,570
-73,571
-73,572
-73,573
-73,574
-73,575
-73,576
-73,577
-73,578
-73,579
-73,580
-73,581
-73,582
-73,583
-73,584
-73,585
-73,586
-73,587
-73,588
-73,589
-73,590
-73,591
-73,592
:85_9,593
:85_9,594
:85_9,595
:85_9,596
:85_9,597
:85_9,598
75,599
75,600
75,601
75,602
75,603
75,604
75,605
75,606
75,607
75,608
75,609
75,610
75,611
75,612
75,613
75,614
75,615
75,616
75,617
75,618
75,619
75,620
75,621
75,622
75,623
75,624
75,625
75,626
75,627
75,628
75,629
75,630
75,631
75,632
75,633
75,634
75,635
75,636
75,637
75,638
75,639
75,640
75,641
75,642
75,643
75,644
75,645
75,646
75,647
75,648
75,649
75,650
75,651
75,652
75,653
75,654
75,655
75,656
75,657
75,658
75,659
75,660
75,661
75,662
75,663
75,664
75,665
75,666
75,667
75,668
75,669
75,670
75,671
75,672
75,673
75,674
75,675
75,676
75,677
75,678
75,679
75,680
75,681
75,682
75,683
75,684
75,685
75,686
75,687
75,688
75,689
75,690
75,691
75,692
75,693
75,694
75,695
75,696
75,697
75,698
75,699
75,700
75,701
75,702
75,703
75,704
75,705
75,706
75,707
75,708
75,709
75,710
75,711
75,712
75,713
75,714
75,715
75,716
75,717
75,718
75,719
75,720
75,721
75,722
75,723
75,724
75,725
75,726
75,727
75,728
75,729
75,730
75,731
75,732
75,733
75,734
75,735
75,736
75,737
75,738
75,739
75,740
75,741
75,742
75,743
75,744
75,745
75,746
75,747
:87_3,748
:87_3,749
:87_3,750
:87_3,751
:87_3,752
-104,753
-104,754
-104,755
-104,756
-104,757
-104,758
-104,759
-104,760
-104,761
-104,762
-104,763
-104,764
-104,765
-104,766
-104,767
-104,768
-104,769
-104,770
-104,771
-104,772
-104,773
-104,774
-104,775
-104,776
-104,777
-104,778
-104,779
-104,780
-104,781
-104,782
-104,783
-104,784
-104,785
-104,786
-104,787
-104,788
-104,789
-104,790
-104,791
-104,792
-104,793
-104,794
-104,795
-104,796
-104,797
-104,798
-104,799
-104,800
-104,801
-104,802
-104,803
-104,804
-104,805
-104,806
-104,807
-104,808
-104,809
-104,810
-104,811
-104,812
-104,813
-104,814
-104,815
-104,816
-104,817
-104,818
-104,819
-104,820
-104,821
-104,822
-104,823
-104,824
-104,825
-104,826
-104,827
-104,828
-104,829
-104,830
-104,831
-104,832
-104,833
-104,834
-104,835
-104,836
-104,837
-104,838
-104,839
-104,840
-104,841
-104,842
-104,843
-104,844
-104,845
-104,846
-104,847
-104,848
-104,849
-104,850
-104,851
-104,852
-104,853
-104,854
-104,855
-104,856
-104,857
-104,858
-104,859
-104,860
-104,861
-104,862
-104,863
-104,864
-104,865
-104,866
:119_9,867
:119_9,868
:119_9,869
:119_9,870
:119_9,871
:119_9,872
103,873
103,874
103,875
103,876
103,877
103,878
103,879
103,880
103,881
103,882
103,883
103,884
103,885
103,886
103,887
103,888
103,889
103,890
103,891
103,892
103,893
103,894
103,895
103,896
103,897
103,898
103,899
103,900
103,901
103,902
103,903
103,904
103,905
103,906
103,907
103,908
103,909
103,910
103,911
103,912
103,913
103,914
103,915
103,916
103,917
103,918
103,919
103,920
103,921
103,922
103,923
103,924
103,925
103,926
103,927
103,928
103,929
103,930
103,931
103,932
103,933
103,934
103,935
103,936
103,937
103,938
103,939
103,940
103,941
103,942
103,943
103,944
103,945
103,946
103,947
103,948
103,949
103,950
103,951
103,952
103,953
103,954
103,955
103,956
103,957
103,958
103,959
103,960
103,961
103,962
103,963
103,964
103,965
124,1
124,2
124,3
124,1
