-558,1
-558,1
-558,1
-558,2
-558,3
-558,4
-558,5
-558,6
-558,7
-558,8
-558,9
-558,10
-558,11
-558,12
-558,13
-558,14
-558,15
-558,16
-558,17
-558,18
-558,19
-558,20
-558,21
-558,22
-558,23
-558,24
-558,25
-558,26
-558,27
-558,28
-558,29
-558,30
-558,31
-558,32
-558,33
-558,34
-558,35
-558,36
-558,37
-558,38
-558,39
-558,40
-558,41
-558,42
-558,43
-558,44
-558,45
-558,46
-558,47
-558,48
-558,49
-558,50
-558,51
-558,52
-558,53
-558,54
-558,55
-558,56
-558,57
-558,58
-558,59
-558,60
-558,61
-558,62
-558,63
-558,64
-558,65
-558,66
-558,67
-558,68
-558,69
-558,70
-558,71
-558,72
-558,73
-558,74
-558,75
-558,76
-558,77
-558,78
-558,79
-558,80
-558,81
:428_4,82
:428_4,83
:428_4,84
:428_4,85
:428_4,86
-514,87
-514,88
-514,89
-514,90
-514,91
-514,92
-514,93
-514,94
-514,95
-514,96
-514,97
-514,98
-514,99
-514,100
-514,101
-514,102
-514,103
-514,104
-514,105
-514,106
-514,107
-514,108
-514,109
-514,110
-514,111
-514,112
-514,113
-514,114
-514,115
-514,116
-514,117
-514,118
-514,119
-514,120
-514,121
-514,122
-514,123
-514,124
-514,125
-514,126
-514,127
-514,128
-514,129
-514,130
-514,131
-514,132
-514,133
-514,134
-514,135
-514,136
-514,137
-514,138
-514,139
-514,140
-514,141
-514,142
-514,143
-514,144
-514,145
-514,146
-514,147
-514,148
-514,149
-514,150
-514,151
-514,152
-514,153
-514,154
-514,155
-514,156
-514,157
-514,158
-514,159
-514,160
-514,161
-514,162
-514,163
-514,164
:233_0,165
:233_0,166
:233_0,167
-229,168
-229,169
-229,170
-229,171
-229,172
-229,173
-229,174
-229,175
-229,176
-229,177
-229,178
-229,179
-229,180
-229,181
-229,182
-229,183
-229,184
-229,185
-229,186
-229,187
-229,188
-229,189
-229,190
-229,191
-229,192
-229,193
-229,194
-229,195
-229,196
-229,197
-229,198
-229,199
-229,200
-229,201
-229,202
-229,203
-229,204
-229,205
-229,206
-229,207
-229,208
-229,209
-229,210
-229,211
-229,212
-229,213
-229,214
-229,215
-229,216
-229,217
-229,218
-229,219
-229,220
-229,221
-229,222
-229,223
-229,224
-229,225
-229,226
-229,227
-229,228
-229,229
-229,230
-229,231
-229,232
-229,233
-229,234
-229,235
-229,236
-229,237
-229,238
-229,239
-229,240
-229,241
-229,242
-229,243
-229,244
-229,245
-229,246
-229,247
-229,248
-229,249
-229,250
-229,251
-229,252
-229,253
-229,254
-229,255
-229,256
-229,257
-229,258
-229,259
-229,260
-229,261
-229,262
-229,263
-229,264
-229,265
-229,266
-229,267
-229,268
-229,269
-229,270
-229,271
-229,272
-229,273
-229,274
-229,275
-229,276
-229,277
-229,278
-229,279
-229,280
-229,281
-229,282
-229,283
-229,284
-229,285
-229,286
-229,287
-229,288
-229,289
-229,290
-229,291
-229,292
:186_0,293
:186_0,294
:186_0,295
:186_0,296
:186_0,297
-173,298
-173,299
-173,300
-173,301
-173,302
-173,303
-173,304
-173,305
-173,306
-173,307
-173,308
-173,309
-173,310
-173,311
-173,312
-173,313
-173,314
-173,315
-173,316
-173,317
-173,318
-173,319
-173,320
-173,321
-173,322
-173,323
-173,324
-173,325
-173,326
-173,327
-173,328
-173,329
-173,330
-173,331
-173,332
-173,333
-173,334
-173,335
-173,336
-173,337
-173,338
-173,339
-173,340
-173,341
-173,342
-173,343
-173,344
-173,345
-173,346
-173,347
-173,348
-173,349
-173,350
-173,351
-173,352
-173,353
-173,354
-173,355
-173,356
-173,357
-173,358
-173,359
-173,360
-173,361
-173,362
-173,363
-173,364
-173,365
-173,366
-173,367
-173,368
-173,369
-173,370
-173,371
-173,372
-173,373
-173,374
-173,375
-173,376
-173,377
-173,378
-173,379
-173,380
-173,381
-173,382
-173,383
-173,384
-173,385
-173,386
-173,387
-173,388
-173,389
-173,390
-173,391
-173,392
-173,393
-173,394
-173,395
-173,396
-173,397
-173,398
-173,399
-173,400
-173,401
-173,402
-173,403
-173,404
-173,405
-173,406
-173,407
-173,408
-173,409
-173,410
-173,411
-173,412
-173,413
-173,414
-173,415
-173,416
-173,417
-173,418
-173,419
-173,420
-173,421
-173,422
-173,423
-173,424
-173,425
-173,426
-173,427
-173,428
-173,429
-173,430
-173,431
-173,432
-173,433
-173,434
-173,435
-173,436
-173,437
-173,438
-173,439
-173,440
-173,441
-173,442
-173,443
-173,444
-173,445
-173,446
-173,447
-173,448
-173,449
-173,450
-173,451
-173,452
-173,453
-173,454
-173,455
-173,456
-173,457
-173,458
-173,459
-173,460
-173,461
-173,462
-173,463
-173,464
-173,465
-173,466
-173,467
-173,468
-173,469
-173,470
-173,471
-173,472
-173,473
-173,474
-173,475
-173,476
-173,477
-173,478
-173,479
-173,480
-173,481
-173,482
-173,483
-173,484
-558,1
-558,2
-558,3
-558,1
