-172,4
-172,5
-172,6
-172,7
-172,8
-172,9
-172,10
-172,11
-172,12
-172,13
-172,14
-172,15
-172,16
-172,17
-172,18
-172,19
-172,20
-172,21
-172,22
-172,23
-172,24
-172,25
-172,26
-172,27
-172,28
-172,29
-172,30
-172,31
-172,32
-172,33
-172,34
-172,35
-172,36
-172,37
-172,38
-172,39
-172,40
-172,41
-172,42
-172,43
-172,44
-172,45
-172,46
-172,47
-172,48
-172,49
-172,50
-172,51
-172,52
-172,53
-172,54
-172,55
-172,56
-172,57
-172,58
-172,59
-172,60
-172,61
-172,62
-172,63
-172,64
-172,65
-172,66
-172,67
-172,68
-172,69
-172,70
-172,71
-172,72
-172,73
-172,74
-172,75
-172,76
-172,77
-172,78
-172,79
-172,80
-172,81
-172,82
-172,83
-172,84
-172,85
-172,86
-172,87
-172,88
-172,89
-172,90
-172,91
-172,92
-172,93
-172,94
-172,95
-172,96
-172,97
-172,98
-172,99
-172,100
-172,101
-172,102
-172,103
-172,104
-172,105
-172,106
-172,107
-172,108
-172,109
-172,110
-172,111
-172,112
-172,113
-172,114
-172,115
-172,116
-172,117
-172,118
-172,119
-172,120
-172,121
-172,122
-172,123
-172,124
-172,125
-172,126
-172,127
-172,128
-172,129
-172,130
-172,131
-172,132
-172,133
:181_1,134
:181_1,135
:181_1,136
:181_1,137
:181_1,138
174,139
174,140
174,141
174,142
174,143
174,144
174,145
174,146
174,147
174,148
174,149
174,150
174,151
174,152
174,153
174,154
174,155
174,156
174,157
174,158
174,159
174,160
174,161
174,162
174,163
174,164
174,165
174,166
174,167
174,168
174,169
174,170
174,171
174,172
174,173
174,174
174,175
174,176
174,177
174,178
174,179
174,180
174,181
174,182
174,183
174,184
174,185
174,186
174,187
174,188
174,189
174,190
174,191
174,192
174,193
174,194
174,195
174,196
174,197
174,198
174,199
174,200
174,201
174,202
174,203
174,204
174,205
174,206
174,207
174,208
174,209
174,210
174,211
174,212
174,213
174,214
174,215
174,216
174,217
174,218
174,219
174,220
174,221
174,222
174,223
174,224
174,225
174,226
174,227
174,228
174,229
174,230
174,231
174,232
174,233
174,234
174,235
174,236
174,237
174,238
174,239
174,240
174,241
174,242
174,243
174,244
174,245
174,246
174,247
174,248
174,249
174,250
174,251
174,252
174,253
174,254
174,255
174,256
174,257
174,258
174,259
174,260
174,261
174,262
174,263
174,264
174,265
174,266
174,267
174,268
174,269
174,270
174,271
174,272
174,273
174,274
174,275
174,276
174,277
174,278
174,279
174,280
174,281
174,282
174,283
174,284
174,285
174,286
174,287
174,288
174,289
174,290
:187_13,291
:187_13,292
:187_13,293
:187_13,294
:187_13,295
:187_13,296
185,297
185,298
185,299
185,300
185,301
185,302
185,303
185,304
185,305
185,306
185,307
185,308
185,309
185,310
185,311
185,312
185,313
185,314
185,315
185,316
185,317
185,318
185,319
185,320
185,321
185,322
185,323
185,324
185,325
185,326
185,327
185,328
185,329
185,330
185,331
185,332
185,333
185,334
185,335
185,336
185,337
185,338
185,339
185,340
185,341
185,342
185,343
185,344
185,345
185,346
185,347
185,348
185,349
185,350
185,351
185,352
185,353
185,354
185,355
185,356
185,357
185,358
185,359
185,360
185,361
185,362
185,363
185,364
185,365
185,366
185,367
185,368
185,369
185,370
185,371
185,372
185,373
185,374
:191_0,375
:191_0,376
:191_0,377
-195,378
-195,379
-195,380
-195,381
-195,382
-195,383
-195,384
-195,385
-195,386
-195,387
-195,388
-195,389
-195,390
-195,391
-195,392
-195,393
-195,394
-195,395
-195,396
-195,397
-195,398
-195,399
-195,400
-195,401
-195,402
-195,403
-195,404
-195,405
-195,406
-195,407
-195,408
-195,409
-195,410
-195,411
-195,412
-195,413
-195,414
-195,415
-195,416
-195,417
-195,418
-195,419
-195,420
-195,421
-195,422
-195,423
-195,424
-195,425
-195,426
-195,427
-195,428
-195,429
-195,430
-195,431
-195,432
-195,433
-195,434
-195,435
-195,436
-195,437
-195,438
-195,439
-195,440
-195,441
-195,442
-195,443
-195,444
-195,445
-195,446
-195,447
-195,448
-195,449
-195,450
-195,451
-195,452
-195,453
-195,454
-195,455
-195,456
-195,457
-195,458
-195,459
-195,460
-195,461
-195,462
-195,463
-195,464
-195,465
-195,466
-195,467
-195,468
-195,469
-195,470
-195,471
-195,472
-195,473
-195,474
-195,475
-195,476
-195,477
-195,478
-195,479
-195,480
-195,481
-195,482
-195,483
-195,484
-195,485
-195,486
-195,487
-195,488
-195,489
-195,490
-195,491
-195,492
-195,493
-195,494
-195,495
-195,496
-195,497
-195,498
-195,499
-195,500
-195,501
-195,502
-195,503
-195,504
-195,505
-195,506
-195,507
-195,508
-195,509
-195,510
-195,511
-195,512
-195,513
-195,514
-195,515
-195,516
-195,517
-195,518
-195,519
-195,520
-195,521
-195,522
-195,523
-195,524
-195,525
-195,526
-195,527
-195,528
-195,529
-195,530
-195,531
-195,532
-195,533
-195,534
-195,535
-195,536
-195,537
-195,538
-195,539
-195,540
-195,541
-195,542
-195,543
-195,544
-195,545
-195,546
-195,547
-195,548
-195,549
-195,550
-195,551
-195,552
-195,553
-195,554
-195,555
-195,556
-195,557
-195,558
-195,559
-195,560
-195,561
-195,562
-195,563
-195,564
-195,565
-195,566
-195,567
-195,568
-195,569
-195,570
-195,571
-195,572
-195,573
-195,574
-195,575
:204_1,576
:204_1,577
:204_1,578
:204_1,579
:204_1,580
:204_1,581
-194,582
-194,583
-194,584
-194,585
-194,586
-194,587
-194,588
-194,589
-194,590
-194,591
-194,592
-194,593
-194,594
-194,595
-194,596
-194,597
-194,598
-194,599
-194,600
-194,601
-194,602
-194,603
-194,604
-194,605
-194,606
-194,607
-194,608
-194,609
-194,610
-194,611
-194,612
-194,613
-194,614
-194,615
-194,616
-194,617
-194,618
-194,619
-194,620
-194,621
-194,622
-194,623
-194,624
-194,625
-194,626
-194,627
-194,628
-194,629
-194,630
-194,631
-194,632
-194,633
-194,634
-194,635
-194,636
-194,637
-194,638
-194,639
-194,640
-194,641
-194,642
-194,643
-194,644
-194,645
-194,646
-194,647
-194,648
-194,649
-194,650
-194,651
-194,652
-194,653
-194,654
-194,655
-194,656
-194,657
-194,658
-194,659
-194,660
-194,661
-194,662
-194,663
-194,664
-194,665
-194,666
-194,667
-194,668
-194,669
-194,670
-194,671
-194,672
-194,673
-194,674
-194,675
-194,676
-194,677
-194,678
-194,679
-194,680
-194,681
-194,682
-194,683
-194,684
-194,685
-194,686
-194,687
-194,688
-194,689
-194,690
-194,691
-194,692
-194,693
-194,694
-194,695
-194,696
-194,697
-194,698
-194,699
-194,700
-194,701
-194,702
-194,703
-194,704
-194,705
-194,706
-194,707
-194,708
-194,709
-194,710
-194,711
-194,712
-194,713
-194,714
-194,715
-194,716
-194,717
-194,718
-194,719
-194,720
-194,721
-194,722
-194,723
-194,724
-194,725
-194,726
-194,727
-194,728
-194,729
-194,730
-194,731
-194,732
-194,733
-194,734
-194,735
-194,736
-194,737
-194,738
-194,739
-194,740
-194,741
-194,742
-194,743
-194,744
-194,745
-194,746
-194,747
-194,748
-194,749
-194,750
-194,751
-194,752
:203_1,753
:203_1,754
:203_1,755
:203_1,756
-193,757
-193,758
-193,759
-193,760
-193,761
-193,762
-193,763
-193,764
-193,765
-193,766
-193,767
-193,768
-193,769
-193,770
-193,771
-193,772
-193,773
-193,774
-193,775
-193,776
-193,777
-193,778
-193,779
-193,780
-193,781
-193,782
-193,783
-193,784
-193,785
-193,786
-193,787
-193,788
-193,789
-193,790
-193,791
-193,792
-193,793
-193,794
-193,795
-193,796
-193,797
-193,798
-193,799
-193,800
-193,801
-193,802
-193,803
-193,804
-193,805
-193,806
-193,807
-193,808
-193,809
-193,810
-193,811
-193,812
-193,813
-193,814
-193,815
-193,816
-193,817
-193,818
-193,819
-193,820
-193,821
-193,822
-193,823
-193,824
-193,825
-193,826
-193,827
-193,828
-193,829
-193,830
-193,831
-193,832
-193,833
-193,834
-193,835
-193,836
-193,837
-193,838
-193,839
-193,840
-193,841
-193,842
-193,843
-193,844
-193,845
-193,846
-193,847
-193,848
-193,849
-193,850
-193,851
-193,852
-193,853
-193,854
-193,855
-193,856
-193,857
-193,858
-193,859
-193,860
-193,861
-193,862
-193,863
-193,864
-193,865
-193,866
-193,867
-193,868
-193,869
-193,870
-193,871
-193,872
-193,873
-193,874
-193,875
-193,876
-193,877
-193,878
-193,879
-193,880
-193,881
-193,882
-193,883
-193,884
-193,885
-193,886
-193,887
-193,888
-193,889
-193,890
-193,891
-193,892
-193,893
-193,894
-193,895
-193,896
-193,897
-193,898
-193,899
-193,900
-193,901
-193,902
-193,903
-193,904
-193,905
-193,906
-193,907
-193,908
-193,909
-193,910
-193,911
-193,912
-193,913
-193,914
-193,915
-193,916
-193,917
-193,918
:35_1,919
:35_1,920
:35_1,921
:35_1,922
:35_1,923
197,924
197,925
197,926
197,927
197,928
197,929
197,930
197,931
197,932
197,933
197,934
197,935
197,936
197,937
197,938
197,939
197,940
197,941
197,942
197,943
197,944
197,945
197,946
197,947
197,948
197,949
197,950
197,951
197,952
197,953
197,954
197,955
197,956
197,957
197,958
197,959
197,960
197,961
197,962
197,963
197,964
197,965
-172,4
