-571,11
-571,12
-571,13
-571,14
-571,15
-571,16
-571,17
-571,18
-571,19
-571,20
-571,21
-571,22
-571,23
-571,24
-571,25
-571,26
-571,27
-571,28
-571,29
-571,30
-571,31
-571,32
-571,33
-571,34
-571,35
-571,36
-571,37
-571,38
-571,39
-571,40
-571,41
-571,42
-571,43
-571,44
-571,45
-571,46
-571,47
-571,48
-571,49
-571,50
-571,51
-571,52
-571,53
-571,54
-571,55
-571,56
-571,57
-571,58
-571,59
-571,60
-571,61
-571,62
-571,63
-571,64
-571,65
-571,66
-571,67
-571,68
-571,69
-571,70
-571,71
-571,72
-571,73
-571,74
-571,75
-571,76
-571,77
-571,78
-571,79
-571,80
-571,81
-571,82
-571,83
-571,84
-571,85
-571,86
-571,87
-571,88
-571,89
-571,90
-571,91
-571,92
-571,93
-571,94
-571,95
-571,96
-571,97
-571,98
-571,99
-571,100
-571,101
-571,102
-571,103
-571,104
-571,105
-571,106
-571,107
-571,108
-571,109
-571,110
-571,111
-571,112
-571,113
-571,114
-571,115
-571,116
-571,117
-571,118
-571,119
-571,120
-571,121
-571,122
-571,123
-571,124
-571,125
-571,126
-571,127
-571,128
-571,129
-571,130
-571,131
-571,132
-571,133
-571,134
-571,135
-571,136
-571,137
-571,138
-571,139
-571,140
-571,141
-571,142
-571,143
-571,144
-571,145
-571,146
-571,147
-571,148
-571,149
-571,150
-571,151
-571,152
-571,153
-571,154
-571,155
-571,156
-571,157
-571,158
-571,159
-571,160
-571,161
-571,162
-571,163
-571,164
-571,165
-571,166
-571,167
-571,168
-571,169
-571,170
-571,171
-571,172
-571,173
-571,174
-571,175
-571,176
-571,177
-571,178
-571,179
-571,180
-571,181
-571,182
-571,183
-571,184
-571,185
-571,186
-571,187
-571,188
-571,189
-571,190
-571,191
-571,192
-571,193
-571,194
-571,195
-571,196
-571,197
-571,198
-571,199
-571,200
-571,201
-571,202
-571,203
-571,204
-571,205
-571,206
-571,207
-571,208
-571,209
-571,210
-571,211
-571,212
:99_7,213
:99_7,214
:99_7,215
:99_7,216
:99_7,217
-570,218
-570,219
-570,220
-570,221
-570,222
-570,223
-570,224
-570,225
-570,226
-570,227
-570,228
-570,229
-570,230
-570,231
-570,232
-570,233
-570,234
-570,235
-570,236
-570,237
-570,238
-570,239
-570,240
-570,241
-570,242
-570,243
-570,244
-570,245
-570,246
-570,247
-570,248
-570,249
-570,250
-570,251
-570,252
-570,253
-570,254
-570,255
-570,256
-570,257
-570,258
-570,259
-570,260
-570,261
-570,262
-570,263
-570,264
-570,265
-570,266
-570,267
-570,268
-570,269
-570,270
-570,271
-570,272
-570,273
-570,274
-570,275
-570,276
-570,277
-570,278
-570,279
-570,280
-570,281
-570,282
-570,283
-570,284
-570,285
-570,286
-570,287
-570,288
-570,289
-570,290
-570,291
-570,292
-570,293
-570,294
-570,295
-570,296
-570,297
-570,298
-570,299
-570,300
-570,301
-570,302
-570,303
-570,304
-570,305
-570,306
-570,307
-570,308
-570,309
-570,310
-570,311
-570,312
-570,313
-570,314
-570,315
-570,316
-570,317
-570,318
-570,319
-570,320
-570,321
-570,322
-570,323
-570,324
-570,325
-570,326
-570,327
-570,328
-570,329
-570,330
-570,331
-570,332
-570,333
-570,334
-570,335
-570,336
-570,337
-570,338
-570,339
-570,340
-570,341
-570,342
-570,343
-570,344
-570,345
-570,346
-570,347
-570,348
-570,349
-570,350
-570,351
-570,352
-570,353
-570,354
-570,355
-570,356
-570,357
-570,358
-570,359
-570,360
-570,361
-570,362
-570,363
-570,364
-570,365
-570,366
-570,367
-570,368
-570,369
-570,370
-570,371
-570,372
-570,373
-570,374
-570,375
-570,376
-570,377
-570,378
-570,379
-570,380
:151_7,381
:151_7,382
:151_7,383
:151_7,384
:151_7,385
:151_7,386
-569,387
-569,388
-569,389
-569,390
-569,391
-569,392
-569,393
-569,394
-569,395
-569,396
-569,397
-569,398
-569,399
-569,400
-569,401
-569,402
-569,403
-569,404
-569,405
-569,406
-569,407
-569,408
-569,409
-569,410
-569,411
-569,412
-569,413
-569,414
-569,415
-569,416
-569,417
-569,418
-569,419
-569,420
-569,421
-569,422
-569,423
-569,424
-569,425
-569,426
-569,427
-569,428
-569,429
-569,430
-569,431
-569,432
-569,433
-569,434
-569,435
-569,436
-569,437
-569,438
-569,439
-569,440
-569,441
-569,442
-569,443
-569,444
-569,445
-569,446
-569,447
-569,448
-569,449
-569,450
-569,451
-569,452
-569,453
-569,454
-569,455
-569,456
-569,457
-569,458
-569,459
-569,460
-569,461
-569,462
-569,463
-569,464
-569,465
-569,466
-569,467
-569,468
-569,469
-569,470
-569,471
-569,472
-569,473
-569,474
-569,475
-569,476
-569,477
-569,478
-569,479
-569,480
-569,481
-569,482
-569,483
-569,484
-569,485
-569,486
-569,487
-569,488
-569,489
:64_3,490
:64_3,491
:64_3,492
:64_3,493
:64_3,494
-56,495
-56,496
-56,497
-56,498
-56,499
-56,500
-56,501
-56,502
-56,503
-56,504
-56,505
-56,506
-56,507
-56,508
-56,509
-56,510
-56,511
-56,512
-56,513
-56,514
-56,515
-56,516
-56,517
-56,518
-56,519
-56,520
-56,521
-56,522
-56,523
-56,524
-56,525
-56,526
-56,527
-56,528
-56,529
-56,530
-56,531
-56,532
-56,533
-56,534
-56,535
-56,536
-56,537
-56,538
-56,539
-56,540
-56,541
-56,542
-56,543
-56,544
-56,545
-56,546
-56,547
-56,548
-56,549
-56,550
-56,551
-56,552
-56,553
-56,554
-56,555
-56,556
-56,557
-56,558
-56,559
-56,560
-56,561
-56,562
-56,563
-56,564
-56,565
-56,566
-56,567
-56,568
-56,569
-56,570
-56,571
-56,572
-56,573
-56,574
-56,575
-56,576
-56,577
-56,578
-56,579
-56,580
-56,581
-56,582
-56,583
-56,584
-56,585
-56,586
-56,587
-56,588
-56,589
-56,590
-56,591
-56,592
-56,593
-56,594
-56,595
-56,596
-56,597
-56,598
-56,599
-56,600
-56,601
-56,602
-56,603
-56,604
-56,605
-56,606
-56,607
-56,608
-56,609
-56,610
-56,611
-56,612
-56,613
-56,614
-56,615
-56,616
-56,617
-56,618
-56,619
-56,620
-56,621
-56,622
-56,623
-56,624
-56,625
-56,626
-56,627
-56,628
-56,629
-56,630
-56,631
-56,632
-56,633
-56,634
-56,635
-56,636
:58_13,637
:58_13,638
:58_13,639
:58_13,640
:58_13,641
53,642
53,643
53,644
53,645
53,646
53,647
53,648
53,649
53,650
53,651
53,652
53,653
53,654
53,655
53,656
53,657
53,658
53,659
53,660
53,661
53,662
53,663
53,664
53,665
53,666
53,667
53,668
53,669
53,670
53,671
53,672
53,673
53,674
53,675
53,676
53,677
53,678
53,679
53,680
53,681
53,682
53,683
53,684
53,685
53,686
53,687
53,688
53,689
53,690
53,691
53,692
53,693
53,694
53,695
53,696
53,697
53,698
53,699
53,700
53,701
53,702
53,703
53,704
53,705
53,706
53,707
53,708
53,709
53,710
53,711
53,712
53,713
53,714
53,715
53,716
:61_7,717
:61_7,718
:61_7,719
:61_7,720
:61_7,721
54,722
54,723
54,724
54,725
54,726
54,727
54,728
54,729
54,730
54,731
54,732
54,733
54,734
54,735
54,736
54,737
54,738
54,739
54,740
54,741
54,742
54,743
54,744
54,745
54,746
54,747
54,748
54,749
54,750
54,751
54,752
54,753
54,754
54,755
54,756
54,757
54,758
54,759
54,760
54,761
54,762
54,763
54,764
54,765
54,766
54,767
54,768
54,769
:62_3,770
:62_3,771
:62_3,772
:62_3,773
:62_3,774
55,775
55,776
55,777
55,778
55,779
55,780
55,781
55,782
55,783
55,784
55,785
55,786
55,787
55,788
55,789
55,790
55,791
55,792
55,793
55,794
55,795
55,796
55,797
55,798
55,799
55,800
55,801
55,802
55,803
55,804
55,805
55,806
55,807
55,808
55,809
55,810
55,811
55,812
55,813
55,814
55,815
55,816
55,817
55,818
55,819
55,820
55,821
55,822
55,823
55,824
55,825
55,826
55,827
55,828
55,829
55,830
55,831
55,832
55,833
55,834
55,835
55,836
55,837
55,838
55,839
55,840
55,841
55,842
55,843
55,844
55,845
55,846
55,847
55,848
55,849
55,850
55,851
55,852
55,853
55,854
55,855
55,856
55,857
55,858
55,859
55,860
55,861
55,862
55,863
55,864
55,865
55,866
55,867
55,868
55,869
55,870
55,871
55,872
55,873
55,874
55,875
55,876
55,877
55,878
55,879
55,880
55,881
55,882
55,883
55,884
55,885
55,886
55,887
55,888
55,889
55,890
:63_13,891
:63_13,892
:63_13,893
:63_13,894
:63_13,895
:63_13,896
159,897
159,898
159,899
159,900
159,901
159,902
159,903
159,904
159,905
159,906
159,907
159,908
159,909
159,910
159,911
159,912
159,913
159,914
159,915
159,916
159,917
159,918
159,919
159,920
159,921
159,922
159,923
159,924
159,925
159,926
159,927
159,928
159,929
159,930
159,931
159,932
159,933
159,934
159,935
159,936
159,937
159,938
159,939
159,940
159,941
159,942
159,943
159,944
159,945
159,946
159,947
159,948
159,949
159,950
159,951
159,952
159,953
159,954
159,955
159,956
159,957
159,958
159,959
159,960
159,961
159,962
159,963
159,964
159,965
