-656,1
-656,1
-656,1
-656,2
-656,3
-656,4
-656,5
-656,6
-656,7
-656,8
-656,9
-656,10
-656,11
-656,12
-656,13
-656,14
-656,15
-656,16
-656,17
-656,18
-656,19
-656,20
-656,21
-656,22
-656,23
-656,24
-656,25
-656,26
-656,27
-656,28
-656,29
-656,30
-656,31
-656,32
-656,33
-656,34
-656,35
-656,36
-656,37
-656,38
-656,39
-656,40
-656,41
-656,42
-656,43
-656,44
-656,45
-656,46
-656,47
-656,48
-656,49
-656,50
-656,51
-656,52
-656,53
-656,54
-656,55
-656,56
-656,57
-656,58
-656,59
-656,60
-656,61
-656,62
-656,63
-656,64
-656,65
-656,66
-656,67
-656,68
-656,69
-656,70
-656,71
-656,72
-656,73
-656,74
-656,75
-656,76
-656,77
-656,78
-656,79
-656,80
-656,81
-656,82
-656,83
-656,84
:439_0,85
:439_0,86
-539,87
-539,88
-539,89
-539,90
-539,91
-539,92
-539,93
-539,94
-539,95
-539,96
-539,97
-539,98
-539,99
-539,100
-539,101
-539,102
-539,103
-539,104
-539,105
-539,106
-539,107
-539,108
-539,109
-539,110
-539,111
-539,112
-539,113
-539,114
-539,115
-539,116
-539,117
-539,118
-539,119
-539,120
-539,121
-539,122
-539,123
-539,124
:429_0,125
:429_0,126
:429_0,127
:429_0,128
516,129
516,130
516,131
516,132
516,133
516,134
516,135
516,136
516,137
516,138
516,139
516,140
516,141
516,142
516,143
516,144
516,145
516,146
516,147
516,148
516,149
516,150
516,151
516,152
516,153
516,154
516,155
516,156
516,157
516,158
:75_8,159
:75_8,160
:75_8,161
-438,162
-438,163
-438,164
-438,165
-438,166
-438,167
-438,168
-438,169
-438,170
-438,171
-438,172
-438,173
-438,174
-438,175
-438,176
-438,177
-438,178
-438,179
-438,180
-438,181
-438,182
-438,183
-438,184
-438,185
-438,186
-438,187
-438,188
-438,189
-438,190
-438,191
-438,192
-438,193
-438,194
-438,195
-438,196
-438,197
-438,198
-438,199
-438,200
-438,201
-438,202
-438,203
-438,204
-438,205
-438,206
-438,207
-438,208
-438,209
-438,210
-438,211
-438,212
-438,213
-438,214
-438,215
-438,216
-438,217
-438,218
-438,219
-438,220
-438,221
-438,222
-438,223
-438,224
-438,225
-438,226
-438,227
-438,228
-438,229
-438,230
-438,231
-438,232
-438,233
-438,234
-438,235
-438,236
-438,237
-438,238
-438,239
-438,240
-438,241
-438,242
-438,243
-438,244
-438,245
-438,246
-438,247
-438,248
-438,249
-438,250
-438,251
-438,252
-438,253
-438,254
-438,255
-438,256
-438,257
-438,258
-438,259
-438,260
-438,261
-438,262
-438,263
-438,264
-438,265
-438,266
-438,267
-438,268
-438,269
-438,270
-438,271
-438,272
-438,273
-438,274
:381_13,275
:381_13,276
:381_13,277
:381_13,278
:381_13,279
-437,280
-437,281
-437,282
-437,283
-437,284
-437,285
-437,286
-437,287
-437,288
-437,289
-437,290
-437,291
-437,292
-437,293
-437,294
-437,295
-437,296
-437,297
-437,298
-437,299
-437,300
-437,301
-437,302
-437,303
-437,304
-437,305
-437,306
-437,307
-437,308
-437,309
-437,310
-437,311
-437,312
-437,313
-437,314
-437,315
-437,316
-437,317
-437,318
-437,319
-437,320
-437,321
-437,322
-437,323
-437,324
-437,325
-437,326
-437,327
-437,328
-437,329
-437,330
-437,331
-437,332
-437,333
-437,334
-437,335
-437,336
-437,337
-437,338
-437,339
-437,340
-437,341
-437,342
-437,343
-437,344
-437,345
-437,346
-437,347
-437,348
-437,349
-437,350
-437,351
-437,352
-437,353
-437,354
-437,355
-437,356
-437,357
-437,358
-437,359
-437,360
-437,361
-437,362
-437,363
-437,364
-437,365
-437,366
-437,367
-437,368
-437,369
-437,370
-437,371
-437,372
-437,373
-437,374
-437,375
-437,376
-437,377
-437,378
-437,379
-437,380
-437,381
-437,382
-437,383
-437,384
-437,385
-437,386
-437,387
-437,388
-437,389
-437,390
-437,391
-437,392
-437,393
-437,394
-437,395
-437,396
-437,397
-437,398
-437,399
-437,400
-437,401
-437,402
-437,403
-437,404
-437,405
-437,406
-437,407
-437,408
-437,409
-437,410
-437,411
-437,412
-437,413
-437,414
-437,415
-437,416
-437,417
-437,418
-437,419
-437,420
-437,421
-437,422
-437,423
-437,424
-437,425
-437,426
-437,427
-437,428
-437,429
-437,430
-437,431
-437,432
-437,433
-437,434
-437,435
-437,436
-437,437
-437,438
-437,439
-437,440
-437,441
-437,442
-437,443
-437,444
-437,445
-437,446
-437,447
-437,448
-437,449
-437,450
-437,451
-437,452
-437,453
-437,454
-437,455
-437,456
-437,457
-437,458
-437,459
-437,460
-437,461
-437,462
-437,463
-437,464
-437,465
-437,466
-437,467
-437,468
-437,469
-437,470
-437,471
-437,472
-437,473
-437,474
-437,475
-437,476
-437,477
-437,478
-437,479
-437,480
-437,481
-437,482
-437,483
-437,484
-437,485
-437,486
-437,487
-437,488
-437,489
-437,490
-437,491
-437,492
-437,493
-437,494
-437,495
-437,496
-437,497
-437,498
:244_13,499
:244_13,500
:244_13,501
:244_13,502
:244_13,503
242,504
242,505
242,506
242,507
242,508
242,509
242,510
242,511
242,512
242,513
242,514
242,515
242,516
242,517
242,518
242,519
242,520
242,521
242,522
242,523
242,524
242,525
242,526
242,527
242,528
242,529
242,530
242,531
242,532
242,533
242,534
242,535
242,536
242,537
242,538
242,539
242,540
242,541
242,542
242,543
242,544
242,545
242,546
242,547
242,548
242,549
242,550
242,551
242,552
242,553
242,554
242,555
242,556
242,557
242,558
242,559
242,560
242,561
242,562
242,563
242,564
242,565
242,566
242,567
242,568
242,569
242,570
242,571
242,572
242,573
242,574
242,575
242,576
242,577
242,578
242,579
242,580
242,581
242,582
242,583
242,584
242,585
242,586
242,587
242,588
242,589
242,590
242,591
242,592
242,593
242,594
242,595
242,596
242,597
242,598
242,599
242,600
:245_3,601
:245_3,602
:245_3,603
:245_3,604
243,605
243,606
243,607
243,608
243,609
243,610
243,611
243,612
243,613
243,614
243,615
243,616
243,617
243,618
243,619
243,620
243,621
243,622
243,623
243,624
243,625
243,626
243,627
243,628
243,629
243,630
243,631
243,632
243,633
243,634
243,635
243,636
243,637
243,638
243,639
243,640
243,641
243,642
243,643
243,644
243,645
243,646
243,647
243,648
243,649
243,650
243,651
243,652
243,653
243,654
243,655
243,656
243,657
243,658
243,659
243,660
243,661
243,662
243,663
243,664
243,665
243,666
243,667
243,668
243,669
243,670
243,671
243,672
243,673
:179_13,674
:179_13,675
:179_13,676
:179_13,677
:179_13,678
244,679
244,680
244,681
244,682
244,683
244,684
244,685
244,686
244,687
244,688
244,689
244,690
244,691
244,692
244,693
244,694
244,695
244,696
244,697
244,698
244,699
244,700
244,701
244,702
244,703
244,704
244,705
244,706
244,707
244,708
244,709
244,710
244,711
244,712
244,713
244,714
244,715
244,716
244,717
244,718
244,719
244,720
244,721
244,722
244,723
244,724
244,725
244,726
244,727
244,728
244,729
244,730
244,731
244,732
244,733
244,734
244,735
244,736
244,737
244,738
244,739
244,740
244,741
244,742
244,743
244,744
244,745
244,746
244,747
244,748
244,749
244,750
244,751
244,752
244,753
244,754
244,755
244,756
244,757
244,758
244,759
244,760
244,761
244,762
244,763
244,764
244,765
244,766
244,767
244,768
244,769
244,770
244,771
244,772
244,773
244,774
244,775
244,776
244,777
244,778
244,779
244,780
244,781
244,782
244,783
244,784
244,785
244,786
244,787
244,788
244,789
244,790
244,791
244,792
244,793
244,794
244,795
244,796
244,797
244,798
244,799
244,800
244,801
244,802
244,803
244,804
244,805
244,806
244,807
244,808
244,809
244,810
244,811
244,812
244,813
244,814
244,815
244,816
244,817
244,818
244,819
244,820
244,821
244,822
244,823
244,824
244,825
244,826
244,827
244,828
244,829
244,830
244,831
244,832
244,833
244,834
244,835
244,836
244,837
244,838
:215_13,839
:215_13,840
:215_13,841
:215_13,842
:215_13,843
245,844
245,845
245,846
245,847
245,848
245,849
245,850
245,851
245,852
245,853
245,854
245,855
245,856
245,857
245,858
245,859
245,860
245,861
245,862
245,863
245,864
245,865
245,866
245,867
245,868
245,869
245,870
245,871
245,872
245,873
245,874
245,875
245,876
245,877
245,878
245,879
245,880
245,881
245,882
245,883
245,884
245,885
245,886
245,887
245,888
245,889
245,890
245,891
:246_4,892
:246_4,893
:246_4,894
:246_10,895
:246_10,896
:246_10,897
326,898
326,899
326,900
326,901
326,902
326,903
326,904
326,905
326,906
326,907
326,908
326,909
326,910
326,911
326,912
326,913
326,914
326,915
326,916
326,917
326,918
326,919
326,920
326,921
326,922
326,923
326,924
326,925
326,926
326,927
326,928
326,929
326,930
326,931
326,932
326,933
326,934
326,935
326,936
326,937
326,938
326,939
326,940
326,941
326,942
326,943
326,944
326,945
326,946
326,947
326,948
326,949
326,950
326,951
326,952
326,953
326,954
326,955
326,956
326,957
326,958
326,959
326,960
326,961
326,962
326,963
326,964
326,965
-656,1
-656,2
-656,3
-656,1
