-99,7
-99,8
-99,9
-99,10
-99,11
-99,12
-99,13
-99,14
-99,15
-99,16
-99,17
-99,18
-99,19
-99,20
-99,21
-99,22
-99,23
-99,24
-99,25
-99,26
-99,27
-99,28
-99,29
-99,30
-99,31
-99,32
-99,33
-99,34
-99,35
-99,36
-99,37
-99,38
-99,39
-99,40
-99,41
-99,42
-99,43
-99,44
-99,45
-99,46
-99,47
-99,48
-99,49
-99,50
-99,51
-99,52
-99,53
-99,54
-99,55
-99,56
-99,57
-99,58
-99,59
-99,60
-99,61
-99,62
-99,63
-99,64
-99,65
-99,66
-99,67
-99,68
-99,69
-99,70
-99,71
-99,72
-99,73
-99,74
-99,75
-99,76
-99,77
-99,78
-99,79
-99,80
-99,81
-99,82
-99,83
-99,84
-99,85
-99,86
-99,87
-99,88
-99,89
-99,90
-99,91
-99,92
-99,93
-99,94
-99,95
-99,96
-99,97
-99,98
-99,99
-99,100
-99,101
-99,102
-99,103
-99,104
-99,105
-99,106
-99,107
-99,108
-99,109
-99,110
-99,111
-99,112
-99,113
-99,114
-99,115
-99,116
-99,117
-99,118
-99,119
-99,120
-99,121
-99,122
-99,123
-99,124
-99,125
-99,126
-99,127
-99,128
-99,129
-99,130
-99,131
-99,132
-99,133
-99,134
-99,135
-99,136
-99,137
-99,138
-99,139
-99,140
-99,141
-99,142
-99,143
-99,144
-99,145
-99,146
-99,147
-99,148
-99,149
-99,150
-99,151
-99,152
-99,153
-99,154
-99,155
-99,156
-99,157
-99,158
-99,159
-99,160
-99,161
-99,162
-99,163
-99,164
-99,165
-99,166
-99,167
-99,168
-99,169
-99,170
-99,171
-99,172
-99,173
-99,174
-99,175
-99,176
-99,177
-99,178
-99,179
-99,180
-99,181
:115_1,182
:115_1,183
:115_9,184
:115_9,185
:115_9,186
:115_9,187
101,188
101,189
101,190
101,191
101,192
101,193
101,194
101,195
101,196
101,197
101,198
101,199
101,200
101,201
101,202
101,203
101,204
101,205
101,206
101,207
101,208
101,209
101,210
101,211
101,212
101,213
101,214
101,215
101,216
101,217
101,218
101,219
101,220
101,221
101,222
101,223
101,224
101,225
101,226
101,227
101,228
101,229
101,230
101,231
101,232
101,233
101,234
101,235
101,236
101,237
101,238
101,239
101,240
101,241
101,242
101,243
101,244
101,245
101,246
101,247
101,248
101,249
101,250
101,251
101,252
101,253
101,254
101,255
101,256
101,257
101,258
101,259
101,260
101,261
101,262
101,263
101,264
101,265
101,266
101,267
101,268
101,269
101,270
101,271
101,272
101,273
101,274
101,275
101,276
101,277
101,278
101,279
101,280
101,281
101,282
101,283
101,284
101,285
101,286
101,287
101,288
101,289
101,290
101,291
101,292
101,293
101,294
101,295
101,296
101,297
101,298
101,299
101,300
101,301
101,302
101,303
101,304
101,305
101,306
101,307
101,308
101,309
101,310
101,311
101,312
101,313
101,314
101,315
101,316
101,317
101,318
101,319
101,320
101,321
101,322
101,323
101,324
101,325
101,326
101,327
101,328
101,329
101,330
101,331
101,332
101,333
101,334
101,335
101,336
101,337
101,338
101,339
101,340
101,341
101,342
101,343
101,344
101,345
101,346
101,347
101,348
101,349
101,350
101,351
101,352
101,353
101,354
101,355
101,356
101,357
101,358
101,359
101,360
101,361
101,362
101,363
101,364
-360,365
-360,366
-360,367
-360,368
-360,369
-360,370
-360,371
-360,372
-360,373
-360,374
-360,375
-360,376
-360,377
-360,378
-360,379
-360,380
-360,381
-360,382
-360,383
-360,384
-360,385
-360,386
-360,387
-360,388
-360,389
-360,390
-360,391
-360,392
-360,393
-360,394
-360,395
-360,396
-360,397
-360,398
-360,399
-360,400
-360,401
-360,402
-360,403
-360,404
-360,405
-360,406
-360,407
-360,408
-360,409
-360,410
-360,411
-360,412
-360,413
-360,414
-360,415
-360,416
-360,417
-360,418
-360,419
-360,420
-360,421
-360,422
-360,423
-360,424
-360,425
-360,426
-360,427
-360,428
-360,429
-360,430
-360,431
-360,432
-360,433
-360,434
-360,435
-360,436
-360,437
-360,438
-360,439
-360,440
:333_7,441
:333_7,442
:333_7,443
:333_7,444
:333_7,445
:333_7,446
:333_7,447
361,448
361,449
361,450
361,451
361,452
361,453
361,454
361,455
361,456
361,457
361,458
361,459
361,460
361,461
361,462
361,463
361,464
361,465
361,466
361,467
361,468
361,469
361,470
361,471
361,472
361,473
361,474
361,475
361,476
361,477
361,478
361,479
361,480
361,481
361,482
361,483
361,484
361,485
361,486
361,487
361,488
361,489
361,490
361,491
361,492
361,493
361,494
361,495
361,496
361,497
361,498
361,499
361,500
361,501
361,502
361,503
361,504
361,505
361,506
361,507
361,508
361,509
361,510
361,511
361,512
361,513
361,514
361,515
361,516
361,517
361,518
361,519
361,520
:234_0,521
:234_0,522
:234_0,523
:234_0,524
:234_0,525
:234_0,526
:234_0,527
-230,528
-230,529
-230,530
-230,531
-230,532
-230,533
-230,534
-230,535
-230,536
-230,537
-230,538
-230,539
-230,540
-230,541
-230,542
-230,543
-230,544
-230,545
-230,546
-230,547
-230,548
-230,549
-230,550
-230,551
-230,552
-230,553
-230,554
-230,555
-230,556
-230,557
-230,558
-230,559
-230,560
-230,561
-230,562
-230,563
-230,564
-230,565
-230,566
-230,567
-230,568
-230,569
-230,570
-230,571
-230,572
-230,573
-230,574
-230,575
-230,576
-230,577
-230,578
-230,579
-230,580
-230,581
-230,582
-230,583
-230,584
-230,585
-230,586
-230,587
-230,588
-230,589
-230,590
-230,591
-230,592
-230,593
-230,594
-230,595
-230,596
-230,597
:113_13,598
:113_13,599
:113_13,600
:113_13,601
:113_13,602
:113_13,603
-96,604
-96,605
-96,606
-96,607
-96,608
-96,609
-96,610
-96,611
-96,612
-96,613
-96,614
-96,615
-96,616
-96,617
-96,618
-96,619
-96,620
-96,621
-96,622
-96,623
-96,624
-96,625
-96,626
-96,627
-96,628
-96,629
-96,630
-96,631
-96,632
-96,633
-96,634
-96,635
-96,636
-96,637
-96,638
-96,639
-96,640
-96,641
-96,642
-96,643
-96,644
-96,645
-96,646
-96,647
-96,648
-96,649
-96,650
-96,651
-96,652
-96,653
-96,654
-96,655
-96,656
-96,657
-96,658
-96,659
-96,660
-96,661
-96,662
-96,663
-96,664
-96,665
-96,666
-96,667
-96,668
-96,669
-96,670
-96,671
-96,672
-96,673
-96,674
-96,675
-96,676
-96,677
-96,678
:112_1,679
:112_1,680
:112_1,681
:112_1,682
:112_1,683
:112_1,684
-95,685
-95,686
-95,687
-95,688
-95,689
-95,690
-95,691
-95,692
-95,693
-95,694
-95,695
-95,696
-95,697
-95,698
-95,699
-95,700
-95,701
-95,702
-95,703
-95,704
-95,705
-95,706
-95,707
-95,708
-95,709
-95,710
-95,711
-95,712
-95,713
-95,714
-95,715
-95,716
-95,717
-95,718
-95,719
-95,720
-95,721
-95,722
-95,723
-95,724
-95,725
-95,726
-95,727
-95,728
-95,729
-95,730
-95,731
-95,732
-95,733
-95,734
-95,735
-95,736
-95,737
-95,738
-95,739
:111_2,740
:111_2,741
:111_2,742
:111_2,743
:111_2,744
:111_2,745
97,746
97,747
97,748
97,749
97,750
97,751
97,752
97,753
97,754
97,755
97,756
97,757
97,758
97,759
97,760
97,761
97,762
97,763
97,764
97,765
97,766
97,767
97,768
97,769
97,770
97,771
97,772
97,773
97,774
97,775
97,776
97,777
97,778
97,779
97,780
97,781
97,782
97,783
97,784
97,785
97,786
97,787
97,788
97,789
97,790
97,791
97,792
97,793
97,794
97,795
97,796
97,797
97,798
97,799
97,800
97,801
97,802
97,803
97,804
97,805
97,806
97,807
97,808
97,809
97,810
97,811
97,812
97,813
97,814
97,815
97,816
97,817
97,818
97,819
97,820
97,821
97,822
97,823
97,824
97,825
97,826
97,827
97,828
97,829
97,830
97,831
97,832
97,833
97,834
97,835
97,836
97,837
97,838
-315,839
-315,840
-315,841
-315,842
-315,843
-315,844
-315,845
-315,846
-315,847
-315,848
-315,849
-315,850
-315,851
-315,852
-315,853
-315,854
-315,855
-315,856
-315,857
-315,858
-315,859
-315,860
-315,861
-315,862
-315,863
-315,864
-315,865
-315,866
-315,867
-315,868
-315,869
-315,870
-315,871
-315,872
-315,873
-315,874
-315,875
-315,876
-315,877
-315,878
-315,879
-315,880
-315,881
-315,882
-315,883
-315,884
-315,885
-315,886
-315,887
-315,888
-315,889
-315,890
-315,891
-315,892
-315,893
-315,894
-315,895
-315,896
-315,897
-315,898
-315,899
-315,900
-315,901
-315,902
-315,903
-315,904
-315,905
-315,906
-315,907
-315,908
-315,909
-315,910
-315,911
-315,912
-315,913
-315,914
-315,915
-315,916
-315,917
-315,918
-315,919
-315,920
-315,921
-315,922
-315,923
-315,924
-315,925
-315,926
-315,927
-315,928
-315,929
-315,930
-315,931
-315,932
-315,933
-315,934
-315,935
-315,936
-315,937
-315,938
-315,939
-315,940
-315,941
-315,942
-315,943
-315,944
-315,945
-315,946
-315,947
-315,948
-315,949
:295_12,950
:295_12,951
:295_12,952
:295_12,953
311,954
311,955
311,956
311,957
311,958
311,959
311,960
311,961
311,962
311,963
311,964
311,965
