-35,1
-35,1
-35,1
-35,2
-35,3
-35,4
-35,5
-35,6
-35,7
-35,8
-35,9
-35,10
-35,11
-35,12
-35,13
-35,14
-35,15
-35,16
-35,17
-35,18
-35,19
-35,20
-35,21
-35,22
-35,23
-35,24
-35,25
-35,26
-35,27
-35,28
-35,29
-35,30
-35,31
-35,32
-35,33
-35,34
-35,35
-35,36
-35,37
-35,38
-35,39
-35,40
-35,41
-35,42
-35,43
-35,44
-35,45
-35,46
-35,47
-35,48
-35,49
-35,50
-35,51
-35,52
-35,53
-35,54
-35,55
-35,56
-35,57
-35,58
-35,59
-35,60
-35,61
-35,62
-35,63
-35,64
-35,65
-35,66
-35,67
-35,68
-35,69
-35,70
-35,71
-35,72
-35,73
-35,74
-35,75
-35,76
-35,77
-35,78
-35,79
-35,80
-35,81
-35,82
-35,83
-35,84
-35,85
-35,86
-35,87
-35,88
-35,89
-35,90
-35,91
-35,92
-35,93
-35,94
-35,95
-35,96
-35,97
-35,98
-35,99
-35,100
-35,101
-35,102
-35,103
-35,104
-35,105
-35,106
-35,107
-35,108
-35,109
-35,110
-35,111
-35,112
-35,113
-35,114
-35,115
-35,116
-35,117
-35,118
-35,119
-35,120
-35,121
-35,122
-35,123
-35,124
-35,125
-35,126
-35,127
-35,128
-35,129
-35,130
-35,131
-35,132
-35,133
-35,134
-35,135
-35,136
-35,137
-35,138
-35,139
-35,140
-35,141
-35,142
-35,143
-35,144
-35,145
-35,146
-35,147
-35,148
-35,149
-35,150
-35,151
-35,152
-35,153
-35,154
-35,155
-35,156
-35,157
-35,158
-35,159
-35,160
-35,161
-35,162
-35,163
-35,164
-35,165
-35,166
-35,167
-35,168
-35,169
-35,170
-35,171
-35,172
-35,173
-35,174
-35,175
-35,176
-35,177
-35,178
-35,179
-35,180
-35,181
-35,182
-35,183
-35,184
-35,185
-35,186
-35,187
-35,188
-35,189
-35,190
-35,191
-35,192
-35,193
-35,194
-35,195
-35,196
-35,197
-35,198
-35,199
-35,200
-35,201
:38_4,202
:38_4,203
:38_4,204
:38_4,205
34,206
34,207
34,208
34,209
34,210
34,211
34,212
34,213
34,214
34,215
34,216
34,217
34,218
34,219
34,220
34,221
34,222
34,223
34,224
34,225
34,226
34,227
34,228
34,229
34,230
34,231
34,232
34,233
34,234
34,235
34,236
34,237
34,238
34,239
34,240
34,241
34,242
34,243
34,244
34,245
34,246
34,247
34,248
34,249
34,250
34,251
34,252
34,253
34,254
34,255
34,256
34,257
34,258
34,259
34,260
34,261
34,262
34,263
34,264
34,265
34,266
34,267
34,268
34,269
34,270
34,271
34,272
34,273
34,274
34,275
34,276
34,277
34,278
34,279
34,280
34,281
34,282
34,283
34,284
34,285
34,286
34,287
34,288
34,289
34,290
34,291
34,292
34,293
34,294
34,295
34,296
34,297
34,298
34,299
34,300
34,301
34,302
34,303
34,304
34,305
34,306
34,307
34,308
34,309
34,310
34,311
34,312
34,313
34,314
34,315
34,316
34,317
34,318
34,319
34,320
34,321
34,322
34,323
34,324
34,325
34,326
34,327
34,328
34,329
34,330
34,331
34,332
34,333
34,334
34,335
34,336
34,337
34,338
34,339
:41_3,340
:41_3,341
:41_3,342
:41_3,343
:41_3,344
:41_3,345
552,346
552,347
552,348
552,349
552,350
552,351
552,352
552,353
552,354
552,355
552,356
552,357
552,358
552,359
552,360
552,361
552,362
552,363
552,364
552,365
552,366
552,367
552,368
552,369
552,370
552,371
552,372
552,373
552,374
552,375
552,376
552,377
552,378
552,379
552,380
552,381
552,382
552,383
552,384
552,385
552,386
552,387
552,388
552,389
552,390
552,391
552,392
552,393
552,394
552,395
552,396
552,397
552,398
552,399
552,400
552,401
552,402
552,403
552,404
552,405
552,406
552,407
552,408
552,409
552,410
552,411
552,412
552,413
552,414
552,415
552,416
552,417
552,418
552,419
552,420
552,421
552,422
552,423
552,424
552,425
552,426
552,427
552,428
552,429
552,430
552,431
552,432
552,433
552,434
552,435
552,436
552,437
552,438
552,439
552,440
552,441
552,442
552,443
552,444
552,445
552,446
552,447
552,448
552,449
552,450
552,451
552,452
552,453
552,454
552,455
552,456
552,457
552,458
552,459
552,460
552,461
552,462
552,463
552,464
552,465
552,466
552,467
552,468
552,469
552,470
552,471
552,472
552,473
552,474
552,475
552,476
552,477
552,478
552,479
552,480
552,481
552,482
552,483
552,484
552,485
552,486
552,487
552,488
552,489
552,490
552,491
552,492
552,493
552,494
552,495
552,496
552,497
:111_10,498
:111_10,499
:111_10,500
:111_10,501
:111_10,502
98,503
98,504
98,505
98,506
98,507
98,508
98,509
98,510
98,511
98,512
98,513
98,514
98,515
98,516
98,517
98,518
98,519
98,520
98,521
98,522
98,523
98,524
98,525
98,526
98,527
98,528
98,529
98,530
98,531
98,532
98,533
98,534
98,535
98,536
98,537
98,538
98,539
98,540
98,541
98,542
98,543
98,544
98,545
98,546
98,547
98,548
98,549
98,550
98,551
98,552
98,553
98,554
98,555
98,556
98,557
98,558
98,559
98,560
98,561
98,562
98,563
98,564
98,565
98,566
98,567
98,568
98,569
98,570
98,571
98,572
98,573
98,574
98,575
98,576
98,577
98,578
98,579
98,580
98,581
98,582
98,583
98,584
98,585
98,586
98,587
98,588
98,589
98,590
98,591
98,592
98,593
98,594
98,595
98,596
98,597
98,598
98,599
98,600
98,601
98,602
98,603
98,604
98,605
98,606
98,607
98,608
98,609
98,610
98,611
98,612
98,613
98,614
98,615
98,616
98,617
98,618
98,619
98,620
98,621
98,622
98,623
98,624
98,625
98,626
98,627
98,628
98,629
98,630
98,631
98,632
98,633
98,634
98,635
98,636
98,637
98,638
98,639
98,640
98,641
98,642
98,643
98,644
98,645
98,646
98,647
98,648
98,649
98,650
98,651
98,652
98,653
98,654
98,655
98,656
98,657
98,658
98,659
98,660
98,661
98,662
98,663
98,664
98,665
98,666
98,667
98,668
98,669
98,670
98,671
98,672
98,673
98,674
98,675
98,676
98,677
98,678
98,679
98,680
98,681
98,682
98,683
98,684
98,685
98,686
:56_5,687
:56_5,688
:56_5,689
:56_5,690
:56_5,691
:56_5,692
-48,693
-48,694
-48,695
-48,696
-48,697
-48,698
-48,699
-48,700
-48,701
-48,702
-48,703
-48,704
-48,705
-48,706
-48,707
-48,708
-48,709
-48,710
-48,711
-48,712
-48,713
-48,714
-48,715
-48,716
-48,717
-48,718
-48,719
-48,720
-48,721
-48,722
-48,723
-48,724
-48,725
-48,726
-48,727
-48,728
-48,729
-48,730
-48,731
-48,732
-48,733
-48,734
-48,735
-48,736
-48,737
-48,738
-48,739
-48,740
-48,741
-48,742
-48,743
-48,744
-48,745
-48,746
-48,747
-48,748
-48,749
-48,750
-48,751
-48,752
-48,753
-48,754
-48,755
-48,756
-48,757
-48,758
-48,759
-48,760
-48,761
-48,762
-48,763
-48,764
-48,765
-48,766
-48,767
-48,768
-48,769
-48,770
-48,771
-48,772
-48,773
-48,774
-48,775
-48,776
-48,777
-48,778
-48,779
-48,780
-48,781
-48,782
-48,783
-48,784
-48,785
-48,786
-48,787
-48,788
-48,789
-48,790
-48,791
-48,792
-48,793
-48,794
-48,795
-48,796
-48,797
-48,798
-48,799
-48,800
-48,801
-48,802
-48,803
-48,804
-48,805
-48,806
-48,807
-48,808
-48,809
-48,810
-48,811
-48,812
-48,813
-48,814
-48,815
-48,816
-48,817
-48,818
-48,819
-48,820
-48,821
-48,822
-48,823
-48,824
-48,825
-48,826
-48,827
-48,828
-48,829
-48,830
-48,831
-48,832
-48,833
-48,834
-48,835
-48,836
-48,837
-48,838
:52_1,839
:52_1,840
:52_1,841
:52_1,842
:52_1,843
:52_1,844
45,845
45,846
45,847
45,848
45,849
45,850
45,851
45,852
45,853
45,854
45,855
45,856
45,857
45,858
45,859
45,860
45,861
45,862
45,863
45,864
45,865
45,866
45,867
45,868
45,869
45,870
45,871
45,872
45,873
45,874
45,875
45,876
45,877
45,878
45,879
45,880
45,881
45,882
45,883
45,884
45,885
45,886
45,887
45,888
45,889
45,890
45,891
45,892
45,893
45,894
45,895
45,896
45,897
45,898
45,899
45,900
45,901
45,902
45,903
45,904
45,905
45,906
45,907
45,908
45,909
45,910
45,911
45,912
45,913
45,914
45,915
45,916
45,917
45,918
45,919
45,920
45,921
45,922
45,923
45,924
45,925
45,926
45,927
45,928
45,929
45,930
45,931
45,932
45,933
45,934
45,935
45,936
45,937
45,938
45,939
45,940
45,941
45,942
45,943
45,944
45,945
45,946
45,947
45,948
45,949
45,950
45,951
45,952
45,953
45,954
45,955
45,956
45,957
45,958
45,959
45,960
45,961
45,962
45,963
45,964
45,965
-35,1
-35,2
-35,3
-35,1
