-212,4
-212,5
-212,6
-212,7
-212,8
-212,9
-212,10
-212,11
-212,12
-212,13
-212,14
-212,15
-212,16
-212,17
-212,18
-212,19
-212,20
-212,21
-212,22
-212,23
-212,24
-212,25
-212,26
-212,27
-212,28
-212,29
-212,30
-212,31
-212,32
-212,33
-212,34
-212,35
-212,36
-212,37
-212,38
-212,39
-212,40
-212,41
-212,42
-212,43
-212,44
-212,45
-212,46
-212,47
-212,48
-212,49
-212,50
-212,51
:189_1,52
:189_1,53
:189_1,54
:189_1,55
:189_1,56
:189_1,57
-176,58
-176,59
-176,60
-176,61
-176,62
-176,63
-176,64
-176,65
-176,66
-176,67
-176,68
-176,69
-176,70
-176,71
-176,72
-176,73
-176,74
-176,75
-176,76
-176,77
-176,78
-176,79
-176,80
-176,81
-176,82
-176,83
-176,84
-176,85
-176,86
-176,87
-176,88
-176,89
-176,90
-176,91
-176,92
-176,93
-176,94
-176,95
-176,96
-176,97
-176,98
-176,99
-176,100
-176,101
-176,102
-176,103
-176,104
-176,105
-176,106
-176,107
-176,108
-176,109
-176,110
-176,111
-176,112
-176,113
-176,114
-176,115
-176,116
-176,117
-176,118
-176,119
-176,120
-176,121
-176,122
-176,123
-176,124
-176,125
-176,126
-176,127
-176,128
-176,129
-176,130
-176,131
-176,132
-176,133
-176,134
-176,135
-176,136
-176,137
-176,138
-176,139
-176,140
-176,141
-176,142
-176,143
-176,144
-176,145
-176,146
-176,147
-176,148
-176,149
-176,150
-176,151
-176,152
-176,153
-176,154
-176,155
-176,156
-176,157
-176,158
-176,159
-176,160
-176,161
-176,162
-176,163
-176,164
-176,165
-176,166
-176,167
-176,168
-176,169
-176,170
-176,171
-176,172
:13_11,173
:13_11,174
:13_11,175
177,176
177,177
177,178
177,179
177,180
177,181
177,182
177,183
177,184
177,185
177,186
177,187
177,188
177,189
177,190
177,191
177,192
177,193
177,194
177,195
177,196
177,197
177,198
177,199
177,200
177,201
177,202
177,203
177,204
177,205
177,206
177,207
177,208
177,209
177,210
177,211
177,212
177,213
177,214
177,215
177,216
177,217
177,218
177,219
177,220
177,221
177,222
177,223
177,224
177,225
177,226
177,227
177,228
177,229
177,230
177,231
177,232
177,233
177,234
177,235
177,236
177,237
177,238
177,239
177,240
177,241
177,242
177,243
177,244
177,245
177,246
177,247
177,248
177,249
177,250
177,251
177,252
177,253
177,254
177,255
177,256
177,257
177,258
177,259
177,260
177,261
177,262
177,263
177,264
177,265
177,266
177,267
177,268
177,269
177,270
177,271
177,272
177,273
177,274
177,275
177,276
177,277
177,278
177,279
177,280
177,281
177,282
177,283
177,284
177,285
177,286
177,287
177,288
177,289
177,290
177,291
177,292
177,293
177,294
177,295
177,296
177,297
177,298
177,299
177,300
177,301
177,302
177,303
177,304
177,305
177,306
177,307
177,308
177,309
177,310
177,311
177,312
177,313
177,314
:190_1,315
:190_1,316
:190_1,317
:190_1,318
:190_1,319
178,320
178,321
178,322
178,323
178,324
178,325
178,326
178,327
178,328
178,329
178,330
178,331
178,332
178,333
178,334
178,335
178,336
178,337
178,338
178,339
178,340
178,341
178,342
178,343
178,344
178,345
178,346
178,347
178,348
178,349
178,350
178,351
178,352
178,353
178,354
178,355
178,356
178,357
178,358
178,359
178,360
178,361
178,362
178,363
178,364
178,365
178,366
178,367
178,368
178,369
178,370
178,371
178,372
178,373
178,374
178,375
178,376
178,377
178,378
178,379
178,380
178,381
178,382
178,383
178,384
178,385
178,386
178,387
178,388
178,389
178,390
178,391
178,392
178,393
178,394
178,395
178,396
178,397
178,398
178,399
178,400
178,401
178,402
178,403
178,404
178,405
178,406
178,407
178,408
178,409
178,410
178,411
178,412
178,413
178,414
178,415
178,416
178,417
178,418
178,419
178,420
178,421
178,422
178,423
178,424
178,425
178,426
178,427
178,428
178,429
178,430
178,431
178,432
178,433
178,434
178,435
178,436
178,437
178,438
178,439
178,440
178,441
178,442
178,443
178,444
178,445
178,446
178,447
178,448
178,449
178,450
178,451
178,452
178,453
178,454
178,455
178,456
178,457
178,458
178,459
178,460
178,461
178,462
178,463
178,464
178,465
178,466
178,467
178,468
178,469
178,470
178,471
178,472
178,473
178,474
178,475
178,476
178,477
178,478
178,479
178,480
178,481
178,482
178,483
178,484
178,485
178,486
178,487
178,488
178,489
178,490
178,491
178,492
178,493
178,494
178,495
:191_5,496
:191_5,497
:191_5,498
:191_5,499
:191_5,500
-195,501
-195,502
-195,503
-195,504
-195,505
-195,506
-195,507
-195,508
-195,509
-195,510
-195,511
-195,512
-195,513
-195,514
-195,515
-195,516
-195,517
-195,518
-195,519
-195,520
-195,521
-195,522
-195,523
-195,524
-195,525
-195,526
-195,527
-195,528
-195,529
-195,530
-195,531
-195,532
-195,533
-195,534
-195,535
-195,536
-195,537
-195,538
-195,539
-195,540
-195,541
-195,542
-195,543
-195,544
-195,545
-195,546
-195,547
-195,548
-195,549
-195,550
-195,551
-195,552
-195,553
-195,554
-195,555
-195,556
-195,557
-195,558
-195,559
-195,560
-195,561
-195,562
-195,563
-195,564
-195,565
-195,566
-195,567
-195,568
-195,569
-195,570
-195,571
-195,572
-195,573
-195,574
-195,575
-195,576
-195,577
-195,578
-195,579
-195,580
-195,581
-195,582
-195,583
-195,584
-195,585
-195,586
-195,587
-195,588
-195,589
-195,590
-195,591
-195,592
-195,593
-195,594
-195,595
-195,596
-195,597
-195,598
-195,599
-195,600
-195,601
-195,602
-195,603
-195,604
-195,605
-195,606
-195,607
-195,608
-195,609
-195,610
-195,611
-195,612
-195,613
-195,614
-195,615
-195,616
-195,617
-195,618
-195,619
-195,620
-195,621
-195,622
-195,623
-195,624
-195,625
-195,626
-195,627
-195,628
-195,629
-195,630
-195,631
-195,632
-195,633
-195,634
-195,635
-195,636
-195,637
-195,638
-195,639
-195,640
-195,641
-195,642
-195,643
-195,644
-195,645
-195,646
-195,647
-195,648
-195,649
-195,650
-195,651
-195,652
-195,653
-195,654
-195,655
-195,656
-195,657
-195,658
-195,659
-195,660
-195,661
-195,662
-195,663
-195,664
-195,665
-195,666
-195,667
-195,668
-195,669
-195,670
-195,671
-195,672
-195,673
-195,674
-195,675
-195,676
-195,677
-195,678
-195,679
-195,680
-195,681
-195,682
-195,683
-195,684
-195,685
-195,686
-195,687
-195,688
-195,689
-195,690
-195,691
-195,692
-195,693
-195,694
:204_1,695
:204_1,696
:204_1,697
:204_1,698
:204_1,699
-194,700
-194,701
-194,702
-194,703
-194,704
-194,705
-194,706
-194,707
-194,708
-194,709
-194,710
-194,711
-194,712
-194,713
-194,714
-194,715
-194,716
-194,717
-194,718
-194,719
-194,720
-194,721
-194,722
-194,723
-194,724
-194,725
-194,726
-194,727
-194,728
-194,729
-194,730
-194,731
-194,732
-194,733
-194,734
-194,735
-194,736
-194,737
-194,738
-194,739
-194,740
-194,741
-194,742
-194,743
-194,744
-194,745
-194,746
-194,747
-194,748
-194,749
-194,750
-194,751
-194,752
-194,753
-194,754
-194,755
-194,756
-194,757
-194,758
-194,759
-194,760
-194,761
-194,762
-194,763
-194,764
-194,765
-194,766
-194,767
-194,768
-194,769
-194,770
-194,771
-194,772
-194,773
-194,774
-194,775
-194,776
-194,777
-194,778
-194,779
-194,780
-194,781
-194,782
-194,783
-194,784
-194,785
-194,786
-194,787
-194,788
-194,789
-194,790
-194,791
-194,792
-194,793
-194,794
-194,795
-194,796
-194,797
-194,798
-194,799
-194,800
-194,801
-194,802
-194,803
-194,804
-194,805
-194,806
-194,807
-194,808
-194,809
-194,810
-194,811
-194,812
-194,813
-194,814
-194,815
-194,816
-194,817
-194,818
-194,819
-194,820
-194,821
-194,822
-194,823
-194,824
-194,825
-194,826
-194,827
-194,828
-194,829
-194,830
-194,831
-194,832
-194,833
-194,834
-194,835
-194,836
-194,837
-194,838
-194,839
-194,840
-194,841
-194,842
-194,843
-194,844
-194,845
-194,846
-194,847
-194,848
-194,849
-194,850
-194,851
-194,852
-194,853
-194,854
-194,855
-194,856
-194,857
-194,858
-194,859
-194,860
-194,861
-194,862
-194,863
-194,864
-194,865
-194,866
-194,867
:203_1,868
:203_1,869
:203_1,870
:203_1,871
-193,872
-193,873
-193,874
-193,875
-193,876
-193,877
-193,878
-193,879
-193,880
-193,881
-193,882
-193,883
-193,884
-193,885
-193,886
-193,887
-193,888
-193,889
-193,890
-193,891
-193,892
-193,893
-193,894
-193,895
-193,896
-193,897
-193,898
-193,899
-193,900
-193,901
-193,902
-193,903
-193,904
-193,905
-193,906
-193,907
-193,908
-193,909
-193,910
-193,911
-193,912
-193,913
-193,914
-193,915
-193,916
-193,917
-193,918
-193,919
-193,920
-193,921
-193,922
-193,923
-193,924
-193,925
-193,926
-193,927
-193,928
-193,929
-193,930
-193,931
-193,932
-193,933
-193,934
-193,935
-193,936
-193,937
-193,938
-193,939
-193,940
-193,941
-193,942
-193,943
-193,944
-193,945
-193,946
-193,947
-193,948
-193,949
-193,950
-193,951
-193,952
-193,953
-193,954
-193,955
-193,956
-193,957
-193,958
-193,959
-193,960
-193,961
-193,962
-193,963
-193,964
-193,965
-212,4
