-587,1
-587,1
-587,1
-587,2
-587,3
-587,4
-587,5
-587,6
-587,7
-587,8
-587,9
-587,10
-587,11
-587,12
-587,13
-587,14
-587,15
-587,16
-587,17
-587,18
-587,19
-587,20
-587,21
-587,22
-587,23
-587,24
-587,25
-587,26
-587,27
-587,28
-587,29
-587,30
-587,31
-587,32
-587,33
-587,34
-587,35
-587,36
-587,37
-587,38
-587,39
-587,40
-587,41
-587,42
-587,43
-587,44
-587,45
-587,46
-587,47
-587,48
-587,49
-587,50
-587,51
-587,52
-587,53
-587,54
-587,55
-587,56
-587,57
-587,58
-587,59
-587,60
-587,61
-587,62
-587,63
-587,64
-587,65
-587,66
-587,67
-587,68
-587,69
-587,70
-587,71
-587,72
-587,73
-587,74
-587,75
-587,76
-587,77
-587,78
:376_1,79
:376_1,80
:376_1,81
:376_1,82
:376_1,83
:376_1,84
-432,85
-432,86
-432,87
-432,88
-432,89
-432,90
-432,91
-432,92
-432,93
-432,94
-432,95
-432,96
-432,97
-432,98
-432,99
-432,100
-432,101
-432,102
-432,103
-432,104
-432,105
-432,106
-432,107
-432,108
-432,109
-432,110
-432,111
-432,112
-432,113
-432,114
-432,115
-432,116
-432,117
-432,118
-432,119
-432,120
-432,121
-432,122
-432,123
-432,124
-432,125
-432,126
-432,127
-432,128
-432,129
-432,130
-432,131
-432,132
-432,133
-432,134
-432,135
-432,136
-432,137
-432,138
-432,139
-432,140
-432,141
-432,142
-432,143
-432,144
-432,145
-432,146
-432,147
-432,148
-432,149
-432,150
-432,151
-432,152
-432,153
-432,154
:121_1,155
:121_1,156
:121_1,157
:121_1,158
:121_1,159
-105,160
-105,161
-105,162
-105,163
-105,164
-105,165
-105,166
-105,167
-105,168
-105,169
-105,170
-105,171
-105,172
-105,173
-105,174
-105,175
-105,176
-105,177
-105,178
-105,179
-105,180
-105,181
-105,182
-105,183
-105,184
-105,185
-105,186
-105,187
-105,188
-105,189
-105,190
-105,191
-105,192
-105,193
-105,194
-105,195
-105,196
-105,197
-105,198
-105,199
-105,200
-105,201
-105,202
-105,203
-105,204
-105,205
-105,206
-105,207
-105,208
-105,209
-105,210
-105,211
-105,212
-105,213
-105,214
-105,215
-105,216
-105,217
-105,218
-105,219
-105,220
-105,221
-105,222
-105,223
-105,224
-105,225
-105,226
-105,227
-105,228
-105,229
-105,230
-105,231
-105,232
-105,233
-105,234
-105,235
-105,236
-105,237
-105,238
:119_12,239
:119_12,240
:119_12,241
104,242
104,243
104,244
104,245
104,246
104,247
104,248
104,249
104,250
104,251
104,252
104,253
104,254
104,255
104,256
104,257
104,258
104,259
104,260
104,261
104,262
104,263
104,264
104,265
104,266
104,267
104,268
104,269
104,270
104,271
104,272
104,273
104,274
104,275
104,276
104,277
104,278
104,279
104,280
104,281
104,282
104,283
104,284
104,285
104,286
104,287
104,288
104,289
104,290
104,291
104,292
104,293
104,294
104,295
104,296
104,297
104,298
104,299
104,300
104,301
104,302
104,303
104,304
104,305
104,306
104,307
104,308
104,309
104,310
104,311
104,312
104,313
104,314
104,315
104,316
104,317
104,318
104,319
104,320
104,321
104,322
104,323
104,324
104,325
104,326
104,327
104,328
104,329
104,330
104,331
104,332
104,333
104,334
104,335
104,336
104,337
104,338
104,339
104,340
104,341
104,342
104,343
104,344
104,345
104,346
104,347
104,348
104,349
104,350
104,351
:87_0,352
:87_0,353
:87_0,354
:87_0,355
396,356
396,357
396,358
396,359
396,360
396,361
396,362
396,363
396,364
396,365
396,366
396,367
396,368
396,369
396,370
396,371
396,372
396,373
396,374
396,375
396,376
396,377
396,378
396,379
396,380
396,381
396,382
396,383
396,384
396,385
396,386
396,387
396,388
396,389
396,390
396,391
396,392
396,393
396,394
396,395
396,396
396,397
396,398
396,399
396,400
396,401
396,402
396,403
396,404
396,405
396,406
396,407
396,408
396,409
396,410
396,411
396,412
396,413
396,414
396,415
396,416
396,417
396,418
396,419
396,420
396,421
396,422
396,423
396,424
396,425
396,426
396,427
396,428
:357_9,429
:357_9,430
:357_9,431
:357_9,432
:357_9,433
-532,434
-532,435
-532,436
-532,437
-532,438
-532,439
-532,440
-532,441
-532,442
-532,443
-532,444
-532,445
-532,446
-532,447
-532,448
-532,449
-532,450
-532,451
-532,452
-532,453
-532,454
-532,455
-532,456
-532,457
-532,458
-532,459
-532,460
-532,461
-532,462
-532,463
-532,464
-532,465
-532,466
-532,467
-532,468
-532,469
-532,470
-532,471
-532,472
-532,473
-532,474
-532,475
-532,476
-532,477
-532,478
-532,479
-532,480
-532,481
-532,482
-532,483
-532,484
-532,485
-532,486
-532,487
-532,488
-532,489
-532,490
-532,491
-532,492
-532,493
-532,494
-532,495
-532,496
-532,497
-532,498
-532,499
-532,500
-532,501
-532,502
:84_9,503
:84_9,504
:84_9,505
:84_9,506
:84_9,507
533,508
533,509
533,510
533,511
533,512
533,513
533,514
533,515
533,516
533,517
533,518
533,519
533,520
533,521
533,522
533,523
533,524
533,525
533,526
533,527
533,528
533,529
533,530
533,531
533,532
533,533
533,534
533,535
533,536
533,537
533,538
533,539
533,540
533,541
533,542
533,543
533,544
533,545
533,546
533,547
533,548
533,549
533,550
533,551
533,552
533,553
533,554
533,555
533,556
533,557
533,558
533,559
533,560
533,561
533,562
533,563
533,564
533,565
533,566
533,567
533,568
533,569
533,570
533,571
533,572
533,573
533,574
533,575
533,576
533,577
533,578
533,579
533,580
533,581
:222_5,582
:222_5,583
:222_5,584
:222_5,585
:222_5,586
:222_5,587
-216,588
-216,589
-216,590
-216,591
-216,592
-216,593
-216,594
-216,595
-216,596
-216,597
-216,598
-216,599
-216,600
-216,601
-216,602
-216,603
-216,604
-216,605
-216,606
-216,607
-216,608
-216,609
-216,610
-216,611
-216,612
-216,613
-216,614
-216,615
-216,616
-216,617
-216,618
-216,619
-216,620
-216,621
-216,622
-216,623
-216,624
-216,625
-216,626
-216,627
-216,628
-216,629
-216,630
-216,631
-216,632
-216,633
-216,634
-216,635
-216,636
-216,637
-216,638
-216,639
-216,640
-216,641
-216,642
-216,643
-216,644
-216,645
-216,646
-216,647
-216,648
-216,649
-216,650
-216,651
-216,652
-216,653
-216,654
-216,655
-216,656
-216,657
-216,658
-216,659
-216,660
-216,661
-216,662
-216,663
-216,664
-216,665
-216,666
-216,667
-216,668
-216,669
-216,670
-216,671
-216,672
-216,673
-216,674
-216,675
-216,676
-216,677
-216,678
-216,679
-216,680
-216,681
-216,682
-216,683
:220_4,684
:220_4,685
:220_4,686
:220_4,687
:220_4,688
217,689
217,690
217,691
217,692
217,693
217,694
217,695
217,696
217,697
217,698
217,699
217,700
217,701
217,702
217,703
217,704
217,705
217,706
217,707
217,708
217,709
217,710
217,711
217,712
217,713
217,714
217,715
217,716
217,717
217,718
217,719
217,720
217,721
217,722
217,723
217,724
:223_3,725
:223_3,726
:223_3,727
559,728
559,729
559,730
559,731
559,732
559,733
559,734
559,735
559,736
559,737
559,738
559,739
559,740
559,741
559,742
559,743
559,744
559,745
559,746
559,747
559,748
559,749
559,750
559,751
559,752
559,753
559,754
559,755
559,756
559,757
559,758
559,759
559,760
559,761
559,762
559,763
559,764
559,765
559,766
559,767
559,768
559,769
559,770
559,771
559,772
559,773
559,774
559,775
559,776
559,777
559,778
559,779
-587,1
-587,2
-587,3
-587,1
