-262,4
-262,5
-262,6
-262,7
-262,8
-262,9
-262,10
-262,11
-262,12
-262,13
-262,14
-262,15
-262,16
-262,17
-262,18
-262,19
-262,20
-262,21
-262,22
-262,23
-262,24
-262,25
-262,26
-262,27
-262,28
-262,29
-262,30
-262,31
-262,32
-262,33
-262,34
-262,35
-262,36
-262,37
-262,38
-262,39
-262,40
-262,41
-262,42
-262,43
-262,44
-262,45
-262,46
-262,47
-262,48
-262,49
-262,50
-262,51
-262,52
-262,53
-262,54
-262,55
-262,56
-262,57
-262,58
-262,59
-262,60
-262,61
-262,62
-262,63
-262,64
-262,65
-262,66
-262,67
-262,68
-262,69
-262,70
-262,71
-262,72
-262,73
-262,74
-262,75
-262,76
-262,77
-262,78
-262,79
-262,80
-262,81
-262,82
-262,83
-262,84
-262,85
-262,86
-262,87
-262,88
-262,89
-262,90
-262,91
-262,92
-262,93
-262,94
-262,95
-262,96
-262,97
-262,98
-262,99
-262,100
-262,101
-262,102
-262,103
-262,104
-262,105
-262,106
-262,107
-262,108
-262,109
-262,110
-262,111
-262,112
-262,113
-262,114
-262,115
-262,116
-262,117
-262,118
-262,119
-262,120
-262,121
-262,122
-262,123
-262,124
-262,125
-262,126
-262,127
-262,128
-262,129
-262,130
-262,131
-262,132
-262,133
-262,134
-262,135
-262,136
-262,137
-262,138
-262,139
-262,140
:259_8,141
:259_8,142
:259_8,143
:259_8,144
:259_8,145
:259_8,146
:259_8,147
264,148
264,149
264,150
264,151
264,152
264,153
264,154
264,155
264,156
264,157
264,158
264,159
264,160
264,161
264,162
264,163
264,164
264,165
264,166
264,167
264,168
264,169
264,170
264,171
264,172
264,173
264,174
264,175
264,176
264,177
264,178
264,179
264,180
264,181
264,182
264,183
264,184
264,185
264,186
264,187
264,188
264,189
264,190
264,191
264,192
264,193
264,194
264,195
264,196
264,197
264,198
264,199
264,200
264,201
264,202
264,203
264,204
264,205
264,206
264,207
264,208
264,209
264,210
264,211
264,212
264,213
264,214
264,215
264,216
264,217
264,218
264,219
264,220
264,221
264,222
264,223
264,224
264,225
264,226
264,227
264,228
264,229
264,230
264,231
264,232
264,233
264,234
264,235
264,236
264,237
264,238
264,239
264,240
264,241
264,242
264,243
264,244
264,245
264,246
264,247
264,248
264,249
264,250
264,251
264,252
264,253
264,254
264,255
264,256
264,257
264,258
264,259
264,260
264,261
264,262
264,263
264,264
264,265
264,266
264,267
264,268
264,269
264,270
264,271
264,272
264,273
264,274
264,275
264,276
264,277
264,278
264,279
264,280
264,281
264,282
264,283
264,284
264,285
264,286
264,287
264,288
264,289
264,290
264,291
264,292
264,293
264,294
264,295
264,296
264,297
264,298
264,299
264,300
264,301
264,302
264,303
264,304
264,305
264,306
264,307
264,308
264,309
264,310
264,311
264,312
:66_7,313
:66_7,314
:66_7,315
:66_10,316
:66_10,317
:66_10,318
560,319
560,320
560,321
560,322
560,323
560,324
560,325
560,326
560,327
560,328
560,329
560,330
560,331
560,332
560,333
560,334
560,335
560,336
560,337
560,338
560,339
560,340
560,341
560,342
560,343
560,344
560,345
560,346
560,347
560,348
560,349
560,350
560,351
560,352
560,353
560,354
560,355
560,356
560,357
560,358
560,359
560,360
560,361
560,362
560,363
560,364
560,365
560,366
560,367
560,368
560,369
560,370
560,371
560,372
560,373
560,374
560,375
560,376
560,377
560,378
560,379
560,380
560,381
:200_9,382
:200_9,383
:200_9,384
:200_9,385
:200_9,386
:200_9,387
561,388
561,389
561,390
561,391
561,392
561,393
561,394
561,395
561,396
561,397
561,398
561,399
561,400
561,401
561,402
561,403
561,404
561,405
561,406
561,407
561,408
561,409
561,410
561,411
561,412
561,413
561,414
561,415
561,416
561,417
561,418
561,419
561,420
561,421
561,422
561,423
561,424
561,425
561,426
561,427
:405_0,428
-478,429
-478,430
-478,431
-478,432
-478,433
-478,434
-478,435
-478,436
-478,437
-478,438
-478,439
-478,440
-478,441
-478,442
-478,443
-478,444
-478,445
-478,446
-478,447
-478,448
-478,449
-478,450
-478,451
-478,452
-478,453
-478,454
-478,455
-478,456
-478,457
-478,458
-478,459
-478,460
-478,461
-478,462
-478,463
-478,464
-478,465
-478,466
-478,467
-478,468
-478,469
-478,470
-478,471
-478,472
-478,473
-478,474
-478,475
-478,476
-478,477
-478,478
-478,479
-478,480
-478,481
-478,482
-478,483
-478,484
-478,485
-478,486
-478,487
-478,488
-478,489
-478,490
-478,491
-478,492
-478,493
-478,494
-478,495
-478,496
-478,497
-478,498
-478,499
-478,500
-478,501
-478,502
-478,503
-478,504
-478,505
-478,506
-478,507
-478,508
-478,509
-478,510
-478,511
-478,512
-478,513
-478,514
-478,515
-478,516
-478,517
-478,518
-478,519
-478,520
-478,521
-478,522
-478,523
-478,524
-478,525
-478,526
:361_3,527
:361_3,528
:361_3,529
-402,530
-402,531
-402,532
-402,533
-402,534
-402,535
-402,536
-402,537
-402,538
-402,539
-402,540
-402,541
-402,542
-402,543
-402,544
-402,545
-402,546
-402,547
-402,548
-402,549
-402,550
-402,551
-402,552
-402,553
-402,554
-402,555
-402,556
-402,557
-402,558
-402,559
-402,560
-402,561
-402,562
-402,563
-402,564
-402,565
-402,566
-402,567
-402,568
-402,569
-402,570
-402,571
-402,572
-402,573
-402,574
-402,575
-402,576
-402,577
-402,578
-402,579
-402,580
-402,581
-402,582
-402,583
-402,584
-402,585
-402,586
-402,587
-402,588
-402,589
-402,590
-402,591
-402,592
-402,593
-402,594
-402,595
-402,596
-402,597
-402,598
-402,599
-402,600
-402,601
-402,602
-402,603
-402,604
-402,605
-402,606
-402,607
-402,608
-402,609
-402,610
-402,611
-402,612
-402,613
-402,614
-402,615
-402,616
-402,617
-402,618
-402,619
-402,620
-402,621
-402,622
-402,623
-402,624
-402,625
-402,626
-402,627
-402,628
-402,629
-402,630
-402,631
-402,632
-402,633
-402,634
-402,635
-402,636
-402,637
-402,638
-402,639
-402,640
-402,641
-402,642
-402,643
-402,644
-402,645
-402,646
-402,647
-402,648
-402,649
-402,650
-402,651
-402,652
-402,653
-402,654
-402,655
-402,656
-402,657
-402,658
-402,659
:59_4,660
:59_4,661
:59_4,662
:59_4,663
:59_4,664
:59_4,665
-51,666
-51,667
-51,668
-51,669
-51,670
-51,671
-51,672
-51,673
-51,674
-51,675
-51,676
-51,677
-51,678
-51,679
-51,680
-51,681
-51,682
-51,683
-51,684
-51,685
-51,686
-51,687
-51,688
-51,689
-51,690
-51,691
-51,692
-51,693
-51,694
-51,695
-51,696
-51,697
-51,698
-51,699
-51,700
-51,701
-51,702
-51,703
-51,704
-51,705
-51,706
-51,707
-51,708
-51,709
-51,710
-51,711
-51,712
-51,713
-51,714
-51,715
-51,716
-51,717
-51,718
-51,719
-51,720
-51,721
-51,722
-51,723
-51,724
-51,725
-51,726
-51,727
-51,728
-51,729
-51,730
-51,731
-51,732
-51,733
-51,734
-51,735
-51,736
-51,737
-51,738
-51,739
-51,740
-51,741
-51,742
-51,743
-51,744
-51,745
-51,746
-51,747
-51,748
-51,749
-51,750
-51,751
-51,752
-51,753
-51,754
-51,755
-51,756
-51,757
-51,758
-51,759
-51,760
-51,761
-51,762
-51,763
-51,764
-51,765
-51,766
-51,767
-51,768
-51,769
-51,770
-51,771
-51,772
-51,773
-51,774
-51,775
-51,776
-51,777
-51,778
-51,779
-51,780
-51,781
-51,782
-51,783
-51,784
-51,785
-51,786
-51,787
-51,788
-51,789
-51,790
-51,791
-51,792
:58_9,793
:58_9,794
:58_9,795
:58_9,796
:58_9,797
52,798
52,799
52,800
52,801
52,802
52,803
52,804
52,805
52,806
52,807
52,808
52,809
52,810
52,811
52,812
52,813
52,814
52,815
52,816
52,817
52,818
52,819
52,820
52,821
52,822
52,823
52,824
52,825
52,826
52,827
52,828
52,829
52,830
52,831
52,832
52,833
52,834
52,835
52,836
52,837
52,838
52,839
52,840
52,841
52,842
52,843
52,844
52,845
52,846
52,847
52,848
52,849
52,850
52,851
52,852
52,853
52,854
52,855
52,856
52,857
52,858
52,859
52,860
52,861
52,862
52,863
52,864
52,865
52,866
52,867
52,868
52,869
52,870
52,871
52,872
52,873
52,874
52,875
52,876
52,877
52,878
52,879
52,880
52,881
52,882
52,883
52,884
52,885
52,886
52,887
52,888
52,889
52,890
52,891
52,892
52,893
52,894
52,895
52,896
52,897
52,898
52,899
52,900
52,901
52,902
52,903
52,904
52,905
52,906
52,907
52,908
52,909
52,910
52,911
52,912
52,913
52,914
52,915
52,916
52,917
52,918
52,919
52,920
52,921
52,922
52,923
52,924
52,925
52,926
52,927
52,928
52,929
52,930
52,931
52,932
52,933
52,934
:60_4,935
:60_4,936
:60_4,937
:60_4,938
:60_4,939
-122,940
-122,941
-122,942
-122,943
-122,944
-122,945
-122,946
-122,947
-122,948
-122,949
-122,950
-122,951
-122,952
-122,953
-122,954
-122,955
-122,956
-122,957
-122,958
-122,959
-122,960
-122,961
-122,962
-122,963
-122,964
-122,965
-262,4
