-91,1
-91,1
-91,1
-91,2
-91,3
-91,4
-91,5
-91,6
-91,7
-91,8
-91,9
-91,10
-91,11
-91,12
-91,13
-91,14
-91,15
-91,16
-91,17
-91,18
-91,19
-91,20
-91,21
-91,22
-91,23
-91,24
-91,25
-91,26
-91,27
-91,28
-91,29
-91,30
-91,31
-91,32
-91,33
-91,34
-91,35
-91,36
-91,37
-91,38
-91,39
-91,40
-91,41
-91,42
-91,43
-91,44
-91,45
-91,46
-91,47
-91,48
-91,49
-91,50
-91,51
-91,52
-91,53
-91,54
-91,55
-91,56
-91,57
-91,58
-91,59
-91,60
-91,61
-91,62
-91,63
-91,64
-91,65
-91,66
-91,67
-91,68
-91,69
-91,70
-91,71
-91,72
:104_0,73
:104_0,74
:104_0,75
90,76
90,77
90,78
90,79
90,80
90,81
90,82
90,83
90,84
90,85
90,86
90,87
90,88
90,89
90,90
90,91
90,92
90,93
90,94
90,95
90,96
90,97
90,98
90,99
90,100
90,101
90,102
90,103
90,104
90,105
90,106
90,107
90,108
90,109
90,110
90,111
90,112
90,113
90,114
90,115
90,116
90,117
90,118
90,119
90,120
90,121
90,122
90,123
90,124
90,125
90,126
90,127
90,128
90,129
90,130
90,131
90,132
90,133
90,134
90,135
90,136
90,137
90,138
90,139
90,140
90,141
90,142
90,143
90,144
90,145
90,146
90,147
90,148
90,149
90,150
90,151
90,152
90,153
90,154
90,155
90,156
90,157
90,158
90,159
90,160
90,161
90,162
90,163
90,164
90,165
90,166
90,167
90,168
90,169
90,170
90,171
90,172
90,173
90,174
90,175
90,176
90,177
90,178
90,179
90,180
90,181
90,182
90,183
90,184
90,185
90,186
90,187
90,188
90,189
90,190
90,191
90,192
90,193
90,194
90,195
90,196
90,197
90,198
90,199
90,200
90,201
90,202
90,203
90,204
90,205
90,206
90,207
90,208
90,209
90,210
90,211
90,212
90,213
90,214
90,215
90,216
90,217
90,218
90,219
90,220
90,221
90,222
90,223
90,224
90,225
90,226
90,227
90,228
:106_0,229
:106_0,230
:106_0,231
:106_0,232
-325,233
-325,234
-325,235
-325,236
-325,237
-325,238
-325,239
-325,240
-325,241
-325,242
-325,243
-325,244
-325,245
-325,246
-325,247
-325,248
-325,249
-325,250
-325,251
-325,252
-325,253
-325,254
-325,255
-325,256
-325,257
-325,258
-325,259
-325,260
-325,261
-325,262
-325,263
-325,264
-325,265
-325,266
-325,267
-325,268
-325,269
-325,270
-325,271
-325,272
-325,273
-325,274
-325,275
-325,276
-325,277
-325,278
-325,279
-325,280
-325,281
-325,282
-325,283
-325,284
-325,285
-325,286
-325,287
-325,288
-325,289
-325,290
-325,291
-325,292
-325,293
-325,294
-325,295
-325,296
-325,297
-325,298
-325,299
-325,300
-325,301
-325,302
-325,303
-325,304
-325,305
-325,306
-325,307
-325,308
-325,309
-325,310
-325,311
-325,312
-325,313
-325,314
-325,315
-325,316
-325,317
-325,318
-325,319
-325,320
-325,321
-325,322
-325,323
:246_1,324
:246_1,325
:246_1,326
:246_1,327
:246_1,328
-245,329
-245,330
-245,331
-245,332
-245,333
-245,334
-245,335
-245,336
-245,337
-245,338
-245,339
-245,340
-245,341
-245,342
-245,343
-245,344
-245,345
-245,346
-245,347
-245,348
-245,349
-245,350
-245,351
-245,352
-245,353
-245,354
-245,355
-245,356
-245,357
-245,358
-245,359
-245,360
-245,361
-245,362
-245,363
-245,364
-245,365
-245,366
-245,367
-245,368
-245,369
-245,370
-245,371
-245,372
-245,373
-245,374
-245,375
-245,376
-245,377
-245,378
:215_6,379
:215_6,380
:215_6,381
:215_6,382
:215_6,383
401,384
401,385
401,386
401,387
401,388
401,389
401,390
401,391
401,392
401,393
401,394
401,395
401,396
401,397
401,398
401,399
401,400
401,401
401,402
401,403
401,404
401,405
401,406
401,407
401,408
401,409
401,410
401,411
401,412
401,413
401,414
401,415
401,416
401,417
401,418
401,419
401,420
401,421
401,422
401,423
401,424
401,425
401,426
401,427
401,428
401,429
401,430
401,431
401,432
401,433
401,434
401,435
401,436
401,437
401,438
401,439
401,440
401,441
401,442
401,443
401,444
401,445
401,446
401,447
401,448
401,449
401,450
401,451
401,452
401,453
401,454
401,455
401,456
401,457
401,458
401,459
401,460
401,461
401,462
401,463
401,464
401,465
401,466
401,467
401,468
401,469
401,470
401,471
401,472
401,473
401,474
401,475
401,476
401,477
401,478
401,479
401,480
401,481
401,482
401,483
401,484
401,485
401,486
401,487
401,488
401,489
401,490
401,491
401,492
401,493
401,494
401,495
401,496
401,497
401,498
401,499
401,500
401,501
401,502
401,503
401,504
401,505
401,506
401,507
401,508
401,509
401,510
401,511
401,512
401,513
401,514
401,515
401,516
401,517
401,518
401,519
401,520
401,521
401,522
401,523
401,524
401,525
401,526
401,527
401,528
401,529
401,530
401,531
401,532
401,533
401,534
401,535
401,536
401,537
401,538
401,539
401,540
401,541
401,542
401,543
401,544
401,545
401,546
401,547
:143_13,548
:143_13,549
:143_13,550
:143_13,551
:143_13,552
406,553
406,554
406,555
406,556
406,557
406,558
406,559
406,560
406,561
406,562
406,563
406,564
406,565
406,566
406,567
406,568
406,569
406,570
406,571
406,572
406,573
406,574
406,575
406,576
406,577
406,578
406,579
406,580
406,581
406,582
406,583
406,584
406,585
406,586
406,587
406,588
406,589
406,590
406,591
406,592
406,593
406,594
406,595
406,596
406,597
406,598
406,599
406,600
406,601
406,602
406,603
406,604
406,605
406,606
406,607
406,608
406,609
406,610
406,611
406,612
406,613
406,614
406,615
406,616
406,617
406,618
406,619
406,620
406,621
406,622
406,623
406,624
406,625
406,626
406,627
406,628
406,629
406,630
406,631
406,632
406,633
406,634
406,635
406,636
406,637
406,638
406,639
406,640
406,641
406,642
406,643
406,644
406,645
406,646
406,647
406,648
406,649
406,650
406,651
406,652
406,653
406,654
406,655
406,656
406,657
406,658
406,659
406,660
406,661
406,662
406,663
406,664
406,665
406,666
406,667
406,668
406,669
406,670
406,671
406,672
406,673
406,674
406,675
406,676
406,677
406,678
406,679
406,680
406,681
406,682
406,683
406,684
406,685
406,686
406,687
406,688
406,689
406,690
406,691
406,692
406,693
406,694
406,695
406,696
406,697
406,698
406,699
406,700
406,701
406,702
406,703
406,704
406,705
406,706
406,707
406,708
406,709
406,710
406,711
406,712
406,713
406,714
406,715
406,716
406,717
406,718
406,719
406,720
:28_6,721
:28_6,722
:28_6,723
:28_6,724
:28_6,725
429,726
429,727
429,728
429,729
429,730
429,731
429,732
429,733
429,734
429,735
429,736
429,737
429,738
429,739
429,740
429,741
429,742
429,743
429,744
429,745
429,746
429,747
429,748
429,749
429,750
429,751
429,752
429,753
429,754
429,755
429,756
429,757
429,758
429,759
429,760
429,761
429,762
429,763
429,764
429,765
429,766
429,767
429,768
429,769
429,770
429,771
429,772
429,773
429,774
429,775
429,776
429,777
429,778
429,779
429,780
429,781
429,782
429,783
429,784
429,785
429,786
429,787
429,788
429,789
429,790
429,791
429,792
429,793
429,794
429,795
429,796
429,797
429,798
429,799
429,800
429,801
429,802
429,803
429,804
429,805
429,806
429,807
429,808
429,809
429,810
429,811
429,812
429,813
429,814
429,815
429,816
429,817
429,818
429,819
429,820
429,821
429,822
429,823
429,824
429,825
429,826
429,827
429,828
429,829
429,830
429,831
429,832
429,833
429,834
429,835
429,836
429,837
429,838
429,839
429,840
429,841
429,842
429,843
429,844
429,845
429,846
:23_0,847
:23_0,848
:23_0,849
:23_0,850
:23_0,851
-19,852
-19,853
-19,854
-19,855
-19,856
-19,857
-19,858
-19,859
-19,860
-19,861
-19,862
-19,863
-19,864
-19,865
-19,866
-19,867
-19,868
-19,869
-19,870
-19,871
-19,872
-19,873
-19,874
-19,875
-19,876
-19,877
-19,878
-19,879
-19,880
-19,881
-19,882
-19,883
-19,884
-19,885
-19,886
-19,887
-19,888
-19,889
-19,890
-19,891
-19,892
-19,893
-19,894
-19,895
-19,896
-19,897
-19,898
-19,899
-19,900
-19,901
-19,902
-19,903
-19,904
-19,905
-19,906
-19,907
-19,908
-19,909
-19,910
-19,911
-19,912
-19,913
-19,914
-19,915
-19,916
-19,917
-19,918
-19,919
-19,920
-19,921
-19,922
-19,923
-19,924
-19,925
-19,926
-19,927
-19,928
-19,929
-19,930
-19,931
-19,932
-19,933
-19,934
-19,935
-19,936
-19,937
-19,938
:22_1,939
:22_1,940
:22_1,941
:22_1,942
:22_1,943
23,944
23,945
23,946
23,947
23,948
23,949
23,950
23,951
23,952
23,953
23,954
23,955
23,956
23,957
23,958
23,959
23,960
23,961
23,962
23,963
23,964
23,965
-91,1
-91,2
-91,3
-91,1
