-431,1
-431,1
-431,1
-431,2
-431,3
-431,4
-431,5
-431,6
-431,7
-431,8
-431,9
-431,10
-431,11
-431,12
-431,13
-431,14
-431,15
-431,16
-431,17
-431,18
-431,19
-431,20
-431,21
-431,22
-431,23
-431,24
-431,25
-431,26
-431,27
-431,28
-431,29
-431,30
-431,31
-431,32
-431,33
-431,34
-431,35
-431,36
-431,37
-431,38
-431,39
-431,40
-431,41
-431,42
-431,43
-431,44
-431,45
:203_7,46
:203_7,47
:203_7,48
:203_7,49
:203_7,50
194,51
194,52
194,53
194,54
194,55
194,56
194,57
194,58
194,59
194,60
194,61
194,62
194,63
194,64
194,65
194,66
194,67
194,68
194,69
194,70
194,71
194,72
194,73
194,74
194,75
194,76
194,77
194,78
194,79
194,80
194,81
194,82
194,83
194,84
194,85
194,86
194,87
194,88
194,89
194,90
194,91
194,92
194,93
194,94
194,95
194,96
194,97
194,98
194,99
194,100
194,101
194,102
194,103
194,104
194,105
194,106
194,107
194,108
194,109
194,110
194,111
194,112
194,113
194,114
194,115
194,116
194,117
194,118
194,119
194,120
194,121
194,122
194,123
194,124
194,125
194,126
194,127
194,128
194,129
194,130
194,131
194,132
194,133
194,134
194,135
194,136
194,137
194,138
194,139
194,140
194,141
194,142
194,143
194,144
194,145
194,146
194,147
194,148
194,149
194,150
194,151
194,152
194,153
194,154
194,155
194,156
194,157
194,158
194,159
194,160
194,161
194,162
194,163
194,164
194,165
194,166
194,167
194,168
194,169
194,170
194,171
194,172
194,173
194,174
194,175
194,176
194,177
194,178
194,179
194,180
194,181
194,182
194,183
194,184
194,185
194,186
194,187
194,188
194,189
194,190
194,191
194,192
194,193
194,194
194,195
194,196
194,197
194,198
194,199
194,200
194,201
194,202
194,203
194,204
194,205
194,206
194,207
194,208
194,209
194,210
194,211
194,212
194,213
194,214
194,215
194,216
194,217
194,218
194,219
194,220
194,221
194,222
194,223
:204_8,224
:204_8,225
:204_8,226
:204_8,227
-323,228
-323,229
-323,230
-323,231
-323,232
-323,233
-323,234
-323,235
-323,236
-323,237
-323,238
-323,239
-323,240
-323,241
-323,242
-323,243
-323,244
-323,245
-323,246
-323,247
-323,248
-323,249
-323,250
-323,251
-323,252
-323,253
-323,254
-323,255
-323,256
-323,257
-323,258
-323,259
-323,260
-323,261
-323,262
-323,263
-323,264
-323,265
-323,266
-323,267
-323,268
-323,269
-323,270
-323,271
-323,272
-323,273
-323,274
-323,275
-323,276
-323,277
-323,278
-323,279
-323,280
-323,281
-323,282
-323,283
-323,284
-323,285
-323,286
-323,287
-323,288
-323,289
-323,290
-323,291
-323,292
-323,293
-323,294
-323,295
-323,296
-323,297
-323,298
-323,299
-323,300
-323,301
-323,302
-323,303
-323,304
-323,305
-323,306
-323,307
-323,308
-323,309
-323,310
-323,311
-323,312
-323,313
-323,314
-323,315
-323,316
-323,317
-323,318
-323,319
-323,320
-323,321
-323,322
-323,323
-323,324
-323,325
-323,326
-323,327
-323,328
-323,329
-323,330
-323,331
-323,332
-323,333
-323,334
-323,335
-323,336
-323,337
-323,338
-323,339
-323,340
-323,341
-323,342
-323,343
-323,344
-323,345
-323,346
-323,347
-323,348
-323,349
-323,350
-323,351
-323,352
-323,353
-323,354
-323,355
-323,356
-323,357
:302_6,358
:302_6,359
:302_6,360
324,361
324,362
324,363
324,364
324,365
324,366
324,367
324,368
324,369
324,370
324,371
324,372
324,373
324,374
324,375
324,376
324,377
324,378
324,379
324,380
324,381
324,382
324,383
324,384
324,385
324,386
324,387
324,388
324,389
324,390
324,391
324,392
324,393
324,394
324,395
324,396
324,397
324,398
324,399
324,400
324,401
324,402
324,403
324,404
324,405
324,406
324,407
324,408
324,409
324,410
324,411
324,412
324,413
324,414
324,415
324,416
324,417
324,418
324,419
324,420
324,421
324,422
324,423
324,424
324,425
324,426
324,427
324,428
324,429
324,430
324,431
324,432
324,433
324,434
324,435
324,436
324,437
324,438
324,439
324,440
324,441
324,442
324,443
324,444
324,445
324,446
324,447
324,448
324,449
324,450
324,451
324,452
324,453
324,454
324,455
324,456
324,457
324,458
324,459
324,460
324,461
324,462
324,463
324,464
324,465
324,466
324,467
324,468
324,469
324,470
324,471
324,472
324,473
324,474
324,475
324,476
324,477
324,478
324,479
324,480
324,481
324,482
324,483
324,484
324,485
324,486
324,487
324,488
324,489
324,490
324,491
324,492
324,493
324,494
324,495
324,496
324,497
324,498
324,499
324,500
324,501
324,502
324,503
324,504
324,505
324,506
324,507
324,508
324,509
324,510
324,511
324,512
324,513
324,514
324,515
324,516
324,517
324,518
324,519
324,520
324,521
324,522
324,523
324,524
324,525
324,526
324,527
324,528
324,529
324,530
324,531
324,532
324,533
324,534
324,535
324,536
324,537
324,538
324,539
324,540
324,541
324,542
324,543
324,544
324,545
324,546
324,547
324,548
324,549
324,550
324,551
324,552
324,553
324,554
324,555
324,556
324,557
324,558
324,559
324,560
324,561
324,562
324,563
324,564
324,565
324,566
324,567
324,568
324,569
324,570
324,571
324,572
324,573
324,574
324,575
324,576
324,577
324,578
324,579
324,580
324,581
324,582
324,583
324,584
324,585
324,586
324,587
324,588
324,589
324,590
324,591
324,592
324,593
324,594
324,595
324,596
324,597
324,598
324,599
324,600
324,601
324,602
324,603
324,604
324,605
324,606
324,607
324,608
324,609
324,610
324,611
324,612
324,613
324,614
324,615
324,616
324,617
324,618
324,619
324,620
324,621
324,622
324,623
324,624
324,625
324,626
324,627
324,628
324,629
324,630
324,631
324,632
324,633
324,634
324,635
324,636
324,637
324,638
324,639
324,640
324,641
324,642
324,643
324,644
324,645
324,646
324,647
324,648
324,649
324,650
324,651
324,652
324,653
324,654
324,655
324,656
324,657
324,658
324,659
324,660
324,661
324,662
324,663
324,664
324,665
324,666
324,667
324,668
324,669
324,670
324,671
:170_0,672
:170_0,673
:170_0,674
-196,675
-196,676
-196,677
-196,678
-196,679
-196,680
-196,681
-196,682
-196,683
-196,684
-196,685
-196,686
-196,687
-196,688
-196,689
-196,690
-196,691
-196,692
-196,693
-196,694
-196,695
-196,696
-196,697
-196,698
-196,699
-196,700
-196,701
-196,702
-196,703
-196,704
-196,705
-196,706
-196,707
-196,708
-196,709
-196,710
-196,711
-196,712
-196,713
-196,714
-196,715
-196,716
-196,717
-196,718
-196,719
-196,720
-196,721
-196,722
-196,723
-196,724
-196,725
-196,726
-196,727
-196,728
-196,729
-196,730
-196,731
-196,732
-196,733
-196,734
-196,735
-196,736
-196,737
-196,738
-196,739
-196,740
-196,741
-196,742
-196,743
-196,744
-196,745
-196,746
-196,747
-196,748
-196,749
-196,750
-196,751
-196,752
-196,753
-196,754
-196,755
-196,756
-196,757
-196,758
-196,759
-196,760
-196,761
-196,762
-196,763
-196,764
-196,765
-196,766
-196,767
-196,768
-196,769
-196,770
-196,771
-196,772
-196,773
-196,774
-196,775
-196,776
-196,777
-196,778
-196,779
-196,780
-196,781
-196,782
-196,783
-196,784
-196,785
-196,786
-196,787
-196,788
-196,789
-196,790
-196,791
-196,792
-196,793
-196,794
-196,795
-196,796
-196,797
-196,798
-196,799
-196,800
-196,801
-196,802
-196,803
-196,804
-196,805
-196,806
-196,807
-196,808
-196,809
-196,810
-196,811
-196,812
-196,813
-196,814
-196,815
-196,816
-196,817
-196,818
-196,819
-196,820
-196,821
-196,822
-196,823
-196,824
-196,825
-196,826
-196,827
-196,828
-196,829
-196,830
-196,831
-196,832
-196,833
-196,834
-196,835
-196,836
-196,837
-196,838
-196,839
-196,840
-196,841
-196,842
-196,843
-196,844
-196,845
-196,846
-196,847
-196,848
-196,849
-196,850
-196,851
-196,852
-196,853
-196,854
-196,855
-196,856
-196,857
-196,858
-196,859
-196,860
-196,861
-196,862
-196,863
-196,864
-196,865
-196,866
-196,867
-196,868
-196,869
-196,870
-196,871
-196,872
-196,873
-196,874
-196,875
-196,876
-196,877
-196,878
-196,879
-196,880
-196,881
-196,882
-196,883
-196,884
-196,885
-196,886
-196,887
-196,888
-196,889
-196,890
-196,891
-196,892
-196,893
-196,894
-196,895
-196,896
-196,897
-196,898
-196,899
-196,900
-196,901
-196,902
-196,903
-196,904
-196,905
-196,906
-196,907
-196,908
-196,909
-196,910
-196,911
-196,912
-196,913
-196,914
-196,915
-196,916
-196,917
-196,918
-196,919
-196,920
-196,921
-196,922
-196,923
-196,924
-196,925
-196,926
-196,927
-196,928
-196,929
-196,930
-196,931
-196,932
-196,933
-196,934
-196,935
-196,936
-196,937
-196,938
-196,939
-196,940
-196,941
-196,942
-196,943
-196,944
-196,945
-196,946
-196,947
-196,948
-196,949
-196,950
-196,951
-196,952
-196,953
-196,954
-196,955
-196,956
-196,957
-196,958
-196,959
-196,960
-196,961
-196,962
-196,963
-196,964
-196,965
-431,1
-431,2
-431,3
-431,1
