106,1
106,1
106,1
106,2
106,3
106,4
106,5
106,6
106,7
106,8
106,9
106,10
106,11
106,12
106,13
106,14
106,15
106,16
106,17
106,18
106,19
106,20
106,21
106,22
106,23
106,24
106,25
106,26
106,27
106,28
106,29
106,30
106,31
106,32
106,33
106,34
106,35
106,36
106,37
106,38
106,39
106,40
106,41
106,42
106,43
106,44
106,45
106,46
106,47
106,48
106,49
106,50
106,51
106,52
106,53
106,54
106,55
106,56
106,57
106,58
106,59
106,60
106,61
106,62
106,63
:122_12,64
:122_12,65
:122_12,66
294,67
294,68
294,69
294,70
294,71
294,72
294,73
294,74
294,75
294,76
294,77
294,78
294,79
294,80
294,81
294,82
294,83
294,84
294,85
294,86
294,87
294,88
294,89
294,90
294,91
294,92
294,93
294,94
294,95
294,96
294,97
294,98
294,99
294,100
294,101
294,102
294,103
294,104
294,105
294,106
294,107
294,108
294,109
294,110
294,111
294,112
294,113
294,114
294,115
294,116
294,117
294,118
294,119
294,120
294,121
294,122
294,123
294,124
294,125
294,126
294,127
294,128
294,129
294,130
294,131
294,132
294,133
294,134
294,135
294,136
294,137
294,138
294,139
294,140
294,141
294,142
294,143
294,144
294,145
294,146
294,147
-596,148
-596,149
-596,150
-596,151
-596,152
-596,153
-596,154
-596,155
-596,156
-596,157
-596,158
-596,159
-596,160
-596,161
-596,162
-596,163
-596,164
-596,165
-596,166
-596,167
-596,168
-596,169
-596,170
-596,171
-596,172
-596,173
-596,174
-596,175
-596,176
-596,177
-596,178
-596,179
-596,180
-596,181
-596,182
-596,183
-596,184
-596,185
-596,186
-596,187
-596,188
-596,189
-596,190
-596,191
-596,192
-596,193
-596,194
-596,195
-596,196
-596,197
-596,198
-596,199
-596,200
-596,201
-596,202
-596,203
-596,204
-596,205
-596,206
-596,207
-596,208
-596,209
-596,210
-596,211
-596,212
-596,213
-596,214
-596,215
-596,216
-596,217
-596,218
-596,219
-596,220
-596,221
-596,222
-596,223
-596,224
-596,225
:444_0,226
:444_0,227
:444_0,228
:444_0,229
-549,230
-549,231
-549,232
-549,233
-549,234
-549,235
-549,236
-549,237
-549,238
-549,239
-549,240
-549,241
-549,242
-549,243
-549,244
-549,245
-549,246
-549,247
-549,248
-549,249
-549,250
-549,251
-549,252
-549,253
-549,254
-549,255
-549,256
-549,257
-549,258
-549,259
-549,260
-549,261
-549,262
-549,263
-549,264
-549,265
-549,266
-549,267
-549,268
-549,269
-549,270
-549,271
-549,272
-549,273
-549,274
-549,275
-549,276
-549,277
-549,278
-549,279
-549,280
-549,281
-549,282
-549,283
-549,284
-549,285
-549,286
-549,287
-549,288
-549,289
-549,290
-549,291
-549,292
-549,293
-549,294
-549,295
-549,296
-549,297
-549,298
-549,299
-549,300
-549,301
-549,302
-549,303
-549,304
-549,305
-549,306
-549,307
-549,308
-549,309
-549,310
-549,311
-549,312
-549,313
:332_5,314
:332_5,315
:332_5,316
:332_5,317
:332_5,318
-356,319
-356,320
-356,321
-356,322
-356,323
-356,324
-356,325
-356,326
-356,327
-356,328
-356,329
-356,330
-356,331
-356,332
-356,333
-356,334
-356,335
-356,336
-356,337
-356,338
-356,339
-356,340
-356,341
-356,342
-356,343
-356,344
-356,345
-356,346
-356,347
-356,348
-356,349
-356,350
-356,351
-356,352
-356,353
-356,354
-356,355
-356,356
-356,357
-356,358
-356,359
-356,360
-356,361
-356,362
-356,363
-356,364
-356,365
-356,366
-356,367
-356,368
-356,369
-356,370
-356,371
-356,372
-356,373
-356,374
-356,375
-356,376
-356,377
-356,378
-356,379
-356,380
-356,381
-356,382
-356,383
-356,384
-356,385
-356,386
-356,387
-356,388
-356,389
-356,390
-356,391
-356,392
-356,393
-356,394
-356,395
-356,396
-356,397
-356,398
:145_0,399
:145_0,400
:145_0,401
-131,402
-131,403
-131,404
-131,405
-131,406
-131,407
-131,408
-131,409
-131,410
-131,411
-131,412
-131,413
-131,414
-131,415
-131,416
-131,417
-131,418
-131,419
-131,420
-131,421
-131,422
-131,423
-131,424
-131,425
-131,426
-131,427
-131,428
-131,429
-131,430
-131,431
-131,432
-131,433
-131,434
-131,435
-131,436
-131,437
-131,438
-131,439
-131,440
-131,441
-131,442
-131,443
-131,444
-131,445
-131,446
-131,447
-131,448
-131,449
-131,450
-131,451
-131,452
-131,453
-131,454
-131,455
-131,456
-131,457
-131,458
-131,459
-131,460
-131,461
-131,462
-131,463
-131,464
-131,465
-131,466
-131,467
-131,468
-131,469
-131,470
-131,471
-131,472
-131,473
-131,474
-131,475
-131,476
-131,477
-131,478
-131,479
-131,480
-131,481
-131,482
-131,483
-131,484
-131,485
-131,486
-131,487
-131,488
-131,489
-131,490
-131,491
-131,492
-131,493
-131,494
-131,495
-131,496
-131,497
:86_4,498
:86_4,499
:86_4,500
:86_4,501
:86_4,502
130,503
130,504
130,505
130,506
130,507
130,508
130,509
130,510
130,511
130,512
130,513
130,514
130,515
130,516
130,517
130,518
130,519
130,520
130,521
130,522
130,523
130,524
130,525
130,526
130,527
130,528
130,529
130,530
130,531
130,532
130,533
130,534
130,535
130,536
130,537
130,538
-93,539
-93,540
-93,541
-93,542
-93,543
-93,544
-93,545
-93,546
-93,547
-93,548
-93,549
-93,550
-93,551
-93,552
-93,553
-93,554
-93,555
-93,556
-93,557
-93,558
-93,559
-93,560
-93,561
-93,562
-93,563
-93,564
-93,565
-93,566
-93,567
-93,568
-93,569
-93,570
-93,571
-93,572
-93,573
-93,574
-93,575
-93,576
-93,577
-93,578
-93,579
-93,580
-93,581
-93,582
-93,583
-93,584
-93,585
-93,586
-93,587
-93,588
-93,589
-93,590
-93,591
-93,592
-93,593
-93,594
-93,595
-93,596
-93,597
-93,598
:105_0,599
:105_0,600
:105_0,601
:105_0,602
-89,603
-89,604
-89,605
-89,606
-89,607
-89,608
-89,609
-89,610
-89,611
-89,612
-89,613
-89,614
-89,615
-89,616
-89,617
-89,618
-89,619
-89,620
-89,621
-89,622
-89,623
-89,624
-89,625
-89,626
-89,627
-89,628
-89,629
-89,630
-89,631
-89,632
-89,633
-89,634
-89,635
-89,636
-89,637
-89,638
-89,639
-89,640
-89,641
-89,642
-89,643
-89,644
-89,645
-89,646
-89,647
-89,648
-89,649
-89,650
-89,651
-89,652
-89,653
-89,654
-89,655
-89,656
-89,657
-89,658
-89,659
-89,660
-89,661
-89,662
-89,663
-89,664
-89,665
-89,666
-89,667
-89,668
-89,669
-89,670
-89,671
-89,672
-89,673
-89,674
-89,675
-89,676
-89,677
-89,678
-89,679
-89,680
-89,681
-89,682
-89,683
-89,684
:104_4,685
:104_4,686
:104_4,687
91,688
91,689
91,690
91,691
91,692
91,693
91,694
91,695
91,696
91,697
91,698
91,699
91,700
91,701
91,702
91,703
91,704
91,705
91,706
91,707
91,708
91,709
91,710
91,711
91,712
91,713
91,714
91,715
91,716
91,717
91,718
91,719
91,720
91,721
91,722
91,723
91,724
91,725
91,726
91,727
91,728
91,729
91,730
91,731
91,732
91,733
91,734
91,735
91,736
91,737
91,738
91,739
91,740
91,741
91,742
91,743
91,744
91,745
91,746
91,747
91,748
91,749
91,750
91,751
91,752
91,753
91,754
91,755
91,756
91,757
91,758
91,759
91,760
91,761
:107_4,762
:107_4,763
:107_4,764
:107_4,765
:107_4,766
-297,767
-297,768
-297,769
-297,770
-297,771
-297,772
-297,773
-297,774
-297,775
-297,776
-297,777
-297,778
-297,779
-297,780
-297,781
-297,782
-297,783
-297,784
-297,785
-297,786
-297,787
-297,788
-297,789
-297,790
-297,791
-297,792
-297,793
-297,794
-297,795
-297,796
-297,797
-297,798
-297,799
-297,800
-297,801
-297,802
-297,803
-297,804
-297,805
-297,806
-297,807
-297,808
-297,809
-297,810
-297,811
-297,812
-297,813
-297,814
-297,815
-297,816
-297,817
-297,818
-297,819
-297,820
-297,821
-297,822
-297,823
-297,824
-297,825
-297,826
-297,827
106,1
106,2
106,3
106,1
