-497,1
-497,1
-497,1
-497,2
-497,3
-497,4
-497,5
-497,6
-497,7
-497,8
-497,9
-497,10
-497,11
-497,12
-497,13
-497,14
-497,15
-497,16
-497,17
-497,18
-497,19
-497,20
-497,21
-497,22
-497,23
-497,24
-497,25
-497,26
-497,27
-497,28
-497,29
-497,30
-497,31
-497,32
-497,33
-497,34
-497,35
-497,36
-497,37
-497,38
-497,39
-497,40
-497,41
-497,42
-497,43
-497,44
-497,45
-497,46
-497,47
-497,48
-497,49
-497,50
-497,51
-497,52
-497,53
-497,54
-497,55
-497,56
-497,57
-497,58
-497,59
-497,60
-497,61
-497,62
-497,63
-497,64
-497,65
-497,66
-497,67
-497,68
-497,69
-497,70
-497,71
-497,72
-497,73
-497,74
-497,75
-497,76
-497,77
-497,78
-497,79
-497,80
-497,81
-497,82
-497,83
-497,84
:255_6,85
:255_6,86
:255_6,87
:255_6,88
:255_6,89
:255_6,90
498,91
498,92
498,93
498,94
498,95
498,96
498,97
498,98
498,99
498,100
498,101
498,102
498,103
498,104
498,105
498,106
498,107
498,108
498,109
498,110
498,111
498,112
498,113
498,114
498,115
498,116
498,117
498,118
498,119
498,120
498,121
498,122
498,123
498,124
498,125
498,126
498,127
498,128
498,129
498,130
498,131
498,132
498,133
498,134
498,135
498,136
498,137
498,138
498,139
498,140
498,141
498,142
498,143
498,144
498,145
498,146
498,147
498,148
498,149
498,150
498,151
498,152
498,153
498,154
498,155
498,156
498,157
498,158
498,159
498,160
498,161
498,162
498,163
498,164
498,165
498,166
498,167
498,168
498,169
498,170
498,171
498,172
498,173
498,174
498,175
498,176
498,177
498,178
498,179
498,180
498,181
498,182
498,183
498,184
498,185
498,186
498,187
498,188
:171_0,189
:171_0,190
:171_0,191
155,192
155,193
155,194
155,195
155,196
155,197
155,198
155,199
155,200
155,201
155,202
155,203
155,204
155,205
155,206
155,207
155,208
155,209
155,210
155,211
155,212
155,213
155,214
155,215
155,216
155,217
155,218
155,219
155,220
155,221
155,222
155,223
155,224
155,225
155,226
155,227
155,228
155,229
155,230
155,231
155,232
155,233
155,234
155,235
155,236
155,237
155,238
155,239
155,240
155,241
155,242
155,243
155,244
155,245
155,246
155,247
155,248
155,249
155,250
155,251
155,252
155,253
155,254
155,255
155,256
155,257
155,258
155,259
155,260
155,261
155,262
155,263
155,264
155,265
155,266
155,267
155,268
155,269
155,270
155,271
155,272
155,273
155,274
155,275
155,276
155,277
155,278
155,279
155,280
155,281
155,282
155,283
155,284
155,285
155,286
155,287
155,288
155,289
155,290
155,291
155,292
155,293
155,294
155,295
155,296
155,297
155,298
155,299
155,300
155,301
155,302
155,303
155,304
155,305
155,306
:46_9,307
:46_9,308
:46_9,309
:46_9,310
:46_9,311
:46_9,312
:46_9,313
158,314
158,315
158,316
158,317
158,318
158,319
158,320
158,321
158,322
158,323
158,324
158,325
158,326
158,327
158,328
158,329
158,330
158,331
158,332
158,333
158,334
158,335
158,336
158,337
158,338
158,339
158,340
158,341
158,342
158,343
158,344
158,345
158,346
158,347
158,348
158,349
158,350
158,351
158,352
158,353
158,354
158,355
158,356
158,357
158,358
158,359
158,360
158,361
158,362
158,363
158,364
158,365
158,366
158,367
158,368
158,369
158,370
158,371
158,372
158,373
158,374
158,375
158,376
158,377
158,378
158,379
158,380
158,381
158,382
158,383
158,384
158,385
158,386
158,387
158,388
158,389
158,390
158,391
158,392
158,393
158,394
158,395
158,396
158,397
158,398
158,399
158,400
158,401
158,402
158,403
158,404
158,405
158,406
158,407
158,408
158,409
158,410
158,411
158,412
158,413
158,414
158,415
158,416
158,417
158,418
158,419
158,420
158,421
158,422
158,423
158,424
158,425
158,426
158,427
158,428
158,429
158,430
158,431
158,432
158,433
158,434
158,435
158,436
158,437
158,438
158,439
158,440
158,441
158,442
158,443
158,444
:57_7,445
:57_7,446
:57_7,447
:57_7,448
:57_7,449
:57_7,450
:57_7,451
-49,452
-49,453
-49,454
-49,455
-49,456
-49,457
-49,458
-49,459
-49,460
-49,461
-49,462
-49,463
-49,464
-49,465
-49,466
-49,467
-49,468
-49,469
-49,470
-49,471
-49,472
-49,473
-49,474
-49,475
-49,476
-49,477
-49,478
-49,479
-49,480
-49,481
-49,482
-49,483
-49,484
-49,485
-49,486
-49,487
-49,488
-49,489
-49,490
-49,491
-49,492
-49,493
-49,494
-49,495
-49,496
-49,497
-49,498
-49,499
-49,500
-49,501
-49,502
-49,503
-49,504
-49,505
-49,506
-49,507
-49,508
-49,509
-49,510
-49,511
-49,512
-49,513
-49,514
-49,515
-49,516
-49,517
-49,518
-49,519
-49,520
-49,521
-49,522
-49,523
-49,524
-49,525
-49,526
-49,527
-49,528
-49,529
-49,530
-49,531
-49,532
-49,533
-49,534
-49,535
-49,536
-49,537
-49,538
-49,539
-49,540
-49,541
-49,542
-49,543
-49,544
-49,545
-49,546
-49,547
-49,548
-49,549
-49,550
-49,551
-49,552
-49,553
-49,554
-49,555
-49,556
-49,557
-49,558
-49,559
-49,560
-49,561
-49,562
-49,563
-49,564
-49,565
-49,566
-49,567
-49,568
-49,569
-49,570
-49,571
-49,572
-49,573
-49,574
-49,575
-49,576
-49,577
-49,578
-49,579
-49,580
-49,581
-49,582
-49,583
-49,584
-49,585
-49,586
-49,587
-49,588
-49,589
-49,590
-49,591
-49,592
-49,593
-49,594
-49,595
-49,596
-49,597
-49,598
-49,599
-49,600
-49,601
-49,602
-49,603
-49,604
-49,605
-49,606
-49,607
-49,608
-49,609
-49,610
-49,611
-49,612
-49,613
-49,614
-49,615
-49,616
-49,617
-49,618
-49,619
-49,620
-49,621
-49,622
-49,623
-49,624
-49,625
-49,626
-49,627
-49,628
-49,629
-49,630
-49,631
-49,632
-49,633
-49,634
-49,635
-49,636
-49,637
-49,638
-49,639
-49,640
-49,641
-49,642
-49,643
-49,644
-49,645
-49,646
-49,647
-49,648
-49,649
-49,650
-49,651
-49,652
-49,653
-49,654
-49,655
-49,656
-49,657
-49,658
-49,659
-49,660
-49,661
-49,662
-49,663
-49,664
-49,665
-49,666
-49,667
-49,668
-49,669
-49,670
-49,671
-49,672
-49,673
-49,674
-49,675
-49,676
-49,677
-49,678
-49,679
-49,680
-49,681
-49,682
-49,683
-49,684
-49,685
-49,686
-49,687
-49,688
-49,689
-49,690
-49,691
-49,692
-49,693
-49,694
-49,695
-49,696
-49,697
-49,698
-49,699
-49,700
-49,701
-49,702
-49,703
-49,704
-49,705
-49,706
:5_15,707
:5_15,708
:5_15,709
:5_15,710
:5_15,711
:5_15,712
:5_15,713
:5_15,714
:5_15,715
-4,716
-4,717
-4,718
-4,719
-4,720
-4,721
-4,722
-4,723
-4,724
-4,725
-4,726
-4,727
-4,728
-4,729
-4,730
-4,731
-4,732
-4,733
-4,734
-4,735
-4,736
-4,737
-4,738
-4,739
-4,740
-4,741
-4,742
-4,743
-4,744
-4,745
-4,746
-4,747
-4,748
-4,749
-4,750
-4,751
-4,752
-4,753
-4,754
-4,755
-4,756
-4,757
-4,758
-4,759
-4,760
-4,761
-4,762
-4,763
-4,764
-4,765
-4,766
-4,767
-4,768
-4,769
-4,770
-4,771
-4,772
-4,773
-4,774
-4,775
-4,776
-4,777
-4,778
-4,779
-4,780
-4,781
-4,782
-4,783
-4,784
-4,785
-4,786
-4,787
-4,788
-4,789
-4,790
-4,791
-4,792
-4,793
-4,794
-4,795
-4,796
-4,797
-4,798
-4,799
-4,800
-4,801
-4,802
-4,803
-4,804
-4,805
-4,806
-4,807
-4,808
-4,809
-4,810
-4,811
-4,812
-4,813
-4,814
-4,815
-4,816
-4,817
-4,818
-4,819
-4,820
-4,821
-4,822
-4,823
-4,824
-4,825
-4,826
-4,827
-4,828
-4,829
-4,830
-4,831
-4,832
-4,833
-4,834
-4,835
-4,836
-4,837
-4,838
-4,839
-4,840
-4,841
-4,842
-4,843
-4,844
-4,845
-4,846
-4,847
-4,848
-4,849
-4,850
-4,851
-4,852
-4,853
-4,854
-4,855
-4,856
-4,857
-4,858
-4,859
-4,860
-4,861
-4,862
-4,863
-4,864
-4,865
-4,866
-4,867
-4,868
-4,869
-4,870
-4,871
-4,872
-4,873
-4,874
-4,875
-4,876
-4,877
-4,878
-4,879
-4,880
-4,881
-4,882
-4,883
-4,884
-4,885
-4,886
-4,887
-4,888
-4,889
-4,890
-4,891
-4,892
-4,893
-4,894
-4,895
-4,896
-4,897
-4,898
-4,899
-4,900
-4,901
-4,902
-4,903
-4,904
-4,905
-4,906
-4,907
-4,908
-4,909
-4,910
-4,911
-4,912
-4,913
-4,914
-4,915
-4,916
-4,917
-4,918
-4,919
-4,920
-4,921
-4,922
-4,923
-4,924
-4,925
-4,926
-4,927
-4,928
-4,929
-4,930
-4,931
-4,932
-4,933
-4,934
-4,935
-4,936
-4,937
-4,938
-4,939
-4,940
-4,941
-4,942
-4,943
-4,944
-4,945
-4,946
-4,947
-4,948
-4,949
-4,950
-4,951
-4,952
-4,953
-4,954
-4,955
-4,956
-4,957
-4,958
-4,959
-4,960
-4,961
-4,962
-4,963
-4,964
-4,965
-497,1
-497,2
-497,3
-497,1
