35,1
35,1
35,1
35,2
35,3
35,4
35,5
35,6
35,7
35,8
35,9
35,10
35,11
35,12
35,13
35,14
35,15
35,16
35,17
35,18
35,19
35,20
35,21
35,22
35,23
35,24
35,25
35,26
35,27
35,28
35,29
35,30
35,31
35,32
35,33
35,34
35,35
35,36
35,37
35,38
35,39
35,40
35,41
35,42
35,43
35,44
35,45
35,46
35,47
35,48
35,49
35,50
35,51
35,52
35,53
35,54
35,55
35,56
35,57
35,58
35,59
35,60
35,61
35,62
35,63
35,64
35,65
35,66
35,67
35,68
35,69
35,70
35,71
35,72
35,73
35,74
35,75
35,76
35,77
35,78
35,79
35,80
35,81
35,82
35,83
35,84
35,85
35,86
35,87
35,88
35,89
35,90
35,91
35,92
35,93
35,94
35,95
35,96
35,97
35,98
35,99
35,100
35,101
35,102
35,103
35,104
35,105
35,106
35,107
35,108
35,109
35,110
35,111
35,112
35,113
35,114
35,115
35,116
35,117
35,118
35,119
35,120
35,121
35,122
35,123
35,124
35,125
35,126
35,127
35,128
35,129
35,130
35,131
35,132
35,133
35,134
35,135
35,136
35,137
35,138
35,139
35,140
35,141
35,142
35,143
35,144
35,145
35,146
35,147
35,148
35,149
35,150
35,151
35,152
35,153
35,154
35,155
35,156
35,157
35,158
35,159
35,160
35,161
35,162
35,163
35,164
35,165
35,166
35,167
35,168
35,169
35,170
35,171
35,172
35,173
35,174
35,175
35,176
35,177
35,178
35,179
35,180
35,181
35,182
35,183
35,184
35,185
35,186
35,187
35,188
35,189
35,190
35,191
35,192
35,193
35,194
35,195
35,196
35,197
35,198
35,199
35,200
35,201
35,202
35,203
35,204
35,205
35,206
35,207
35,208
35,209
35,210
35,211
35,212
35,213
35,214
35,215
35,216
35,217
35,218
35,219
35,220
35,221
35,222
35,223
35,224
35,225
35,226
35,227
35,228
35,229
35,230
35,231
35,232
35,233
35,234
35,235
35,236
35,237
35,238
35,239
35,240
35,241
35,242
35,243
35,244
35,245
35,246
35,247
35,248
35,249
35,250
35,251
35,252
35,253
35,254
35,255
35,256
35,257
35,258
35,259
35,260
35,261
35,262
35,263
35,264
35,265
35,266
35,267
35,268
35,269
35,270
35,271
35,272
:42_0,273
:42_0,274
:42_0,275
-311,276
-311,277
-311,278
-311,279
-311,280
-311,281
-311,282
-311,283
-311,284
-311,285
-311,286
-311,287
-311,288
-311,289
-311,290
-311,291
-311,292
-311,293
-311,294
-311,295
-311,296
-311,297
-311,298
-311,299
-311,300
-311,301
-311,302
-311,303
-311,304
-311,305
-311,306
-311,307
-311,308
-311,309
-311,310
-311,311
-311,312
-311,313
-311,314
-311,315
-311,316
-311,317
-311,318
-311,319
-311,320
-311,321
-311,322
-311,323
-311,324
-311,325
-311,326
-311,327
-311,328
-311,329
-311,330
-311,331
-311,332
-311,333
-311,334
-311,335
-311,336
-311,337
-311,338
-311,339
-311,340
-311,341
-311,342
-311,343
-311,344
-311,345
-311,346
-311,347
-311,348
-311,349
-311,350
-311,351
-311,352
-311,353
-311,354
-311,355
-311,356
-311,357
-311,358
-311,359
-311,360
-311,361
-311,362
-311,363
-311,364
-311,365
-311,366
-311,367
-311,368
-311,369
-311,370
-311,371
-311,372
-311,373
-311,374
-311,375
-311,376
-311,377
-311,378
-311,379
-311,380
-311,381
-311,382
-311,383
-311,384
-311,385
-311,386
-311,387
-311,388
-311,389
-311,390
-311,391
-311,392
-311,393
-311,394
-311,395
-311,396
-311,397
-311,398
-311,399
-311,400
-311,401
-311,402
-311,403
-311,404
-311,405
-311,406
-311,407
-311,408
-311,409
-311,410
-311,411
-311,412
-311,413
-311,414
-311,415
-311,416
-311,417
-311,418
-311,419
-311,420
-311,421
-311,422
-311,423
-311,424
-311,425
-311,426
-311,427
-311,428
-311,429
-311,430
-311,431
-311,432
-311,433
-311,434
-311,435
-311,436
-311,437
-311,438
-311,439
-311,440
-311,441
-311,442
-311,443
-311,444
-311,445
-311,446
-311,447
-311,448
-311,449
-311,450
-311,451
-311,452
-311,453
-311,454
-311,455
-311,456
-311,457
-311,458
-311,459
-311,460
-311,461
-311,462
-311,463
-311,464
-311,465
-311,466
-311,467
-311,468
-311,469
-311,470
-311,471
-311,472
-311,473
-311,474
-311,475
-311,476
-311,477
-311,478
-311,479
:295_8,480
:295_8,481
:295_8,482
312,483
312,484
312,485
312,486
312,487
312,488
312,489
312,490
312,491
312,492
312,493
312,494
312,495
312,496
312,497
312,498
312,499
312,500
312,501
312,502
312,503
312,504
312,505
312,506
312,507
312,508
312,509
312,510
312,511
312,512
312,513
312,514
312,515
312,516
312,517
312,518
312,519
312,520
312,521
312,522
312,523
312,524
312,525
312,526
312,527
312,528
312,529
312,530
312,531
312,532
312,533
312,534
312,535
312,536
312,537
312,538
312,539
312,540
312,541
312,542
312,543
312,544
312,545
312,546
312,547
312,548
312,549
312,550
312,551
312,552
312,553
312,554
312,555
312,556
312,557
312,558
312,559
312,560
312,561
312,562
312,563
312,564
312,565
312,566
312,567
312,568
312,569
312,570
312,571
312,572
312,573
312,574
312,575
312,576
312,577
312,578
312,579
312,580
312,581
312,582
312,583
312,584
312,585
312,586
312,587
312,588
312,589
312,590
312,591
312,592
312,593
312,594
312,595
312,596
312,597
312,598
312,599
312,600
312,601
312,602
312,603
35,1
35,2
35,3
35,1
