-51,4
-51,5
-51,6
-51,7
-51,8
-51,9
-51,10
-51,11
-51,12
-51,13
-51,14
-51,15
-51,16
-51,17
-51,18
-51,19
-51,20
-51,21
-51,22
-51,23
-51,24
-51,25
-51,26
-51,27
-51,28
-51,29
-51,30
-51,31
-51,32
-51,33
-51,34
-51,35
-51,36
-51,37
-51,38
-51,39
-51,40
-51,41
-51,42
-51,43
-51,44
-51,45
-51,46
-51,47
-51,48
-51,49
-51,50
-51,51
-51,52
-51,53
-51,54
-51,55
-51,56
-51,57
-51,58
-51,59
-51,60
-51,61
-51,62
-51,63
-51,64
-51,65
-51,66
-51,67
-51,68
-51,69
-51,70
-51,71
-51,72
-51,73
-51,74
-51,75
-51,76
-51,77
-51,78
-51,79
-51,80
-51,81
-51,82
-51,83
-51,84
-51,85
-51,86
-51,87
-51,88
-51,89
-51,90
-51,91
-51,92
-51,93
-51,94
-51,95
-51,96
-51,97
-51,98
-51,99
-51,100
-51,101
-51,102
-51,103
-51,104
-51,105
-51,106
-51,107
-51,108
-51,109
-51,110
-51,111
-51,112
-51,113
-51,114
-51,115
-51,116
-51,117
-51,118
-51,119
-51,120
-51,121
-51,122
-51,123
-51,124
-51,125
-51,126
-51,127
-51,128
-51,129
-51,130
-51,131
-51,132
-51,133
-51,134
-51,135
-51,136
-51,137
-51,138
-51,139
-51,140
-51,141
-51,142
-51,143
-51,144
:58_8,145
:58_8,146
:58_8,147
:58_8,148
53,149
53,150
53,151
53,152
53,153
53,154
53,155
53,156
53,157
53,158
53,159
53,160
53,161
53,162
53,163
53,164
53,165
53,166
53,167
53,168
53,169
53,170
53,171
53,172
53,173
53,174
53,175
53,176
53,177
53,178
53,179
53,180
53,181
53,182
53,183
53,184
53,185
53,186
53,187
53,188
53,189
53,190
53,191
53,192
53,193
53,194
53,195
53,196
53,197
53,198
53,199
53,200
53,201
53,202
53,203
53,204
53,205
53,206
53,207
53,208
53,209
53,210
53,211
53,212
53,213
53,214
53,215
53,216
53,217
53,218
53,219
53,220
53,221
53,222
:61_7,223
:61_7,224
:61_7,225
:61_7,226
:61_7,227
54,228
54,229
54,230
54,231
54,232
54,233
54,234
54,235
54,236
54,237
54,238
54,239
54,240
54,241
54,242
54,243
54,244
54,245
54,246
54,247
54,248
54,249
54,250
54,251
54,252
54,253
54,254
54,255
54,256
54,257
54,258
54,259
54,260
54,261
54,262
54,263
54,264
54,265
54,266
54,267
54,268
54,269
54,270
54,271
54,272
54,273
54,274
54,275
:62_3,276
:62_3,277
:62_3,278
:62_3,279
:62_3,280
:62_3,281
55,282
55,283
55,284
55,285
55,286
55,287
55,288
55,289
55,290
55,291
55,292
55,293
55,294
55,295
55,296
55,297
55,298
55,299
55,300
55,301
55,302
55,303
55,304
55,305
55,306
55,307
55,308
55,309
55,310
55,311
55,312
55,313
55,314
55,315
55,316
55,317
55,318
55,319
55,320
55,321
55,322
55,323
55,324
55,325
55,326
55,327
55,328
55,329
55,330
55,331
55,332
55,333
55,334
55,335
55,336
55,337
55,338
55,339
55,340
55,341
55,342
55,343
55,344
55,345
55,346
55,347
55,348
55,349
55,350
55,351
55,352
55,353
55,354
55,355
55,356
55,357
55,358
55,359
55,360
55,361
55,362
55,363
55,364
55,365
55,366
55,367
55,368
55,369
55,370
55,371
55,372
55,373
55,374
55,375
55,376
55,377
55,378
55,379
55,380
55,381
55,382
55,383
55,384
55,385
55,386
55,387
55,388
55,389
55,390
55,391
55,392
55,393
55,394
55,395
55,396
:63_13,397
:63_13,398
:63_13,399
:63_13,400
:63_13,401
:63_13,402
159,403
159,404
159,405
159,406
159,407
159,408
159,409
159,410
159,411
159,412
159,413
159,414
159,415
159,416
159,417
159,418
159,419
159,420
159,421
159,422
159,423
159,424
159,425
159,426
159,427
159,428
159,429
159,430
159,431
159,432
159,433
159,434
159,435
159,436
159,437
159,438
159,439
159,440
159,441
159,442
159,443
159,444
159,445
159,446
159,447
159,448
159,449
159,450
159,451
159,452
159,453
159,454
159,455
159,456
159,457
159,458
159,459
159,460
159,461
159,462
159,463
159,464
159,465
159,466
159,467
159,468
159,469
159,470
159,471
159,472
159,473
159,474
159,475
159,476
159,477
159,478
159,479
159,480
159,481
159,482
159,483
159,484
159,485
159,486
159,487
159,488
159,489
159,490
159,491
159,492
159,493
159,494
159,495
159,496
159,497
159,498
159,499
159,500
:102_7,501
:102_7,502
:102_7,503
:102_7,504
:102_7,505
:102_7,506
-87,507
-87,508
-87,509
-87,510
-87,511
-87,512
-87,513
-87,514
-87,515
-87,516
-87,517
-87,518
-87,519
-87,520
-87,521
-87,522
-87,523
-87,524
-87,525
-87,526
-87,527
-87,528
-87,529
-87,530
-87,531
-87,532
-87,533
-87,534
-87,535
-87,536
-87,537
-87,538
-87,539
-87,540
-87,541
-87,542
-87,543
-87,544
-87,545
-87,546
-87,547
-87,548
-87,549
-87,550
-87,551
-87,552
-87,553
-87,554
-87,555
-87,556
-87,557
-87,558
-87,559
-87,560
-87,561
-87,562
-87,563
-87,564
-87,565
-87,566
-87,567
-87,568
-87,569
-87,570
-87,571
-87,572
-87,573
-87,574
-87,575
-87,576
-87,577
-87,578
-87,579
-87,580
-87,581
-87,582
-87,583
-87,584
-87,585
-87,586
-87,587
-87,588
-87,589
-87,590
-87,591
-87,592
-87,593
-87,594
-87,595
-87,596
-87,597
-87,598
-87,599
-87,600
-87,601
-87,602
-87,603
-87,604
-87,605
-87,606
-87,607
-87,608
-87,609
-87,610
-87,611
-87,612
-87,613
-87,614
-87,615
-87,616
-87,617
-87,618
-87,619
-87,620
-87,621
-87,622
-87,623
-87,624
-87,625
-87,626
-87,627
-87,628
-87,629
-87,630
-87,631
-87,632
-87,633
-87,634
-87,635
-87,636
-87,637
-87,638
-87,639
-87,640
-87,641
-87,642
-87,643
-87,644
-87,645
-87,646
-87,647
-87,648
-87,649
-87,650
-87,651
-87,652
-87,653
-87,654
-87,655
-87,656
-87,657
-87,658
-87,659
-87,660
-87,661
-87,662
-87,663
-87,664
-87,665
-87,666
-87,667
-87,668
-87,669
-87,670
-87,671
:27_9,672
:27_9,673
:27_9,674
:27_9,675
:27_9,676
-23,677
-23,678
-23,679
-23,680
-23,681
-23,682
-23,683
-23,684
-23,685
-23,686
-23,687
-23,688
-23,689
-23,690
-23,691
-23,692
-23,693
-23,694
-23,695
-23,696
-23,697
-23,698
-23,699
-23,700
-23,701
-23,702
-23,703
-23,704
-23,705
-23,706
-23,707
-23,708
-23,709
-23,710
-23,711
-23,712
-23,713
-23,714
-23,715
-23,716
-23,717
-23,718
-23,719
-23,720
-23,721
-23,722
-23,723
-23,724
-23,725
-23,726
-23,727
-23,728
-23,729
-23,730
-23,731
-23,732
-23,733
-23,734
-23,735
-23,736
-23,737
-23,738
-23,739
-23,740
-23,741
-23,742
-23,743
-23,744
-23,745
-23,746
-23,747
-23,748
-23,749
-23,750
-23,751
-23,752
-23,753
-23,754
-23,755
-23,756
-23,757
-23,758
-23,759
-23,760
-23,761
-23,762
-23,763
-23,764
-23,765
-23,766
-23,767
-23,768
-23,769
-23,770
-23,771
-23,772
-23,773
-23,774
-23,775
-23,776
-23,777
-23,778
-23,779
-23,780
-23,781
-23,782
-23,783
-23,784
-23,785
-23,786
-23,787
-23,788
-23,789
-23,790
-23,791
-23,792
-23,793
-23,794
-23,795
-23,796
-23,797
-23,798
-23,799
-23,800
-23,801
-23,802
-23,803
-23,804
-23,805
-23,806
-23,807
-23,808
-23,809
-23,810
-23,811
-23,812
-23,813
-23,814
-23,815
-23,816
-23,817
-23,818
-23,819
-23,820
-23,821
-23,822
-23,823
-23,824
-23,825
-23,826
-23,827
-23,828
-23,829
-23,830
-23,831
-23,832
-23,833
-23,834
-23,835
-23,836
-23,837
-23,838
-23,839
-23,840
-23,841
-23,842
-23,843
-23,844
-23,845
-23,846
-23,847
-23,848
-23,849
-23,850
-23,851
-23,852
-23,853
-23,854
-23,855
-23,856
-23,857
-23,858
:22_9,859
:22_9,860
:22_9,861
:22_9,862
:22_9,863
19,864
19,865
19,866
19,867
19,868
19,869
19,870
19,871
19,872
19,873
19,874
19,875
19,876
19,877
19,878
19,879
19,880
19,881
19,882
19,883
19,884
19,885
19,886
19,887
19,888
19,889
19,890
19,891
19,892
19,893
19,894
19,895
19,896
19,897
19,898
19,899
19,900
19,901
19,902
19,903
19,904
19,905
19,906
19,907
19,908
19,909
19,910
19,911
19,912
19,913
19,914
19,915
19,916
19,917
19,918
19,919
19,920
19,921
19,922
19,923
19,924
19,925
19,926
19,927
19,928
19,929
19,930
19,931
19,932
19,933
19,934
19,935
19,936
19,937
19,938
19,939
19,940
19,941
19,942
19,943
19,944
19,945
19,946
19,947
19,948
19,949
19,950
19,951
19,952
19,953
19,954
19,955
19,956
19,957
19,958
19,959
19,960
:23_6,961
:23_6,962
:23_6,963
:23_6,964
:23_6,965
-51,4
