273,1
273,1
273,1
273,2
273,3
273,4
273,5
273,6
273,7
273,8
273,9
273,10
273,11
273,12
273,13
273,14
273,15
273,16
273,17
273,18
273,19
273,20
273,21
273,22
273,23
273,24
273,25
273,26
273,27
273,28
273,29
273,30
273,31
273,32
273,33
273,34
273,35
273,36
273,37
273,38
273,39
273,40
273,41
273,42
273,43
273,44
273,45
273,46
273,47
273,48
273,49
273,50
273,51
273,52
273,53
273,54
273,55
273,56
273,57
:266_6,58
:266_6,59
:266_6,60
372,61
372,62
372,63
372,64
372,65
372,66
372,67
372,68
372,69
372,70
372,71
372,72
372,73
372,74
372,75
372,76
372,77
372,78
372,79
372,80
372,81
372,82
372,83
372,84
372,85
372,86
372,87
372,88
372,89
372,90
372,91
372,92
372,93
372,94
372,95
372,96
372,97
372,98
372,99
372,100
372,101
372,102
372,103
372,104
372,105
372,106
372,107
372,108
372,109
372,110
372,111
372,112
372,113
372,114
372,115
372,116
372,117
372,118
372,119
372,120
372,121
372,122
372,123
372,124
372,125
372,126
372,127
372,128
372,129
372,130
372,131
372,132
372,133
372,134
372,135
372,136
372,137
372,138
372,139
372,140
372,141
372,142
372,143
372,144
372,145
372,146
372,147
372,148
372,149
372,150
372,151
372,152
372,153
372,154
372,155
372,156
372,157
372,158
372,159
372,160
372,161
372,162
372,163
372,164
372,165
372,166
372,167
372,168
372,169
372,170
372,171
372,172
372,173
372,174
372,175
372,176
372,177
372,178
372,179
372,180
372,181
372,182
372,183
372,184
372,185
372,186
372,187
372,188
372,189
372,190
372,191
372,192
372,193
372,194
372,195
372,196
372,197
372,198
372,199
372,200
372,201
372,202
372,203
372,204
372,205
372,206
372,207
372,208
372,209
372,210
372,211
372,212
372,213
372,214
372,215
372,216
372,217
372,218
372,219
372,220
372,221
372,222
372,223
372,224
372,225
:155_5,226
:155_5,227
:155_5,228
:155_5,229
:155_5,230
:155_5,231
:155_5,232
:155_5,233
:155_5,234
:155_5,235
:155_5,236
:155_5,237
-139,238
-139,239
-139,240
-139,241
-139,242
-139,243
-139,244
-139,245
-139,246
-139,247
-139,248
-139,249
-139,250
-139,251
-139,252
-139,253
-139,254
-139,255
-139,256
-139,257
-139,258
-139,259
-139,260
-139,261
-139,262
-139,263
-139,264
-139,265
-139,266
-139,267
-139,268
-139,269
-139,270
-139,271
-139,272
-139,273
-139,274
-139,275
-139,276
-139,277
-139,278
-139,279
-139,280
-139,281
-139,282
-139,283
-139,284
-139,285
-139,286
-139,287
-139,288
-139,289
-139,290
-139,291
-139,292
-139,293
-139,294
-139,295
-139,296
-139,297
-139,298
-139,299
-139,300
-139,301
-139,302
-139,303
-139,304
-139,305
-139,306
-139,307
-139,308
-139,309
-139,310
-139,311
-139,312
-139,313
-139,314
-139,315
-139,316
-139,317
-139,318
-139,319
-139,320
-139,321
-139,322
-139,323
:153_5,324
:153_5,325
:153_5,326
:153_5,327
:153_5,328
140,329
140,330
140,331
140,332
140,333
140,334
140,335
140,336
140,337
140,338
140,339
140,340
140,341
140,342
140,343
140,344
140,345
140,346
140,347
140,348
140,349
140,350
140,351
140,352
140,353
140,354
140,355
140,356
140,357
140,358
140,359
140,360
140,361
140,362
140,363
140,364
140,365
140,366
140,367
140,368
140,369
140,370
140,371
140,372
140,373
140,374
140,375
140,376
140,377
140,378
140,379
140,380
140,381
140,382
140,383
140,384
140,385
140,386
140,387
140,388
140,389
140,390
140,391
140,392
140,393
140,394
140,395
140,396
140,397
140,398
140,399
140,400
140,401
140,402
140,403
140,404
140,405
140,406
140,407
140,408
140,409
140,410
140,411
140,412
140,413
140,414
140,415
140,416
140,417
140,418
140,419
140,420
140,421
140,422
140,423
140,424
140,425
:156_0,426
:156_0,427
:156_0,428
:156_0,429
:156_0,430
141,431
141,432
141,433
141,434
141,435
141,436
141,437
141,438
141,439
141,440
141,441
141,442
141,443
141,444
141,445
141,446
141,447
141,448
141,449
141,450
141,451
141,452
141,453
141,454
141,455
141,456
141,457
141,458
141,459
141,460
141,461
141,462
141,463
141,464
141,465
141,466
141,467
141,468
141,469
141,470
141,471
141,472
141,473
141,474
141,475
141,476
141,477
141,478
141,479
141,480
141,481
141,482
141,483
141,484
141,485
141,486
141,487
141,488
141,489
141,490
141,491
141,492
141,493
:120_5,494
:120_5,495
:120_5,496
:120_5,497
:120_5,498
:120_5,499
-103,500
-103,501
-103,502
-103,503
-103,504
-103,505
-103,506
-103,507
-103,508
-103,509
-103,510
-103,511
-103,512
-103,513
-103,514
-103,515
-103,516
-103,517
-103,518
-103,519
-103,520
-103,521
-103,522
-103,523
-103,524
-103,525
-103,526
-103,527
-103,528
-103,529
-103,530
-103,531
-103,532
-103,533
-103,534
-103,535
-103,536
-103,537
-103,538
-103,539
-103,540
-103,541
-103,542
-103,543
-103,544
-103,545
-103,546
-103,547
-103,548
-103,549
-103,550
-103,551
-103,552
-103,553
-103,554
-103,555
-103,556
-103,557
-103,558
-103,559
-103,560
-103,561
-103,562
-103,563
-103,564
-103,565
-103,566
-103,567
-103,568
-103,569
-103,570
-103,571
-103,572
-103,573
-103,574
-103,575
-103,576
-103,577
-103,578
-103,579
-103,580
-103,581
-103,582
-103,583
-103,584
-103,585
-103,586
-103,587
-103,588
-103,589
-103,590
-103,591
-103,592
-103,593
-103,594
-103,595
-103,596
-103,597
-103,598
-103,599
-103,600
-103,601
-103,602
-103,603
-103,604
-103,605
-103,606
-103,607
-103,608
-103,609
-103,610
-103,611
-103,612
-103,613
-103,614
-103,615
-103,616
-103,617
-103,618
-103,619
-103,620
-103,621
-103,622
-103,623
-103,624
-103,625
-103,626
-103,627
-103,628
-103,629
-103,630
-103,631
-103,632
-103,633
-103,634
-103,635
-103,636
-103,637
-103,638
-103,639
-103,640
-103,641
-103,642
-103,643
-103,644
-103,645
-103,646
-103,647
-103,648
273,1
273,2
273,3
273,1
