425,1
425,1
425,1
425,2
425,3
425,4
425,5
425,6
425,7
425,8
425,9
425,10
425,11
425,12
425,13
425,14
425,15
425,16
425,17
425,18
425,19
425,20
425,21
425,22
425,23
425,24
425,25
425,26
425,27
425,28
425,29
425,30
425,31
425,32
425,33
425,34
425,35
425,36
425,37
425,38
425,39
425,40
425,41
425,42
425,43
425,44
425,45
425,46
425,47
425,48
425,49
425,50
425,51
425,52
425,53
425,54
425,55
425,56
425,57
425,58
425,59
425,60
425,61
425,62
425,63
425,64
425,65
425,66
425,67
425,68
425,69
425,70
425,71
425,72
425,73
425,74
425,75
425,76
425,77
425,78
425,79
425,80
425,81
425,82
425,83
425,84
425,85
425,86
425,87
425,88
425,89
425,90
425,91
425,92
425,93
425,94
425,95
425,96
425,97
425,98
425,99
425,100
425,101
425,102
425,103
425,104
425,105
425,106
425,107
425,108
425,109
425,110
425,111
425,112
425,113
425,114
425,115
425,116
425,117
425,118
425,119
425,120
425,121
425,122
425,123
425,124
425,125
425,126
425,127
425,128
425,129
425,130
425,131
425,132
425,133
425,134
425,135
425,136
425,137
425,138
425,139
425,140
425,141
425,142
425,143
425,144
425,145
425,146
425,147
425,148
425,149
425,150
425,151
:373_1,152
:373_7,153
:373_7,154
:373_7,155
684,156
684,157
684,158
684,159
684,160
684,161
684,162
684,163
684,164
684,165
684,166
684,167
684,168
684,169
684,170
684,171
684,172
684,173
684,174
684,175
684,176
684,177
684,178
684,179
684,180
684,181
:6_9,182
:6_9,183
:6_9,184
6,185
6,186
6,187
6,188
6,189
6,190
6,191
6,192
6,193
6,194
6,195
6,196
6,197
6,198
6,199
6,200
6,201
6,202
6,203
6,204
6,205
6,206
6,207
6,208
6,209
6,210
6,211
6,212
6,213
6,214
6,215
6,216
6,217
6,218
6,219
6,220
6,221
6,222
6,223
6,224
6,225
6,226
6,227
6,228
6,229
6,230
6,231
6,232
6,233
6,234
6,235
6,236
6,237
6,238
6,239
6,240
6,241
6,242
6,243
6,244
6,245
6,246
6,247
6,248
6,249
6,250
6,251
6,252
6,253
6,254
6,255
6,256
6,257
6,258
6,259
6,260
6,261
6,262
6,263
6,264
6,265
6,266
6,267
6,268
6,269
6,270
6,271
6,272
6,273
6,274
6,275
6,276
6,277
6,278
6,279
6,280
6,281
6,282
6,283
6,284
6,285
6,286
6,287
6,288
6,289
6,290
6,291
6,292
6,293
6,294
6,295
6,296
6,297
6,298
6,299
6,300
6,301
6,302
6,303
6,304
6,305
6,306
6,307
6,308
6,309
6,310
6,311
6,312
6,313
6,314
6,315
6,316
6,317
6,318
6,319
6,320
6,321
6,322
6,323
6,324
6,325
6,326
6,327
6,328
6,329
6,330
6,331
6,332
6,333
6,334
6,335
6,336
6,337
6,338
6,339
6,340
6,341
6,342
6,343
6,344
6,345
6,346
6,347
6,348
6,349
6,350
6,351
6,352
6,353
6,354
6,355
6,356
6,357
6,358
6,359
6,360
6,361
6,362
6,363
6,364
6,365
6,366
6,367
6,368
6,369
6,370
6,371
6,372
6,373
6,374
6,375
6,376
6,377
6,378
6,379
6,380
6,381
6,382
6,383
6,384
6,385
6,386
6,387
6,388
6,389
6,390
6,391
6,392
6,393
6,394
6,395
6,396
6,397
6,398
6,399
6,400
6,401
6,402
6,403
6,404
6,405
6,406
6,407
6,408
6,409
6,410
6,411
6,412
6,413
6,414
6,415
6,416
6,417
6,418
6,419
6,420
6,421
6,422
6,423
6,424
6,425
6,426
6,427
6,428
6,429
6,430
6,431
6,432
6,433
6,434
6,435
6,436
6,437
6,438
6,439
6,440
6,441
6,442
6,443
6,444
6,445
6,446
6,447
6,448
6,449
6,450
6,451
6,452
6,453
6,454
6,455
6,456
6,457
6,458
6,459
6,460
6,461
6,462
6,463
6,464
6,465
6,466
:8_1,467
7,468
7,469
7,470
7,471
7,472
7,473
7,474
7,475
7,476
7,477
7,478
7,479
7,480
7,481
7,482
7,483
7,484
7,485
7,486
7,487
7,488
7,489
7,490
7,491
7,492
7,493
7,494
7,495
7,496
7,497
7,498
7,499
7,500
7,501
7,502
7,503
7,504
7,505
7,506
7,507
7,508
7,509
7,510
7,511
7,512
7,513
7,514
7,515
7,516
7,517
7,518
7,519
7,520
7,521
7,522
7,523
7,524
7,525
7,526
7,527
7,528
7,529
7,530
7,531
7,532
7,533
7,534
7,535
7,536
7,537
7,538
7,539
7,540
7,541
7,542
7,543
7,544
7,545
7,546
7,547
7,548
7,549
7,550
7,551
7,552
7,553
7,554
7,555
7,556
7,557
7,558
7,559
7,560
7,561
7,562
8,563
8,564
8,565
8,566
8,567
8,568
8,569
8,570
8,571
8,572
8,573
8,574
8,575
8,576
8,577
8,578
8,579
8,580
8,581
8,582
8,583
8,584
8,585
8,586
8,587
8,588
8,589
8,590
8,591
8,592
8,593
8,594
8,595
8,596
8,597
8,598
8,599
8,600
8,601
8,602
8,603
8,604
8,605
8,606
8,607
8,608
8,609
8,610
8,611
8,612
8,613
8,614
8,615
8,616
8,617
8,618
8,619
8,620
8,621
8,622
8,623
8,624
8,625
8,626
8,627
8,628
8,629
8,630
8,631
8,632
8,633
8,634
8,635
8,636
8,637
8,638
8,639
8,640
8,641
8,642
8,643
8,644
8,645
:10_1,646
9,647
9,648
9,649
9,650
9,651
9,652
9,653
9,654
9,655
9,656
9,657
9,658
9,659
9,660
9,661
9,662
9,663
9,664
9,665
9,666
9,667
9,668
9,669
9,670
9,671
9,672
9,673
9,674
9,675
9,676
9,677
9,678
9,679
9,680
9,681
9,682
9,683
9,684
9,685
9,686
9,687
9,688
9,689
9,690
9,691
9,692
9,693
9,694
9,695
9,696
9,697
9,698
9,699
9,700
9,701
9,702
9,703
9,704
9,705
9,706
9,707
9,708
9,709
9,710
9,711
9,712
9,713
9,714
9,715
9,716
9,717
9,718
9,719
9,720
9,721
9,722
9,723
9,724
9,725
:11_1,726
10,727
10,728
10,729
10,730
10,731
10,732
10,733
10,734
10,735
10,736
10,737
10,738
10,739
10,740
10,741
10,742
10,743
10,744
10,745
10,746
10,747
10,748
10,749
10,750
10,751
10,752
10,753
10,754
10,755
10,756
10,757
10,758
10,759
10,760
10,761
10,762
10,763
10,764
10,765
10,766
10,767
10,768
10,769
10,770
10,771
10,772
10,773
10,774
10,775
10,776
10,777
10,778
10,779
10,780
10,781
10,782
10,783
10,784
10,785
10,786
10,787
10,788
10,789
10,790
10,791
10,792
10,793
10,794
10,795
10,796
10,797
10,798
10,799
10,800
10,801
10,802
10,803
10,804
10,805
10,806
11,807
11,808
11,809
11,810
11,811
11,812
11,813
11,814
11,815
11,816
11,817
11,818
11,819
11,820
11,821
11,822
11,823
11,824
11,825
11,826
11,827
11,828
11,829
11,830
11,831
11,832
11,833
11,834
11,835
11,836
11,837
11,838
11,839
11,840
11,841
11,842
11,843
11,844
11,845
11,846
11,847
11,848
11,849
11,850
11,851
11,852
11,853
11,854
11,855
11,856
11,857
11,858
11,859
11,860
11,861
11,862
11,863
11,864
11,865
11,866
11,867
11,868
11,869
11,870
11,871
11,872
11,873
11,874
11,875
11,876
11,877
11,878
11,879
11,880
11,881
11,882
11,883
11,884
11,885
11,886
11,887
11,888
11,889
11,890
11,891
11,892
11,893
11,894
11,895
11,896
11,897
11,898
11,899
11,900
11,901
11,902
11,903
11,904
11,905
11,906
11,907
11,908
11,909
11,910
11,911
11,912
11,913
11,914
11,915
11,916
11,917
11,918
11,919
11,920
11,921
11,922
11,923
11,924
11,925
11,926
11,927
11,928
11,929
11,930
11,931
11,932
11,933
11,934
11,935
11,936
11,937
11,938
11,939
11,940
11,941
11,942
11,943
11,944
11,945
11,946
11,947
11,948
11,949
11,950
11,951
11,952
11,953
11,954
11,955
11,956
11,957
11,958
11,959
11,960
11,961
11,962
11,963
11,964
11,965
425,1
425,2
425,3
425,1
