138,1
138,1
138,1
138,2
138,3
138,4
138,5
138,6
138,7
138,8
138,9
138,10
138,11
138,12
138,13
138,14
138,15
138,16
138,17
138,18
138,19
138,20
138,21
138,22
138,23
138,24
138,25
138,26
138,27
138,28
138,29
138,30
138,31
138,32
138,33
138,34
138,35
138,36
138,37
138,38
138,39
138,40
138,41
138,42
138,43
138,44
138,45
138,46
138,47
138,48
138,49
138,50
138,51
138,52
138,53
138,54
138,55
138,56
138,57
138,58
138,59
138,60
138,61
138,62
138,63
138,64
138,65
138,66
138,67
138,68
138,69
138,70
138,71
138,72
138,73
138,74
138,75
138,76
138,77
138,78
138,79
138,80
138,81
138,82
138,83
138,84
138,85
138,86
138,87
138,88
138,89
138,90
138,91
138,92
138,93
138,94
138,95
138,96
138,97
138,98
138,99
138,100
138,101
138,102
138,103
138,104
138,105
138,106
138,107
138,108
138,109
138,110
138,111
138,112
138,113
138,114
138,115
138,116
138,117
138,118
:154_6,119
:154_6,120
:154_6,121
:154_6,122
563,123
563,124
563,125
563,126
563,127
563,128
563,129
563,130
563,131
563,132
563,133
563,134
563,135
563,136
563,137
563,138
563,139
563,140
563,141
563,142
563,143
563,144
563,145
563,146
563,147
563,148
563,149
563,150
563,151
563,152
563,153
563,154
563,155
563,156
563,157
563,158
563,159
563,160
563,161
563,162
563,163
563,164
563,165
563,166
563,167
563,168
563,169
563,170
563,171
563,172
563,173
563,174
563,175
563,176
563,177
563,178
563,179
563,180
563,181
563,182
563,183
563,184
563,185
563,186
563,187
563,188
563,189
563,190
563,191
563,192
563,193
563,194
563,195
563,196
563,197
563,198
563,199
563,200
563,201
563,202
563,203
563,204
563,205
563,206
563,207
563,208
563,209
563,210
563,211
563,212
563,213
563,214
563,215
563,216
563,217
563,218
563,219
563,220
563,221
563,222
563,223
563,224
563,225
563,226
563,227
563,228
563,229
563,230
563,231
563,232
563,233
563,234
563,235
563,236
563,237
563,238
563,239
563,240
563,241
563,242
563,243
563,244
563,245
563,246
563,247
563,248
563,249
563,250
563,251
563,252
563,253
563,254
563,255
563,256
563,257
563,258
563,259
563,260
563,261
563,262
563,263
563,264
563,265
563,266
563,267
563,268
563,269
563,270
563,271
563,272
563,273
563,274
563,275
563,276
563,277
563,278
563,279
563,280
563,281
563,282
563,283
563,284
563,285
563,286
563,287
563,288
563,289
563,290
563,291
563,292
563,293
563,294
563,295
563,296
563,297
563,298
563,299
563,300
563,301
563,302
563,303
563,304
563,305
563,306
563,307
563,308
563,309
563,310
563,311
563,312
563,313
563,314
563,315
563,316
563,317
563,318
563,319
563,320
563,321
563,322
563,323
563,324
563,325
563,326
563,327
563,328
563,329
563,330
563,331
563,332
563,333
563,334
563,335
563,336
563,337
563,338
563,339
563,340
563,341
563,342
563,343
563,344
563,345
563,346
563,347
563,348
563,349
563,350
563,351
563,352
563,353
563,354
563,355
563,356
563,357
563,358
563,359
563,360
563,361
563,362
563,363
563,364
563,365
563,366
563,367
563,368
563,369
563,370
563,371
563,372
563,373
563,374
563,375
563,376
563,377
563,378
563,379
563,380
563,381
563,382
563,383
563,384
563,385
563,386
563,387
563,388
563,389
563,390
563,391
563,392
563,393
563,394
563,395
563,396
563,397
563,398
563,399
563,400
563,401
563,402
563,403
563,404
563,405
563,406
563,407
563,408
563,409
563,410
563,411
563,412
563,413
563,414
563,415
563,416
563,417
563,418
563,419
563,420
563,421
563,422
563,423
563,424
563,425
563,426
563,427
563,428
563,429
563,430
563,431
563,432
563,433
563,434
563,435
563,436
563,437
563,438
563,439
563,440
563,441
563,442
563,443
563,444
563,445
563,446
563,447
563,448
563,449
563,450
563,451
563,452
563,453
563,454
563,455
563,456
563,457
563,458
563,459
563,460
563,461
563,462
563,463
563,464
563,465
563,466
563,467
563,468
563,469
563,470
563,471
563,472
563,473
563,474
563,475
563,476
563,477
563,478
563,479
563,480
563,481
563,482
563,483
563,484
563,485
563,486
563,487
563,488
563,489
563,490
563,491
563,492
563,493
563,494
563,495
563,496
563,497
563,498
563,499
563,500
563,501
563,502
563,503
563,504
563,505
563,506
563,507
563,508
563,509
563,510
563,511
563,512
563,513
563,514
563,515
563,516
563,517
563,518
563,519
563,520
563,521
563,522
563,523
563,524
563,525
563,526
563,527
563,528
563,529
563,530
563,531
563,532
563,533
563,534
563,535
563,536
563,537
563,538
563,539
563,540
563,541
563,542
563,543
563,544
563,545
563,546
563,547
563,548
563,549
563,550
563,551
563,552
563,553
563,554
563,555
563,556
563,557
563,558
563,559
563,560
563,561
563,562
563,563
563,564
563,565
563,566
563,567
563,568
563,569
563,570
563,571
563,572
563,573
563,574
563,575
563,576
563,577
563,578
563,579
563,580
563,581
563,582
563,583
563,584
563,585
563,586
563,587
563,588
563,589
563,590
563,591
563,592
563,593
563,594
563,595
563,596
563,597
563,598
563,599
563,600
563,601
563,602
563,603
563,604
563,605
563,606
563,607
563,608
563,609
563,610
563,611
563,612
563,613
563,614
563,615
563,616
563,617
563,618
563,619
563,620
563,621
563,622
563,623
563,624
563,625
563,626
563,627
563,628
563,629
563,630
563,631
563,632
563,633
563,634
563,635
563,636
563,637
563,638
563,639
563,640
563,641
563,642
563,643
563,644
563,645
563,646
563,647
563,648
563,649
563,650
563,651
563,652
563,653
563,654
563,655
563,656
563,657
563,658
563,659
563,660
563,661
563,662
563,663
563,664
563,665
563,666
563,667
563,668
563,669
563,670
563,671
563,672
563,673
563,674
563,675
563,676
563,677
563,678
563,679
563,680
563,681
563,682
563,683
563,684
563,685
563,686
563,687
563,688
563,689
563,690
563,691
563,692
563,693
563,694
563,695
563,696
563,697
563,698
563,699
563,700
563,701
563,702
563,703
563,704
563,705
563,706
563,707
563,708
563,709
563,710
563,711
563,712
563,713
563,714
563,715
563,716
563,717
563,718
563,719
563,720
563,721
563,722
563,723
563,724
563,725
563,726
563,727
563,728
563,729
563,730
563,731
563,732
563,733
563,734
563,735
563,736
563,737
563,738
563,739
563,740
563,741
563,742
563,743
563,744
563,745
563,746
563,747
563,748
563,749
563,750
563,751
563,752
563,753
563,754
563,755
563,756
563,757
563,758
563,759
563,760
563,761
563,762
563,763
563,764
563,765
563,766
563,767
563,768
563,769
563,770
563,771
563,772
563,773
563,774
563,775
563,776
563,777
563,778
563,779
563,780
563,781
563,782
563,783
563,784
563,785
563,786
563,787
563,788
563,789
563,790
563,791
563,792
563,793
563,794
563,795
563,796
563,797
563,798
563,799
563,800
563,801
563,802
563,803
563,804
563,805
563,806
563,807
563,808
563,809
563,810
563,811
563,812
563,813
563,814
563,815
563,816
563,817
563,818
563,819
563,820
563,821
563,822
563,823
563,824
563,825
563,826
563,827
563,828
563,829
563,830
563,831
563,832
563,833
563,834
563,835
563,836
563,837
563,838
563,839
563,840
563,841
563,842
563,843
563,844
563,845
563,846
563,847
563,848
563,849
563,850
563,851
563,852
563,853
563,854
563,855
563,856
563,857
563,858
563,859
563,860
563,861
563,862
563,863
563,864
563,865
563,866
563,867
563,868
563,869
563,870
563,871
563,872
563,873
563,874
563,875
563,876
563,877
563,878
563,879
563,880
563,881
563,882
563,883
563,884
563,885
563,886
563,887
563,888
563,889
563,890
563,891
563,892
563,893
563,894
563,895
563,896
563,897
563,898
563,899
563,900
563,901
563,902
563,903
563,904
563,905
563,906
563,907
563,908
563,909
563,910
563,911
563,912
563,913
563,914
563,915
563,916
563,917
563,918
563,919
563,920
563,921
563,922
563,923
563,924
563,925
563,926
563,927
563,928
563,929
563,930
563,931
563,932
563,933
563,934
563,935
563,936
563,937
563,938
563,939
563,940
563,941
563,942
563,943
563,944
563,945
563,946
563,947
563,948
563,949
563,950
563,951
563,952
563,953
563,954
563,955
563,956
563,957
563,958
563,959
563,960
563,961
563,962
563,963
563,964
563,965
138,1
138,2
138,3
138,1
