17,60
17,61
17,62
17,63
17,64
17,65
17,66
17,67
17,68
17,69
17,70
17,71
17,72
17,73
17,74
17,75
17,76
17,77
17,78
17,79
17,80
17,81
17,82
17,83
17,84
17,85
17,86
17,87
17,88
17,89
17,90
17,91
17,92
17,93
17,94
17,95
17,96
17,97
17,98
17,99
17,100
17,101
17,102
17,103
17,104
17,105
17,106
17,107
17,108
17,109
17,110
17,111
17,112
17,113
17,114
17,115
17,116
17,117
17,118
17,119
17,120
17,121
17,122
17,123
17,124
17,125
17,126
17,127
17,128
17,129
17,130
17,131
17,132
17,133
17,134
17,135
17,136
17,137
17,138
17,139
17,140
17,141
17,142
17,143
17,144
17,145
17,146
17,147
17,148
17,149
17,150
17,151
17,152
17,153
17,154
17,155
17,156
17,157
17,158
17,159
17,160
17,161
17,162
17,163
17,164
17,165
17,166
17,167
17,168
17,169
17,170
17,171
17,172
17,173
17,174
17,175
17,176
17,177
17,178
17,179
17,180
17,181
17,182
17,183
17,184
17,185
:20_4,186
:20_4,187
:20_4,188
:20_4,189
:20_4,190
:20_4,191
18,192
18,193
18,194
18,195
18,196
18,197
18,198
18,199
18,200
18,201
18,202
18,203
18,204
18,205
18,206
18,207
18,208
18,209
18,210
18,211
18,212
18,213
18,214
18,215
18,216
18,217
18,218
18,219
18,220
18,221
18,222
18,223
18,224
18,225
18,226
18,227
18,228
18,229
18,230
18,231
18,232
18,233
18,234
18,235
18,236
18,237
18,238
18,239
18,240
18,241
18,242
18,243
18,244
18,245
18,246
18,247
18,248
18,249
18,250
18,251
18,252
18,253
18,254
18,255
18,256
18,257
18,258
18,259
18,260
18,261
18,262
18,263
18,264
18,265
18,266
18,267
18,268
18,269
18,270
18,271
18,272
18,273
18,274
18,275
18,276
18,277
18,278
18,279
18,280
18,281
18,282
18,283
18,284
18,285
18,286
18,287
18,288
18,289
18,290
18,291
18,292
18,293
18,294
18,295
18,296
18,297
18,298
18,299
18,300
18,301
18,302
18,303
18,304
18,305
18,306
18,307
18,308
18,309
18,310
18,311
18,312
18,313
18,314
18,315
18,316
18,317
18,318
18,319
18,320
:21_4,321
:21_4,322
:21_4,323
:21_4,324
:21_4,325
:21_4,326
257,327
257,328
257,329
257,330
257,331
257,332
257,333
257,334
257,335
257,336
257,337
257,338
257,339
257,340
257,341
257,342
257,343
257,344
257,345
257,346
257,347
257,348
257,349
257,350
257,351
257,352
257,353
257,354
257,355
257,356
257,357
257,358
257,359
257,360
257,361
257,362
257,363
257,364
257,365
257,366
257,367
257,368
257,369
257,370
257,371
257,372
257,373
257,374
257,375
257,376
257,377
257,378
257,379
257,380
257,381
257,382
257,383
257,384
257,385
257,386
257,387
257,388
257,389
257,390
257,391
257,392
257,393
257,394
257,395
257,396
257,397
257,398
257,399
257,400
257,401
257,402
257,403
257,404
257,405
257,406
257,407
257,408
257,409
257,410
257,411
257,412
257,413
257,414
257,415
257,416
257,417
257,418
257,419
257,420
257,421
257,422
257,423
257,424
257,425
257,426
257,427
257,428
257,429
257,430
257,431
257,432
257,433
257,434
257,435
257,436
257,437
257,438
257,439
257,440
257,441
257,442
257,443
257,444
257,445
257,446
257,447
257,448
257,449
257,450
257,451
257,452
257,453
257,454
257,455
257,456
257,457
257,458
257,459
257,460
257,461
257,462
257,463
257,464
257,465
257,466
257,467
257,468
257,469
257,470
257,471
257,472
257,473
257,474
257,475
257,476
257,477
257,478
257,479
257,480
257,481
257,482
257,483
257,484
257,485
257,486
257,487
257,488
257,489
257,490
257,491
257,492
257,493
257,494
257,495
257,496
257,497
257,498
257,499
257,500
257,501
257,502
257,503
257,504
257,505
257,506
257,507
257,508
257,509
257,510
257,511
:231_4,512
:231_4,513
:231_4,514
:231_4,515
:231_4,516
:231_4,517
-225,518
-225,519
-225,520
-225,521
-225,522
-225,523
-225,524
-225,525
-225,526
-225,527
-225,528
-225,529
-225,530
-225,531
-225,532
-225,533
-225,534
-225,535
-225,536
-225,537
-225,538
-225,539
-225,540
-225,541
-225,542
-225,543
-225,544
-225,545
-225,546
-225,547
-225,548
-225,549
-225,550
-225,551
-225,552
-225,553
-225,554
-225,555
-225,556
-225,557
-225,558
-225,559
-225,560
-225,561
-225,562
-225,563
-225,564
-225,565
-225,566
-225,567
-225,568
-225,569
-225,570
-225,571
-225,572
-225,573
-225,574
-225,575
-225,576
-225,577
-225,578
-225,579
-225,580
-225,581
-225,582
-225,583
-225,584
-225,585
-225,586
-225,587
-225,588
-225,589
-225,590
-225,591
-225,592
-225,593
-225,594
-225,595
-225,596
-225,597
-225,598
-225,599
-225,600
-225,601
-225,602
-225,603
-225,604
-225,605
-225,606
-225,607
-225,608
-225,609
-225,610
-225,611
-225,612
-225,613
-225,614
-225,615
-225,616
-225,617
-225,618
-225,619
-225,620
-225,621
-225,622
-225,623
-225,624
-225,625
-225,626
-225,627
-225,628
-225,629
-225,630
-225,631
-225,632
-225,633
-225,634
-225,635
-225,636
-225,637
-225,638
-225,639
-225,640
-225,641
-225,642
-225,643
-225,644
-225,645
-225,646
-225,647
-225,648
-225,649
-225,650
-225,651
-225,652
-225,653
-225,654
-225,655
-225,656
-225,657
-225,658
-225,659
-225,660
-225,661
-225,662
-225,663
-225,664
-225,665
-225,666
-225,667
-225,668
-225,669
-225,670
-225,671
-225,672
-225,673
-225,674
-225,675
-225,676
:227_1,677
:227_1,678
:227_1,679
:227_1,680
:227_1,681
222,682
222,683
222,684
222,685
222,686
222,687
222,688
222,689
222,690
222,691
222,692
222,693
222,694
222,695
222,696
222,697
222,698
222,699
222,700
222,701
222,702
222,703
222,704
222,705
222,706
222,707
222,708
222,709
222,710
222,711
222,712
222,713
222,714
222,715
222,716
222,717
222,718
222,719
222,720
222,721
222,722
222,723
222,724
222,725
222,726
222,727
222,728
222,729
222,730
222,731
222,732
222,733
222,734
222,735
222,736
222,737
222,738
222,739
222,740
222,741
222,742
222,743
222,744
222,745
222,746
222,747
222,748
222,749
222,750
222,751
222,752
222,753
222,754
222,755
222,756
222,757
222,758
222,759
222,760
222,761
222,762
222,763
222,764
222,765
222,766
222,767
222,768
222,769
222,770
222,771
222,772
222,773
222,774
222,775
222,776
222,777
222,778
222,779
222,780
222,781
222,782
222,783
222,784
222,785
222,786
222,787
222,788
222,789
222,790
222,791
222,792
222,793
222,794
222,795
222,796
222,797
222,798
222,799
222,800
222,801
222,802
222,803
222,804
222,805
222,806
222,807
222,808
222,809
222,810
222,811
222,812
222,813
222,814
222,815
222,816
222,817
222,818
222,819
222,820
222,821
222,822
222,823
222,824
222,825
222,826
222,827
222,828
222,829
222,830
222,831
222,832
222,833
222,834
222,835
222,836
222,837
222,838
222,839
222,840
222,841
222,842
222,843
222,844
222,845
222,846
222,847
222,848
222,849
222,850
222,851
222,852
222,853
222,854
222,855
222,856
222,857
222,858
222,859
222,860
222,861
222,862
222,863
222,864
222,865
222,866
222,867
222,868
222,869
222,870
222,871
222,872
222,873
222,874
:228_4,875
:228_4,876
:228_4,877
:228_4,878
:228_4,879
:228_4,880
223,881
223,882
223,883
223,884
223,885
223,886
223,887
223,888
223,889
223,890
223,891
223,892
223,893
223,894
223,895
223,896
223,897
223,898
223,899
223,900
223,901
223,902
223,903
223,904
223,905
223,906
223,907
223,908
223,909
223,910
223,911
223,912
223,913
223,914
223,915
223,916
223,917
223,918
223,919
223,920
223,921
223,922
223,923
223,924
223,925
223,926
223,927
223,928
223,929
223,930
223,931
223,932
223,933
223,934
223,935
223,936
223,937
223,938
223,939
223,940
223,941
223,942
223,943
223,944
223,945
223,946
223,947
223,948
223,949
223,950
223,951
223,952
223,953
223,954
223,955
223,956
223,957
223,958
223,959
223,960
223,961
223,962
223,963
223,964
223,965
