-274,5
-274,6
-274,7
-274,8
-274,9
-274,10
-274,11
-274,12
-274,13
-274,14
-274,15
-274,16
-274,17
-274,18
-274,19
-274,20
-274,21
-274,22
-274,23
-274,24
-274,25
-274,26
-274,27
-274,28
-274,29
-274,30
-274,31
-274,32
-274,33
-274,34
-274,35
-274,36
-274,37
-274,38
-274,39
-274,40
-274,41
-274,42
-274,43
-274,44
-274,45
-274,46
-274,47
-274,48
-274,49
-274,50
-274,51
-274,52
-274,53
-274,54
-274,55
-274,56
-274,57
-274,58
-274,59
-274,60
-274,61
-274,62
-274,63
-274,64
-274,65
-274,66
-274,67
-274,68
-274,69
-274,70
-274,71
-274,72
-274,73
-274,74
-274,75
-274,76
-274,77
-274,78
-274,79
-274,80
-274,81
-274,82
-274,83
-274,84
-274,85
-274,86
-274,87
-274,88
-274,89
-274,90
-274,91
-274,92
-274,93
-274,94
-274,95
-274,96
-274,97
:265_1,98
:265_1,99
:265_1,100
:265_1,101
:265_1,102
:265_1,103
:265_1,104
272,105
272,106
272,107
272,108
272,109
272,110
272,111
272,112
272,113
272,114
272,115
272,116
272,117
272,118
272,119
272,120
272,121
272,122
272,123
272,124
272,125
272,126
272,127
272,128
272,129
272,130
272,131
272,132
272,133
272,134
272,135
272,136
272,137
272,138
272,139
272,140
272,141
272,142
272,143
272,144
272,145
272,146
272,147
272,148
272,149
272,150
272,151
272,152
272,153
272,154
272,155
272,156
272,157
272,158
272,159
272,160
272,161
272,162
272,163
272,164
272,165
272,166
272,167
272,168
272,169
272,170
272,171
272,172
272,173
272,174
272,175
272,176
272,177
272,178
272,179
272,180
272,181
272,182
272,183
272,184
272,185
272,186
272,187
272,188
272,189
272,190
272,191
272,192
272,193
272,194
272,195
272,196
272,197
272,198
272,199
272,200
272,201
272,202
272,203
272,204
272,205
272,206
272,207
272,208
272,209
272,210
272,211
272,212
272,213
272,214
272,215
272,216
272,217
272,218
272,219
272,220
272,221
272,222
272,223
272,224
272,225
272,226
272,227
272,228
272,229
272,230
272,231
272,232
272,233
272,234
272,235
272,236
272,237
272,238
272,239
272,240
272,241
272,242
272,243
272,244
272,245
272,246
272,247
272,248
272,249
272,250
272,251
272,252
272,253
272,254
272,255
272,256
272,257
272,258
272,259
272,260
272,261
272,262
272,263
272,264
272,265
272,266
272,267
272,268
272,269
272,270
272,271
272,272
272,273
272,274
272,275
272,276
272,277
272,278
272,279
272,280
272,281
272,282
272,283
272,284
272,285
272,286
272,287
272,288
272,289
272,290
272,291
272,292
272,293
272,294
272,295
272,296
272,297
272,298
272,299
272,300
272,301
272,302
272,303
272,304
272,305
272,306
272,307
272,308
:155_0,309
:155_0,310
:155_0,311
:155_0,312
:155_0,313
:155_0,314
:155_0,315
:155_0,316
:155_0,317
:155_0,318
:155_0,319
:155_0,320
-139,321
-139,322
-139,323
-139,324
-139,325
-139,326
-139,327
-139,328
-139,329
-139,330
-139,331
-139,332
-139,333
-139,334
-139,335
-139,336
-139,337
-139,338
-139,339
-139,340
-139,341
-139,342
-139,343
-139,344
-139,345
-139,346
-139,347
-139,348
-139,349
-139,350
-139,351
-139,352
-139,353
-139,354
-139,355
-139,356
-139,357
-139,358
-139,359
-139,360
-139,361
-139,362
-139,363
-139,364
-139,365
-139,366
-139,367
-139,368
-139,369
-139,370
-139,371
-139,372
-139,373
-139,374
-139,375
-139,376
-139,377
-139,378
-139,379
-139,380
-139,381
-139,382
-139,383
-139,384
-139,385
-139,386
-139,387
-139,388
-139,389
-139,390
-139,391
-139,392
-139,393
-139,394
-139,395
-139,396
-139,397
-139,398
-139,399
-139,400
-139,401
-139,402
-139,403
-139,404
-139,405
-139,406
-139,407
-139,408
-139,409
-139,410
:153_4,411
:153_4,412
:153_4,413
:153_4,414
138,415
138,416
138,417
138,418
138,419
138,420
138,421
138,422
138,423
138,424
138,425
138,426
138,427
138,428
138,429
138,430
138,431
138,432
138,433
138,434
138,435
138,436
138,437
138,438
138,439
138,440
138,441
138,442
138,443
138,444
138,445
138,446
138,447
138,448
138,449
138,450
138,451
138,452
138,453
138,454
138,455
138,456
138,457
138,458
138,459
138,460
138,461
138,462
138,463
138,464
138,465
138,466
138,467
138,468
138,469
138,470
138,471
138,472
138,473
138,474
138,475
138,476
138,477
138,478
138,479
138,480
138,481
138,482
138,483
138,484
138,485
138,486
138,487
138,488
138,489
138,490
138,491
138,492
138,493
138,494
138,495
138,496
138,497
138,498
138,499
138,500
138,501
138,502
138,503
138,504
138,505
138,506
138,507
138,508
138,509
138,510
138,511
138,512
138,513
138,514
138,515
138,516
138,517
138,518
138,519
138,520
138,521
138,522
138,523
138,524
138,525
138,526
138,527
138,528
138,529
138,530
138,531
138,532
138,533
138,534
138,535
:154_7,536
:154_7,537
:154_7,538
:154_7,539
:154_7,540
:154_7,541
-450,542
-450,543
-450,544
-450,545
-450,546
-450,547
-450,548
-450,549
-450,550
-450,551
-450,552
-450,553
-450,554
-450,555
-450,556
-450,557
-450,558
-450,559
-450,560
-450,561
-450,562
-450,563
-450,564
-450,565
-450,566
-450,567
-450,568
-450,569
-450,570
-450,571
-450,572
-450,573
-450,574
-450,575
-450,576
-450,577
-450,578
-450,579
-450,580
-450,581
-450,582
-450,583
-450,584
-450,585
-450,586
-450,587
:40_4,588
:40_4,589
:40_4,590
:40_4,591
:40_4,592
:40_4,593
-33,594
-33,595
-33,596
-33,597
-33,598
-33,599
-33,600
-33,601
-33,602
-33,603
-33,604
-33,605
-33,606
-33,607
-33,608
-33,609
-33,610
-33,611
-33,612
-33,613
-33,614
-33,615
-33,616
-33,617
-33,618
-33,619
-33,620
-33,621
-33,622
-33,623
-33,624
-33,625
-33,626
-33,627
-33,628
-33,629
-33,630
-33,631
-33,632
-33,633
-33,634
-33,635
-33,636
-33,637
-33,638
-33,639
-33,640
-33,641
-33,642
-33,643
-33,644
-33,645
-33,646
-33,647
-33,648
-33,649
-33,650
-33,651
-33,652
-33,653
-33,654
-33,655
-33,656
-33,657
-33,658
-33,659
-33,660
-33,661
-33,662
-33,663
-33,664
-33,665
-33,666
-33,667
-33,668
-33,669
-33,670
-33,671
-33,672
-33,673
-33,674
-33,675
-33,676
-33,677
-33,678
-33,679
-33,680
-33,681
-33,682
-33,683
-33,684
-33,685
-33,686
-33,687
-33,688
-33,689
-33,690
-33,691
-33,692
-33,693
-33,694
-33,695
-33,696
-33,697
-33,698
-33,699
-33,700
-33,701
-33,702
-33,703
-33,704
-33,705
-33,706
-33,707
-33,708
-33,709
-33,710
-33,711
-33,712
-33,713
-33,714
-33,715
-33,716
-33,717
-33,718
-33,719
-33,720
-33,721
-33,722
-33,723
-33,724
-33,725
-33,726
-33,727
-33,728
-33,729
-33,730
-33,731
-33,732
-33,733
-33,734
-33,735
-33,736
-33,737
-33,738
-33,739
-33,740
-33,741
-33,742
-33,743
-33,744
-33,745
-33,746
-33,747
-33,748
-33,749
-33,750
-33,751
-33,752
-33,753
-33,754
-33,755
-33,756
-33,757
-33,758
-33,759
-33,760
-33,761
-33,762
-33,763
-33,764
-33,765
-33,766
-33,767
-33,768
-33,769
-33,770
-33,771
-33,772
-33,773
-33,774
-33,775
-33,776
-33,777
-33,778
-33,779
-33,780
-33,781
-33,782
-33,783
-33,784
-33,785
-33,786
-33,787
-33,788
-33,789
-33,790
-33,791
-33,792
-33,793
-33,794
-33,795
:38_9,796
:38_9,797
:38_9,798
:38_9,799
:38_9,800
:38_9,801
:38_9,802
34,803
34,804
34,805
34,806
34,807
34,808
34,809
34,810
34,811
34,812
34,813
34,814
34,815
34,816
34,817
34,818
34,819
34,820
34,821
34,822
34,823
34,824
34,825
34,826
34,827
34,828
34,829
34,830
34,831
34,832
34,833
34,834
34,835
34,836
34,837
34,838
34,839
34,840
34,841
34,842
34,843
34,844
34,845
34,846
34,847
34,848
34,849
34,850
34,851
34,852
34,853
34,854
34,855
34,856
34,857
34,858
34,859
34,860
34,861
34,862
34,863
34,864
34,865
34,866
34,867
34,868
34,869
34,870
34,871
34,872
34,873
34,874
34,875
34,876
34,877
34,878
34,879
34,880
34,881
34,882
34,883
34,884
34,885
34,886
34,887
34,888
34,889
34,890
34,891
34,892
34,893
34,894
34,895
34,896
34,897
34,898
34,899
34,900
34,901
34,902
34,903
34,904
34,905
34,906
34,907
34,908
34,909
34,910
34,911
34,912
34,913
34,914
34,915
34,916
34,917
34,918
34,919
34,920
34,921
34,922
34,923
34,924
34,925
34,926
34,927
34,928
34,929
34,930
34,931
34,932
34,933
34,934
34,935
34,936
34,937
34,938
34,939
34,940
:41_3,941
:41_3,942
:41_3,943
:41_3,944
:41_3,945
:41_3,946
552,947
552,948
552,949
552,950
552,951
552,952
552,953
552,954
552,955
552,956
552,957
552,958
552,959
552,960
552,961
552,962
552,963
552,964
552,965
