562,1
562,1
562,1
562,2
562,3
562,4
562,5
562,6
562,7
562,8
562,9
562,10
562,11
562,12
562,13
562,14
562,15
562,16
562,17
562,18
562,19
562,20
562,21
562,22
562,23
562,24
562,25
562,26
562,27
562,28
562,29
562,30
562,31
562,32
562,33
562,34
562,35
562,36
562,37
562,38
562,39
562,40
562,41
562,42
562,43
562,44
562,45
562,46
562,47
562,48
562,49
562,50
562,51
562,52
562,53
562,54
562,55
562,56
562,57
562,58
562,59
562,60
562,61
562,62
562,63
562,64
562,65
562,66
562,67
562,68
562,69
562,70
562,71
562,72
562,73
562,74
562,75
562,76
562,77
562,78
562,79
562,80
562,81
562,82
562,83
562,84
562,85
562,86
562,87
562,88
562,89
562,90
562,91
562,92
562,93
562,94
562,95
562,96
562,97
562,98
562,99
562,100
562,101
562,102
562,103
562,104
562,105
562,106
562,107
562,108
562,109
562,110
562,111
562,112
562,113
562,114
:287_9,115
:287_9,116
:287_9,117
:287_9,118
:287_9,119
599,120
599,121
599,122
599,123
599,124
599,125
599,126
599,127
599,128
599,129
599,130
599,131
599,132
599,133
599,134
599,135
599,136
599,137
599,138
599,139
599,140
599,141
599,142
599,143
599,144
599,145
599,146
599,147
599,148
599,149
599,150
599,151
599,152
599,153
599,154
599,155
599,156
599,157
599,158
599,159
599,160
599,161
599,162
599,163
599,164
599,165
599,166
599,167
599,168
599,169
599,170
599,171
599,172
599,173
599,174
599,175
599,176
599,177
599,178
599,179
599,180
599,181
599,182
599,183
599,184
599,185
599,186
599,187
599,188
599,189
599,190
599,191
599,192
599,193
599,194
:404_3,195
:404_3,196
:404_3,197
647,198
647,199
647,200
647,201
647,202
647,203
647,204
647,205
647,206
647,207
647,208
647,209
647,210
647,211
647,212
647,213
647,214
647,215
647,216
647,217
647,218
647,219
647,220
647,221
647,222
647,223
647,224
647,225
647,226
647,227
647,228
647,229
647,230
647,231
647,232
647,233
647,234
647,235
647,236
647,237
647,238
647,239
647,240
647,241
647,242
647,243
647,244
647,245
647,246
647,247
647,248
647,249
647,250
647,251
647,252
647,253
647,254
647,255
647,256
647,257
647,258
647,259
647,260
647,261
647,262
647,263
647,264
647,265
647,266
647,267
647,268
647,269
647,270
647,271
647,272
647,273
647,274
647,275
647,276
647,277
647,278
647,279
647,280
647,281
647,282
647,283
647,284
647,285
647,286
647,287
647,288
647,289
647,290
647,291
:136_10,292
:136_10,293
:136_18,294
:136_18,295
:136_18,296
-119,297
-119,298
-119,299
-119,300
-119,301
-119,302
-119,303
-119,304
-119,305
-119,306
-119,307
-119,308
-119,309
-119,310
-119,311
-119,312
-119,313
-119,314
-119,315
-119,316
-119,317
-119,318
-119,319
-119,320
-119,321
-119,322
-119,323
-119,324
-119,325
-119,326
-119,327
-119,328
-119,329
-119,330
-119,331
-119,332
-119,333
-119,334
-119,335
-119,336
-119,337
-119,338
-119,339
-119,340
-119,341
-119,342
-119,343
-119,344
-119,345
-119,346
-119,347
-119,348
-119,349
-119,350
-119,351
-119,352
-119,353
-119,354
-119,355
-119,356
-119,357
-119,358
-119,359
-119,360
-119,361
-119,362
-119,363
-119,364
-119,365
-119,366
-119,367
-119,368
-119,369
-119,370
-119,371
-119,372
-119,373
-119,374
-119,375
-119,376
-119,377
-119,378
-119,379
-119,380
-119,381
-119,382
-119,383
-119,384
-119,385
-119,386
-119,387
-119,388
-119,389
-119,390
-119,391
-119,392
-119,393
-119,394
-119,395
-119,396
-119,397
-119,398
-119,399
-119,400
-119,401
-119,402
-119,403
-119,404
-119,405
-119,406
-119,407
-119,408
-119,409
-119,410
-119,411
-119,412
-119,413
-119,414
-119,415
-119,416
-119,417
-119,418
-119,419
-119,420
-119,421
-119,422
-119,423
-119,424
-119,425
-119,426
-119,427
-119,428
-119,429
-119,430
-119,431
-119,432
-119,433
-119,434
-119,435
-119,436
-119,437
-119,438
-119,439
-119,440
-119,441
-119,442
-119,443
-119,444
-119,445
-119,446
-119,447
-119,448
-119,449
-119,450
-119,451
-119,452
-119,453
-119,454
-119,455
-119,456
-119,457
-119,458
-119,459
-119,460
-119,461
-119,462
-119,463
-119,464
:47_9,465
:47_9,466
:47_9,467
:47_9,468
:47_9,469
:47_9,470
117,471
117,472
117,473
117,474
117,475
117,476
117,477
117,478
117,479
117,480
117,481
117,482
117,483
117,484
117,485
117,486
117,487
117,488
117,489
117,490
117,491
117,492
117,493
117,494
117,495
117,496
117,497
117,498
117,499
117,500
117,501
117,502
117,503
117,504
117,505
117,506
117,507
117,508
117,509
117,510
117,511
117,512
117,513
117,514
117,515
117,516
117,517
117,518
117,519
117,520
117,521
117,522
117,523
117,524
117,525
117,526
117,527
117,528
117,529
117,530
117,531
117,532
117,533
117,534
117,535
117,536
117,537
117,538
117,539
117,540
117,541
117,542
117,543
117,544
117,545
117,546
117,547
117,548
117,549
117,550
117,551
117,552
117,553
117,554
117,555
117,556
117,557
117,558
117,559
117,560
117,561
117,562
117,563
117,564
117,565
117,566
117,567
117,568
117,569
117,570
117,571
117,572
117,573
117,574
117,575
117,576
117,577
117,578
117,579
117,580
117,581
117,582
117,583
117,584
117,585
117,586
117,587
117,588
117,589
117,590
117,591
117,592
117,593
117,594
:134_7,595
:134_7,596
:134_7,597
:134_7,598
:134_7,599
-322,600
-322,601
-322,602
-322,603
-322,604
-322,605
-322,606
-322,607
-322,608
-322,609
-322,610
-322,611
-322,612
-322,613
-322,614
-322,615
-322,616
-322,617
-322,618
-322,619
-322,620
-322,621
-322,622
-322,623
-322,624
-322,625
-322,626
-322,627
-322,628
-322,629
-322,630
-322,631
-322,632
-322,633
-322,634
-322,635
-322,636
-322,637
-322,638
-322,639
-322,640
-322,641
-322,642
-322,643
-322,644
-322,645
-322,646
-322,647
-322,648
-322,649
-322,650
-322,651
-322,652
-322,653
-322,654
-322,655
-322,656
-322,657
-322,658
-322,659
-322,660
-322,661
-322,662
-322,663
-322,664
-322,665
-322,666
-322,667
-322,668
-322,669
-322,670
-322,671
-322,672
-322,673
-322,674
-322,675
-322,676
-322,677
-322,678
-322,679
-322,680
-322,681
-322,682
-322,683
-322,684
-322,685
-322,686
-322,687
-322,688
-322,689
-322,690
-322,691
-322,692
-322,693
-322,694
-322,695
-322,696
-322,697
-322,698
-322,699
-322,700
-322,701
-322,702
-322,703
-322,704
-322,705
-322,706
-322,707
-322,708
-322,709
-322,710
-322,711
-322,712
-322,713
-322,714
-322,715
-322,716
-322,717
-322,718
-322,719
-322,720
-322,721
-322,722
-322,723
-322,724
-322,725
-322,726
-322,727
-322,728
-322,729
-322,730
-322,731
:50_5,732
:50_5,733
:50_5,734
:50_5,735
:50_5,736
:50_5,737
:50_5,738
:50_5,739
-430,740
-430,741
-430,742
-430,743
-430,744
-430,745
-430,746
-430,747
-430,748
-430,749
-430,750
-430,751
-430,752
-430,753
-430,754
-430,755
-430,756
-430,757
-430,758
-430,759
-430,760
-430,761
-430,762
-430,763
-430,764
-430,765
-430,766
-430,767
-430,768
-430,769
-430,770
-430,771
-430,772
-430,773
-430,774
-430,775
-430,776
-430,777
-430,778
-430,779
-430,780
-430,781
-430,782
-430,783
-430,784
-430,785
-430,786
-430,787
-430,788
-430,789
-430,790
-430,791
-430,792
-430,793
-430,794
-430,795
-430,796
-430,797
-430,798
-430,799
-430,800
-430,801
-430,802
-430,803
-430,804
-430,805
-430,806
-430,807
-430,808
-430,809
-430,810
-430,811
-430,812
-430,813
-430,814
-430,815
-430,816
-430,817
-430,818
-430,819
-430,820
-430,821
-430,822
-430,823
-430,824
-430,825
-430,826
-430,827
-430,828
-430,829
-430,830
-430,831
-430,832
-430,833
-430,834
-430,835
-430,836
-430,837
-430,838
-430,839
-430,840
-430,841
-430,842
-430,843
-430,844
-430,845
-430,846
-430,847
-430,848
-430,849
-430,850
-430,851
-430,852
-430,853
-430,854
-430,855
-430,856
-430,857
-430,858
-430,859
-430,860
-430,861
-430,862
-430,863
-430,864
-430,865
-430,866
-430,867
-430,868
-430,869
-430,870
-430,871
-430,872
-430,873
-430,874
-430,875
-430,876
-430,877
-430,878
-430,879
-430,880
-430,881
-430,882
-430,883
-430,884
-430,885
-430,886
-430,887
-430,888
-430,889
-430,890
-430,891
-430,892
-430,893
-430,894
-430,895
-430,896
-430,897
-430,898
-430,899
-430,900
-430,901
-430,902
-430,903
-430,904
-430,905
-430,906
-430,907
-430,908
-430,909
-430,910
-430,911
-430,912
-430,913
-430,914
-430,915
-430,916
-430,917
-430,918
-430,919
-430,920
-430,921
-430,922
-430,923
-430,924
-430,925
-430,926
-430,927
-430,928
-430,929
-430,930
-430,931
-430,932
-430,933
-430,934
-430,935
-430,936
-430,937
-430,938
-430,939
-430,940
-430,941
:375_3,942
:375_3,943
:375_3,944
:375_3,945
:375_3,946
-679,947
-679,948
-679,949
-679,950
-679,951
-679,952
-679,953
-679,954
-679,955
-679,956
-679,957
-679,958
-679,959
-679,960
-679,961
-679,962
-679,963
-679,964
-679,965
562,1
562,2
562,3
562,1
