367,4
367,5
367,6
367,7
367,8
367,9
367,10
367,11
367,12
367,13
367,14
367,15
367,16
367,17
367,18
367,19
367,20
367,21
367,22
367,23
367,24
367,25
367,26
367,27
367,28
367,29
367,30
367,31
367,32
367,33
367,34
367,35
367,36
367,37
367,38
367,39
367,40
367,41
367,42
367,43
367,44
367,45
367,46
367,47
367,48
367,49
367,50
367,51
367,52
367,53
367,54
367,55
367,56
367,57
367,58
367,59
367,60
367,61
367,62
367,63
367,64
367,65
367,66
367,67
367,68
:336_3,69
:336_3,70
:336_3,71
:336_3,72
:336_3,73
-414,74
-414,75
-414,76
-414,77
-414,78
-414,79
-414,80
-414,81
-414,82
-414,83
-414,84
-414,85
-414,86
-414,87
-414,88
-414,89
-414,90
-414,91
-414,92
-414,93
-414,94
-414,95
-414,96
-414,97
-414,98
-414,99
-414,100
-414,101
-414,102
-414,103
-414,104
-414,105
-414,106
-414,107
-414,108
-414,109
-414,110
-414,111
-414,112
-414,113
-414,114
-414,115
-414,116
-414,117
-414,118
-414,119
-414,120
-414,121
-414,122
-414,123
-414,124
-414,125
-414,126
-414,127
-414,128
-414,129
-414,130
-414,131
-414,132
-414,133
-414,134
-414,135
-414,136
-414,137
-414,138
-414,139
-414,140
-414,141
-414,142
-414,143
-414,144
-414,145
-414,146
-414,147
-414,148
-414,149
-414,150
-414,151
-414,152
-414,153
-414,154
-414,155
-414,156
-414,157
-414,158
-414,159
-414,160
-414,161
-414,162
-414,163
-414,164
-414,165
-414,166
-414,167
-414,168
-414,169
-414,170
-414,171
-414,172
-414,173
-414,174
-414,175
-414,176
-414,177
-414,178
-414,179
-414,180
-414,181
-414,182
-414,183
-414,184
-414,185
-414,186
-414,187
-414,188
-414,189
-414,190
-414,191
-414,192
-414,193
-414,194
-414,195
-414,196
-414,197
-414,198
-414,199
-414,200
-414,201
-414,202
-414,203
-414,204
-414,205
-414,206
-414,207
-414,208
-414,209
-414,210
-414,211
-414,212
-414,213
-414,214
-414,215
-414,216
-414,217
-414,218
-414,219
-414,220
:365_9,221
:365_9,222
:365_9,223
:365_9,224
:365_9,225
412,226
412,227
412,228
412,229
412,230
412,231
412,232
412,233
412,234
412,235
412,236
412,237
412,238
412,239
412,240
412,241
412,242
412,243
412,244
412,245
412,246
412,247
412,248
412,249
412,250
412,251
412,252
412,253
412,254
412,255
412,256
412,257
412,258
412,259
412,260
412,261
412,262
412,263
412,264
412,265
412,266
412,267
412,268
412,269
412,270
412,271
412,272
412,273
412,274
412,275
412,276
412,277
412,278
412,279
412,280
412,281
412,282
412,283
412,284
412,285
412,286
412,287
412,288
412,289
412,290
412,291
412,292
412,293
412,294
412,295
412,296
412,297
412,298
412,299
412,300
412,301
412,302
412,303
412,304
412,305
412,306
412,307
412,308
412,309
412,310
412,311
412,312
412,313
412,314
412,315
412,316
412,317
412,318
412,319
412,320
412,321
412,322
412,323
412,324
412,325
412,326
412,327
:193_9,328
:193_9,329
:193_9,330
:193_9,331
:193_9,332
-180,333
-180,334
-180,335
-180,336
-180,337
-180,338
-180,339
-180,340
-180,341
-180,342
-180,343
-180,344
-180,345
-180,346
-180,347
-180,348
-180,349
-180,350
-180,351
-180,352
-180,353
-180,354
-180,355
-180,356
-180,357
-180,358
-180,359
-180,360
-180,361
-180,362
-180,363
-180,364
-180,365
-180,366
-180,367
-180,368
-180,369
-180,370
-180,371
-180,372
-180,373
-180,374
-180,375
-180,376
-180,377
-180,378
-180,379
-180,380
-180,381
-180,382
-180,383
-180,384
-180,385
-180,386
-180,387
-180,388
-180,389
-180,390
-180,391
-180,392
-180,393
-180,394
-180,395
-180,396
-180,397
-180,398
-180,399
-180,400
-180,401
-180,402
-180,403
-180,404
-180,405
-180,406
-180,407
-180,408
:163_9,409
:163_9,410
:163_9,411
:163_9,412
:163_9,413
:163_9,414
-165,415
-165,416
-165,417
-165,418
-165,419
-165,420
-165,421
-165,422
-165,423
-165,424
-165,425
-165,426
-165,427
-165,428
-165,429
-165,430
-165,431
-165,432
-165,433
-165,434
-165,435
-165,436
-165,437
-165,438
-165,439
-165,440
-165,441
-165,442
-165,443
-165,444
-165,445
-165,446
-165,447
-165,448
-165,449
-165,450
-165,451
-165,452
-165,453
-165,454
-165,455
-165,456
-165,457
-165,458
-165,459
-165,460
-165,461
-165,462
-165,463
-165,464
-165,465
-165,466
-165,467
-165,468
-165,469
-165,470
-165,471
-165,472
-165,473
-165,474
-165,475
-165,476
-165,477
-165,478
-165,479
-165,480
-165,481
-165,482
-165,483
-165,484
-165,485
-165,486
-165,487
-165,488
-165,489
-165,490
-165,491
-165,492
-165,493
-165,494
-165,495
-165,496
-165,497
-165,498
-165,499
-165,500
-165,501
-165,502
-165,503
-165,504
-165,505
-165,506
-165,507
-165,508
-165,509
-165,510
-165,511
-165,512
-165,513
-165,514
-165,515
-165,516
-165,517
-165,518
-165,519
-165,520
-165,521
-165,522
-165,523
-165,524
-165,525
-165,526
-165,527
-165,528
-165,529
-165,530
-165,531
-165,532
-165,533
-165,534
-165,535
-165,536
-165,537
-165,538
-165,539
-165,540
-165,541
-165,542
-165,543
-165,544
-165,545
-165,546
-165,547
-165,548
-165,549
-165,550
-165,551
-165,552
-165,553
-165,554
-165,555
-165,556
-165,557
-165,558
-165,559
-165,560
-165,561
-165,562
-165,563
-165,564
-165,565
-165,566
-165,567
-165,568
-165,569
-165,570
-165,571
-165,572
-165,573
-165,574
-165,575
-165,576
-165,577
-165,578
-165,579
-165,580
-165,581
-165,582
-165,583
-165,584
-165,585
-165,586
-165,587
-165,588
-165,589
-165,590
-165,591
-165,592
-165,593
-165,594
-165,595
-165,596
-165,597
-165,598
-165,599
-165,600
-165,601
-165,602
-165,603
-165,604
-165,605
-165,606
-165,607
-165,608
-165,609
-165,610
-165,611
-165,612
-165,613
-165,614
:178_10,615
:178_10,616
:178_10,617
:178_10,618
:178_10,619
:178_10,620
164,621
164,622
164,623
164,624
164,625
164,626
164,627
164,628
164,629
164,630
164,631
164,632
164,633
164,634
164,635
164,636
164,637
164,638
164,639
164,640
164,641
164,642
164,643
164,644
164,645
164,646
164,647
164,648
164,649
164,650
164,651
164,652
164,653
164,654
164,655
164,656
164,657
164,658
164,659
164,660
164,661
164,662
164,663
164,664
164,665
164,666
164,667
164,668
164,669
164,670
164,671
164,672
164,673
164,674
164,675
164,676
164,677
164,678
164,679
164,680
164,681
164,682
164,683
164,684
164,685
164,686
164,687
164,688
164,689
164,690
164,691
164,692
164,693
164,694
164,695
164,696
164,697
164,698
164,699
164,700
164,701
164,702
164,703
164,704
164,705
164,706
164,707
164,708
164,709
164,710
164,711
164,712
164,713
164,714
164,715
164,716
164,717
164,718
164,719
164,720
164,721
164,722
164,723
164,724
164,725
164,726
164,727
164,728
164,729
164,730
164,731
164,732
164,733
164,734
164,735
164,736
164,737
164,738
164,739
164,740
164,741
164,742
164,743
164,744
164,745
164,746
164,747
164,748
164,749
164,750
164,751
164,752
164,753
164,754
164,755
164,756
164,757
164,758
164,759
164,760
164,761
164,762
164,763
164,764
164,765
164,766
164,767
164,768
164,769
164,770
164,771
164,772
164,773
164,774
164,775
164,776
164,777
164,778
164,779
164,780
164,781
164,782
164,783
164,784
164,785
164,786
164,787
164,788
164,789
164,790
164,791
164,792
164,793
164,794
164,795
164,796
164,797
164,798
164,799
164,800
164,801
164,802
164,803
164,804
164,805
164,806
164,807
164,808
164,809
164,810
164,811
164,812
164,813
164,814
164,815
164,816
164,817
164,818
164,819
164,820
164,821
164,822
164,823
164,824
164,825
164,826
164,827
164,828
164,829
164,830
164,831
164,832
164,833
164,834
164,835
164,836
164,837
164,838
164,839
164,840
164,841
164,842
164,843
164,844
164,845
164,846
164,847
164,848
:179_9,849
:179_9,850
:179_9,851
:179_9,852
:179_9,853
-646,854
-646,855
-646,856
-646,857
-646,858
-646,859
-646,860
-646,861
-646,862
-646,863
-646,864
-646,865
-646,866
-646,867
-646,868
-646,869
-646,870
-646,871
-646,872
-646,873
-646,874
-646,875
-646,876
-646,877
-646,878
-646,879
-646,880
-646,881
-646,882
-646,883
-646,884
-646,885
-646,886
-646,887
-646,888
-646,889
-646,890
-646,891
-646,892
-646,893
-646,894
-646,895
-646,896
-646,897
-646,898
-646,899
-646,900
-646,901
-646,902
-646,903
-646,904
-646,905
-646,906
-646,907
-646,908
-646,909
-646,910
-646,911
-646,912
-646,913
-646,914
-646,915
-646,916
-646,917
-646,918
-646,919
-646,920
-646,921
-646,922
-646,923
-646,924
-646,925
-646,926
-646,927
-646,928
-646,929
-646,930
-646,931
-646,932
-646,933
-646,934
-646,935
-646,936
-646,937
-646,938
-646,939
-646,940
-646,941
-646,942
-646,943
-646,944
-646,945
-646,946
-646,947
-646,948
-646,949
-646,950
-646,951
-646,952
-646,953
-646,954
-646,955
-646,956
-646,957
-646,958
-646,959
-646,960
-646,961
-646,962
-646,963
-646,964
-646,965
367,4
