-549,1
-549,1
-549,1
-549,2
-549,3
-549,4
-549,5
-549,6
-549,7
-549,8
-549,9
-549,10
-549,11
-549,12
-549,13
-549,14
-549,15
-549,16
-549,17
-549,18
-549,19
-549,20
-549,21
-549,22
-549,23
-549,24
-549,25
-549,26
-549,27
-549,28
-549,29
-549,30
-549,31
-549,32
-549,33
-549,34
-549,35
-549,36
-549,37
-549,38
-549,39
-549,40
-549,41
-549,42
-549,43
-549,44
-549,45
-549,46
-549,47
-549,48
-549,49
-549,50
-549,51
-549,52
-549,53
-549,54
-549,55
-549,56
-549,57
-549,58
-549,59
-549,60
-549,61
-549,62
-549,63
-549,64
-549,65
-549,66
-549,67
-549,68
-549,69
-549,70
-549,71
-549,72
-549,73
-549,74
-549,75
-549,76
-549,77
-549,78
-549,79
-549,80
-549,81
-549,82
-549,83
-549,84
-549,85
-549,86
-549,87
-549,88
-549,89
-549,90
-549,91
-549,92
-549,93
-549,94
-549,95
-549,96
-549,97
-549,98
-549,99
:332_5,100
:332_5,101
:332_5,102
:332_5,103
:332_5,104
:332_5,105
-356,106
-356,107
-356,108
-356,109
-356,110
-356,111
-356,112
-356,113
-356,114
-356,115
-356,116
-356,117
-356,118
-356,119
-356,120
-356,121
-356,122
-356,123
-356,124
-356,125
-356,126
-356,127
-356,128
-356,129
-356,130
-356,131
-356,132
-356,133
-356,134
-356,135
-356,136
-356,137
-356,138
-356,139
-356,140
-356,141
-356,142
-356,143
-356,144
-356,145
-356,146
-356,147
-356,148
-356,149
-356,150
-356,151
-356,152
-356,153
-356,154
-356,155
-356,156
-356,157
-356,158
-356,159
-356,160
-356,161
-356,162
-356,163
-356,164
-356,165
-356,166
-356,167
-356,168
-356,169
-356,170
-356,171
-356,172
-356,173
-356,174
-356,175
-356,176
-356,177
-356,178
-356,179
-356,180
-356,181
-356,182
-356,183
-356,184
-356,185
-356,186
-356,187
-356,188
-356,189
-356,190
-356,191
-356,192
-356,193
-356,194
-356,195
-356,196
-356,197
-356,198
-356,199
-356,200
-356,201
:145_2,202
:145_2,203
:145_2,204
:145_2,205
:145_2,206
:145_2,207
357,208
357,209
357,210
357,211
357,212
357,213
357,214
357,215
357,216
357,217
357,218
357,219
357,220
357,221
357,222
357,223
357,224
357,225
357,226
357,227
357,228
357,229
357,230
357,231
357,232
357,233
357,234
357,235
357,236
357,237
357,238
357,239
357,240
357,241
357,242
357,243
357,244
357,245
357,246
357,247
357,248
357,249
357,250
357,251
357,252
357,253
357,254
357,255
357,256
357,257
357,258
357,259
357,260
357,261
357,262
357,263
357,264
357,265
357,266
357,267
357,268
357,269
357,270
357,271
357,272
357,273
357,274
357,275
357,276
357,277
357,278
:79_6,279
:79_6,280
:79_6,281
:79_6,282
-68,283
-68,284
-68,285
-68,286
-68,287
-68,288
-68,289
-68,290
-68,291
-68,292
-68,293
-68,294
-68,295
-68,296
-68,297
-68,298
-68,299
-68,300
-68,301
-68,302
-68,303
-68,304
-68,305
-68,306
-68,307
-68,308
-68,309
-68,310
-68,311
-68,312
-68,313
-68,314
-68,315
-68,316
-68,317
-68,318
-68,319
-68,320
-68,321
-68,322
-68,323
-68,324
-68,325
-68,326
-68,327
-68,328
-68,329
-68,330
-68,331
-68,332
-68,333
-68,334
-68,335
-68,336
-68,337
-68,338
-68,339
-68,340
-68,341
-68,342
-68,343
-68,344
-68,345
-68,346
-68,347
-68,348
-68,349
-68,350
-68,351
-68,352
-68,353
-68,354
-68,355
-68,356
-68,357
-68,358
-68,359
-68,360
-68,361
-68,362
-68,363
-68,364
-68,365
-68,366
-68,367
-68,368
-68,369
-68,370
-68,371
-68,372
-68,373
-68,374
-68,375
-68,376
-68,377
-68,378
-68,379
-68,380
-68,381
-68,382
-68,383
-68,384
-68,385
-68,386
-68,387
-68,388
-68,389
-68,390
-68,391
-68,392
-68,393
-68,394
-68,395
-68,396
-68,397
-68,398
-68,399
-68,400
-68,401
-68,402
-68,403
-68,404
-68,405
-68,406
-68,407
-68,408
-68,409
-68,410
-68,411
-68,412
-68,413
-68,414
-68,415
-68,416
-68,417
-68,418
-68,419
-68,420
-68,421
-68,422
-68,423
-68,424
-68,425
-68,426
-68,427
-68,428
-68,429
-68,430
-68,431
-68,432
-68,433
-68,434
-68,435
-68,436
-68,437
-68,438
-68,439
-68,440
-68,441
-68,442
-68,443
-68,444
-68,445
-68,446
-68,447
-68,448
-68,449
-68,450
-68,451
-68,452
-68,453
-68,454
-68,455
-68,456
:78_4,457
:78_4,458
:78_4,459
:78_4,460
:78_4,461
:78_4,462
-443,463
-443,464
-443,465
-443,466
-443,467
-443,468
-443,469
-443,470
-443,471
-443,472
-443,473
-443,474
-443,475
-443,476
-443,477
-443,478
-443,479
-443,480
-443,481
-443,482
-443,483
-443,484
-443,485
-443,486
-443,487
-443,488
-443,489
-443,490
-443,491
-443,492
-443,493
-443,494
-443,495
-443,496
-443,497
-443,498
-443,499
-443,500
-443,501
-443,502
-443,503
-443,504
-443,505
-443,506
-443,507
-443,508
-443,509
-443,510
-443,511
-443,512
-443,513
-443,514
-443,515
-443,516
-443,517
-443,518
-443,519
-443,520
-443,521
-443,522
-443,523
-443,524
-443,525
-443,526
-443,527
-443,528
-443,529
-443,530
-443,531
-443,532
-443,533
-443,534
-443,535
-443,536
-443,537
-443,538
-443,539
-443,540
-443,541
-443,542
-443,543
-443,544
-443,545
-443,546
-443,547
-443,548
-443,549
-443,550
-443,551
-443,552
-443,553
-443,554
-443,555
-443,556
-443,557
-443,558
-443,559
-443,560
-443,561
-443,562
-443,563
-443,564
-443,565
-443,566
-443,567
-443,568
-443,569
-443,570
-443,571
-443,572
-443,573
-443,574
-443,575
-443,576
-443,577
-443,578
-443,579
-443,580
-443,581
-443,582
-443,583
-443,584
-443,585
-443,586
-443,587
-443,588
-443,589
-443,590
-443,591
-443,592
-443,593
-443,594
-443,595
-443,596
-443,597
-549,1
-549,2
-549,3
-549,1
