-38,7
-38,8
-38,9
-38,10
-38,11
-38,12
-38,13
-38,14
-38,15
-38,16
-38,17
-38,18
-38,19
-38,20
-38,21
-38,22
-38,23
-38,24
-38,25
-38,26
-38,27
-38,28
-38,29
-38,30
-38,31
-38,32
-38,33
-38,34
-38,35
-38,36
-38,37
-38,38
-38,39
-38,40
-38,41
-38,42
-38,43
-38,44
-38,45
-38,46
-38,47
-38,48
-38,49
-38,50
-38,51
-38,52
-38,53
-38,54
-38,55
-38,56
-38,57
-38,58
-38,59
-38,60
-38,61
-38,62
-38,63
-38,64
-38,65
-38,66
-38,67
-38,68
-38,69
-38,70
-38,71
-38,72
-38,73
-38,74
-38,75
-38,76
-38,77
-38,78
-38,79
-38,80
-38,81
-38,82
-38,83
-38,84
-38,85
-38,86
-38,87
-38,88
-38,89
-38,90
-38,91
-38,92
-38,93
-38,94
-38,95
-38,96
-38,97
-38,98
-38,99
-38,100
-38,101
-38,102
-38,103
-38,104
-38,105
-38,106
-38,107
-38,108
-38,109
-38,110
-38,111
-38,112
-38,113
-38,114
-38,115
-38,116
-38,117
-38,118
-38,119
-38,120
-38,121
-38,122
-38,123
-38,124
-38,125
-38,126
-38,127
-38,128
-38,129
-38,130
-38,131
-38,132
-38,133
-38,134
-38,135
-38,136
-38,137
-38,138
-38,139
-38,140
-38,141
-38,142
-38,143
-38,144
-38,145
-38,146
-38,147
-38,148
-38,149
-38,150
-38,151
-38,152
-38,153
-38,154
-38,155
-38,156
-38,157
-38,158
-38,159
-38,160
-38,161
-38,162
-38,163
-38,164
-38,165
-38,166
-38,167
-38,168
-38,169
-38,170
-38,171
-38,172
-38,173
-38,174
-38,175
-38,176
-38,177
-38,178
-38,179
-38,180
-38,181
-38,182
-38,183
-38,184
-38,185
-38,186
-38,187
-38,188
-38,189
-38,190
-38,191
-38,192
-38,193
-38,194
-38,195
-38,196
-38,197
-38,198
-38,199
-38,200
-38,201
-38,202
-38,203
-38,204
-38,205
-38,206
-38,207
-38,208
-38,209
-38,210
-38,211
-38,212
-38,213
-38,214
-38,215
-38,216
-38,217
-38,218
-38,219
-38,220
-38,221
-38,222
-38,223
-38,224
-38,225
-38,226
-38,227
-38,228
-38,229
-38,230
-38,231
-38,232
-38,233
-38,234
-38,235
-38,236
-38,237
-38,238
-38,239
-38,240
-38,241
-38,242
-38,243
-38,244
-38,245
-38,246
-38,247
-38,248
-38,249
-38,250
-38,251
-38,252
-38,253
-38,254
-38,255
-38,256
-38,257
-38,258
-38,259
-38,260
-38,261
-38,262
-38,263
-38,264
-38,265
-38,266
-38,267
-38,268
-38,269
-38,270
-38,271
-38,272
-38,273
-38,274
-38,275
-38,276
-38,277
-38,278
-38,279
-38,280
-38,281
-38,282
-38,283
-38,284
-38,285
-38,286
-38,287
-38,288
-38,289
-38,290
-38,291
-38,292
-38,293
-38,294
-38,295
-38,296
-38,297
-38,298
-38,299
-38,300
-38,301
-38,302
-38,303
-38,304
-38,305
-38,306
-38,307
-38,308
-38,309
-38,310
-38,311
-38,312
-38,313
-38,314
-38,315
-38,316
-38,317
-38,318
-38,319
-38,320
-38,321
-38,322
-38,323
-38,324
-38,325
-38,326
-38,327
-38,328
-38,329
-38,330
:43_4,331
:43_4,332
:43_4,333
36,334
36,335
36,336
36,337
36,338
36,339
36,340
36,341
36,342
36,343
36,344
36,345
36,346
36,347
36,348
36,349
36,350
36,351
36,352
36,353
36,354
36,355
36,356
36,357
36,358
36,359
36,360
36,361
36,362
36,363
36,364
36,365
36,366
36,367
36,368
36,369
36,370
36,371
36,372
36,373
36,374
36,375
36,376
36,377
36,378
36,379
36,380
36,381
36,382
36,383
36,384
36,385
36,386
36,387
36,388
36,389
36,390
36,391
36,392
36,393
36,394
36,395
36,396
36,397
36,398
36,399
36,400
36,401
36,402
36,403
36,404
36,405
36,406
36,407
36,408
36,409
36,410
36,411
36,412
36,413
36,414
36,415
36,416
36,417
36,418
36,419
36,420
36,421
36,422
36,423
36,424
36,425
36,426
36,427
36,428
36,429
36,430
36,431
36,432
36,433
36,434
36,435
36,436
36,437
36,438
36,439
36,440
36,441
36,442
36,443
36,444
36,445
36,446
36,447
36,448
36,449
36,450
36,451
36,452
36,453
36,454
36,455
36,456
36,457
36,458
36,459
36,460
36,461
36,462
36,463
36,464
36,465
36,466
36,467
36,468
36,469
36,470
36,471
36,472
:44_3,473
:44_3,474
:44_3,475
:44_3,476
:44_3,477
-42,478
-42,479
-42,480
-42,481
-42,482
-42,483
-42,484
-42,485
-42,486
-42,487
-42,488
-42,489
-42,490
-42,491
-42,492
-42,493
-42,494
-42,495
-42,496
-42,497
-42,498
-42,499
-42,500
-42,501
-42,502
-42,503
-42,504
-42,505
-42,506
-42,507
-42,508
-42,509
-42,510
-42,511
-42,512
-42,513
-42,514
-42,515
-42,516
-42,517
-42,518
-42,519
-42,520
-42,521
-42,522
-42,523
-42,524
-42,525
-42,526
-42,527
-42,528
-42,529
-42,530
-42,531
-42,532
-42,533
-42,534
-42,535
-42,536
-42,537
-42,538
-42,539
-42,540
-42,541
-42,542
-42,543
-42,544
-42,545
-42,546
-42,547
-42,548
-42,549
-42,550
-42,551
-42,552
-42,553
-42,554
-42,555
-42,556
-42,557
-42,558
-42,559
-42,560
-42,561
-42,562
-42,563
-42,564
-42,565
-42,566
-42,567
-42,568
-42,569
-42,570
-42,571
-42,572
-42,573
-42,574
-42,575
-42,576
-42,577
-42,578
-42,579
-42,580
-42,581
-42,582
-42,583
-42,584
-42,585
-42,586
-42,587
-42,588
-42,589
-42,590
-42,591
-42,592
-42,593
-42,594
-42,595
-42,596
-42,597
:48_8,598
:48_8,599
:48_8,600
40,601
40,602
40,603
40,604
40,605
40,606
40,607
40,608
40,609
40,610
40,611
40,612
40,613
40,614
40,615
40,616
40,617
40,618
40,619
40,620
40,621
40,622
40,623
40,624
40,625
40,626
40,627
40,628
40,629
40,630
40,631
40,632
40,633
40,634
40,635
40,636
40,637
40,638
40,639
40,640
40,641
40,642
40,643
40,644
40,645
40,646
40,647
40,648
40,649
40,650
40,651
40,652
40,653
40,654
40,655
40,656
40,657
40,658
40,659
40,660
40,661
40,662
40,663
40,664
40,665
40,666
40,667
40,668
40,669
40,670
40,671
40,672
40,673
40,674
40,675
40,676
40,677
40,678
40,679
40,680
40,681
40,682
40,683
40,684
40,685
40,686
40,687
40,688
40,689
40,690
40,691
40,692
40,693
40,694
40,695
40,696
40,697
40,698
40,699
40,700
40,701
40,702
40,703
40,704
40,705
40,706
40,707
40,708
40,709
40,710
40,711
40,712
40,713
40,714
40,715
40,716
40,717
40,718
40,719
40,720
40,721
40,722
40,723
40,724
40,725
40,726
40,727
40,728
40,729
40,730
40,731
40,732
40,733
40,734
40,735
40,736
40,737
40,738
40,739
40,740
40,741
40,742
40,743
40,744
40,745
40,746
40,747
40,748
40,749
40,750
40,751
40,752
40,753
40,754
40,755
40,756
40,757
40,758
40,759
40,760
40,761
40,762
40,763
40,764
40,765
40,766
40,767
40,768
40,769
40,770
40,771
40,772
40,773
40,774
40,775
40,776
40,777
40,778
40,779
40,780
40,781
40,782
40,783
40,784
40,785
40,786
40,787
40,788
40,789
40,790
40,791
40,792
40,793
40,794
40,795
40,796
40,797
40,798
40,799
40,800
40,801
40,802
40,803
40,804
40,805
40,806
40,807
40,808
40,809
40,810
40,811
40,812
40,813
40,814
40,815
40,816
40,817
40,818
40,819
40,820
40,821
40,822
40,823
40,824
40,825
40,826
40,827
40,828
40,829
40,830
40,831
40,832
40,833
40,834
40,835
40,836
40,837
40,838
40,839
40,840
40,841
40,842
40,843
40,844
40,845
40,846
40,847
40,848
40,849
40,850
40,851
40,852
40,853
40,854
40,855
40,856
40,857
40,858
40,859
40,860
40,861
40,862
40,863
40,864
40,865
40,866
40,867
40,868
40,869
40,870
40,871
40,872
40,873
40,874
40,875
40,876
40,877
40,878
40,879
40,880
40,881
40,882
40,883
40,884
40,885
40,886
40,887
40,888
40,889
40,890
40,891
40,892
40,893
40,894
40,895
40,896
40,897
40,898
40,899
40,900
40,901
40,902
40,903
40,904
40,905
40,906
40,907
40,908
40,909
40,910
40,911
40,912
40,913
40,914
40,915
40,916
40,917
40,918
40,919
40,920
40,921
40,922
40,923
40,924
40,925
40,926
40,927
40,928
40,929
40,930
40,931
40,932
40,933
40,934
40,935
40,936
40,937
40,938
40,939
40,940
40,941
40,942
40,943
40,944
40,945
40,946
40,947
40,948
40,949
40,950
40,951
40,952
40,953
40,954
40,955
40,956
40,957
:49_6,958
:49_6,959
:49_6,960
:49_6,961
:49_6,962
:49_6,963
-50,964
-50,965
