443,1
443,1
443,1
443,2
443,3
443,4
443,5
443,6
443,7
443,8
443,9
443,10
443,11
443,12
443,13
443,14
443,15
443,16
443,17
443,18
443,19
443,20
443,21
443,22
443,23
443,24
443,25
443,26
443,27
443,28
443,29
443,30
443,31
443,32
443,33
443,34
443,35
443,36
443,37
443,38
443,39
443,40
443,41
443,42
443,43
443,44
443,45
443,46
443,47
443,48
443,49
443,50
443,51
443,52
443,53
443,54
443,55
443,56
443,57
443,58
443,59
443,60
443,61
443,62
443,63
443,64
443,65
443,66
443,67
443,68
443,69
443,70
443,71
443,72
443,73
443,74
443,75
443,76
443,77
443,78
443,79
443,80
443,81
443,82
443,83
443,84
443,85
443,86
443,87
443,88
443,89
443,90
443,91
443,92
443,93
443,94
443,95
443,96
443,97
443,98
443,99
443,100
443,101
443,102
443,103
:78_7,104
:78_7,105
:78_7,106
:78_7,107
69,108
69,109
69,110
69,111
69,112
69,113
69,114
69,115
69,116
69,117
69,118
69,119
69,120
69,121
69,122
69,123
69,124
69,125
69,126
69,127
69,128
69,129
69,130
69,131
69,132
69,133
69,134
69,135
69,136
69,137
69,138
69,139
69,140
69,141
69,142
69,143
69,144
69,145
69,146
69,147
69,148
69,149
69,150
69,151
69,152
69,153
69,154
:80_3,155
:80_3,156
:80_3,157
427,158
427,159
427,160
427,161
427,162
427,163
427,164
427,165
427,166
427,167
427,168
427,169
427,170
427,171
427,172
427,173
427,174
427,175
427,176
427,177
427,178
427,179
427,180
427,181
427,182
427,183
427,184
427,185
427,186
427,187
427,188
427,189
427,190
427,191
427,192
427,193
427,194
:108_3,195
:108_3,196
:108_3,197
:108_3,198
-359,199
-359,200
-359,201
-359,202
-359,203
-359,204
-359,205
-359,206
-359,207
-359,208
-359,209
-359,210
-359,211
-359,212
-359,213
-359,214
-359,215
-359,216
-359,217
-359,218
-359,219
-359,220
-359,221
-359,222
-359,223
-359,224
-359,225
-359,226
-359,227
-359,228
-359,229
-359,230
-359,231
-359,232
-359,233
-359,234
-359,235
-359,236
-359,237
-359,238
-359,239
-359,240
-359,241
-359,242
-359,243
-359,244
-359,245
-359,246
-359,247
-359,248
-359,249
-359,250
-359,251
-359,252
-359,253
-359,254
-359,255
-359,256
-359,257
-359,258
-359,259
-359,260
-359,261
-359,262
-359,263
-359,264
-359,265
-359,266
-359,267
-359,268
-359,269
-359,270
-359,271
-359,272
-359,273
-359,274
-359,275
-359,276
-359,277
-359,278
-359,279
-359,280
-359,281
-359,282
-359,283
-359,284
-359,285
-359,286
-359,287
-359,288
:145_10,289
:145_10,290
:145_10,291
:145_10,292
:145_10,293
-131,294
-131,295
-131,296
-131,297
-131,298
-131,299
-131,300
-131,301
-131,302
-131,303
-131,304
-131,305
-131,306
-131,307
-131,308
-131,309
-131,310
-131,311
-131,312
-131,313
-131,314
-131,315
-131,316
-131,317
-131,318
-131,319
-131,320
-131,321
-131,322
-131,323
-131,324
-131,325
-131,326
-131,327
-131,328
-131,329
-131,330
-131,331
-131,332
-131,333
-131,334
-131,335
-131,336
-131,337
-131,338
-131,339
-131,340
-131,341
-131,342
-131,343
-131,344
-131,345
-131,346
-131,347
-131,348
-131,349
-131,350
-131,351
-131,352
-131,353
-131,354
-131,355
-131,356
-131,357
-131,358
-131,359
-131,360
-131,361
-131,362
-131,363
-131,364
-131,365
-131,366
-131,367
-131,368
-131,369
-131,370
-131,371
-131,372
-131,373
-131,374
-131,375
:86_4,376
:86_4,377
:86_4,378
:86_4,379
:86_4,380
130,381
130,382
130,383
130,384
130,385
130,386
130,387
130,388
130,389
130,390
130,391
130,392
130,393
130,394
130,395
130,396
130,397
130,398
130,399
130,400
130,401
130,402
130,403
130,404
130,405
130,406
130,407
130,408
130,409
130,410
130,411
130,412
130,413
-93,414
-93,415
-93,416
-93,417
-93,418
-93,419
-93,420
-93,421
-93,422
-93,423
-93,424
-93,425
-93,426
-93,427
-93,428
-93,429
-93,430
-93,431
-93,432
-93,433
-93,434
-93,435
-93,436
-93,437
-93,438
-93,439
-93,440
-93,441
-93,442
-93,443
-93,444
-93,445
-93,446
-93,447
-93,448
-93,449
-93,450
-93,451
-93,452
-93,453
-93,454
-93,455
-93,456
-93,457
-93,458
-93,459
-93,460
-93,461
-93,462
-93,463
-93,464
-93,465
-93,466
-93,467
-93,468
:105_0,469
:105_0,470
:105_0,471
:105_0,472
-89,473
-89,474
-89,475
-89,476
-89,477
-89,478
-89,479
-89,480
-89,481
-89,482
-89,483
-89,484
-89,485
-89,486
-89,487
-89,488
-89,489
-89,490
-89,491
-89,492
-89,493
-89,494
-89,495
-89,496
-89,497
-89,498
-89,499
-89,500
-89,501
-89,502
-89,503
-89,504
-89,505
-89,506
-89,507
-89,508
-89,509
-89,510
-89,511
-89,512
-89,513
-89,514
-89,515
-89,516
-89,517
-89,518
-89,519
-89,520
-89,521
-89,522
-89,523
-89,524
-89,525
-89,526
-89,527
-89,528
-89,529
-89,530
-89,531
-89,532
-89,533
-89,534
-89,535
-89,536
-89,537
-89,538
-89,539
-89,540
-89,541
-89,542
-89,543
-89,544
-89,545
-89,546
-89,547
-89,548
:104_5,549
:104_5,550
:104_5,551
:104_5,552
:104_5,553
90,554
90,555
90,556
90,557
90,558
90,559
90,560
90,561
90,562
90,563
90,564
90,565
90,566
90,567
90,568
90,569
90,570
90,571
90,572
90,573
90,574
90,575
90,576
90,577
90,578
90,579
90,580
90,581
90,582
90,583
90,584
90,585
90,586
90,587
90,588
90,589
90,590
90,591
90,592
90,593
90,594
90,595
90,596
90,597
90,598
90,599
90,600
90,601
90,602
90,603
90,604
90,605
90,606
90,607
90,608
90,609
90,610
90,611
90,612
90,613
90,614
90,615
90,616
90,617
90,618
90,619
90,620
90,621
90,622
90,623
90,624
90,625
90,626
90,627
90,628
90,629
90,630
90,631
90,632
90,633
90,634
90,635
90,636
90,637
90,638
90,639
90,640
90,641
90,642
90,643
90,644
90,645
90,646
90,647
90,648
90,649
90,650
90,651
90,652
90,653
90,654
90,655
90,656
90,657
90,658
90,659
90,660
90,661
90,662
90,663
90,664
90,665
90,666
90,667
90,668
90,669
90,670
90,671
90,672
90,673
90,674
90,675
90,676
90,677
90,678
90,679
90,680
90,681
90,682
90,683
90,684
90,685
90,686
90,687
90,688
90,689
90,690
90,691
90,692
90,693
90,694
90,695
:106_0,696
:106_0,697
:106_0,698
:106_0,699
-325,700
-325,701
-325,702
-325,703
-325,704
-325,705
-325,706
-325,707
-325,708
-325,709
-325,710
-325,711
-325,712
-325,713
-325,714
-325,715
-325,716
-325,717
-325,718
-325,719
-325,720
-325,721
-325,722
-325,723
-325,724
-325,725
-325,726
-325,727
-325,728
-325,729
-325,730
-325,731
-325,732
-325,733
-325,734
-325,735
-325,736
-325,737
-325,738
-325,739
-325,740
-325,741
-325,742
-325,743
-325,744
-325,745
-325,746
-325,747
-325,748
-325,749
-325,750
-325,751
-325,752
-325,753
-325,754
-325,755
-325,756
-325,757
-325,758
-325,759
-325,760
-325,761
-325,762
-325,763
-325,764
-325,765
-325,766
-325,767
-325,768
-325,769
-325,770
-325,771
-325,772
-325,773
-325,774
-325,775
-325,776
-325,777
-325,778
-325,779
-325,780
-325,781
-325,782
-325,783
-325,784
:246_1,785
:246_1,786
:246_1,787
:246_1,788
:246_1,789
-245,790
-245,791
-245,792
-245,793
-245,794
-245,795
-245,796
-245,797
-245,798
-245,799
-245,800
-245,801
-245,802
-245,803
-245,804
-245,805
-245,806
-245,807
-245,808
-245,809
-245,810
-245,811
-245,812
-245,813
-245,814
-245,815
-245,816
-245,817
-245,818
-245,819
-245,820
-245,821
-245,822
-245,823
-245,824
-245,825
-245,826
-245,827
-245,828
-245,829
-245,830
-245,831
-245,832
-245,833
-245,834
-245,835
-245,836
-245,837
-245,838
-245,839
:215_6,840
:215_6,841
:215_6,842
:215_6,843
:215_6,844
:215_6,845
:215_6,846
:215_6,847
401,848
401,849
401,850
401,851
401,852
401,853
401,854
401,855
401,856
401,857
401,858
401,859
401,860
401,861
401,862
401,863
401,864
401,865
401,866
401,867
401,868
401,869
401,870
401,871
401,872
401,873
401,874
401,875
401,876
401,877
401,878
401,879
401,880
401,881
401,882
401,883
401,884
401,885
401,886
401,887
401,888
401,889
401,890
401,891
401,892
401,893
401,894
401,895
401,896
401,897
401,898
401,899
401,900
401,901
401,902
401,903
401,904
401,905
401,906
401,907
401,908
401,909
401,910
401,911
401,912
401,913
401,914
401,915
401,916
401,917
401,918
401,919
401,920
401,921
401,922
401,923
401,924
401,925
401,926
401,927
401,928
401,929
401,930
401,931
401,932
401,933
401,934
401,935
401,936
401,937
401,938
401,939
401,940
401,941
401,942
401,943
401,944
401,945
401,946
401,947
401,948
401,949
401,950
401,951
401,952
401,953
401,954
401,955
401,956
401,957
401,958
401,959
401,960
401,961
401,962
401,963
401,964
401,965
443,1
443,2
443,3
443,1
