147,1
147,1
147,1
147,2
147,3
147,4
147,5
147,6
147,7
147,8
147,9
147,10
147,11
147,12
147,13
147,14
147,15
147,16
147,17
147,18
147,19
147,20
147,21
147,22
147,23
147,24
147,25
147,26
147,27
147,28
147,29
147,30
147,31
147,32
147,33
147,34
147,35
147,36
147,37
147,38
147,39
147,40
147,41
147,42
147,43
147,44
147,45
147,46
147,47
147,48
147,49
147,50
147,51
147,52
147,53
147,54
147,55
147,56
147,57
147,58
147,59
147,60
147,61
147,62
147,63
147,64
147,65
147,66
147,67
147,68
147,69
147,70
147,71
147,72
147,73
:101_6,74
:101_6,75
:101_6,76
:101_6,77
:101_6,78
:101_6,79
-86,80
-86,81
-86,82
-86,83
-86,84
-86,85
-86,86
-86,87
-86,88
-86,89
-86,90
-86,91
-86,92
-86,93
-86,94
-86,95
-86,96
-86,97
-86,98
-86,99
-86,100
-86,101
-86,102
-86,103
-86,104
-86,105
-86,106
-86,107
-86,108
-86,109
-86,110
-86,111
-86,112
-86,113
-86,114
-86,115
-86,116
-86,117
-86,118
-86,119
-86,120
-86,121
-86,122
-86,123
-86,124
-86,125
-86,126
-86,127
-86,128
-86,129
-86,130
-86,131
-86,132
-86,133
-86,134
-86,135
-86,136
-86,137
-86,138
-86,139
-86,140
-86,141
-86,142
-86,143
-86,144
-86,145
-86,146
-86,147
-86,148
-86,149
-86,150
-86,151
-86,152
-86,153
-86,154
-86,155
-86,156
-86,157
-86,158
-86,159
-86,160
-86,161
-86,162
-86,163
-86,164
-86,165
-86,166
-86,167
-86,168
-86,169
-86,170
-86,171
-86,172
-86,173
-86,174
-86,175
-86,176
-86,177
-86,178
-86,179
-86,180
-86,181
-86,182
-86,183
-86,184
-86,185
-86,186
:27_12,187
:27_12,188
:27_12,189
:27_12,190
87,191
87,192
87,193
87,194
87,195
87,196
87,197
87,198
87,199
87,200
87,201
87,202
87,203
87,204
87,205
87,206
87,207
87,208
87,209
87,210
87,211
87,212
87,213
87,214
87,215
87,216
87,217
87,218
87,219
87,220
87,221
87,222
87,223
87,224
87,225
87,226
87,227
87,228
87,229
87,230
87,231
87,232
87,233
87,234
87,235
87,236
87,237
87,238
87,239
87,240
87,241
87,242
87,243
87,244
87,245
87,246
87,247
87,248
87,249
87,250
87,251
87,252
87,253
87,254
87,255
87,256
87,257
87,258
87,259
87,260
87,261
87,262
87,263
87,264
87,265
87,266
87,267
87,268
87,269
87,270
87,271
87,272
87,273
87,274
87,275
87,276
87,277
87,278
87,279
87,280
87,281
87,282
87,283
87,284
87,285
87,286
87,287
87,288
87,289
87,290
87,291
87,292
87,293
87,294
87,295
87,296
87,297
87,298
87,299
87,300
87,301
87,302
87,303
87,304
87,305
87,306
87,307
87,308
87,309
87,310
87,311
87,312
87,313
87,314
87,315
87,316
87,317
87,318
87,319
87,320
87,321
87,322
87,323
87,324
87,325
87,326
87,327
87,328
87,329
87,330
87,331
87,332
87,333
87,334
87,335
87,336
87,337
87,338
87,339
87,340
87,341
87,342
87,343
87,344
87,345
87,346
87,347
87,348
87,349
87,350
87,351
87,352
87,353
87,354
87,355
87,356
87,357
87,358
87,359
87,360
87,361
87,362
87,363
87,364
87,365
87,366
87,367
87,368
87,369
87,370
87,371
87,372
87,373
87,374
87,375
87,376
87,377
87,378
87,379
87,380
87,381
87,382
87,383
87,384
:102_0,385
:102_0,386
:102_0,387
:102_0,388
:102_0,389
:102_0,390
-159,391
-159,392
-159,393
-159,394
-159,395
-159,396
-159,397
-159,398
-159,399
-159,400
-159,401
-159,402
-159,403
-159,404
-159,405
-159,406
-159,407
-159,408
-159,409
-159,410
-159,411
-159,412
-159,413
-159,414
-159,415
-159,416
-159,417
-159,418
-159,419
-159,420
-159,421
-159,422
-159,423
-159,424
-159,425
-159,426
-159,427
-159,428
-159,429
-159,430
-159,431
-159,432
-159,433
-159,434
-159,435
-159,436
-159,437
-159,438
-159,439
-159,440
-159,441
-159,442
-159,443
-159,444
-159,445
-159,446
-159,447
-159,448
-159,449
-159,450
-159,451
-159,452
-159,453
-159,454
-159,455
-159,456
-159,457
-159,458
-159,459
-159,460
-159,461
-159,462
-159,463
-159,464
-159,465
-159,466
-159,467
-159,468
-159,469
-159,470
-159,471
-159,472
-159,473
-159,474
-159,475
-159,476
-159,477
-159,478
-159,479
-159,480
-159,481
-159,482
-159,483
-159,484
-159,485
-159,486
-159,487
-159,488
-159,489
-159,490
-159,491
-159,492
-159,493
-159,494
-159,495
-159,496
-159,497
-159,498
-159,499
-159,500
-159,501
-159,502
-159,503
-159,504
-159,505
-159,506
:63_5,507
:63_5,508
:63_5,509
:63_5,510
:63_5,511
:63_5,512
:63_5,513
-55,514
-55,515
-55,516
-55,517
-55,518
-55,519
-55,520
-55,521
-55,522
-55,523
-55,524
-55,525
-55,526
-55,527
-55,528
-55,529
-55,530
-55,531
-55,532
-55,533
-55,534
-55,535
-55,536
-55,537
-55,538
-55,539
-55,540
-55,541
-55,542
-55,543
-55,544
-55,545
-55,546
-55,547
-55,548
-55,549
-55,550
-55,551
-55,552
-55,553
-55,554
-55,555
-55,556
-55,557
-55,558
-55,559
-55,560
-55,561
-55,562
-55,563
-55,564
-55,565
-55,566
-55,567
-55,568
-55,569
-55,570
-55,571
-55,572
-55,573
-55,574
-55,575
-55,576
-55,577
-55,578
-55,579
-55,580
-55,581
-55,582
-55,583
-55,584
-55,585
-55,586
-55,587
-55,588
-55,589
-55,590
-55,591
-55,592
-55,593
-55,594
-55,595
-55,596
-55,597
-55,598
-55,599
-55,600
-55,601
-55,602
-55,603
-55,604
-55,605
-55,606
-55,607
-55,608
-55,609
-55,610
-55,611
-55,612
-55,613
-55,614
-55,615
-55,616
-55,617
-55,618
-55,619
-55,620
-55,621
-55,622
-55,623
-55,624
-55,625
-55,626
-55,627
-55,628
-55,629
-55,630
-55,631
-55,632
-55,633
-55,634
-55,635
-55,636
-55,637
-55,638
-55,639
-55,640
-55,641
-55,642
-55,643
-55,644
-55,645
-55,646
-55,647
-55,648
-55,649
-55,650
:62_1,651
:62_1,652
:62_1,653
:62_1,654
:62_1,655
:62_1,656
-54,657
-54,658
-54,659
-54,660
-54,661
-54,662
-54,663
-54,664
-54,665
-54,666
-54,667
-54,668
-54,669
-54,670
-54,671
-54,672
-54,673
-54,674
-54,675
-54,676
-54,677
-54,678
-54,679
-54,680
-54,681
-54,682
-54,683
-54,684
-54,685
-54,686
-54,687
-54,688
-54,689
-54,690
-54,691
-54,692
-54,693
-54,694
-54,695
-54,696
-54,697
-54,698
-54,699
-54,700
-54,701
-54,702
-54,703
-54,704
-54,705
-54,706
-54,707
-54,708
-54,709
-54,710
-54,711
-54,712
:61_0,713
:61_0,714
:61_0,715
:61_0,716
:61_0,717
:61_0,718
-53,719
-53,720
-53,721
-53,722
-53,723
-53,724
-53,725
-53,726
-53,727
-53,728
-53,729
-53,730
-53,731
-53,732
-53,733
-53,734
-53,735
-53,736
-53,737
-53,738
-53,739
-53,740
-53,741
-53,742
-53,743
-53,744
-53,745
-53,746
-53,747
-53,748
-53,749
-53,750
-53,751
-53,752
-53,753
-53,754
-53,755
-53,756
-53,757
-53,758
-53,759
-53,760
-53,761
-53,762
-53,763
-53,764
-53,765
-53,766
-53,767
-53,768
-53,769
-53,770
-53,771
-53,772
-53,773
-53,774
-53,775
-53,776
-53,777
-53,778
-53,779
-53,780
-53,781
-53,782
-53,783
-53,784
-53,785
-53,786
-53,787
-53,788
-53,789
-53,790
-53,791
-53,792
-53,793
-53,794
-53,795
-53,796
-53,797
-53,798
-53,799
-53,800
-53,801
-53,802
-53,803
-53,804
-53,805
-53,806
-53,807
-53,808
-53,809
-53,810
-53,811
:58_6,812
:58_6,813
:58_6,814
:58_6,815
:58_6,816
:58_6,817
:58_6,818
51,819
51,820
51,821
51,822
51,823
51,824
51,825
51,826
51,827
51,828
51,829
51,830
51,831
51,832
51,833
51,834
51,835
51,836
51,837
51,838
51,839
51,840
51,841
51,842
51,843
51,844
51,845
51,846
51,847
51,848
51,849
51,850
51,851
51,852
51,853
51,854
51,855
51,856
51,857
51,858
51,859
51,860
51,861
51,862
51,863
51,864
51,865
51,866
51,867
51,868
51,869
51,870
51,871
51,872
51,873
51,874
51,875
51,876
51,877
51,878
51,879
51,880
51,881
51,882
51,883
51,884
51,885
51,886
51,887
51,888
51,889
51,890
51,891
51,892
51,893
51,894
51,895
51,896
51,897
51,898
51,899
51,900
51,901
51,902
51,903
51,904
51,905
51,906
51,907
51,908
51,909
51,910
51,911
51,912
51,913
51,914
51,915
51,916
51,917
51,918
51,919
51,920
51,921
51,922
51,923
51,924
51,925
51,926
51,927
51,928
51,929
51,930
51,931
51,932
51,933
51,934
51,935
51,936
51,937
51,938
51,939
51,940
51,941
51,942
51,943
51,944
51,945
51,946
51,947
51,948
51,949
51,950
51,951
51,952
51,953
51,954
51,955
51,956
51,957
51,958
51,959
51,960
51,961
51,962
51,963
51,964
51,965
147,1
147,2
147,3
147,1
