-373,1
-373,1
-373,1
-373,2
-373,3
-373,4
-373,5
-373,6
-373,7
-373,8
-373,9
-373,10
-373,11
-373,12
-373,13
-373,14
-373,15
-373,16
-373,17
-373,18
-373,19
-373,20
-373,21
-373,22
-373,23
-373,24
-373,25
-373,26
-373,27
-373,28
-373,29
-373,30
-373,31
-373,32
-373,33
-373,34
-373,35
-373,36
-373,37
-373,38
-373,39
-373,40
-373,41
-373,42
-373,43
-373,44
:266_1,45
:266_1,46
:266_9,47
:266_9,48
:266_9,49
372,50
372,51
372,52
372,53
372,54
372,55
372,56
372,57
372,58
372,59
372,60
372,61
372,62
372,63
372,64
372,65
372,66
372,67
372,68
372,69
372,70
372,71
372,72
372,73
372,74
372,75
372,76
372,77
372,78
372,79
372,80
372,81
372,82
372,83
372,84
372,85
372,86
372,87
372,88
372,89
372,90
372,91
372,92
372,93
372,94
372,95
372,96
372,97
372,98
372,99
372,100
372,101
372,102
372,103
372,104
372,105
372,106
372,107
372,108
372,109
372,110
372,111
372,112
372,113
372,114
372,115
372,116
372,117
372,118
372,119
372,120
372,121
372,122
372,123
372,124
372,125
372,126
372,127
372,128
372,129
372,130
372,131
372,132
372,133
372,134
372,135
372,136
372,137
372,138
372,139
372,140
372,141
372,142
372,143
372,144
372,145
372,146
372,147
372,148
372,149
372,150
372,151
372,152
372,153
372,154
372,155
372,156
372,157
372,158
372,159
372,160
372,161
372,162
372,163
372,164
372,165
372,166
372,167
372,168
372,169
372,170
372,171
372,172
372,173
372,174
372,175
372,176
372,177
372,178
372,179
372,180
372,181
372,182
372,183
372,184
372,185
372,186
372,187
372,188
372,189
372,190
372,191
372,192
372,193
372,194
372,195
372,196
372,197
372,198
372,199
372,200
372,201
372,202
372,203
372,204
372,205
372,206
372,207
372,208
372,209
372,210
372,211
372,212
372,213
372,214
372,215
372,216
:155_5,217
:155_5,218
:155_5,219
:155_5,220
:155_5,221
:155_5,222
:155_5,223
:155_5,224
:155_5,225
:155_5,226
:155_5,227
-139,228
-139,229
-139,230
-139,231
-139,232
-139,233
-139,234
-139,235
-139,236
-139,237
-139,238
-139,239
-139,240
-139,241
-139,242
-139,243
-139,244
-139,245
-139,246
-139,247
-139,248
-139,249
-139,250
-139,251
-139,252
-139,253
-139,254
-139,255
-139,256
-139,257
-139,258
-139,259
-139,260
-139,261
-139,262
-139,263
-139,264
-139,265
-139,266
-139,267
-139,268
-139,269
-139,270
-139,271
-139,272
-139,273
-139,274
-139,275
-139,276
-139,277
-139,278
-139,279
-139,280
-139,281
-139,282
-139,283
-139,284
-139,285
-139,286
-139,287
-139,288
-139,289
-139,290
-139,291
-139,292
-139,293
-139,294
-139,295
-139,296
-139,297
-139,298
-139,299
-139,300
-139,301
-139,302
-139,303
-139,304
-139,305
-139,306
-139,307
-139,308
-139,309
-139,310
-139,311
-139,312
-139,313
-139,314
-139,315
-139,316
-139,317
-139,318
-139,319
:153_4,320
:153_4,321
:153_4,322
:153_4,323
138,324
138,325
138,326
138,327
138,328
138,329
138,330
138,331
138,332
138,333
138,334
138,335
138,336
138,337
138,338
138,339
138,340
138,341
138,342
138,343
138,344
138,345
138,346
138,347
138,348
138,349
138,350
138,351
138,352
138,353
138,354
138,355
138,356
138,357
138,358
138,359
138,360
138,361
138,362
138,363
138,364
138,365
138,366
138,367
138,368
138,369
138,370
138,371
138,372
138,373
138,374
138,375
138,376
138,377
138,378
138,379
138,380
138,381
138,382
138,383
138,384
138,385
138,386
138,387
138,388
138,389
138,390
138,391
138,392
138,393
138,394
138,395
138,396
138,397
138,398
138,399
138,400
138,401
138,402
138,403
138,404
138,405
138,406
138,407
138,408
138,409
138,410
138,411
138,412
138,413
138,414
138,415
138,416
138,417
138,418
138,419
138,420
138,421
138,422
138,423
138,424
138,425
138,426
138,427
138,428
138,429
138,430
138,431
138,432
138,433
:154_7,434
:154_7,435
:154_7,436
:154_7,437
:154_7,438
:154_7,439
-450,440
-450,441
-450,442
-450,443
-450,444
-450,445
-450,446
-450,447
-450,448
-450,449
-450,450
-450,451
-450,452
-450,453
-450,454
-450,455
-450,456
-450,457
-450,458
-450,459
-450,460
-450,461
-450,462
-450,463
-450,464
-450,465
-450,466
-450,467
-450,468
-450,469
-450,470
-450,471
-450,472
-450,473
-450,474
-450,475
-450,476
-450,477
-450,478
-450,479
-450,480
:40_4,481
:40_4,482
:40_4,483
:40_4,484
:40_4,485
:40_4,486
-33,487
-33,488
-33,489
-33,490
-33,491
-33,492
-33,493
-33,494
-33,495
-33,496
-33,497
-33,498
-33,499
-33,500
-33,501
-33,502
-33,503
-33,504
-33,505
-33,506
-33,507
-33,508
-33,509
-33,510
-33,511
-33,512
-33,513
-33,514
-33,515
-33,516
-33,517
-33,518
-33,519
-33,520
-33,521
-33,522
-33,523
-33,524
-33,525
-33,526
-33,527
-33,528
-33,529
-33,530
-33,531
-33,532
-33,533
-33,534
-33,535
-33,536
-33,537
-33,538
-33,539
-33,540
-33,541
-33,542
-33,543
-33,544
-33,545
-33,546
-33,547
-33,548
-33,549
-33,550
-33,551
-33,552
-33,553
-33,554
-33,555
-33,556
-33,557
-33,558
-33,559
-33,560
-33,561
-33,562
-33,563
-33,564
-33,565
-33,566
-33,567
-33,568
-33,569
-33,570
-33,571
-33,572
-33,573
-33,574
-33,575
-33,576
-33,577
-33,578
-33,579
-33,580
-33,581
-33,582
-33,583
-33,584
-33,585
-33,586
-33,587
-33,588
-33,589
-33,590
-33,591
-33,592
-33,593
-33,594
-33,595
-33,596
-33,597
-33,598
-33,599
-33,600
-33,601
-33,602
-33,603
-33,604
-33,605
-33,606
-33,607
-33,608
-33,609
-33,610
-33,611
-33,612
-33,613
-33,614
-33,615
-33,616
-33,617
-33,618
-33,619
-33,620
-33,621
-33,622
-33,623
-33,624
-33,625
-33,626
-33,627
-33,628
-33,629
-33,630
-33,631
-33,632
-33,633
-33,634
-33,635
-33,636
-33,637
-33,638
-33,639
-33,640
-33,641
-33,642
-33,643
-33,644
-33,645
-33,646
-33,647
-33,648
-33,649
-33,650
-33,651
-33,652
-33,653
-33,654
-33,655
-33,656
-33,657
-33,658
-33,659
-33,660
-33,661
-33,662
-33,663
-33,664
-33,665
-33,666
-33,667
-33,668
-33,669
-33,670
-33,671
:38_10,672
:38_10,673
:38_18,674
:38_18,675
:38_18,676
32,677
32,678
32,679
32,680
32,681
32,682
32,683
32,684
32,685
32,686
32,687
32,688
32,689
32,690
32,691
32,692
32,693
32,694
32,695
32,696
32,697
32,698
32,699
32,700
32,701
32,702
32,703
32,704
32,705
32,706
32,707
32,708
32,709
32,710
32,711
32,712
32,713
32,714
32,715
32,716
32,717
32,718
32,719
32,720
32,721
32,722
32,723
32,724
32,725
32,726
32,727
32,728
32,729
32,730
32,731
32,732
32,733
32,734
32,735
32,736
32,737
32,738
32,739
32,740
32,741
32,742
32,743
32,744
32,745
32,746
32,747
32,748
32,749
32,750
32,751
32,752
32,753
32,754
32,755
32,756
32,757
32,758
32,759
32,760
32,761
32,762
:39_4,763
:39_4,764
:39_4,765
:39_4,766
:39_4,767
-220,768
-220,769
-220,770
-220,771
-220,772
-220,773
-220,774
-220,775
-220,776
-220,777
-220,778
-220,779
-220,780
-220,781
-220,782
-220,783
-220,784
-220,785
-220,786
-220,787
-220,788
-220,789
-220,790
-220,791
-220,792
-220,793
-220,794
-220,795
-220,796
-220,797
-220,798
-220,799
-220,800
-220,801
-220,802
-220,803
-220,804
-220,805
-220,806
-220,807
-220,808
-220,809
-220,810
-220,811
-220,812
-220,813
-220,814
-220,815
-220,816
-220,817
-220,818
-220,819
-220,820
-220,821
-220,822
-220,823
-220,824
-220,825
-220,826
-220,827
-220,828
-220,829
-220,830
-220,831
-220,832
-220,833
-220,834
-220,835
-220,836
-220,837
-220,838
-220,839
-220,840
-220,841
-220,842
-220,843
-220,844
-220,845
-220,846
-220,847
-220,848
-220,849
-220,850
-220,851
-220,852
-220,853
-220,854
-220,855
-220,856
-220,857
-220,858
-220,859
-220,860
-220,861
-220,862
-220,863
-220,864
-220,865
-220,866
-220,867
-220,868
-220,869
-220,870
-220,871
-220,872
-220,873
-220,874
-220,875
-220,876
-220,877
-220,878
-220,879
-220,880
-220,881
-220,882
-220,883
-220,884
-220,885
-220,886
-220,887
-220,888
-220,889
-220,890
-220,891
-220,892
-220,893
-220,894
-220,895
-220,896
-220,897
-220,898
-220,899
-220,900
-220,901
-220,902
-220,903
-220,904
-220,905
-220,906
-220,907
-220,908
-220,909
-220,910
-220,911
-220,912
-220,913
-220,914
-220,915
-220,916
-220,917
-220,918
-220,919
-220,920
-220,921
-220,922
-220,923
-220,924
-220,925
-220,926
-220,927
-220,928
-220,929
-220,930
-220,931
-220,932
-220,933
-220,934
-220,935
-220,936
-220,937
-220,938
-220,939
-220,940
-220,941
-220,942
-220,943
-220,944
-220,945
-220,946
-220,947
-220,948
-220,949
-220,950
-220,951
-220,952
-220,953
-220,954
-220,955
-220,956
-220,957
-220,958
-220,959
-220,960
-220,961
-220,962
-220,963
-220,964
-220,965
-373,1
-373,2
-373,3
-373,1
