-552,1
-552,1
-552,1
-552,2
-552,3
-552,4
-552,5
-552,6
-552,7
-552,8
-552,9
-552,10
-552,11
-552,12
-552,13
-552,14
-552,15
-552,16
-552,17
-552,18
-552,19
-552,20
-552,21
-552,22
-552,23
-552,24
-552,25
-552,26
-552,27
-552,28
-552,29
-552,30
-552,31
-552,32
-552,33
-552,34
-552,35
-552,36
-552,37
-552,38
-552,39
-552,40
-552,41
-552,42
-552,43
-552,44
-552,45
-552,46
-552,47
-552,48
-552,49
-552,50
-552,51
-552,52
-552,53
-552,54
-552,55
-552,56
-552,57
-552,58
-552,59
-552,60
-552,61
-552,62
-552,63
-552,64
-552,65
-552,66
-552,67
-552,68
-552,69
-552,70
-552,71
-552,72
-552,73
-552,74
-552,75
-552,76
-552,77
-552,78
-552,79
-552,80
-552,81
-552,82
-552,83
-552,84
-552,85
-552,86
-552,87
-552,88
-552,89
-552,90
-552,91
-552,92
-552,93
-552,94
-552,95
-552,96
-552,97
-552,98
-552,99
-552,100
-552,101
-552,102
-552,103
-552,104
-552,105
-552,106
-552,107
-552,108
-552,109
-552,110
-552,111
-552,112
-552,113
-552,114
-552,115
-552,116
-552,117
-552,118
-552,119
-552,120
-552,121
-552,122
-552,123
-552,124
-552,125
-552,126
-552,127
-552,128
-552,129
-552,130
-552,131
-552,132
-552,133
-552,134
-552,135
-552,136
-552,137
-552,138
-552,139
-552,140
-552,141
-552,142
-552,143
-552,144
-552,145
-552,146
-552,147
-552,148
-552,149
:41_1,150
:41_1,151
:41_1,152
:41_1,153
:41_1,154
-34,155
-34,156
-34,157
-34,158
-34,159
-34,160
-34,161
-34,162
-34,163
-34,164
-34,165
-34,166
-34,167
-34,168
-34,169
-34,170
-34,171
-34,172
-34,173
-34,174
-34,175
-34,176
-34,177
-34,178
-34,179
-34,180
-34,181
-34,182
-34,183
-34,184
-34,185
-34,186
-34,187
-34,188
-34,189
-34,190
-34,191
-34,192
-34,193
-34,194
-34,195
-34,196
-34,197
-34,198
-34,199
-34,200
-34,201
-34,202
-34,203
-34,204
-34,205
-34,206
-34,207
-34,208
-34,209
-34,210
-34,211
-34,212
-34,213
-34,214
-34,215
-34,216
-34,217
-34,218
-34,219
-34,220
-34,221
-34,222
-34,223
-34,224
-34,225
-34,226
-34,227
-34,228
-34,229
-34,230
-34,231
-34,232
-34,233
-34,234
-34,235
-34,236
-34,237
-34,238
-34,239
-34,240
-34,241
-34,242
-34,243
-34,244
-34,245
-34,246
-34,247
-34,248
-34,249
-34,250
-34,251
-34,252
-34,253
-34,254
-34,255
-34,256
-34,257
-34,258
-34,259
-34,260
-34,261
-34,262
-34,263
-34,264
-34,265
-34,266
-34,267
-34,268
-34,269
-34,270
-34,271
-34,272
-34,273
-34,274
-34,275
-34,276
-34,277
-34,278
-34,279
-34,280
-34,281
-34,282
-34,283
-34,284
-34,285
-34,286
-34,287
:38_1,288
:38_1,289
:38_1,290
:38_1,291
:38_1,292
:38_1,293
33,294
33,295
33,296
33,297
33,298
33,299
33,300
33,301
33,302
33,303
33,304
33,305
33,306
33,307
33,308
33,309
33,310
33,311
33,312
33,313
33,314
33,315
33,316
33,317
33,318
33,319
33,320
33,321
33,322
33,323
33,324
33,325
33,326
33,327
33,328
33,329
33,330
33,331
33,332
33,333
33,334
33,335
33,336
33,337
33,338
33,339
33,340
33,341
33,342
33,343
33,344
33,345
33,346
33,347
33,348
33,349
33,350
33,351
33,352
33,353
33,354
33,355
33,356
33,357
33,358
33,359
33,360
33,361
33,362
33,363
33,364
33,365
33,366
33,367
33,368
33,369
33,370
33,371
33,372
33,373
33,374
33,375
33,376
33,377
33,378
33,379
33,380
33,381
33,382
33,383
33,384
33,385
33,386
33,387
33,388
33,389
33,390
33,391
33,392
33,393
33,394
33,395
33,396
33,397
33,398
33,399
33,400
33,401
33,402
33,403
33,404
33,405
33,406
33,407
33,408
33,409
33,410
33,411
33,412
33,413
33,414
33,415
33,416
33,417
33,418
33,419
33,420
33,421
33,422
33,423
33,424
33,425
33,426
33,427
33,428
33,429
33,430
33,431
33,432
33,433
33,434
33,435
33,436
33,437
33,438
33,439
33,440
33,441
33,442
33,443
33,444
33,445
33,446
33,447
33,448
33,449
33,450
33,451
33,452
33,453
33,454
33,455
33,456
33,457
33,458
33,459
33,460
33,461
33,462
33,463
33,464
33,465
33,466
33,467
33,468
33,469
33,470
33,471
33,472
33,473
33,474
33,475
33,476
33,477
33,478
33,479
33,480
33,481
33,482
33,483
33,484
33,485
33,486
33,487
33,488
:40_6,489
:40_6,490
:40_6,491
:40_6,492
:40_6,493
:40_6,494
450,495
450,496
450,497
450,498
450,499
450,500
450,501
450,502
450,503
450,504
450,505
450,506
450,507
450,508
450,509
450,510
450,511
450,512
450,513
450,514
450,515
450,516
450,517
450,518
450,519
450,520
450,521
450,522
450,523
450,524
450,525
450,526
450,527
450,528
450,529
450,530
450,531
450,532
450,533
450,534
450,535
450,536
450,537
450,538
:154_0,539
:154_0,540
:154_0,541
:154_0,542
:154_0,543
-138,544
-138,545
-138,546
-138,547
-138,548
-138,549
-138,550
-138,551
-138,552
-138,553
-138,554
-138,555
-138,556
-138,557
-138,558
-138,559
-138,560
-138,561
-138,562
-138,563
-138,564
-138,565
-138,566
-138,567
-138,568
-138,569
-138,570
-138,571
-138,572
-138,573
-138,574
-138,575
-138,576
-138,577
-138,578
-138,579
-138,580
-138,581
-138,582
-138,583
-138,584
-138,585
-138,586
-138,587
-138,588
-138,589
-138,590
-138,591
-138,592
-138,593
-138,594
-138,595
-138,596
-138,597
-138,598
-138,599
-138,600
-138,601
-138,602
-138,603
-138,604
-138,605
-138,606
-138,607
-138,608
-138,609
-138,610
-138,611
-138,612
-138,613
-138,614
-138,615
-138,616
-138,617
-138,618
-138,619
-138,620
-138,621
-138,622
-138,623
-138,624
-138,625
-138,626
-138,627
-138,628
-138,629
-138,630
-138,631
-138,632
-138,633
-138,634
-138,635
-138,636
-138,637
-138,638
-138,639
-138,640
-138,641
-138,642
-138,643
-138,644
-138,645
-138,646
-138,647
-138,648
-138,649
-138,650
-138,651
-138,652
-138,653
-138,654
-138,655
-138,656
-138,657
-138,658
-138,659
-138,660
:153_2,661
:153_2,662
:153_16,663
:153_16,664
:153_16,665
:153_16,666
139,667
139,668
139,669
139,670
139,671
139,672
139,673
139,674
139,675
139,676
139,677
139,678
139,679
139,680
139,681
139,682
139,683
139,684
139,685
139,686
139,687
139,688
139,689
139,690
139,691
139,692
139,693
139,694
139,695
139,696
139,697
139,698
139,699
139,700
139,701
139,702
139,703
139,704
139,705
139,706
139,707
139,708
139,709
139,710
139,711
139,712
139,713
139,714
139,715
139,716
139,717
139,718
139,719
139,720
139,721
139,722
139,723
139,724
139,725
139,726
139,727
139,728
139,729
139,730
139,731
139,732
139,733
139,734
139,735
139,736
139,737
139,738
139,739
139,740
139,741
139,742
139,743
139,744
139,745
139,746
139,747
139,748
139,749
139,750
139,751
139,752
:155_12,753
:155_12,754
:155_12,755
:155_12,756
391,757
391,758
391,759
391,760
391,761
391,762
391,763
391,764
391,765
391,766
391,767
391,768
391,769
391,770
391,771
391,772
391,773
391,774
391,775
391,776
391,777
391,778
391,779
391,780
391,781
391,782
391,783
391,784
391,785
391,786
391,787
391,788
391,789
391,790
391,791
391,792
391,793
391,794
391,795
391,796
391,797
:353_6,798
:353_6,799
:353_6,800
:353_6,801
:353_6,802
500,803
500,804
500,805
500,806
500,807
500,808
500,809
500,810
500,811
500,812
500,813
500,814
500,815
500,816
500,817
500,818
500,819
500,820
500,821
500,822
500,823
500,824
500,825
500,826
500,827
500,828
500,829
500,830
500,831
500,832
500,833
500,834
500,835
500,836
500,837
500,838
500,839
500,840
500,841
500,842
500,843
500,844
500,845
500,846
500,847
500,848
500,849
500,850
500,851
500,852
500,853
500,854
500,855
500,856
500,857
500,858
500,859
500,860
:257_1,861
-260,862
-260,863
-260,864
-260,865
-260,866
-260,867
-260,868
-260,869
-260,870
-260,871
-260,872
-260,873
-260,874
-260,875
-260,876
-260,877
-260,878
-260,879
-260,880
-260,881
-260,882
-260,883
-260,884
-260,885
-260,886
-260,887
-260,888
-260,889
-260,890
-260,891
-260,892
-260,893
-260,894
-260,895
-260,896
-260,897
-260,898
-260,899
-260,900
-260,901
-260,902
-260,903
-260,904
-260,905
-260,906
-260,907
-260,908
-260,909
-260,910
-260,911
-260,912
-260,913
-260,914
-260,915
-260,916
-260,917
-260,918
-260,919
-260,920
-260,921
-260,922
-260,923
-260,924
-260,925
-260,926
-260,927
-260,928
-260,929
-260,930
-260,931
-260,932
-260,933
-260,934
-260,935
-260,936
-260,937
-260,938
-260,939
-260,940
-260,941
-260,942
-260,943
-260,944
-260,945
-260,946
-260,947
-260,948
-260,949
-260,950
-260,951
-260,952
-260,953
-260,954
-260,955
:157_0,956
:157_0,957
:157_0,958
:157_0,959
-142,960
-142,961
-142,962
-142,963
-142,964
-142,965
-552,1
-552,2
-552,3
-552,1
