-199,1
-199,1
-199,1
-199,2
-199,3
-199,4
-199,5
-199,6
-199,7
-199,8
-199,9
-199,10
-199,11
-199,12
-199,13
-199,14
-199,15
-199,16
-199,17
-199,18
-199,19
-199,20
-199,21
-199,22
-199,23
-199,24
-199,25
-199,26
-199,27
-199,28
-199,29
-199,30
-199,31
-199,32
-199,33
-199,34
-199,35
-199,36
-199,37
-199,38
-199,39
-199,40
-199,41
-199,42
-199,43
-199,44
-199,45
-199,46
-199,47
-199,48
-199,49
-199,50
-199,51
-199,52
-199,53
-199,54
-199,55
-199,56
-199,57
-199,58
-199,59
-199,60
-199,61
-199,62
-199,63
-199,64
-199,65
-199,66
-199,67
-199,68
-199,69
-199,70
-199,71
-199,72
-199,73
-199,74
-199,75
-199,76
-199,77
-199,78
-199,79
-199,80
-199,81
-199,82
-199,83
-199,84
-199,85
-199,86
-199,87
:206_3,88
:206_3,89
:206_3,90
:206_3,91
:206_3,92
:206_3,93
-198,94
-198,95
-198,96
-198,97
-198,98
-198,99
-198,100
-198,101
-198,102
-198,103
-198,104
-198,105
-198,106
-198,107
-198,108
-198,109
-198,110
-198,111
-198,112
-198,113
-198,114
-198,115
-198,116
-198,117
-198,118
-198,119
-198,120
-198,121
-198,122
-198,123
-198,124
-198,125
-198,126
-198,127
-198,128
-198,129
-198,130
-198,131
-198,132
-198,133
-198,134
-198,135
-198,136
-198,137
-198,138
-198,139
-198,140
-198,141
-198,142
-198,143
-198,144
-198,145
-198,146
-198,147
-198,148
-198,149
-198,150
-198,151
-198,152
-198,153
-198,154
-198,155
-198,156
-198,157
-198,158
-198,159
-198,160
-198,161
-198,162
-198,163
-198,164
-198,165
-198,166
-198,167
-198,168
-198,169
-198,170
-198,171
-198,172
-198,173
-198,174
-198,175
-198,176
-198,177
-198,178
-198,179
-198,180
-198,181
-198,182
-198,183
-198,184
-198,185
-198,186
-198,187
-198,188
-198,189
-198,190
-198,191
-198,192
-198,193
-198,194
-198,195
-198,196
-198,197
-198,198
-198,199
-198,200
-198,201
-198,202
-198,203
-198,204
-198,205
-198,206
-198,207
-198,208
-198,209
-198,210
-198,211
-198,212
-198,213
-198,214
-198,215
-198,216
-198,217
-198,218
-198,219
-198,220
-198,221
-198,222
-198,223
-198,224
-198,225
-198,226
-198,227
-198,228
-198,229
-198,230
-198,231
-198,232
-198,233
-198,234
-198,235
-198,236
-198,237
-198,238
-198,239
-198,240
-198,241
-198,242
-198,243
-198,244
-198,245
-198,246
-198,247
-198,248
-198,249
-198,250
-198,251
-198,252
-198,253
-198,254
-198,255
-198,256
-198,257
-198,258
-198,259
-198,260
-198,261
-198,262
-198,263
-198,264
-198,265
-198,266
-198,267
-198,268
-198,269
-198,270
-198,271
-198,272
-198,273
-198,274
-198,275
-198,276
-198,277
-198,278
-198,279
-198,280
-198,281
-198,282
-198,283
-198,284
-198,285
-198,286
-198,287
-198,288
-198,289
-198,290
-198,291
-198,292
-198,293
-198,294
-198,295
-198,296
-198,297
-198,298
-198,299
-198,300
-198,301
-198,302
-198,303
-198,304
-198,305
-198,306
-198,307
-198,308
-198,309
-198,310
-198,311
-198,312
-198,313
-198,314
-198,315
-198,316
-198,317
-198,318
-198,319
-198,320
-198,321
-198,322
-198,323
-198,324
-198,325
-198,326
-198,327
-198,328
:205_7,329
:205_7,330
:205_7,331
:205_7,332
:205_7,333
-197,334
-197,335
-197,336
-197,337
-197,338
-197,339
-197,340
-197,341
-197,342
-197,343
-197,344
-197,345
-197,346
-197,347
-197,348
-197,349
-197,350
-197,351
-197,352
-197,353
-197,354
-197,355
-197,356
-197,357
-197,358
-197,359
-197,360
-197,361
-197,362
-197,363
-197,364
-197,365
-197,366
-197,367
-197,368
-197,369
-197,370
-197,371
-197,372
-197,373
-197,374
-197,375
-197,376
-197,377
-197,378
-197,379
-197,380
-197,381
-197,382
-197,383
-197,384
-197,385
-197,386
-197,387
-197,388
-197,389
-197,390
-197,391
-197,392
-197,393
-197,394
-197,395
-197,396
-197,397
-197,398
-197,399
-197,400
-197,401
-197,402
-197,403
-197,404
-197,405
-197,406
-197,407
-197,408
-197,409
-197,410
-197,411
-197,412
-197,413
-197,414
-197,415
-197,416
-197,417
-197,418
-197,419
-197,420
-197,421
-197,422
-197,423
-197,424
-197,425
-197,426
-197,427
-197,428
-197,429
-197,430
-197,431
-197,432
-197,433
-197,434
-197,435
-197,436
-197,437
-197,438
-197,439
-197,440
-197,441
-197,442
-197,443
-197,444
-197,445
-197,446
-197,447
-197,448
-197,449
-197,450
-197,451
-197,452
-197,453
-197,454
-197,455
-197,456
-197,457
-197,458
-197,459
-197,460
-197,461
-197,462
-197,463
-197,464
-197,465
-197,466
-197,467
-197,468
-197,469
-197,470
-197,471
-197,472
-197,473
-197,474
-197,475
-197,476
-197,477
-197,478
-197,479
-197,480
-197,481
-197,482
-197,483
-197,484
-197,485
-197,486
-197,487
-197,488
-197,489
-197,490
-197,491
-197,492
-197,493
-197,494
-197,495
-197,496
-197,497
-197,498
-197,499
-197,500
-197,501
-197,502
-197,503
-197,504
-197,505
-197,506
-197,507
-197,508
-197,509
-197,510
-197,511
-197,512
-197,513
-197,514
-197,515
-197,516
-197,517
-197,518
-197,519
-197,520
-197,521
-197,522
-197,523
-197,524
-197,525
-197,526
-197,527
-197,528
-197,529
-197,530
-197,531
-197,532
-197,533
-197,534
-197,535
-197,536
-197,537
-197,538
-197,539
-197,540
-197,541
-197,542
-197,543
-197,544
-197,545
-197,546
-197,547
-197,548
-197,549
-197,550
-197,551
-197,552
-197,553
-197,554
-197,555
-197,556
-197,557
-197,558
-197,559
-197,560
-197,561
-197,562
-197,563
-197,564
-197,565
-197,566
-197,567
-197,568
-197,569
-197,570
-197,571
-197,572
-197,573
-197,574
-197,575
-197,576
-197,577
-197,578
-197,579
-197,580
-197,581
-197,582
-197,583
-197,584
-197,585
-197,586
-197,587
-197,588
-197,589
-197,590
-197,591
-197,592
-197,593
-197,594
-197,595
-197,596
-197,597
-197,598
-197,599
-197,600
-197,601
-197,602
-197,603
-197,604
-197,605
-197,606
-197,607
-197,608
-197,609
-197,610
-197,611
-197,612
-197,613
-197,614
-197,615
-197,616
-197,617
-197,618
-197,619
-197,620
-197,621
-197,622
-197,623
-197,624
-197,625
-197,626
-197,627
-197,628
-197,629
-197,630
-197,631
-197,632
-197,633
-197,634
-197,635
-197,636
-197,637
-197,638
-197,639
-197,640
-197,641
:35_9,642
:35_9,643
:35_9,644
:35_9,645
:35_9,646
:35_9,647
193,648
193,649
193,650
193,651
193,652
193,653
193,654
193,655
193,656
193,657
193,658
193,659
193,660
193,661
193,662
193,663
193,664
193,665
193,666
193,667
193,668
193,669
193,670
193,671
193,672
193,673
193,674
193,675
193,676
193,677
193,678
193,679
193,680
193,681
193,682
193,683
193,684
193,685
193,686
193,687
193,688
193,689
193,690
193,691
193,692
193,693
193,694
193,695
193,696
193,697
193,698
193,699
193,700
193,701
193,702
193,703
193,704
193,705
193,706
193,707
193,708
193,709
193,710
193,711
193,712
193,713
193,714
193,715
193,716
193,717
193,718
193,719
193,720
193,721
193,722
193,723
193,724
193,725
193,726
193,727
193,728
193,729
193,730
193,731
193,732
193,733
193,734
193,735
193,736
193,737
193,738
193,739
193,740
193,741
193,742
193,743
193,744
193,745
193,746
193,747
193,748
193,749
193,750
193,751
193,752
193,753
193,754
193,755
193,756
193,757
193,758
193,759
193,760
193,761
193,762
193,763
193,764
193,765
193,766
193,767
193,768
193,769
193,770
193,771
193,772
193,773
193,774
193,775
193,776
193,777
193,778
193,779
193,780
193,781
193,782
193,783
193,784
193,785
193,786
193,787
193,788
193,789
193,790
193,791
193,792
193,793
193,794
193,795
193,796
193,797
193,798
193,799
193,800
193,801
193,802
193,803
193,804
193,805
193,806
193,807
193,808
193,809
193,810
193,811
193,812
193,813
193,814
193,815
193,816
193,817
193,818
193,819
193,820
193,821
193,822
:203_3,823
:203_3,824
:203_3,825
:203_3,826
:203_3,827
194,828
194,829
194,830
194,831
194,832
194,833
194,834
194,835
194,836
194,837
194,838
194,839
194,840
194,841
194,842
194,843
194,844
194,845
194,846
194,847
194,848
194,849
194,850
194,851
194,852
194,853
194,854
194,855
194,856
194,857
194,858
194,859
194,860
194,861
194,862
194,863
194,864
194,865
194,866
194,867
194,868
194,869
194,870
194,871
194,872
194,873
194,874
194,875
194,876
194,877
194,878
194,879
194,880
194,881
194,882
194,883
194,884
194,885
194,886
194,887
194,888
194,889
194,890
194,891
194,892
194,893
194,894
194,895
194,896
194,897
194,898
194,899
194,900
194,901
194,902
194,903
194,904
194,905
194,906
194,907
194,908
194,909
194,910
194,911
194,912
194,913
194,914
194,915
194,916
194,917
194,918
194,919
194,920
194,921
194,922
194,923
194,924
194,925
194,926
194,927
194,928
194,929
194,930
194,931
194,932
194,933
194,934
194,935
194,936
194,937
194,938
194,939
194,940
194,941
194,942
194,943
194,944
194,945
194,946
194,947
194,948
194,949
194,950
194,951
194,952
194,953
194,954
194,955
194,956
194,957
194,958
194,959
194,960
194,961
194,962
194,963
194,964
194,965
-199,1
-199,2
-199,3
-199,1
