614,1
614,1
614,1
614,2
614,3
614,4
614,5
614,6
614,7
614,8
614,9
614,10
614,11
614,12
614,13
614,14
614,15
614,16
614,17
614,18
614,19
614,20
614,21
614,22
614,23
614,24
614,25
614,26
614,27
614,28
614,29
614,30
614,31
614,32
614,33
614,34
614,35
614,36
614,37
614,38
614,39
614,40
614,41
614,42
614,43
614,44
614,45
614,46
614,47
614,48
614,49
614,50
614,51
614,52
614,53
614,54
614,55
614,56
614,57
:334_2,58
:334_2,59
:334_2,60
:334_2,61
:334_2,62
-366,63
-366,64
-366,65
-366,66
-366,67
-366,68
-366,69
-366,70
-366,71
-366,72
-366,73
-366,74
-366,75
-366,76
-366,77
-366,78
-366,79
-366,80
-366,81
-366,82
-366,83
-366,84
-366,85
-366,86
-366,87
-366,88
-366,89
-366,90
-366,91
-366,92
-366,93
-366,94
-366,95
-366,96
-366,97
-366,98
-366,99
-366,100
-366,101
-366,102
-366,103
-366,104
-366,105
-366,106
-366,107
-366,108
-366,109
-366,110
-366,111
-366,112
-366,113
-366,114
-366,115
-366,116
-366,117
-366,118
-366,119
-366,120
-366,121
-366,122
-366,123
-366,124
-366,125
-366,126
-366,127
-366,128
-366,129
-366,130
-366,131
-366,132
-366,133
-366,134
-366,135
-366,136
-366,137
-366,138
-366,139
-366,140
-366,141
-366,142
-366,143
:138_14,144
:138_14,145
:138_14,146
:138_14,147
:138_14,148
367,149
367,150
367,151
367,152
367,153
367,154
367,155
367,156
367,157
367,158
367,159
367,160
367,161
367,162
367,163
367,164
367,165
367,166
367,167
367,168
367,169
367,170
367,171
367,172
367,173
367,174
367,175
367,176
367,177
367,178
367,179
367,180
367,181
367,182
367,183
367,184
367,185
367,186
367,187
367,188
367,189
367,190
367,191
367,192
367,193
367,194
367,195
367,196
367,197
367,198
367,199
367,200
367,201
367,202
367,203
367,204
367,205
367,206
367,207
367,208
367,209
367,210
:336_3,211
:336_3,212
:336_3,213
:336_3,214
:336_3,215
-414,216
-414,217
-414,218
-414,219
-414,220
-414,221
-414,222
-414,223
-414,224
-414,225
-414,226
-414,227
-414,228
-414,229
-414,230
-414,231
-414,232
-414,233
-414,234
-414,235
-414,236
-414,237
-414,238
-414,239
-414,240
-414,241
-414,242
-414,243
-414,244
-414,245
-414,246
-414,247
-414,248
-414,249
-414,250
-414,251
-414,252
-414,253
-414,254
-414,255
-414,256
-414,257
-414,258
-414,259
-414,260
-414,261
-414,262
-414,263
-414,264
-414,265
-414,266
-414,267
-414,268
-414,269
-414,270
-414,271
-414,272
-414,273
-414,274
-414,275
-414,276
-414,277
-414,278
-414,279
-414,280
-414,281
-414,282
-414,283
-414,284
-414,285
-414,286
-414,287
-414,288
-414,289
-414,290
-414,291
-414,292
-414,293
-414,294
-414,295
-414,296
-414,297
-414,298
-414,299
-414,300
-414,301
-414,302
-414,303
-414,304
-414,305
-414,306
-414,307
-414,308
-414,309
-414,310
-414,311
-414,312
-414,313
-414,314
-414,315
-414,316
-414,317
-414,318
-414,319
-414,320
-414,321
-414,322
-414,323
-414,324
-414,325
-414,326
-414,327
-414,328
-414,329
-414,330
-414,331
-414,332
-414,333
-414,334
-414,335
-414,336
-414,337
-414,338
-414,339
-414,340
-414,341
-414,342
-414,343
-414,344
-414,345
-414,346
-414,347
-414,348
-414,349
-414,350
-414,351
-414,352
-414,353
:365_9,354
:365_9,355
:365_9,356
:365_9,357
:365_9,358
:365_9,359
412,360
412,361
412,362
412,363
412,364
412,365
412,366
412,367
412,368
412,369
412,370
412,371
412,372
412,373
412,374
412,375
412,376
412,377
412,378
412,379
412,380
412,381
412,382
412,383
412,384
412,385
412,386
412,387
412,388
412,389
412,390
412,391
412,392
412,393
412,394
412,395
412,396
412,397
412,398
412,399
412,400
412,401
412,402
412,403
412,404
412,405
412,406
412,407
412,408
412,409
412,410
412,411
412,412
412,413
412,414
412,415
412,416
412,417
412,418
412,419
412,420
412,421
412,422
412,423
412,424
412,425
412,426
412,427
412,428
412,429
412,430
412,431
412,432
412,433
412,434
412,435
412,436
412,437
412,438
412,439
412,440
412,441
412,442
412,443
412,444
412,445
412,446
412,447
412,448
412,449
412,450
412,451
412,452
412,453
412,454
:193_9,455
:193_9,456
:193_9,457
:193_9,458
:193_9,459
:193_9,460
-180,461
-180,462
-180,463
-180,464
-180,465
-180,466
-180,467
-180,468
-180,469
-180,470
-180,471
-180,472
-180,473
-180,474
-180,475
-180,476
-180,477
-180,478
-180,479
-180,480
-180,481
-180,482
-180,483
-180,484
-180,485
-180,486
-180,487
-180,488
-180,489
-180,490
-180,491
-180,492
-180,493
-180,494
-180,495
-180,496
-180,497
-180,498
-180,499
-180,500
-180,501
-180,502
-180,503
-180,504
-180,505
-180,506
-180,507
-180,508
-180,509
-180,510
-180,511
-180,512
-180,513
-180,514
-180,515
-180,516
-180,517
-180,518
-180,519
-180,520
-180,521
-180,522
-180,523
-180,524
-180,525
-180,526
-180,527
-180,528
-180,529
-180,530
-180,531
:163_8,532
:163_8,533
:163_8,534
-148,535
-148,536
-148,537
-148,538
-148,539
-148,540
-148,541
-148,542
-148,543
-148,544
-148,545
-148,546
-148,547
-148,548
-148,549
-148,550
-148,551
-148,552
-148,553
-148,554
-148,555
-148,556
-148,557
-148,558
-148,559
-148,560
-148,561
-148,562
-148,563
-148,564
-148,565
-148,566
-148,567
-148,568
-148,569
-148,570
-148,571
-148,572
-148,573
-148,574
-148,575
-148,576
-148,577
-148,578
-148,579
-148,580
-148,581
-148,582
-148,583
-148,584
-148,585
-148,586
-148,587
-148,588
-148,589
-148,590
-148,591
-148,592
-148,593
-148,594
-148,595
-148,596
-148,597
-148,598
-148,599
-148,600
-148,601
-148,602
-148,603
-148,604
-148,605
-148,606
-148,607
-148,608
-148,609
-148,610
-148,611
-148,612
-148,613
-148,614
-148,615
-148,616
-148,617
-148,618
-148,619
-148,620
:160_13,621
:160_13,622
:160_13,623
:160_13,624
:160_13,625
147,626
147,627
147,628
147,629
147,630
147,631
147,632
147,633
147,634
147,635
147,636
147,637
147,638
147,639
147,640
147,641
147,642
147,643
147,644
147,645
147,646
147,647
147,648
147,649
147,650
147,651
147,652
147,653
147,654
147,655
147,656
147,657
147,658
147,659
147,660
147,661
147,662
147,663
147,664
147,665
147,666
147,667
147,668
147,669
147,670
147,671
147,672
147,673
147,674
147,675
147,676
147,677
147,678
147,679
147,680
147,681
147,682
147,683
147,684
147,685
147,686
147,687
147,688
147,689
:101_6,690
:101_6,691
:101_6,692
:101_6,693
:101_6,694
-86,695
-86,696
-86,697
-86,698
-86,699
-86,700
-86,701
-86,702
-86,703
-86,704
-86,705
-86,706
-86,707
-86,708
-86,709
-86,710
-86,711
-86,712
-86,713
-86,714
-86,715
-86,716
-86,717
-86,718
-86,719
-86,720
-86,721
-86,722
-86,723
-86,724
-86,725
-86,726
-86,727
-86,728
-86,729
-86,730
-86,731
-86,732
-86,733
-86,734
-86,735
-86,736
-86,737
-86,738
-86,739
-86,740
-86,741
-86,742
-86,743
-86,744
-86,745
-86,746
-86,747
-86,748
-86,749
-86,750
-86,751
-86,752
-86,753
-86,754
-86,755
-86,756
-86,757
-86,758
-86,759
-86,760
-86,761
-86,762
-86,763
-86,764
-86,765
-86,766
-86,767
-86,768
-86,769
-86,770
-86,771
-86,772
-86,773
-86,774
-86,775
-86,776
-86,777
-86,778
-86,779
-86,780
-86,781
-86,782
-86,783
-86,784
-86,785
-86,786
-86,787
-86,788
-86,789
-86,790
-86,791
-86,792
-86,793
-86,794
-86,795
-86,796
:27_14,797
:27_14,798
:27_14,799
:27_14,800
:27_14,801
:27_14,802
-23,803
-23,804
-23,805
-23,806
-23,807
-23,808
-23,809
-23,810
-23,811
-23,812
-23,813
-23,814
-23,815
-23,816
-23,817
-23,818
-23,819
-23,820
-23,821
-23,822
-23,823
-23,824
-23,825
-23,826
-23,827
-23,828
-23,829
-23,830
-23,831
-23,832
-23,833
-23,834
-23,835
-23,836
-23,837
-23,838
-23,839
-23,840
-23,841
-23,842
-23,843
-23,844
-23,845
-23,846
-23,847
-23,848
-23,849
-23,850
-23,851
-23,852
-23,853
-23,854
-23,855
-23,856
-23,857
-23,858
-23,859
-23,860
-23,861
-23,862
-23,863
-23,864
-23,865
-23,866
-23,867
-23,868
-23,869
-23,870
-23,871
-23,872
-23,873
-23,874
-23,875
-23,876
-23,877
-23,878
-23,879
-23,880
-23,881
-23,882
-23,883
-23,884
-23,885
-23,886
-23,887
-23,888
-23,889
-23,890
-23,891
-23,892
-23,893
-23,894
-23,895
-23,896
-23,897
-23,898
-23,899
-23,900
-23,901
-23,902
-23,903
-23,904
-23,905
-23,906
-23,907
-23,908
-23,909
-23,910
-23,911
-23,912
-23,913
-23,914
-23,915
-23,916
-23,917
-23,918
-23,919
-23,920
-23,921
-23,922
-23,923
-23,924
-23,925
-23,926
-23,927
-23,928
-23,929
-23,930
-23,931
-23,932
-23,933
-23,934
-23,935
-23,936
-23,937
-23,938
-23,939
-23,940
-23,941
-23,942
-23,943
-23,944
-23,945
-23,946
-23,947
-23,948
-23,949
-23,950
-23,951
-23,952
-23,953
-23,954
-23,955
-23,956
-23,957
-23,958
-23,959
-23,960
-23,961
-23,962
-23,963
-23,964
-23,965
614,1
614,2
614,3
614,1
