-313,15
-313,16
-313,17
-313,18
-313,19
-313,20
-313,21
-313,22
-313,23
-313,24
-313,25
-313,26
-313,27
-313,28
-313,29
-313,30
-313,31
-313,32
-313,33
-313,34
-313,35
-313,36
-313,37
-313,38
-313,39
-313,40
-313,41
-313,42
-313,43
-313,44
-313,45
-313,46
-313,47
-313,48
-313,49
-313,50
-313,51
-313,52
-313,53
-313,54
-313,55
-313,56
-313,57
-313,58
-313,59
-313,60
-313,61
-313,62
-313,63
-313,64
-313,65
-313,66
-313,67
-313,68
-313,69
-313,70
-313,71
-313,72
-313,73
-313,74
-313,75
-313,76
-313,77
-313,78
-313,79
-313,80
-313,81
-313,82
:296_1,83
:296_1,84
:296_1,85
:296_1,86
:296_1,87
:296_1,88
-312,89
-312,90
-312,91
-312,92
-312,93
-312,94
-312,95
-312,96
-312,97
-312,98
-312,99
-312,100
-312,101
-312,102
-312,103
-312,104
-312,105
-312,106
-312,107
-312,108
-312,109
-312,110
-312,111
-312,112
-312,113
-312,114
-312,115
-312,116
-312,117
-312,118
-312,119
-312,120
-312,121
-312,122
-312,123
-312,124
-312,125
-312,126
-312,127
-312,128
-312,129
-312,130
-312,131
-312,132
-312,133
-312,134
-312,135
-312,136
-312,137
-312,138
-312,139
-312,140
-312,141
-312,142
-312,143
-312,144
-312,145
-312,146
-312,147
-312,148
-312,149
-312,150
-312,151
-312,152
-312,153
-312,154
-312,155
-312,156
-312,157
-312,158
-312,159
-312,160
-312,161
-312,162
-312,163
-312,164
-312,165
-312,166
-312,167
-312,168
-312,169
-312,170
-312,171
-312,172
-312,173
-312,174
-312,175
-312,176
-312,177
-312,178
-312,179
-312,180
-312,181
-312,182
-312,183
-312,184
-312,185
-312,186
-312,187
-312,188
-312,189
-312,190
-312,191
-312,192
-312,193
-312,194
-312,195
-312,196
-312,197
-312,198
-312,199
-312,200
-312,201
-312,202
-312,203
-312,204
-312,205
-312,206
-312,207
-312,208
-312,209
-312,210
-312,211
-312,212
-312,213
-312,214
-312,215
-312,216
-312,217
-312,218
-312,219
-312,220
-312,221
-312,222
-312,223
-312,224
-312,225
-312,226
-312,227
-312,228
-312,229
-312,230
-312,231
:295_5,232
:295_5,233
:295_5,234
:295_5,235
:295_5,236
315,237
315,238
315,239
315,240
315,241
315,242
315,243
315,244
315,245
315,246
315,247
315,248
315,249
315,250
315,251
315,252
315,253
315,254
315,255
315,256
315,257
315,258
315,259
315,260
315,261
315,262
315,263
315,264
315,265
315,266
315,267
315,268
315,269
315,270
315,271
315,272
315,273
315,274
315,275
315,276
315,277
315,278
315,279
315,280
315,281
315,282
315,283
315,284
315,285
315,286
315,287
315,288
315,289
315,290
315,291
315,292
315,293
315,294
315,295
315,296
315,297
315,298
315,299
315,300
315,301
315,302
315,303
315,304
315,305
315,306
315,307
315,308
315,309
315,310
315,311
315,312
315,313
315,314
315,315
315,316
315,317
315,318
315,319
315,320
315,321
315,322
315,323
315,324
315,325
315,326
315,327
315,328
315,329
315,330
315,331
315,332
315,333
315,334
315,335
315,336
315,337
315,338
315,339
315,340
-97,341
-97,342
-97,343
-97,344
-97,345
-97,346
-97,347
-97,348
-97,349
-97,350
-97,351
-97,352
-97,353
-97,354
-97,355
-97,356
-97,357
-97,358
-97,359
-97,360
-97,361
-97,362
-97,363
-97,364
-97,365
-97,366
-97,367
-97,368
-97,369
-97,370
-97,371
-97,372
-97,373
-97,374
-97,375
-97,376
-97,377
-97,378
-97,379
-97,380
-97,381
-97,382
-97,383
-97,384
-97,385
-97,386
-97,387
-97,388
-97,389
-97,390
-97,391
-97,392
-97,393
-97,394
-97,395
-97,396
-97,397
-97,398
-97,399
-97,400
-97,401
-97,402
-97,403
-97,404
-97,405
-97,406
-97,407
-97,408
-97,409
-97,410
-97,411
-97,412
-97,413
-97,414
-97,415
-97,416
-97,417
-97,418
-97,419
-97,420
-97,421
-97,422
-97,423
-97,424
-97,425
-97,426
-97,427
:111_5,428
:111_5,429
:111_5,430
:111_5,431
:111_5,432
:111_5,433
98,434
98,435
98,436
98,437
98,438
98,439
98,440
98,441
98,442
98,443
98,444
98,445
98,446
98,447
98,448
98,449
98,450
98,451
98,452
98,453
98,454
98,455
98,456
98,457
98,458
98,459
98,460
98,461
98,462
98,463
98,464
98,465
98,466
98,467
98,468
98,469
98,470
98,471
98,472
98,473
98,474
98,475
98,476
98,477
98,478
98,479
98,480
98,481
98,482
98,483
98,484
98,485
98,486
98,487
98,488
98,489
98,490
98,491
98,492
98,493
98,494
98,495
98,496
98,497
98,498
98,499
98,500
98,501
98,502
98,503
98,504
98,505
98,506
98,507
98,508
98,509
98,510
98,511
98,512
98,513
98,514
98,515
98,516
98,517
98,518
98,519
98,520
98,521
98,522
98,523
98,524
98,525
98,526
98,527
98,528
98,529
98,530
98,531
98,532
98,533
98,534
98,535
98,536
98,537
98,538
98,539
98,540
98,541
98,542
98,543
98,544
98,545
98,546
98,547
98,548
98,549
98,550
98,551
98,552
98,553
98,554
98,555
98,556
98,557
98,558
98,559
98,560
98,561
98,562
98,563
98,564
98,565
98,566
98,567
98,568
98,569
98,570
98,571
98,572
98,573
98,574
98,575
98,576
98,577
98,578
98,579
98,580
98,581
98,582
98,583
98,584
98,585
98,586
98,587
98,588
98,589
98,590
98,591
98,592
98,593
98,594
98,595
98,596
98,597
98,598
98,599
98,600
98,601
98,602
98,603
98,604
98,605
98,606
98,607
98,608
98,609
98,610
98,611
98,612
98,613
98,614
98,615
98,616
98,617
98,618
98,619
:56_4,620
:56_4,621
:56_4,622
:56_4,623
308,624
308,625
308,626
308,627
308,628
308,629
308,630
308,631
308,632
308,633
308,634
308,635
308,636
308,637
308,638
308,639
308,640
308,641
308,642
308,643
308,644
308,645
308,646
308,647
308,648
308,649
308,650
308,651
308,652
308,653
308,654
308,655
308,656
308,657
308,658
308,659
308,660
308,661
308,662
308,663
308,664
308,665
308,666
308,667
308,668
308,669
:291_7,670
:291_7,671
:291_7,672
:291_7,673
:291_7,674
:291_7,675
-305,676
-305,677
-305,678
-305,679
-305,680
-305,681
-305,682
-305,683
-305,684
-305,685
-305,686
-305,687
-305,688
-305,689
-305,690
-305,691
-305,692
-305,693
-305,694
-305,695
-305,696
-305,697
-305,698
-305,699
-305,700
-305,701
-305,702
-305,703
-305,704
-305,705
-305,706
-305,707
-305,708
-305,709
-305,710
-305,711
-305,712
-305,713
-305,714
-305,715
-305,716
-305,717
-305,718
-305,719
-305,720
-305,721
-305,722
-305,723
-305,724
-305,725
-305,726
-305,727
-305,728
-305,729
-305,730
-305,731
-305,732
-305,733
-305,734
-305,735
-305,736
-305,737
-305,738
-305,739
-305,740
-305,741
-305,742
:235_6,743
:235_6,744
:235_6,745
:235_16,746
:235_16,747
:235_16,748
306,749
306,750
306,751
306,752
306,753
306,754
306,755
306,756
306,757
306,758
306,759
306,760
306,761
306,762
306,763
306,764
306,765
306,766
306,767
306,768
306,769
306,770
306,771
306,772
306,773
306,774
306,775
306,776
306,777
306,778
306,779
306,780
306,781
306,782
306,783
306,784
306,785
306,786
306,787
306,788
306,789
306,790
306,791
306,792
306,793
306,794
306,795
306,796
306,797
306,798
306,799
306,800
306,801
306,802
306,803
306,804
306,805
306,806
306,807
306,808
306,809
306,810
306,811
306,812
306,813
306,814
306,815
306,816
306,817
306,818
306,819
306,820
306,821
306,822
306,823
306,824
306,825
306,826
306,827
306,828
306,829
306,830
306,831
306,832
306,833
306,834
306,835
306,836
306,837
306,838
306,839
306,840
306,841
306,842
306,843
306,844
306,845
306,846
306,847
306,848
306,849
306,850
306,851
306,852
306,853
306,854
306,855
306,856
306,857
306,858
306,859
306,860
:292_4,861
:292_4,862
:292_4,863
:292_4,864
:292_4,865
:292_4,866
677,867
677,868
677,869
677,870
677,871
677,872
677,873
677,874
677,875
677,876
677,877
677,878
677,879
677,880
677,881
677,882
677,883
677,884
677,885
677,886
677,887
677,888
677,889
677,890
677,891
677,892
677,893
677,894
677,895
677,896
677,897
677,898
677,899
:294_0,900
:294_0,901
:294_0,902
509,903
509,904
509,905
509,906
509,907
509,908
509,909
509,910
509,911
509,912
509,913
509,914
509,915
509,916
509,917
509,918
509,919
509,920
509,921
509,922
509,923
509,924
509,925
509,926
509,927
509,928
509,929
509,930
509,931
509,932
509,933
509,934
509,935
509,936
509,937
509,938
509,939
509,940
509,941
509,942
509,943
509,944
509,945
509,946
509,947
509,948
509,949
509,950
509,951
509,952
509,953
509,954
509,955
509,956
509,957
509,958
509,959
509,960
509,961
509,962
509,963
509,964
509,965
