-155,1
-155,1
-155,1
-155,2
-155,3
-155,4
-155,5
-155,6
-155,7
-155,8
-155,9
-155,10
-155,11
-155,12
-155,13
-155,14
-155,15
-155,16
-155,17
-155,18
-155,19
-155,20
-155,21
-155,22
-155,23
-155,24
-155,25
-155,26
-155,27
-155,28
-155,29
-155,30
-155,31
-155,32
-155,33
-155,34
-155,35
-155,36
-155,37
-155,38
-155,39
-155,40
-155,41
-155,42
-155,43
-155,44
-155,45
-155,46
-155,47
-155,48
-155,49
-155,50
-155,51
-155,52
-155,53
-155,54
-155,55
-155,56
-155,57
-155,58
-155,59
-155,60
-155,61
-155,62
-155,63
-155,64
-155,65
-155,66
-155,67
-155,68
-155,69
-155,70
-155,71
-155,72
-155,73
-155,74
-155,75
-155,76
-155,77
-155,78
-155,79
-155,80
-155,81
-155,82
-155,83
-155,84
-155,85
-155,86
-155,87
-155,88
-155,89
-155,90
-155,91
-155,92
-155,93
-155,94
-155,95
-155,96
-155,97
-155,98
-155,99
-155,100
-155,101
-155,102
-155,103
-155,104
-155,105
-155,106
-155,107
-155,108
-155,109
-155,110
-155,111
-155,112
-155,113
-155,114
-155,115
-155,116
-155,117
-155,118
-155,119
-155,120
-155,121
-155,122
-155,123
-155,124
-155,125
:171_6,126
:171_6,127
:171_6,128
:171_6,129
:171_6,130
:171_6,131
:171_6,132
156,133
156,134
156,135
156,136
156,137
156,138
156,139
156,140
156,141
156,142
156,143
156,144
156,145
156,146
156,147
156,148
156,149
156,150
156,151
156,152
156,153
156,154
156,155
156,156
156,157
156,158
156,159
156,160
156,161
156,162
156,163
156,164
156,165
156,166
156,167
156,168
156,169
156,170
156,171
156,172
156,173
156,174
156,175
156,176
156,177
156,178
156,179
156,180
156,181
156,182
156,183
156,184
156,185
156,186
156,187
156,188
156,189
156,190
156,191
156,192
156,193
156,194
156,195
156,196
156,197
156,198
156,199
156,200
156,201
156,202
156,203
156,204
156,205
156,206
156,207
156,208
156,209
156,210
156,211
156,212
156,213
156,214
156,215
156,216
156,217
156,218
156,219
156,220
156,221
156,222
156,223
156,224
156,225
156,226
156,227
156,228
156,229
156,230
156,231
156,232
156,233
156,234
156,235
156,236
:172_1,237
:172_1,238
:172_1,239
:172_1,240
:172_1,241
:172_1,242
:172_1,243
297,244
297,245
297,246
297,247
297,248
297,249
297,250
297,251
297,252
297,253
297,254
297,255
297,256
297,257
297,258
297,259
297,260
297,261
297,262
297,263
297,264
297,265
297,266
297,267
297,268
297,269
297,270
297,271
297,272
297,273
297,274
297,275
297,276
297,277
297,278
297,279
297,280
297,281
297,282
297,283
297,284
297,285
297,286
297,287
297,288
297,289
297,290
297,291
297,292
297,293
297,294
297,295
297,296
297,297
297,298
297,299
297,300
297,301
297,302
297,303
297,304
297,305
297,306
297,307
297,308
297,309
297,310
297,311
297,312
297,313
297,314
297,315
297,316
297,317
297,318
297,319
297,320
297,321
297,322
297,323
297,324
297,325
297,326
297,327
297,328
297,329
297,330
297,331
297,332
297,333
:107_7,334
:107_7,335
:107_7,336
:107_10,337
:107_10,338
:107_10,339
:107_10,340
397,341
397,342
397,343
397,344
397,345
397,346
397,347
397,348
397,349
397,350
397,351
397,352
397,353
397,354
397,355
397,356
397,357
397,358
397,359
397,360
397,361
397,362
397,363
397,364
397,365
397,366
397,367
397,368
397,369
397,370
397,371
397,372
397,373
397,374
397,375
397,376
397,377
397,378
397,379
397,380
397,381
397,382
397,383
397,384
397,385
397,386
397,387
397,388
397,389
397,390
397,391
397,392
397,393
397,394
397,395
397,396
397,397
397,398
397,399
397,400
397,401
397,402
397,403
397,404
397,405
397,406
397,407
397,408
397,409
397,410
397,411
397,412
397,413
397,414
397,415
397,416
397,417
397,418
397,419
397,420
397,421
397,422
397,423
397,424
397,425
397,426
397,427
397,428
397,429
397,430
397,431
397,432
397,433
397,434
397,435
397,436
397,437
397,438
397,439
397,440
397,441
397,442
397,443
397,444
397,445
397,446
397,447
397,448
397,449
397,450
397,451
397,452
397,453
397,454
397,455
397,456
397,457
397,458
397,459
397,460
397,461
397,462
397,463
397,464
397,465
397,466
397,467
397,468
397,469
397,470
397,471
397,472
397,473
397,474
397,475
397,476
397,477
397,478
397,479
397,480
397,481
397,482
397,483
397,484
:358_6,485
:358_6,486
:358_6,487
:358_6,488
:358_6,489
:358_6,490
:358_6,491
577,492
577,493
577,494
577,495
577,496
577,497
577,498
577,499
577,500
577,501
577,502
577,503
577,504
577,505
577,506
577,507
577,508
577,509
577,510
577,511
577,512
577,513
577,514
577,515
577,516
577,517
577,518
577,519
577,520
577,521
577,522
577,523
577,524
577,525
577,526
577,527
577,528
577,529
577,530
577,531
577,532
577,533
577,534
577,535
577,536
577,537
577,538
577,539
577,540
577,541
577,542
577,543
577,544
577,545
577,546
577,547
577,548
577,549
577,550
577,551
577,552
577,553
577,554
577,555
577,556
577,557
:455_3,558
:455_3,559
:455_3,560
:455_3,561
:455_3,562
:455_3,563
:455_3,564
578,565
578,566
578,567
578,568
578,569
578,570
578,571
578,572
578,573
578,574
578,575
578,576
578,577
578,578
578,579
578,580
578,581
578,582
578,583
578,584
578,585
578,586
578,587
578,588
578,589
578,590
578,591
578,592
578,593
578,594
578,595
578,596
578,597
578,598
578,599
578,600
578,601
578,602
578,603
578,604
578,605
578,606
578,607
578,608
578,609
578,610
578,611
578,612
578,613
578,614
578,615
578,616
578,617
578,618
578,619
578,620
578,621
578,622
578,623
578,624
578,625
578,626
578,627
578,628
578,629
578,630
578,631
578,632
578,633
578,634
578,635
578,636
578,637
578,638
578,639
578,640
578,641
578,642
578,643
578,644
578,645
578,646
578,647
578,648
578,649
578,650
578,651
578,652
578,653
578,654
578,655
578,656
578,657
578,658
578,659
578,660
578,661
578,662
578,663
578,664
578,665
578,666
578,667
578,668
578,669
578,670
578,671
578,672
578,673
578,674
578,675
578,676
578,677
578,678
578,679
578,680
578,681
578,682
578,683
578,684
578,685
578,686
578,687
578,688
578,689
578,690
578,691
578,692
578,693
578,694
578,695
578,696
578,697
578,698
578,699
578,700
578,701
578,702
578,703
578,704
578,705
578,706
578,707
578,708
578,709
578,710
578,711
578,712
578,713
578,714
578,715
578,716
578,717
578,718
578,719
578,720
578,721
578,722
578,723
578,724
578,725
578,726
578,727
578,728
578,729
578,730
578,731
578,732
578,733
578,734
578,735
578,736
578,737
:82_10,738
:82_10,739
:82_10,740
:82_10,741
:82_10,742
:82_10,743
:82_10,744
-70,745
-70,746
-70,747
-70,748
-70,749
-70,750
-70,751
-70,752
-70,753
-70,754
-70,755
-70,756
-70,757
-70,758
-70,759
-70,760
-70,761
-70,762
-70,763
-70,764
-70,765
-70,766
-70,767
-70,768
-70,769
-70,770
-70,771
-70,772
-70,773
-70,774
-70,775
-70,776
-70,777
-70,778
-70,779
-70,780
-70,781
-70,782
-70,783
-70,784
-70,785
-70,786
-70,787
-70,788
-70,789
-70,790
-70,791
-70,792
-70,793
-70,794
-70,795
-70,796
-70,797
-70,798
-70,799
-70,800
-70,801
-70,802
-70,803
-70,804
-70,805
-70,806
-70,807
-70,808
-70,809
-70,810
-70,811
-70,812
-70,813
-70,814
-70,815
-70,816
-70,817
-70,818
-70,819
-70,820
-70,821
:81_7,822
:81_7,823
:81_7,824
:81_7,825
:81_7,826
:81_7,827
:81_7,828
71,829
71,830
71,831
71,832
71,833
71,834
71,835
71,836
71,837
71,838
71,839
71,840
71,841
71,842
71,843
71,844
71,845
71,846
71,847
71,848
71,849
71,850
71,851
71,852
71,853
71,854
71,855
71,856
71,857
71,858
71,859
71,860
71,861
71,862
71,863
71,864
71,865
71,866
71,867
71,868
71,869
71,870
71,871
71,872
71,873
71,874
71,875
71,876
71,877
71,878
71,879
71,880
71,881
71,882
71,883
71,884
71,885
71,886
71,887
71,888
71,889
71,890
71,891
71,892
71,893
71,894
71,895
71,896
71,897
71,898
71,899
71,900
71,901
71,902
71,903
71,904
71,905
71,906
71,907
71,908
71,909
71,910
71,911
71,912
71,913
71,914
71,915
71,916
71,917
71,918
71,919
71,920
71,921
71,922
71,923
71,924
71,925
71,926
71,927
71,928
71,929
71,930
71,931
71,932
71,933
71,934
71,935
71,936
:83_5,937
:83_5,938
:83_5,939
:83_5,940
:83_5,941
:83_5,942
:83_5,943
-254,944
-254,945
-254,946
-254,947
-254,948
-254,949
-254,950
-254,951
-254,952
-254,953
-254,954
-254,955
-254,956
-254,957
-254,958
-254,959
-254,960
-254,961
-254,962
-254,963
-254,964
-254,965
-155,1
-155,2
-155,3
-155,1
