-152,1
-152,1
-152,1
-152,2
-152,3
-152,4
-152,5
-152,6
-152,7
-152,8
-152,9
-152,10
-152,11
-152,12
-152,13
-152,14
-152,15
-152,16
-152,17
-152,18
-152,19
-152,20
-152,21
-152,22
-152,23
-152,24
-152,25
-152,26
-152,27
-152,28
-152,29
-152,30
-152,31
-152,32
-152,33
-152,34
-152,35
-152,36
-152,37
-152,38
-152,39
-152,40
-152,41
-152,42
-152,43
-152,44
-152,45
-152,46
-152,47
-152,48
-152,49
-152,50
-152,51
-152,52
-152,53
-152,54
-152,55
-152,56
-152,57
-152,58
-152,59
-152,60
-152,61
-152,62
-152,63
-152,64
-152,65
-152,66
-152,67
-152,68
-152,69
-152,70
-152,71
-152,72
-152,73
-152,74
-152,75
-152,76
-152,77
-152,78
-152,79
-152,80
-152,81
-152,82
-152,83
-152,84
-152,85
-152,86
-152,87
-152,88
-152,89
-152,90
-152,91
-152,92
-152,93
-152,94
-152,95
-152,96
-152,97
-152,98
-152,99
-152,100
-152,101
-152,102
-152,103
-152,104
-152,105
-152,106
-152,107
-152,108
-152,109
-152,110
-152,111
-152,112
-152,113
-152,114
-152,115
-152,116
-152,117
-152,118
-152,119
-152,120
-152,121
-152,122
-152,123
-152,124
-152,125
-152,126
-152,127
-152,128
-152,129
-152,130
-152,131
-152,132
-152,133
-152,134
-152,135
-152,136
-152,137
-152,138
-152,139
-152,140
-152,141
-152,142
-152,143
-152,144
-152,145
-152,146
-152,147
-152,148
-152,149
-152,150
-152,151
-152,152
-152,153
-152,154
-152,155
-152,156
-152,157
-152,158
-152,159
-152,160
-152,161
-152,162
-152,163
-152,164
-152,165
-152,166
-152,167
-152,168
-152,169
-152,170
-152,171
-152,172
-152,173
-152,174
-152,175
-152,176
-152,177
-152,178
-152,179
-152,180
-152,181
-152,182
-152,183
-152,184
-152,185
-152,186
-152,187
-152,188
-152,189
-152,190
-152,191
-152,192
-152,193
-152,194
-152,195
-152,196
-152,197
-152,198
-152,199
-152,200
-152,201
-152,202
-152,203
-152,204
-152,205
-152,206
-152,207
-152,208
-152,209
-152,210
-152,211
-152,212
-152,213
-152,214
-152,215
-152,216
-152,217
-152,218
-152,219
-152,220
-152,221
-152,222
-152,223
-152,224
:166_9,225
:166_9,226
:166_9,227
:166_9,228
:166_9,229
:166_9,230
:166_9,231
153,232
153,233
153,234
153,235
153,236
153,237
153,238
153,239
153,240
153,241
153,242
153,243
153,244
153,245
153,246
153,247
153,248
153,249
153,250
153,251
153,252
153,253
153,254
153,255
153,256
153,257
153,258
153,259
153,260
153,261
153,262
153,263
153,264
153,265
153,266
153,267
153,268
153,269
153,270
153,271
153,272
153,273
153,274
153,275
153,276
153,277
153,278
153,279
153,280
153,281
153,282
153,283
153,284
153,285
153,286
153,287
153,288
153,289
153,290
153,291
153,292
153,293
153,294
153,295
153,296
153,297
153,298
153,299
153,300
153,301
153,302
153,303
153,304
153,305
153,306
153,307
153,308
153,309
153,310
153,311
153,312
153,313
153,314
153,315
153,316
153,317
153,318
153,319
153,320
153,321
153,322
153,323
153,324
153,325
153,326
153,327
153,328
153,329
153,330
153,331
153,332
153,333
153,334
153,335
153,336
153,337
153,338
153,339
153,340
153,341
153,342
153,343
153,344
153,345
153,346
153,347
153,348
153,349
153,350
153,351
153,352
153,353
153,354
153,355
153,356
153,357
153,358
153,359
153,360
153,361
153,362
153,363
153,364
153,365
153,366
153,367
153,368
153,369
153,370
153,371
153,372
153,373
153,374
153,375
153,376
153,377
153,378
153,379
153,380
153,381
153,382
153,383
153,384
153,385
153,386
153,387
153,388
153,389
153,390
153,391
153,392
153,393
153,394
153,395
153,396
:169_7,397
:169_7,398
:169_7,399
:169_7,400
:169_7,401
:169_7,402
:169_7,403
-399,404
-399,405
-399,406
-399,407
-399,408
-399,409
-399,410
-399,411
-399,412
-399,413
-399,414
-399,415
-399,416
-399,417
-399,418
-399,419
-399,420
-399,421
-399,422
-399,423
-399,424
-399,425
-399,426
-399,427
-399,428
-399,429
-399,430
-399,431
-399,432
-399,433
-399,434
-399,435
-399,436
-399,437
-399,438
-399,439
-399,440
-399,441
-399,442
-399,443
-399,444
-399,445
-399,446
-399,447
-399,448
-399,449
-399,450
-399,451
-399,452
-399,453
-399,454
-399,455
-399,456
-399,457
-399,458
-399,459
-399,460
-399,461
-399,462
-399,463
-399,464
-399,465
-399,466
-399,467
-399,468
-399,469
-399,470
-399,471
-399,472
-399,473
-399,474
-399,475
-399,476
-399,477
-399,478
-399,479
-399,480
-399,481
-399,482
-399,483
-399,484
-399,485
-399,486
-399,487
-399,488
-399,489
-399,490
-399,491
-399,492
-399,493
-399,494
-399,495
-399,496
-399,497
-399,498
-399,499
-399,500
-399,501
-399,502
-399,503
-399,504
-399,505
-399,506
-399,507
-399,508
-399,509
-399,510
-399,511
-399,512
-399,513
-399,514
-399,515
-399,516
-399,517
-399,518
-399,519
-399,520
-399,521
-399,522
-399,523
-399,524
-399,525
-399,526
-399,527
-399,528
-399,529
-399,530
-399,531
-399,532
-399,533
-399,534
-399,535
-399,536
-399,537
-399,538
-399,539
-399,540
-399,541
-399,542
-399,543
-399,544
-399,545
-399,546
-399,547
-399,548
-399,549
-399,550
-399,551
-399,552
-399,553
-399,554
-399,555
-399,556
-399,557
-399,558
-399,559
-399,560
-399,561
-399,562
-399,563
-399,564
-399,565
-399,566
-399,567
:159_6,568
:159_6,569
:159_6,570
:159_6,571
400,572
400,573
400,574
400,575
400,576
400,577
400,578
400,579
400,580
400,581
400,582
400,583
400,584
400,585
400,586
400,587
400,588
400,589
400,590
400,591
400,592
400,593
400,594
400,595
400,596
400,597
400,598
400,599
400,600
400,601
400,602
400,603
400,604
400,605
400,606
400,607
400,608
400,609
400,610
400,611
400,612
400,613
400,614
400,615
400,616
400,617
400,618
400,619
400,620
400,621
400,622
400,623
400,624
400,625
400,626
400,627
400,628
400,629
400,630
400,631
400,632
400,633
400,634
400,635
400,636
400,637
400,638
400,639
400,640
400,641
400,642
400,643
400,644
400,645
400,646
400,647
400,648
400,649
400,650
400,651
400,652
400,653
400,654
400,655
400,656
400,657
400,658
400,659
400,660
400,661
400,662
400,663
:360_13,664
:360_13,665
:360_13,666
:360_13,667
:360_13,668
:360_13,669
:360_13,670
-628,671
-628,672
-628,673
-628,674
-628,675
-628,676
-628,677
-628,678
-628,679
-628,680
-628,681
-628,682
-628,683
-628,684
-628,685
-628,686
-628,687
-628,688
-628,689
-628,690
-628,691
-628,692
-628,693
-628,694
-628,695
-628,696
-628,697
-628,698
-628,699
-628,700
-628,701
-628,702
-628,703
-628,704
-628,705
-628,706
-628,707
-628,708
-628,709
-628,710
-628,711
-628,712
-628,713
-628,714
-628,715
-628,716
-628,717
-628,718
-628,719
-628,720
-628,721
-628,722
-628,723
-628,724
-628,725
-628,726
-628,727
-628,728
-628,729
-628,730
-628,731
-628,732
-628,733
-628,734
-628,735
-628,736
-628,737
-628,738
-628,739
-628,740
-628,741
-628,742
-628,743
-628,744
-628,745
-628,746
-628,747
-628,748
-628,749
-628,750
-628,751
-628,752
-628,753
-628,754
-628,755
-628,756
-628,757
-628,758
-628,759
-628,760
-628,761
-628,762
-628,763
-628,764
-628,765
-628,766
-628,767
-628,768
-628,769
-628,770
:474_6,771
:474_6,772
:474_6,773
:474_6,774
627,775
627,776
627,777
627,778
627,779
627,780
627,781
627,782
627,783
627,784
627,785
627,786
627,787
627,788
627,789
627,790
627,791
627,792
627,793
627,794
627,795
627,796
627,797
627,798
627,799
627,800
627,801
627,802
627,803
627,804
627,805
627,806
627,807
627,808
627,809
627,810
627,811
627,812
627,813
627,814
627,815
627,816
627,817
627,818
627,819
627,820
627,821
627,822
627,823
627,824
627,825
627,826
627,827
627,828
627,829
627,830
627,831
627,832
627,833
627,834
627,835
627,836
627,837
627,838
627,839
627,840
627,841
-541,842
-541,843
-541,844
-541,845
-541,846
-541,847
-541,848
-541,849
-541,850
-541,851
-541,852
-541,853
-541,854
-541,855
-541,856
-541,857
-541,858
-541,859
-541,860
-541,861
-541,862
-541,863
-541,864
-541,865
-541,866
-541,867
-541,868
-541,869
-541,870
-541,871
-541,872
-541,873
-541,874
-541,875
-541,876
-541,877
-541,878
-541,879
-541,880
-541,881
-541,882
-541,883
-541,884
-541,885
-541,886
-541,887
-541,888
-541,889
-541,890
-541,891
-541,892
-541,893
-541,894
-541,895
-541,896
-541,897
-541,898
-541,899
-541,900
-541,901
-541,902
-541,903
-541,904
-541,905
-541,906
-541,907
-541,908
-541,909
-541,910
-541,911
-541,912
-541,913
-541,914
-541,915
-541,916
-541,917
-541,918
-541,919
-541,920
-541,921
-541,922
-541,923
-541,924
-541,925
-541,926
-541,927
-541,928
-541,929
-541,930
-541,931
-541,932
-541,933
-541,934
-541,935
-541,936
-541,937
-541,938
-541,939
-541,940
-541,941
-541,942
-541,943
-541,944
-541,945
:392_6,946
:392_6,947
:392_6,948
:392_6,949
:392_6,950
:392_6,951
:392_6,952
540,953
540,954
540,955
540,956
540,957
540,958
540,959
540,960
540,961
540,962
540,963
540,964
540,965
-152,1
-152,2
-152,3
-152,1
