-138,1
-138,1
-138,1
-138,2
-138,3
-138,4
-138,5
-138,6
-138,7
-138,8
-138,9
-138,10
-138,11
-138,12
-138,13
-138,14
-138,15
-138,16
-138,17
-138,18
-138,19
-138,20
-138,21
-138,22
-138,23
-138,24
-138,25
-138,26
-138,27
-138,28
-138,29
-138,30
-138,31
-138,32
-138,33
-138,34
-138,35
-138,36
-138,37
-138,38
-138,39
-138,40
-138,41
-138,42
-138,43
-138,44
-138,45
-138,46
-138,47
-138,48
-138,49
-138,50
-138,51
-138,52
-138,53
-138,54
-138,55
-138,56
-138,57
-138,58
-138,59
-138,60
-138,61
-138,62
-138,63
-138,64
-138,65
-138,66
-138,67
-138,68
-138,69
-138,70
-138,71
-138,72
-138,73
-138,74
-138,75
-138,76
-138,77
-138,78
-138,79
-138,80
-138,81
-138,82
-138,83
-138,84
-138,85
-138,86
-138,87
-138,88
-138,89
-138,90
-138,91
-138,92
-138,93
-138,94
-138,95
-138,96
-138,97
-138,98
-138,99
-138,100
-138,101
-138,102
:153_1,103
:153_1,104
:153_1,105
:153_1,106
:153_1,107
142,108
142,109
142,110
142,111
142,112
142,113
142,114
142,115
142,116
142,117
142,118
142,119
142,120
142,121
142,122
142,123
142,124
142,125
142,126
142,127
142,128
142,129
142,130
142,131
142,132
142,133
142,134
142,135
142,136
142,137
142,138
142,139
142,140
142,141
142,142
142,143
142,144
142,145
142,146
142,147
142,148
142,149
142,150
142,151
142,152
142,153
142,154
142,155
142,156
142,157
142,158
142,159
142,160
142,161
142,162
142,163
142,164
142,165
142,166
142,167
142,168
142,169
142,170
142,171
142,172
142,173
142,174
142,175
142,176
142,177
142,178
142,179
142,180
142,181
142,182
142,183
142,184
142,185
142,186
142,187
142,188
142,189
142,190
142,191
142,192
142,193
142,194
142,195
142,196
:157_13,197
:157_13,198
:157_13,199
:157_13,200
:157_13,201
-259,202
-259,203
-259,204
-259,205
-259,206
-259,207
-259,208
-259,209
-259,210
-259,211
-259,212
-259,213
-259,214
-259,215
-259,216
-259,217
-259,218
-259,219
-259,220
-259,221
-259,222
-259,223
-259,224
:256_1,225
:256_1,226
:256_1,227
:256_1,228
:256_1,229
-258,230
-258,231
-258,232
-258,233
-258,234
-258,235
-258,236
-258,237
-258,238
-258,239
-258,240
-258,241
-258,242
-258,243
-258,244
-258,245
-258,246
-258,247
-258,248
-258,249
-258,250
-258,251
-258,252
-258,253
-258,254
-258,255
-258,256
-258,257
-258,258
-258,259
-258,260
-258,261
-258,262
-258,263
-258,264
-258,265
-258,266
-258,267
-258,268
-258,269
-258,270
-258,271
-258,272
-258,273
-258,274
-258,275
-258,276
-258,277
-258,278
-258,279
-258,280
-258,281
-258,282
-258,283
-258,284
-258,285
-258,286
-258,287
-258,288
-258,289
-258,290
-258,291
-258,292
-258,293
-258,294
-258,295
-258,296
:21_0,297
:21_0,298
:21_0,299
257,300
257,301
257,302
257,303
257,304
257,305
257,306
257,307
257,308
257,309
257,310
257,311
257,312
257,313
257,314
257,315
257,316
257,317
257,318
257,319
257,320
257,321
257,322
257,323
257,324
257,325
257,326
257,327
257,328
257,329
257,330
257,331
257,332
257,333
257,334
257,335
257,336
257,337
257,338
257,339
257,340
257,341
257,342
257,343
257,344
257,345
257,346
257,347
257,348
257,349
257,350
257,351
257,352
257,353
257,354
257,355
257,356
257,357
257,358
257,359
257,360
257,361
257,362
257,363
257,364
257,365
257,366
257,367
257,368
257,369
257,370
257,371
257,372
257,373
257,374
257,375
257,376
257,377
257,378
257,379
257,380
257,381
257,382
257,383
257,384
257,385
257,386
257,387
257,388
257,389
257,390
257,391
257,392
257,393
257,394
257,395
257,396
257,397
257,398
257,399
257,400
257,401
257,402
257,403
257,404
257,405
257,406
257,407
257,408
257,409
257,410
257,411
257,412
257,413
257,414
257,415
257,416
257,417
257,418
257,419
257,420
257,421
257,422
257,423
257,424
257,425
257,426
257,427
257,428
257,429
257,430
257,431
257,432
257,433
257,434
257,435
257,436
257,437
257,438
257,439
257,440
257,441
257,442
257,443
257,444
257,445
257,446
257,447
257,448
257,449
257,450
257,451
257,452
257,453
257,454
257,455
257,456
257,457
257,458
257,459
257,460
257,461
257,462
257,463
257,464
257,465
257,466
257,467
257,468
257,469
257,470
257,471
257,472
257,473
257,474
:231_4,475
:231_4,476
:231_4,477
:231_4,478
:231_4,479
:231_4,480
-225,481
-225,482
-225,483
-225,484
-225,485
-225,486
-225,487
-225,488
-225,489
-225,490
-225,491
-225,492
-225,493
-225,494
-225,495
-225,496
-225,497
-225,498
-225,499
-225,500
-225,501
-225,502
-225,503
-225,504
-225,505
-225,506
-225,507
-225,508
-225,509
-225,510
-225,511
-225,512
-225,513
-225,514
-225,515
-225,516
-225,517
-225,518
-225,519
-225,520
-225,521
-225,522
-225,523
-225,524
-225,525
-225,526
-225,527
-225,528
-225,529
-225,530
-225,531
-225,532
-225,533
-225,534
-225,535
-225,536
-225,537
-225,538
-225,539
-225,540
-225,541
-225,542
-225,543
-225,544
-225,545
-225,546
-225,547
-225,548
-225,549
-225,550
-225,551
-225,552
-225,553
-225,554
-225,555
-225,556
-225,557
-225,558
-225,559
-225,560
-225,561
-225,562
-225,563
-225,564
-225,565
-225,566
-225,567
-225,568
-225,569
-225,570
-225,571
-225,572
-225,573
-225,574
-225,575
-225,576
-225,577
-225,578
-225,579
-225,580
-225,581
-225,582
-225,583
-225,584
-225,585
-225,586
-225,587
-225,588
-225,589
-225,590
-225,591
-225,592
-225,593
-225,594
-225,595
-225,596
-225,597
-225,598
-225,599
-225,600
-225,601
-225,602
-225,603
-225,604
-225,605
-225,606
-225,607
-225,608
-225,609
-225,610
-225,611
-225,612
-225,613
-225,614
-225,615
-225,616
-225,617
-225,618
-225,619
-225,620
-225,621
-225,622
-225,623
-225,624
-225,625
-225,626
-225,627
-225,628
-225,629
-225,630
-225,631
-225,632
-225,633
-225,634
-225,635
-225,636
-225,637
-225,638
-225,639
-225,640
:227_0,641
:227_0,642
:227_0,643
226,644
226,645
226,646
226,647
226,648
226,649
226,650
226,651
226,652
226,653
226,654
226,655
226,656
226,657
226,658
226,659
226,660
226,661
226,662
226,663
226,664
226,665
226,666
226,667
226,668
226,669
226,670
226,671
226,672
226,673
226,674
226,675
226,676
226,677
226,678
226,679
226,680
226,681
226,682
226,683
226,684
226,685
226,686
226,687
226,688
226,689
226,690
226,691
226,692
226,693
226,694
226,695
226,696
226,697
226,698
226,699
226,700
226,701
226,702
226,703
226,704
226,705
226,706
:232_3,707
:232_3,708
:232_3,709
-524,710
-524,711
-524,712
-524,713
-524,714
-524,715
-524,716
-524,717
-524,718
-524,719
-524,720
-524,721
-524,722
-524,723
-524,724
-524,725
-524,726
-524,727
-524,728
-524,729
-524,730
-524,731
-524,732
-524,733
-524,734
-524,735
-524,736
-524,737
-524,738
-524,739
-524,740
-524,741
-524,742
-524,743
-524,744
-524,745
-524,746
-524,747
-524,748
-524,749
-524,750
-524,751
-524,752
-524,753
-524,754
-524,755
-524,756
-524,757
-524,758
-524,759
-524,760
-524,761
-524,762
-524,763
-524,764
-524,765
-524,766
-524,767
-524,768
-524,769
-524,770
-524,771
-524,772
-524,773
-524,774
-524,775
-524,776
-524,777
-524,778
-524,779
-524,780
-524,781
-524,782
-524,783
-524,784
-524,785
-524,786
-524,787
-524,788
-524,789
-524,790
-524,791
-524,792
-524,793
-524,794
-524,795
-524,796
-524,797
-524,798
-524,799
-524,800
-524,801
-524,802
-524,803
-524,804
-524,805
-524,806
-524,807
-524,808
-524,809
-524,810
-524,811
-524,812
-524,813
-524,814
-524,815
-524,816
-524,817
-524,818
-524,819
-524,820
-524,821
-524,822
-524,823
-524,824
-524,825
-524,826
-524,827
-524,828
-524,829
-524,830
-524,831
-524,832
-524,833
-524,834
-524,835
-524,836
-524,837
-524,838
-524,839
-524,840
-524,841
-524,842
-524,843
-524,844
-524,845
:399_14,846
:399_14,847
:399_14,848
:399_14,849
:399_14,850
523,851
523,852
523,853
523,854
523,855
523,856
523,857
523,858
523,859
523,860
523,861
523,862
523,863
523,864
523,865
523,866
523,867
523,868
523,869
523,870
523,871
523,872
523,873
523,874
523,875
523,876
523,877
523,878
523,879
523,880
523,881
523,882
523,883
523,884
523,885
523,886
523,887
523,888
523,889
523,890
523,891
523,892
523,893
523,894
523,895
:282_4,896
:282_4,897
:282_4,898
:282_10,899
:282_10,900
-293,901
-293,902
-293,903
-293,904
-293,905
-293,906
-293,907
-293,908
-293,909
-293,910
-293,911
-293,912
-293,913
-293,914
-293,915
-293,916
-293,917
-293,918
-293,919
-293,920
-293,921
-293,922
-293,923
-293,924
-293,925
-293,926
-293,927
-293,928
-293,929
-293,930
-293,931
-293,932
-293,933
-293,934
-293,935
-293,936
-293,937
-293,938
-293,939
-293,940
-293,941
-293,942
-293,943
-293,944
-293,945
-293,946
-293,947
-293,948
-293,949
-293,950
-293,951
-293,952
-293,953
-293,954
-293,955
-293,956
-293,957
-293,958
-293,959
-293,960
-293,961
-293,962
-293,963
-293,964
-293,965
-138,1
-138,2
-138,3
-138,1
