144,4
144,5
144,6
144,7
144,8
144,9
144,10
144,11
144,12
144,13
144,14
144,15
144,16
144,17
144,18
144,19
144,20
144,21
144,22
144,23
144,24
144,25
144,26
144,27
144,28
144,29
144,30
144,31
144,32
144,33
144,34
144,35
144,36
144,37
144,38
144,39
144,40
144,41
144,42
144,43
144,44
144,45
144,46
144,47
144,48
144,49
144,50
144,51
144,52
144,53
144,54
144,55
144,56
144,57
144,58
144,59
144,60
144,61
144,62
144,63
144,64
144,65
144,66
144,67
144,68
144,69
144,70
144,71
144,72
144,73
144,74
144,75
144,76
144,77
144,78
144,79
144,80
144,81
144,82
144,83
144,84
144,85
144,86
144,87
144,88
144,89
144,90
144,91
144,92
144,93
144,94
144,95
144,96
144,97
144,98
144,99
144,100
144,101
144,102
144,103
144,104
144,105
144,106
144,107
144,108
144,109
144,110
144,111
144,112
144,113
144,114
144,115
144,116
144,117
144,118
144,119
144,120
144,121
144,122
144,123
144,124
144,125
144,126
144,127
144,128
144,129
144,130
144,131
144,132
144,133
144,134
144,135
144,136
144,137
144,138
144,139
144,140
144,141
144,142
144,143
144,144
144,145
144,146
144,147
144,148
144,149
144,150
144,151
144,152
144,153
144,154
144,155
144,156
144,157
144,158
144,159
144,160
144,161
144,162
144,163
144,164
144,165
144,166
144,167
144,168
144,169
144,170
144,171
144,172
144,173
144,174
144,175
144,176
144,177
144,178
144,179
144,180
144,181
144,182
144,183
144,184
144,185
144,186
144,187
144,188
144,189
144,190
144,191
144,192
144,193
144,194
144,195
144,196
144,197
144,198
144,199
144,200
144,201
144,202
144,203
144,204
144,205
144,206
144,207
144,208
144,209
144,210
144,211
144,212
144,213
144,214
144,215
144,216
144,217
144,218
144,219
144,220
144,221
144,222
144,223
144,224
144,225
144,226
144,227
144,228
144,229
144,230
144,231
144,232
144,233
144,234
144,235
144,236
144,237
144,238
:159_0,239
:159_0,240
:159_0,241
:159_0,242
:159_0,243
399,244
399,245
399,246
399,247
399,248
399,249
399,250
399,251
399,252
399,253
399,254
399,255
399,256
399,257
399,258
399,259
399,260
399,261
399,262
399,263
399,264
399,265
399,266
399,267
399,268
399,269
399,270
399,271
399,272
399,273
399,274
399,275
399,276
399,277
399,278
399,279
399,280
399,281
399,282
399,283
399,284
399,285
399,286
399,287
399,288
399,289
399,290
399,291
399,292
399,293
399,294
399,295
399,296
399,297
399,298
399,299
399,300
399,301
399,302
399,303
399,304
399,305
399,306
399,307
399,308
399,309
399,310
399,311
399,312
399,313
399,314
399,315
399,316
399,317
399,318
399,319
399,320
399,321
399,322
399,323
399,324
399,325
399,326
399,327
399,328
399,329
399,330
399,331
399,332
399,333
399,334
399,335
399,336
399,337
399,338
399,339
399,340
399,341
399,342
399,343
399,344
399,345
399,346
399,347
399,348
399,349
399,350
399,351
399,352
399,353
399,354
399,355
399,356
399,357
:169_0,358
:169_0,359
:169_0,360
:169_0,361
:169_0,362
-153,363
-153,364
-153,365
-153,366
-153,367
-153,368
-153,369
-153,370
-153,371
-153,372
-153,373
-153,374
-153,375
-153,376
-153,377
-153,378
-153,379
-153,380
-153,381
-153,382
-153,383
-153,384
-153,385
-153,386
-153,387
-153,388
-153,389
-153,390
-153,391
-153,392
-153,393
-153,394
-153,395
-153,396
-153,397
-153,398
-153,399
-153,400
-153,401
-153,402
-153,403
-153,404
-153,405
-153,406
-153,407
-153,408
-153,409
-153,410
-153,411
-153,412
-153,413
-153,414
-153,415
-153,416
-153,417
-153,418
-153,419
-153,420
-153,421
-153,422
-153,423
-153,424
-153,425
-153,426
-153,427
-153,428
-153,429
-153,430
-153,431
-153,432
-153,433
-153,434
-153,435
-153,436
-153,437
-153,438
-153,439
-153,440
-153,441
-153,442
-153,443
-153,444
-153,445
-153,446
-153,447
-153,448
-153,449
-153,450
-153,451
-153,452
-153,453
-153,454
-153,455
-153,456
-153,457
-153,458
-153,459
-153,460
-153,461
-153,462
-153,463
-153,464
-153,465
-153,466
-153,467
-153,468
-153,469
-153,470
-153,471
-153,472
-153,473
-153,474
-153,475
:166_2,476
:166_2,477
:166_2,478
:166_2,479
:166_2,480
151,481
151,482
151,483
151,484
151,485
151,486
151,487
151,488
151,489
151,490
151,491
151,492
151,493
151,494
151,495
151,496
151,497
151,498
151,499
151,500
151,501
151,502
151,503
151,504
151,505
151,506
151,507
151,508
151,509
151,510
151,511
151,512
151,513
151,514
151,515
151,516
151,517
151,518
151,519
151,520
151,521
151,522
151,523
151,524
151,525
151,526
151,527
:167_6,528
:167_6,529
:167_6,530
:167_6,531
-458,532
-458,533
-458,534
-458,535
-458,536
-458,537
-458,538
-458,539
-458,540
-458,541
-458,542
-458,543
-458,544
-458,545
-458,546
-458,547
-458,548
-458,549
-458,550
-458,551
-458,552
-458,553
-458,554
-458,555
-458,556
-458,557
-458,558
-458,559
-458,560
-458,561
-458,562
-458,563
-458,564
-458,565
-458,566
-458,567
-458,568
-458,569
-458,570
-458,571
-458,572
-458,573
-458,574
-458,575
-458,576
-458,577
-458,578
-458,579
-458,580
-458,581
-458,582
-458,583
-458,584
-458,585
-458,586
-458,587
-458,588
-458,589
-458,590
-458,591
-458,592
-458,593
-458,594
-458,595
-458,596
-458,597
-458,598
-458,599
-458,600
-458,601
-458,602
-458,603
:391_0,604
:391_0,605
:391_0,606
:391_0,607
:391_0,608
460,609
460,610
460,611
460,612
460,613
460,614
460,615
460,616
460,617
460,618
460,619
460,620
460,621
460,622
460,623
460,624
460,625
460,626
460,627
460,628
460,629
460,630
460,631
460,632
460,633
460,634
460,635
460,636
460,637
460,638
460,639
460,640
460,641
460,642
460,643
460,644
460,645
460,646
460,647
460,648
460,649
460,650
460,651
460,652
460,653
460,654
460,655
460,656
460,657
460,658
460,659
460,660
460,661
460,662
460,663
460,664
460,665
460,666
460,667
:76_1,668
:76_1,669
:76_1,670
:76_1,671
-66,672
-66,673
-66,674
-66,675
-66,676
-66,677
-66,678
-66,679
-66,680
-66,681
-66,682
-66,683
-66,684
-66,685
-66,686
-66,687
-66,688
-66,689
-66,690
-66,691
-66,692
-66,693
-66,694
-66,695
-66,696
-66,697
-66,698
-66,699
-66,700
-66,701
-66,702
-66,703
-66,704
-66,705
-66,706
-66,707
-66,708
-66,709
-66,710
-66,711
-66,712
-66,713
-66,714
-66,715
-66,716
-66,717
-66,718
-66,719
-66,720
-66,721
-66,722
-66,723
-66,724
-66,725
-66,726
-66,727
-66,728
-66,729
-66,730
-66,731
-66,732
-66,733
-66,734
-66,735
-66,736
-66,737
-66,738
-66,739
-66,740
-66,741
-66,742
-66,743
-66,744
-66,745
-66,746
-66,747
-66,748
-66,749
-66,750
-66,751
-66,752
-66,753
-66,754
-66,755
-66,756
-66,757
-66,758
-66,759
-66,760
-66,761
-66,762
-66,763
-66,764
-66,765
-66,766
-66,767
-66,768
:74_1,769
:74_1,770
:74_1,771
:74_1,772
67,773
67,774
67,775
67,776
67,777
67,778
67,779
67,780
67,781
67,782
67,783
67,784
67,785
67,786
67,787
67,788
67,789
67,790
67,791
67,792
67,793
67,794
67,795
67,796
67,797
67,798
67,799
67,800
67,801
67,802
67,803
67,804
67,805
67,806
67,807
67,808
67,809
67,810
67,811
67,812
67,813
67,814
67,815
67,816
67,817
67,818
67,819
67,820
67,821
67,822
67,823
67,824
67,825
67,826
67,827
67,828
67,829
67,830
67,831
67,832
67,833
67,834
67,835
67,836
67,837
67,838
67,839
67,840
67,841
67,842
67,843
67,844
67,845
67,846
67,847
67,848
67,849
67,850
67,851
67,852
67,853
67,854
67,855
67,856
67,857
67,858
67,859
67,860
67,861
67,862
67,863
67,864
67,865
67,866
67,867
67,868
67,869
67,870
67,871
67,872
67,873
67,874
67,875
67,876
67,877
67,878
67,879
67,880
67,881
67,882
67,883
67,884
67,885
67,886
67,887
67,888
67,889
67,890
67,891
:77_6,892
:77_6,893
:77_6,894
:77_6,895
:77_6,896
:77_6,897
-121,898
-121,899
-121,900
-121,901
-121,902
-121,903
-121,904
-121,905
-121,906
-121,907
-121,908
-121,909
-121,910
-121,911
-121,912
-121,913
-121,914
-121,915
-121,916
-121,917
-121,918
-121,919
-121,920
-121,921
-121,922
-121,923
-121,924
-121,925
-121,926
-121,927
-121,928
-121,929
-121,930
-121,931
-121,932
-121,933
-121,934
-121,935
-121,936
-121,937
-121,938
-121,939
-121,940
-121,941
-121,942
-121,943
-121,944
-121,945
-121,946
-121,947
-121,948
-121,949
-121,950
-121,951
-121,952
-121,953
-121,954
-121,955
-121,956
-121,957
-121,958
-121,959
-121,960
-121,961
-121,962
-121,963
-121,964
-121,965
144,4
