91,4
91,5
91,6
91,7
91,8
91,9
91,10
91,11
91,12
91,13
91,14
91,15
91,16
91,17
91,18
91,19
91,20
91,21
91,22
91,23
91,24
91,25
91,26
91,27
91,28
91,29
91,30
91,31
91,32
91,33
91,34
91,35
91,36
91,37
91,38
91,39
91,40
91,41
91,42
91,43
91,44
91,45
91,46
91,47
91,48
91,49
91,50
91,51
91,52
91,53
91,54
91,55
91,56
91,57
91,58
91,59
91,60
91,61
91,62
91,63
91,64
91,65
91,66
91,67
91,68
91,69
91,70
91,71
91,72
91,73
91,74
91,75
91,76
91,77
91,78
91,79
91,80
91,81
:107_4,82
:107_4,83
:107_4,84
:107_4,85
:107_4,86
-297,87
-297,88
-297,89
-297,90
-297,91
-297,92
-297,93
-297,94
-297,95
-297,96
-297,97
-297,98
-297,99
-297,100
-297,101
-297,102
-297,103
-297,104
-297,105
-297,106
-297,107
-297,108
-297,109
-297,110
-297,111
-297,112
-297,113
-297,114
-297,115
-297,116
-297,117
-297,118
-297,119
-297,120
-297,121
-297,122
-297,123
-297,124
-297,125
-297,126
-297,127
-297,128
-297,129
-297,130
-297,131
-297,132
-297,133
-297,134
-297,135
-297,136
-297,137
-297,138
-297,139
-297,140
-297,141
-297,142
-297,143
-297,144
-297,145
-297,146
-297,147
-297,148
-297,149
-297,150
:172_8,151
:172_8,152
:172_8,153
296,154
296,155
296,156
296,157
296,158
296,159
296,160
296,161
296,162
296,163
296,164
296,165
296,166
296,167
296,168
296,169
296,170
296,171
296,172
296,173
296,174
296,175
296,176
296,177
296,178
296,179
296,180
296,181
296,182
296,183
296,184
296,185
296,186
296,187
296,188
296,189
296,190
296,191
296,192
296,193
296,194
296,195
296,196
296,197
296,198
296,199
296,200
296,201
296,202
296,203
296,204
296,205
296,206
296,207
296,208
296,209
296,210
296,211
296,212
296,213
296,214
296,215
296,216
296,217
296,218
296,219
296,220
296,221
296,222
296,223
296,224
296,225
296,226
296,227
296,228
296,229
296,230
296,231
296,232
296,233
296,234
296,235
296,236
296,237
296,238
296,239
296,240
296,241
296,242
:284_3,243
:284_3,244
:284_3,245
:284_3,246
:284_3,247
499,248
499,249
499,250
499,251
499,252
499,253
499,254
499,255
499,256
499,257
499,258
499,259
499,260
499,261
499,262
499,263
499,264
499,265
:418_7,266
:418_7,267
:418_7,268
:418_7,269
675,270
675,271
675,272
675,273
675,274
675,275
675,276
675,277
675,278
675,279
675,280
675,281
675,282
675,283
675,284
675,285
675,286
675,287
675,288
675,289
675,290
675,291
675,292
675,293
675,294
675,295
675,296
675,297
675,298
675,299
675,300
675,301
675,302
675,303
675,304
:493_1,305
673,306
673,307
673,308
673,309
673,310
673,311
673,312
673,313
673,314
673,315
673,316
673,317
673,318
673,319
673,320
673,321
673,322
673,323
673,324
673,325
673,326
673,327
673,328
673,329
673,330
673,331
673,332
673,333
673,334
673,335
673,336
673,337
673,338
673,339
673,340
673,341
673,342
673,343
673,344
673,345
673,346
673,347
673,348
673,349
673,350
673,351
673,352
673,353
673,354
673,355
673,356
673,357
673,358
673,359
673,360
673,361
673,362
673,363
673,364
673,365
673,366
:455_7,367
:455_7,368
:455_7,369
:455_7,370
:455_7,371
578,372
578,373
578,374
578,375
578,376
578,377
578,378
578,379
578,380
578,381
578,382
578,383
578,384
578,385
578,386
578,387
578,388
578,389
578,390
578,391
578,392
578,393
578,394
578,395
578,396
578,397
578,398
578,399
578,400
578,401
578,402
578,403
578,404
578,405
578,406
578,407
578,408
578,409
578,410
578,411
578,412
578,413
578,414
578,415
578,416
578,417
578,418
578,419
578,420
578,421
578,422
578,423
578,424
578,425
578,426
578,427
578,428
578,429
578,430
578,431
578,432
578,433
578,434
578,435
578,436
578,437
578,438
578,439
578,440
578,441
578,442
578,443
578,444
578,445
578,446
578,447
578,448
578,449
578,450
578,451
578,452
578,453
578,454
578,455
578,456
578,457
578,458
578,459
578,460
578,461
578,462
578,463
578,464
578,465
578,466
578,467
578,468
578,469
578,470
578,471
578,472
578,473
578,474
578,475
578,476
578,477
578,478
578,479
578,480
578,481
578,482
578,483
578,484
578,485
578,486
578,487
578,488
578,489
578,490
578,491
578,492
:82_10,493
:82_10,494
:82_10,495
:82_10,496
:82_10,497
-70,498
-70,499
-70,500
-70,501
-70,502
-70,503
-70,504
-70,505
-70,506
-70,507
-70,508
-70,509
-70,510
-70,511
-70,512
-70,513
-70,514
-70,515
-70,516
-70,517
-70,518
-70,519
-70,520
-70,521
-70,522
-70,523
-70,524
-70,525
-70,526
-70,527
-70,528
-70,529
-70,530
-70,531
-70,532
-70,533
-70,534
-70,535
-70,536
-70,537
-70,538
-70,539
-70,540
-70,541
-70,542
-70,543
-70,544
-70,545
-70,546
-70,547
-70,548
-70,549
-70,550
-70,551
:81_6,552
:81_6,553
:81_6,554
:81_6,555
72,556
72,557
72,558
72,559
72,560
72,561
72,562
72,563
72,564
72,565
72,566
72,567
72,568
72,569
72,570
72,571
72,572
72,573
72,574
72,575
72,576
72,577
72,578
72,579
72,580
72,581
72,582
72,583
72,584
72,585
72,586
72,587
72,588
72,589
72,590
72,591
72,592
72,593
72,594
72,595
72,596
72,597
72,598
72,599
72,600
72,601
72,602
72,603
72,604
72,605
72,606
72,607
72,608
72,609
72,610
72,611
72,612
72,613
72,614
72,615
72,616
72,617
72,618
72,619
72,620
72,621
72,622
72,623
72,624
72,625
72,626
72,627
72,628
72,629
72,630
72,631
72,632
72,633
72,634
72,635
72,636
72,637
72,638
72,639
72,640
72,641
72,642
72,643
72,644
72,645
72,646
72,647
72,648
72,649
72,650
72,651
72,652
72,653
72,654
72,655
72,656
72,657
72,658
72,659
72,660
72,661
72,662
72,663
72,664
72,665
72,666
72,667
72,668
72,669
72,670
72,671
72,672
72,673
72,674
72,675
72,676
72,677
72,678
72,679
72,680
72,681
72,682
72,683
72,684
72,685
72,686
72,687
72,688
91,4
