46,4
46,5
46,6
46,7
46,8
46,9
46,10
46,11
46,12
46,13
46,14
46,15
46,16
46,17
46,18
46,19
46,20
46,21
46,22
46,23
46,24
46,25
46,26
46,27
46,28
46,29
46,30
46,31
46,32
46,33
46,34
46,35
46,36
46,37
46,38
46,39
46,40
46,41
46,42
46,43
46,44
46,45
46,46
46,47
46,48
46,49
46,50
46,51
46,52
46,53
46,54
46,55
46,56
46,57
46,58
46,59
46,60
46,61
46,62
46,63
46,64
46,65
46,66
46,67
46,68
46,69
46,70
46,71
46,72
46,73
46,74
46,75
46,76
46,77
46,78
46,79
46,80
46,81
46,82
46,83
46,84
46,85
46,86
46,87
46,88
46,89
46,90
46,91
46,92
46,93
46,94
46,95
46,96
46,97
46,98
46,99
46,100
46,101
46,102
46,103
46,104
46,105
46,106
46,107
46,108
46,109
46,110
46,111
46,112
46,113
46,114
46,115
46,116
46,117
46,118
46,119
46,120
46,121
46,122
46,123
46,124
:54_4,125
:54_4,126
:54_4,127
:54_4,128
:54_4,129
:54_4,130
310,131
310,132
310,133
310,134
310,135
310,136
310,137
310,138
310,139
310,140
310,141
310,142
310,143
310,144
310,145
310,146
310,147
310,148
310,149
310,150
310,151
310,152
310,153
310,154
310,155
310,156
310,157
310,158
310,159
310,160
310,161
310,162
310,163
310,164
310,165
310,166
310,167
310,168
310,169
310,170
310,171
310,172
310,173
310,174
310,175
310,176
310,177
310,178
310,179
310,180
310,181
310,182
310,183
310,184
310,185
310,186
310,187
310,188
310,189
310,190
310,191
310,192
310,193
310,194
310,195
310,196
310,197
310,198
310,199
310,200
310,201
310,202
310,203
310,204
310,205
310,206
310,207
310,208
310,209
310,210
310,211
310,212
310,213
310,214
310,215
310,216
310,217
310,218
310,219
310,220
310,221
310,222
310,223
310,224
310,225
310,226
310,227
310,228
310,229
310,230
310,231
310,232
310,233
310,234
310,235
310,236
310,237
310,238
310,239
310,240
310,241
310,242
310,243
310,244
310,245
310,246
310,247
310,248
310,249
310,250
310,251
310,252
310,253
310,254
310,255
310,256
310,257
310,258
310,259
310,260
310,261
310,262
310,263
310,264
310,265
310,266
310,267
310,268
310,269
310,270
310,271
310,272
310,273
310,274
310,275
310,276
310,277
310,278
310,279
310,280
310,281
310,282
310,283
310,284
310,285
310,286
310,287
310,288
310,289
310,290
310,291
310,292
310,293
310,294
310,295
310,296
310,297
310,298
310,299
310,300
310,301
310,302
310,303
310,304
310,305
310,306
310,307
310,308
310,309
310,310
310,311
310,312
310,313
310,314
310,315
310,316
310,317
310,318
310,319
310,320
310,321
310,322
310,323
310,324
310,325
310,326
310,327
310,328
310,329
310,330
310,331
310,332
310,333
310,334
310,335
310,336
310,337
310,338
310,339
310,340
310,341
310,342
310,343
310,344
310,345
310,346
310,347
310,348
310,349
310,350
310,351
310,352
310,353
310,354
310,355
310,356
310,357
310,358
310,359
310,360
310,361
310,362
310,363
310,364
310,365
310,366
310,367
310,368
310,369
310,370
310,371
310,372
310,373
310,374
310,375
310,376
310,377
310,378
310,379
310,380
310,381
310,382
310,383
310,384
310,385
310,386
310,387
310,388
:0_5,389
:0_5,390
:0_5,391
:0_5,392
:0_5,393
:0_5,394
:0_5,395
3,396
3,397
3,398
3,399
3,400
3,401
3,402
3,403
3,404
3,405
3,406
3,407
3,408
3,409
3,410
3,411
3,412
3,413
3,414
3,415
3,416
3,417
3,418
3,419
3,420
3,421
3,422
3,423
3,424
3,425
3,426
3,427
3,428
3,429
3,430
3,431
3,432
3,433
3,434
3,435
3,436
3,437
3,438
3,439
3,440
3,441
3,442
3,443
3,444
3,445
3,446
3,447
3,448
3,449
3,450
3,451
3,452
3,453
3,454
3,455
3,456
3,457
3,458
3,459
3,460
3,461
3,462
3,463
3,464
3,465
3,466
3,467
3,468
3,469
3,470
3,471
3,472
3,473
3,474
3,475
3,476
3,477
3,478
3,479
3,480
3,481
3,482
3,483
3,484
3,485
3,486
3,487
3,488
3,489
3,490
3,491
3,492
3,493
3,494
3,495
3,496
3,497
3,498
3,499
3,500
3,501
3,502
3,503
3,504
3,505
3,506
3,507
3,508
3,509
3,510
3,511
3,512
3,513
3,514
3,515
3,516
3,517
3,518
3,519
3,520
3,521
3,522
3,523
3,524
3,525
3,526
3,527
3,528
3,529
3,530
3,531
3,532
3,533
3,534
3,535
3,536
3,537
3,538
3,539
3,540
3,541
3,542
3,543
3,544
3,545
3,546
3,547
3,548
3,549
3,550
3,551
3,552
3,553
3,554
3,555
3,556
3,557
3,558
3,559
3,560
3,561
3,562
3,563
3,564
3,565
3,566
3,567
3,568
3,569
3,570
3,571
3,572
3,573
3,574
3,575
3,576
3,577
3,578
3,579
3,580
3,581
3,582
3,583
3,584
3,585
3,586
3,587
3,588
3,589
3,590
3,591
3,592
3,593
3,594
3,595
3,596
3,597
3,598
3,599
3,600
3,601
3,602
3,603
3,604
3,605
3,606
3,607
3,608
3,609
3,610
3,611
3,612
3,613
3,614
3,615
3,616
3,617
3,618
3,619
3,620
3,621
3,622
3,623
3,624
3,625
3,626
3,627
3,628
3,629
3,630
3,631
3,632
3,633
3,634
3,635
3,636
3,637
3,638
3,639
3,640
3,641
3,642
3,643
3,644
3,645
3,646
3,647
3,648
3,649
3,650
3,651
3,652
3,653
3,654
3,655
3,656
3,657
3,658
3,659
3,660
3,661
3,662
3,663
3,664
3,665
3,666
3,667
3,668
3,669
3,670
3,671
3,672
3,673
3,674
3,675
3,676
3,677
3,678
3,679
3,680
3,681
3,682
3,683
3,684
3,685
3,686
3,687
3,688
3,689
3,690
3,691
3,692
3,693
3,694
3,695
3,696
3,697
3,698
3,699
3,700
3,701
3,702
3,703
3,704
3,705
3,706
:4_4,707
:4_4,708
:4_4,709
:4_4,710
-11,711
-11,712
-11,713
-11,714
-11,715
-11,716
-11,717
-11,718
-11,719
-11,720
-11,721
-11,722
-11,723
-11,724
-11,725
-11,726
-11,727
-11,728
-11,729
-11,730
-11,731
-11,732
-11,733
-11,734
-11,735
-11,736
-11,737
-11,738
-11,739
-11,740
-11,741
-11,742
-11,743
-11,744
-11,745
-11,746
-11,747
-11,748
-11,749
-11,750
-11,751
-11,752
-11,753
-11,754
-11,755
-11,756
-11,757
-11,758
-11,759
-11,760
-11,761
-11,762
-11,763
-11,764
-11,765
-11,766
-11,767
-11,768
-11,769
-11,770
-11,771
-11,772
-11,773
-11,774
-11,775
-11,776
-11,777
-11,778
-11,779
-11,780
-11,781
-11,782
-11,783
-11,784
-11,785
-11,786
-11,787
-11,788
-11,789
-11,790
-11,791
-11,792
-11,793
-11,794
-11,795
-11,796
-11,797
-11,798
-11,799
-11,800
-11,801
-11,802
-11,803
-11,804
-11,805
-11,806
-11,807
-11,808
-11,809
-11,810
-11,811
-11,812
-11,813
-11,814
-11,815
-11,816
-11,817
-11,818
-11,819
-11,820
-11,821
-11,822
-11,823
-11,824
-11,825
-11,826
-11,827
-11,828
-11,829
-11,830
-11,831
-11,832
-11,833
-11,834
-11,835
-11,836
-11,837
-11,838
-11,839
-11,840
-11,841
-11,842
-11,843
-11,844
-11,845
-11,846
-11,847
-10,848
-10,849
-10,850
-10,851
-10,852
-10,853
-10,854
-10,855
-10,856
-10,857
-10,858
-10,859
-10,860
-10,861
-10,862
-10,863
-10,864
-10,865
-10,866
-10,867
-10,868
-10,869
-10,870
-10,871
-10,872
-10,873
-10,874
-10,875
-10,876
-10,877
-10,878
-10,879
-10,880
-10,881
-10,882
-10,883
-10,884
-10,885
-10,886
-10,887
-10,888
-10,889
-10,890
-10,891
-10,892
-10,893
-10,894
-10,895
-10,896
-10,897
-10,898
-10,899
-10,900
-10,901
-10,902
-10,903
-10,904
-10,905
-10,906
-10,907
-10,908
-10,909
-10,910
-10,911
-10,912
-10,913
-10,914
-10,915
-9,916
-9,917
-9,918
-9,919
-9,920
-9,921
-9,922
-9,923
-9,924
-9,925
-9,926
-9,927
-9,928
-9,929
-9,930
-9,931
-9,932
-9,933
-9,934
-9,935
-9,936
-9,937
-9,938
-9,939
-9,940
-9,941
-9,942
-9,943
-9,944
-9,945
-9,946
-9,947
-9,948
-9,949
-9,950
-9,951
-9,952
-9,953
-9,954
-9,955
-9,956
-9,957
-9,958
-9,959
-9,960
-9,961
-9,962
-9,963
-9,964
-9,965
46,4
