-584,1
-584,1
-584,1
-584,2
-584,3
-584,4
-584,5
-584,6
-584,7
-584,8
-584,9
-584,10
-584,11
-584,12
-584,13
-584,14
-584,15
-584,16
-584,17
-584,18
-584,19
-584,20
-584,21
-584,22
-584,23
-584,24
-584,25
-584,26
-584,27
-584,28
-584,29
-584,30
-584,31
-584,32
-584,33
-584,34
-584,35
-584,36
-584,37
-584,38
-584,39
-584,40
:458_4,41
:458_4,42
:458_4,43
:458_4,44
582,45
582,46
582,47
582,48
582,49
582,50
582,51
582,52
582,53
582,54
582,55
582,56
582,57
582,58
582,59
582,60
582,61
582,62
582,63
582,64
582,65
582,66
582,67
582,68
582,69
582,70
582,71
582,72
582,73
582,74
582,75
582,76
582,77
582,78
582,79
582,80
582,81
582,82
582,83
582,84
582,85
582,86
582,87
582,88
582,89
582,90
582,91
582,92
582,93
582,94
582,95
582,96
582,97
582,98
582,99
582,100
582,101
582,102
582,103
582,104
582,105
582,106
582,107
582,108
582,109
582,110
582,111
582,112
582,113
582,114
582,115
582,116
582,117
582,118
582,119
582,120
582,121
582,122
582,123
582,124
582,125
582,126
582,127
:446_0,128
557,129
557,130
557,131
557,132
557,133
557,134
557,135
557,136
557,137
557,138
557,139
557,140
557,141
557,142
557,143
557,144
557,145
557,146
557,147
557,148
557,149
557,150
557,151
557,152
557,153
557,154
557,155
557,156
557,157
557,158
:428_1,159
:428_1,160
:428_9,161
:428_9,162
:428_9,163
558,164
558,165
558,166
558,167
558,168
558,169
558,170
558,171
558,172
558,173
558,174
558,175
558,176
558,177
558,178
558,179
558,180
558,181
558,182
558,183
558,184
558,185
558,186
558,187
558,188
558,189
558,190
558,191
558,192
558,193
558,194
558,195
558,196
558,197
558,198
558,199
558,200
558,201
558,202
558,203
558,204
558,205
558,206
558,207
558,208
558,209
558,210
558,211
558,212
558,213
558,214
558,215
558,216
558,217
558,218
558,219
558,220
558,221
558,222
558,223
558,224
558,225
558,226
558,227
558,228
558,229
558,230
558,231
558,232
558,233
558,234
558,235
558,236
558,237
558,238
558,239
:218_6,240
:218_6,241
:218_6,242
:218_6,243
-212,244
-212,245
-212,246
-212,247
-212,248
-212,249
-212,250
-212,251
-212,252
-212,253
-212,254
-212,255
-212,256
-212,257
-212,258
-212,259
-212,260
-212,261
-212,262
-212,263
-212,264
-212,265
-212,266
-212,267
-212,268
-212,269
-212,270
-212,271
-212,272
-212,273
-212,274
-212,275
-212,276
-212,277
-212,278
-212,279
-212,280
-212,281
-212,282
-212,283
-212,284
-212,285
-212,286
-212,287
:189_1,288
:189_1,289
:189_1,290
:189_1,291
:189_1,292
-176,293
-176,294
-176,295
-176,296
-176,297
-176,298
-176,299
-176,300
-176,301
-176,302
-176,303
-176,304
-176,305
-176,306
-176,307
-176,308
-176,309
-176,310
-176,311
-176,312
-176,313
-176,314
-176,315
-176,316
-176,317
-176,318
-176,319
-176,320
-176,321
-176,322
-176,323
-176,324
-176,325
-176,326
-176,327
-176,328
-176,329
-176,330
-176,331
-176,332
-176,333
-176,334
-176,335
-176,336
-176,337
-176,338
-176,339
-176,340
-176,341
-176,342
-176,343
-176,344
-176,345
-176,346
-176,347
-176,348
-176,349
-176,350
-176,351
-176,352
-176,353
-176,354
-176,355
-176,356
-176,357
-176,358
-176,359
-176,360
-176,361
-176,362
-176,363
-176,364
-176,365
-176,366
-176,367
-176,368
-176,369
-176,370
-176,371
-176,372
-176,373
-176,374
-176,375
-176,376
-176,377
-176,378
-176,379
-176,380
-176,381
-176,382
-176,383
-176,384
-176,385
-176,386
-176,387
-176,388
-176,389
-176,390
-176,391
-176,392
-176,393
-176,394
:13_12,395
:13_12,396
:13_12,397
:13_12,398
:13_12,399
175,400
175,401
175,402
175,403
175,404
175,405
175,406
175,407
175,408
175,409
175,410
175,411
175,412
175,413
175,414
175,415
175,416
175,417
175,418
175,419
175,420
175,421
175,422
175,423
175,424
175,425
175,426
175,427
175,428
175,429
175,430
175,431
175,432
175,433
175,434
175,435
175,436
175,437
175,438
175,439
175,440
175,441
175,442
175,443
175,444
175,445
175,446
175,447
175,448
175,449
175,450
175,451
175,452
175,453
175,454
175,455
175,456
175,457
175,458
175,459
175,460
175,461
464,462
464,463
464,464
464,465
464,466
464,467
464,468
464,469
464,470
464,471
464,472
464,473
464,474
464,475
464,476
464,477
464,478
464,479
464,480
464,481
464,482
464,483
464,484
464,485
464,486
464,487
464,488
464,489
464,490
464,491
464,492
464,493
464,494
464,495
464,496
464,497
464,498
464,499
464,500
464,501
464,502
464,503
464,504
464,505
464,506
464,507
464,508
464,509
464,510
464,511
464,512
464,513
464,514
464,515
464,516
464,517
464,518
464,519
464,520
464,521
464,522
464,523
464,524
464,525
464,526
464,527
464,528
464,529
464,530
464,531
464,532
464,533
464,534
464,535
464,536
464,537
464,538
464,539
464,540
464,541
464,542
464,543
464,544
464,545
464,546
464,547
464,548
:396_0,549
:396_0,550
:396_0,551
:396_0,552
:396_0,553
679,554
679,555
679,556
679,557
679,558
679,559
679,560
679,561
679,562
679,563
679,564
679,565
679,566
679,567
679,568
679,569
679,570
679,571
679,572
679,573
679,574
679,575
679,576
679,577
679,578
679,579
679,580
679,581
679,582
679,583
679,584
679,585
679,586
679,587
679,588
679,589
679,590
679,591
679,592
679,593
679,594
679,595
679,596
679,597
679,598
679,599
679,600
679,601
679,602
679,603
679,604
679,605
679,606
679,607
679,608
679,609
679,610
679,611
679,612
679,613
679,614
679,615
:375_0,616
:375_0,617
:375_0,618
652,619
652,620
652,621
652,622
652,623
652,624
652,625
652,626
652,627
652,628
652,629
652,630
652,631
652,632
652,633
652,634
652,635
652,636
652,637
652,638
652,639
652,640
652,641
652,642
652,643
652,644
652,645
652,646
652,647
652,648
652,649
652,650
652,651
652,652
652,653
652,654
652,655
652,656
652,657
652,658
652,659
652,660
652,661
652,662
652,663
652,664
652,665
652,666
652,667
652,668
652,669
652,670
652,671
652,672
652,673
652,674
652,675
652,676
652,677
652,678
652,679
652,680
652,681
652,682
652,683
652,684
652,685
652,686
652,687
652,688
652,689
652,690
652,691
652,692
652,693
652,694
652,695
652,696
652,697
652,698
652,699
652,700
652,701
652,702
652,703
652,704
652,705
652,706
652,707
652,708
652,709
652,710
652,711
652,712
652,713
652,714
652,715
652,716
652,717
652,718
652,719
652,720
652,721
652,722
652,723
652,724
652,725
652,726
652,727
652,728
652,729
652,730
652,731
652,732
652,733
652,734
652,735
652,736
652,737
652,738
652,739
652,740
652,741
652,742
652,743
652,744
652,745
652,746
652,747
652,748
652,749
652,750
652,751
652,752
652,753
652,754
652,755
652,756
652,757
652,758
652,759
652,760
652,761
652,762
652,763
652,764
652,765
652,766
652,767
652,768
652,769
652,770
652,771
652,772
652,773
-584,1
-584,2
-584,3
-584,1
