-652,1
-652,1
-652,1
-652,2
-652,3
-652,4
-652,5
-652,6
-652,7
-652,8
-652,9
-652,10
-652,11
-652,12
-652,13
-652,14
-652,15
-652,16
-652,17
-652,18
-652,19
-652,20
-652,21
-652,22
-652,23
-652,24
-652,25
-652,26
-652,27
-652,28
-652,29
-652,30
-652,31
-652,32
-652,33
-652,34
-652,35
-652,36
-652,37
-652,38
-652,39
-652,40
-652,41
-652,42
-652,43
-652,44
-652,45
-652,46
-652,47
-652,48
-652,49
-652,50
-652,51
-652,52
-652,53
-652,54
-652,55
-652,56
-652,57
-652,58
-652,59
-652,60
-652,61
-652,62
-652,63
-652,64
-652,65
-652,66
-652,67
-652,68
-652,69
-652,70
-652,71
-652,72
-652,73
-652,74
-652,75
-652,76
-652,77
-652,78
-652,79
-652,80
-652,81
-652,82
-652,83
-652,84
-652,85
-652,86
-652,87
-652,88
-652,89
-652,90
-652,91
-652,92
-652,93
-652,94
-652,95
-652,96
-652,97
-652,98
-652,99
-652,100
-652,101
-652,102
-652,103
-652,104
-652,105
-652,106
-652,107
-652,108
-652,109
-652,110
-652,111
-652,112
-652,113
-652,114
-652,115
-652,116
-652,117
-652,118
-652,119
-652,120
-652,121
-652,122
-652,123
-652,124
-652,125
-652,126
-652,127
-652,128
-652,129
-652,130
-652,131
-652,132
-652,133
-652,134
-652,135
-652,136
-652,137
-652,138
-652,139
-652,140
-652,141
-652,142
-652,143
-652,144
-652,145
-652,146
-652,147
-652,148
-652,149
-652,150
-652,151
-652,152
-652,153
-652,154
-652,155
-652,156
-652,157
-652,158
-652,159
-652,160
-652,161
-652,162
-652,163
-652,164
-652,165
-652,166
-652,167
-652,168
-652,169
-652,170
-652,171
-652,172
-652,173
-652,174
-652,175
-652,176
-652,177
-652,178
-652,179
-652,180
-652,181
-652,182
:375_6,183
:375_6,184
:375_6,185
:375_6,186
430,187
430,188
430,189
430,190
430,191
430,192
430,193
430,194
430,195
430,196
430,197
430,198
430,199
430,200
430,201
430,202
430,203
430,204
430,205
430,206
430,207
430,208
430,209
430,210
430,211
430,212
430,213
430,214
430,215
430,216
430,217
430,218
430,219
430,220
430,221
430,222
430,223
430,224
430,225
430,226
430,227
430,228
430,229
430,230
430,231
430,232
430,233
430,234
430,235
430,236
430,237
430,238
430,239
430,240
430,241
430,242
430,243
430,244
430,245
430,246
430,247
430,248
430,249
430,250
430,251
430,252
430,253
430,254
430,255
430,256
430,257
430,258
430,259
430,260
430,261
430,262
430,263
430,264
430,265
430,266
430,267
430,268
430,269
430,270
430,271
430,272
430,273
430,274
430,275
430,276
430,277
430,278
430,279
430,280
430,281
430,282
430,283
430,284
430,285
430,286
430,287
430,288
430,289
430,290
430,291
430,292
430,293
430,294
430,295
430,296
430,297
430,298
430,299
430,300
430,301
430,302
430,303
430,304
430,305
430,306
430,307
430,308
430,309
430,310
430,311
430,312
430,313
430,314
430,315
430,316
430,317
430,318
430,319
430,320
430,321
430,322
430,323
430,324
430,325
430,326
430,327
430,328
430,329
430,330
430,331
430,332
430,333
430,334
430,335
430,336
430,337
430,338
430,339
430,340
430,341
430,342
430,343
430,344
430,345
430,346
430,347
430,348
430,349
430,350
430,351
430,352
430,353
430,354
430,355
430,356
430,357
430,358
430,359
430,360
430,361
430,362
430,363
430,364
430,365
430,366
430,367
430,368
430,369
430,370
430,371
430,372
430,373
430,374
430,375
430,376
430,377
430,378
430,379
430,380
430,381
430,382
430,383
430,384
430,385
430,386
430,387
430,388
430,389
430,390
430,391
430,392
430,393
:50_12,394
:50_12,395
:50_12,396
:50_12,397
44,398
44,399
44,400
44,401
44,402
44,403
44,404
44,405
44,406
44,407
44,408
44,409
44,410
44,411
44,412
44,413
44,414
44,415
44,416
44,417
44,418
44,419
44,420
44,421
44,422
44,423
44,424
44,425
44,426
44,427
44,428
44,429
44,430
44,431
44,432
44,433
44,434
44,435
44,436
44,437
44,438
44,439
44,440
44,441
44,442
44,443
44,444
44,445
44,446
44,447
44,448
44,449
44,450
44,451
44,452
44,453
44,454
44,455
44,456
44,457
44,458
44,459
44,460
44,461
44,462
44,463
44,464
44,465
44,466
44,467
44,468
44,469
44,470
44,471
44,472
44,473
44,474
44,475
44,476
44,477
44,478
44,479
44,480
44,481
44,482
44,483
44,484
44,485
44,486
44,487
44,488
44,489
44,490
44,491
44,492
44,493
44,494
44,495
44,496
44,497
44,498
44,499
44,500
44,501
44,502
44,503
44,504
44,505
44,506
44,507
44,508
44,509
44,510
44,511
44,512
44,513
44,514
44,515
44,516
44,517
44,518
44,519
44,520
44,521
44,522
44,523
44,524
44,525
44,526
44,527
44,528
44,529
44,530
44,531
44,532
44,533
44,534
44,535
44,536
44,537
44,538
44,539
44,540
44,541
44,542
44,543
44,544
44,545
44,546
44,547
44,548
44,549
44,550
44,551
44,552
44,553
44,554
44,555
44,556
44,557
44,558
44,559
44,560
44,561
44,562
44,563
44,564
44,565
44,566
44,567
44,568
44,569
44,570
44,571
44,572
44,573
44,574
44,575
44,576
44,577
44,578
44,579
44,580
44,581
44,582
44,583
44,584
44,585
44,586
44,587
44,588
44,589
44,590
44,591
44,592
44,593
44,594
44,595
44,596
44,597
44,598
44,599
44,600
44,601
44,602
44,603
44,604
44,605
44,606
44,607
44,608
44,609
44,610
44,611
44,612
44,613
44,614
44,615
44,616
44,617
44,618
44,619
44,620
44,621
44,622
44,623
44,624
44,625
44,626
44,627
44,628
44,629
44,630
44,631
44,632
44,633
44,634
44,635
44,636
44,637
44,638
44,639
44,640
44,641
44,642
44,643
44,644
44,645
44,646
44,647
44,648
44,649
44,650
44,651
44,652
44,653
44,654
44,655
44,656
44,657
44,658
44,659
44,660
44,661
44,662
44,663
44,664
44,665
44,666
44,667
44,668
44,669
44,670
44,671
44,672
44,673
44,674
44,675
44,676
44,677
44,678
44,679
44,680
44,681
44,682
44,683
44,684
44,685
44,686
44,687
44,688
:51_3,689
:51_3,690
:51_3,691
:51_3,692
-652,693
-652,694
-652,695
-652,696
-652,697
-652,698
-652,699
-652,700
-652,701
-652,702
-652,703
-652,704
-652,705
-652,706
-652,707
-652,708
-652,709
-652,710
-652,711
-652,712
-652,713
-652,714
-652,715
-652,716
-652,717
-652,718
-652,719
-652,720
-652,721
-652,722
-652,723
-652,724
-652,725
-652,726
-652,727
-652,728
-652,729
-652,730
-652,731
-652,732
-652,733
-652,734
-652,735
-652,736
-652,737
-652,738
-652,739
-652,740
-652,741
-652,742
-652,743
-652,744
-652,745
-652,746
-652,747
-652,748
-652,749
-652,750
-652,751
-652,752
-652,753
-652,754
-652,755
-652,756
-652,757
-652,758
-652,759
-652,760
-652,761
-652,762
-652,763
-652,764
-652,765
-652,766
-652,767
-652,768
-652,769
-652,770
-652,771
-652,772
-652,773
-652,774
-652,775
-652,776
-652,777
-652,778
-652,779
-652,780
-652,781
-652,782
-652,783
-652,784
-652,785
-652,786
-652,787
-652,788
-652,789
-652,790
-652,791
-652,792
-652,793
-652,794
-652,795
-652,796
-652,797
-652,798
-652,799
-652,800
-652,801
-652,802
-652,803
-652,804
-652,805
-652,806
-652,807
-652,808
-652,809
-652,810
-652,811
-652,812
-652,813
-652,814
-652,815
-652,816
-652,817
-652,818
-652,819
-652,820
-652,821
-652,822
-652,823
-652,824
-652,825
-652,826
-652,827
-652,828
-652,829
-652,830
-652,831
-652,832
-652,833
-652,834
-652,835
-652,836
-652,837
-652,838
-652,839
-652,840
-652,841
-652,842
-652,843
-652,844
-652,845
-652,846
-652,847
-652,848
-652,849
-652,850
-652,851
-652,852
-652,853
-652,854
-652,855
-652,856
-652,857
-652,858
-652,859
-652,860
-652,861
-652,862
-652,863
-652,864
-652,865
-652,866
-652,867
-652,868
-652,869
-652,870
-652,871
-652,872
-652,873
-652,874
-652,875
-652,876
:375_7,877
:375_7,878
:375_7,879
:375_7,880
:375_7,881
:375_7,882
-679,883
-679,884
-679,885
-679,886
-679,887
-679,888
-679,889
-679,890
-679,891
-679,892
-679,893
-679,894
-679,895
-679,896
-679,897
-679,898
-679,899
-679,900
-679,901
-679,902
-679,903
-679,904
-679,905
-679,906
-679,907
-679,908
-679,909
-679,910
-679,911
-679,912
-679,913
-679,914
-679,915
-679,916
-679,917
-679,918
-679,919
-679,920
-679,921
-679,922
-679,923
-679,924
-679,925
-679,926
-679,927
-679,928
-679,929
-679,930
-679,931
-679,932
-679,933
-679,934
-679,935
-679,936
-679,937
-679,938
-679,939
-679,940
-679,941
-679,942
-679,943
-679,944
-679,945
-679,946
-679,947
-679,948
-679,949
-679,950
-679,951
-679,952
-679,953
-679,954
-679,955
:396_7,956
:396_7,957
:396_7,958
:396_7,959
:396_7,960
-464,961
-464,962
-464,963
-464,964
-464,965
-652,1
-652,2
-652,3
-652,1
