18,11
18,12
18,13
18,14
18,15
18,16
18,17
18,18
18,19
18,20
18,21
18,22
18,23
18,24
18,25
18,26
18,27
18,28
18,29
18,30
18,31
18,32
18,33
18,34
18,35
18,36
18,37
18,38
18,39
18,40
18,41
18,42
18,43
18,44
18,45
18,46
18,47
18,48
18,49
18,50
18,51
18,52
18,53
18,54
18,55
18,56
18,57
18,58
18,59
18,60
18,61
18,62
18,63
18,64
18,65
18,66
18,67
18,68
18,69
18,70
18,71
18,72
18,73
18,74
18,75
18,76
18,77
18,78
18,79
18,80
18,81
18,82
18,83
18,84
18,85
18,86
18,87
18,88
18,89
18,90
18,91
18,92
18,93
18,94
18,95
18,96
18,97
18,98
18,99
18,100
18,101
18,102
18,103
18,104
18,105
18,106
18,107
18,108
18,109
18,110
18,111
18,112
18,113
:21_4,114
:21_4,115
:21_4,116
:21_4,117
:21_4,118
257,119
257,120
257,121
257,122
257,123
257,124
257,125
257,126
257,127
257,128
257,129
257,130
257,131
257,132
257,133
257,134
257,135
257,136
257,137
257,138
257,139
257,140
257,141
257,142
257,143
257,144
257,145
257,146
257,147
257,148
257,149
257,150
257,151
257,152
257,153
257,154
257,155
257,156
257,157
257,158
257,159
257,160
257,161
257,162
257,163
257,164
257,165
257,166
257,167
257,168
257,169
257,170
257,171
257,172
257,173
257,174
257,175
257,176
257,177
257,178
257,179
257,180
257,181
257,182
257,183
257,184
257,185
257,186
257,187
257,188
257,189
257,190
257,191
257,192
257,193
257,194
257,195
257,196
257,197
257,198
257,199
257,200
257,201
257,202
257,203
257,204
257,205
257,206
257,207
257,208
257,209
257,210
257,211
257,212
257,213
257,214
257,215
257,216
257,217
257,218
257,219
257,220
257,221
257,222
257,223
257,224
257,225
257,226
257,227
257,228
257,229
257,230
257,231
257,232
257,233
257,234
257,235
257,236
257,237
257,238
257,239
257,240
257,241
257,242
257,243
257,244
257,245
257,246
257,247
257,248
257,249
257,250
257,251
257,252
257,253
257,254
257,255
257,256
257,257
257,258
257,259
257,260
257,261
257,262
257,263
257,264
257,265
257,266
257,267
257,268
257,269
257,270
257,271
257,272
257,273
257,274
257,275
257,276
257,277
257,278
257,279
257,280
257,281
257,282
257,283
257,284
257,285
:231_4,286
:231_4,287
:231_4,288
:231_4,289
:231_4,290
-225,291
-225,292
-225,293
-225,294
-225,295
-225,296
-225,297
-225,298
-225,299
-225,300
-225,301
-225,302
-225,303
-225,304
-225,305
-225,306
-225,307
-225,308
-225,309
-225,310
-225,311
-225,312
-225,313
-225,314
-225,315
-225,316
-225,317
-225,318
-225,319
-225,320
-225,321
-225,322
-225,323
-225,324
-225,325
-225,326
-225,327
-225,328
-225,329
-225,330
-225,331
-225,332
-225,333
-225,334
-225,335
-225,336
-225,337
-225,338
-225,339
-225,340
-225,341
-225,342
-225,343
-225,344
-225,345
-225,346
-225,347
-225,348
-225,349
-225,350
-225,351
-225,352
-225,353
-225,354
-225,355
-225,356
-225,357
-225,358
-225,359
-225,360
-225,361
-225,362
-225,363
-225,364
-225,365
-225,366
-225,367
-225,368
-225,369
-225,370
-225,371
-225,372
-225,373
-225,374
-225,375
-225,376
-225,377
-225,378
-225,379
-225,380
-225,381
-225,382
-225,383
-225,384
-225,385
-225,386
-225,387
-225,388
-225,389
-225,390
-225,391
-225,392
-225,393
-225,394
-225,395
-225,396
-225,397
-225,398
-225,399
-225,400
-225,401
-225,402
-225,403
-225,404
-225,405
-225,406
-225,407
-225,408
-225,409
-225,410
-225,411
-225,412
-225,413
-225,414
-225,415
-225,416
-225,417
-225,418
-225,419
-225,420
-225,421
-225,422
-225,423
-225,424
-225,425
-225,426
-225,427
-225,428
-225,429
-225,430
-225,431
-225,432
-225,433
-225,434
-225,435
-225,436
-225,437
-225,438
-225,439
-225,440
-225,441
-225,442
-225,443
-225,444
-225,445
-225,446
-225,447
-225,448
-225,449
-225,450
-225,451
-225,452
:227_0,453
:227_0,454
:227_0,455
226,456
226,457
226,458
226,459
226,460
226,461
226,462
226,463
226,464
226,465
226,466
226,467
226,468
226,469
226,470
226,471
226,472
226,473
226,474
226,475
226,476
226,477
226,478
226,479
226,480
226,481
226,482
226,483
226,484
226,485
226,486
226,487
226,488
226,489
226,490
226,491
226,492
226,493
226,494
226,495
226,496
226,497
226,498
226,499
226,500
226,501
226,502
226,503
226,504
226,505
226,506
226,507
226,508
226,509
226,510
226,511
226,512
226,513
226,514
226,515
226,516
226,517
226,518
226,519
226,520
:232_4,521
:232_4,522
:232_4,523
:232_4,524
:232_4,525
-292,526
-292,527
-292,528
-292,529
-292,530
-292,531
-292,532
-292,533
-292,534
-292,535
-292,536
-292,537
-292,538
-292,539
-292,540
-292,541
-292,542
-292,543
-292,544
-292,545
-292,546
-292,547
-292,548
-292,549
-292,550
-292,551
-292,552
-292,553
-292,554
-292,555
-292,556
-292,557
-292,558
-292,559
-292,560
-292,561
-292,562
-292,563
-292,564
-292,565
-292,566
-292,567
-292,568
-292,569
-292,570
-292,571
-292,572
-292,573
-292,574
-292,575
-292,576
-292,577
-292,578
-292,579
-292,580
:122_5,581
:122_5,582
:122_5,583
:122_5,584
:122_5,585
-106,586
-106,587
-106,588
-106,589
-106,590
-106,591
-106,592
-106,593
-106,594
-106,595
-106,596
-106,597
-106,598
-106,599
-106,600
-106,601
-106,602
-106,603
-106,604
-106,605
-106,606
-106,607
-106,608
-106,609
-106,610
-106,611
-106,612
-106,613
-106,614
-106,615
-106,616
-106,617
-106,618
-106,619
-106,620
-106,621
-106,622
-106,623
-106,624
-106,625
-106,626
-106,627
-106,628
-106,629
-106,630
-106,631
-106,632
-106,633
-106,634
-106,635
-106,636
-106,637
-106,638
-106,639
-106,640
-106,641
-106,642
-106,643
-106,644
-106,645
-106,646
-106,647
-106,648
-106,649
-106,650
-106,651
-106,652
-106,653
-106,654
:119_5,655
:119_5,656
:119_5,657
:119_5,658
:119_5,659
:119_5,660
105,661
105,662
105,663
105,664
105,665
105,666
105,667
105,668
105,669
105,670
105,671
105,672
105,673
105,674
105,675
105,676
105,677
105,678
105,679
105,680
105,681
105,682
105,683
105,684
105,685
105,686
105,687
105,688
105,689
105,690
105,691
105,692
105,693
105,694
105,695
105,696
105,697
105,698
105,699
105,700
105,701
105,702
105,703
105,704
105,705
105,706
105,707
105,708
105,709
105,710
105,711
105,712
105,713
105,714
105,715
105,716
105,717
105,718
105,719
105,720
105,721
105,722
105,723
105,724
105,725
105,726
105,727
105,728
105,729
105,730
105,731
105,732
105,733
105,734
105,735
105,736
105,737
105,738
:121_3,739
:121_3,740
:121_3,741
:121_3,742
:121_3,743
432,744
432,745
432,746
432,747
432,748
432,749
432,750
432,751
432,752
432,753
432,754
432,755
432,756
432,757
432,758
432,759
432,760
432,761
432,762
432,763
432,764
432,765
432,766
432,767
432,768
432,769
432,770
432,771
432,772
432,773
432,774
432,775
432,776
432,777
432,778
432,779
432,780
432,781
432,782
432,783
432,784
432,785
432,786
432,787
432,788
432,789
432,790
432,791
432,792
432,793
432,794
432,795
432,796
432,797
432,798
432,799
432,800
432,801
432,802
432,803
432,804
432,805
432,806
432,807
432,808
432,809
432,810
432,811
432,812
432,813
432,814
:376_3,815
:376_3,816
:376_3,817
:376_3,818
:376_3,819
587,820
587,821
587,822
587,823
587,824
587,825
587,826
587,827
587,828
587,829
587,830
587,831
587,832
587,833
587,834
587,835
587,836
587,837
587,838
587,839
587,840
587,841
587,842
587,843
587,844
587,845
587,846
587,847
587,848
587,849
587,850
587,851
587,852
587,853
587,854
587,855
587,856
587,857
587,858
587,859
587,860
587,861
587,862
587,863
587,864
587,865
587,866
587,867
587,868
587,869
587,870
587,871
587,872
587,873
587,874
587,875
587,876
587,877
587,878
587,879
587,880
587,881
587,882
587,883
587,884
587,885
587,886
587,887
587,888
587,889
587,890
587,891
587,892
587,893
587,894
587,895
587,896
587,897
587,898
587,899
:225_4,900
:225_4,901
:225_4,902
:225_10,903
:225_10,904
:225_10,905
318,906
318,907
318,908
318,909
318,910
318,911
318,912
318,913
318,914
318,915
318,916
318,917
318,918
318,919
318,920
318,921
318,922
318,923
318,924
318,925
318,926
318,927
318,928
318,929
318,930
318,931
318,932
318,933
318,934
318,935
318,936
318,937
318,938
318,939
318,940
318,941
318,942
318,943
318,944
318,945
318,946
318,947
318,948
318,949
318,950
318,951
318,952
318,953
318,954
318,955
318,956
318,957
318,958
318,959
318,960
318,961
318,962
318,963
318,964
318,965
