46,1
46,1
46,1
46,2
46,3
46,4
46,5
46,6
46,7
46,8
46,9
46,10
46,11
46,12
46,13
46,14
46,15
46,16
46,17
46,18
46,19
46,20
46,21
46,22
46,23
46,24
46,25
46,26
46,27
46,28
46,29
46,30
46,31
46,32
46,33
46,34
46,35
46,36
46,37
46,38
46,39
46,40
46,41
46,42
46,43
46,44
46,45
46,46
46,47
46,48
46,49
46,50
46,51
46,52
46,53
46,54
46,55
46,56
46,57
46,58
46,59
46,60
46,61
46,62
46,63
46,64
46,65
46,66
46,67
46,68
46,69
46,70
46,71
46,72
46,73
46,74
46,75
46,76
46,77
46,78
46,79
46,80
46,81
46,82
46,83
46,84
46,85
46,86
46,87
46,88
46,89
46,90
46,91
46,92
46,93
46,94
46,95
46,96
46,97
46,98
46,99
46,100
46,101
46,102
46,103
46,104
46,105
46,106
:54_4,107
:54_4,108
:54_4,109
:54_4,110
:54_4,111
310,112
310,113
310,114
310,115
310,116
310,117
310,118
310,119
310,120
310,121
310,122
310,123
310,124
310,125
310,126
310,127
310,128
310,129
310,130
310,131
310,132
310,133
310,134
310,135
310,136
310,137
310,138
310,139
310,140
310,141
310,142
310,143
310,144
310,145
310,146
310,147
310,148
310,149
310,150
310,151
310,152
310,153
310,154
310,155
310,156
310,157
310,158
310,159
310,160
310,161
310,162
310,163
310,164
310,165
310,166
310,167
310,168
310,169
310,170
310,171
310,172
310,173
310,174
310,175
310,176
310,177
310,178
310,179
310,180
310,181
310,182
310,183
310,184
310,185
310,186
310,187
310,188
310,189
310,190
310,191
310,192
310,193
310,194
310,195
310,196
310,197
310,198
310,199
310,200
310,201
310,202
310,203
310,204
310,205
310,206
310,207
310,208
310,209
310,210
310,211
310,212
310,213
310,214
310,215
310,216
310,217
310,218
310,219
310,220
310,221
310,222
310,223
310,224
310,225
310,226
310,227
310,228
310,229
310,230
310,231
310,232
310,233
310,234
310,235
310,236
310,237
310,238
310,239
310,240
310,241
310,242
310,243
310,244
310,245
310,246
310,247
310,248
310,249
310,250
310,251
310,252
310,253
310,254
310,255
310,256
310,257
310,258
310,259
310,260
310,261
310,262
310,263
310,264
310,265
310,266
310,267
310,268
310,269
310,270
310,271
310,272
310,273
310,274
310,275
310,276
310,277
310,278
310,279
310,280
310,281
310,282
310,283
310,284
310,285
310,286
310,287
310,288
310,289
310,290
310,291
310,292
310,293
310,294
310,295
310,296
310,297
310,298
310,299
310,300
310,301
310,302
310,303
310,304
310,305
310,306
310,307
310,308
310,309
310,310
310,311
310,312
310,313
310,314
310,315
310,316
310,317
310,318
310,319
310,320
310,321
310,322
310,323
310,324
310,325
310,326
310,327
310,328
310,329
310,330
310,331
310,332
310,333
310,334
310,335
310,336
310,337
310,338
:0_4,339
:0_4,340
:0_4,341
:0_4,342
0,343
0,344
0,345
0,346
0,347
0,348
0,349
0,350
0,351
0,352
0,353
0,354
0,355
0,356
0,357
0,358
0,359
0,360
0,361
0,362
0,363
0,364
0,365
0,366
0,367
0,368
0,369
0,370
0,371
0,372
0,373
0,374
0,375
0,376
0,377
0,378
0,379
0,380
0,381
0,382
0,383
0,384
0,385
0,386
0,387
0,388
0,389
0,390
0,391
0,392
0,393
0,394
0,395
0,396
0,397
0,398
0,399
0,400
0,401
0,402
0,403
0,404
0,405
0,406
0,407
0,408
0,409
0,410
0,411
0,412
0,413
0,414
0,415
0,416
0,417
0,418
0,419
0,420
0,421
0,422
0,423
0,424
0,425
0,426
0,427
0,428
0,429
0,430
0,431
0,432
0,433
0,434
0,435
0,436
0,437
0,438
0,439
0,440
0,441
0,442
0,443
0,444
0,445
0,446
0,447
0,448
0,449
0,450
0,451
0,452
0,453
0,454
0,455
0,456
0,457
0,458
0,459
0,460
0,461
0,462
0,463
0,464
:1_7,465
:1_7,466
:1_7,467
:1_7,468
:1_7,469
:1_7,470
1,471
1,472
1,473
1,474
1,475
1,476
1,477
1,478
1,479
1,480
1,481
1,482
1,483
1,484
1,485
1,486
1,487
1,488
1,489
1,490
1,491
1,492
1,493
1,494
1,495
1,496
1,497
1,498
1,499
1,500
1,501
1,502
1,503
1,504
:2_3,505
:2_3,506
:2_3,507
:2_3,508
:2_3,509
2,510
2,511
2,512
2,513
2,514
2,515
2,516
2,517
2,518
2,519
2,520
2,521
2,522
2,523
2,524
2,525
2,526
2,527
2,528
2,529
2,530
2,531
2,532
2,533
2,534
2,535
2,536
2,537
2,538
2,539
2,540
2,541
2,542
2,543
2,544
2,545
2,546
2,547
2,548
2,549
2,550
2,551
2,552
2,553
2,554
2,555
2,556
2,557
2,558
2,559
2,560
2,561
2,562
2,563
2,564
2,565
2,566
2,567
2,568
2,569
2,570
2,571
2,572
2,573
2,574
2,575
2,576
2,577
2,578
2,579
2,580
2,581
2,582
2,583
2,584
2,585
2,586
2,587
2,588
2,589
2,590
2,591
2,592
2,593
2,594
2,595
2,596
2,597
2,598
2,599
2,600
2,601
2,602
2,603
2,604
2,605
2,606
2,607
2,608
2,609
2,610
2,611
2,612
:3_7,613
:3_7,614
:3_7,615
:3_7,616
:3_7,617
-102,618
-102,619
-102,620
-102,621
-102,622
-102,623
-102,624
-102,625
-102,626
-102,627
-102,628
-102,629
-102,630
-102,631
-102,632
-102,633
-102,634
-102,635
-102,636
-102,637
-102,638
-102,639
-102,640
-102,641
-102,642
-102,643
-102,644
-102,645
-102,646
-102,647
-102,648
-102,649
-102,650
-102,651
-102,652
-102,653
-102,654
-102,655
-102,656
-102,657
-102,658
-102,659
-102,660
-102,661
-102,662
-102,663
-102,664
-102,665
-102,666
-102,667
-102,668
-102,669
-102,670
-102,671
-102,672
-102,673
-102,674
-102,675
-102,676
-102,677
-102,678
-102,679
-102,680
-102,681
-102,682
-102,683
-102,684
-102,685
-102,686
-102,687
-102,688
-102,689
-102,690
-102,691
-102,692
-102,693
-102,694
-102,695
-102,696
-102,697
-102,698
-102,699
-102,700
-102,701
-102,702
-102,703
-102,704
-102,705
-102,706
-102,707
-102,708
-102,709
-102,710
-102,711
-102,712
-102,713
-102,714
-102,715
-102,716
-102,717
-102,718
-102,719
-102,720
-102,721
-102,722
-102,723
-102,724
-102,725
-102,726
-102,727
-102,728
-102,729
-102,730
-102,731
-102,732
-102,733
-102,734
-102,735
-102,736
-102,737
-102,738
-102,739
-102,740
-102,741
-102,742
-102,743
-102,744
-102,745
-102,746
-102,747
-102,748
-102,749
-102,750
-102,751
-102,752
-102,753
-102,754
-102,755
-102,756
-102,757
-102,758
-102,759
-102,760
-102,761
-102,762
-102,763
-102,764
-102,765
-102,766
-102,767
-102,768
-102,769
-102,770
-102,771
-102,772
-102,773
-102,774
-102,775
-102,776
-102,777
-102,778
-102,779
-102,780
-102,781
-102,782
-102,783
-102,784
-102,785
-102,786
-102,787
-102,788
-102,789
-102,790
-102,791
-102,792
-102,793
-102,794
-102,795
-102,796
-102,797
:115_7,798
:115_7,799
:115_7,800
:115_7,801
:115_7,802
99,803
99,804
99,805
99,806
99,807
99,808
99,809
99,810
99,811
99,812
99,813
99,814
99,815
99,816
99,817
99,818
99,819
99,820
99,821
99,822
99,823
99,824
99,825
99,826
99,827
99,828
99,829
99,830
99,831
99,832
99,833
99,834
99,835
99,836
99,837
99,838
99,839
99,840
99,841
99,842
99,843
99,844
99,845
99,846
99,847
99,848
99,849
99,850
99,851
99,852
99,853
99,854
99,855
99,856
99,857
99,858
99,859
99,860
99,861
99,862
99,863
99,864
99,865
99,866
99,867
99,868
99,869
99,870
99,871
99,872
99,873
99,874
99,875
99,876
99,877
99,878
99,879
99,880
99,881
99,882
99,883
99,884
99,885
99,886
99,887
99,888
99,889
99,890
99,891
99,892
99,893
99,894
99,895
99,896
99,897
99,898
99,899
99,900
99,901
99,902
99,903
99,904
99,905
99,906
99,907
99,908
99,909
99,910
99,911
99,912
99,913
99,914
99,915
99,916
99,917
99,918
99,919
99,920
99,921
99,922
99,923
99,924
99,925
99,926
99,927
99,928
99,929
99,930
99,931
99,932
99,933
99,934
99,935
99,936
99,937
99,938
99,939
99,940
99,941
99,942
99,943
99,944
99,945
99,946
46,1
46,2
46,3
46,1
