-324,1
-324,1
-324,1
-324,2
-324,3
-324,4
-324,5
-324,6
-324,7
-324,8
-324,9
-324,10
-324,11
-324,12
-324,13
-324,14
-324,15
-324,16
-324,17
-324,18
-324,19
-324,20
-324,21
-324,22
-324,23
-324,24
-324,25
-324,26
-324,27
-324,28
-324,29
-324,30
-324,31
-324,32
-324,33
-324,34
-324,35
-324,36
-324,37
-324,38
-324,39
-324,40
-324,41
-324,42
-324,43
-324,44
-324,45
-324,46
-324,47
-324,48
-324,49
-324,50
-324,51
-324,52
-324,53
-324,54
-324,55
-324,56
-324,57
-324,58
-324,59
-324,60
-324,61
-324,62
-324,63
-324,64
-324,65
-324,66
-324,67
-324,68
-324,69
-324,70
-324,71
-324,72
-324,73
-324,74
-324,75
-324,76
-324,77
-324,78
-324,79
-324,80
-324,81
-324,82
-324,83
-324,84
-324,85
-324,86
-324,87
-324,88
-324,89
-324,90
-324,91
-324,92
-324,93
-324,94
-324,95
-324,96
-324,97
-324,98
-324,99
-324,100
-324,101
-324,102
-324,103
-324,104
-324,105
-324,106
-324,107
-324,108
-324,109
-324,110
-324,111
-324,112
-324,113
-324,114
-324,115
-324,116
-324,117
-324,118
-324,119
-324,120
-324,121
-324,122
-324,123
-324,124
-324,125
-324,126
-324,127
-324,128
-324,129
-324,130
-324,131
-324,132
-324,133
-324,134
-324,135
-324,136
-324,137
-324,138
-324,139
-324,140
-324,141
-324,142
-324,143
-324,144
-324,145
-324,146
-324,147
-324,148
-324,149
-324,150
-324,151
-324,152
-324,153
-324,154
-324,155
-324,156
-324,157
-324,158
-324,159
-324,160
-324,161
-324,162
-324,163
-324,164
-324,165
-324,166
-324,167
-324,168
-324,169
-324,170
-324,171
-324,172
-324,173
-324,174
-324,175
-324,176
-324,177
-324,178
-324,179
-324,180
-324,181
-324,182
-324,183
-324,184
-324,185
-324,186
-324,187
-324,188
-324,189
-324,190
-324,191
-324,192
-324,193
-324,194
-324,195
-324,196
-324,197
-324,198
-324,199
-324,200
-324,201
-324,202
-324,203
-324,204
-324,205
-324,206
-324,207
-324,208
-324,209
-324,210
-324,211
-324,212
-324,213
-324,214
-324,215
-324,216
-324,217
-324,218
-324,219
-324,220
-324,221
-324,222
-324,223
-324,224
-324,225
-324,226
-324,227
-324,228
-324,229
-324,230
-324,231
-324,232
-324,233
-324,234
-324,235
-324,236
-324,237
-324,238
-324,239
-324,240
-324,241
-324,242
-324,243
-324,244
-324,245
-324,246
-324,247
-324,248
-324,249
-324,250
-324,251
-324,252
-324,253
-324,254
-324,255
-324,256
-324,257
-324,258
-324,259
-324,260
-324,261
-324,262
-324,263
-324,264
-324,265
-324,266
-324,267
-324,268
-324,269
-324,270
-324,271
-324,272
-324,273
-324,274
-324,275
-324,276
-324,277
-324,278
:302_3,279
:302_3,280
:302_3,281
-520,282
-520,283
-520,284
-520,285
-520,286
-520,287
-520,288
-520,289
-520,290
-520,291
-520,292
-520,293
-520,294
-520,295
-520,296
-520,297
-520,298
-520,299
-520,300
-520,301
-520,302
-520,303
-520,304
-520,305
-520,306
-520,307
-520,308
-520,309
-520,310
-520,311
-520,312
-520,313
-520,314
-520,315
-520,316
-520,317
-520,318
-520,319
-520,320
-520,321
-520,322
-520,323
-520,324
-520,325
-520,326
-520,327
-520,328
-520,329
-520,330
-520,331
-520,332
-520,333
-520,334
-520,335
-520,336
-520,337
-520,338
-520,339
-520,340
-520,341
-520,342
-520,343
-520,344
-520,345
-520,346
-520,347
-520,348
-520,349
-520,350
-520,351
-520,352
-520,353
-520,354
-520,355
-520,356
-520,357
-520,358
-520,359
-520,360
-520,361
-520,362
-520,363
-520,364
-520,365
-520,366
-520,367
-520,368
-520,369
-520,370
-520,371
-520,372
-520,373
-520,374
-520,375
-520,376
-520,377
-520,378
-520,379
-520,380
-520,381
-520,382
-520,383
-520,384
-520,385
-520,386
-520,387
-520,388
-520,389
-520,390
-520,391
-520,392
-520,393
-520,394
-520,395
-520,396
-520,397
-520,398
-520,399
-520,400
-520,401
-520,402
-520,403
-520,404
-520,405
-520,406
-520,407
-520,408
-520,409
-520,410
-520,411
-520,412
-520,413
-520,414
-520,415
-520,416
-520,417
-520,418
-520,419
-520,420
-520,421
-520,422
-520,423
-520,424
-520,425
-520,426
-520,427
-520,428
-520,429
-520,430
:110_3,431
:110_3,432
:110_3,433
:110_3,434
:110_3,435
-94,436
-94,437
-94,438
-94,439
-94,440
-94,441
-94,442
-94,443
-94,444
-94,445
-94,446
-94,447
-94,448
-94,449
-94,450
-94,451
-94,452
-94,453
-94,454
-94,455
-94,456
-94,457
-94,458
-94,459
-94,460
-94,461
-94,462
-94,463
-94,464
-94,465
-94,466
-94,467
-94,468
-94,469
-94,470
-94,471
-94,472
-94,473
-94,474
-94,475
-94,476
-94,477
-94,478
-94,479
-94,480
-94,481
-94,482
-94,483
-94,484
-94,485
-94,486
-94,487
-94,488
-94,489
-94,490
-94,491
-94,492
-94,493
-94,494
-94,495
-94,496
-94,497
-94,498
-94,499
-94,500
-94,501
-94,502
-94,503
-94,504
-94,505
-94,506
-94,507
-94,508
-94,509
-94,510
-94,511
-94,512
-94,513
-94,514
-94,515
-94,516
-94,517
-94,518
-94,519
-94,520
-94,521
-94,522
-94,523
-94,524
-94,525
-94,526
-94,527
-94,528
-94,529
-94,530
-94,531
-94,532
-94,533
-94,534
-94,535
-94,536
-94,537
-94,538
-94,539
-94,540
-94,541
-94,542
-94,543
-94,544
-94,545
:51_6,546
:51_6,547
:51_6,548
:51_6,549
:51_6,550
-44,551
-44,552
-44,553
-44,554
-44,555
-44,556
-44,557
-44,558
-44,559
-44,560
-44,561
-44,562
-44,563
-44,564
-44,565
-44,566
-44,567
-44,568
-44,569
-44,570
-44,571
-44,572
-44,573
-44,574
-44,575
-44,576
-44,577
-44,578
-44,579
-44,580
-44,581
-44,582
-44,583
-44,584
-44,585
-44,586
-44,587
-44,588
-44,589
-44,590
-44,591
-44,592
-44,593
-44,594
-44,595
-44,596
-44,597
-44,598
-44,599
-44,600
-44,601
-44,602
-44,603
-44,604
-44,605
-44,606
-44,607
-44,608
-44,609
-44,610
-44,611
-44,612
-44,613
-44,614
-44,615
-44,616
-44,617
-44,618
-44,619
-44,620
-44,621
-44,622
-44,623
-44,624
-44,625
-44,626
-44,627
-44,628
-44,629
-44,630
-44,631
-44,632
-44,633
-44,634
-44,635
-44,636
-44,637
-44,638
-44,639
-44,640
-44,641
-44,642
-44,643
-44,644
-44,645
-44,646
-44,647
-44,648
-44,649
-44,650
-44,651
-44,652
-44,653
-44,654
-44,655
-44,656
-44,657
-44,658
-44,659
-44,660
-44,661
-44,662
-44,663
-44,664
-44,665
-44,666
-44,667
-44,668
-44,669
-44,670
-44,671
-44,672
-44,673
-44,674
-44,675
-44,676
-44,677
-44,678
-44,679
-44,680
-44,681
-44,682
-44,683
-44,684
-44,685
-44,686
-44,687
-44,688
-44,689
-44,690
-44,691
-44,692
-44,693
-44,694
-44,695
-44,696
-44,697
-44,698
-44,699
-44,700
-44,701
-44,702
-44,703
-44,704
-44,705
-44,706
-44,707
-44,708
-44,709
-44,710
-44,711
-44,712
-44,713
-44,714
-44,715
-44,716
-44,717
-44,718
-44,719
-44,720
-44,721
-44,722
-44,723
-44,724
-44,725
-44,726
-44,727
-44,728
-44,729
-44,730
-44,731
-44,732
-44,733
-44,734
-44,735
-44,736
-44,737
-44,738
-44,739
-44,740
-44,741
-44,742
-44,743
-44,744
-44,745
-44,746
-44,747
-44,748
-44,749
-44,750
-44,751
-44,752
-44,753
-44,754
-44,755
-44,756
-44,757
-44,758
-44,759
-44,760
-44,761
-44,762
-44,763
-44,764
-44,765
-44,766
-44,767
-44,768
-44,769
-44,770
-44,771
-44,772
-44,773
-44,774
-44,775
-44,776
-44,777
-44,778
-44,779
-44,780
-44,781
-44,782
-44,783
-44,784
-44,785
-44,786
-44,787
-44,788
-44,789
-44,790
:50_8,791
:50_8,792
:50_8,793
:50_8,794
:50_8,795
:50_8,796
322,797
322,798
322,799
322,800
322,801
322,802
322,803
322,804
322,805
322,806
322,807
322,808
322,809
322,810
322,811
322,812
322,813
322,814
322,815
322,816
322,817
322,818
322,819
322,820
322,821
322,822
322,823
322,824
322,825
322,826
322,827
322,828
322,829
322,830
322,831
322,832
322,833
322,834
322,835
322,836
322,837
322,838
322,839
322,840
322,841
322,842
322,843
322,844
322,845
322,846
322,847
322,848
322,849
322,850
322,851
322,852
322,853
322,854
322,855
322,856
322,857
322,858
322,859
322,860
322,861
322,862
322,863
322,864
322,865
322,866
322,867
322,868
322,869
322,870
322,871
322,872
322,873
322,874
322,875
322,876
322,877
322,878
322,879
322,880
322,881
322,882
322,883
322,884
322,885
322,886
322,887
322,888
322,889
322,890
322,891
322,892
322,893
322,894
322,895
322,896
322,897
322,898
322,899
322,900
322,901
322,902
322,903
322,904
322,905
322,906
322,907
322,908
:134_0,909
:134_0,910
:134_0,911
:134_0,912
:134_0,913
-117,914
-117,915
-117,916
-117,917
-117,918
-117,919
-117,920
-117,921
-117,922
-117,923
-117,924
-117,925
-117,926
-117,927
-117,928
-117,929
-117,930
-117,931
-117,932
-117,933
-117,934
-117,935
-117,936
-117,937
-117,938
-117,939
-117,940
-117,941
-117,942
-117,943
-117,944
-117,945
-117,946
-117,947
-117,948
-117,949
-117,950
-117,951
-117,952
-117,953
-117,954
-117,955
-117,956
-117,957
-117,958
-117,959
-117,960
-117,961
-117,962
-117,963
-117,964
-117,965
-324,1
-324,2
-324,3
-324,1
