57,1
57,1
57,1
57,2
57,3
57,4
57,5
57,6
57,7
57,8
57,9
57,10
57,11
57,12
57,13
57,14
57,15
57,16
57,17
57,18
57,19
57,20
57,21
57,22
57,23
57,24
57,25
57,26
57,27
57,28
57,29
57,30
57,31
57,32
57,33
57,34
57,35
57,36
57,37
57,38
57,39
57,40
57,41
57,42
57,43
57,44
57,45
57,46
57,47
57,48
57,49
57,50
57,51
57,52
57,53
57,54
57,55
57,56
57,57
57,58
57,59
57,60
57,61
57,62
57,63
57,64
57,65
57,66
57,67
57,68
57,69
57,70
57,71
57,72
57,73
57,74
:66_4,75
:66_4,76
:66_4,77
:66_4,78
:66_4,79
:66_4,80
-264,81
-264,82
-264,83
-264,84
-264,85
-264,86
-264,87
-264,88
-264,89
-264,90
-264,91
-264,92
-264,93
-264,94
-264,95
-264,96
-264,97
-264,98
-264,99
-264,100
-264,101
-264,102
-264,103
-264,104
-264,105
-264,106
-264,107
-264,108
-264,109
-264,110
-264,111
-264,112
-264,113
-264,114
-264,115
-264,116
-264,117
-264,118
-264,119
-264,120
-264,121
-264,122
-264,123
-264,124
-264,125
-264,126
-264,127
-264,128
-264,129
-264,130
-264,131
-264,132
-264,133
-264,134
-264,135
-264,136
-264,137
-264,138
-264,139
-264,140
-264,141
-264,142
-264,143
-264,144
-264,145
-264,146
-264,147
-264,148
-264,149
-264,150
-264,151
-264,152
-264,153
-264,154
-264,155
-264,156
-264,157
-264,158
-264,159
-264,160
-264,161
-264,162
-264,163
-264,164
-264,165
-264,166
-264,167
-264,168
-264,169
-264,170
-264,171
-264,172
-264,173
-264,174
-264,175
-264,176
-264,177
-264,178
-264,179
-264,180
-264,181
-264,182
-264,183
-264,184
-264,185
-264,186
-264,187
-264,188
-264,189
-264,190
-264,191
-264,192
-264,193
-264,194
-264,195
-264,196
-264,197
-264,198
-264,199
-264,200
-264,201
-264,202
-264,203
-264,204
-264,205
-264,206
-264,207
-264,208
-264,209
-264,210
-264,211
-264,212
-264,213
-264,214
-264,215
-264,216
-264,217
-264,218
:259_5,219
:259_5,220
:259_5,221
:259_5,222
:259_5,223
:259_5,224
:259_5,225
:259_5,226
:259_5,227
265,228
265,229
265,230
265,231
265,232
265,233
265,234
265,235
265,236
265,237
265,238
265,239
265,240
265,241
265,242
265,243
265,244
265,245
265,246
265,247
265,248
265,249
265,250
265,251
265,252
265,253
265,254
265,255
265,256
265,257
265,258
265,259
265,260
265,261
265,262
265,263
265,264
265,265
265,266
265,267
265,268
265,269
265,270
265,271
265,272
265,273
265,274
265,275
265,276
265,277
265,278
265,279
265,280
265,281
265,282
265,283
265,284
265,285
265,286
265,287
265,288
265,289
265,290
265,291
265,292
265,293
265,294
265,295
265,296
265,297
265,298
265,299
265,300
265,301
265,302
265,303
265,304
265,305
265,306
265,307
265,308
265,309
265,310
265,311
265,312
265,313
265,314
265,315
265,316
265,317
265,318
265,319
265,320
265,321
265,322
265,323
265,324
265,325
265,326
265,327
265,328
265,329
265,330
265,331
265,332
265,333
265,334
265,335
265,336
265,337
265,338
265,339
265,340
265,341
265,342
265,343
265,344
265,345
265,346
265,347
265,348
265,349
265,350
265,351
265,352
265,353
265,354
265,355
265,356
265,357
265,358
265,359
265,360
265,361
265,362
265,363
265,364
265,365
265,366
265,367
265,368
265,369
265,370
265,371
265,372
265,373
265,374
265,375
265,376
265,377
265,378
265,379
265,380
265,381
265,382
265,383
265,384
265,385
265,386
265,387
265,388
265,389
265,390
265,391
265,392
265,393
265,394
265,395
265,396
265,397
265,398
265,399
265,400
265,401
265,402
265,403
265,404
265,405
265,406
265,407
265,408
265,409
265,410
265,411
265,412
265,413
265,414
265,415
265,416
265,417
265,418
265,419
265,420
265,421
265,422
265,423
265,424
265,425
265,426
265,427
265,428
265,429
265,430
265,431
265,432
265,433
265,434
265,435
265,436
265,437
265,438
265,439
265,440
265,441
265,442
265,443
265,444
265,445
265,446
265,447
265,448
265,449
265,450
265,451
265,452
265,453
265,454
265,455
265,456
265,457
265,458
265,459
265,460
265,461
265,462
265,463
265,464
265,465
265,466
265,467
265,468
265,469
265,470
265,471
265,472
265,473
265,474
265,475
265,476
:261_5,477
:261_5,478
:261_5,479
:261_5,480
:261_5,481
:261_5,482
277,483
277,484
277,485
277,486
277,487
277,488
277,489
277,490
277,491
277,492
277,493
277,494
277,495
277,496
277,497
277,498
277,499
277,500
277,501
277,502
277,503
277,504
277,505
277,506
277,507
277,508
277,509
277,510
277,511
277,512
277,513
277,514
277,515
277,516
277,517
277,518
277,519
277,520
277,521
277,522
277,523
277,524
277,525
277,526
277,527
277,528
277,529
277,530
277,531
277,532
277,533
277,534
277,535
277,536
277,537
277,538
277,539
277,540
277,541
277,542
277,543
277,544
277,545
277,546
277,547
277,548
277,549
277,550
277,551
277,552
277,553
277,554
277,555
277,556
277,557
277,558
277,559
277,560
277,561
277,562
277,563
277,564
277,565
277,566
277,567
277,568
277,569
277,570
277,571
277,572
277,573
277,574
277,575
277,576
277,577
277,578
277,579
277,580
277,581
277,582
277,583
277,584
277,585
277,586
277,587
277,588
277,589
277,590
277,591
277,592
277,593
277,594
277,595
277,596
277,597
277,598
277,599
277,600
277,601
277,602
277,603
277,604
277,605
277,606
277,607
277,608
277,609
277,610
277,611
277,612
277,613
277,614
277,615
277,616
277,617
277,618
277,619
277,620
277,621
277,622
277,623
277,624
277,625
277,626
277,627
277,628
277,629
277,630
277,631
277,632
277,633
277,634
277,635
277,636
277,637
277,638
277,639
277,640
277,641
277,642
277,643
277,644
277,645
277,646
277,647
277,648
277,649
277,650
277,651
277,652
277,653
277,654
277,655
277,656
277,657
277,658
277,659
277,660
277,661
277,662
277,663
277,664
277,665
277,666
277,667
277,668
277,669
277,670
277,671
277,672
277,673
277,674
277,675
277,676
277,677
277,678
277,679
277,680
277,681
277,682
277,683
277,684
277,685
277,686
277,687
277,688
277,689
277,690
277,691
277,692
277,693
277,694
277,695
277,696
277,697
277,698
277,699
277,700
277,701
277,702
277,703
277,704
277,705
277,706
277,707
277,708
277,709
277,710
277,711
277,712
277,713
277,714
277,715
277,716
277,717
277,718
277,719
277,720
277,721
277,722
277,723
277,724
277,725
277,726
277,727
277,728
277,729
277,730
277,731
277,732
277,733
277,734
277,735
277,736
277,737
277,738
277,739
277,740
277,741
277,742
277,743
277,744
277,745
277,746
277,747
277,748
277,749
277,750
277,751
277,752
277,753
277,754
277,755
277,756
277,757
277,758
277,759
277,760
277,761
277,762
277,763
277,764
277,765
277,766
277,767
277,768
277,769
277,770
277,771
277,772
277,773
277,774
277,775
277,776
277,777
277,778
277,779
277,780
277,781
277,782
277,783
277,784
277,785
277,786
277,787
277,788
277,789
277,790
277,791
277,792
277,793
277,794
277,795
277,796
277,797
277,798
277,799
277,800
277,801
277,802
277,803
277,804
277,805
277,806
277,807
277,808
277,809
277,810
277,811
277,812
277,813
277,814
277,815
277,816
277,817
277,818
277,819
277,820
277,821
277,822
277,823
277,824
277,825
277,826
277,827
277,828
277,829
277,830
277,831
277,832
277,833
277,834
277,835
277,836
277,837
277,838
277,839
277,840
277,841
277,842
277,843
277,844
277,845
277,846
277,847
277,848
277,849
277,850
277,851
277,852
277,853
277,854
277,855
277,856
277,857
:91_4,858
:91_4,859
:91_4,860
:91_4,861
:91_4,862
:91_4,863
:91_4,864
:91_4,865
:91_4,866
80,867
80,868
80,869
80,870
80,871
80,872
80,873
80,874
80,875
80,876
80,877
80,878
80,879
80,880
80,881
80,882
80,883
80,884
80,885
80,886
80,887
80,888
80,889
80,890
80,891
80,892
80,893
80,894
80,895
80,896
80,897
80,898
80,899
80,900
80,901
80,902
80,903
80,904
80,905
80,906
80,907
80,908
80,909
80,910
80,911
80,912
80,913
80,914
80,915
80,916
80,917
80,918
80,919
80,920
80,921
80,922
80,923
80,924
80,925
80,926
80,927
80,928
80,929
80,930
80,931
80,932
80,933
80,934
80,935
80,936
80,937
80,938
80,939
80,940
80,941
80,942
80,943
80,944
80,945
80,946
80,947
80,948
80,949
80,950
80,951
80,952
80,953
80,954
80,955
80,956
80,957
80,958
80,959
80,960
80,961
80,962
80,963
80,964
80,965
57,1
57,2
57,3
57,1
