-365,1
-365,1
-365,1
-365,2
-365,3
-365,4
-365,5
-365,6
-365,7
-365,8
-365,9
-365,10
-365,11
-365,12
-365,13
-365,14
-365,15
-365,16
-365,17
-365,18
-365,19
-365,20
-365,21
-365,22
-365,23
-365,24
-365,25
-365,26
-365,27
-365,28
-365,29
-365,30
-365,31
-365,32
-365,33
-365,34
-365,35
-365,36
-365,37
-365,38
-365,39
-365,40
-365,41
-365,42
-365,43
-365,44
-365,45
-365,46
-365,47
-365,48
-365,49
-365,50
-365,51
-365,52
-365,53
-365,54
-365,55
-365,56
-365,57
-365,58
-365,59
-365,60
-365,61
-365,62
-365,63
-365,64
-365,65
-365,66
-365,67
-365,68
-365,69
-365,70
-365,71
-365,72
-365,73
-365,74
-365,75
-365,76
-365,77
-365,78
-365,79
-365,80
-365,81
-365,82
-365,83
-365,84
-365,85
-365,86
-365,87
-365,88
-365,89
-365,90
-365,91
-365,92
:138_5,93
:138_5,94
:138_5,95
:138_5,96
:138_5,97
366,98
366,99
366,100
366,101
366,102
366,103
366,104
366,105
366,106
366,107
366,108
366,109
366,110
366,111
366,112
366,113
366,114
366,115
366,116
366,117
366,118
366,119
366,120
366,121
366,122
366,123
366,124
366,125
366,126
366,127
366,128
366,129
366,130
366,131
366,132
366,133
366,134
366,135
366,136
366,137
366,138
366,139
366,140
366,141
366,142
366,143
366,144
366,145
366,146
366,147
366,148
366,149
366,150
366,151
366,152
366,153
366,154
366,155
366,156
366,157
366,158
366,159
366,160
366,161
366,162
366,163
366,164
366,165
366,166
366,167
366,168
366,169
366,170
366,171
366,172
366,173
366,174
366,175
366,176
366,177
366,178
366,179
366,180
366,181
366,182
366,183
366,184
366,185
:334_5,186
:334_5,187
:334_5,188
:334_5,189
:334_5,190
515,191
515,192
515,193
515,194
515,195
515,196
515,197
515,198
515,199
515,200
515,201
515,202
515,203
515,204
515,205
515,206
515,207
515,208
515,209
515,210
515,211
515,212
515,213
515,214
515,215
515,216
515,217
515,218
515,219
515,220
515,221
515,222
515,223
515,224
515,225
515,226
515,227
515,228
515,229
515,230
515,231
515,232
515,233
515,234
515,235
515,236
515,237
515,238
515,239
515,240
515,241
515,242
515,243
515,244
515,245
515,246
515,247
515,248
515,249
515,250
515,251
515,252
515,253
515,254
515,255
515,256
515,257
515,258
515,259
515,260
515,261
515,262
515,263
515,264
515,265
515,266
515,267
515,268
515,269
515,270
515,271
515,272
515,273
515,274
515,275
515,276
515,277
515,278
515,279
515,280
515,281
515,282
515,283
515,284
515,285
515,286
515,287
:429_3,288
:429_3,289
:429_3,290
:429_3,291
539,292
539,293
539,294
539,295
539,296
539,297
539,298
539,299
539,300
539,301
539,302
539,303
539,304
539,305
539,306
539,307
539,308
539,309
539,310
539,311
539,312
539,313
539,314
539,315
539,316
539,317
539,318
539,319
539,320
539,321
539,322
539,323
539,324
539,325
539,326
539,327
539,328
539,329
539,330
539,331
539,332
539,333
539,334
539,335
539,336
539,337
:439_1,338
656,339
656,340
656,341
656,342
656,343
656,344
656,345
656,346
656,347
656,348
656,349
656,350
656,351
656,352
656,353
656,354
656,355
656,356
656,357
656,358
656,359
656,360
656,361
656,362
656,363
656,364
656,365
656,366
656,367
656,368
656,369
656,370
656,371
656,372
656,373
656,374
656,375
656,376
656,377
656,378
656,379
656,380
656,381
656,382
656,383
656,384
656,385
656,386
656,387
656,388
656,389
656,390
656,391
656,392
656,393
656,394
656,395
656,396
656,397
656,398
656,399
656,400
656,401
656,402
656,403
656,404
656,405
656,406
656,407
656,408
656,409
656,410
656,411
656,412
656,413
656,414
656,415
656,416
656,417
656,418
656,419
656,420
656,421
656,422
656,423
656,424
656,425
656,426
656,427
656,428
656,429
656,430
656,431
656,432
656,433
656,434
656,435
656,436
656,437
656,438
656,439
656,440
656,441
:467_13,442
:467_13,443
:467_13,444
:467_13,445
:467_13,446
:467_13,447
613,448
613,449
613,450
613,451
613,452
613,453
613,454
613,455
613,456
613,457
613,458
613,459
613,460
613,461
613,462
613,463
613,464
613,465
613,466
613,467
613,468
613,469
613,470
613,471
613,472
613,473
613,474
613,475
613,476
613,477
613,478
613,479
613,480
613,481
613,482
613,483
613,484
613,485
613,486
613,487
613,488
613,489
613,490
613,491
613,492
613,493
613,494
613,495
613,496
613,497
613,498
613,499
613,500
613,501
613,502
613,503
613,504
613,505
613,506
613,507
613,508
613,509
613,510
613,511
613,512
613,513
613,514
613,515
613,516
613,517
613,518
613,519
613,520
613,521
613,522
613,523
613,524
613,525
613,526
613,527
613,528
613,529
613,530
-365,1
-365,2
-365,3
-365,1
