-148,1
-148,1
-148,1
-148,2
-148,3
-148,4
-148,5
-148,6
-148,7
-148,8
-148,9
-148,10
-148,11
-148,12
-148,13
-148,14
-148,15
-148,16
-148,17
-148,18
-148,19
-148,20
-148,21
-148,22
-148,23
-148,24
-148,25
-148,26
-148,27
-148,28
-148,29
-148,30
-148,31
-148,32
-148,33
-148,34
-148,35
-148,36
-148,37
-148,38
-148,39
-148,40
-148,41
-148,42
-148,43
-148,44
-148,45
-148,46
-148,47
-148,48
-148,49
-148,50
-148,51
-148,52
-148,53
-148,54
-148,55
-148,56
-148,57
-148,58
-148,59
-148,60
-148,61
-148,62
-148,63
-148,64
-148,65
-148,66
-148,67
-148,68
-148,69
:160_14,70
:160_14,71
:160_18,72
:160_18,73
:160_18,74
146,75
146,76
146,77
146,78
146,79
146,80
146,81
146,82
146,83
146,84
146,85
146,86
146,87
146,88
146,89
146,90
146,91
146,92
146,93
146,94
146,95
146,96
146,97
146,98
146,99
146,100
146,101
146,102
146,103
146,104
146,105
146,106
146,107
146,108
-625,109
-625,110
-625,111
-625,112
-625,113
-625,114
-625,115
-625,116
-625,117
-625,118
-625,119
-625,120
-625,121
-625,122
-625,123
-625,124
-625,125
-625,126
-625,127
-625,128
-625,129
-625,130
-625,131
-625,132
-625,133
-625,134
-625,135
-625,136
-625,137
-625,138
-625,139
-625,140
-625,141
-625,142
-625,143
-625,144
-625,145
-625,146
-625,147
-625,148
:367_7,149
:367_7,150
:367_7,151
:367_7,152
-415,153
-415,154
-415,155
-415,156
-415,157
-415,158
-415,159
-415,160
-415,161
-415,162
-415,163
-415,164
-415,165
-415,166
-415,167
-415,168
-415,169
-415,170
-415,171
-415,172
-415,173
-415,174
-415,175
-415,176
-415,177
-415,178
-415,179
-415,180
-415,181
-415,182
-415,183
-415,184
-415,185
-415,186
-415,187
-415,188
-415,189
-415,190
-415,191
-415,192
-415,193
-415,194
-415,195
-415,196
-415,197
-415,198
-415,199
-415,200
-415,201
-415,202
-415,203
-415,204
-415,205
-415,206
-415,207
-415,208
-415,209
-415,210
-415,211
-415,212
-415,213
-415,214
-415,215
-415,216
-415,217
-415,218
-415,219
-415,220
-415,221
-415,222
-415,223
-415,224
:26_7,225
:26_7,226
:26_7,227
:26_7,228
:26_7,229
-167,230
-167,231
-167,232
-167,233
-167,234
-167,235
-167,236
-167,237
-167,238
-167,239
-167,240
-167,241
-167,242
-167,243
-167,244
-167,245
-167,246
-167,247
-167,248
-167,249
-167,250
-167,251
-167,252
-167,253
-167,254
-167,255
-167,256
-167,257
-167,258
-167,259
-167,260
-167,261
-167,262
-167,263
-167,264
-167,265
-167,266
-167,267
-167,268
-167,269
-167,270
-167,271
-167,272
-167,273
-167,274
-167,275
-167,276
-167,277
-167,278
-167,279
-167,280
-167,281
-167,282
-167,283
-167,284
-167,285
-167,286
-167,287
-167,288
-167,289
:178_5,290
:178_5,291
:178_5,292
:178_5,293
:178_5,294
164,295
164,296
164,297
164,298
164,299
164,300
164,301
164,302
164,303
164,304
164,305
164,306
164,307
164,308
164,309
164,310
164,311
164,312
164,313
164,314
164,315
164,316
164,317
164,318
164,319
164,320
164,321
164,322
164,323
164,324
164,325
164,326
164,327
164,328
164,329
164,330
164,331
164,332
164,333
164,334
164,335
164,336
164,337
164,338
164,339
164,340
164,341
164,342
164,343
164,344
164,345
164,346
164,347
164,348
164,349
164,350
164,351
164,352
164,353
164,354
164,355
164,356
164,357
164,358
164,359
164,360
164,361
164,362
164,363
164,364
164,365
164,366
164,367
164,368
164,369
164,370
164,371
164,372
164,373
164,374
164,375
164,376
164,377
164,378
164,379
164,380
164,381
164,382
164,383
164,384
164,385
164,386
164,387
164,388
164,389
164,390
164,391
164,392
164,393
164,394
164,395
164,396
164,397
164,398
164,399
164,400
164,401
164,402
164,403
164,404
164,405
164,406
164,407
164,408
164,409
164,410
164,411
164,412
164,413
164,414
164,415
164,416
164,417
164,418
164,419
164,420
164,421
164,422
164,423
164,424
164,425
164,426
164,427
164,428
164,429
164,430
164,431
164,432
164,433
164,434
164,435
164,436
164,437
164,438
164,439
164,440
164,441
164,442
164,443
164,444
164,445
164,446
164,447
164,448
164,449
164,450
164,451
164,452
164,453
164,454
164,455
164,456
164,457
164,458
164,459
164,460
164,461
164,462
164,463
164,464
164,465
164,466
164,467
164,468
164,469
164,470
164,471
164,472
164,473
164,474
164,475
164,476
164,477
:179_9,478
:179_9,479
:179_9,480
:179_9,481
:179_9,482
:179_9,483
:179_9,484
:179_9,485
-646,486
-646,487
-646,488
-646,489
-646,490
-646,491
-646,492
-646,493
-646,494
-646,495
-646,496
-646,497
-646,498
-646,499
-646,500
-646,501
-646,502
-646,503
-646,504
-646,505
-646,506
-646,507
-646,508
-646,509
-646,510
-646,511
-646,512
-646,513
-646,514
-646,515
-646,516
-646,517
-646,518
-646,519
-646,520
-646,521
-646,522
-646,523
-646,524
-646,525
-646,526
-646,527
-646,528
-646,529
-646,530
-646,531
-646,532
-646,533
-646,534
-646,535
-646,536
-646,537
-646,538
-646,539
-646,540
-646,541
-646,542
-646,543
-646,544
-646,545
-646,546
-646,547
-646,548
-646,549
-646,550
-646,551
-646,552
-646,553
-646,554
-646,555
-646,556
-646,557
-646,558
-646,559
-646,560
-646,561
-646,562
-646,563
-646,564
-646,565
-646,566
-646,567
-646,568
-646,569
-646,570
-646,571
-646,572
-646,573
-646,574
:211_3,575
:211_3,576
:211_3,577
:211_3,578
:211_3,579
-204,580
-204,581
-204,582
-204,583
-204,584
-204,585
-204,586
-204,587
-204,588
-204,589
-204,590
-204,591
-204,592
-204,593
-204,594
-204,595
-204,596
-204,597
-204,598
-204,599
-204,600
-204,601
-204,602
-204,603
-204,604
-204,605
-204,606
-204,607
-204,608
-204,609
-204,610
-204,611
-204,612
-204,613
-204,614
-204,615
-204,616
-204,617
-204,618
-204,619
-204,620
-204,621
-204,622
-204,623
-204,624
-204,625
-204,626
-204,627
-204,628
-204,629
-204,630
-204,631
-204,632
-204,633
-204,634
-204,635
-204,636
-204,637
-204,638
:136_5,639
:136_5,640
:136_5,641
:136_5,642
:136_5,643
-119,644
-119,645
-119,646
-119,647
-119,648
-119,649
-119,650
-119,651
-119,652
-119,653
-119,654
-119,655
-119,656
-119,657
-119,658
-119,659
-119,660
-119,661
-119,662
-119,663
-119,664
-119,665
-119,666
-119,667
-119,668
-119,669
-119,670
-119,671
-119,672
-119,673
-119,674
-119,675
-119,676
-119,677
-119,678
-119,679
-119,680
-119,681
-119,682
-119,683
-119,684
-119,685
-119,686
-119,687
-119,688
-119,689
-119,690
-119,691
-119,692
-119,693
-119,694
-119,695
-119,696
-119,697
-119,698
-119,699
-119,700
-119,701
-119,702
-119,703
-119,704
-119,705
-119,706
-119,707
-119,708
-119,709
-119,710
-119,711
-119,712
-119,713
-119,714
-119,715
-119,716
-119,717
-119,718
-119,719
-119,720
-119,721
-119,722
-119,723
-119,724
-119,725
-119,726
-119,727
-119,728
-119,729
-119,730
-119,731
-119,732
-119,733
-119,734
-119,735
-119,736
-119,737
-119,738
-119,739
-119,740
-119,741
-119,742
-119,743
-119,744
-119,745
-119,746
-119,747
-119,748
-119,749
-119,750
-119,751
-119,752
-119,753
-119,754
-119,755
-119,756
-119,757
-119,758
-119,759
-119,760
-119,761
-119,762
-119,763
-119,764
-119,765
-119,766
-119,767
-119,768
-119,769
-119,770
-119,771
-119,772
-119,773
-119,774
-119,775
-119,776
-148,1
-148,2
-148,3
-148,1
