-571,4
-571,5
-571,6
-571,7
-571,8
-571,9
-571,10
-571,11
-571,12
-571,13
-571,14
-571,15
-571,16
-571,17
-571,18
-571,19
-571,20
-571,21
-571,22
-571,23
-571,24
-571,25
-571,26
-571,27
-571,28
-571,29
-571,30
-571,31
-571,32
-571,33
-571,34
-571,35
-571,36
-571,37
-571,38
-571,39
-571,40
-571,41
-571,42
-571,43
-571,44
-571,45
-571,46
-571,47
-571,48
-571,49
-571,50
-571,51
-571,52
-571,53
-571,54
-571,55
-571,56
-571,57
-571,58
-571,59
-571,60
-571,61
-571,62
-571,63
-571,64
-571,65
-571,66
-571,67
-571,68
-571,69
-571,70
-571,71
-571,72
-571,73
-571,74
-571,75
-571,76
-571,77
-571,78
-571,79
-571,80
-571,81
-571,82
-571,83
-571,84
-571,85
-571,86
-571,87
-571,88
-571,89
-571,90
-571,91
-571,92
-571,93
-571,94
-571,95
-571,96
-571,97
-571,98
-571,99
-571,100
-571,101
-571,102
-571,103
-571,104
-571,105
-571,106
-571,107
-571,108
-571,109
-571,110
-571,111
-571,112
-571,113
-571,114
-571,115
-571,116
-571,117
-571,118
-571,119
-571,120
-571,121
-571,122
-571,123
-571,124
-571,125
-571,126
-571,127
-571,128
-571,129
-571,130
-571,131
-571,132
-571,133
-571,134
-571,135
-571,136
-571,137
-571,138
-571,139
-571,140
-571,141
-571,142
-571,143
-571,144
-571,145
-571,146
-571,147
-571,148
-571,149
-571,150
-571,151
-571,152
-571,153
-571,154
-571,155
-571,156
-571,157
-571,158
-571,159
-571,160
-571,161
-571,162
-571,163
-571,164
-571,165
-571,166
-571,167
-571,168
-571,169
-571,170
-571,171
-571,172
-571,173
-571,174
-571,175
-571,176
-571,177
-571,178
-571,179
-571,180
-571,181
-571,182
-571,183
-571,184
-571,185
-571,186
-571,187
-571,188
-571,189
-571,190
-571,191
-571,192
-571,193
-571,194
-571,195
-571,196
-571,197
-571,198
-571,199
:99_7,200
:99_7,201
:99_7,202
:99_7,203
-570,204
-570,205
-570,206
-570,207
-570,208
-570,209
-570,210
-570,211
-570,212
-570,213
-570,214
-570,215
-570,216
-570,217
-570,218
-570,219
-570,220
-570,221
-570,222
-570,223
-570,224
-570,225
-570,226
-570,227
-570,228
-570,229
-570,230
-570,231
-570,232
-570,233
-570,234
-570,235
-570,236
-570,237
-570,238
-570,239
-570,240
-570,241
-570,242
-570,243
-570,244
-570,245
-570,246
-570,247
-570,248
-570,249
-570,250
-570,251
-570,252
-570,253
-570,254
-570,255
-570,256
-570,257
-570,258
-570,259
-570,260
-570,261
-570,262
-570,263
-570,264
-570,265
-570,266
-570,267
-570,268
-570,269
-570,270
-570,271
-570,272
-570,273
-570,274
-570,275
-570,276
-570,277
-570,278
-570,279
-570,280
-570,281
-570,282
-570,283
-570,284
-570,285
-570,286
-570,287
-570,288
-570,289
-570,290
-570,291
-570,292
-570,293
-570,294
-570,295
-570,296
-570,297
-570,298
-570,299
-570,300
-570,301
-570,302
-570,303
-570,304
-570,305
-570,306
-570,307
-570,308
-570,309
-570,310
-570,311
-570,312
-570,313
-570,314
-570,315
-570,316
-570,317
-570,318
-570,319
-570,320
-570,321
-570,322
-570,323
-570,324
-570,325
-570,326
-570,327
-570,328
-570,329
-570,330
-570,331
-570,332
-570,333
-570,334
-570,335
-570,336
-570,337
-570,338
-570,339
-570,340
-570,341
-570,342
-570,343
-570,344
-570,345
-570,346
-570,347
-570,348
-570,349
-570,350
-570,351
-570,352
-570,353
-570,354
-570,355
-570,356
-570,357
-570,358
-570,359
-570,360
-570,361
:151_7,362
:151_7,363
:151_7,364
:151_7,365
:151_7,366
-569,367
-569,368
-569,369
-569,370
-569,371
-569,372
-569,373
-569,374
-569,375
-569,376
-569,377
-569,378
-569,379
-569,380
-569,381
-569,382
-569,383
-569,384
-569,385
-569,386
-569,387
-569,388
-569,389
-569,390
-569,391
-569,392
-569,393
-569,394
-569,395
-569,396
-569,397
-569,398
-569,399
-569,400
-569,401
-569,402
-569,403
-569,404
-569,405
-569,406
-569,407
-569,408
-569,409
-569,410
-569,411
-569,412
-569,413
-569,414
-569,415
-569,416
-569,417
-569,418
-569,419
-569,420
-569,421
-569,422
-569,423
-569,424
-569,425
-569,426
-569,427
-569,428
-569,429
-569,430
-569,431
-569,432
-569,433
-569,434
-569,435
-569,436
-569,437
-569,438
-569,439
-569,440
-569,441
-569,442
-569,443
-569,444
-569,445
-569,446
-569,447
-569,448
-569,449
-569,450
-569,451
-569,452
-569,453
-569,454
-569,455
-569,456
-569,457
-569,458
-569,459
-569,460
-569,461
-569,462
-569,463
-569,464
-569,465
-569,466
:64_3,467
:64_3,468
:64_3,469
:64_3,470
:64_3,471
-56,472
-56,473
-56,474
-56,475
-56,476
-56,477
-56,478
-56,479
-56,480
-56,481
-56,482
-56,483
-56,484
-56,485
-56,486
-56,487
-56,488
-56,489
-56,490
-56,491
-56,492
-56,493
-56,494
-56,495
-56,496
-56,497
-56,498
-56,499
-56,500
-56,501
-56,502
-56,503
-56,504
-56,505
-56,506
-56,507
-56,508
-56,509
-56,510
-56,511
-56,512
-56,513
-56,514
-56,515
-56,516
-56,517
-56,518
-56,519
-56,520
-56,521
-56,522
-56,523
-56,524
-56,525
-56,526
-56,527
-56,528
-56,529
-56,530
-56,531
-56,532
-56,533
-56,534
-56,535
-56,536
-56,537
-56,538
-56,539
-56,540
-56,541
-56,542
-56,543
-56,544
-56,545
-56,546
-56,547
-56,548
-56,549
-56,550
-56,551
-56,552
-56,553
-56,554
-56,555
-56,556
-56,557
-56,558
-56,559
-56,560
-56,561
-56,562
-56,563
-56,564
-56,565
-56,566
-56,567
-56,568
-56,569
-56,570
-56,571
-56,572
-56,573
-56,574
-56,575
-56,576
-56,577
-56,578
-56,579
-56,580
-56,581
-56,582
-56,583
-56,584
-56,585
-56,586
-56,587
-56,588
-56,589
-56,590
-56,591
-56,592
-56,593
-56,594
-56,595
-56,596
-56,597
-56,598
-56,599
-56,600
-56,601
-56,602
-56,603
-56,604
-56,605
-56,606
-56,607
-56,608
-56,609
:58_13,610
:58_13,611
:58_13,612
:58_13,613
:58_13,614
53,615
53,616
53,617
53,618
53,619
53,620
53,621
53,622
53,623
53,624
53,625
53,626
53,627
53,628
53,629
53,630
53,631
53,632
53,633
53,634
53,635
53,636
53,637
53,638
53,639
53,640
53,641
53,642
53,643
53,644
53,645
53,646
53,647
53,648
53,649
53,650
53,651
53,652
53,653
53,654
53,655
53,656
53,657
53,658
53,659
53,660
53,661
53,662
53,663
53,664
53,665
53,666
53,667
53,668
53,669
53,670
53,671
53,672
53,673
53,674
53,675
53,676
53,677
53,678
53,679
53,680
53,681
53,682
53,683
53,684
53,685
53,686
:61_7,687
:61_7,688
:61_7,689
:61_7,690
:61_7,691
54,692
54,693
54,694
54,695
54,696
54,697
54,698
54,699
54,700
54,701
54,702
54,703
54,704
54,705
54,706
54,707
54,708
54,709
54,710
54,711
54,712
54,713
54,714
54,715
54,716
54,717
54,718
54,719
54,720
54,721
54,722
54,723
54,724
54,725
54,726
54,727
54,728
54,729
54,730
54,731
54,732
54,733
54,734
54,735
54,736
54,737
54,738
:62_3,739
:62_3,740
:62_3,741
:62_3,742
:62_3,743
55,744
55,745
55,746
55,747
55,748
55,749
55,750
55,751
55,752
55,753
55,754
55,755
55,756
55,757
55,758
55,759
55,760
55,761
55,762
55,763
55,764
55,765
55,766
55,767
55,768
55,769
55,770
55,771
55,772
55,773
55,774
55,775
55,776
55,777
55,778
55,779
55,780
55,781
55,782
55,783
55,784
55,785
55,786
55,787
55,788
55,789
55,790
55,791
55,792
55,793
55,794
55,795
55,796
55,797
55,798
55,799
55,800
55,801
55,802
55,803
55,804
55,805
55,806
55,807
55,808
55,809
55,810
55,811
55,812
55,813
55,814
55,815
55,816
55,817
55,818
55,819
55,820
55,821
55,822
55,823
55,824
55,825
55,826
55,827
55,828
55,829
55,830
55,831
55,832
55,833
55,834
55,835
55,836
55,837
55,838
55,839
55,840
55,841
55,842
55,843
55,844
55,845
55,846
55,847
55,848
55,849
55,850
55,851
55,852
55,853
55,854
55,855
:63_13,856
:63_13,857
:63_13,858
:63_13,859
:63_13,860
:63_13,861
159,862
159,863
159,864
159,865
159,866
159,867
159,868
159,869
159,870
159,871
159,872
159,873
159,874
159,875
159,876
159,877
159,878
159,879
159,880
159,881
159,882
159,883
159,884
159,885
159,886
159,887
159,888
159,889
159,890
159,891
159,892
159,893
159,894
159,895
159,896
159,897
159,898
159,899
159,900
159,901
159,902
159,903
159,904
159,905
159,906
159,907
159,908
159,909
159,910
159,911
159,912
159,913
159,914
159,915
159,916
159,917
159,918
159,919
159,920
159,921
159,922
159,923
159,924
159,925
159,926
159,927
159,928
159,929
159,930
159,931
159,932
159,933
159,934
159,935
159,936
159,937
159,938
159,939
159,940
159,941
159,942
159,943
159,944
159,945
159,946
159,947
159,948
159,949
159,950
159,951
159,952
159,953
159,954
159,955
159,956
:102_7,957
:102_7,958
:102_7,959
:102_7,960
:102_7,961
:102_7,962
-87,963
-87,964
-87,965
-571,4
