147,4
147,5
147,6
147,7
147,8
147,9
147,10
147,11
147,12
147,13
147,14
147,15
147,16
147,17
147,18
147,19
147,20
147,21
147,22
147,23
147,24
147,25
147,26
147,27
147,28
147,29
147,30
147,31
147,32
147,33
147,34
147,35
147,36
147,37
147,38
147,39
147,40
147,41
147,42
147,43
147,44
147,45
147,46
147,47
147,48
147,49
147,50
147,51
147,52
147,53
147,54
147,55
147,56
147,57
147,58
147,59
147,60
147,61
147,62
147,63
147,64
147,65
147,66
147,67
147,68
147,69
147,70
147,71
147,72
147,73
147,74
147,75
147,76
147,77
:101_6,78
:101_6,79
:101_6,80
:101_6,81
:101_6,82
:101_6,83
:101_6,84
-86,85
-86,86
-86,87
-86,88
-86,89
-86,90
-86,91
-86,92
-86,93
-86,94
-86,95
-86,96
-86,97
-86,98
-86,99
-86,100
-86,101
-86,102
-86,103
-86,104
-86,105
-86,106
-86,107
-86,108
-86,109
-86,110
-86,111
-86,112
-86,113
-86,114
-86,115
-86,116
-86,117
-86,118
-86,119
-86,120
-86,121
-86,122
-86,123
-86,124
-86,125
-86,126
-86,127
-86,128
-86,129
-86,130
-86,131
-86,132
-86,133
-86,134
-86,135
-86,136
-86,137
-86,138
-86,139
-86,140
-86,141
-86,142
-86,143
-86,144
-86,145
-86,146
-86,147
-86,148
-86,149
-86,150
-86,151
-86,152
-86,153
-86,154
-86,155
-86,156
-86,157
-86,158
-86,159
-86,160
-86,161
-86,162
-86,163
-86,164
-86,165
-86,166
-86,167
-86,168
-86,169
-86,170
-86,171
-86,172
-86,173
-86,174
-86,175
-86,176
-86,177
-86,178
-86,179
-86,180
-86,181
-86,182
-86,183
-86,184
-86,185
-86,186
-86,187
-86,188
-86,189
-86,190
:27_13,191
:27_13,192
:27_13,193
:27_13,194
:27_13,195
88,196
88,197
88,198
88,199
88,200
88,201
88,202
88,203
88,204
88,205
88,206
88,207
88,208
88,209
88,210
88,211
88,212
88,213
88,214
88,215
88,216
88,217
88,218
88,219
88,220
88,221
88,222
88,223
88,224
88,225
88,226
88,227
88,228
88,229
88,230
88,231
88,232
88,233
88,234
88,235
88,236
88,237
88,238
88,239
88,240
88,241
88,242
88,243
88,244
88,245
88,246
88,247
88,248
88,249
88,250
88,251
88,252
88,253
88,254
88,255
88,256
88,257
88,258
88,259
88,260
88,261
88,262
88,263
88,264
88,265
88,266
88,267
88,268
88,269
:103_6,270
:103_6,271
:103_6,272
:103_6,273
-206,274
-206,275
-206,276
-206,277
-206,278
-206,279
-206,280
-206,281
-206,282
-206,283
-206,284
-206,285
-206,286
-206,287
-206,288
-206,289
-206,290
-206,291
-206,292
-206,293
-206,294
-206,295
-206,296
-206,297
-206,298
-206,299
-206,300
-206,301
-206,302
-206,303
-206,304
-206,305
-206,306
-206,307
-206,308
-206,309
-206,310
-206,311
-206,312
-206,313
-206,314
-206,315
-206,316
-206,317
-206,318
-206,319
-206,320
-206,321
-206,322
-206,323
-206,324
:196_13,325
:196_13,326
:196_13,327
:196_13,328
:196_13,329
-182,330
-182,331
-182,332
-182,333
-182,334
-182,335
-182,336
-182,337
-182,338
-182,339
-182,340
-182,341
-182,342
-182,343
-182,344
-182,345
-182,346
-182,347
-182,348
-182,349
-182,350
-182,351
-182,352
-182,353
-182,354
-182,355
-182,356
-182,357
-182,358
-182,359
-182,360
-182,361
-182,362
-182,363
-182,364
-182,365
-182,366
-182,367
-182,368
-182,369
-182,370
-182,371
-182,372
-182,373
-182,374
-182,375
-182,376
-182,377
-182,378
-182,379
-182,380
-182,381
-182,382
-182,383
-182,384
:194_7,385
:194_7,386
:194_7,387
:194_7,388
183,389
183,390
183,391
183,392
183,393
183,394
183,395
183,396
183,397
183,398
183,399
183,400
183,401
183,402
183,403
183,404
183,405
183,406
183,407
183,408
183,409
183,410
183,411
183,412
183,413
183,414
183,415
183,416
183,417
183,418
183,419
183,420
183,421
183,422
183,423
183,424
183,425
183,426
183,427
183,428
183,429
183,430
183,431
183,432
183,433
183,434
183,435
183,436
183,437
183,438
183,439
183,440
183,441
183,442
183,443
183,444
183,445
183,446
183,447
183,448
183,449
183,450
183,451
183,452
183,453
183,454
183,455
183,456
183,457
183,458
183,459
183,460
183,461
183,462
183,463
183,464
183,465
183,466
183,467
183,468
:197_7,469
:197_7,470
:197_7,471
:197_7,472
:197_7,473
247,474
247,475
247,476
247,477
247,478
247,479
247,480
247,481
247,482
247,483
247,484
247,485
247,486
247,487
247,488
247,489
247,490
247,491
247,492
247,493
247,494
247,495
247,496
247,497
247,498
247,499
247,500
247,501
247,502
247,503
247,504
247,505
247,506
247,507
247,508
247,509
247,510
247,511
247,512
247,513
247,514
247,515
247,516
247,517
247,518
247,519
247,520
247,521
247,522
247,523
247,524
247,525
247,526
247,527
247,528
247,529
247,530
247,531
247,532
247,533
247,534
247,535
247,536
247,537
247,538
247,539
247,540
247,541
247,542
247,543
247,544
247,545
247,546
247,547
247,548
247,549
247,550
247,551
247,552
247,553
247,554
247,555
247,556
247,557
247,558
247,559
247,560
247,561
:248_12,562
:248_12,563
:248_12,564
:248_12,565
289,566
289,567
289,568
289,569
289,570
289,571
289,572
289,573
289,574
289,575
289,576
289,577
289,578
289,579
289,580
289,581
289,582
289,583
289,584
289,585
289,586
289,587
289,588
289,589
289,590
289,591
289,592
289,593
289,594
289,595
289,596
289,597
289,598
289,599
289,600
289,601
289,602
289,603
289,604
289,605
289,606
289,607
289,608
289,609
289,610
289,611
289,612
289,613
289,614
289,615
289,616
289,617
289,618
289,619
289,620
289,621
289,622
289,623
289,624
289,625
289,626
289,627
289,628
289,629
289,630
289,631
289,632
289,633
289,634
289,635
289,636
:279_1,637
:279_1,638
:279_1,639
:279_1,640
:279_1,641
454,642
454,643
454,644
454,645
454,646
454,647
454,648
454,649
454,650
454,651
454,652
454,653
454,654
454,655
454,656
454,657
454,658
454,659
454,660
454,661
454,662
454,663
454,664
454,665
454,666
454,667
454,668
454,669
454,670
454,671
454,672
454,673
454,674
454,675
454,676
454,677
454,678
454,679
454,680
454,681
454,682
454,683
454,684
454,685
454,686
454,687
454,688
454,689
454,690
454,691
454,692
454,693
454,694
454,695
454,696
454,697
454,698
454,699
454,700
454,701
454,702
454,703
454,704
454,705
454,706
454,707
454,708
454,709
454,710
454,711
454,712
454,713
454,714
454,715
454,716
454,717
454,718
454,719
454,720
:338_1,721
:338_1,722
:338_1,723
:338_1,724
:338_1,725
-369,726
-369,727
-369,728
-369,729
-369,730
-369,731
-369,732
-369,733
-369,734
-369,735
-369,736
-369,737
-369,738
-369,739
-369,740
-369,741
-369,742
-369,743
-369,744
-369,745
-369,746
-369,747
-369,748
-369,749
-369,750
-369,751
-369,752
-369,753
-369,754
-369,755
-369,756
-369,757
-369,758
-369,759
-369,760
-369,761
-369,762
-369,763
-369,764
-369,765
-369,766
-369,767
-369,768
-369,769
-369,770
-369,771
-369,772
-369,773
-369,774
-369,775
-369,776
-369,777
-369,778
-369,779
-369,780
-369,781
-369,782
-369,783
-369,784
-369,785
-369,786
-369,787
-369,788
-369,789
-369,790
-369,791
-369,792
-369,793
-369,794
-369,795
-369,796
-369,797
-369,798
-369,799
-369,800
-369,801
-369,802
-369,803
-369,804
-369,805
-369,806
-369,807
-369,808
-369,809
-369,810
-369,811
-369,812
-369,813
-369,814
-369,815
-369,816
-369,817
-369,818
-369,819
-369,820
-369,821
-369,822
-369,823
-369,824
-369,825
-369,826
-369,827
-369,828
-369,829
-369,830
-369,831
-369,832
-369,833
-369,834
-369,835
-369,836
-369,837
-369,838
-369,839
-369,840
-369,841
-369,842
-369,843
-369,844
-369,845
-369,846
-369,847
-369,848
-369,849
-369,850
-369,851
-369,852
-369,853
-369,854
-369,855
-369,856
-369,857
-369,858
-369,859
-369,860
-369,861
-369,862
-369,863
-369,864
-369,865
-369,866
-369,867
-369,868
-369,869
-369,870
-369,871
-369,872
-369,873
-369,874
-369,875
-369,876
-369,877
-369,878
-369,879
-369,880
-369,881
-369,882
-369,883
-369,884
-369,885
-369,886
-369,887
-369,888
-369,889
-369,890
-369,891
-369,892
-369,893
-369,894
-369,895
-369,896
-369,897
-369,898
-369,899
-369,900
-369,901
-369,902
-369,903
-369,904
-369,905
-369,906
-369,907
-369,908
-369,909
147,4
