-527,1
-527,1
-527,1
-527,2
-527,3
-527,4
-527,5
-527,6
-527,7
-527,8
-527,9
-527,10
-527,11
-527,12
-527,13
-527,14
-527,15
-527,16
:435_0,17
:435_0,18
529,19
529,20
529,21
529,22
529,23
529,24
529,25
529,26
529,27
529,28
529,29
529,30
529,31
529,32
529,33
529,34
529,35
529,36
529,37
529,38
529,39
529,40
529,41
529,42
529,43
529,44
529,45
529,46
529,47
529,48
529,49
529,50
529,51
529,52
529,53
529,54
529,55
529,56
529,57
529,58
529,59
529,60
529,61
529,62
529,63
529,64
529,65
529,66
529,67
529,68
529,69
529,70
529,71
529,72
529,73
529,74
529,75
529,76
529,77
529,78
529,79
529,80
529,81
529,82
529,83
529,84
529,85
529,86
529,87
529,88
529,89
529,90
529,91
529,92
529,93
529,94
529,95
529,96
529,97
529,98
529,99
529,100
529,101
529,102
529,103
529,104
529,105
529,106
529,107
529,108
529,109
529,110
529,111
529,112
529,113
529,114
529,115
529,116
529,117
529,118
529,119
529,120
529,121
529,122
529,123
529,124
529,125
529,126
529,127
529,128
529,129
529,130
529,131
529,132
529,133
529,134
529,135
529,136
529,137
529,138
529,139
529,140
529,141
529,142
529,143
529,144
529,145
529,146
529,147
529,148
529,149
529,150
529,151
-456,152
-456,153
-456,154
-456,155
-456,156
-456,157
-456,158
-456,159
-456,160
-456,161
-456,162
-456,163
-456,164
-456,165
-456,166
-456,167
-456,168
-456,169
-456,170
-456,171
-456,172
-456,173
-456,174
-456,175
:337_3,176
:337_3,177
:337_3,178
-368,179
-368,180
-368,181
-368,182
-368,183
-368,184
-368,185
-368,186
-368,187
-368,188
-368,189
-368,190
-368,191
-368,192
-368,193
-368,194
-368,195
-368,196
-368,197
-368,198
-368,199
-368,200
-368,201
-368,202
-368,203
-368,204
-368,205
-368,206
-368,207
-368,208
-368,209
-368,210
-368,211
-368,212
-368,213
-368,214
-368,215
-368,216
-368,217
-368,218
-368,219
-368,220
-368,221
-368,222
-368,223
-368,224
-368,225
-368,226
-368,227
-368,228
-368,229
-368,230
-368,231
-368,232
-368,233
-368,234
-368,235
-368,236
-368,237
-368,238
-368,239
-368,240
-368,241
-368,242
-368,243
-368,244
-368,245
-368,246
-368,247
-368,248
-368,249
-368,250
-368,251
-368,252
-368,253
-368,254
-368,255
-368,256
-368,257
-368,258
-368,259
-368,260
-368,261
-368,262
-368,263
-368,264
-368,265
-368,266
-368,267
-368,268
-368,269
-368,270
-368,271
-368,272
-368,273
-368,274
-368,275
-368,276
-368,277
-368,278
-368,279
-368,280
-368,281
-368,282
-368,283
-368,284
-368,285
-368,286
-368,287
-368,288
-368,289
-368,290
-368,291
-368,292
-368,293
-368,294
-368,295
-368,296
-368,297
-368,298
-368,299
-368,300
-368,301
-368,302
-368,303
-368,304
-368,305
-368,306
-368,307
-368,308
-368,309
-368,310
:73_9,311
:73_9,312
:73_9,313
:73_9,314
:73_9,315
:73_9,316
370,317
370,318
370,319
370,320
370,321
370,322
370,323
370,324
370,325
370,326
370,327
370,328
370,329
370,330
370,331
370,332
370,333
370,334
370,335
370,336
370,337
370,338
370,339
370,340
370,341
370,342
370,343
370,344
370,345
370,346
370,347
370,348
370,349
370,350
370,351
370,352
370,353
370,354
370,355
370,356
370,357
370,358
370,359
370,360
370,361
370,362
370,363
370,364
370,365
370,366
370,367
370,368
370,369
370,370
370,371
370,372
370,373
370,374
370,375
370,376
370,377
370,378
370,379
370,380
370,381
370,382
370,383
370,384
370,385
370,386
370,387
370,388
370,389
370,390
370,391
370,392
370,393
370,394
370,395
370,396
370,397
370,398
370,399
370,400
370,401
370,402
370,403
370,404
370,405
370,406
370,407
370,408
370,409
370,410
370,411
370,412
370,413
370,414
370,415
370,416
370,417
370,418
370,419
370,420
370,421
370,422
370,423
370,424
370,425
370,426
370,427
370,428
370,429
370,430
:273_3,431
:273_3,432
:273_3,433
:273_3,434
:273_3,435
-282,436
-282,437
-282,438
-282,439
-282,440
-282,441
-282,442
-282,443
-282,444
-282,445
-282,446
-282,447
-282,448
-282,449
-282,450
-282,451
-282,452
-282,453
-282,454
-282,455
-282,456
-282,457
-282,458
-282,459
-282,460
-282,461
-282,462
-282,463
-282,464
-282,465
-282,466
-282,467
-282,468
-282,469
-282,470
-282,471
-282,472
-282,473
-282,474
-282,475
-282,476
-282,477
-282,478
-282,479
-282,480
-282,481
-282,482
-282,483
-282,484
-282,485
-282,486
-282,487
-282,488
-282,489
-282,490
-282,491
-282,492
-282,493
-282,494
-282,495
-282,496
-282,497
-282,498
-282,499
-282,500
-282,501
-282,502
-282,503
-282,504
-282,505
-282,506
-282,507
-282,508
-282,509
-282,510
-282,511
-282,512
-282,513
-282,514
-282,515
-282,516
-282,517
-282,518
-282,519
-282,520
-282,521
-282,522
-282,523
-282,524
-282,525
-282,526
-282,527
-282,528
-282,529
-282,530
-282,531
-282,532
-282,533
-282,534
-282,535
-282,536
-282,537
-282,538
-282,539
-282,540
-282,541
-282,542
-282,543
-282,544
-282,545
-282,546
-282,547
-282,548
-282,549
-282,550
-282,551
-282,552
-282,553
-282,554
-282,555
-282,556
-282,557
-282,558
-282,559
-282,560
-282,561
-282,562
-282,563
-282,564
-282,565
-282,566
-282,567
-282,568
-282,569
-282,570
-282,571
-282,572
-282,573
-282,574
-282,575
-282,576
-282,577
-282,578
-282,579
-282,580
-282,581
-282,582
-282,583
-282,584
-282,585
-282,586
-282,587
-282,588
-282,589
-282,590
-282,591
-282,592
-282,593
-282,594
-282,595
-282,596
-282,597
-282,598
-282,599
-282,600
-282,601
-282,602
-282,603
-282,604
-282,605
-282,606
-282,607
-527,1
-527,2
-527,3
-527,1
