638,1
638,1
638,1
638,2
638,3
638,4
638,5
638,6
638,7
638,8
638,9
638,10
638,11
638,12
638,13
638,14
638,15
638,16
638,17
638,18
638,19
638,20
638,21
638,22
638,23
638,24
638,25
638,26
638,27
638,28
638,29
638,30
638,31
638,32
638,33
638,34
638,35
638,36
638,37
638,38
638,39
638,40
638,41
638,42
638,43
638,44
638,45
638,46
638,47
638,48
638,49
638,50
638,51
638,52
638,53
638,54
638,55
638,56
638,57
638,58
638,59
638,60
638,61
638,62
638,63
638,64
638,65
638,66
638,67
638,68
638,69
638,70
638,71
638,72
638,73
638,74
638,75
638,76
638,77
638,78
638,79
638,80
638,81
638,82
638,83
638,84
638,85
638,86
638,87
638,88
638,89
638,90
638,91
638,92
638,93
638,94
638,95
638,96
638,97
638,98
638,99
638,100
638,101
638,102
638,103
638,104
638,105
638,106
638,107
638,108
638,109
638,110
638,111
638,112
638,113
638,114
638,115
638,116
638,117
638,118
638,119
638,120
638,121
638,122
638,123
638,124
638,125
638,126
638,127
638,128
638,129
638,130
638,131
638,132
638,133
638,134
638,135
638,136
638,137
638,138
638,139
638,140
638,141
638,142
638,143
638,144
638,145
638,146
638,147
638,148
638,149
638,150
638,151
638,152
638,153
638,154
638,155
638,156
638,157
638,158
638,159
638,160
638,161
638,162
638,163
638,164
638,165
638,166
638,167
638,168
638,169
638,170
638,171
638,172
638,173
638,174
638,175
638,176
638,177
638,178
638,179
638,180
638,181
638,182
638,183
638,184
638,185
638,186
638,187
638,188
638,189
638,190
638,191
638,192
638,193
638,194
638,195
638,196
638,197
638,198
638,199
638,200
638,201
638,202
638,203
638,204
638,205
638,206
638,207
638,208
638,209
638,210
638,211
638,212
638,213
638,214
638,215
638,216
638,217
638,218
638,219
638,220
638,221
638,222
638,223
638,224
638,225
638,226
638,227
638,228
638,229
638,230
638,231
638,232
638,233
638,234
638,235
638,236
638,237
638,238
638,239
638,240
638,241
638,242
638,243
638,244
638,245
638,246
638,247
638,248
638,249
638,250
638,251
638,252
638,253
638,254
638,255
638,256
638,257
638,258
638,259
638,260
638,261
638,262
638,263
:360_0,264
:360_0,265
:360_0,266
-400,267
-400,268
-400,269
-400,270
-400,271
-400,272
-400,273
-400,274
-400,275
-400,276
-400,277
-400,278
-400,279
-400,280
-400,281
-400,282
-400,283
-400,284
-400,285
-400,286
-400,287
-400,288
-400,289
-400,290
-400,291
-400,292
-400,293
-400,294
-400,295
-400,296
-400,297
-400,298
-400,299
-400,300
-400,301
-400,302
-400,303
-400,304
-400,305
-400,306
-400,307
-400,308
-400,309
-400,310
-400,311
-400,312
-400,313
-400,314
-400,315
-400,316
-400,317
-400,318
-400,319
-400,320
-400,321
-400,322
-400,323
-400,324
-400,325
-400,326
-400,327
-400,328
-400,329
-400,330
-400,331
-400,332
-400,333
-400,334
-400,335
-400,336
-400,337
-400,338
:159_3,339
:159_3,340
:159_3,341
-144,342
-144,343
-144,344
-144,345
-144,346
-144,347
-144,348
-144,349
-144,350
-144,351
-144,352
-144,353
-144,354
-144,355
-144,356
-144,357
-144,358
-144,359
-144,360
-144,361
-144,362
-144,363
-144,364
-144,365
-144,366
-144,367
-144,368
-144,369
-144,370
-144,371
-144,372
-144,373
-144,374
-144,375
-144,376
-144,377
-144,378
-144,379
-144,380
-144,381
-144,382
-144,383
-144,384
-144,385
-144,386
-144,387
-144,388
-144,389
-144,390
-144,391
-144,392
-144,393
-144,394
-144,395
-144,396
-144,397
-144,398
-144,399
-144,400
-144,401
-144,402
-144,403
-144,404
-144,405
-144,406
-144,407
-144,408
-144,409
-144,410
-144,411
-144,412
-144,413
-144,414
-144,415
-144,416
-144,417
-144,418
-144,419
-144,420
-144,421
-144,422
-144,423
-144,424
-144,425
-144,426
-144,427
-144,428
-144,429
-144,430
-144,431
-144,432
-144,433
-144,434
-144,435
-144,436
-144,437
-144,438
-144,439
-144,440
-144,441
-144,442
-144,443
-144,444
-144,445
-144,446
-144,447
-144,448
-144,449
-144,450
-144,451
-144,452
-144,453
-144,454
-144,455
-144,456
-144,457
-144,458
-144,459
-144,460
-144,461
-144,462
-144,463
-144,464
-144,465
-144,466
-144,467
-144,468
-144,469
-144,470
-144,471
-144,472
-144,473
-144,474
-144,475
-144,476
-144,477
-144,478
-144,479
-144,480
-144,481
-144,482
-144,483
-144,484
-144,485
-144,486
-144,487
-144,488
-144,489
-144,490
-144,491
-144,492
-144,493
-144,494
-144,495
-144,496
-144,497
-144,498
-144,499
-144,500
-144,501
-144,502
-144,503
-144,504
-144,505
-144,506
-144,507
-144,508
-144,509
-144,510
-144,511
-144,512
-144,513
-144,514
-144,515
-144,516
-144,517
-144,518
-144,519
-144,520
-144,521
-144,522
-144,523
-144,524
-144,525
-144,526
-144,527
-144,528
-144,529
-144,530
-144,531
-144,532
-144,533
-144,534
-144,535
-144,536
-144,537
-144,538
-144,539
-144,540
-144,541
-144,542
-144,543
-144,544
-144,545
-144,546
-144,547
-144,548
-144,549
-144,550
-144,551
-144,552
-144,553
-144,554
-144,555
-144,556
-144,557
-144,558
-144,559
-144,560
-144,561
-144,562
-144,563
-144,564
-144,565
-144,566
-144,567
-144,568
-144,569
-144,570
-144,571
-144,572
-144,573
-144,574
-144,575
-144,576
-144,577
-144,578
-144,579
-144,580
-144,581
-144,582
-144,583
-144,584
-144,585
-144,586
-144,587
-144,588
-144,589
-144,590
-144,591
-144,592
-144,593
-144,594
-144,595
-144,596
-144,597
-144,598
-144,599
-144,600
-144,601
-144,602
-144,603
-144,604
-144,605
-144,606
-144,607
-144,608
-144,609
-144,610
-144,611
-144,612
-144,613
-144,614
:135_7,615
:135_7,616
:135_7,617
:135_7,618
:135_7,619
:135_7,620
:135_7,621
-118,622
-118,623
-118,624
-118,625
-118,626
-118,627
-118,628
-118,629
-118,630
-118,631
-118,632
-118,633
-118,634
-118,635
-118,636
-118,637
-118,638
-118,639
-118,640
-118,641
-118,642
-118,643
-118,644
-118,645
-118,646
-118,647
-118,648
-118,649
-118,650
-118,651
-118,652
-118,653
-118,654
-118,655
-118,656
-118,657
-118,658
-118,659
-118,660
-118,661
-118,662
-118,663
-118,664
-118,665
-118,666
-118,667
-118,668
-118,669
-118,670
-118,671
-118,672
-118,673
-118,674
-118,675
-118,676
-118,677
-118,678
-118,679
-118,680
-118,681
-118,682
-118,683
-118,684
-118,685
-118,686
-118,687
-118,688
-118,689
-118,690
-118,691
-118,692
-118,693
-118,694
-118,695
-118,696
-118,697
-118,698
-118,699
-118,700
-118,701
-118,702
-118,703
-118,704
-118,705
-118,706
-118,707
-118,708
-118,709
-118,710
-118,711
-118,712
-118,713
-118,714
-118,715
-118,716
-118,717
-118,718
-118,719
-118,720
-118,721
-118,722
-118,723
-118,724
-118,725
-118,726
-118,727
-118,728
-118,729
-118,730
-118,731
-118,732
-118,733
-118,734
-118,735
-118,736
-118,737
-118,738
-118,739
-118,740
-118,741
-118,742
-118,743
-118,744
-118,745
-118,746
-118,747
-118,748
-118,749
-118,750
-118,751
-118,752
-118,753
-118,754
-118,755
-118,756
-118,757
-118,758
-118,759
-118,760
-118,761
-118,762
-118,763
-118,764
-118,765
-118,766
-118,767
-118,768
-118,769
-118,770
-118,771
-118,772
-118,773
-118,774
-118,775
-118,776
-118,777
-118,778
-118,779
-118,780
-118,781
-118,782
-118,783
-118,784
-118,785
-118,786
-118,787
-118,788
-118,789
-118,790
-118,791
-118,792
-118,793
-118,794
-118,795
-118,796
-118,797
-118,798
-118,799
-118,800
-118,801
-118,802
-118,803
-118,804
-118,805
-118,806
-118,807
-118,808
-118,809
-118,810
-118,811
-118,812
-118,813
-118,814
-118,815
-118,816
-118,817
-118,818
-118,819
-118,820
-118,821
-118,822
-118,823
-118,824
-118,825
-118,826
-118,827
-118,828
-118,829
-118,830
-118,831
-118,832
-118,833
-118,834
-118,835
-118,836
-118,837
-118,838
638,1
638,2
638,3
638,1
