390,4
390,5
390,6
390,7
390,8
390,9
390,10
390,11
390,12
390,13
390,14
390,15
390,16
390,17
390,18
390,19
390,20
390,21
390,22
390,23
390,24
390,25
390,26
390,27
390,28
390,29
390,30
390,31
390,32
390,33
390,34
390,35
390,36
390,37
390,38
390,39
390,40
390,41
390,42
390,43
390,44
390,45
390,46
390,47
390,48
390,49
390,50
390,51
:4_0,52
:4_0,53
:4_0,54
-11,55
-11,56
-11,57
-11,58
-11,59
-11,60
-11,61
-11,62
-11,63
-11,64
-11,65
-11,66
-11,67
-11,68
-11,69
-11,70
-11,71
-11,72
-11,73
-11,74
-11,75
-11,76
-11,77
-11,78
-11,79
-11,80
-11,81
-11,82
-11,83
-11,84
-11,85
-11,86
-11,87
-11,88
-11,89
-11,90
-11,91
-11,92
-11,93
-11,94
-11,95
-11,96
-11,97
-11,98
-11,99
-11,100
-11,101
-11,102
-11,103
-11,104
-11,105
-11,106
-11,107
-11,108
-11,109
-11,110
-11,111
-11,112
-11,113
-11,114
-11,115
-11,116
-11,117
-11,118
-11,119
-11,120
-11,121
-11,122
-11,123
-11,124
-11,125
-11,126
-11,127
-11,128
-11,129
-11,130
-11,131
-11,132
-11,133
-11,134
-11,135
-11,136
-11,137
-11,138
-11,139
-11,140
-11,141
-11,142
-11,143
-11,144
-11,145
-11,146
-11,147
-11,148
-11,149
-11,150
-11,151
-11,152
-11,153
-11,154
-11,155
-11,156
-11,157
-11,158
-11,159
-11,160
-11,161
-11,162
-11,163
-11,164
-11,165
-11,166
-11,167
-11,168
-11,169
-11,170
-11,171
-11,172
-11,173
-11,174
-11,175
-11,176
-11,177
-11,178
-11,179
-11,180
-11,181
-11,182
-11,183
-11,184
-11,185
-11,186
-11,187
-10,188
-10,189
-10,190
-10,191
-10,192
-10,193
-10,194
-10,195
-10,196
-10,197
-10,198
-10,199
-10,200
-10,201
-10,202
-10,203
-10,204
-10,205
-10,206
-10,207
-10,208
-10,209
-10,210
-10,211
-10,212
-10,213
-10,214
-10,215
-10,216
-10,217
-10,218
-10,219
-10,220
-10,221
-10,222
-10,223
-10,224
-10,225
-10,226
-10,227
-10,228
-10,229
-10,230
-10,231
-10,232
-10,233
-10,234
-10,235
-10,236
-10,237
-10,238
-10,239
-10,240
-10,241
-10,242
-10,243
-10,244
-10,245
-10,246
-10,247
-10,248
-10,249
-10,250
-10,251
-10,252
-10,253
:11_0,254
-9,255
-9,256
-9,257
-9,258
-9,259
-9,260
-9,261
-9,262
-9,263
-9,264
-9,265
-9,266
-9,267
-9,268
-9,269
-9,270
-9,271
-9,272
-9,273
-9,274
-9,275
-9,276
-9,277
-9,278
-9,279
-9,280
-9,281
-9,282
-9,283
-9,284
-9,285
-9,286
-9,287
-9,288
-9,289
-9,290
-9,291
-9,292
-9,293
-9,294
-9,295
-9,296
-9,297
-9,298
-9,299
-9,300
-9,301
-9,302
-9,303
-9,304
-9,305
-9,306
-9,307
-9,308
-9,309
-9,310
-9,311
-9,312
-9,313
-9,314
-9,315
-9,316
-9,317
-9,318
-9,319
:10_0,320
-8,321
-8,322
-8,323
-8,324
-8,325
-8,326
-8,327
-8,328
-8,329
-8,330
-8,331
-8,332
-8,333
-8,334
-8,335
-8,336
-8,337
-8,338
-8,339
-8,340
-8,341
-8,342
-8,343
-8,344
-8,345
-8,346
-8,347
-8,348
-8,349
-8,350
-8,351
-8,352
-8,353
-8,354
-8,355
-8,356
-8,357
-8,358
-8,359
-8,360
-8,361
-8,362
-8,363
-8,364
-8,365
-8,366
-8,367
-8,368
-8,369
-8,370
-8,371
-8,372
-8,373
-8,374
-8,375
-8,376
-8,377
-8,378
-8,379
-8,380
-8,381
-8,382
-8,383
-8,384
-8,385
-8,386
-8,387
-8,388
-8,389
-7,390
-7,391
-7,392
-7,393
-7,394
-7,395
-7,396
-7,397
-7,398
-7,399
-7,400
-7,401
-7,402
-7,403
-7,404
-7,405
-7,406
-7,407
-7,408
-7,409
-7,410
-7,411
-7,412
-7,413
-7,414
-7,415
-7,416
-7,417
-7,418
-7,419
-7,420
-7,421
-7,422
-7,423
-7,424
-7,425
-7,426
-7,427
-7,428
-7,429
-7,430
-7,431
-7,432
-7,433
-7,434
-7,435
-7,436
-7,437
-7,438
-7,439
-7,440
-7,441
-7,442
-7,443
-7,444
-7,445
-7,446
-7,447
-7,448
-7,449
-7,450
-7,451
-7,452
-7,453
-7,454
-7,455
-7,456
-7,457
-7,458
-7,459
-7,460
-7,461
-7,462
-7,463
-7,464
-7,465
-7,466
-7,467
-6,468
-6,469
-6,470
-6,471
-6,472
-6,473
-6,474
-6,475
-6,476
-6,477
-6,478
-6,479
-6,480
-6,481
-6,482
-6,483
-6,484
-6,485
-6,486
-6,487
-6,488
-6,489
-6,490
-6,491
-6,492
-6,493
-6,494
-6,495
-6,496
-6,497
-6,498
-6,499
-6,500
-6,501
-6,502
-6,503
-6,504
-6,505
-6,506
-6,507
-6,508
-6,509
-6,510
-6,511
-6,512
-6,513
-6,514
-6,515
-6,516
-6,517
-6,518
-6,519
-6,520
-6,521
-6,522
-6,523
-6,524
-6,525
-6,526
-6,527
-6,528
-6,529
-6,530
-6,531
-6,532
-6,533
-6,534
-6,535
-6,536
-6,537
-6,538
-6,539
-6,540
-6,541
-6,542
-6,543
-6,544
-6,545
-6,546
-6,547
-6,548
-6,549
-6,550
-6,551
-6,552
-6,553
-6,554
-6,555
-6,556
-6,557
-6,558
-6,559
-6,560
-6,561
-6,562
-6,563
-6,564
-6,565
-6,566
-6,567
-6,568
-6,569
-6,570
-6,571
-6,572
-6,573
-6,574
-6,575
-6,576
-6,577
-6,578
-6,579
-6,580
-6,581
-6,582
-6,583
-6,584
-6,585
-6,586
-6,587
-6,588
-6,589
-6,590
-6,591
-6,592
-6,593
-6,594
-6,595
-6,596
-6,597
-6,598
-6,599
-6,600
-6,601
-6,602
-6,603
-6,604
-6,605
-6,606
-6,607
-6,608
-6,609
-6,610
-6,611
-6,612
-6,613
-6,614
-6,615
-6,616
-6,617
-6,618
-6,619
-6,620
-6,621
-6,622
-6,623
-6,624
-6,625
-6,626
-6,627
-6,628
-6,629
-6,630
-6,631
-6,632
-6,633
-6,634
-6,635
-6,636
-6,637
-6,638
-6,639
-6,640
-6,641
-6,642
-6,643
-6,644
-6,645
-6,646
-6,647
-6,648
-6,649
-6,650
-6,651
-6,652
-6,653
-6,654
-6,655
-6,656
-6,657
-6,658
-6,659
-6,660
-6,661
-6,662
-6,663
-6,664
-6,665
-6,666
-6,667
-6,668
-6,669
-6,670
-6,671
-6,672
-6,673
-6,674
-6,675
-6,676
-6,677
-6,678
-6,679
-6,680
-6,681
-6,682
-6,683
-6,684
-6,685
-6,686
-6,687
-6,688
-6,689
-6,690
-6,691
-6,692
-6,693
-6,694
-6,695
-6,696
-6,697
-6,698
-6,699
:6_1,700
:6_1,701
:6_1,702
-684,703
-684,704
-684,705
-684,706
-684,707
-684,708
-684,709
-684,710
-684,711
-684,712
-684,713
-684,714
-684,715
-684,716
-684,717
-684,718
-684,719
-684,720
-684,721
-684,722
-684,723
-684,724
:373_4,725
:373_4,726
-685,727
-685,728
-685,729
-685,730
-685,731
-685,732
-685,733
-685,734
-685,735
-685,736
-685,737
-685,738
-685,739
-685,740
-685,741
-685,742
-685,743
-685,744
-685,745
-685,746
-685,747
:13_1,748
:13_1,749
177,750
177,751
177,752
177,753
177,754
177,755
177,756
177,757
177,758
177,759
177,760
177,761
177,762
177,763
177,764
177,765
177,766
177,767
177,768
177,769
177,770
177,771
177,772
177,773
177,774
177,775
177,776
177,777
177,778
177,779
177,780
177,781
177,782
177,783
177,784
177,785
177,786
177,787
177,788
177,789
177,790
177,791
177,792
177,793
177,794
177,795
177,796
177,797
177,798
177,799
177,800
177,801
177,802
177,803
177,804
177,805
177,806
177,807
177,808
177,809
177,810
177,811
177,812
177,813
177,814
177,815
177,816
177,817
177,818
177,819
177,820
177,821
177,822
177,823
177,824
177,825
177,826
177,827
177,828
177,829
177,830
177,831
177,832
177,833
177,834
177,835
177,836
177,837
177,838
177,839
177,840
177,841
177,842
177,843
177,844
177,845
177,846
177,847
177,848
177,849
177,850
177,851
177,852
177,853
177,854
177,855
177,856
177,857
177,858
177,859
177,860
177,861
177,862
177,863
177,864
177,865
177,866
177,867
177,868
177,869
177,870
177,871
177,872
177,873
177,874
177,875
177,876
177,877
177,878
177,879
177,880
177,881
177,882
177,883
177,884
177,885
177,886
177,887
177,888
177,889
177,890
177,891
177,892
177,893
177,894
177,895
177,896
177,897
177,898
177,899
177,900
177,901
177,902
177,903
:190_1,904
:190_1,905
:190_1,906
:190_1,907
:190_1,908
:190_1,909
178,910
178,911
178,912
178,913
178,914
178,915
178,916
178,917
178,918
178,919
178,920
178,921
178,922
178,923
178,924
178,925
178,926
178,927
178,928
178,929
178,930
178,931
178,932
178,933
178,934
178,935
178,936
178,937
178,938
178,939
178,940
178,941
178,942
178,943
178,944
178,945
178,946
178,947
178,948
178,949
178,950
178,951
178,952
178,953
178,954
178,955
178,956
178,957
178,958
178,959
178,960
178,961
178,962
178,963
178,964
178,965
390,4
