614,4
614,5
614,6
614,7
614,8
614,9
614,10
614,11
614,12
614,13
614,14
614,15
614,16
614,17
614,18
614,19
614,20
614,21
614,22
614,23
614,24
614,25
614,26
614,27
614,28
614,29
614,30
614,31
614,32
614,33
614,34
614,35
614,36
614,37
614,38
614,39
614,40
614,41
614,42
614,43
614,44
614,45
614,46
614,47
614,48
614,49
614,50
614,51
614,52
614,53
614,54
614,55
614,56
614,57
614,58
614,59
614,60
614,61
:334_0,62
:334_0,63
:334_0,64
515,65
515,66
515,67
515,68
515,69
515,70
515,71
515,72
515,73
515,74
515,75
515,76
515,77
515,78
515,79
515,80
515,81
515,82
515,83
515,84
515,85
515,86
515,87
515,88
515,89
515,90
515,91
515,92
515,93
515,94
515,95
515,96
515,97
515,98
515,99
515,100
515,101
515,102
515,103
515,104
515,105
515,106
515,107
515,108
515,109
515,110
515,111
515,112
515,113
515,114
515,115
515,116
515,117
515,118
515,119
515,120
515,121
515,122
515,123
515,124
515,125
515,126
515,127
515,128
515,129
515,130
515,131
515,132
515,133
515,134
515,135
515,136
515,137
515,138
515,139
515,140
515,141
515,142
515,143
515,144
515,145
515,146
515,147
515,148
515,149
515,150
515,151
515,152
515,153
:429_4,154
:429_4,155
:429_4,156
:429_4,157
:429_4,158
516,159
516,160
516,161
516,162
516,163
516,164
516,165
516,166
516,167
516,168
516,169
516,170
516,171
516,172
516,173
516,174
516,175
516,176
516,177
516,178
516,179
516,180
516,181
516,182
516,183
516,184
516,185
516,186
516,187
516,188
516,189
516,190
516,191
516,192
:75_8,193
:75_8,194
:75_8,195
-438,196
-438,197
-438,198
-438,199
-438,200
-438,201
-438,202
-438,203
-438,204
-438,205
-438,206
-438,207
-438,208
-438,209
-438,210
-438,211
-438,212
-438,213
-438,214
-438,215
-438,216
-438,217
-438,218
-438,219
-438,220
-438,221
-438,222
-438,223
-438,224
-438,225
-438,226
-438,227
-438,228
-438,229
-438,230
-438,231
-438,232
-438,233
-438,234
-438,235
-438,236
-438,237
-438,238
-438,239
-438,240
-438,241
-438,242
-438,243
-438,244
-438,245
-438,246
-438,247
-438,248
-438,249
-438,250
-438,251
-438,252
-438,253
-438,254
-438,255
-438,256
-438,257
-438,258
-438,259
-438,260
-438,261
-438,262
-438,263
-438,264
-438,265
-438,266
-438,267
-438,268
-438,269
-438,270
-438,271
-438,272
-438,273
-438,274
-438,275
-438,276
-438,277
-438,278
-438,279
-438,280
-438,281
-438,282
-438,283
-438,284
-438,285
-438,286
-438,287
-438,288
-438,289
-438,290
-438,291
-438,292
-438,293
-438,294
-438,295
-438,296
-438,297
-438,298
-438,299
-438,300
-438,301
-438,302
-438,303
-438,304
-438,305
-438,306
-438,307
-438,308
-438,309
-438,310
-438,311
-438,312
-438,313
-438,314
-438,315
-438,316
-438,317
-438,318
-438,319
-438,320
-438,321
:381_13,322
:381_13,323
:381_13,324
:381_13,325
:381_13,326
-437,327
-437,328
-437,329
-437,330
-437,331
-437,332
-437,333
-437,334
-437,335
-437,336
-437,337
-437,338
-437,339
-437,340
-437,341
-437,342
-437,343
-437,344
-437,345
-437,346
-437,347
-437,348
-437,349
-437,350
-437,351
-437,352
-437,353
-437,354
-437,355
-437,356
-437,357
-437,358
-437,359
-437,360
-437,361
-437,362
-437,363
-437,364
-437,365
-437,366
-437,367
-437,368
-437,369
-437,370
-437,371
-437,372
-437,373
-437,374
-437,375
-437,376
-437,377
-437,378
-437,379
-437,380
-437,381
-437,382
-437,383
-437,384
-437,385
-437,386
-437,387
-437,388
-437,389
-437,390
-437,391
-437,392
-437,393
-437,394
-437,395
-437,396
-437,397
-437,398
-437,399
-437,400
-437,401
-437,402
-437,403
-437,404
-437,405
-437,406
-437,407
-437,408
-437,409
-437,410
-437,411
-437,412
-437,413
-437,414
-437,415
-437,416
-437,417
-437,418
-437,419
-437,420
-437,421
-437,422
-437,423
-437,424
-437,425
-437,426
-437,427
-437,428
-437,429
-437,430
-437,431
-437,432
-437,433
-437,434
-437,435
-437,436
-437,437
-437,438
-437,439
-437,440
-437,441
-437,442
-437,443
-437,444
-437,445
-437,446
-437,447
-437,448
-437,449
-437,450
-437,451
-437,452
-437,453
-437,454
-437,455
-437,456
-437,457
-437,458
-437,459
-437,460
-437,461
-437,462
-437,463
-437,464
-437,465
-437,466
-437,467
-437,468
-437,469
-437,470
-437,471
-437,472
-437,473
-437,474
-437,475
-437,476
-437,477
-437,478
-437,479
-437,480
-437,481
-437,482
-437,483
-437,484
-437,485
-437,486
-437,487
-437,488
-437,489
-437,490
-437,491
-437,492
-437,493
-437,494
-437,495
-437,496
-437,497
-437,498
-437,499
-437,500
-437,501
-437,502
-437,503
-437,504
-437,505
-437,506
-437,507
-437,508
-437,509
-437,510
-437,511
-437,512
-437,513
-437,514
-437,515
-437,516
-437,517
-437,518
-437,519
-437,520
-437,521
-437,522
-437,523
-437,524
-437,525
-437,526
-437,527
-437,528
-437,529
-437,530
-437,531
-437,532
-437,533
-437,534
-437,535
-437,536
-437,537
-437,538
-437,539
-437,540
-437,541
-437,542
-437,543
-437,544
-437,545
-437,546
-437,547
-437,548
-437,549
-437,550
-437,551
-437,552
-437,553
-437,554
-437,555
-437,556
-437,557
-437,558
-437,559
-437,560
-437,561
-437,562
-437,563
-437,564
-437,565
-437,566
-437,567
-437,568
-437,569
-437,570
:244_13,571
:244_13,572
:244_13,573
:244_13,574
:244_13,575
242,576
242,577
242,578
242,579
242,580
242,581
242,582
242,583
242,584
242,585
242,586
242,587
242,588
242,589
242,590
242,591
242,592
242,593
242,594
242,595
242,596
242,597
242,598
242,599
242,600
242,601
242,602
242,603
242,604
242,605
242,606
242,607
242,608
242,609
242,610
242,611
242,612
242,613
242,614
242,615
242,616
242,617
242,618
242,619
242,620
242,621
242,622
242,623
242,624
242,625
242,626
242,627
242,628
242,629
242,630
242,631
242,632
242,633
242,634
242,635
242,636
242,637
242,638
242,639
242,640
242,641
242,642
242,643
242,644
242,645
242,646
242,647
242,648
242,649
242,650
242,651
242,652
242,653
242,654
242,655
242,656
242,657
242,658
242,659
242,660
242,661
242,662
242,663
242,664
242,665
242,666
242,667
242,668
242,669
242,670
242,671
242,672
242,673
242,674
242,675
242,676
242,677
242,678
242,679
242,680
242,681
242,682
:245_3,683
:245_3,684
:245_3,685
:245_3,686
:245_3,687
:245_3,688
243,689
243,690
243,691
243,692
243,693
243,694
243,695
243,696
243,697
243,698
243,699
243,700
243,701
243,702
243,703
243,704
243,705
243,706
243,707
243,708
243,709
243,710
243,711
243,712
243,713
243,714
243,715
243,716
243,717
243,718
243,719
243,720
243,721
243,722
243,723
243,724
243,725
243,726
243,727
243,728
243,729
243,730
243,731
243,732
243,733
243,734
243,735
243,736
243,737
243,738
243,739
243,740
243,741
243,742
243,743
243,744
243,745
243,746
243,747
243,748
243,749
243,750
243,751
243,752
243,753
243,754
243,755
243,756
243,757
243,758
243,759
243,760
243,761
243,762
243,763
243,764
:179_13,765
:179_13,766
:179_13,767
:179_13,768
:179_13,769
:179_13,770
244,771
244,772
244,773
244,774
244,775
244,776
244,777
244,778
244,779
244,780
244,781
244,782
244,783
244,784
244,785
244,786
244,787
244,788
244,789
244,790
244,791
244,792
244,793
244,794
244,795
244,796
244,797
244,798
244,799
244,800
244,801
244,802
244,803
244,804
244,805
244,806
244,807
244,808
244,809
244,810
244,811
244,812
244,813
244,814
244,815
244,816
244,817
244,818
244,819
244,820
244,821
244,822
244,823
244,824
244,825
244,826
244,827
244,828
244,829
244,830
244,831
244,832
244,833
244,834
244,835
244,836
244,837
244,838
244,839
244,840
244,841
244,842
244,843
244,844
244,845
244,846
244,847
244,848
244,849
244,850
244,851
244,852
244,853
244,854
244,855
244,856
244,857
244,858
244,859
244,860
244,861
244,862
244,863
244,864
244,865
244,866
244,867
244,868
244,869
244,870
244,871
244,872
244,873
244,874
244,875
244,876
244,877
244,878
244,879
244,880
244,881
244,882
244,883
244,884
244,885
244,886
244,887
244,888
244,889
244,890
244,891
244,892
244,893
244,894
244,895
244,896
244,897
244,898
244,899
244,900
244,901
244,902
244,903
244,904
244,905
244,906
244,907
244,908
244,909
244,910
244,911
244,912
244,913
244,914
244,915
244,916
244,917
244,918
244,919
244,920
244,921
244,922
244,923
244,924
244,925
244,926
244,927
244,928
244,929
244,930
244,931
244,932
244,933
244,934
244,935
244,936
244,937
244,938
244,939
244,940
244,941
244,942
244,943
244,944
244,945
244,946
244,947
:215_13,948
:215_13,949
:215_13,950
:215_13,951
:215_13,952
:215_13,953
245,954
245,955
245,956
245,957
245,958
245,959
245,960
245,961
245,962
245,963
245,964
245,965
614,4
