-401,1
-401,1
-401,1
-401,2
-401,3
-401,4
-401,5
-401,6
-401,7
-401,8
-401,9
-401,10
-401,11
-401,12
-401,13
-401,14
-401,15
-401,16
-401,17
-401,18
-401,19
-401,20
-401,21
-401,22
-401,23
-401,24
-401,25
-401,26
-401,27
-401,28
-401,29
-401,30
-401,31
-401,32
-401,33
-401,34
-401,35
-401,36
-401,37
-401,38
-401,39
-401,40
-401,41
-401,42
-401,43
-401,44
-401,45
-401,46
-401,47
-401,48
-401,49
-401,50
-401,51
-401,52
-401,53
-401,54
-401,55
-401,56
-401,57
-401,58
-401,59
-401,60
-401,61
-401,62
-401,63
-401,64
-401,65
-401,66
-401,67
-401,68
-401,69
-401,70
-401,71
-401,72
-401,73
-401,74
-401,75
-401,76
-401,77
-401,78
-401,79
-401,80
-401,81
-401,82
-401,83
-401,84
-401,85
-401,86
-401,87
-401,88
-401,89
-401,90
-401,91
-401,92
-401,93
-401,94
-401,95
-401,96
-401,97
-401,98
-401,99
-401,100
-401,101
-401,102
-401,103
-401,104
-401,105
-401,106
-401,107
-401,108
-401,109
-401,110
-401,111
-401,112
-401,113
-401,114
-401,115
-401,116
-401,117
-401,118
-401,119
-401,120
-401,121
-401,122
-401,123
-401,124
-401,125
-401,126
-401,127
-401,128
-401,129
-401,130
-401,131
-401,132
-401,133
-401,134
-401,135
-401,136
-401,137
-401,138
-401,139
-401,140
-401,141
-401,142
-401,143
-401,144
-401,145
-401,146
-401,147
-401,148
-401,149
-401,150
-401,151
-401,152
-401,153
-401,154
-401,155
-401,156
-401,157
-401,158
-401,159
-401,160
-401,161
-401,162
-401,163
-401,164
-401,165
-401,166
-401,167
-401,168
-401,169
-401,170
-401,171
-401,172
-401,173
-401,174
-401,175
-401,176
-401,177
-401,178
-401,179
-401,180
-401,181
-401,182
-401,183
-401,184
-401,185
-401,186
-401,187
-401,188
-401,189
-401,190
-401,191
-401,192
-401,193
-401,194
-401,195
-401,196
-401,197
-401,198
-401,199
-401,200
-401,201
-401,202
-401,203
-401,204
-401,205
-401,206
-401,207
-401,208
-401,209
-401,210
-401,211
-401,212
-401,213
-401,214
-401,215
-401,216
-401,217
-401,218
-401,219
-401,220
-401,221
-401,222
-401,223
-401,224
-401,225
-401,226
-401,227
-401,228
-401,229
-401,230
-401,231
-401,232
-401,233
-401,234
-401,235
-401,236
-401,237
-401,238
-401,239
-401,240
-401,241
-401,242
-401,243
-401,244
-401,245
-401,246
-401,247
-401,248
-401,249
-401,250
-401,251
-401,252
-401,253
:215_9,254
:215_9,255
:215_9,256
:215_9,257
:215_9,258
:215_9,259
:215_9,260
:215_9,261
-208,262
-208,263
-208,264
-208,265
-208,266
-208,267
-208,268
-208,269
-208,270
-208,271
-208,272
-208,273
-208,274
-208,275
-208,276
-208,277
-208,278
-208,279
-208,280
-208,281
-208,282
-208,283
-208,284
-208,285
-208,286
-208,287
-208,288
-208,289
-208,290
-208,291
-208,292
-208,293
-208,294
-208,295
-208,296
-208,297
-208,298
-208,299
-208,300
-208,301
-208,302
-208,303
-208,304
-208,305
-208,306
-208,307
-208,308
-208,309
-208,310
-208,311
-208,312
-208,313
-208,314
-208,315
-208,316
-208,317
-208,318
-208,319
-208,320
-208,321
-208,322
-208,323
-208,324
-208,325
-208,326
-208,327
-208,328
-208,329
-208,330
-208,331
-208,332
-208,333
-208,334
-208,335
-208,336
-208,337
-208,338
-208,339
-208,340
-208,341
-208,342
-208,343
-208,344
-208,345
-208,346
-208,347
-208,348
-208,349
-208,350
-208,351
-208,352
-208,353
-208,354
-208,355
-208,356
-208,357
-208,358
-208,359
-208,360
-208,361
-208,362
-208,363
-208,364
-208,365
-208,366
-208,367
-208,368
-208,369
-208,370
-208,371
-208,372
-208,373
-208,374
-208,375
-208,376
-208,377
-208,378
-208,379
-208,380
-208,381
-208,382
-208,383
-208,384
-208,385
-208,386
-208,387
-208,388
-208,389
-208,390
-208,391
-208,392
-208,393
-208,394
-208,395
-208,396
-208,397
-208,398
-208,399
-208,400
-208,401
-208,402
-208,403
-208,404
-208,405
-208,406
-208,407
-208,408
-208,409
-208,410
-208,411
-208,412
-208,413
-208,414
-208,415
-208,416
-208,417
-208,418
-208,419
-208,420
-208,421
-208,422
-208,423
-208,424
-208,425
-208,426
-208,427
-208,428
-208,429
-208,430
-208,431
-208,432
-208,433
-208,434
-208,435
-208,436
-208,437
-208,438
-208,439
-208,440
-208,441
-208,442
-208,443
-208,444
-208,445
-208,446
-208,447
-208,448
-208,449
-208,450
-208,451
-208,452
-208,453
-208,454
-208,455
-208,456
-208,457
-208,458
-208,459
-208,460
-208,461
-208,462
-208,463
-208,464
-208,465
-208,466
-208,467
-208,468
-208,469
-208,470
-208,471
-208,472
-208,473
-208,474
-208,475
-208,476
-208,477
-208,478
-208,479
-208,480
-208,481
-208,482
-208,483
-208,484
-208,485
-208,486
-208,487
-208,488
-208,489
-208,490
-208,491
-208,492
-208,493
-208,494
-208,495
-208,496
-208,497
-208,498
-208,499
-208,500
-208,501
-208,502
-208,503
:45_12,504
:45_12,505
:45_12,506
:45_12,507
:45_12,508
:45_12,509
:45_12,510
:45_12,511
:45_12,512
:45_12,513
:45_12,514
:45_12,515
:45_12,516
:45_12,517
:45_12,518
:45_12,519
:45_12,520
:45_12,521
-37,522
-37,523
-37,524
-37,525
-37,526
-37,527
-37,528
-37,529
-37,530
-37,531
-37,532
-37,533
-37,534
-37,535
-37,536
-37,537
-37,538
-37,539
-37,540
-37,541
-37,542
-37,543
-37,544
-37,545
-37,546
-37,547
-37,548
-37,549
-37,550
-37,551
-37,552
-37,553
-37,554
-37,555
-37,556
-37,557
-37,558
-37,559
-37,560
-37,561
-37,562
-37,563
-37,564
-37,565
-37,566
-37,567
-37,568
-37,569
-37,570
-37,571
-37,572
-37,573
-37,574
-37,575
-37,576
-37,577
-37,578
-37,579
-37,580
-37,581
-37,582
-37,583
-37,584
-37,585
-37,586
-37,587
-37,588
-37,589
-37,590
-37,591
-37,592
-37,593
-37,594
-37,595
-37,596
-37,597
-37,598
-37,599
-37,600
-37,601
-37,602
-37,603
-37,604
-37,605
-37,606
-37,607
-37,608
-37,609
-37,610
-37,611
-37,612
-37,613
-37,614
-37,615
-37,616
-37,617
-37,618
-37,619
-37,620
-37,621
-37,622
-37,623
-37,624
-37,625
-37,626
-37,627
-37,628
-37,629
-37,630
-37,631
-37,632
-37,633
-37,634
-37,635
-37,636
-37,637
-37,638
-37,639
-37,640
-37,641
-37,642
-37,643
-37,644
-37,645
-37,646
-37,647
-37,648
-37,649
-37,650
-37,651
-37,652
-37,653
-37,654
-37,655
-37,656
-37,657
-37,658
-37,659
-37,660
-37,661
-37,662
-37,663
-37,664
-37,665
-37,666
-37,667
-37,668
-37,669
-37,670
-37,671
-37,672
-37,673
-37,674
-37,675
-37,676
-37,677
-37,678
-37,679
-37,680
-37,681
-37,682
-37,683
-37,684
-37,685
-37,686
-37,687
-37,688
-37,689
-37,690
-37,691
-37,692
-37,693
-37,694
-37,695
-37,696
-37,697
-37,698
-37,699
-37,700
-37,701
-37,702
-37,703
-37,704
-37,705
-37,706
-37,707
:43_9,708
:43_9,709
:43_9,710
:43_9,711
:43_9,712
:43_9,713
:43_9,714
36,715
36,716
36,717
36,718
36,719
36,720
36,721
36,722
36,723
36,724
36,725
36,726
36,727
36,728
36,729
36,730
36,731
36,732
36,733
36,734
36,735
36,736
36,737
36,738
36,739
36,740
36,741
36,742
36,743
36,744
36,745
36,746
36,747
36,748
36,749
36,750
36,751
36,752
36,753
36,754
36,755
36,756
36,757
36,758
36,759
36,760
36,761
36,762
36,763
36,764
36,765
36,766
36,767
36,768
36,769
36,770
36,771
36,772
36,773
36,774
36,775
36,776
36,777
36,778
36,779
36,780
36,781
36,782
36,783
36,784
36,785
36,786
36,787
36,788
36,789
36,790
36,791
36,792
36,793
36,794
36,795
36,796
36,797
36,798
36,799
36,800
36,801
36,802
36,803
36,804
36,805
36,806
36,807
36,808
36,809
36,810
36,811
36,812
36,813
36,814
36,815
36,816
36,817
36,818
36,819
36,820
36,821
36,822
36,823
36,824
36,825
36,826
36,827
36,828
36,829
36,830
36,831
36,832
36,833
36,834
36,835
36,836
36,837
36,838
36,839
36,840
36,841
36,842
36,843
36,844
36,845
36,846
36,847
36,848
36,849
36,850
36,851
36,852
36,853
36,854
36,855
36,856
36,857
36,858
36,859
36,860
36,861
36,862
36,863
36,864
36,865
36,866
36,867
36,868
36,869
36,870
36,871
36,872
36,873
36,874
36,875
36,876
36,877
36,878
36,879
36,880
36,881
36,882
36,883
36,884
36,885
36,886
36,887
36,888
36,889
36,890
36,891
36,892
36,893
36,894
36,895
36,896
36,897
36,898
36,899
36,900
36,901
36,902
36,903
36,904
36,905
36,906
36,907
36,908
36,909
36,910
36,911
36,912
36,913
36,914
36,915
36,916
36,917
36,918
36,919
36,920
36,921
36,922
36,923
36,924
:44_3,925
:44_3,926
:44_3,927
:44_3,928
:44_3,929
:44_3,930
:44_3,931
:44_3,932
-42,933
-42,934
-42,935
-42,936
-42,937
-42,938
-42,939
-42,940
-42,941
-42,942
-42,943
-42,944
-42,945
-42,946
-42,947
-42,948
-42,949
-42,950
-42,951
-42,952
-42,953
-42,954
-42,955
-42,956
-42,957
-42,958
-42,959
-42,960
-42,961
-42,962
-42,963
-42,964
-42,965
-401,1
-401,2
-401,3
-401,1
