-51,1
-51,1
-51,1
-51,2
-51,3
-51,4
-51,5
-51,6
-51,7
-51,8
-51,9
-51,10
-51,11
-51,12
-51,13
-51,14
-51,15
-51,16
-51,17
-51,18
-51,19
-51,20
-51,21
-51,22
-51,23
-51,24
-51,25
-51,26
-51,27
-51,28
-51,29
-51,30
-51,31
-51,32
-51,33
-51,34
-51,35
-51,36
-51,37
-51,38
-51,39
-51,40
-51,41
-51,42
-51,43
-51,44
-51,45
-51,46
-51,47
-51,48
-51,49
-51,50
-51,51
-51,52
-51,53
-51,54
-51,55
-51,56
-51,57
-51,58
-51,59
-51,60
-51,61
-51,62
-51,63
-51,64
-51,65
-51,66
-51,67
-51,68
-51,69
-51,70
-51,71
-51,72
-51,73
-51,74
-51,75
-51,76
-51,77
-51,78
-51,79
-51,80
-51,81
-51,82
-51,83
-51,84
-51,85
-51,86
-51,87
-51,88
-51,89
-51,90
-51,91
-51,92
-51,93
-51,94
-51,95
-51,96
-51,97
-51,98
-51,99
-51,100
-51,101
-51,102
-51,103
-51,104
-51,105
-51,106
-51,107
-51,108
-51,109
-51,110
-51,111
-51,112
-51,113
-51,114
-51,115
-51,116
-51,117
-51,118
-51,119
-51,120
-51,121
-51,122
-51,123
-51,124
-51,125
-51,126
-51,127
-51,128
-51,129
-51,130
-51,131
-51,132
-51,133
-51,134
-51,135
-51,136
-51,137
-51,138
-51,139
-51,140
-51,141
:58_9,142
:58_9,143
:58_9,144
:58_9,145
:58_9,146
52,147
52,148
52,149
52,150
52,151
52,152
52,153
52,154
52,155
52,156
52,157
52,158
52,159
52,160
52,161
52,162
52,163
52,164
52,165
52,166
52,167
52,168
52,169
52,170
52,171
52,172
52,173
52,174
52,175
52,176
52,177
52,178
52,179
52,180
52,181
52,182
52,183
52,184
52,185
52,186
52,187
52,188
52,189
52,190
52,191
52,192
52,193
52,194
52,195
52,196
52,197
52,198
52,199
52,200
52,201
52,202
52,203
52,204
52,205
52,206
52,207
52,208
52,209
52,210
52,211
52,212
52,213
52,214
52,215
52,216
52,217
52,218
52,219
52,220
52,221
52,222
52,223
52,224
52,225
52,226
52,227
52,228
52,229
52,230
52,231
52,232
52,233
52,234
52,235
52,236
52,237
52,238
52,239
52,240
52,241
52,242
52,243
52,244
52,245
52,246
52,247
52,248
52,249
52,250
52,251
52,252
52,253
52,254
52,255
52,256
52,257
52,258
52,259
52,260
52,261
52,262
52,263
52,264
52,265
52,266
52,267
52,268
52,269
52,270
52,271
52,272
52,273
52,274
52,275
52,276
52,277
52,278
52,279
52,280
52,281
52,282
52,283
52,284
52,285
52,286
52,287
52,288
52,289
52,290
52,291
52,292
52,293
52,294
52,295
52,296
52,297
52,298
52,299
52,300
:60_4,301
:60_4,302
:60_4,303
:60_4,304
:60_4,305
-122,306
-122,307
-122,308
-122,309
-122,310
-122,311
-122,312
-122,313
-122,314
-122,315
-122,316
-122,317
-122,318
-122,319
-122,320
-122,321
-122,322
-122,323
-122,324
-122,325
-122,326
-122,327
-122,328
-122,329
-122,330
-122,331
-122,332
-122,333
-122,334
-122,335
-122,336
-122,337
-122,338
-122,339
-122,340
-122,341
-122,342
-122,343
-122,344
-122,345
-122,346
-122,347
-122,348
-122,349
-122,350
-122,351
-122,352
-122,353
-122,354
-122,355
-122,356
-122,357
-122,358
-122,359
-122,360
-122,361
-122,362
-122,363
-122,364
-122,365
-122,366
-122,367
-122,368
-122,369
-122,370
-122,371
-122,372
-122,373
-122,374
-122,375
-122,376
-122,377
-122,378
-122,379
-122,380
-122,381
-122,382
-122,383
-122,384
-122,385
-122,386
-122,387
-122,388
-122,389
-122,390
-122,391
-122,392
:137_7,393
:137_7,394
:137_7,395
:137_7,396
:137_7,397
:137_7,398
121,399
121,400
121,401
121,402
121,403
121,404
121,405
121,406
121,407
121,408
121,409
121,410
121,411
121,412
121,413
121,414
121,415
121,416
121,417
121,418
121,419
121,420
121,421
121,422
121,423
121,424
121,425
121,426
121,427
121,428
121,429
121,430
121,431
121,432
121,433
121,434
121,435
121,436
121,437
121,438
121,439
121,440
121,441
121,442
121,443
121,444
121,445
121,446
121,447
121,448
121,449
121,450
121,451
121,452
121,453
121,454
121,455
121,456
121,457
121,458
121,459
121,460
121,461
121,462
121,463
121,464
121,465
121,466
121,467
121,468
121,469
121,470
121,471
121,472
121,473
121,474
121,475
:77_4,476
:77_4,477
:77_4,478
:77_4,479
:77_4,480
-67,481
-67,482
-67,483
-67,484
-67,485
-67,486
-67,487
-67,488
-67,489
-67,490
-67,491
-67,492
-67,493
-67,494
-67,495
-67,496
-67,497
-67,498
-67,499
-67,500
-67,501
-67,502
-67,503
-67,504
-67,505
-67,506
-67,507
-67,508
-67,509
-67,510
-67,511
-67,512
-67,513
-67,514
-67,515
-67,516
-67,517
-67,518
-67,519
-67,520
-67,521
-67,522
-67,523
-67,524
-67,525
-67,526
-67,527
-67,528
-67,529
-67,530
-67,531
-67,532
-67,533
-67,534
-67,535
-67,536
-67,537
-67,538
-67,539
-67,540
-67,541
-67,542
-67,543
-67,544
-67,545
-67,546
-67,547
-67,548
-67,549
-67,550
-67,551
-67,552
-67,553
-67,554
-67,555
-67,556
-67,557
-67,558
-67,559
-67,560
-67,561
-67,562
-67,563
-67,564
-67,565
-67,566
-67,567
-67,568
-67,569
-67,570
-67,571
-67,572
-67,573
-67,574
-67,575
-67,576
-67,577
-67,578
-67,579
-67,580
-67,581
-67,582
-67,583
-67,584
-67,585
-67,586
-67,587
-67,588
-67,589
-67,590
-67,591
-67,592
-67,593
-67,594
-67,595
-67,596
-67,597
-67,598
-67,599
-67,600
-67,601
-67,602
-67,603
-67,604
-67,605
-67,606
-67,607
-67,608
:74_9,609
:74_9,610
:74_9,611
:74_9,612
:74_9,613
66,614
66,615
66,616
66,617
66,618
66,619
66,620
66,621
66,622
66,623
66,624
66,625
66,626
66,627
66,628
66,629
66,630
66,631
66,632
66,633
66,634
66,635
66,636
66,637
66,638
66,639
66,640
66,641
66,642
66,643
66,644
66,645
66,646
66,647
66,648
66,649
66,650
66,651
66,652
66,653
66,654
66,655
66,656
66,657
66,658
66,659
66,660
66,661
66,662
66,663
66,664
66,665
66,666
66,667
66,668
66,669
66,670
66,671
66,672
66,673
66,674
66,675
66,676
66,677
66,678
66,679
66,680
66,681
66,682
66,683
66,684
66,685
66,686
66,687
66,688
66,689
66,690
66,691
66,692
66,693
66,694
66,695
66,696
66,697
66,698
66,699
66,700
66,701
66,702
66,703
66,704
66,705
66,706
66,707
66,708
66,709
66,710
66,711
66,712
66,713
66,714
66,715
66,716
66,717
66,718
66,719
66,720
66,721
66,722
66,723
66,724
66,725
66,726
66,727
66,728
:76_9,729
:76_9,730
:76_9,731
:76_9,732
:76_9,733
-460,734
-460,735
-460,736
-460,737
-460,738
-460,739
-460,740
-460,741
-460,742
-460,743
-460,744
-460,745
-460,746
-460,747
-460,748
-460,749
-460,750
-460,751
-460,752
-460,753
-460,754
-460,755
-460,756
-460,757
-460,758
-460,759
-460,760
-460,761
-460,762
-460,763
-460,764
-460,765
-460,766
-460,767
-460,768
-460,769
-460,770
-460,771
-460,772
-460,773
-460,774
-460,775
-460,776
-460,777
-460,778
-460,779
-460,780
-460,781
-460,782
-460,783
-460,784
-460,785
-460,786
-460,787
-460,788
-460,789
-460,790
-460,791
-460,792
-460,793
-460,794
-460,795
-460,796
-460,797
-460,798
-460,799
-460,800
-460,801
-460,802
-460,803
:391_7,804
:391_7,805
:391_7,806
:391_7,807
:391_7,808
:391_7,809
458,810
458,811
458,812
458,813
458,814
458,815
458,816
458,817
458,818
458,819
458,820
458,821
458,822
458,823
458,824
458,825
458,826
458,827
458,828
458,829
458,830
458,831
458,832
458,833
458,834
458,835
458,836
458,837
458,838
458,839
458,840
458,841
458,842
458,843
458,844
458,845
458,846
458,847
458,848
458,849
458,850
458,851
458,852
458,853
458,854
458,855
458,856
458,857
458,858
458,859
458,860
458,861
458,862
458,863
458,864
458,865
458,866
458,867
458,868
458,869
458,870
458,871
458,872
458,873
458,874
458,875
458,876
458,877
458,878
458,879
458,880
458,881
458,882
458,883
458,884
458,885
458,886
458,887
458,888
458,889
458,890
458,891
458,892
458,893
458,894
:167_4,895
:167_4,896
:167_4,897
:167_4,898
:167_4,899
:167_4,900
-151,901
-151,902
-151,903
-151,904
-151,905
-151,906
-151,907
-151,908
-151,909
-151,910
-151,911
-151,912
-151,913
-151,914
-151,915
-151,916
-151,917
-151,918
-151,919
-151,920
-151,921
-151,922
-151,923
-151,924
-151,925
-151,926
-151,927
-151,928
-151,929
-151,930
-151,931
-151,932
-151,933
-151,934
-151,935
-151,936
-151,937
-151,938
-151,939
-151,940
-151,941
-151,942
-151,943
-151,944
-151,945
-151,946
-151,947
-151,948
-151,949
-151,950
-151,951
-151,952
-151,953
-151,954
-151,955
-151,956
:166_4,957
:166_4,958
:166_4,959
153,960
153,961
153,962
153,963
153,964
153,965
-51,1
-51,2
-51,3
-51,1
