-329,1
-329,1
-329,1
-329,2
-329,3
-329,4
-329,5
-329,6
-329,7
-329,8
-329,9
-329,10
-329,11
-329,12
-329,13
-329,14
-329,15
-329,16
-329,17
-329,18
-329,19
-329,20
-329,21
-329,22
-329,23
-329,24
-329,25
-329,26
-329,27
-329,28
-329,29
-329,30
-329,31
-329,32
-329,33
-329,34
-329,35
-329,36
-329,37
-329,38
-329,39
-329,40
-329,41
-329,42
-329,43
-329,44
-329,45
-329,46
-329,47
-329,48
-329,49
-329,50
-329,51
-329,52
-329,53
-329,54
-329,55
-329,56
-329,57
-329,58
-329,59
-329,60
-329,61
-329,62
-329,63
-329,64
-329,65
-329,66
-329,67
-329,68
-329,69
-329,70
-329,71
-329,72
-329,73
-329,74
-328,75
-328,76
-328,77
-328,78
-328,79
-328,80
-328,81
-328,82
-328,83
-328,84
-328,85
-328,86
-328,87
-328,88
-328,89
-328,90
-328,91
-328,92
-328,93
-328,94
-328,95
-328,96
-328,97
-328,98
-328,99
-328,100
-328,101
-328,102
-328,103
-328,104
-328,105
-328,106
-328,107
-328,108
-328,109
-328,110
-328,111
-328,112
-328,113
-328,114
-328,115
-328,116
-328,117
-328,118
-328,119
-328,120
-328,121
-328,122
-328,123
-328,124
-328,125
-328,126
-328,127
-328,128
-328,129
-328,130
-328,131
-328,132
-328,133
-328,134
-328,135
-328,136
-328,137
-328,138
-328,139
-328,140
-328,141
-328,142
-328,143
-328,144
-328,145
-328,146
:303_1,147
-327,148
-327,149
-327,150
-327,151
-327,152
-327,153
-327,154
-327,155
-327,156
-327,157
-327,158
-327,159
-327,160
-327,161
-327,162
-327,163
-327,164
-327,165
-327,166
-327,167
-327,168
-327,169
-327,170
-327,171
-327,172
-327,173
-327,174
-327,175
-327,176
-327,177
-327,178
-327,179
-327,180
-327,181
-327,182
-327,183
-327,184
-327,185
-327,186
-327,187
-327,188
-327,189
-327,190
-327,191
-327,192
-327,193
-327,194
-327,195
-327,196
-327,197
-327,198
-327,199
-327,200
-327,201
-327,202
-327,203
-327,204
-327,205
-327,206
-327,207
-327,208
:254_8,209
:254_8,210
:254_8,211
:254_8,212
-253,213
-253,214
-253,215
-253,216
-253,217
-253,218
-253,219
-253,220
-253,221
-253,222
-253,223
-253,224
-253,225
-253,226
-253,227
-253,228
-253,229
-253,230
-253,231
-253,232
-253,233
-253,234
-253,235
-253,236
-253,237
-253,238
-253,239
-253,240
-253,241
-253,242
-253,243
-253,244
-253,245
-253,246
-253,247
-253,248
-253,249
-253,250
-253,251
-253,252
-253,253
-253,254
-253,255
-253,256
-253,257
-253,258
-253,259
-253,260
-253,261
-253,262
-253,263
-253,264
-253,265
-253,266
-253,267
-253,268
-253,269
-253,270
:252_7,271
:252_7,272
:252_7,273
:252_7,274
:252_7,275
:252_7,276
252,277
252,278
252,279
252,280
252,281
252,282
252,283
252,284
252,285
252,286
252,287
252,288
252,289
252,290
252,291
252,292
252,293
252,294
252,295
252,296
252,297
252,298
252,299
252,300
252,301
252,302
252,303
252,304
252,305
252,306
252,307
252,308
252,309
252,310
252,311
252,312
252,313
252,314
252,315
252,316
252,317
252,318
252,319
252,320
252,321
252,322
252,323
252,324
252,325
252,326
252,327
252,328
252,329
252,330
252,331
252,332
252,333
252,334
252,335
252,336
252,337
252,338
252,339
252,340
252,341
252,342
252,343
252,344
252,345
252,346
252,347
252,348
252,349
252,350
252,351
252,352
252,353
252,354
252,355
252,356
252,357
252,358
252,359
252,360
252,361
252,362
252,363
252,364
252,365
252,366
252,367
252,368
252,369
252,370
252,371
252,372
252,373
252,374
252,375
252,376
252,377
252,378
252,379
252,380
252,381
252,382
252,383
252,384
252,385
252,386
252,387
252,388
252,389
252,390
252,391
252,392
252,393
252,394
252,395
252,396
252,397
252,398
252,399
252,400
252,401
252,402
252,403
252,404
252,405
252,406
252,407
252,408
252,409
252,410
252,411
252,412
252,413
252,414
252,415
252,416
252,417
252,418
252,419
252,420
252,421
252,422
252,423
252,424
252,425
:253_1,426
:253_1,427
:253_1,428
546,429
546,430
546,431
546,432
546,433
546,434
546,435
546,436
546,437
546,438
546,439
546,440
546,441
546,442
546,443
546,444
546,445
546,446
546,447
546,448
546,449
546,450
546,451
546,452
546,453
546,454
546,455
546,456
546,457
546,458
546,459
546,460
546,461
546,462
546,463
546,464
546,465
546,466
546,467
546,468
546,469
546,470
546,471
546,472
546,473
546,474
:426_3,475
:426_3,476
:426_3,477
:426_3,478
513,479
513,480
513,481
513,482
513,483
513,484
513,485
513,486
513,487
513,488
513,489
513,490
513,491
513,492
513,493
513,494
513,495
513,496
513,497
513,498
513,499
513,500
513,501
513,502
513,503
513,504
513,505
513,506
513,507
513,508
513,509
513,510
513,511
513,512
513,513
513,514
513,515
513,516
513,517
513,518
513,519
513,520
513,521
513,522
513,523
513,524
513,525
513,526
513,527
513,528
513,529
513,530
513,531
513,532
513,533
513,534
513,535
513,536
513,537
513,538
513,539
513,540
513,541
513,542
513,543
513,544
513,545
513,546
513,547
513,548
513,549
:124_0,550
:124_0,551
:124_0,552
-107,553
-107,554
-107,555
-107,556
-107,557
-107,558
-107,559
-107,560
-107,561
-107,562
-107,563
-107,564
-107,565
-107,566
-107,567
-107,568
-107,569
-107,570
-107,571
-107,572
-107,573
-107,574
-107,575
-107,576
-107,577
-107,578
-107,579
-107,580
-107,581
-107,582
-107,583
-107,584
-107,585
-107,586
-107,587
-107,588
-107,589
-107,590
-107,591
-107,592
-107,593
-107,594
-107,595
-107,596
-107,597
-107,598
-107,599
-107,600
-107,601
-107,602
-107,603
-107,604
-107,605
-107,606
-107,607
-107,608
-107,609
-107,610
-107,611
-107,612
-107,613
-107,614
-107,615
-107,616
-107,617
-107,618
-107,619
-107,620
-107,621
-107,622
-107,623
-107,624
-107,625
-107,626
-107,627
-107,628
-107,629
-107,630
-107,631
-107,632
-107,633
-107,634
-107,635
-107,636
-107,637
-107,638
-107,639
-107,640
-107,641
-107,642
-107,643
-107,644
-107,645
-107,646
-107,647
-107,648
-107,649
-107,650
-107,651
-107,652
-107,653
-107,654
-107,655
-107,656
-107,657
-107,658
-107,659
-107,660
-107,661
-107,662
-107,663
-107,664
-107,665
-107,666
-107,667
-107,668
-107,669
-107,670
-107,671
-107,672
-107,673
-107,674
-107,675
:123_1,676
108,677
108,678
108,679
108,680
108,681
108,682
108,683
108,684
108,685
108,686
108,687
108,688
108,689
108,690
108,691
108,692
108,693
108,694
108,695
108,696
108,697
108,698
108,699
108,700
108,701
108,702
108,703
108,704
108,705
108,706
108,707
108,708
108,709
108,710
108,711
108,712
108,713
108,714
108,715
108,716
108,717
108,718
108,719
108,720
108,721
108,722
108,723
108,724
108,725
108,726
108,727
108,728
108,729
108,730
108,731
108,732
:125_7,733
:125_7,734
:125_7,735
:125_7,736
:125_7,737
:125_7,738
109,739
109,740
109,741
109,742
109,743
109,744
109,745
109,746
109,747
109,748
109,749
109,750
109,751
109,752
109,753
109,754
109,755
109,756
109,757
109,758
109,759
109,760
109,761
109,762
109,763
109,764
109,765
109,766
109,767
109,768
109,769
109,770
109,771
109,772
109,773
109,774
109,775
109,776
109,777
109,778
109,779
109,780
109,781
109,782
109,783
:126_7,784
:126_7,785
:126_7,786
:126_7,787
:126_7,788
110,789
110,790
110,791
110,792
110,793
110,794
110,795
110,796
110,797
110,798
110,799
110,800
110,801
110,802
110,803
110,804
110,805
110,806
110,807
110,808
110,809
110,810
110,811
110,812
110,813
110,814
110,815
110,816
110,817
110,818
110,819
110,820
110,821
110,822
110,823
110,824
110,825
110,826
110,827
110,828
110,829
110,830
110,831
110,832
110,833
110,834
110,835
110,836
110,837
110,838
110,839
110,840
110,841
110,842
110,843
110,844
110,845
110,846
110,847
110,848
110,849
110,850
110,851
110,852
110,853
110,854
110,855
110,856
110,857
110,858
110,859
110,860
110,861
110,862
110,863
110,864
110,865
110,866
110,867
110,868
110,869
110,870
110,871
110,872
:127_7,873
:127_7,874
:127_7,875
:127_7,876
:127_7,877
111,878
111,879
111,880
111,881
111,882
111,883
111,884
111,885
111,886
111,887
111,888
111,889
111,890
111,891
111,892
111,893
111,894
111,895
111,896
111,897
111,898
111,899
111,900
111,901
111,902
111,903
111,904
111,905
111,906
111,907
111,908
111,909
111,910
111,911
111,912
111,913
111,914
111,915
111,916
111,917
111,918
111,919
:128_1,920
112,921
112,922
112,923
112,924
112,925
112,926
112,927
112,928
112,929
112,930
112,931
112,932
112,933
112,934
112,935
112,936
112,937
112,938
112,939
112,940
112,941
112,942
112,943
112,944
112,945
112,946
112,947
112,948
112,949
112,950
112,951
112,952
112,953
112,954
112,955
112,956
112,957
112,958
112,959
112,960
112,961
112,962
112,963
113,964
113,965
-329,1
-329,2
-329,3
-329,1
