511,4
511,5
511,6
511,7
511,8
511,9
511,10
511,11
511,12
511,13
511,14
511,15
511,16
511,17
511,18
511,19
511,20
511,21
511,22
511,23
511,24
511,25
511,26
511,27
511,28
511,29
511,30
511,31
511,32
511,33
511,34
511,35
511,36
511,37
511,38
511,39
511,40
511,41
511,42
511,43
511,44
511,45
511,46
511,47
511,48
511,49
511,50
511,51
511,52
511,53
511,54
511,55
511,56
511,57
511,58
511,59
511,60
511,61
511,62
511,63
511,64
511,65
511,66
511,67
511,68
511,69
511,70
511,71
511,72
511,73
511,74
511,75
511,76
511,77
511,78
511,79
511,80
511,81
511,82
511,83
511,84
511,85
511,86
511,87
511,88
511,89
511,90
511,91
511,92
511,93
511,94
511,95
511,96
511,97
511,98
511,99
511,100
511,101
511,102
511,103
511,104
511,105
511,106
511,107
511,108
511,109
511,110
511,111
511,112
511,113
511,114
511,115
511,116
511,117
511,118
511,119
511,120
511,121
511,122
511,123
511,124
511,125
511,126
511,127
511,128
511,129
511,130
511,131
511,132
511,133
511,134
511,135
511,136
511,137
511,138
511,139
511,140
511,141
511,142
511,143
511,144
511,145
511,146
511,147
511,148
511,149
511,150
511,151
511,152
511,153
511,154
511,155
511,156
511,157
511,158
511,159
511,160
511,161
511,162
511,163
511,164
511,165
511,166
511,167
511,168
511,169
511,170
511,171
511,172
511,173
511,174
511,175
511,176
511,177
511,178
511,179
511,180
511,181
511,182
511,183
511,184
511,185
511,186
511,187
511,188
511,189
511,190
511,191
511,192
511,193
511,194
511,195
511,196
511,197
511,198
511,199
511,200
511,201
511,202
511,203
511,204
511,205
511,206
511,207
511,208
511,209
511,210
511,211
511,212
511,213
511,214
511,215
511,216
511,217
511,218
511,219
511,220
511,221
511,222
511,223
511,224
511,225
511,226
511,227
511,228
511,229
511,230
511,231
511,232
511,233
511,234
511,235
511,236
511,237
511,238
511,239
511,240
511,241
511,242
511,243
511,244
511,245
511,246
511,247
511,248
511,249
511,250
511,251
511,252
511,253
511,254
511,255
511,256
511,257
511,258
511,259
511,260
511,261
511,262
511,263
511,264
511,265
511,266
511,267
511,268
511,269
511,270
511,271
511,272
511,273
511,274
511,275
511,276
511,277
511,278
511,279
511,280
511,281
511,282
511,283
511,284
511,285
511,286
511,287
511,288
511,289
511,290
511,291
511,292
511,293
511,294
511,295
511,296
511,297
511,298
511,299
511,300
511,301
511,302
511,303
511,304
511,305
511,306
:247_7,307
:247_7,308
:247_7,309
:247_7,310
:247_7,311
:247_7,312
:247_7,313
:247_7,314
:247_7,315
:247_7,316
:247_7,317
:247_7,318
:247_7,319
:247_7,320
:247_7,321
:247_7,322
:247_7,323
:247_7,324
:247_7,325
:247_7,326
:247_7,327
:247_7,328
-246,329
-246,330
-246,331
-246,332
-246,333
-246,334
-246,335
-246,336
-246,337
-246,338
-246,339
-246,340
-246,341
-246,342
-246,343
-246,344
-246,345
-246,346
-246,347
-246,348
-246,349
-246,350
-246,351
-246,352
-246,353
-246,354
-246,355
-246,356
-246,357
-246,358
-246,359
-246,360
-246,361
-246,362
-246,363
-246,364
-246,365
-246,366
-246,367
-246,368
-246,369
-246,370
-246,371
-246,372
-246,373
-246,374
-246,375
-246,376
-246,377
-246,378
-246,379
-246,380
-246,381
-246,382
:197_4,383
:197_4,384
:197_4,385
:197_4,386
:197_4,387
-183,388
-183,389
-183,390
-183,391
-183,392
-183,393
-183,394
-183,395
-183,396
-183,397
-183,398
-183,399
-183,400
-183,401
-183,402
-183,403
-183,404
-183,405
-183,406
-183,407
-183,408
-183,409
-183,410
-183,411
-183,412
-183,413
-183,414
-183,415
-183,416
-183,417
-183,418
-183,419
-183,420
-183,421
-183,422
-183,423
-183,424
-183,425
-183,426
-183,427
-183,428
-183,429
-183,430
-183,431
-183,432
-183,433
-183,434
-183,435
-183,436
-183,437
-183,438
-183,439
-183,440
-183,441
-183,442
-183,443
-183,444
-183,445
-183,446
-183,447
-183,448
-183,449
-183,450
-183,451
-183,452
-183,453
-183,454
-183,455
-183,456
-183,457
-183,458
-183,459
-183,460
-183,461
-183,462
-183,463
-183,464
-183,465
-183,466
-183,467
-183,468
-183,469
-183,470
-183,471
-183,472
:194_0,473
:194_0,474
:194_0,475
:194_0,476
182,477
182,478
182,479
182,480
182,481
182,482
182,483
182,484
182,485
182,486
182,487
182,488
182,489
182,490
182,491
182,492
182,493
182,494
182,495
182,496
182,497
182,498
182,499
182,500
182,501
182,502
182,503
182,504
182,505
182,506
182,507
182,508
182,509
182,510
182,511
182,512
182,513
182,514
182,515
182,516
182,517
182,518
182,519
182,520
182,521
182,522
182,523
182,524
182,525
182,526
182,527
182,528
182,529
182,530
182,531
182,532
182,533
182,534
182,535
:196_5,536
:196_5,537
:196_5,538
:196_5,539
:196_5,540
206,541
206,542
206,543
206,544
206,545
206,546
206,547
206,548
206,549
206,550
206,551
206,552
206,553
206,554
206,555
206,556
206,557
206,558
206,559
206,560
206,561
206,562
206,563
206,564
206,565
206,566
206,567
206,568
206,569
206,570
206,571
206,572
206,573
206,574
206,575
206,576
206,577
206,578
206,579
206,580
206,581
206,582
206,583
206,584
206,585
206,586
206,587
206,588
206,589
206,590
206,591
206,592
206,593
:103_4,594
:103_4,595
:103_4,596
:103_4,597
:103_4,598
-88,599
-88,600
-88,601
-88,602
-88,603
-88,604
-88,605
-88,606
-88,607
-88,608
-88,609
-88,610
-88,611
-88,612
-88,613
-88,614
-88,615
-88,616
-88,617
-88,618
-88,619
-88,620
-88,621
-88,622
-88,623
-88,624
-88,625
-88,626
-88,627
-88,628
-88,629
-88,630
-88,631
-88,632
-88,633
-88,634
-88,635
-88,636
-88,637
-88,638
-88,639
-88,640
-88,641
-88,642
-88,643
-88,644
-88,645
-88,646
-88,647
-88,648
-88,649
-88,650
-88,651
-88,652
-88,653
-88,654
-88,655
-88,656
-88,657
-88,658
-88,659
-88,660
-88,661
-88,662
-88,663
-88,664
-88,665
-88,666
-88,667
-88,668
-88,669
-88,670
-88,671
-88,672
-88,673
-88,674
-88,675
-88,676
:27_4,677
:27_4,678
:27_4,679
:27_4,680
-23,681
-23,682
-23,683
-23,684
-23,685
-23,686
-23,687
-23,688
-23,689
-23,690
-23,691
-23,692
-23,693
-23,694
-23,695
-23,696
-23,697
-23,698
-23,699
-23,700
-23,701
-23,702
-23,703
-23,704
-23,705
-23,706
-23,707
-23,708
-23,709
-23,710
-23,711
-23,712
-23,713
-23,714
-23,715
-23,716
-23,717
-23,718
-23,719
-23,720
-23,721
-23,722
-23,723
-23,724
-23,725
-23,726
-23,727
-23,728
-23,729
-23,730
-23,731
-23,732
-23,733
-23,734
-23,735
-23,736
-23,737
-23,738
-23,739
-23,740
-23,741
-23,742
-23,743
-23,744
-23,745
-23,746
-23,747
-23,748
-23,749
-23,750
-23,751
-23,752
-23,753
-23,754
-23,755
-23,756
-23,757
-23,758
-23,759
-23,760
-23,761
-23,762
-23,763
-23,764
-23,765
-23,766
-23,767
-23,768
-23,769
-23,770
-23,771
-23,772
-23,773
-23,774
-23,775
-23,776
-23,777
-23,778
-23,779
-23,780
-23,781
-23,782
-23,783
-23,784
-23,785
-23,786
-23,787
-23,788
-23,789
-23,790
-23,791
-23,792
-23,793
-23,794
-23,795
-23,796
-23,797
-23,798
-23,799
-23,800
-23,801
-23,802
-23,803
-23,804
-23,805
-23,806
-23,807
-23,808
-23,809
-23,810
-23,811
-23,812
-23,813
-23,814
-23,815
-23,816
-23,817
-23,818
-23,819
-23,820
-23,821
-23,822
-23,823
-23,824
-23,825
-23,826
-23,827
-23,828
-23,829
-23,830
-23,831
-23,832
-23,833
-23,834
-23,835
-23,836
-23,837
-23,838
-23,839
-23,840
-23,841
-23,842
-23,843
-23,844
-23,845
-23,846
-23,847
-23,848
-23,849
-23,850
-23,851
-23,852
-23,853
-23,854
-23,855
-23,856
-23,857
-23,858
-23,859
-23,860
-23,861
-23,862
:22_9,863
:22_9,864
:22_9,865
:22_9,866
:22_9,867
19,868
19,869
19,870
19,871
19,872
19,873
19,874
19,875
19,876
19,877
19,878
19,879
19,880
19,881
19,882
19,883
19,884
19,885
19,886
19,887
19,888
19,889
19,890
19,891
19,892
19,893
19,894
19,895
19,896
19,897
19,898
19,899
19,900
19,901
19,902
19,903
19,904
19,905
19,906
19,907
19,908
19,909
19,910
19,911
19,912
19,913
19,914
19,915
19,916
19,917
19,918
19,919
19,920
19,921
19,922
19,923
19,924
19,925
19,926
19,927
19,928
19,929
19,930
19,931
19,932
19,933
19,934
19,935
19,936
19,937
19,938
19,939
19,940
19,941
19,942
19,943
19,944
19,945
19,946
19,947
19,948
19,949
19,950
19,951
19,952
19,953
19,954
19,955
19,956
19,957
19,958
19,959
19,960
19,961
19,962
19,963
19,964
:23_6,965
511,4
