265,1
265,1
265,1
265,2
265,3
265,4
265,5
265,6
265,7
265,8
265,9
265,10
265,11
265,12
265,13
265,14
265,15
265,16
265,17
265,18
265,19
265,20
265,21
265,22
265,23
265,24
265,25
265,26
265,27
265,28
265,29
265,30
265,31
265,32
265,33
265,34
265,35
265,36
265,37
265,38
265,39
265,40
265,41
265,42
265,43
265,44
265,45
265,46
265,47
265,48
265,49
265,50
265,51
265,52
265,53
265,54
265,55
265,56
265,57
265,58
265,59
265,60
265,61
265,62
265,63
265,64
265,65
265,66
265,67
265,68
265,69
265,70
265,71
265,72
265,73
265,74
265,75
265,76
265,77
265,78
265,79
265,80
265,81
265,82
265,83
265,84
265,85
265,86
265,87
265,88
265,89
265,90
265,91
265,92
265,93
265,94
265,95
265,96
265,97
265,98
265,99
265,100
265,101
265,102
265,103
265,104
265,105
265,106
265,107
265,108
265,109
265,110
265,111
265,112
265,113
265,114
265,115
265,116
265,117
265,118
265,119
265,120
265,121
265,122
265,123
265,124
265,125
265,126
265,127
265,128
265,129
265,130
265,131
265,132
265,133
265,134
265,135
265,136
265,137
265,138
265,139
265,140
265,141
265,142
265,143
265,144
265,145
265,146
265,147
265,148
265,149
265,150
265,151
265,152
265,153
265,154
265,155
265,156
265,157
265,158
265,159
265,160
265,161
265,162
265,163
265,164
:261_5,165
:261_5,166
:261_5,167
:261_5,168
277,169
277,170
277,171
277,172
277,173
277,174
277,175
277,176
277,177
277,178
277,179
277,180
277,181
277,182
277,183
277,184
277,185
277,186
277,187
277,188
277,189
277,190
277,191
277,192
277,193
277,194
277,195
277,196
277,197
277,198
277,199
277,200
277,201
277,202
277,203
277,204
277,205
277,206
277,207
277,208
277,209
277,210
277,211
277,212
277,213
277,214
277,215
277,216
277,217
277,218
277,219
277,220
277,221
277,222
277,223
277,224
277,225
277,226
277,227
277,228
277,229
277,230
277,231
277,232
277,233
277,234
277,235
277,236
277,237
277,238
277,239
277,240
277,241
277,242
277,243
277,244
277,245
277,246
277,247
277,248
277,249
277,250
277,251
277,252
277,253
277,254
277,255
277,256
277,257
277,258
277,259
277,260
277,261
277,262
277,263
277,264
277,265
277,266
277,267
277,268
277,269
277,270
277,271
277,272
277,273
277,274
277,275
277,276
277,277
277,278
277,279
277,280
277,281
277,282
277,283
277,284
277,285
277,286
277,287
277,288
277,289
277,290
277,291
277,292
277,293
277,294
277,295
277,296
277,297
277,298
277,299
277,300
277,301
277,302
277,303
277,304
277,305
277,306
277,307
277,308
277,309
277,310
277,311
277,312
277,313
277,314
277,315
277,316
277,317
277,318
277,319
277,320
277,321
277,322
277,323
277,324
277,325
277,326
277,327
277,328
277,329
277,330
277,331
277,332
277,333
277,334
277,335
277,336
277,337
277,338
277,339
277,340
277,341
277,342
277,343
277,344
277,345
277,346
277,347
277,348
277,349
277,350
277,351
277,352
277,353
277,354
277,355
277,356
277,357
277,358
277,359
277,360
277,361
277,362
277,363
277,364
277,365
277,366
277,367
277,368
277,369
277,370
277,371
277,372
277,373
277,374
277,375
277,376
277,377
277,378
277,379
277,380
277,381
277,382
277,383
277,384
277,385
277,386
277,387
277,388
277,389
277,390
277,391
277,392
277,393
277,394
277,395
277,396
277,397
277,398
277,399
277,400
277,401
277,402
277,403
277,404
277,405
277,406
277,407
277,408
277,409
277,410
277,411
277,412
277,413
277,414
277,415
277,416
277,417
277,418
:91_3,419
:91_3,420
:91_3,421
79,422
79,423
79,424
79,425
79,426
79,427
79,428
79,429
79,430
79,431
79,432
79,433
79,434
79,435
79,436
79,437
79,438
79,439
79,440
79,441
79,442
79,443
79,444
79,445
79,446
79,447
79,448
79,449
79,450
79,451
79,452
79,453
79,454
79,455
79,456
79,457
79,458
79,459
79,460
79,461
79,462
79,463
79,464
79,465
79,466
79,467
79,468
79,469
79,470
79,471
79,472
79,473
79,474
79,475
79,476
79,477
79,478
79,479
79,480
79,481
79,482
79,483
79,484
79,485
79,486
79,487
79,488
79,489
79,490
79,491
79,492
79,493
79,494
79,495
79,496
79,497
79,498
79,499
79,500
79,501
:92_3,502
:92_3,503
:92_3,504
:92_3,505
:92_3,506
-571,507
-571,508
-571,509
-571,510
-571,511
-571,512
-571,513
-571,514
-571,515
-571,516
-571,517
-571,518
-571,519
-571,520
-571,521
-571,522
-571,523
-571,524
-571,525
-571,526
-571,527
-571,528
-571,529
-571,530
-571,531
-571,532
-571,533
-571,534
-571,535
-571,536
-571,537
-571,538
-571,539
-571,540
-571,541
-571,542
-571,543
-571,544
-571,545
-571,546
-571,547
-571,548
-571,549
-571,550
-571,551
-571,552
-571,553
-571,554
-571,555
-571,556
-571,557
-571,558
-571,559
-571,560
-571,561
-571,562
-571,563
-571,564
-571,565
-571,566
-571,567
-571,568
-571,569
-571,570
-571,571
-571,572
-571,573
-571,574
-571,575
-571,576
-571,577
-571,578
-571,579
-571,580
-571,581
-571,582
-571,583
-571,584
-571,585
-571,586
-571,587
-571,588
-571,589
-571,590
-571,591
-571,592
-571,593
-571,594
-571,595
-571,596
-571,597
-571,598
-571,599
-571,600
-571,601
-571,602
-571,603
-571,604
-571,605
-571,606
-571,607
-571,608
-571,609
-571,610
-571,611
-571,612
-571,613
-571,614
-571,615
-571,616
-571,617
-571,618
-571,619
-571,620
-571,621
-571,622
-571,623
-571,624
-571,625
-571,626
-571,627
-571,628
-571,629
-571,630
-571,631
-571,632
-571,633
-571,634
-571,635
-571,636
-571,637
-571,638
-571,639
-571,640
-571,641
-571,642
-571,643
-571,644
-571,645
-571,646
-571,647
-571,648
-571,649
-571,650
-571,651
-571,652
-571,653
-571,654
-571,655
-571,656
-571,657
-571,658
-571,659
-571,660
-571,661
-571,662
-571,663
-571,664
-571,665
-571,666
-571,667
-571,668
-571,669
-571,670
-571,671
-571,672
-571,673
-571,674
-571,675
-571,676
-571,677
-571,678
-571,679
-571,680
-571,681
-571,682
-571,683
-571,684
-571,685
-571,686
-571,687
-571,688
-571,689
-571,690
-571,691
-571,692
-571,693
-571,694
-571,695
-571,696
-571,697
-571,698
-571,699
-571,700
-571,701
-571,702
-571,703
-571,704
-571,705
-571,706
-571,707
-571,708
-571,709
:99_7,710
:99_7,711
:99_7,712
:99_7,713
:99_7,714
-570,715
-570,716
-570,717
-570,718
-570,719
-570,720
-570,721
-570,722
-570,723
-570,724
-570,725
-570,726
-570,727
-570,728
-570,729
-570,730
-570,731
-570,732
-570,733
-570,734
-570,735
-570,736
-570,737
-570,738
-570,739
-570,740
-570,741
-570,742
-570,743
-570,744
-570,745
-570,746
-570,747
-570,748
-570,749
-570,750
-570,751
-570,752
-570,753
-570,754
-570,755
-570,756
-570,757
-570,758
-570,759
-570,760
-570,761
-570,762
-570,763
-570,764
-570,765
-570,766
-570,767
-570,768
-570,769
-570,770
-570,771
-570,772
-570,773
-570,774
-570,775
-570,776
-570,777
-570,778
-570,779
-570,780
-570,781
-570,782
-570,783
-570,784
-570,785
-570,786
-570,787
-570,788
-570,789
-570,790
-570,791
-570,792
-570,793
-570,794
-570,795
-570,796
-570,797
-570,798
-570,799
-570,800
-570,801
-570,802
-570,803
-570,804
-570,805
-570,806
-570,807
-570,808
-570,809
-570,810
-570,811
-570,812
-570,813
-570,814
-570,815
-570,816
-570,817
-570,818
-570,819
-570,820
-570,821
-570,822
-570,823
-570,824
-570,825
-570,826
-570,827
-570,828
-570,829
-570,830
-570,831
-570,832
-570,833
-570,834
-570,835
-570,836
-570,837
-570,838
-570,839
-570,840
-570,841
-570,842
-570,843
-570,844
-570,845
-570,846
-570,847
-570,848
-570,849
-570,850
-570,851
-570,852
-570,853
-570,854
-570,855
-570,856
-570,857
-570,858
-570,859
-570,860
-570,861
-570,862
-570,863
-570,864
-570,865
-570,866
-570,867
-570,868
-570,869
-570,870
-570,871
-570,872
-570,873
-570,874
-570,875
-570,876
-570,877
-570,878
-570,879
-570,880
-570,881
-570,882
-570,883
:151_7,884
:151_7,885
:151_7,886
:151_7,887
:151_7,888
:151_7,889
-569,890
-569,891
-569,892
-569,893
-569,894
-569,895
-569,896
-569,897
-569,898
-569,899
-569,900
-569,901
-569,902
-569,903
-569,904
-569,905
-569,906
-569,907
-569,908
-569,909
-569,910
-569,911
-569,912
-569,913
-569,914
-569,915
-569,916
-569,917
-569,918
-569,919
-569,920
-569,921
-569,922
-569,923
-569,924
-569,925
-569,926
-569,927
-569,928
-569,929
-569,930
-569,931
-569,932
-569,933
-569,934
-569,935
-569,936
-569,937
-569,938
-569,939
-569,940
-569,941
-569,942
-569,943
-569,944
-569,945
-569,946
-569,947
-569,948
-569,949
-569,950
-569,951
-569,952
-569,953
-569,954
-569,955
-569,956
-569,957
-569,958
-569,959
-569,960
-569,961
-569,962
-569,963
-569,964
-569,965
265,1
265,2
265,3
265,1
