-400,1
-400,1
-400,1
-400,2
-400,3
-400,4
-400,5
-400,6
-400,7
-400,8
-400,9
-400,10
-400,11
-400,12
-400,13
-400,14
-400,15
-400,16
-400,17
-400,18
-400,19
-400,20
-400,21
-400,22
-400,23
-400,24
-400,25
-400,26
-400,27
-400,28
-400,29
-400,30
-400,31
-400,32
-400,33
-400,34
-400,35
-400,36
-400,37
-400,38
-400,39
-400,40
-400,41
-400,42
-400,43
-400,44
-400,45
-400,46
-400,47
-400,48
-400,49
-400,50
-400,51
-400,52
-400,53
-400,54
-400,55
-400,56
-400,57
-400,58
-400,59
-400,60
-400,61
-400,62
-400,63
-400,64
-400,65
-400,66
-400,67
-400,68
:159_4,69
:159_4,70
:159_4,71
:159_4,72
:159_4,73
399,74
399,75
399,76
399,77
399,78
399,79
399,80
399,81
399,82
399,83
399,84
399,85
399,86
399,87
399,88
399,89
399,90
399,91
399,92
399,93
399,94
399,95
399,96
399,97
399,98
399,99
399,100
399,101
399,102
399,103
399,104
399,105
399,106
399,107
399,108
399,109
399,110
399,111
399,112
399,113
399,114
399,115
399,116
399,117
399,118
399,119
399,120
399,121
399,122
399,123
399,124
399,125
399,126
399,127
399,128
399,129
399,130
399,131
399,132
399,133
399,134
399,135
399,136
399,137
399,138
399,139
399,140
399,141
399,142
399,143
399,144
399,145
399,146
399,147
399,148
399,149
399,150
399,151
399,152
399,153
399,154
399,155
399,156
399,157
399,158
399,159
399,160
399,161
399,162
399,163
399,164
399,165
399,166
399,167
399,168
399,169
399,170
399,171
399,172
399,173
399,174
399,175
399,176
399,177
399,178
399,179
399,180
399,181
399,182
399,183
399,184
399,185
399,186
399,187
399,188
399,189
399,190
399,191
399,192
399,193
399,194
399,195
399,196
399,197
399,198
:169_0,199
:169_0,200
:169_0,201
:169_0,202
:169_0,203
:169_0,204
-153,205
-153,206
-153,207
-153,208
-153,209
-153,210
-153,211
-153,212
-153,213
-153,214
-153,215
-153,216
-153,217
-153,218
-153,219
-153,220
-153,221
-153,222
-153,223
-153,224
-153,225
-153,226
-153,227
-153,228
-153,229
-153,230
-153,231
-153,232
-153,233
-153,234
-153,235
-153,236
-153,237
-153,238
-153,239
-153,240
-153,241
-153,242
-153,243
-153,244
-153,245
-153,246
-153,247
-153,248
-153,249
-153,250
-153,251
-153,252
-153,253
-153,254
-153,255
-153,256
-153,257
-153,258
-153,259
-153,260
-153,261
-153,262
-153,263
-153,264
-153,265
-153,266
-153,267
-153,268
-153,269
-153,270
-153,271
-153,272
-153,273
-153,274
-153,275
-153,276
-153,277
-153,278
-153,279
-153,280
-153,281
-153,282
-153,283
-153,284
-153,285
-153,286
-153,287
-153,288
-153,289
-153,290
-153,291
-153,292
-153,293
-153,294
-153,295
-153,296
-153,297
-153,298
-153,299
-153,300
-153,301
-153,302
-153,303
-153,304
-153,305
-153,306
-153,307
-153,308
-153,309
-153,310
-153,311
-153,312
-153,313
-153,314
-153,315
-153,316
-153,317
-153,318
-153,319
-153,320
-153,321
-153,322
-153,323
-153,324
-153,325
-153,326
-153,327
-153,328
-153,329
:166_0,330
:166_0,331
:166_0,332
:166_0,333
154,334
154,335
154,336
154,337
154,338
154,339
154,340
154,341
154,342
154,343
154,344
154,345
154,346
154,347
154,348
154,349
154,350
154,351
154,352
154,353
154,354
154,355
154,356
154,357
154,358
154,359
154,360
154,361
154,362
154,363
154,364
154,365
154,366
154,367
154,368
154,369
154,370
154,371
154,372
154,373
154,374
154,375
154,376
154,377
154,378
154,379
154,380
154,381
154,382
154,383
154,384
154,385
154,386
154,387
154,388
154,389
154,390
154,391
154,392
154,393
154,394
154,395
154,396
154,397
154,398
154,399
154,400
154,401
154,402
154,403
154,404
154,405
154,406
154,407
154,408
154,409
154,410
154,411
154,412
154,413
154,414
154,415
154,416
154,417
154,418
154,419
154,420
154,421
154,422
154,423
154,424
154,425
154,426
154,427
154,428
154,429
154,430
154,431
154,432
154,433
154,434
154,435
154,436
154,437
154,438
154,439
154,440
154,441
154,442
154,443
154,444
154,445
154,446
154,447
154,448
154,449
154,450
154,451
154,452
154,453
154,454
154,455
154,456
154,457
154,458
154,459
154,460
154,461
154,462
154,463
154,464
154,465
154,466
154,467
154,468
154,469
154,470
154,471
154,472
154,473
154,474
154,475
154,476
154,477
154,478
154,479
154,480
154,481
154,482
154,483
154,484
154,485
154,486
154,487
154,488
154,489
154,490
154,491
154,492
154,493
154,494
154,495
154,496
154,497
154,498
154,499
154,500
154,501
154,502
154,503
154,504
154,505
154,506
154,507
154,508
154,509
154,510
154,511
154,512
154,513
154,514
154,515
154,516
154,517
154,518
154,519
154,520
154,521
154,522
154,523
154,524
154,525
154,526
154,527
154,528
154,529
154,530
154,531
154,532
154,533
154,534
154,535
154,536
154,537
154,538
154,539
154,540
154,541
154,542
154,543
154,544
154,545
154,546
154,547
154,548
154,549
154,550
154,551
154,552
154,553
154,554
154,555
154,556
154,557
154,558
154,559
154,560
154,561
154,562
154,563
154,564
154,565
154,566
154,567
154,568
154,569
154,570
154,571
154,572
154,573
154,574
154,575
154,576
154,577
154,578
154,579
154,580
154,581
154,582
154,583
154,584
154,585
:170_5,586
:170_5,587
:170_5,588
:170_5,589
:170_5,590
:170_5,591
-196,592
-196,593
-196,594
-196,595
-196,596
-196,597
-196,598
-196,599
-196,600
-196,601
-196,602
-196,603
-196,604
-196,605
-196,606
-196,607
-196,608
-196,609
-196,610
-196,611
-196,612
-196,613
-196,614
-196,615
-196,616
-196,617
-196,618
-196,619
-196,620
-196,621
-196,622
-196,623
-196,624
-196,625
-196,626
-196,627
-196,628
-196,629
-196,630
-196,631
-196,632
-196,633
-196,634
-196,635
-196,636
-196,637
-196,638
-196,639
-196,640
-196,641
-196,642
-196,643
-196,644
-196,645
-196,646
-196,647
-196,648
-196,649
-196,650
-196,651
-196,652
-196,653
-196,654
-196,655
-196,656
-196,657
-196,658
-196,659
-196,660
-196,661
-196,662
-196,663
-196,664
-196,665
-196,666
-196,667
-196,668
-196,669
-196,670
-196,671
-196,672
-196,673
-196,674
-196,675
-196,676
-196,677
-196,678
-196,679
-196,680
-196,681
-196,682
-196,683
-196,684
-196,685
-196,686
-196,687
-196,688
-196,689
-196,690
-196,691
-196,692
-196,693
-196,694
-196,695
-196,696
-196,697
-196,698
-196,699
-196,700
-196,701
-196,702
-196,703
-196,704
-196,705
-196,706
-196,707
-196,708
-196,709
-196,710
-196,711
-196,712
-196,713
-196,714
-196,715
-196,716
-196,717
-196,718
-196,719
-196,720
-196,721
-196,722
-196,723
-196,724
-196,725
-196,726
-196,727
-196,728
-196,729
-196,730
-196,731
-196,732
-196,733
-196,734
-196,735
-196,736
-196,737
-196,738
-196,739
-196,740
-196,741
-196,742
-196,743
-196,744
-196,745
-196,746
-196,747
-196,748
-196,749
-196,750
-196,751
-196,752
-196,753
-196,754
-196,755
-196,756
-196,757
-196,758
-196,759
-196,760
-196,761
-196,762
-196,763
-196,764
-196,765
-196,766
-196,767
-196,768
-196,769
-196,770
-196,771
-196,772
-196,773
-196,774
-196,775
-196,776
-196,777
-196,778
-196,779
-196,780
-196,781
-196,782
-196,783
-196,784
-196,785
-196,786
-196,787
-196,788
-196,789
-196,790
-196,791
-196,792
-196,793
-196,794
-196,795
-196,796
-196,797
-196,798
-196,799
-196,800
-196,801
-196,802
-196,803
-196,804
-196,805
-196,806
-196,807
-196,808
-196,809
-196,810
-196,811
-196,812
-196,813
-196,814
-196,815
-196,816
-196,817
-196,818
-196,819
-196,820
-196,821
-196,822
-196,823
-196,824
-196,825
-196,826
-196,827
-196,828
-196,829
-196,830
-196,831
-196,832
-196,833
-196,834
-196,835
-196,836
-196,837
-196,838
-196,839
-196,840
-196,841
-196,842
-196,843
-196,844
-196,845
-196,846
-196,847
-196,848
-196,849
-196,850
-196,851
-196,852
-196,853
-196,854
-196,855
-196,856
-196,857
-196,858
-196,859
-196,860
-196,861
-196,862
-196,863
-196,864
-196,865
-196,866
-196,867
-196,868
-196,869
-196,870
-196,871
-196,872
-196,873
-196,874
-196,875
-196,876
-196,877
-196,878
-196,879
-196,880
-196,881
-196,882
-196,883
-196,884
-196,885
-196,886
-196,887
-196,888
-196,889
-196,890
-196,891
-196,892
-196,893
-196,894
-196,895
:35_5,896
:35_5,897
:35_5,898
:35_5,899
:35_5,900
:35_5,901
-29,902
-29,903
-29,904
-29,905
-29,906
-29,907
-29,908
-29,909
-29,910
-29,911
-29,912
-29,913
-29,914
-29,915
-29,916
-29,917
-29,918
-29,919
-29,920
-29,921
-29,922
-29,923
-29,924
-29,925
-29,926
-29,927
-29,928
-29,929
-29,930
-29,931
-29,932
-29,933
-29,934
-29,935
-29,936
-29,937
-29,938
-29,939
-29,940
-29,941
-29,942
-29,943
-29,944
-29,945
-29,946
-29,947
-29,948
-29,949
-29,950
-29,951
-29,952
-29,953
-29,954
-29,955
-29,956
-29,957
-29,958
-29,959
-29,960
-29,961
-29,962
-29,963
-29,964
-29,965
-400,1
-400,2
-400,3
-400,1
