558,1
558,1
558,1
558,2
558,3
558,4
558,5
558,6
558,7
558,8
558,9
558,10
558,11
558,12
558,13
558,14
558,15
558,16
558,17
558,18
558,19
558,20
558,21
558,22
558,23
558,24
558,25
558,26
558,27
558,28
558,29
558,30
558,31
558,32
558,33
558,34
558,35
558,36
558,37
558,38
558,39
558,40
558,41
558,42
558,43
558,44
558,45
558,46
558,47
558,48
558,49
558,50
558,51
558,52
558,53
558,54
558,55
558,56
558,57
558,58
558,59
558,60
558,61
558,62
558,63
558,64
558,65
558,66
558,67
558,68
558,69
558,70
558,71
558,72
558,73
558,74
558,75
558,76
558,77
558,78
558,79
:218_6,80
:218_6,81
:218_6,82
:218_6,83
-212,84
-212,85
-212,86
-212,87
-212,88
-212,89
-212,90
-212,91
-212,92
-212,93
-212,94
-212,95
-212,96
-212,97
-212,98
-212,99
-212,100
-212,101
-212,102
-212,103
-212,104
-212,105
-212,106
-212,107
-212,108
-212,109
-212,110
-212,111
-212,112
-212,113
-212,114
-212,115
-212,116
-212,117
-212,118
-212,119
-212,120
-212,121
-212,122
-212,123
-212,124
-212,125
-212,126
-212,127
-212,128
-212,129
:189_1,130
:189_1,131
:189_1,132
:189_1,133
:189_1,134
:189_1,135
-176,136
-176,137
-176,138
-176,139
-176,140
-176,141
-176,142
-176,143
-176,144
-176,145
-176,146
-176,147
-176,148
-176,149
-176,150
-176,151
-176,152
-176,153
-176,154
-176,155
-176,156
-176,157
-176,158
-176,159
-176,160
-176,161
-176,162
-176,163
-176,164
-176,165
-176,166
-176,167
-176,168
-176,169
-176,170
-176,171
-176,172
-176,173
-176,174
-176,175
-176,176
-176,177
-176,178
-176,179
-176,180
-176,181
-176,182
-176,183
-176,184
-176,185
-176,186
-176,187
-176,188
-176,189
-176,190
-176,191
-176,192
-176,193
-176,194
-176,195
-176,196
-176,197
-176,198
-176,199
-176,200
-176,201
-176,202
-176,203
-176,204
-176,205
-176,206
-176,207
-176,208
-176,209
-176,210
-176,211
-176,212
-176,213
-176,214
-176,215
-176,216
-176,217
-176,218
-176,219
-176,220
-176,221
-176,222
-176,223
-176,224
-176,225
-176,226
-176,227
-176,228
-176,229
-176,230
-176,231
-176,232
-176,233
-176,234
-176,235
-176,236
-176,237
-176,238
-176,239
-176,240
-176,241
-176,242
:13_13,243
:13_17,244
685,245
685,246
685,247
685,248
685,249
685,250
685,251
685,252
685,253
685,254
685,255
685,256
685,257
685,258
685,259
685,260
685,261
685,262
685,263
685,264
685,265
685,266
685,267
685,268
685,269
685,270
:373_5,271
684,272
684,273
684,274
684,275
684,276
684,277
684,278
684,279
684,280
684,281
684,282
684,283
684,284
684,285
684,286
684,287
684,288
684,289
684,290
684,291
684,292
684,293
684,294
684,295
684,296
:6_9,297
:6_9,298
:6_9,299
6,300
6,301
6,302
6,303
6,304
6,305
6,306
6,307
6,308
6,309
6,310
6,311
6,312
6,313
6,314
6,315
6,316
6,317
6,318
6,319
6,320
6,321
6,322
6,323
6,324
6,325
6,326
6,327
6,328
6,329
6,330
6,331
6,332
6,333
6,334
6,335
6,336
6,337
6,338
6,339
6,340
6,341
6,342
6,343
6,344
6,345
6,346
6,347
6,348
6,349
6,350
6,351
6,352
6,353
6,354
6,355
6,356
6,357
6,358
6,359
6,360
6,361
6,362
6,363
6,364
6,365
6,366
6,367
6,368
6,369
6,370
6,371
6,372
6,373
6,374
6,375
6,376
6,377
6,378
6,379
6,380
6,381
6,382
6,383
6,384
6,385
6,386
6,387
6,388
6,389
6,390
6,391
6,392
6,393
6,394
6,395
6,396
6,397
6,398
6,399
6,400
6,401
6,402
6,403
6,404
6,405
6,406
6,407
6,408
6,409
6,410
6,411
6,412
6,413
6,414
6,415
6,416
6,417
6,418
6,419
6,420
6,421
6,422
6,423
6,424
6,425
6,426
6,427
6,428
6,429
6,430
6,431
6,432
6,433
6,434
6,435
6,436
6,437
6,438
6,439
6,440
6,441
6,442
6,443
6,444
6,445
6,446
6,447
6,448
6,449
6,450
6,451
6,452
6,453
6,454
6,455
6,456
6,457
6,458
6,459
6,460
6,461
6,462
6,463
6,464
6,465
6,466
6,467
6,468
6,469
6,470
6,471
6,472
6,473
6,474
6,475
6,476
6,477
6,478
6,479
6,480
6,481
6,482
6,483
6,484
6,485
6,486
6,487
6,488
6,489
6,490
6,491
6,492
6,493
6,494
6,495
6,496
6,497
6,498
6,499
6,500
6,501
6,502
6,503
6,504
6,505
6,506
6,507
:8_1,508
7,509
7,510
7,511
7,512
7,513
7,514
7,515
7,516
7,517
7,518
7,519
7,520
7,521
7,522
7,523
7,524
7,525
7,526
7,527
7,528
7,529
7,530
7,531
7,532
7,533
7,534
7,535
7,536
7,537
7,538
7,539
7,540
7,541
7,542
7,543
7,544
7,545
7,546
7,547
7,548
7,549
7,550
7,551
7,552
7,553
7,554
7,555
7,556
7,557
7,558
7,559
7,560
7,561
7,562
7,563
7,564
7,565
7,566
7,567
7,568
7,569
7,570
7,571
7,572
7,573
7,574
7,575
7,576
7,577
7,578
7,579
7,580
7,581
7,582
7,583
7,584
7,585
7,586
7,587
7,588
7,589
7,590
7,591
7,592
7,593
7,594
7,595
7,596
7,597
7,598
:9_1,599
8,600
8,601
8,602
8,603
8,604
8,605
8,606
8,607
8,608
8,609
8,610
8,611
8,612
8,613
8,614
8,615
8,616
8,617
8,618
8,619
8,620
8,621
8,622
8,623
8,624
8,625
8,626
8,627
8,628
8,629
8,630
8,631
8,632
8,633
8,634
8,635
8,636
8,637
8,638
8,639
8,640
8,641
8,642
8,643
8,644
8,645
8,646
8,647
8,648
8,649
8,650
8,651
8,652
8,653
8,654
8,655
8,656
8,657
8,658
8,659
8,660
8,661
8,662
8,663
8,664
8,665
8,666
8,667
8,668
8,669
8,670
8,671
8,672
8,673
8,674
8,675
8,676
8,677
8,678
8,679
8,680
8,681
8,682
:10_1,683
9,684
9,685
9,686
9,687
9,688
9,689
9,690
9,691
9,692
9,693
9,694
9,695
9,696
9,697
9,698
9,699
9,700
9,701
9,702
9,703
9,704
9,705
9,706
9,707
9,708
9,709
9,710
9,711
9,712
9,713
9,714
9,715
9,716
9,717
9,718
9,719
9,720
9,721
9,722
9,723
9,724
9,725
9,726
9,727
9,728
9,729
9,730
9,731
9,732
9,733
9,734
9,735
9,736
9,737
9,738
9,739
9,740
9,741
9,742
9,743
9,744
9,745
9,746
9,747
9,748
9,749
9,750
9,751
9,752
9,753
9,754
9,755
9,756
9,757
9,758
9,759
9,760
9,761
9,762
10,763
10,764
10,765
10,766
10,767
10,768
10,769
10,770
10,771
10,772
10,773
10,774
10,775
10,776
10,777
10,778
10,779
10,780
10,781
10,782
10,783
10,784
10,785
10,786
10,787
10,788
10,789
10,790
10,791
10,792
10,793
10,794
10,795
10,796
10,797
10,798
10,799
10,800
10,801
10,802
10,803
10,804
10,805
10,806
10,807
10,808
10,809
10,810
10,811
10,812
10,813
10,814
10,815
10,816
10,817
10,818
10,819
10,820
10,821
10,822
10,823
10,824
10,825
10,826
10,827
10,828
10,829
10,830
10,831
10,832
10,833
10,834
10,835
10,836
10,837
10,838
10,839
10,840
10,841
10,842
10,843
11,844
11,845
11,846
11,847
11,848
11,849
11,850
11,851
11,852
11,853
11,854
11,855
11,856
11,857
11,858
11,859
11,860
11,861
11,862
11,863
11,864
11,865
11,866
11,867
11,868
11,869
11,870
11,871
11,872
11,873
11,874
11,875
11,876
11,877
11,878
11,879
11,880
11,881
11,882
11,883
11,884
11,885
11,886
11,887
11,888
11,889
11,890
11,891
11,892
11,893
11,894
11,895
11,896
11,897
11,898
11,899
11,900
11,901
11,902
11,903
11,904
11,905
11,906
11,907
11,908
11,909
11,910
11,911
11,912
11,913
11,914
11,915
11,916
11,917
11,918
11,919
11,920
11,921
11,922
11,923
11,924
11,925
11,926
11,927
11,928
11,929
11,930
11,931
11,932
11,933
11,934
11,935
11,936
11,937
11,938
11,939
11,940
11,941
11,942
11,943
11,944
11,945
11,946
11,947
11,948
11,949
11,950
11,951
11,952
11,953
11,954
11,955
11,956
11,957
11,958
11,959
11,960
11,961
11,962
11,963
11,964
11,965
558,1
558,2
558,3
558,1
