-274,9
-274,10
-274,11
-274,12
-274,13
-274,14
-274,15
-274,16
-274,17
-274,18
-274,19
-274,20
-274,21
-274,22
-274,23
-274,24
-274,25
-274,26
-274,27
-274,28
-274,29
-274,30
-274,31
-274,32
-274,33
-274,34
-274,35
-274,36
-274,37
-274,38
-274,39
-274,40
-274,41
-274,42
-274,43
-274,44
-274,45
-274,46
-274,47
-274,48
-274,49
-274,50
-274,51
-274,52
-274,53
-274,54
-274,55
-274,56
-274,57
-274,58
-274,59
-274,60
-274,61
-274,62
-274,63
-274,64
-274,65
-274,66
-274,67
-274,68
-274,69
-274,70
-274,71
-274,72
-274,73
-274,74
-274,75
-274,76
-274,77
-274,78
-274,79
-274,80
-274,81
-274,82
-274,83
-274,84
-274,85
-274,86
-274,87
-274,88
-274,89
-274,90
-274,91
-274,92
-274,93
-274,94
-274,95
-274,96
-274,97
-274,98
-274,99
-274,100
-274,101
:265_2,102
:265_2,103
:265_2,104
:265_16,105
:265_16,106
:265_16,107
273,108
273,109
273,110
273,111
273,112
273,113
273,114
273,115
273,116
273,117
273,118
273,119
273,120
273,121
273,122
273,123
273,124
273,125
273,126
273,127
273,128
273,129
273,130
273,131
273,132
273,133
273,134
273,135
273,136
273,137
273,138
273,139
273,140
273,141
273,142
273,143
273,144
273,145
273,146
273,147
273,148
273,149
273,150
273,151
273,152
273,153
273,154
273,155
273,156
:266_7,157
:266_7,158
:266_7,159
:266_7,160
373,161
373,162
373,163
373,164
373,165
373,166
373,167
373,168
373,169
373,170
373,171
373,172
373,173
373,174
373,175
373,176
373,177
373,178
373,179
373,180
373,181
373,182
373,183
373,184
373,185
373,186
373,187
373,188
373,189
373,190
373,191
373,192
373,193
373,194
373,195
373,196
373,197
373,198
:90_7,199
:90_7,200
:90_7,201
:90_7,202
-78,203
-78,204
-78,205
-78,206
-78,207
-78,208
-78,209
-78,210
-78,211
-78,212
-78,213
-78,214
-78,215
-78,216
-78,217
-78,218
-78,219
-78,220
-78,221
-78,222
-78,223
-78,224
-78,225
-78,226
-78,227
-78,228
-78,229
-78,230
-78,231
-78,232
-78,233
-78,234
-78,235
-78,236
-78,237
-78,238
-78,239
-78,240
-78,241
-78,242
-78,243
-78,244
-78,245
-78,246
-78,247
-78,248
-78,249
-78,250
-78,251
-78,252
-78,253
-78,254
-78,255
-78,256
-78,257
-78,258
-78,259
-78,260
-78,261
-78,262
-78,263
-78,264
-78,265
-78,266
-78,267
-78,268
-78,269
-78,270
-78,271
-78,272
-78,273
-78,274
-78,275
-78,276
-78,277
-78,278
:19_13,279
:19_13,280
:19_13,281
:19_13,282
:19_13,283
-16,284
-16,285
-16,286
-16,287
-16,288
-16,289
-16,290
-16,291
-16,292
-16,293
-16,294
-16,295
-16,296
-16,297
-16,298
-16,299
-16,300
-16,301
-16,302
-16,303
-16,304
-16,305
-16,306
-16,307
-16,308
-16,309
-16,310
-16,311
-16,312
-16,313
-16,314
-16,315
-16,316
-16,317
-16,318
-16,319
-16,320
-16,321
-16,322
-16,323
-16,324
-16,325
-16,326
-16,327
-16,328
-16,329
-16,330
-16,331
:18_1,332
-15,333
-15,334
-15,335
-15,336
-15,337
-15,338
-15,339
-15,340
-15,341
-15,342
-15,343
-15,344
-15,345
-15,346
-15,347
-15,348
-15,349
-15,350
-15,351
-15,352
-15,353
-15,354
-15,355
-15,356
-15,357
-15,358
-15,359
-15,360
-15,361
-15,362
-15,363
-15,364
-15,365
-15,366
-15,367
-15,368
-15,369
-15,370
-15,371
-15,372
-15,373
-15,374
-15,375
-15,376
-15,377
-15,378
-15,379
-15,380
-15,381
-15,382
-15,383
-15,384
-15,385
-15,386
-15,387
-15,388
-15,389
-15,390
-15,391
-15,392
-15,393
-15,394
-15,395
-15,396
-15,397
-15,398
-15,399
-15,400
-15,401
-15,402
-15,403
-15,404
-15,405
-15,406
-15,407
-15,408
-15,409
-15,410
-15,411
-15,412
-15,413
-15,414
-15,415
-15,416
-15,417
-15,418
-15,419
-15,420
-15,421
17,422
17,423
17,424
17,425
17,426
17,427
17,428
17,429
17,430
17,431
17,432
17,433
17,434
17,435
17,436
17,437
17,438
17,439
17,440
17,441
17,442
17,443
17,444
17,445
17,446
17,447
17,448
17,449
17,450
17,451
17,452
17,453
17,454
17,455
17,456
17,457
17,458
17,459
17,460
17,461
17,462
17,463
17,464
17,465
17,466
17,467
17,468
17,469
17,470
17,471
17,472
17,473
17,474
17,475
17,476
17,477
17,478
17,479
17,480
17,481
17,482
17,483
17,484
17,485
17,486
17,487
17,488
17,489
17,490
17,491
17,492
17,493
17,494
17,495
17,496
17,497
17,498
17,499
17,500
17,501
17,502
17,503
17,504
17,505
17,506
17,507
17,508
17,509
17,510
17,511
17,512
17,513
:20_4,514
:20_4,515
:20_4,516
:20_4,517
:20_4,518
18,519
18,520
18,521
18,522
18,523
18,524
18,525
18,526
18,527
18,528
18,529
18,530
18,531
18,532
18,533
18,534
18,535
18,536
18,537
18,538
18,539
18,540
18,541
18,542
18,543
18,544
18,545
18,546
18,547
18,548
18,549
18,550
18,551
18,552
18,553
18,554
18,555
18,556
18,557
18,558
18,559
18,560
18,561
18,562
18,563
18,564
18,565
18,566
18,567
18,568
18,569
18,570
18,571
18,572
18,573
18,574
18,575
18,576
18,577
18,578
18,579
18,580
18,581
18,582
18,583
18,584
18,585
18,586
18,587
18,588
18,589
18,590
18,591
18,592
18,593
18,594
18,595
18,596
18,597
18,598
18,599
18,600
18,601
18,602
18,603
18,604
18,605
18,606
18,607
18,608
18,609
18,610
18,611
18,612
18,613
18,614
18,615
18,616
18,617
18,618
18,619
18,620
:21_3,621
:21_3,622
:21_3,623
258,624
258,625
258,626
258,627
258,628
258,629
258,630
258,631
258,632
258,633
258,634
258,635
258,636
258,637
258,638
258,639
258,640
258,641
258,642
258,643
258,644
258,645
258,646
258,647
258,648
258,649
258,650
258,651
258,652
258,653
258,654
258,655
258,656
258,657
258,658
258,659
258,660
258,661
258,662
258,663
258,664
258,665
258,666
258,667
258,668
258,669
258,670
258,671
258,672
258,673
258,674
258,675
258,676
258,677
258,678
258,679
258,680
258,681
258,682
:256_3,683
:256_3,684
:256_3,685
:256_3,686
:256_3,687
259,688
259,689
259,690
259,691
259,692
259,693
259,694
259,695
259,696
259,697
259,698
259,699
259,700
259,701
259,702
259,703
259,704
259,705
259,706
259,707
259,708
:157_4,709
:157_4,710
:157_4,711
260,712
260,713
260,714
260,715
260,716
260,717
260,718
260,719
260,720
260,721
260,722
260,723
260,724
260,725
260,726
260,727
260,728
260,729
260,730
260,731
260,732
260,733
260,734
260,735
260,736
260,737
260,738
260,739
260,740
260,741
260,742
260,743
260,744
260,745
260,746
260,747
260,748
260,749
260,750
260,751
260,752
260,753
260,754
260,755
260,756
260,757
260,758
260,759
260,760
260,761
260,762
260,763
260,764
260,765
260,766
260,767
260,768
260,769
260,770
260,771
260,772
260,773
260,774
260,775
260,776
260,777
260,778
260,779
260,780
260,781
260,782
260,783
260,784
260,785
:257_0,786
:257_0,787
-500,788
-500,789
-500,790
-500,791
-500,792
-500,793
-500,794
-500,795
-500,796
-500,797
-500,798
-500,799
-500,800
-500,801
-500,802
-500,803
-500,804
-500,805
-500,806
-500,807
-500,808
-500,809
-500,810
-500,811
-500,812
-500,813
-500,814
-500,815
-500,816
-500,817
-500,818
-500,819
-500,820
-500,821
-500,822
-500,823
-500,824
-500,825
-500,826
-500,827
-500,828
-500,829
-500,830
-500,831
-500,832
:353_3,833
:353_3,834
:353_3,835
-593,836
-593,837
-593,838
-593,839
-593,840
-593,841
-593,842
-593,843
-593,844
-593,845
-593,846
-593,847
-593,848
-593,849
-593,850
-593,851
-593,852
-593,853
-593,854
-593,855
-593,856
-593,857
-593,858
-593,859
-593,860
-593,861
-593,862
-593,863
-593,864
-593,865
-593,866
-593,867
-593,868
-593,869
-593,870
-593,871
-593,872
-593,873
-593,874
-593,875
-593,876
-593,877
-593,878
-593,879
-593,880
-593,881
-593,882
-593,883
-593,884
-593,885
-593,886
-593,887
-593,888
-593,889
-593,890
-593,891
-593,892
-593,893
-593,894
-593,895
-593,896
-593,897
-593,898
-593,899
-593,900
-593,901
-593,902
-593,903
-593,904
-593,905
-593,906
-593,907
-593,908
-593,909
-593,910
-593,911
-593,912
-593,913
-593,914
-593,915
-593,916
-593,917
-593,918
-593,919
-593,920
-593,921
-593,922
-593,923
