79,24
79,25
79,26
79,27
79,28
79,29
79,30
79,31
79,32
79,33
79,34
79,35
79,36
79,37
79,38
79,39
79,40
79,41
79,42
79,43
79,44
79,45
79,46
79,47
79,48
79,49
79,50
79,51
79,52
79,53
79,54
79,55
79,56
79,57
79,58
79,59
79,60
79,61
79,62
79,63
79,64
79,65
79,66
79,67
79,68
79,69
79,70
79,71
79,72
79,73
79,74
79,75
79,76
79,77
79,78
79,79
79,80
79,81
79,82
79,83
79,84
79,85
79,86
79,87
79,88
79,89
79,90
79,91
79,92
79,93
79,94
79,95
79,96
79,97
79,98
79,99
79,100
79,101
79,102
79,103
79,104
79,105
79,106
79,107
79,108
79,109
79,110
79,111
79,112
79,113
79,114
79,115
79,116
79,117
79,118
79,119
79,120
79,121
79,122
79,123
79,124
79,125
79,126
79,127
79,128
79,129
79,130
79,131
79,132
79,133
79,134
79,135
79,136
79,137
79,138
79,139
79,140
79,141
79,142
79,143
79,144
:92_3,145
:92_3,146
:92_3,147
:92_3,148
:92_3,149
:92_3,150
-571,151
-571,152
-571,153
-571,154
-571,155
-571,156
-571,157
-571,158
-571,159
-571,160
-571,161
-571,162
-571,163
-571,164
-571,165
-571,166
-571,167
-571,168
-571,169
-571,170
-571,171
-571,172
-571,173
-571,174
-571,175
-571,176
-571,177
-571,178
-571,179
-571,180
-571,181
-571,182
-571,183
-571,184
-571,185
-571,186
-571,187
-571,188
-571,189
-571,190
-571,191
-571,192
-571,193
-571,194
-571,195
-571,196
-571,197
-571,198
-571,199
-571,200
-571,201
-571,202
-571,203
-571,204
-571,205
-571,206
-571,207
-571,208
-571,209
-571,210
-571,211
-571,212
-571,213
-571,214
-571,215
-571,216
-571,217
-571,218
-571,219
-571,220
-571,221
-571,222
-571,223
-571,224
-571,225
-571,226
-571,227
-571,228
-571,229
-571,230
-571,231
-571,232
-571,233
-571,234
-571,235
-571,236
-571,237
-571,238
-571,239
-571,240
-571,241
-571,242
-571,243
-571,244
-571,245
-571,246
-571,247
-571,248
-571,249
-571,250
-571,251
-571,252
-571,253
-571,254
-571,255
-571,256
-571,257
-571,258
-571,259
-571,260
-571,261
-571,262
-571,263
-571,264
-571,265
-571,266
-571,267
-571,268
-571,269
-571,270
-571,271
-571,272
-571,273
-571,274
-571,275
-571,276
-571,277
-571,278
-571,279
-571,280
-571,281
-571,282
-571,283
-571,284
-571,285
-571,286
-571,287
-571,288
-571,289
-571,290
-571,291
-571,292
-571,293
-571,294
-571,295
-571,296
-571,297
-571,298
-571,299
-571,300
-571,301
-571,302
-571,303
-571,304
-571,305
-571,306
-571,307
-571,308
-571,309
-571,310
-571,311
-571,312
-571,313
-571,314
-571,315
-571,316
-571,317
-571,318
-571,319
-571,320
-571,321
-571,322
-571,323
-571,324
-571,325
-571,326
-571,327
-571,328
-571,329
-571,330
-571,331
-571,332
-571,333
-571,334
-571,335
-571,336
-571,337
-571,338
-571,339
-571,340
-571,341
-571,342
-571,343
-571,344
-571,345
-571,346
-571,347
-571,348
-571,349
-571,350
-571,351
-571,352
-571,353
-571,354
-571,355
-571,356
-571,357
-571,358
-571,359
-571,360
-571,361
-571,362
-571,363
-571,364
-571,365
-571,366
-571,367
-571,368
-571,369
-571,370
-571,371
-571,372
-571,373
-571,374
-571,375
-571,376
-571,377
-571,378
-571,379
-571,380
-571,381
-571,382
-571,383
:99_7,384
:99_7,385
:99_7,386
:99_7,387
:99_7,388
:99_7,389
-570,390
-570,391
-570,392
-570,393
-570,394
-570,395
-570,396
-570,397
-570,398
-570,399
-570,400
-570,401
-570,402
-570,403
-570,404
-570,405
-570,406
-570,407
-570,408
-570,409
-570,410
-570,411
-570,412
-570,413
-570,414
-570,415
-570,416
-570,417
-570,418
-570,419
-570,420
-570,421
-570,422
-570,423
-570,424
-570,425
-570,426
-570,427
-570,428
-570,429
-570,430
-570,431
-570,432
-570,433
-570,434
-570,435
-570,436
-570,437
-570,438
-570,439
-570,440
-570,441
-570,442
-570,443
-570,444
-570,445
-570,446
-570,447
-570,448
-570,449
-570,450
-570,451
-570,452
-570,453
-570,454
-570,455
-570,456
-570,457
-570,458
-570,459
-570,460
-570,461
-570,462
-570,463
-570,464
-570,465
-570,466
-570,467
-570,468
-570,469
-570,470
-570,471
-570,472
-570,473
-570,474
-570,475
-570,476
-570,477
-570,478
-570,479
-570,480
-570,481
-570,482
-570,483
-570,484
-570,485
-570,486
-570,487
-570,488
-570,489
-570,490
-570,491
-570,492
-570,493
-570,494
-570,495
-570,496
-570,497
-570,498
-570,499
-570,500
-570,501
-570,502
-570,503
-570,504
-570,505
-570,506
-570,507
-570,508
-570,509
-570,510
-570,511
-570,512
-570,513
-570,514
-570,515
-570,516
-570,517
-570,518
-570,519
-570,520
-570,521
-570,522
-570,523
-570,524
-570,525
-570,526
-570,527
-570,528
-570,529
-570,530
-570,531
-570,532
-570,533
-570,534
-570,535
-570,536
-570,537
-570,538
-570,539
-570,540
-570,541
-570,542
-570,543
-570,544
-570,545
-570,546
-570,547
-570,548
-570,549
-570,550
-570,551
-570,552
-570,553
-570,554
-570,555
-570,556
-570,557
-570,558
-570,559
-570,560
-570,561
-570,562
-570,563
-570,564
-570,565
-570,566
-570,567
-570,568
-570,569
-570,570
-570,571
-570,572
-570,573
-570,574
-570,575
-570,576
:151_7,577
:151_7,578
:151_7,579
:151_7,580
:151_7,581
:151_7,582
-569,583
-569,584
-569,585
-569,586
-569,587
-569,588
-569,589
-569,590
-569,591
-569,592
-569,593
-569,594
-569,595
-569,596
-569,597
-569,598
-569,599
-569,600
-569,601
-569,602
-569,603
-569,604
-569,605
-569,606
-569,607
-569,608
-569,609
-569,610
-569,611
-569,612
-569,613
-569,614
-569,615
-569,616
-569,617
-569,618
-569,619
-569,620
-569,621
-569,622
-569,623
-569,624
-569,625
-569,626
-569,627
-569,628
-569,629
-569,630
-569,631
-569,632
-569,633
-569,634
-569,635
-569,636
-569,637
-569,638
-569,639
-569,640
-569,641
-569,642
-569,643
-569,644
-569,645
-569,646
-569,647
-569,648
-569,649
-569,650
-569,651
-569,652
-569,653
-569,654
-569,655
-569,656
-569,657
-569,658
-569,659
-569,660
-569,661
-569,662
-569,663
-569,664
-569,665
-569,666
-569,667
-569,668
-569,669
-569,670
-569,671
-569,672
-569,673
-569,674
-569,675
-569,676
-569,677
-569,678
-569,679
-569,680
-569,681
-569,682
-569,683
-569,684
-569,685
-569,686
-569,687
-569,688
-569,689
-569,690
-569,691
-569,692
-569,693
-569,694
-569,695
-569,696
-569,697
-569,698
-569,699
-569,700
-569,701
:64_3,702
:64_3,703
:64_3,704
:64_3,705
:64_3,706
:64_3,707
-56,708
-56,709
-56,710
-56,711
-56,712
-56,713
-56,714
-56,715
-56,716
-56,717
-56,718
-56,719
-56,720
-56,721
-56,722
-56,723
-56,724
-56,725
-56,726
-56,727
-56,728
-56,729
-56,730
-56,731
-56,732
-56,733
-56,734
-56,735
-56,736
-56,737
-56,738
-56,739
-56,740
-56,741
-56,742
-56,743
-56,744
-56,745
-56,746
-56,747
-56,748
-56,749
-56,750
-56,751
-56,752
-56,753
-56,754
-56,755
-56,756
-56,757
-56,758
-56,759
-56,760
-56,761
-56,762
-56,763
-56,764
-56,765
-56,766
-56,767
-56,768
-56,769
-56,770
-56,771
-56,772
-56,773
-56,774
-56,775
-56,776
-56,777
-56,778
-56,779
-56,780
-56,781
-56,782
-56,783
-56,784
-56,785
-56,786
-56,787
-56,788
-56,789
-56,790
-56,791
-56,792
-56,793
-56,794
-56,795
-56,796
-56,797
-56,798
-56,799
-56,800
-56,801
-56,802
-56,803
-56,804
-56,805
-56,806
-56,807
-56,808
-56,809
-56,810
-56,811
-56,812
-56,813
-56,814
-56,815
-56,816
-56,817
-56,818
-56,819
-56,820
-56,821
-56,822
-56,823
-56,824
-56,825
-56,826
-56,827
-56,828
-56,829
-56,830
-56,831
-56,832
-56,833
-56,834
-56,835
-56,836
-56,837
-56,838
-56,839
-56,840
-56,841
-56,842
-56,843
-56,844
-56,845
-56,846
-56,847
-56,848
-56,849
-56,850
-56,851
-56,852
-56,853
-56,854
-56,855
-56,856
-56,857
-56,858
-56,859
-56,860
-56,861
-56,862
-56,863
-56,864
-56,865
-56,866
-56,867
:58_12,868
:58_12,869
:58_12,870
51,871
51,872
51,873
51,874
51,875
51,876
51,877
51,878
51,879
51,880
51,881
51,882
51,883
51,884
51,885
51,886
51,887
51,888
51,889
51,890
51,891
51,892
51,893
51,894
51,895
51,896
51,897
51,898
51,899
51,900
51,901
51,902
51,903
51,904
51,905
51,906
51,907
51,908
51,909
51,910
51,911
51,912
51,913
51,914
51,915
51,916
51,917
51,918
51,919
51,920
51,921
51,922
51,923
51,924
51,925
51,926
51,927
51,928
51,929
51,930
51,931
51,932
51,933
51,934
51,935
51,936
51,937
51,938
51,939
51,940
51,941
51,942
51,943
51,944
51,945
51,946
51,947
51,948
51,949
51,950
51,951
51,952
51,953
51,954
51,955
51,956
51,957
51,958
51,959
51,960
51,961
51,962
51,963
51,964
51,965
